+ git log -3
commit 0a320cb4dcb40f798b6f5016d2095e77f306e3c6
Author: Your Name <you@example.com>
Date:   Wed Apr 20 07:52:49 2022 +1200

    better menu

commit 7e4c4a527df005bacba561626bc6652af8ffc4c0
Author: Your Name <you@example.com>
Date:   Mon Apr 18 10:10:14 2022 +1200

    use relative paths

commit b32af0f70717fcdd7f282af89b4d078b4fe1ff8f
Author: Your Name <you@example.com>
Date:   Sun Apr 17 19:55:56 2022 +1200

    calculate and print total averages
++ cut -d _ -f 2
+ app=taewa
+ export AWS_DEFAULT_REGION=us-east-1
+ AWS_DEFAULT_REGION=us-east-1
+ line===============================
++ date +%FT%T
+ echo '[2022-04-20T20:56:40]==============================[starting' in '/tmp/k8s-vs-ASG/data/cli]=============================='
[2022-04-20T20:56:40]==============================[starting in /tmp/k8s-vs-ASG/data/cli]==============================
+ source 0.setup.sh
++ set -x
++ '[' asg_taewa_3 == k8s_apache_3 ']'
++ '[' asg_taewa_3 == asg_apache_3 ']'
++ '[' asg_taewa_3 == k8s_apache2_3 ']'
++ '[' asg_taewa_3 == k8s_taewa_3 ']'
++ '[' asg_taewa_3 == asg_taewa_3 ']'
++ warmup_url='3000/?n=20000'
++ testing_url='3000/?n=20000'
++ cpu_perc=35
++ warmup_min_threads=15
++ warmup_max_threads=25
++ warmup_cycle_sec=90
++ scaling_minutes=14
++ performance_sec=300
++ max_capacity=3
++ fortio_options='-a -qps -1 -r 0.01 -loglevel Error -allow-initial-errors'
++ '[' asg_taewa_3 == k8s_taewa_3lite ']'
++ '[' asg_taewa_3 == asg_taewa_3lite ']'
++ '[' asg_taewa_3 == k8s_taewa_3extra ']'
++ '[' asg_taewa_3 == asg_taewa_3extra ']'
++ '[' asg_taewa_3 == k8s_taewa_6 ']'
++ '[' asg_taewa_3 == asg_taewa_6 ']'
++ '[' asg_taewa_3 == k8s_riwai_3 ']'
++ '[' asg_taewa_3 == asg_riwai_3 ']'
++ '[' asg_taewa_3 == asg_raupi_3 ']'
++ '[' asg_taewa_3 == k8s_raupi_3 ']'
++ set +x
{
    "Account": "567462993779", 
    "UserId": "AIDAYIH3OD5ZW4MAXH3EA", 
    "Arn": "arn:aws:iam::567462993779:user/ad"
}
[2022-04-20T20:56:45] waiting for instances ...
scaling to 3
{
    "HealthCheck": {
        "HealthyThreshold": 2, 
        "Interval": 10, 
        "Target": "HTTP:3000/?n=20000", 
        "Timeout": 5, 
        "UnhealthyThreshold": 6
    }
}
  % Total    % Received % Xferd  Average Speed   Time    Time     Time  Current
                                 Dload  Upload   Total   Spent    Left  Speed
  0     0    0     0    0     0      0      0 --:--:-- --:--:-- --:--:--     0100    44    0    44    0     0   6203      0 --:--:-- --:--:-- --:--:--  6285
The result of this run is :  5033.3410749560
[2022-04-20T21:01:49]==============================[STATS]
jh CPU load avg:
0.01 0.15 0.10 1/158 2926
i-013542fbb4fec50f3
InService
Healthy
{}
i-0ad8db43f20f86e68
InService
Healthy
{}
i-0dcb6bfe07a502064
InService
Healthy
{}
[2022-04-20T21:01:49]==============================[WARMUP RUN c15]==============================
21:01:49 I logger.go:127> Log level is now 4 Error (was 2 Info)
Fortio 1.19.0 running at -1 queries per second, 2->2 procs, for 1m30s: http://asg-1-lb-423778270.us-east-1.elb.amazonaws.com:3000/?n=20000
Aggregated Function Time : count 183594 avg 0.007353087 +/- 0.002647 min 0.001647509 max 0.049168079 sum 1349.98265
# target 50% 0.00707807
# target 75% 0.00979339
# target 90% 0.0156937
# target 99% 0.019606
# target 99.9% 0.0199973
Sockets used: 15 (for perfect keepalive, would be 15)
Jitter: false
Code 200 : 183594 (100.0 %)
All done 183594 calls (plus 15 warmup) 7.353 ms avg, 2039.8 qps
Successfully wrote 2322 bytes of Json data to 2022-04-20-210149_asg_taewa_3_warmup_15.json
fortio exit code: 0
[2022-04-20T21:03:19]==============================[STATS]
jh CPU load avg:
0.15 0.17 0.11 1/158 2943
i-013542fbb4fec50f3
InService
Healthy
{}
i-0ad8db43f20f86e68
InService
Healthy
{}
i-0dcb6bfe07a502064
InService
Healthy
{}
[2022-04-20T21:04:20]==============================[STATS]
jh CPU load avg:
0.05 0.13 0.10 1/158 2952
i-013542fbb4fec50f3
InService
Healthy
{}
i-0ad8db43f20f86e68
InService
Healthy
{}
i-0dcb6bfe07a502064
InService
Healthy
{}
[2022-04-20T21:04:21]==============================[WARMUP RUN c16]==============================
21:04:21 I logger.go:127> Log level is now 4 Error (was 2 Info)
Fortio 1.19.0 running at -1 queries per second, 2->2 procs, for 1m30s: http://asg-1-lb-423778270.us-east-1.elb.amazonaws.com:3000/?n=20000
Aggregated Function Time : count 552562 avg 0.002605834 +/- 0.001324 min 0.001367978 max 0.208013109 sum 1439.88486
# target 50% 0.00569146
# target 75% 0.00785321
# target 90% 0.00915026
# target 99% 0.00992849
# target 99.9% 0.0146213
Sockets used: 16 (for perfect keepalive, would be 16)
Jitter: false
Code 200 : 552562 (100.0 %)
All done 552562 calls (plus 16 warmup) 2.606 ms avg, 6139.3 qps
Successfully wrote 2561 bytes of Json data to 2022-04-20-210421_asg_taewa_3_warmup_16.json
fortio exit code: 0
[2022-04-20T21:05:51]==============================[STATS]
jh CPU load avg:
0.36 0.21 0.12 1/158 2970
i-013542fbb4fec50f3
InService
Healthy
{}
i-0ad8db43f20f86e68
InService
Healthy
{}
i-0dcb6bfe07a502064
InService
Healthy
{}
[2022-04-20T21:06:51]==============================[STATS]
jh CPU load avg:
0.13 0.17 0.11 1/157 2980
i-013542fbb4fec50f3
InService
Healthy
{}
i-0ad8db43f20f86e68
InService
Healthy
{}
i-0dcb6bfe07a502064
InService
Healthy
{}
[2022-04-20T21:06:52]==============================[WARMUP RUN c17]==============================
21:06:52 I logger.go:127> Log level is now 4 Error (was 2 Info)
Fortio 1.19.0 running at -1 queries per second, 2->2 procs, for 1m30s: http://asg-1-lb-423778270.us-east-1.elb.amazonaws.com:3000/?n=20000
Aggregated Function Time : count 552198 avg 0.0027705435 +/- 0.001459 min 0.00143372 max 0.025170456 sum 1529.88861
# target 50% 0.00572152
# target 75% 0.00786543
# target 90% 0.00915177
# target 99% 0.00992358
# target 99.9% 0.0108443
Sockets used: 17 (for perfect keepalive, would be 17)
Jitter: false
Code 200 : 552198 (100.0 %)
All done 552198 calls (plus 17 warmup) 2.771 ms avg, 6135.2 qps
Successfully wrote 2084 bytes of Json data to 2022-04-20-210652_asg_taewa_3_warmup_17.json
fortio exit code: 0
[2022-04-20T21:08:22]==============================[STATS]
jh CPU load avg:
0.37 0.22 0.13 1/158 2997
i-013542fbb4fec50f3
InService
Healthy
{}
i-0ad8db43f20f86e68
InService
Healthy
{}
i-0dcb6bfe07a502064
InService
Healthy
{}
[2022-04-20T21:09:23]==============================[STATS]
jh CPU load avg:
0.14 0.17 0.12 1/158 3006
i-013542fbb4fec50f3
InService
Healthy
{}
i-0ad8db43f20f86e68
InService
Healthy
{}
i-0dcb6bfe07a502064
InService
Healthy
{}
[2022-04-20T21:09:24]==============================[WARMUP RUN c18]==============================
21:09:24 I logger.go:127> Log level is now 4 Error (was 2 Info)
Fortio 1.19.0 running at -1 queries per second, 2->2 procs, for 1m30s: http://asg-1-lb-423778270.us-east-1.elb.amazonaws.com:3000/?n=20000
Aggregated Function Time : count 552781 avg 0.002930428 +/- 0.001535 min 0.00141964 max 0.212524913 sum 1619.88492
# target 50% 0.00571798
# target 75% 0.00786715
# target 90% 0.00915666
# target 99% 0.00993036
# target 99.9% 0.0151848
Sockets used: 18 (for perfect keepalive, would be 18)
Jitter: false
Code 200 : 552781 (100.0 %)
All done 552781 calls (plus 18 warmup) 2.930 ms avg, 6141.7 qps
Successfully wrote 2905 bytes of Json data to 2022-04-20-210924_asg_taewa_3_warmup_18.json
fortio exit code: 0
[2022-04-20T21:10:54]==============================[STATS]
jh CPU load avg:
0.13 0.17 0.12 1/160 3033
i-013542fbb4fec50f3
InService
Healthy
{}
i-0ad8db43f20f86e68
InService
Healthy
{}
i-0dcb6bfe07a502064
InService
Healthy
{}
[2022-04-20T21:11:54]==============================[STATS]
jh CPU load avg:
0.04 0.13 0.10 1/160 3047
i-013542fbb4fec50f3
InService
Healthy
{}
i-0ad8db43f20f86e68
InService
Healthy
{}
i-0dcb6bfe07a502064
InService
Healthy
{}
[2022-04-20T21:11:55]==============================[WARMUP RUN c19]==============================
21:11:55 I logger.go:127> Log level is now 4 Error (was 2 Info)
Fortio 1.19.0 running at -1 queries per second, 2->2 procs, for 1m30s: http://asg-1-lb-423778270.us-east-1.elb.amazonaws.com:3000/?n=20000
Aggregated Function Time : count 555695 avg 0.0030770054 +/- 0.001553 min 0.001392775 max 0.061189845 sum 1709.87653
# target 50% 0.0057097
# target 75% 0.00786817
# target 90% 0.00916326
# target 99% 0.00994031
# target 99.9% 0.0187826
Sockets used: 19 (for perfect keepalive, would be 19)
Jitter: false
Code 200 : 555695 (100.0 %)
All done 555695 calls (plus 19 warmup) 3.077 ms avg, 6174.1 qps
Successfully wrote 2563 bytes of Json data to 2022-04-20-211155_asg_taewa_3_warmup_19.json
fortio exit code: 0
[2022-04-20T21:13:25]==============================[STATS]
jh CPU load avg:
0.01 0.10 0.09 1/160 3065
i-013542fbb4fec50f3
InService
Healthy
{}
i-0ad8db43f20f86e68
InService
Healthy
{}
i-0dcb6bfe07a502064
InService
Healthy
{}
[2022-04-20T21:14:26]==============================[STATS]
jh CPU load avg:
0.00 0.08 0.08 1/160 3074
i-013542fbb4fec50f3
InService
Healthy
{}
i-0ad8db43f20f86e68
InService
Healthy
{}
i-0dcb6bfe07a502064
InService
Healthy
{}
[2022-04-20T21:14:27]==============================[WARMUP RUN c20]==============================
21:14:27 I logger.go:127> Log level is now 4 Error (was 2 Info)
Fortio 1.19.0 running at -1 queries per second, 2->2 procs, for 1m30s: http://asg-1-lb-423778270.us-east-1.elb.amazonaws.com:3000/?n=20000
Aggregated Function Time : count 549864 avg 0.0032733418 +/- 0.001614 min 0.001462389 max 0.029291791 sum 1799.89282
# target 50% 0.00574527
# target 75% 0.00788672
# target 90% 0.00917159
# target 99% 0.00994251
# target 99.9% 0.0173878
Sockets used: 20 (for perfect keepalive, would be 20)
Jitter: false
Code 200 : 549864 (100.0 %)
All done 549864 calls (plus 20 warmup) 3.273 ms avg, 6109.3 qps
Successfully wrote 2089 bytes of Json data to 2022-04-20-211427_asg_taewa_3_warmup_20.json
fortio exit code: 0
[2022-04-20T21:15:57]==============================[STATS]
jh CPU load avg:
0.20 0.12 0.10 1/158 3092
i-013542fbb4fec50f3
InService
Healthy
{}
i-0ad8db43f20f86e68
InService
Healthy
{}
i-0dcb6bfe07a502064
InService
Healthy
{}
[2022-04-20T21:16:57]==============================[STATS]
jh CPU load avg:
0.07 0.10 0.09 1/158 3102
i-013542fbb4fec50f3
InService
Healthy
{}
i-0ad8db43f20f86e68
InService
Healthy
{}
i-0dcb6bfe07a502064
InService
Healthy
{}
[2022-04-20T21:16:58]==============================[WARMUP RUN c21]==============================
21:16:58 I logger.go:127> Log level is now 4 Error (was 2 Info)
Fortio 1.19.0 running at -1 queries per second, 2->2 procs, for 1m30s: http://asg-1-lb-423778270.us-east-1.elb.amazonaws.com:3000/?n=20000
Aggregated Function Time : count 547615 avg 0.0034511493 +/- 0.001589 min 0.001453923 max 0.207710967 sum 1889.90113
# target 50% 0.00573749
# target 75% 0.00787928
# target 90% 0.00916436
# target 99% 0.0099354
# target 99.9% 0.0163393
Sockets used: 21 (for perfect keepalive, would be 21)
Jitter: false
Code 200 : 547615 (100.0 %)
All done 547615 calls (plus 21 warmup) 3.451 ms avg, 6084.3 qps
Successfully wrote 2324 bytes of Json data to 2022-04-20-211658_asg_taewa_3_warmup_21.json
fortio exit code: 0
[2022-04-20T21:18:28]==============================[STATS]
jh CPU load avg:
0.24 0.15 0.11 1/158 3120
i-013542fbb4fec50f3
InService
Healthy
{}
i-0ad8db43f20f86e68
InService
Healthy
{}
i-0dcb6bfe07a502064
InService
Healthy
{}
[2022-04-20T21:19:29]==============================[STATS]
jh CPU load avg:
0.09 0.12 0.09 1/158 3179
i-013542fbb4fec50f3
InService
Healthy
{}
i-0ad8db43f20f86e68
InService
Healthy
{}
i-0dcb6bfe07a502064
InService
Healthy
{}
[2022-04-20T21:19:29]==============================[WARMUP RUN c22]==============================
21:19:29 I logger.go:127> Log level is now 4 Error (was 2 Info)
Fortio 1.19.0 running at -1 queries per second, 2->2 procs, for 1m30s: http://asg-1-lb-423778270.us-east-1.elb.amazonaws.com:3000/?n=20000
Aggregated Function Time : count 549138 avg 0.0036054664 +/- 0.001771 min 0.001395603 max 0.036013304 sum 1979.89859
# target 50% 0.00571189
# target 75% 0.00787004
# target 90% 0.00916493
# target 99% 0.00994186
# target 99.9% 0.0172997
Sockets used: 22 (for perfect keepalive, would be 22)
Jitter: false
Code 200 : 549138 (100.0 %)
All done 549138 calls (plus 22 warmup) 3.605 ms avg, 6101.2 qps
Successfully wrote 2208 bytes of Json data to 2022-04-20-211929_asg_taewa_3_warmup_22.json
fortio exit code: 0
[2022-04-20T21:20:59]==============================[STATS]
jh CPU load avg:
0.19 0.15 0.10 1/160 3204
i-013542fbb4fec50f3
InService
Healthy
{}
i-0ad8db43f20f86e68
InService
Healthy
{}
i-0dcb6bfe07a502064
InService
Healthy
{}
[2022-04-20T21:22:00]==============================[STATS]
jh CPU load avg:
0.07 0.12 0.09 1/160 3214
i-013542fbb4fec50f3
InService
Healthy
{}
i-0ad8db43f20f86e68
InService
Healthy
{}
i-0dcb6bfe07a502064
InService
Healthy
{}
[2022-04-20T21:22:01]==============================[WARMUP RUN c23]==============================
21:22:01 I logger.go:127> Log level is now 4 Error (was 2 Info)
Fortio 1.19.0 running at -1 queries per second, 2->2 procs, for 1m30s: http://asg-1-lb-423778270.us-east-1.elb.amazonaws.com:3000/?n=20000
Aggregated Function Time : count 547695 avg 0.0037793056 +/- 0.002016 min 0.001431946 max 0.037900968 sum 2069.90677
# target 50% 0.0057366
# target 75% 0.00788894
# target 90% 0.00918034
# target 99% 0.00995519
# target 99.9% 0.0182211
Sockets used: 23 (for perfect keepalive, would be 23)
Jitter: false
Code 200 : 547695 (100.0 %)
All done 547695 calls (plus 23 warmup) 3.779 ms avg, 6085.1 qps
Successfully wrote 2210 bytes of Json data to 2022-04-20-212201_asg_taewa_3_warmup_23.json
fortio exit code: 0
[2022-04-20T21:23:31]==============================[STATS]
jh CPU load avg:
0.08 0.11 0.09 1/160 3232
i-013542fbb4fec50f3
InService
Healthy
{}
i-0ad8db43f20f86e68
InService
Healthy
{}
i-0dcb6bfe07a502064
InService
Healthy
{}
[2022-04-20T21:24:31]==============================[STATS]
jh CPU load avg:
0.03 0.09 0.08 1/160 3241
i-013542fbb4fec50f3
InService
Healthy
{}
i-0ad8db43f20f86e68
InService
Healthy
{}
i-0dcb6bfe07a502064
InService
Healthy
{}
[2022-04-20T21:24:32]==============================[WARMUP RUN c24]==============================
21:24:32 I logger.go:127> Log level is now 4 Error (was 2 Info)
Fortio 1.19.0 running at -1 queries per second, 2->2 procs, for 1m30s: http://asg-1-lb-423778270.us-east-1.elb.amazonaws.com:3000/?n=20000
Aggregated Function Time : count 546132 avg 0.0039549556 +/- 0.00213 min 0.001446687 max 0.099801454 sum 2159.92783
# target 50% 0.00574541
# target 75% 0.00789479
# target 90% 0.00918441
# target 99% 0.00995818
# target 99.9% 0.0193535
Sockets used: 24 (for perfect keepalive, would be 24)
Jitter: false
Code 200 : 546132 (100.0 %)
All done 546132 calls (plus 24 warmup) 3.955 ms avg, 6067.7 qps
Successfully wrote 2680 bytes of Json data to 2022-04-20-212432_asg_taewa_3_warmup_24.json
fortio exit code: 0
[2022-04-20T21:26:02]==============================[STATS]
jh CPU load avg:
0.32 0.16 0.11 1/163 3630
i-013542fbb4fec50f3
InService
Healthy
{}
i-0ad8db43f20f86e68
InService
Healthy
{}
i-0dcb6bfe07a502064
InService
Healthy
{}
[2022-04-20T21:27:03]==============================[STATS]
jh CPU load avg:
0.53 0.27 0.15 1/158 32757
i-013542fbb4fec50f3
InService
Healthy
{}
i-0ad8db43f20f86e68
InService
Healthy
{}
i-0dcb6bfe07a502064
InService
Healthy
{}
[2022-04-20T21:27:04]==============================[WARMUP RUN c25]==============================
21:27:04 I logger.go:127> Log level is now 4 Error (was 2 Info)
Fortio 1.19.0 running at -1 queries per second, 2->2 procs, for 1m30s: http://asg-1-lb-423778270.us-east-1.elb.amazonaws.com:3000/?n=20000
Aggregated Function Time : count 549066 avg 0.0040977131 +/- 0.001978 min 0.001485874 max 0.219629958 sum 2249.91496
# target 50% 0.0057656
# target 75% 0.00790546
# target 90% 0.00918939
# target 99% 0.00995974
# target 99.9% 0.0186566
Sockets used: 25 (for perfect keepalive, would be 25)
Jitter: false
Code 200 : 549066 (100.0 %)
All done 549066 calls (plus 25 warmup) 4.098 ms avg, 6100.4 qps
Successfully wrote 2443 bytes of Json data to 2022-04-20-212704_asg_taewa_3_warmup_25.json
fortio exit code: 0
[2022-04-20T21:28:34]==============================[STATS]
jh CPU load avg:
0.27 0.24 0.15 1/157 306
i-013542fbb4fec50f3
InService
Healthy
{}
i-0ad8db43f20f86e68
InService
Healthy
{}
i-0dcb6bfe07a502064
InService
Healthy
{}
{
    "LoadBalancerDescriptions": [
        {
            "Subnets": [
                "subnet-03d2ec4f76964a5dc", 
                "subnet-06421e6e2698d1873"
            ], 
            "CanonicalHostedZoneNameID": "Z35SXDOTRQ7X7K", 
            "CanonicalHostedZoneName": "asg-1-lb-423778270.us-east-1.elb.amazonaws.com", 
            "ListenerDescriptions": [
                {
                    "Listener": {
                        "InstancePort": 3000, 
                        "LoadBalancerPort": 3000, 
                        "Protocol": "TCP", 
                        "InstanceProtocol": "TCP"
                    }, 
                    "PolicyNames": []
                }, 
                {
                    "Listener": {
                        "InstancePort": 80, 
                        "LoadBalancerPort": 80, 
                        "Protocol": "TCP", 
                        "InstanceProtocol": "TCP"
                    }, 
                    "PolicyNames": []
                }
            ], 
            "HealthCheck": {
                "HealthyThreshold": 2, 
                "Interval": 10, 
                "Target": "HTTP:3000/?n=20000", 
                "Timeout": 5, 
                "UnhealthyThreshold": 6
            }, 
            "VPCId": "vpc-07719afbdad3bd7d8", 
            "BackendServerDescriptions": [], 
            "Instances": [
                {
                    "InstanceId": "i-013542fbb4fec50f3"
                }, 
                {
                    "InstanceId": "i-0dcb6bfe07a502064"
                }, 
                {
                    "InstanceId": "i-0ad8db43f20f86e68"
                }
            ], 
            "DNSName": "asg-1-lb-423778270.us-east-1.elb.amazonaws.com", 
            "SecurityGroups": [
                "sg-06cd427d8ac984048"
            ], 
            "Policies": {
                "LBCookieStickinessPolicies": [], 
                "AppCookieStickinessPolicies": [], 
                "OtherPolicies": []
            }, 
            "LoadBalancerName": "asg-1-lb", 
            "CreatedTime": "2022-04-20T20:52:44.910Z", 
            "AvailabilityZones": [
                "us-east-1b", 
                "us-east-1a"
            ], 
            "Scheme": "internet-facing", 
            "SourceSecurityGroup": {
                "OwnerAlias": "567462993779", 
                "GroupName": "asg-1-ALBSecurityGroup-13PLGWOQI7L7G"
            }
        }
    ]
}
{
    "AutoScalingGroups": [
        {
            "AutoScalingGroupARN": "arn:aws:autoscaling:us-east-1:567462993779:autoScalingGroup:d6fb421e-2fc3-4c05-94bc-6703abc88fe9:autoScalingGroupName/asg-1-myASG", 
            "ServiceLinkedRoleARN": "arn:aws:iam::567462993779:role/aws-service-role/autoscaling.amazonaws.com/AWSServiceRoleForAutoScaling", 
            "TargetGroupARNs": [], 
            "SuspendedProcesses": [], 
            "LaunchTemplate": {
                "LaunchTemplateName": "asg-1-launch-template", 
                "Version": "1", 
                "LaunchTemplateId": "lt-091ed80b4ce368689"
            }, 
            "Tags": [
                {
                    "ResourceType": "auto-scaling-group", 
                    "ResourceId": "asg-1-myASG", 
                    "PropagateAtLaunch": true, 
                    "Value": "asg-1-instance", 
                    "Key": "Name"
                }, 
                {
                    "ResourceType": "auto-scaling-group", 
                    "ResourceId": "asg-1-myASG", 
                    "PropagateAtLaunch": false, 
                    "Value": "WebServerGroup", 
                    "Key": "Purpose"
                }, 
                {
                    "ResourceType": "auto-scaling-group", 
                    "ResourceId": "asg-1-myASG", 
                    "PropagateAtLaunch": true, 
                    "Value": "myASG", 
                    "Key": "aws:cloudformation:logical-id"
                }, 
                {
                    "ResourceType": "auto-scaling-group", 
                    "ResourceId": "asg-1-myASG", 
                    "PropagateAtLaunch": true, 
                    "Value": "arn:aws:cloudformation:us-east-1:567462993779:stack/asg-1/caa98e80-c0eb-11ec-bd06-0af40d247689", 
                    "Key": "aws:cloudformation:stack-id"
                }, 
                {
                    "ResourceType": "auto-scaling-group", 
                    "ResourceId": "asg-1-myASG", 
                    "PropagateAtLaunch": true, 
                    "Value": "asg-1", 
                    "Key": "aws:cloudformation:stack-name"
                }
            ], 
            "EnabledMetrics": [
                {
                    "Metric": "GroupPendingCapacity", 
                    "Granularity": "1Minute"
                }, 
                {
                    "Metric": "GroupInServiceInstances", 
                    "Granularity": "1Minute"
                }, 
                {
                    "Metric": "WarmPoolTotalCapacity", 
                    "Granularity": "1Minute"
                }, 
                {
                    "Metric": "WarmPoolTerminatingCapacity", 
                    "Granularity": "1Minute"
                }, 
                {
                    "Metric": "GroupPendingInstances", 
                    "Granularity": "1Minute"
                }, 
                {
                    "Metric": "GroupTotalInstances", 
                    "Granularity": "1Minute"
                }, 
                {
                    "Metric": "GroupDesiredCapacity", 
                    "Granularity": "1Minute"
                }, 
                {
                    "Metric": "GroupStandbyCapacity", 
                    "Granularity": "1Minute"
                }, 
                {
                    "Metric": "GroupTerminatingInstances", 
                    "Granularity": "1Minute"
                }, 
                {
                    "Metric": "GroupMinSize", 
                    "Granularity": "1Minute"
                }, 
                {
                    "Metric": "WarmPoolWarmedCapacity", 
                    "Granularity": "1Minute"
                }, 
                {
                    "Metric": "GroupTotalCapacity", 
                    "Granularity": "1Minute"
                }, 
                {
                    "Metric": "GroupTerminatingCapacity", 
                    "Granularity": "1Minute"
                }, 
                {
                    "Metric": "WarmPoolDesiredCapacity", 
                    "Granularity": "1Minute"
                }, 
                {
                    "Metric": "GroupAndWarmPoolTotalCapacity", 
                    "Granularity": "1Minute"
                }, 
                {
                    "Metric": "GroupStandbyInstances", 
                    "Granularity": "1Minute"
                }, 
                {
                    "Metric": "WarmPoolPendingCapacity", 
                    "Granularity": "1Minute"
                }, 
                {
                    "Metric": "WarmPoolMinSize", 
                    "Granularity": "1Minute"
                }, 
                {
                    "Metric": "GroupAndWarmPoolDesiredCapacity", 
                    "Granularity": "1Minute"
                }, 
                {
                    "Metric": "GroupInServiceCapacity", 
                    "Granularity": "1Minute"
                }, 
                {
                    "Metric": "GroupMaxSize", 
                    "Granularity": "1Minute"
                }
            ], 
            "TerminationPolicies": [
                "Default"
            ], 
            "AutoScalingGroupName": "asg-1-myASG", 
            "DefaultCooldown": 300, 
            "MinSize": 1, 
            "Instances": [
                {
                    "ProtectedFromScaleIn": false, 
                    "AvailabilityZone": "us-east-1b", 
                    "LaunchTemplate": {
                        "LaunchTemplateName": "asg-1-launch-template", 
                        "Version": "1", 
                        "LaunchTemplateId": "lt-091ed80b4ce368689"
                    }, 
                    "InstanceId": "i-013542fbb4fec50f3", 
                    "HealthStatus": "Healthy", 
                    "LifecycleState": "InService", 
                    "InstanceType": "t3.medium"
                }, 
                {
                    "ProtectedFromScaleIn": false, 
                    "AvailabilityZone": "us-east-1b", 
                    "LaunchTemplate": {
                        "LaunchTemplateName": "asg-1-launch-template", 
                        "Version": "1", 
                        "LaunchTemplateId": "lt-091ed80b4ce368689"
                    }, 
                    "InstanceId": "i-0ad8db43f20f86e68", 
                    "HealthStatus": "Healthy", 
                    "LifecycleState": "InService", 
                    "InstanceType": "t3.medium"
                }, 
                {
                    "ProtectedFromScaleIn": false, 
                    "AvailabilityZone": "us-east-1a", 
                    "LaunchTemplate": {
                        "LaunchTemplateName": "asg-1-launch-template", 
                        "Version": "1", 
                        "LaunchTemplateId": "lt-091ed80b4ce368689"
                    }, 
                    "InstanceId": "i-0dcb6bfe07a502064", 
                    "HealthStatus": "Healthy", 
                    "LifecycleState": "InService", 
                    "InstanceType": "t3.medium"
                }
            ], 
            "MaxSize": 3, 
            "VPCZoneIdentifier": "subnet-03d2ec4f76964a5dc,subnet-06421e6e2698d1873", 
            "HealthCheckGracePeriod": 300, 
            "LoadBalancerNames": [
                "asg-1-lb"
            ], 
            "CreatedTime": "2022-04-20T20:55:10.528Z", 
            "AvailabilityZones": [
                "us-east-1a", 
                "us-east-1b"
            ], 
            "HealthCheckType": "EC2", 
            "NewInstancesProtectedFromScaleIn": false, 
            "DesiredCapacity": 3
        }
    ]
}
[2022-04-20T21:29:37]==============================[PERFORMANCE CHUNK RUN 26]==============================
[2022-04-20T21:30:37]==============================[STATS]
jh CPU load avg:
0.03 0.15 0.12 1/159 340
i-013542fbb4fec50f3
InService
Healthy
{}
i-0ad8db43f20f86e68
InService
Healthy
{}
i-0dcb6bfe07a502064
InService
Healthy
{}
21:30:37 I logger.go:127> Log level is now 4 Error (was 2 Info)
Fortio 1.19.0 running at -1 queries per second, 2->2 procs, for 1m0s: http://asg-1-lb-423778270.us-east-1.elb.amazonaws.com:3000/?n=20000
Aggregated Function Time : count 366939 avg 0.0040877328 +/- 0.002173 min 0.001421053 max 0.047137138 sum 1499.94858
# target 50% 0.00580782
# target 75% 0.00800121
# target 90% 0.00931725
# target 99% 0.0155654
# target 99.9% 0.0196776
Sockets used: 25 (for perfect keepalive, would be 25)
Jitter: false
Code 200 : 366939 (100.0 %)
All done 366939 calls (plus 25 warmup) 4.088 ms avg, 6115.0 qps
Successfully wrote 2336 bytes of Json data to 2022-04-20-213038_asg_taewa_3_performance_chunk_26_1.json
fortio exit code: 0
[2022-04-20T21:31:38]==============================[STATS]
jh CPU load avg:
0.08 0.15 0.12 1/159 357
i-013542fbb4fec50f3
InService
Healthy
{}
i-0ad8db43f20f86e68
InService
Healthy
{}
i-0dcb6bfe07a502064
InService
Healthy
{}
21:31:38 I logger.go:127> Log level is now 4 Error (was 2 Info)
Fortio 1.19.0 running at -1 queries per second, 2->2 procs, for 1m0s: http://asg-1-lb-423778270.us-east-1.elb.amazonaws.com:3000/?n=20000
Aggregated Function Time : count 369014 avg 0.0040647782 +/- 0.002135 min 0.001432307 max 0.211541586 sum 1499.96006
# target 50% 0.00580201
# target 75% 0.00798687
# target 90% 0.00929778
# target 99% 0.014921
# target 99.9% 0.0195108
Sockets used: 25 (for perfect keepalive, would be 25)
Jitter: false
Code 200 : 369014 (100.0 %)
All done 369014 calls (plus 25 warmup) 4.065 ms avg, 6149.6 qps
Successfully wrote 2214 bytes of Json data to 2022-04-20-213138_asg_taewa_3_performance_chunk_26_2.json
fortio exit code: 0
[2022-04-20T21:32:38]==============================[STATS]
jh CPU load avg:
0.54 0.27 0.17 1/159 373
i-013542fbb4fec50f3
InService
Healthy
{}
i-0ad8db43f20f86e68
InService
Healthy
{}
i-0dcb6bfe07a502064
InService
Healthy
{}
21:32:39 I logger.go:127> Log level is now 4 Error (was 2 Info)
Fortio 1.19.0 running at -1 queries per second, 2->2 procs, for 1m0s: http://asg-1-lb-423778270.us-east-1.elb.amazonaws.com:3000/?n=20000
Aggregated Function Time : count 368991 avg 0.0040650118 +/- 0.002151 min 0.001450701 max 0.215080518 sum 1499.95276
# target 50% 0.00580871
# target 75% 0.00798773
# target 90% 0.00929514
# target 99% 0.0147986
# target 99.9% 0.0195286
Sockets used: 25 (for perfect keepalive, would be 25)
Jitter: false
Code 200 : 368991 (100.0 %)
All done 368991 calls (plus 25 warmup) 4.065 ms avg, 6149.2 qps
Successfully wrote 2217 bytes of Json data to 2022-04-20-213239_asg_taewa_3_performance_chunk_26_3.json
fortio exit code: 0
[2022-04-20T21:33:39]==============================[STATS]
jh CPU load avg:
0.30 0.25 0.17 1/159 389
i-013542fbb4fec50f3
InService
Healthy
{}
i-0ad8db43f20f86e68
InService
Healthy
{}
i-0dcb6bfe07a502064
InService
Healthy
{}
21:33:39 I logger.go:127> Log level is now 4 Error (was 2 Info)
Fortio 1.19.0 running at -1 queries per second, 2->2 procs, for 1m0s: http://asg-1-lb-423778270.us-east-1.elb.amazonaws.com:3000/?n=20000
Aggregated Function Time : count 369050 avg 0.0040643826 +/- 0.002139 min 0.001438136 max 0.216103621 sum 1499.9604
# target 50% 0.00581125
# target 75% 0.00799781
# target 90% 0.00930975
# target 99% 0.0152673
# target 99.9% 0.0195453
Sockets used: 25 (for perfect keepalive, would be 25)
Jitter: false
Code 200 : 369050 (100.0 %)
All done 369050 calls (plus 25 warmup) 4.064 ms avg, 6150.2 qps
Successfully wrote 2216 bytes of Json data to 2022-04-20-213340_asg_taewa_3_performance_chunk_26_4.json
fortio exit code: 0
[2022-04-20T21:34:40]==============================[STATS]
jh CPU load avg:
0.23 0.25 0.17 1/159 406
i-013542fbb4fec50f3
InService
Healthy
{}
i-0ad8db43f20f86e68
InService
Healthy
{}
i-0dcb6bfe07a502064
InService
Healthy
{}
21:34:40 I logger.go:127> Log level is now 4 Error (was 2 Info)
Fortio 1.19.0 running at -1 queries per second, 2->2 procs, for 1m0s: http://asg-1-lb-423778270.us-east-1.elb.amazonaws.com:3000/?n=20000
Aggregated Function Time : count 365322 avg 0.0041058502 +/- 0.002008 min 0.00143029 max 0.047294153 sum 1499.95739
# target 50% 0.00574061
# target 75% 0.00789578
# target 90% 0.00918888
# target 99% 0.00996474
# target 99.9% 0.0190911
Sockets used: 25 (for perfect keepalive, would be 25)
Jitter: false
Code 200 : 365322 (100.0 %)
All done 365322 calls (plus 25 warmup) 4.106 ms avg, 6087.9 qps
Successfully wrote 2336 bytes of Json data to 2022-04-20-213440_asg_taewa_3_performance_chunk_26_5.json
fortio exit code: 0
[2022-04-20T21:36:40]==============================[STATS]
jh CPU load avg:
0.04 0.17 0.16 1/158 425
i-013542fbb4fec50f3
InService
Healthy
{}
i-0ad8db43f20f86e68
InService
Healthy
{}
i-0dcb6bfe07a502064
InService
Healthy
{}
[2022-04-20T21:36:41]==============================[PERFORMANCE RUN 1]==============================
21:36:41 I logger.go:127> Log level is now 4 Error (was 2 Info)
Fortio 1.19.0 running at -1 queries per second, 2->2 procs, for 5m0s: http://asg-1-lb-423778270.us-east-1.elb.amazonaws.com:3000/?n=20000
Aggregated Function Time : count 1842950 avg 0.0040693581 +/- 0.002169 min 0.001415926 max 0.209172907 sum 7499.62359
# target 50% 0.00580481
# target 75% 0.00799925
# target 90% 0.00931592
# target 99% 0.0155569
# target 99.9% 0.0197016
Sockets used: 25 (for perfect keepalive, would be 25)
Jitter: false
Code 200 : 1842950 (100.0 %)
All done 1842950 calls (plus 25 warmup) 4.069 ms avg, 6142.9 qps
Successfully wrote 2809 bytes of Json data to 2022-04-20-213641_asg_taewa_3_performance_1.json
fortio exit code: 0
[2022-04-20T21:41:41]==============================[STATS]
jh CPU load avg:
0.19 0.25 0.19 1/159 455
i-013542fbb4fec50f3
InService
Healthy
{}
i-0ad8db43f20f86e68
InService
Healthy
{}
i-0dcb6bfe07a502064
InService
Healthy
{}
[2022-04-20T21:42:42]==============================[STATS]
jh CPU load avg:
0.07 0.20 0.18 1/159 465
i-013542fbb4fec50f3
InService
Healthy
{}
i-0ad8db43f20f86e68
InService
Healthy
{}
i-0dcb6bfe07a502064
InService
Healthy
{}
[2022-04-20T21:42:42]==============================[PERFORMANCE RUN 2]==============================
21:42:42 I logger.go:127> Log level is now 4 Error (was 2 Info)
Fortio 1.19.0 running at -1 queries per second, 2->2 procs, for 5m0s: http://asg-1-lb-423778270.us-east-1.elb.amazonaws.com:3000/?n=20000
Aggregated Function Time : count 1832255 avg 0.0040930702 +/- 0.001976 min 0.001410324 max 0.358520993 sum 7499.54834
# target 50% 0.00572289
# target 75% 0.00787917
# target 90% 0.00917294
# target 99% 0.0099492
# target 99.9% 0.0181437
Sockets used: 25 (for perfect keepalive, would be 25)
Jitter: false
Code 200 : 1832255 (100.0 %)
All done 1832255 calls (plus 25 warmup) 4.093 ms avg, 6107.4 qps
Successfully wrote 2710 bytes of Json data to 2022-04-20-214243_asg_taewa_3_performance_2.json
fortio exit code: 0
[2022-04-20T21:47:43]==============================[STATS]
jh CPU load avg:
0.52 0.31 0.22 1/158 497
i-013542fbb4fec50f3
InService
Healthy
{}
i-0ad8db43f20f86e68
InService
Healthy
{}
i-0dcb6bfe07a502064
InService
Healthy
{}
[2022-04-20T21:48:43]==============================[STATS]
jh CPU load avg:
0.19 0.25 0.20 1/158 558
i-013542fbb4fec50f3
InService
Healthy
{}
i-0ad8db43f20f86e68
InService
Healthy
{}
i-0dcb6bfe07a502064
InService
Healthy
{}
[2022-04-20T21:48:44]==============================[PERFORMANCE RUN 3]==============================
21:48:44 I logger.go:127> Log level is now 4 Error (was 2 Info)
Fortio 1.19.0 running at -1 queries per second, 2->2 procs, for 5m0s: http://asg-1-lb-423778270.us-east-1.elb.amazonaws.com:3000/?n=20000
Aggregated Function Time : count 1832693 avg 0.004092097 +/- 0.002172 min 0.001410248 max 0.221298521 sum 7499.55744
# target 50% 0.00580349
# target 75% 0.00800011
# target 90% 0.00931808
# target 99% 0.0156072
# target 99.9% 0.0196803
Sockets used: 25 (for perfect keepalive, would be 25)
Jitter: false
Code 200 : 1832693 (100.0 %)
All done 1832693 calls (plus 25 warmup) 4.092 ms avg, 6108.8 qps
Successfully wrote 2574 bytes of Json data to 2022-04-20-214844_asg_taewa_3_performance_3.json
fortio exit code: 0
[2022-04-20T21:53:44]==============================[STATS]
jh CPU load avg:
0.20 0.24 0.20 1/158 586
i-013542fbb4fec50f3
InService
Healthy
{}
i-0ad8db43f20f86e68
InService
Healthy
{}
i-0dcb6bfe07a502064
InService
Healthy
{}
scaling to 0
{
    "Alarms": [
        {
            "AlarmName": "TargetTracking-asg-1-myASG-AlarmHigh-18441eef-6be7-43da-b529-fa2a6b8e3009", 
            "AlarmARN": "arn:aws:cloudwatch:us-east-1:567462993779:alarm:TargetTracking-asg-1-myASG-AlarmHigh-18441eef-6be7-43da-b529-fa2a6b8e3009"
        }, 
        {
            "AlarmName": "TargetTracking-asg-1-myASG-AlarmLow-61712f6c-492c-448e-b677-332a627d7def", 
            "AlarmARN": "arn:aws:cloudwatch:us-east-1:567462993779:alarm:TargetTracking-asg-1-myASG-AlarmLow-61712f6c-492c-448e-b677-332a627d7def"
        }
    ], 
    "PolicyARN": "arn:aws:autoscaling:us-east-1:567462993779:scalingPolicy:a88121b3-ebf8-49b7-a0ae-5adda1b8e5b5:autoScalingGroupName/asg-1-myASG:policyName/asg-1-AppServerSP-OSGXCZ2AQ672"
}
[2022-04-20T21:54:16]==============================[SCALING RUN 1: INIT]==============================
{
    "Alarms": [
        {
            "AlarmName": "TargetTracking-asg-1-myASG-AlarmHigh-18441eef-6be7-43da-b529-fa2a6b8e3009", 
            "AlarmARN": "arn:aws:cloudwatch:us-east-1:567462993779:alarm:TargetTracking-asg-1-myASG-AlarmHigh-18441eef-6be7-43da-b529-fa2a6b8e3009"
        }, 
        {
            "AlarmName": "TargetTracking-asg-1-myASG-AlarmLow-61712f6c-492c-448e-b677-332a627d7def", 
            "AlarmARN": "arn:aws:cloudwatch:us-east-1:567462993779:alarm:TargetTracking-asg-1-myASG-AlarmLow-61712f6c-492c-448e-b677-332a627d7def"
        }
    ], 
    "PolicyARN": "arn:aws:autoscaling:us-east-1:567462993779:scalingPolicy:a88121b3-ebf8-49b7-a0ae-5adda1b8e5b5:autoScalingGroupName/asg-1-myASG:policyName/asg-1-AppServerSP-OSGXCZ2AQ672"
}
scaling to 1
[2022-04-20T21:54:17]==============================[SCALING RUN 1: ENABLE SCALING - SLEEP]==============================
{
    "Alarms": [
        {
            "AlarmName": "TargetTracking-asg-1-myASG-AlarmHigh-f3dfad80-d176-4509-8a6a-5eba869e4fde", 
            "AlarmARN": "arn:aws:cloudwatch:us-east-1:567462993779:alarm:TargetTracking-asg-1-myASG-AlarmHigh-f3dfad80-d176-4509-8a6a-5eba869e4fde"
        }, 
        {
            "AlarmName": "TargetTracking-asg-1-myASG-AlarmLow-c5c1cf08-2b0e-4832-9fab-b41d4fcae4e6", 
            "AlarmARN": "arn:aws:cloudwatch:us-east-1:567462993779:alarm:TargetTracking-asg-1-myASG-AlarmLow-c5c1cf08-2b0e-4832-9fab-b41d4fcae4e6"
        }
    ], 
    "PolicyARN": "arn:aws:autoscaling:us-east-1:567462993779:scalingPolicy:a88121b3-ebf8-49b7-a0ae-5adda1b8e5b5:autoScalingGroupName/asg-1-myASG:policyName/asg-1-AppServerSP-OSGXCZ2AQ672"
}
[2022-04-20T21:57:19]==============================[SCALING RUN 1: FORTIO]==============================
[2022-04-20T21:57:19]==============================[STATS]
jh CPU load avg:
0.00 0.11 0.15 1/158 626
i-0e52f4a2a947c5dc9
InService
Healthy
{}
[2022-04-20T21:57:19]==============================[SCALING RUN 1: CHUNK 1]==============================
21:57:19 I logger.go:127> Log level is now 4 Error (was 2 Info)
Fortio 1.19.0 running at -1 queries per second, 2->2 procs, for 1m0s: http://asg-1-lb-423778270.us-east-1.elb.amazonaws.com:3000/?n=20000
Aggregated Function Time : count 68459 avg 0.021914269 +/- 0.005787 min 0.002797405 max 0.102523508 sum 1500.22896
# target 50% 0.0218638
# target 75% 0.0267831
# target 90% 0.0297347
# target 99% 0.0480629
# target 99.9% 0.0543119
Sockets used: 25 (for perfect keepalive, would be 25)
Jitter: false
Code 200 : 68459 (100.0 %)
All done 68459 calls (plus 25 warmup) 21.914 ms avg, 1140.6 qps
Successfully wrote 2913 bytes of Json data to 2022-04-20-215719_asg_taewa_3_scaling_1_1.json
fortio exit code: 0
[2022-04-20T21:58:19]==============================[STATS]
jh CPU load avg:
0.21 0.15 0.16 1/158 644
i-0e52f4a2a947c5dc9
InService
Healthy
{}
[2022-04-20T21:58:20]==============================[SCALING RUN 1: CHUNK 2]==============================
21:58:20 I logger.go:127> Log level is now 4 Error (was 2 Info)
Fortio 1.19.0 running at -1 queries per second, 2->2 procs, for 1m0s: http://asg-1-lb-423778270.us-east-1.elb.amazonaws.com:3000/?n=20000
Aggregated Function Time : count 69045 avg 0.021728325 +/- 0.00555 min 0.002412489 max 0.055555237 sum 1500.23223
# target 50% 0.0218182
# target 75% 0.0267301
# target 90% 0.0296772
# target 99% 0.0478072
# target 99.9% 0.0497893
Sockets used: 25 (for perfect keepalive, would be 25)
Jitter: false
Code 200 : 69045 (100.0 %)
All done 69045 calls (plus 25 warmup) 21.728 ms avg, 1150.3 qps
Successfully wrote 2441 bytes of Json data to 2022-04-20-215820_asg_taewa_3_scaling_1_2.json
fortio exit code: 0
[2022-04-20T21:59:20]==============================[STATS]
jh CPU load avg:
0.21 0.16 0.17 1/158 663
i-0e52f4a2a947c5dc9
InService
Healthy
{}
[2022-04-20T21:59:21]==============================[SCALING RUN 1: CHUNK 3]==============================
21:59:21 I logger.go:127> Log level is now 4 Error (was 2 Info)
Fortio 1.19.0 running at -1 queries per second, 2->2 procs, for 1m0s: http://asg-1-lb-423778270.us-east-1.elb.amazonaws.com:3000/?n=20000
Aggregated Function Time : count 68272 avg 0.021974269 +/- 0.00741 min 0.002150762 max 0.260371391 sum 1500.22727
# target 50% 0.0214607
# target 75% 0.0268793
# target 90% 0.0311127
# target 99% 0.0493175
# target 99.9% 0.0802206
Sockets used: 25 (for perfect keepalive, would be 25)
Jitter: false
Code 200 : 68272 (100.0 %)
All done 68272 calls (plus 25 warmup) 21.974 ms avg, 1137.5 qps
Successfully wrote 3269 bytes of Json data to 2022-04-20-215921_asg_taewa_3_scaling_1_3.json
fortio exit code: 0
[2022-04-20T22:00:21]==============================[STATS]
jh CPU load avg:
0.23 0.18 0.18 1/165 693
i-0e52f4a2a947c5dc9
InService
Healthy
{}
[2022-04-20T22:00:21]==============================[SCALING RUN 1: CHUNK 4]==============================
22:00:21 I logger.go:127> Log level is now 4 Error (was 2 Info)
Fortio 1.19.0 running at -1 queries per second, 2->2 procs, for 1m0s: http://asg-1-lb-423778270.us-east-1.elb.amazonaws.com:3000/?n=20000
Aggregated Function Time : count 69029 avg 0.021733401 +/- 0.005689 min 0.002237965 max 0.224556865 sum 1500.23492
# target 50% 0.0218098
# target 75% 0.0267534
# target 90% 0.0297196
# target 99% 0.0477889
# target 99.9% 0.0498352
Sockets used: 25 (for perfect keepalive, would be 25)
Jitter: false
Code 200 : 69029 (100.0 %)
All done 69029 calls (plus 25 warmup) 21.733 ms avg, 1150.1 qps
Successfully wrote 2679 bytes of Json data to 2022-04-20-220021_asg_taewa_3_scaling_1_4.json
fortio exit code: 0
[2022-04-20T22:01:21]==============================[STATS]
jh CPU load avg:
0.08 0.14 0.16 1/166 724
i-0e52f4a2a947c5dc9
InService
Healthy
{}
[2022-04-20T22:01:22]==============================[SCALING RUN 1: CHUNK 5]==============================
22:01:22 I logger.go:127> Log level is now 4 Error (was 2 Info)
Fortio 1.19.0 running at -1 queries per second, 2->2 procs, for 1m0s: http://asg-1-lb-423778270.us-east-1.elb.amazonaws.com:3000/?n=20000
Aggregated Function Time : count 68939 avg 0.021761767 +/- 0.005546 min 0.002178932 max 0.050166043 sum 1500.23446
# target 50% 0.0222937
# target 75% 0.0269106
# target 90% 0.0296807
# target 99% 0.0479127
# target 99.9% 0.049794
Sockets used: 25 (for perfect keepalive, would be 25)
Jitter: false
Code 200 : 68939 (100.0 %)
All done 68939 calls (plus 25 warmup) 21.762 ms avg, 1148.6 qps
Successfully wrote 2442 bytes of Json data to 2022-04-20-220122_asg_taewa_3_scaling_1_5.json
fortio exit code: 0
[2022-04-20T22:02:22]==============================[STATS]
jh CPU load avg:
0.06 0.13 0.16 1/166 742
i-0a9102d16a990d26c
InService
Healthy
{}
i-0e52f4a2a947c5dc9
InService
Healthy
{}
[2022-04-20T22:02:23]==============================[SCALING RUN 1: CHUNK 6]==============================
22:02:23 I logger.go:127> Log level is now 4 Error (was 2 Info)
Fortio 1.19.0 running at -1 queries per second, 2->2 procs, for 1m0s: http://asg-1-lb-423778270.us-east-1.elb.amazonaws.com:3000/?n=20000
Aggregated Function Time : count 69049 avg 0.021727276 +/- 0.006305 min 0.002075613 max 0.065587486 sum 1500.24667
# target 50% 0.018208
# target 75% 0.0251902
# target 90% 0.0319317
# target 99% 0.0448153
# target 99.9% 0.0495993
Sockets used: 37 (for perfect keepalive, would be 25)
Jitter: false
Code 200 : 69049 (100.0 %)
All done 69049 calls (plus 25 warmup) 21.727 ms avg, 1150.3 qps
Successfully wrote 2562 bytes of Json data to 2022-04-20-220223_asg_taewa_3_scaling_1_6.json
fortio exit code: 0
[2022-04-20T22:03:23]==============================[STATS]
jh CPU load avg:
0.02 0.10 0.15 1/166 759
i-0a9102d16a990d26c
InService
Healthy
{}
i-0e52f4a2a947c5dc9
InService
Healthy
{}
[2022-04-20T22:03:24]==============================[SCALING RUN 1: CHUNK 7]==============================
22:03:24 I logger.go:127> Log level is now 4 Error (was 2 Info)
Fortio 1.19.0 running at -1 queries per second, 2->2 procs, for 1m0s: http://asg-1-lb-423778270.us-east-1.elb.amazonaws.com:3000/?n=20000
Aggregated Function Time : count 69134 avg 0.021700221 +/- 0.005453 min 0.002128351 max 0.050785682 sum 1500.22305
# target 50% 0.0216446
# target 75% 0.0266147
# target 90% 0.0295967
# target 99% 0.0478596
# target 99.9% 0.0497944
Sockets used: 25 (for perfect keepalive, would be 25)
Jitter: false
Code 200 : 69134 (100.0 %)
All done 69134 calls (plus 25 warmup) 21.700 ms avg, 1151.8 qps
Successfully wrote 2442 bytes of Json data to 2022-04-20-220324_asg_taewa_3_scaling_1_7.json
fortio exit code: 0
[2022-04-20T22:04:24]==============================[STATS]
jh CPU load avg:
0.04 0.09 0.14 1/166 776
i-0a9102d16a990d26c
InService
Healthy
{}
i-0e52f4a2a947c5dc9
InService
Healthy
{}
[2022-04-20T22:04:24]==============================[SCALING RUN 1: CHUNK 8]==============================
22:04:24 I logger.go:127> Log level is now 4 Error (was 2 Info)
Fortio 1.19.0 running at -1 queries per second, 2->2 procs, for 1m0s: http://asg-1-lb-423778270.us-east-1.elb.amazonaws.com:3000/?n=20000
Aggregated Function Time : count 192475 avg 0.0077934227 +/- 0.00399 min 0.001650092 max 0.080632656 sum 1500.03903
# target 50% 0.00631063
# target 75% 0.00864093
# target 90% 0.0104202
# target 99% 0.019435
# target 99.9% 0.0290677
Sockets used: 25 (for perfect keepalive, would be 25)
Jitter: false
Code 200 : 192475 (100.0 %)
All done 192475 calls (plus 25 warmup) 7.793 ms avg, 3207.3 qps
Successfully wrote 2682 bytes of Json data to 2022-04-20-220424_asg_taewa_3_scaling_1_8.json
fortio exit code: 0
[2022-04-20T22:05:24]==============================[STATS]
jh CPU load avg:
0.18 0.12 0.14 1/166 793
i-0a9102d16a990d26c
InService
Healthy
{}
i-0e52f4a2a947c5dc9
InService
Healthy
{}
[2022-04-20T22:05:25]==============================[SCALING RUN 1: CHUNK 9]==============================
22:05:25 I logger.go:127> Log level is now 4 Error (was 2 Info)
Fortio 1.19.0 running at -1 queries per second, 2->2 procs, for 1m0s: http://asg-1-lb-423778270.us-east-1.elb.amazonaws.com:3000/?n=20000
Aggregated Function Time : count 191942 avg 0.0078150382 +/- 0.003685 min 0.001629364 max 0.080243975 sum 1500.03405
# target 50% 0.00639207
# target 75% 0.00877344
# target 90% 0.0118204
# target 99% 0.0195358
# target 99.9% 0.0306911
Sockets used: 25 (for perfect keepalive, would be 25)
Jitter: false
Code 200 : 191942 (100.0 %)
All done 191942 calls (plus 25 warmup) 7.815 ms avg, 3198.5 qps
Successfully wrote 2801 bytes of Json data to 2022-04-20-220525_asg_taewa_3_scaling_1_9.json
fortio exit code: 0
[2022-04-20T22:06:25]==============================[STATS]
jh CPU load avg:
0.12 0.11 0.14 1/164 815
i-0a9102d16a990d26c
InService
Healthy
{}
i-0e52f4a2a947c5dc9
InService
Healthy
{}
[2022-04-20T22:06:26]==============================[SCALING RUN 1: CHUNK 10]==============================
22:06:26 I logger.go:127> Log level is now 4 Error (was 2 Info)
Fortio 1.19.0 running at -1 queries per second, 2->2 procs, for 1m0s: http://asg-1-lb-423778270.us-east-1.elb.amazonaws.com:3000/?n=20000
Aggregated Function Time : count 194456 avg 0.007713996 +/- 0.003851 min 0.00162508 max 0.033921193 sum 1500.0328
# target 50% 0.00627642
# target 75% 0.00860211
# target 90% 0.00999753
# target 99% 0.0192821
# target 99.9% 0.0267889
Sockets used: 25 (for perfect keepalive, would be 25)
Jitter: false
Code 200 : 194456 (100.0 %)
All done 194456 calls (plus 25 warmup) 7.714 ms avg, 3240.4 qps
Successfully wrote 2207 bytes of Json data to 2022-04-20-220626_asg_taewa_3_scaling_1_10.json
fortio exit code: 0
[2022-04-20T22:07:26]==============================[STATS]
jh CPU load avg:
0.18 0.12 0.14 1/164 832
i-0a9102d16a990d26c
InService
Healthy
{}
i-0e52f4a2a947c5dc9
InService
Healthy
{}
[2022-04-20T22:07:26]==============================[SCALING RUN 1: CHUNK 11]==============================
22:07:26 I logger.go:127> Log level is now 4 Error (was 2 Info)
Fortio 1.19.0 running at -1 queries per second, 2->2 procs, for 1m0s: http://asg-1-lb-423778270.us-east-1.elb.amazonaws.com:3000/?n=20000
Aggregated Function Time : count 195085 avg 0.0076893037 +/- 0.003845 min 0.00164403 max 0.030677671 sum 1500.06781
# target 50% 0.00627707
# target 75% 0.00859362
# target 90% 0.00998354
# target 99% 0.0192449
# target 99.9% 0.0264323
Sockets used: 25 (for perfect keepalive, would be 25)
Jitter: false
Code 200 : 195085 (100.0 %)
All done 195085 calls (plus 25 warmup) 7.689 ms avg, 3250.8 qps
Successfully wrote 2209 bytes of Json data to 2022-04-20-220726_asg_taewa_3_scaling_1_11.json
fortio exit code: 0
[2022-04-20T22:08:26]==============================[STATS]
jh CPU load avg:
0.06 0.10 0.13 1/164 849
i-01701716e460660ac
InService
Healthy
{}
i-0a9102d16a990d26c
InService
Healthy
{}
i-0e52f4a2a947c5dc9
InService
Healthy
{}
[2022-04-20T22:08:27]==============================[SCALING RUN 1: CHUNK 12]==============================
22:08:27 I logger.go:127> Log level is now 4 Error (was 2 Info)
Fortio 1.19.0 running at -1 queries per second, 2->2 procs, for 1m0s: http://asg-1-lb-423778270.us-east-1.elb.amazonaws.com:3000/?n=20000
Aggregated Function Time : count 194624 avg 0.0077073128 +/- 0.003436 min 0.001652116 max 0.040630779 sum 1500.02806
# target 50% 0.00634952
# target 75% 0.00869825
# target 90% 0.0110405
# target 99% 0.019226
# target 99.9% 0.0235456
Sockets used: 25 (for perfect keepalive, would be 25)
Jitter: false
Code 200 : 194624 (100.0 %)
All done 194624 calls (plus 25 warmup) 7.707 ms avg, 3243.2 qps
Successfully wrote 2328 bytes of Json data to 2022-04-20-220827_asg_taewa_3_scaling_1_12.json
fortio exit code: 0
[2022-04-20T22:09:27]==============================[STATS]
jh CPU load avg:
0.02 0.08 0.12 1/164 866
i-01701716e460660ac
InService
Healthy
{}
i-0a9102d16a990d26c
InService
Healthy
{}
i-0e52f4a2a947c5dc9
InService
Healthy
{}
[2022-04-20T22:09:28]==============================[SCALING RUN 1: CHUNK 13]==============================
22:09:28 I logger.go:127> Log level is now 4 Error (was 2 Info)
Fortio 1.19.0 running at -1 queries per second, 2->2 procs, for 1m0s: http://asg-1-lb-423778270.us-east-1.elb.amazonaws.com:3000/?n=20000
Aggregated Function Time : count 260503 avg 0.0057581387 +/- 0.003853 min 0.001534864 max 0.223278079 sum 1500.01239
# target 50% 0.00606973
# target 75% 0.00833717
# target 90% 0.00969764
# target 99% 0.0186372
# target 99.9% 0.0205826
Sockets used: 25 (for perfect keepalive, would be 25)
Jitter: false
Code 200 : 260503 (100.0 %)
All done 260503 calls (plus 25 warmup) 5.758 ms avg, 4341.0 qps
Successfully wrote 2325 bytes of Json data to 2022-04-20-220928_asg_taewa_3_scaling_1_13.json
fortio exit code: 0
[2022-04-20T22:10:28]==============================[STATS]
jh CPU load avg:
0.26 0.13 0.13 1/166 890
i-01701716e460660ac
InService
Healthy
{}
i-0a9102d16a990d26c
InService
Healthy
{}
i-0e52f4a2a947c5dc9
InService
Healthy
{}
[2022-04-20T22:10:28]==============================[SCALING RUN 1: CHUNK 14]==============================
22:10:28 I logger.go:127> Log level is now 4 Error (was 2 Info)
Fortio 1.19.0 running at -1 queries per second, 2->2 procs, for 1m0s: http://asg-1-lb-423778270.us-east-1.elb.amazonaws.com:3000/?n=20000
Aggregated Function Time : count 264116 avg 0.0056793929 +/- 0.004089 min 0.001532381 max 0.035190486 sum 1500.01854
# target 50% 0.0060839
# target 75% 0.00835968
# target 90% 0.00972514
# target 99% 0.0188801
# target 99.9% 0.0260612
Sockets used: 25 (for perfect keepalive, would be 25)
Jitter: false
Code 200 : 264116 (100.0 %)
All done 264116 calls (plus 25 warmup) 5.679 ms avg, 4401.1 qps
Successfully wrote 2208 bytes of Json data to 2022-04-20-221028_asg_taewa_3_scaling_1_14.json
fortio exit code: 0
[2022-04-20T22:11:29]==============================[STATS]
jh CPU load avg:
0.20 0.13 0.13 1/165 909
i-01701716e460660ac
InService
Healthy
{}
i-0a9102d16a990d26c
InService
Healthy
{}
i-0e52f4a2a947c5dc9
InService
Healthy
{}
[2022-04-20T22:11:29]==============================[SCALING RUN 2: INIT]==============================
{
    "Alarms": [
        {
            "AlarmName": "TargetTracking-asg-1-myASG-AlarmHigh-aa4d18d5-4cd5-4746-8049-cdf43da0b470", 
            "AlarmARN": "arn:aws:cloudwatch:us-east-1:567462993779:alarm:TargetTracking-asg-1-myASG-AlarmHigh-aa4d18d5-4cd5-4746-8049-cdf43da0b470"
        }, 
        {
            "AlarmName": "TargetTracking-asg-1-myASG-AlarmLow-36c734f6-fdee-4349-84b6-27af3de274ab", 
            "AlarmARN": "arn:aws:cloudwatch:us-east-1:567462993779:alarm:TargetTracking-asg-1-myASG-AlarmLow-36c734f6-fdee-4349-84b6-27af3de274ab"
        }
    ], 
    "PolicyARN": "arn:aws:autoscaling:us-east-1:567462993779:scalingPolicy:a88121b3-ebf8-49b7-a0ae-5adda1b8e5b5:autoScalingGroupName/asg-1-myASG:policyName/asg-1-AppServerSP-OSGXCZ2AQ672"
}
scaling to 1
[2022-04-20T22:11:31]==============================[SCALING RUN 2: ENABLE SCALING - SLEEP]==============================
{
    "Alarms": [
        {
            "AlarmName": "TargetTracking-asg-1-myASG-AlarmHigh-ffca7dbf-455e-41d8-ba03-fd18374ec903", 
            "AlarmARN": "arn:aws:cloudwatch:us-east-1:567462993779:alarm:TargetTracking-asg-1-myASG-AlarmHigh-ffca7dbf-455e-41d8-ba03-fd18374ec903"
        }, 
        {
            "AlarmName": "TargetTracking-asg-1-myASG-AlarmLow-8e697645-c1bb-453d-84d3-701ae92b3b2b", 
            "AlarmARN": "arn:aws:cloudwatch:us-east-1:567462993779:alarm:TargetTracking-asg-1-myASG-AlarmLow-8e697645-c1bb-453d-84d3-701ae92b3b2b"
        }
    ], 
    "PolicyARN": "arn:aws:autoscaling:us-east-1:567462993779:scalingPolicy:a88121b3-ebf8-49b7-a0ae-5adda1b8e5b5:autoScalingGroupName/asg-1-myASG:policyName/asg-1-AppServerSP-OSGXCZ2AQ672"
}
[2022-04-20T22:14:32]==============================[SCALING RUN 2: FORTIO]==============================
[2022-04-20T22:14:32]==============================[STATS]
jh CPU load avg:
0.02 0.08 0.10 1/165 936
i-01701716e460660ac
InService
Healthy
{}
[2022-04-20T22:14:33]==============================[SCALING RUN 2: CHUNK 1]==============================
22:14:33 I logger.go:127> Log level is now 4 Error (was 2 Info)
Fortio 1.19.0 running at -1 queries per second, 2->2 procs, for 1m0s: http://asg-1-lb-423778270.us-east-1.elb.amazonaws.com:3000/?n=20000
Aggregated Function Time : count 68259 avg 0.021978577 +/- 0.005689 min 0.002771517 max 0.094708131 sum 1500.23565
# target 50% 0.0245502
# target 75% 0.0278206
# target 90% 0.0297829
# target 99% 0.0484855
# target 99.9% 0.0499516
Sockets used: 25 (for perfect keepalive, would be 25)
Jitter: false
Code 200 : 68259 (100.0 %)
All done 68259 calls (plus 25 warmup) 21.979 ms avg, 1137.2 qps
Successfully wrote 2793 bytes of Json data to 2022-04-20-221433_asg_taewa_3_scaling_2_1.json
fortio exit code: 0
[2022-04-20T22:15:33]==============================[STATS]
jh CPU load avg:
0.15 0.10 0.10 1/163 953
i-01701716e460660ac
InService
Healthy
{}
[2022-04-20T22:15:33]==============================[SCALING RUN 2: CHUNK 2]==============================
22:15:33 I logger.go:127> Log level is now 4 Error (was 2 Info)
Fortio 1.19.0 running at -1 queries per second, 2->2 procs, for 1m0s: http://asg-1-lb-423778270.us-east-1.elb.amazonaws.com:3000/?n=20000
Aggregated Function Time : count 68577 avg 0.021876561 +/- 0.005608 min 0.002218023 max 0.054305489 sum 1500.22891
# target 50% 0.0243746
# target 75% 0.0277587
# target 90% 0.0297892
# target 99% 0.0483286
# target 99.9% 0.0498484
Sockets used: 25 (for perfect keepalive, would be 25)
Jitter: false
Code 200 : 68577 (100.0 %)
All done 68577 calls (plus 25 warmup) 21.877 ms avg, 1142.5 qps
Successfully wrote 2442 bytes of Json data to 2022-04-20-221533_asg_taewa_3_scaling_2_2.json
fortio exit code: 0
[2022-04-20T22:16:33]==============================[STATS]
jh CPU load avg:
0.05 0.08 0.09 1/163 1022
i-01701716e460660ac
InService
Healthy
{}
[2022-04-20T22:16:34]==============================[SCALING RUN 2: CHUNK 3]==============================
22:16:34 I logger.go:127> Log level is now 4 Error (was 2 Info)
Fortio 1.19.0 running at -1 queries per second, 2->2 procs, for 1m0s: http://asg-1-lb-423778270.us-east-1.elb.amazonaws.com:3000/?n=20000
Aggregated Function Time : count 69418 avg 0.02161171 +/- 0.00566 min 0.002175492 max 0.065473136 sum 1500.24169
# target 50% 0.0237001
# target 75% 0.0274782
# target 90% 0.0297451
# target 99% 0.0481637
# target 99.9% 0.0499147
Sockets used: 25 (for perfect keepalive, would be 25)
Jitter: false
Code 200 : 69418 (100.0 %)
All done 69418 calls (plus 25 warmup) 21.612 ms avg, 1156.6 qps
Successfully wrote 2561 bytes of Json data to 2022-04-20-221634_asg_taewa_3_scaling_2_3.json
fortio exit code: 0
[2022-04-20T22:17:34]==============================[STATS]
jh CPU load avg:
0.02 0.06 0.08 1/163 1044
i-01701716e460660ac
InService
Healthy
{}
[2022-04-20T22:17:35]==============================[SCALING RUN 2: CHUNK 4]==============================
22:17:35 I logger.go:127> Log level is now 4 Error (was 2 Info)
Fortio 1.19.0 running at -1 queries per second, 2->2 procs, for 1m0s: http://asg-1-lb-423778270.us-east-1.elb.amazonaws.com:3000/?n=20000
Aggregated Function Time : count 68352 avg 0.021948652 +/- 0.005641 min 0.002434836 max 0.051096905 sum 1500.23424
# target 50% 0.024555
# target 75% 0.0278334
# target 90% 0.0298004
# target 99% 0.0483658
# target 99.9% 0.0498474
Sockets used: 25 (for perfect keepalive, would be 25)
Jitter: false
Code 200 : 68352 (100.0 %)
All done 68352 calls (plus 25 warmup) 21.949 ms avg, 1138.8 qps
Successfully wrote 2440 bytes of Json data to 2022-04-20-221735_asg_taewa_3_scaling_2_4.json
fortio exit code: 0
[2022-04-20T22:18:35]==============================[STATS]
jh CPU load avg:
0.07 0.06 0.08 1/163 1061
i-01701716e460660ac
InService
Healthy
{}
i-05356cf46b0b8359d
InService
Healthy
{}
[2022-04-20T22:18:35]==============================[SCALING RUN 2: CHUNK 5]==============================
22:18:35 I logger.go:127> Log level is now 4 Error (was 2 Info)
Fortio 1.19.0 running at -1 queries per second, 2->2 procs, for 1m0s: http://asg-1-lb-423778270.us-east-1.elb.amazonaws.com:3000/?n=20000
Aggregated Function Time : count 68692 avg 0.021840051 +/- 0.006051 min 0.002242728 max 0.072771307 sum 1500.2368
# target 50% 0.0231853
# target 75% 0.0274847
# target 90% 0.0306595
# target 99% 0.047904
# target 99.9% 0.0498239
Sockets used: 37 (for perfect keepalive, would be 25)
Jitter: false
Code 200 : 68692 (100.0 %)
All done 68692 calls (plus 25 warmup) 21.840 ms avg, 1144.5 qps
Successfully wrote 2674 bytes of Json data to 2022-04-20-221835_asg_taewa_3_scaling_2_5.json
fortio exit code: 0
[2022-04-20T22:19:35]==============================[STATS]
jh CPU load avg:
0.02 0.05 0.08 1/163 1078
i-01701716e460660ac
InService
Healthy
{}
i-05356cf46b0b8359d
InService
Healthy
{}
[2022-04-20T22:19:36]==============================[SCALING RUN 2: CHUNK 6]==============================
22:19:36 I logger.go:127> Log level is now 4 Error (was 2 Info)
Fortio 1.19.0 running at -1 queries per second, 2->2 procs, for 1m0s: http://asg-1-lb-423778270.us-east-1.elb.amazonaws.com:3000/?n=20000
Aggregated Function Time : count 68350 avg 0.021949332 +/- 0.005659 min 0.002228555 max 0.086868059 sum 1500.23687
# target 50% 0.024583
# target 75% 0.0278205
# target 90% 0.029763
# target 99% 0.0484951
# target 99.9% 0.0499918
Sockets used: 25 (for perfect keepalive, would be 25)
Jitter: false
Code 200 : 68350 (100.0 %)
All done 68350 calls (plus 25 warmup) 21.949 ms avg, 1138.8 qps
Successfully wrote 2795 bytes of Json data to 2022-04-20-221936_asg_taewa_3_scaling_2_6.json
fortio exit code: 0
[2022-04-20T22:20:36]==============================[STATS]
jh CPU load avg:
0.01 0.04 0.07 1/164 1110
i-01701716e460660ac
InService
Healthy
{}
i-05356cf46b0b8359d
InService
Healthy
{}
[2022-04-20T22:20:37]==============================[SCALING RUN 2: CHUNK 7]==============================
22:20:37 I logger.go:127> Log level is now 4 Error (was 2 Info)
Fortio 1.19.0 running at -1 queries per second, 2->2 procs, for 1m0s: http://asg-1-lb-423778270.us-east-1.elb.amazonaws.com:3000/?n=20000
Aggregated Function Time : count 193024 avg 0.00777122 +/- 0.003502 min 0.001572221 max 0.039944512 sum 1500.03197
# target 50% 0.00626886
# target 75% 0.0086172
# target 90% 0.0102768
# target 99% 0.0192058
# target 99.9% 0.0253625
Sockets used: 25 (for perfect keepalive, would be 25)
Jitter: false
Code 200 : 193024 (100.0 %)
All done 193024 calls (plus 25 warmup) 7.771 ms avg, 3216.6 qps
Successfully wrote 2210 bytes of Json data to 2022-04-20-222037_asg_taewa_3_scaling_2_7.json
fortio exit code: 0
[2022-04-20T22:21:37]==============================[STATS]
jh CPU load avg:
0.03 0.04 0.07 1/164 1128
i-01701716e460660ac
InService
Healthy
{}
i-05356cf46b0b8359d
InService
Healthy
{}
[2022-04-20T22:21:37]==============================[SCALING RUN 2: CHUNK 8]==============================
22:21:37 I logger.go:127> Log level is now 4 Error (was 2 Info)
Fortio 1.19.0 running at -1 queries per second, 2->2 procs, for 1m0s: http://asg-1-lb-423778270.us-east-1.elb.amazonaws.com:3000/?n=20000
Aggregated Function Time : count 194810 avg 0.0077000346 +/- 0.003451 min 0.001519421 max 0.038481756 sum 1500.04375
# target 50% 0.00622581
# target 75% 0.00857903
# target 90% 0.00999096
# target 99% 0.0191208
# target 99.9% 0.0231107
Sockets used: 25 (for perfect keepalive, would be 25)
Jitter: false
Code 200 : 194810 (100.0 %)
All done 194810 calls (plus 25 warmup) 7.700 ms avg, 3246.3 qps
Successfully wrote 2208 bytes of Json data to 2022-04-20-222138_asg_taewa_3_scaling_2_8.json
fortio exit code: 0
[2022-04-20T22:22:38]==============================[STATS]
jh CPU load avg:
0.06 0.05 0.07 1/164 1146
i-01701716e460660ac
InService
Healthy
{}
i-05356cf46b0b8359d
InService
Healthy
{}
[2022-04-20T22:22:38]==============================[SCALING RUN 2: CHUNK 9]==============================
22:22:38 I logger.go:127> Log level is now 4 Error (was 2 Info)
Fortio 1.19.0 running at -1 queries per second, 2->2 procs, for 1m0s: http://asg-1-lb-423778270.us-east-1.elb.amazonaws.com:3000/?n=20000
Aggregated Function Time : count 195914 avg 0.0076566559 +/- 0.003465 min 0.001520653 max 0.051431925 sum 1500.04608
# target 50% 0.00618667
# target 75% 0.00851971
# target 90% 0.00991953
# target 99% 0.0190848
# target 99.9% 0.0246338
Sockets used: 25 (for perfect keepalive, would be 25)
Jitter: false
Code 200 : 195914 (100.0 %)
All done 195914 calls (plus 25 warmup) 7.657 ms avg, 3264.7 qps
Successfully wrote 2440 bytes of Json data to 2022-04-20-222238_asg_taewa_3_scaling_2_9.json
fortio exit code: 0
[2022-04-20T22:23:38]==============================[STATS]
jh CPU load avg:
0.02 0.04 0.07 1/164 1163
i-01701716e460660ac
InService
Healthy
{}
i-05356cf46b0b8359d
InService
Healthy
{}
[2022-04-20T22:23:39]==============================[SCALING RUN 2: CHUNK 10]==============================
22:23:39 I logger.go:127> Log level is now 4 Error (was 2 Info)
Fortio 1.19.0 running at -1 queries per second, 2->2 procs, for 1m0s: http://asg-1-lb-423778270.us-east-1.elb.amazonaws.com:3000/?n=20000
Aggregated Function Time : count 195429 avg 0.0076757004 +/- 0.003439 min 0.001525978 max 0.033203193 sum 1500.05446
# target 50% 0.00619499
# target 75% 0.00852952
# target 90% 0.00993024
# target 99% 0.0190271
# target 99.9% 0.0209703
Sockets used: 25 (for perfect keepalive, would be 25)
Jitter: false
Code 200 : 195429 (100.0 %)
All done 195429 calls (plus 25 warmup) 7.676 ms avg, 3256.5 qps
Successfully wrote 2209 bytes of Json data to 2022-04-20-222339_asg_taewa_3_scaling_2_10.json
fortio exit code: 0
[2022-04-20T22:24:39]==============================[STATS]
jh CPU load avg:
0.14 0.06 0.07 1/164 1181
i-01701716e460660ac
InService
Healthy
{}
i-04104d2f95c27e91c
Pending
Healthy
{}
i-05356cf46b0b8359d
InService
Healthy
{}
[2022-04-20T22:24:40]==============================[SCALING RUN 2: CHUNK 11]==============================
22:24:40 I logger.go:127> Log level is now 4 Error (was 2 Info)
Fortio 1.19.0 running at -1 queries per second, 2->2 procs, for 1m0s: http://asg-1-lb-423778270.us-east-1.elb.amazonaws.com:3000/?n=20000
Aggregated Function Time : count 195338 avg 0.0076791944 +/- 0.003567 min 0.001556673 max 0.222400589 sum 1500.03847
# target 50% 0.00620362
# target 75% 0.00852712
# target 90% 0.00992122
# target 99% 0.0190537
# target 99.9% 0.0236303
Sockets used: 25 (for perfect keepalive, would be 25)
Jitter: false
Code 200 : 195338 (100.0 %)
All done 195338 calls (plus 25 warmup) 7.679 ms avg, 3255.1 qps
Successfully wrote 2445 bytes of Json data to 2022-04-20-222440_asg_taewa_3_scaling_2_11.json
fortio exit code: 0
[2022-04-20T22:25:40]==============================[STATS]
jh CPU load avg:
0.17 0.09 0.08 1/163 1201
i-01701716e460660ac
InService
Healthy
{}
i-04104d2f95c27e91c
InService
Healthy
{}
i-05356cf46b0b8359d
InService
Healthy
{}
[2022-04-20T22:25:40]==============================[SCALING RUN 2: CHUNK 12]==============================
22:25:40 I logger.go:127> Log level is now 4 Error (was 2 Info)
Fortio 1.19.0 running at -1 queries per second, 2->2 procs, for 1m0s: http://asg-1-lb-423778270.us-east-1.elb.amazonaws.com:3000/?n=20000
Aggregated Function Time : count 262075 avg 0.0057234979 +/- 0.00212 min 0.00153143 max 0.036261557 sum 1499.98571
# target 50% 0.0058112
# target 75% 0.00795109
# target 90% 0.00923503
# target 99% 0.0106134
# target 99.9% 0.0193687
Sockets used: 25 (for perfect keepalive, would be 25)
Jitter: false
Code 200 : 262075 (100.0 %)
All done 262075 calls (plus 25 warmup) 5.723 ms avg, 4367.5 qps
Successfully wrote 2201 bytes of Json data to 2022-04-20-222540_asg_taewa_3_scaling_2_12.json
fortio exit code: 0
[2022-04-20T22:26:40]==============================[STATS]
jh CPU load avg:
0.22 0.12 0.09 1/163 1219
i-01701716e460660ac
InService
Healthy
{}
i-04104d2f95c27e91c
InService
Healthy
{}
i-05356cf46b0b8359d
InService
Healthy
{}
[2022-04-20T22:26:41]==============================[SCALING RUN 2: CHUNK 13]==============================
22:26:41 I logger.go:127> Log level is now 4 Error (was 2 Info)
Fortio 1.19.0 running at -1 queries per second, 2->2 procs, for 1m0s: http://asg-1-lb-423778270.us-east-1.elb.amazonaws.com:3000/?n=20000
Aggregated Function Time : count 263623 avg 0.0056898876 +/- 0.002167 min 0.001545083 max 0.215740371 sum 1499.98524
# target 50% 0.00585831
# target 75% 0.00801494
# target 90% 0.00930891
# target 99% 0.015013
# target 99.9% 0.0195757
Sockets used: 25 (for perfect keepalive, would be 25)
Jitter: false
Code 200 : 263623 (100.0 %)
All done 263623 calls (plus 25 warmup) 5.690 ms avg, 4393.3 qps
Successfully wrote 2320 bytes of Json data to 2022-04-20-222641_asg_taewa_3_scaling_2_13.json
fortio exit code: 0
[2022-04-20T22:27:41]==============================[STATS]
jh CPU load avg:
0.27 0.14 0.10 1/163 1237
i-01701716e460660ac
InService
Healthy
{}
i-04104d2f95c27e91c
InService
Healthy
{}
i-05356cf46b0b8359d
InService
Healthy
{}
[2022-04-20T22:27:42]==============================[SCALING RUN 2: CHUNK 14]==============================
22:27:42 I logger.go:127> Log level is now 4 Error (was 2 Info)
Fortio 1.19.0 running at -1 queries per second, 2->2 procs, for 1m0s: http://asg-1-lb-423778270.us-east-1.elb.amazonaws.com:3000/?n=20000
Aggregated Function Time : count 262099 avg 0.0057229744 +/- 0.002149 min 0.001468277 max 0.043327409 sum 1499.98586
# target 50% 0.00577315
# target 75% 0.0079256
# target 90% 0.00921707
# target 99% 0.00999195
# target 99.9% 0.0194751
Sockets used: 25 (for perfect keepalive, would be 25)
Jitter: false
Code 200 : 262099 (100.0 %)
All done 262099 calls (plus 25 warmup) 5.723 ms avg, 4367.9 qps
Successfully wrote 2324 bytes of Json data to 2022-04-20-222742_asg_taewa_3_scaling_2_14.json
fortio exit code: 0
[2022-04-20T22:28:42]==============================[STATS]
jh CPU load avg:
0.35 0.18 0.11 1/163 1254
i-01701716e460660ac
InService
Healthy
{}
i-04104d2f95c27e91c
InService
Healthy
{}
i-05356cf46b0b8359d
InService
Healthy
{}
[2022-04-20T22:28:42]==============================[SCALING RUN 3: INIT]==============================
{
    "Alarms": [
        {
            "AlarmName": "TargetTracking-asg-1-myASG-AlarmHigh-0c8c788c-a052-4566-b538-d71b752b1f50", 
            "AlarmARN": "arn:aws:cloudwatch:us-east-1:567462993779:alarm:TargetTracking-asg-1-myASG-AlarmHigh-0c8c788c-a052-4566-b538-d71b752b1f50"
        }, 
        {
            "AlarmName": "TargetTracking-asg-1-myASG-AlarmLow-32fbfbb7-c42b-41aa-8cca-5cf2e06d38e1", 
            "AlarmARN": "arn:aws:cloudwatch:us-east-1:567462993779:alarm:TargetTracking-asg-1-myASG-AlarmLow-32fbfbb7-c42b-41aa-8cca-5cf2e06d38e1"
        }
    ], 
    "PolicyARN": "arn:aws:autoscaling:us-east-1:567462993779:scalingPolicy:a88121b3-ebf8-49b7-a0ae-5adda1b8e5b5:autoScalingGroupName/asg-1-myASG:policyName/asg-1-AppServerSP-OSGXCZ2AQ672"
}
scaling to 1
[2022-04-20T22:28:44]==============================[SCALING RUN 3: ENABLE SCALING - SLEEP]==============================
{
    "Alarms": [
        {
            "AlarmName": "TargetTracking-asg-1-myASG-AlarmHigh-73e327b9-d2cf-49c7-8185-6e09d15ba0f2", 
            "AlarmARN": "arn:aws:cloudwatch:us-east-1:567462993779:alarm:TargetTracking-asg-1-myASG-AlarmHigh-73e327b9-d2cf-49c7-8185-6e09d15ba0f2"
        }, 
        {
            "AlarmName": "TargetTracking-asg-1-myASG-AlarmLow-386b5001-ec28-4ec8-950a-d99e9fa74901", 
            "AlarmARN": "arn:aws:cloudwatch:us-east-1:567462993779:alarm:TargetTracking-asg-1-myASG-AlarmLow-386b5001-ec28-4ec8-950a-d99e9fa74901"
        }
    ], 
    "PolicyARN": "arn:aws:autoscaling:us-east-1:567462993779:scalingPolicy:a88121b3-ebf8-49b7-a0ae-5adda1b8e5b5:autoScalingGroupName/asg-1-myASG:policyName/asg-1-AppServerSP-OSGXCZ2AQ672"
}
[2022-04-20T22:31:45]==============================[SCALING RUN 3: FORTIO]==============================
[2022-04-20T22:31:45]==============================[STATS]
jh CPU load avg:
0.01 0.09 0.08 1/164 1288
i-04104d2f95c27e91c
InService
Healthy
{}
[2022-04-20T22:31:46]==============================[SCALING RUN 3: CHUNK 1]==============================
22:31:46 I logger.go:127> Log level is now 4 Error (was 2 Info)
Fortio 1.19.0 running at -1 queries per second, 2->2 procs, for 1m0s: http://asg-1-lb-423778270.us-east-1.elb.amazonaws.com:3000/?n=20000
Aggregated Function Time : count 68936 avg 0.021762929 +/- 0.005809 min 0.002325992 max 0.0911755 sum 1500.24926
# target 50% 0.0191468
# target 75% 0.02561
# target 90% 0.0297465
# target 99% 0.0469571
# target 99.9% 0.0498961
Sockets used: 25 (for perfect keepalive, would be 25)
Jitter: false
Code 200 : 68936 (100.0 %)
All done 68936 calls (plus 25 warmup) 21.763 ms avg, 1148.5 qps
Successfully wrote 2905 bytes of Json data to 2022-04-20-223146_asg_taewa_3_scaling_3_1.json
fortio exit code: 0
[2022-04-20T22:32:46]==============================[STATS]
jh CPU load avg:
0.00 0.07 0.08 1/163 1305
i-04104d2f95c27e91c
InService
Healthy
{}
[2022-04-20T22:32:46]==============================[SCALING RUN 3: CHUNK 2]==============================
22:32:46 I logger.go:127> Log level is now 4 Error (was 2 Info)
Fortio 1.19.0 running at -1 queries per second, 2->2 procs, for 1m0s: http://asg-1-lb-423778270.us-east-1.elb.amazonaws.com:3000/?n=20000
Aggregated Function Time : count 69392 avg 0.021619509 +/- 0.005621 min 0.002192535 max 0.051424624 sum 1500.22097
# target 50% 0.0177956
# target 75% 0.0240118
# target 90% 0.0295478
# target 99% 0.0459477
# target 99.9% 0.0496106
Sockets used: 25 (for perfect keepalive, would be 25)
Jitter: false
Code 200 : 69392 (100.0 %)
All done 69392 calls (plus 25 warmup) 21.620 ms avg, 1156.1 qps
Successfully wrote 2441 bytes of Json data to 2022-04-20-223247_asg_taewa_3_scaling_3_2.json
fortio exit code: 0
[2022-04-20T22:33:47]==============================[STATS]
jh CPU load avg:
0.00 0.06 0.07 1/164 1323
i-04104d2f95c27e91c
InService
Healthy
{}
[2022-04-20T22:33:47]==============================[SCALING RUN 3: CHUNK 3]==============================
22:33:47 I logger.go:127> Log level is now 4 Error (was 2 Info)
Fortio 1.19.0 running at -1 queries per second, 2->2 procs, for 1m0s: http://asg-1-lb-423778270.us-east-1.elb.amazonaws.com:3000/?n=20000
Aggregated Function Time : count 69302 avg 0.021647637 +/- 0.005696 min 0.0022974 max 0.051927279 sum 1500.22457
# target 50% 0.0181548
# target 75% 0.0246124
# target 90% 0.029665
# target 99% 0.0459883
# target 99.9% 0.049604
Sockets used: 25 (for perfect keepalive, would be 25)
Jitter: false
Code 200 : 69302 (100.0 %)
All done 69302 calls (plus 25 warmup) 21.648 ms avg, 1154.6 qps
Successfully wrote 2432 bytes of Json data to 2022-04-20-223347_asg_taewa_3_scaling_3_3.json
fortio exit code: 0
[2022-04-20T22:34:47]==============================[STATS]
jh CPU load avg:
0.03 0.06 0.07 1/163 1340
i-04104d2f95c27e91c
InService
Healthy
{}
[2022-04-20T22:34:48]==============================[SCALING RUN 3: CHUNK 4]==============================
22:34:48 I logger.go:127> Log level is now 4 Error (was 2 Info)
Fortio 1.19.0 running at -1 queries per second, 2->2 procs, for 1m0s: http://asg-1-lb-423778270.us-east-1.elb.amazonaws.com:3000/?n=20000
Aggregated Function Time : count 69280 avg 0.02165446 +/- 0.005612 min 0.002264861 max 0.065930042 sum 1500.221
# target 50% 0.0192131
# target 75% 0.025569
# target 90% 0.0295969
# target 99% 0.0472146
# target 99.9% 0.0497921
Sockets used: 25 (for perfect keepalive, would be 25)
Jitter: false
Code 200 : 69280 (100.0 %)
All done 69280 calls (plus 25 warmup) 21.654 ms avg, 1154.3 qps
Successfully wrote 2558 bytes of Json data to 2022-04-20-223448_asg_taewa_3_scaling_3_4.json
fortio exit code: 0
[2022-04-20T22:35:48]==============================[STATS]
jh CPU load avg:
0.07 0.06 0.07 1/163 1358
i-04104d2f95c27e91c
InService
Healthy
{}
[2022-04-20T22:35:49]==============================[SCALING RUN 3: CHUNK 5]==============================
22:35:49 I logger.go:127> Log level is now 4 Error (was 2 Info)
Fortio 1.19.0 running at -1 queries per second, 2->2 procs, for 1m0s: http://asg-1-lb-423778270.us-east-1.elb.amazonaws.com:3000/?n=20000
Aggregated Function Time : count 69023 avg 0.021735411 +/- 0.005812 min 0.002186464 max 0.074101494 sum 1500.2433
# target 50% 0.0199235
# target 75% 0.0261206
# target 90% 0.0298504
# target 99% 0.0471936
# target 99.9% 0.0498103
Sockets used: 37 (for perfect keepalive, would be 25)
Jitter: false
Code 200 : 69023 (100.0 %)
All done 69023 calls (plus 25 warmup) 21.735 ms avg, 1150.0 qps
Successfully wrote 2675 bytes of Json data to 2022-04-20-223549_asg_taewa_3_scaling_3_5.json
fortio exit code: 0
[2022-04-20T22:36:49]==============================[STATS]
jh CPU load avg:
0.09 0.06 0.07 1/163 1376
i-04104d2f95c27e91c
InService
Healthy
{}
i-0b890e121832674e7
InService
Healthy
{}
[2022-04-20T22:36:49]==============================[SCALING RUN 3: CHUNK 6]==============================
22:36:49 I logger.go:127> Log level is now 4 Error (was 2 Info)
Fortio 1.19.0 running at -1 queries per second, 2->2 procs, for 1m0s: http://asg-1-lb-423778270.us-east-1.elb.amazonaws.com:3000/?n=20000
Aggregated Function Time : count 68638 avg 0.021857201 +/- 0.006207 min 0.002156411 max 0.082110436 sum 1500.23457
# target 50% 0.0179796
# target 75% 0.0246478
# target 90% 0.0308902
# target 99% 0.0456049
# target 99.9% 0.0499187
Sockets used: 25 (for perfect keepalive, would be 25)
Jitter: false
Code 200 : 68638 (100.0 %)
All done 68638 calls (plus 25 warmup) 21.857 ms avg, 1143.5 qps
Successfully wrote 2792 bytes of Json data to 2022-04-20-223649_asg_taewa_3_scaling_3_6.json
fortio exit code: 0
[2022-04-20T22:37:49]==============================[STATS]
jh CPU load avg:
0.03 0.05 0.07 1/163 1393
i-04104d2f95c27e91c
InService
Healthy
{}
i-0b890e121832674e7
InService
Healthy
{}
[2022-04-20T22:37:51]==============================[SCALING RUN 3: CHUNK 7]==============================
22:37:51 I logger.go:127> Log level is now 4 Error (was 2 Info)
Fortio 1.19.0 running at -1 queries per second, 2->2 procs, for 1m0s: http://asg-1-lb-423778270.us-east-1.elb.amazonaws.com:3000/?n=20000
Aggregated Function Time : count 194358 avg 0.0077178992 +/- 0.003896 min 0.001478792 max 0.212813459 sum 1500.03546
# target 50% 0.0062179
# target 75% 0.00858748
# target 90% 0.0100994
# target 99% 0.0192894
# target 99.9% 0.0270577
Sockets used: 25 (for perfect keepalive, would be 25)
Jitter: false
Code 200 : 194358 (100.0 %)
All done 194358 calls (plus 25 warmup) 7.718 ms avg, 3238.7 qps
Successfully wrote 2445 bytes of Json data to 2022-04-20-223751_asg_taewa_3_scaling_3_7.json
fortio exit code: 0
[2022-04-20T22:38:51]==============================[STATS]
jh CPU load avg:
0.08 0.07 0.07 1/163 1411
i-04104d2f95c27e91c
InService
Healthy
{}
i-0b890e121832674e7
InService
Healthy
{}
[2022-04-20T22:38:52]==============================[SCALING RUN 3: CHUNK 8]==============================
22:38:52 I logger.go:127> Log level is now 4 Error (was 2 Info)
Fortio 1.19.0 running at -1 queries per second, 2->2 procs, for 1m0s: http://asg-1-lb-423778270.us-east-1.elb.amazonaws.com:3000/?n=20000
Aggregated Function Time : count 194446 avg 0.0077144418 +/- 0.003872 min 0.001508486 max 0.047757584 sum 1500.04235
# target 50% 0.00622054
# target 75% 0.0085766
# target 90% 0.00999023
# target 99% 0.019254
# target 99.9% 0.0268245
Sockets used: 25 (for perfect keepalive, would be 25)
Jitter: false
Code 200 : 194446 (100.0 %)
All done 194446 calls (plus 25 warmup) 7.714 ms avg, 3240.2 qps
Successfully wrote 2330 bytes of Json data to 2022-04-20-223852_asg_taewa_3_scaling_3_8.json
fortio exit code: 0
[2022-04-20T22:39:52]==============================[STATS]
jh CPU load avg:
0.10 0.08 0.08 1/163 1428
i-04104d2f95c27e91c
InService
Healthy
{}
i-0b890e121832674e7
InService
Healthy
{}
[2022-04-20T22:39:53]==============================[SCALING RUN 3: CHUNK 9]==============================
22:39:53 I logger.go:127> Log level is now 4 Error (was 2 Info)
Fortio 1.19.0 running at -1 queries per second, 2->2 procs, for 1m0s: http://asg-1-lb-423778270.us-east-1.elb.amazonaws.com:3000/?n=20000
Aggregated Function Time : count 194917 avg 0.0076957562 +/- 0.003487 min 0.001506444 max 0.061014712 sum 1500.03372
# target 50% 0.00623807
# target 75% 0.00860391
# target 90% 0.0102474
# target 99% 0.0192478
# target 99.9% 0.0270609
Sockets used: 25 (for perfect keepalive, would be 25)
Jitter: false
Code 200 : 194917 (100.0 %)
All done 194917 calls (plus 25 warmup) 7.696 ms avg, 3248.1 qps
Successfully wrote 2566 bytes of Json data to 2022-04-20-223953_asg_taewa_3_scaling_3_9.json
fortio exit code: 0
[2022-04-20T22:40:53]==============================[STATS]
jh CPU load avg:
0.10 0.08 0.08 1/163 1450
i-04104d2f95c27e91c
InService
Healthy
{}
i-0b890e121832674e7
InService
Healthy
{}
[2022-04-20T22:40:53]==============================[SCALING RUN 3: CHUNK 10]==============================
22:40:53 I logger.go:127> Log level is now 4 Error (was 2 Info)
Fortio 1.19.0 running at -1 queries per second, 2->2 procs, for 1m0s: http://asg-1-lb-423778270.us-east-1.elb.amazonaws.com:3000/?n=20000
Aggregated Function Time : count 196025 avg 0.0076521997 +/- 0.00339 min 0.001517289 max 0.029248711 sum 1500.02245
# target 50% 0.00621477
# target 75% 0.00856354
# target 90% 0.0099728
# target 99% 0.019076
# target 99.9% 0.0210821
Sockets used: 25 (for perfect keepalive, would be 25)
Jitter: false
Code 200 : 196025 (100.0 %)
All done 196025 calls (plus 25 warmup) 7.652 ms avg, 3266.6 qps
Successfully wrote 2094 bytes of Json data to 2022-04-20-224053_asg_taewa_3_scaling_3_10.json
fortio exit code: 0
[2022-04-20T22:41:53]==============================[STATS]
jh CPU load avg:
0.27 0.13 0.09 1/163 1468
i-04104d2f95c27e91c
InService
Healthy
{}
i-0b890e121832674e7
InService
Healthy
{}
[2022-04-20T22:41:54]==============================[SCALING RUN 3: CHUNK 11]==============================
22:41:54 I logger.go:127> Log level is now 4 Error (was 2 Info)
Fortio 1.19.0 running at -1 queries per second, 2->2 procs, for 1m0s: http://asg-1-lb-423778270.us-east-1.elb.amazonaws.com:3000/?n=20000
Aggregated Function Time : count 194415 avg 0.0077155663 +/- 0.003921 min 0.001495324 max 0.21480128 sum 1500.02183
# target 50% 0.00621331
# target 75% 0.00857233
# target 90% 0.00998774
# target 99% 0.019314
# target 99.9% 0.027927
Sockets used: 25 (for perfect keepalive, would be 25)
Jitter: false
Code 200 : 194415 (100.0 %)
All done 194415 calls (plus 25 warmup) 7.716 ms avg, 3239.7 qps
Successfully wrote 2443 bytes of Json data to 2022-04-20-224154_asg_taewa_3_scaling_3_11.json
fortio exit code: 0
[2022-04-20T22:42:54]==============================[STATS]
jh CPU load avg:
0.16 0.13 0.09 1/163 1485
i-04104d2f95c27e91c
InService
Healthy
{}
i-07fdd491481a7b7e8
InService
Healthy
{}
i-0b890e121832674e7
InService
Healthy
{}
[2022-04-20T22:42:55]==============================[SCALING RUN 3: CHUNK 12]==============================
22:42:55 I logger.go:127> Log level is now 4 Error (was 2 Info)
Fortio 1.19.0 running at -1 queries per second, 2->2 procs, for 1m0s: http://asg-1-lb-423778270.us-east-1.elb.amazonaws.com:3000/?n=20000
Aggregated Function Time : count 196023 avg 0.0076524281 +/- 0.003816 min 0.001460482 max 0.031626854 sum 1500.05192
# target 50% 0.00616858
# target 75% 0.00852265
# target 90% 0.00993509
# target 99% 0.0190873
# target 99.9% 0.0239621
Sockets used: 25 (for perfect keepalive, would be 25)
Jitter: false
Code 200 : 196023 (100.0 %)
All done 196023 calls (plus 25 warmup) 7.652 ms avg, 3266.4 qps
Successfully wrote 2207 bytes of Json data to 2022-04-20-224255_asg_taewa_3_scaling_3_12.json
fortio exit code: 0
[2022-04-20T22:43:55]==============================[STATS]
jh CPU load avg:
0.16 0.13 0.09 1/162 1502
i-04104d2f95c27e91c
InService
Healthy
{}
i-07fdd491481a7b7e8
InService
Healthy
{}
i-0b890e121832674e7
InService
Healthy
{}
[2022-04-20T22:43:55]==============================[SCALING RUN 3: CHUNK 13]==============================
22:43:55 I logger.go:127> Log level is now 4 Error (was 2 Info)
Fortio 1.19.0 running at -1 queries per second, 2->2 procs, for 1m0s: http://asg-1-lb-423778270.us-east-1.elb.amazonaws.com:3000/?n=20000
Aggregated Function Time : count 320091 avg 0.004686234 +/- 0.003899 min 0.001410946 max 0.210125666 sum 1500.02134
# target 50% 0.00595035
# target 75% 0.00822006
# target 90% 0.00958189
# target 99% 0.0183247
# target 99.9% 0.0213636
Sockets used: 25 (for perfect keepalive, would be 25)
Jitter: false
Code 200 : 320091 (100.0 %)
All done 320091 calls (plus 25 warmup) 4.686 ms avg, 5333.9 qps
Successfully wrote 2324 bytes of Json data to 2022-04-20-224355_asg_taewa_3_scaling_3_13.json
fortio exit code: 0
[2022-04-20T22:44:55]==============================[STATS]
jh CPU load avg:
0.17 0.14 0.09 1/163 1520
i-04104d2f95c27e91c
InService
Healthy
{}
i-07fdd491481a7b7e8
InService
Healthy
{}
i-0b890e121832674e7
InService
Healthy
{}
[2022-04-20T22:44:56]==============================[SCALING RUN 3: CHUNK 14]==============================
22:44:56 I logger.go:127> Log level is now 4 Error (was 2 Info)
Fortio 1.19.0 running at -1 queries per second, 2->2 procs, for 1m0s: http://asg-1-lb-423778270.us-east-1.elb.amazonaws.com:3000/?n=20000
Aggregated Function Time : count 317749 avg 0.0047206952 +/- 0.003971 min 0.001425892 max 0.078291965 sum 1499.99617
# target 50% 0.00597416
# target 75% 0.00824832
# target 90% 0.00961281
# target 99% 0.0185595
# target 99.9% 0.025681
Sockets used: 25 (for perfect keepalive, would be 25)
Jitter: false
Code 200 : 317749 (100.0 %)
All done 317749 calls (plus 25 warmup) 4.721 ms avg, 5294.9 qps
Successfully wrote 2566 bytes of Json data to 2022-04-20-224456_asg_taewa_3_scaling_3_14.json
fortio exit code: 0
[2022-04-20T22:45:56]==============================[STATS]
jh CPU load avg:
0.35 0.20 0.12 1/163 1537
i-04104d2f95c27e91c
InService
Healthy
{}
i-07fdd491481a7b7e8
InService
Healthy
{}
i-0b890e121832674e7
InService
Healthy
{}
[2022-04-20T22:49:57]==============================[GET DATA]==============================
2022-04-20T20:57:45..2022-04-20T22:49:57
asg-1-myASG
asg-1-lb
36K alb_data.json
24K asg_data.json
[2022-04-20T22:49:58]==============================[UPLOAD /2022.04.20_20-56_asg_taewa_3_41cf]==============================
Warning: Permanently added '34.125.40.213' (ECDSA) to the list of known hosts.
