+ git log -3
commit 41cf33201aead23cba1f1e121e9d87237bf6cc23
Author: Your Name <you@example.com>
Date:   Tue Mar 29 08:52:16 2022 +1300

    more logging

commit 0c47b221b750550e4a95f529bba3d75a205557ea
Author: Your Name <you@example.com>
Date:   Sun Mar 27 08:46:05 2022 +1300

    adjust Taewa lite and add Tewa extra tests

commit 865b4d5a55b8bf5cca7934deda9a241b9cbff638
Author: Your Name <you@example.com>
Date:   Sat Mar 26 21:35:59 2022 +1300

    reduce apache2 deployment requests
++ cut -d _ -f 2
+ app=taewa
+ export AWS_DEFAULT_REGION=us-east-1
+ AWS_DEFAULT_REGION=us-east-1
+ line===============================
++ date +%FT%T
+ echo '[2022-04-05T01:03:41]==============================[starting' in '/tmp/k8s-vs-ASG/data/cli]=============================='
[2022-04-05T01:03:41]==============================[starting in /tmp/k8s-vs-ASG/data/cli]==============================
+ source 0.setup.sh
++ set -x
++ '[' asg_taewa_3 == k8s_apache_3 ']'
++ '[' asg_taewa_3 == asg_apache_3 ']'
++ '[' asg_taewa_3 == k8s_apache2_3 ']'
++ '[' asg_taewa_3 == k8s_taewa_3 ']'
++ '[' asg_taewa_3 == asg_taewa_3 ']'
++ warmup_url='3000/?n=20000'
++ testing_url='3000/?n=20000'
++ cpu_perc=35
++ warmup_min_threads=15
++ warmup_max_threads=25
++ warmup_cycle_sec=90
++ scaling_minutes=14
++ performance_sec=300
++ max_capacity=3
++ fortio_options='-a -qps -1 -r 0.01 -loglevel Error -allow-initial-errors'
++ '[' asg_taewa_3 == k8s_taewa_3lite ']'
++ '[' asg_taewa_3 == asg_taewa_3lite ']'
++ '[' asg_taewa_3 == k8s_taewa_3extra ']'
++ '[' asg_taewa_3 == asg_taewa_3extra ']'
++ '[' asg_taewa_3 == k8s_taewa_6 ']'
++ '[' asg_taewa_3 == asg_taewa_6 ']'
++ '[' asg_taewa_3 == k8s_riwai_3 ']'
++ '[' asg_taewa_3 == asg_riwai_3 ']'
++ '[' asg_taewa_3 == asg_raupi_3 ']'
++ '[' asg_taewa_3 == k8s_raupi_3 ']'
++ set +x
{
    "Account": "322197409684", 
    "UserId": "AIDAUWBDWJ6KPTT7CMJFY", 
    "Arn": "arn:aws:iam::322197409684:user/ad"
}
[2022-04-05T01:03:46] waiting for instances ...
scaling to 3
{
    "HealthCheck": {
        "HealthyThreshold": 2, 
        "Interval": 10, 
        "Target": "HTTP:3000/?n=20000", 
        "Timeout": 5, 
        "UnhealthyThreshold": 6
    }
}
  % Total    % Received % Xferd  Average Speed   Time    Time     Time  Current
                                 Dload  Upload   Total   Spent    Left  Speed
  0     0    0     0    0     0      0      0 --:--:-- --:--:-- --:--:--     0100    44    0    44    0     0   2521      0 --:--:-- --:--:-- --:--:--  2588
The result of this run is :  4991.2402639422
[2022-04-05T01:08:50]==============================[STATS]
jh CPU load avg:
0.00 0.11 0.07 1/156 2869
i-058041eae4382842e
InService
Healthy
{}
i-09ac0dd5260b6986a
InService
Healthy
{}
i-0b165b96dc8344f87
InService
Healthy
{}
[2022-04-05T01:08:50]==============================[WARMUP RUN c15]==============================
01:08:50 I logger.go:127> Log level is now 4 Error (was 2 Info)
Fortio 1.19.0 running at -1 queries per second, 2->2 procs, for 1m30s: http://asg-1-lb-954923599.us-east-1.elb.amazonaws.com:3000/?n=20000
Aggregated Function Time : count 554950 avg 0.0024324425 +/- 0.002266 min 0.001089948 max 0.213163413 sum 1349.88398
# target 50% 0.00554998
# target 75% 0.00778001
# target 90% 0.00911802
# target 99% 0.00992083
# target 99.9% 0.0113152
Sockets used: 15 (for perfect keepalive, would be 15)
Jitter: false
Code 200 : 554950 (100.0 %)
All done 554950 calls (plus 15 warmup) 2.432 ms avg, 6165.9 qps
Successfully wrote 2561 bytes of Json data to 2022-04-05-010850_asg_taewa_3_warmup_15.json
fortio exit code: 0
[2022-04-05T01:10:20]==============================[STATS]
jh CPU load avg:
0.22 0.15 0.09 1/158 2894
i-058041eae4382842e
InService
Healthy
{}
i-09ac0dd5260b6986a
InService
Healthy
{}
i-0b165b96dc8344f87
InService
Healthy
{}
[2022-04-05T01:11:21]==============================[STATS]
jh CPU load avg:
0.08 0.12 0.09 1/158 2903
i-058041eae4382842e
InService
Healthy
{}
i-09ac0dd5260b6986a
InService
Healthy
{}
i-0b165b96dc8344f87
InService
Healthy
{}
[2022-04-05T01:11:22]==============================[WARMUP RUN c16]==============================
01:11:22 I logger.go:127> Log level is now 4 Error (was 2 Info)
Fortio 1.19.0 running at -1 queries per second, 2->2 procs, for 1m30s: http://asg-1-lb-954923599.us-east-1.elb.amazonaws.com:3000/?n=20000
Aggregated Function Time : count 563590 avg 0.0025548484 +/- 0.002255 min 0.001109544 max 0.216893752 sum 1439.88699
# target 50% 0.00555824
# target 75% 0.00778259
# target 90% 0.0091172
# target 99% 0.00991797
# target 99.9% 0.00999805
Sockets used: 16 (for perfect keepalive, would be 16)
Jitter: false
Code 200 : 563590 (100.0 %)
All done 563590 calls (plus 16 warmup) 2.555 ms avg, 6261.9 qps
Successfully wrote 2205 bytes of Json data to 2022-04-05-011122_asg_taewa_3_warmup_16.json
fortio exit code: 0
[2022-04-05T01:12:52]==============================[STATS]
jh CPU load avg:
0.12 0.13 0.09 1/158 2923
i-058041eae4382842e
InService
Healthy
{}
i-09ac0dd5260b6986a
InService
Healthy
{}
i-0b165b96dc8344f87
InService
Healthy
{}
[2022-04-05T01:13:52]==============================[STATS]
jh CPU load avg:
0.04 0.10 0.08 1/158 2932
i-058041eae4382842e
InService
Healthy
{}
i-09ac0dd5260b6986a
InService
Healthy
{}
i-0b165b96dc8344f87
InService
Healthy
{}
[2022-04-05T01:13:53]==============================[WARMUP RUN c17]==============================
01:13:53 I logger.go:127> Log level is now 4 Error (was 2 Info)
Fortio 1.19.0 running at -1 queries per second, 2->2 procs, for 1m30s: http://asg-1-lb-954923599.us-east-1.elb.amazonaws.com:3000/?n=20000
Aggregated Function Time : count 550685 avg 0.0027783792 +/- 0.002797 min 0.001097564 max 0.215437485 sum 1530.01178
# target 50% 0.00556201
# target 75% 0.00779425
# target 90% 0.00913358
# target 99% 0.00993719
# target 99.9% 0.018083
Sockets used: 17 (for perfect keepalive, would be 17)
Jitter: false
Code 200 : 550685 (100.0 %)
All done 550685 calls (plus 17 warmup) 2.778 ms avg, 6110.9 qps
Successfully wrote 2562 bytes of Json data to 2022-04-05-011353_asg_taewa_3_warmup_17.json
fortio exit code: 0
[2022-04-05T01:15:23]==============================[STATS]
jh CPU load avg:
0.34 0.18 0.11 1/156 2950
i-058041eae4382842e
InService
Healthy
{}
i-09ac0dd5260b6986a
InService
Healthy
{}
i-0b165b96dc8344f87
InService
Healthy
{}
[2022-04-05T01:16:23]==============================[STATS]
jh CPU load avg:
0.12 0.14 0.10 1/157 2960
i-058041eae4382842e
InService
Healthy
{}
i-09ac0dd5260b6986a
InService
Healthy
{}
i-0b165b96dc8344f87
InService
Healthy
{}
[2022-04-05T01:16:24]==============================[WARMUP RUN c18]==============================
01:16:24 I logger.go:127> Log level is now 4 Error (was 2 Info)
Fortio 1.19.0 running at -1 queries per second, 2->2 procs, for 1m30s: http://asg-1-lb-954923599.us-east-1.elb.amazonaws.com:3000/?n=20000
Aggregated Function Time : count 557028 avg 0.0029080985 +/- 0.002123 min 0.00111219 max 0.220691883 sum 1619.89228
# target 50% 0.00556183
# target 75% 0.00778666
# target 90% 0.00912156
# target 99% 0.00992249
# target 99.9% 0.0124842
Sockets used: 18 (for perfect keepalive, would be 18)
Jitter: false
Code 200 : 557028 (100.0 %)
All done 557028 calls (plus 18 warmup) 2.908 ms avg, 6188.9 qps
Successfully wrote 2320 bytes of Json data to 2022-04-05-011624_asg_taewa_3_warmup_18.json
fortio exit code: 0
[2022-04-05T01:17:54]==============================[STATS]
jh CPU load avg:
0.38 0.21 0.12 1/159 3016
i-058041eae4382842e
InService
Healthy
{}
i-09ac0dd5260b6986a
InService
Healthy
{}
i-0b165b96dc8344f87
InService
Healthy
{}
[2022-04-05T01:18:55]==============================[STATS]
jh CPU load avg:
0.14 0.17 0.11 1/159 3025
i-058041eae4382842e
InService
Healthy
{}
i-09ac0dd5260b6986a
InService
Healthy
{}
i-0b165b96dc8344f87
InService
Healthy
{}
[2022-04-05T01:18:55]==============================[WARMUP RUN c19]==============================
01:18:55 I logger.go:127> Log level is now 4 Error (was 2 Info)
Fortio 1.19.0 running at -1 queries per second, 2->2 procs, for 1m30s: http://asg-1-lb-954923599.us-east-1.elb.amazonaws.com:3000/?n=20000
Aggregated Function Time : count 555994 avg 0.0030754033 +/- 0.002327 min 0.001102413 max 0.213332852 sum 1709.9058
# target 50% 0.00555972
# target 75% 0.00778838
# target 90% 0.00912558
# target 99% 0.0099279
# target 99.9% 0.0150199
Sockets used: 19 (for perfect keepalive, would be 19)
Jitter: false
Code 200 : 555994 (100.0 %)
All done 555994 calls (plus 19 warmup) 3.075 ms avg, 6177.4 qps
Successfully wrote 2208 bytes of Json data to 2022-04-05-011855_asg_taewa_3_warmup_19.json
fortio exit code: 0
[2022-04-05T01:20:25]==============================[STATS]
jh CPU load avg:
0.24 0.22 0.13 1/160 3049
i-058041eae4382842e
InService
Healthy
{}
i-09ac0dd5260b6986a
InService
Healthy
{}
i-0b165b96dc8344f87
InService
Healthy
{}
[2022-04-05T01:21:26]==============================[STATS]
jh CPU load avg:
0.09 0.18 0.12 1/160 3058
i-058041eae4382842e
InService
Healthy
{}
i-09ac0dd5260b6986a
InService
Healthy
{}
i-0b165b96dc8344f87
InService
Healthy
{}
[2022-04-05T01:21:27]==============================[WARMUP RUN c20]==============================
01:21:27 I logger.go:127> Log level is now 4 Error (was 2 Info)
Fortio 1.19.0 running at -1 queries per second, 2->2 procs, for 1m30s: http://asg-1-lb-954923599.us-east-1.elb.amazonaws.com:3000/?n=20000
Aggregated Function Time : count 561218 avg 0.0032071469 +/- 0.001873 min 0.001123627 max 0.215390546 sum 1799.90857
# target 50% 0.00556863
# target 75% 0.00779114
# target 90% 0.00912465
# target 99% 0.00992475
# target 99.9% 0.0136414
Sockets used: 20 (for perfect keepalive, would be 20)
Jitter: false
Code 200 : 561218 (100.0 %)
All done 561218 calls (plus 20 warmup) 3.207 ms avg, 6235.5 qps
Successfully wrote 2324 bytes of Json data to 2022-04-05-012127_asg_taewa_3_warmup_20.json
fortio exit code: 0
[2022-04-05T01:22:57]==============================[STATS]
jh CPU load avg:
0.48 0.28 0.16 1/158 3076
i-058041eae4382842e
InService
Healthy
{}
i-09ac0dd5260b6986a
InService
Healthy
{}
i-0b165b96dc8344f87
InService
Healthy
{}
[2022-04-05T01:23:57]==============================[STATS]
jh CPU load avg:
0.19 0.23 0.15 1/158 3085
i-058041eae4382842e
InService
Healthy
{}
i-09ac0dd5260b6986a
InService
Healthy
{}
i-0b165b96dc8344f87
InService
Healthy
{}
[2022-04-05T01:23:58]==============================[WARMUP RUN c21]==============================
01:23:58 I logger.go:127> Log level is now 4 Error (was 2 Info)
Fortio 1.19.0 running at -1 queries per second, 2->2 procs, for 1m30s: http://asg-1-lb-954923599.us-east-1.elb.amazonaws.com:3000/?n=20000
Aggregated Function Time : count 558993 avg 0.0033809048 +/- 0.002593 min 0.001116448 max 0.218232546 sum 1889.9021
# target 50% 0.00557115
# target 75% 0.00779851
# target 90% 0.00913492
# target 99% 0.00993677
# target 99.9% 0.0171747
Sockets used: 21 (for perfect keepalive, would be 21)
Jitter: false
Code 200 : 558993 (100.0 %)
All done 558993 calls (plus 21 warmup) 3.381 ms avg, 6210.7 qps
Successfully wrote 2441 bytes of Json data to 2022-04-05-012358_asg_taewa_3_warmup_21.json
fortio exit code: 0
[2022-04-05T01:25:28]==============================[STATS]
jh CPU load avg:
0.24 0.23 0.16 1/157 3104
i-058041eae4382842e
InService
Healthy
{}
i-09ac0dd5260b6986a
InService
Healthy
{}
i-0b165b96dc8344f87
InService
Healthy
{}
[2022-04-05T01:26:28]==============================[STATS]
jh CPU load avg:
0.09 0.19 0.15 1/157 3113
i-058041eae4382842e
InService
Healthy
{}
i-09ac0dd5260b6986a
InService
Healthy
{}
i-0b165b96dc8344f87
InService
Healthy
{}
[2022-04-05T01:26:29]==============================[WARMUP RUN c22]==============================
01:26:29 I logger.go:127> Log level is now 4 Error (was 2 Info)
Fortio 1.19.0 running at -1 queries per second, 2->2 procs, for 1m30s: http://asg-1-lb-954923599.us-east-1.elb.amazonaws.com:3000/?n=20000
Aggregated Function Time : count 566655 avg 0.003494015 +/- 0.002537 min 0.001140253 max 0.214729338 sum 1979.90107
# target 50% 0.00557993
# target 75% 0.00779977
# target 90% 0.00913168
# target 99% 0.00993082
# target 99.9% 0.0158228
Sockets used: 22 (for perfect keepalive, would be 22)
Jitter: false
Code 200 : 566655 (100.0 %)
All done 566655 calls (plus 22 warmup) 3.494 ms avg, 6295.8 qps
Successfully wrote 2204 bytes of Json data to 2022-04-05-012629_asg_taewa_3_warmup_22.json
fortio exit code: 0
[2022-04-05T01:27:59]==============================[STATS]
jh CPU load avg:
0.34 0.21 0.16 1/157 3179
i-058041eae4382842e
InService
Healthy
{}
i-09ac0dd5260b6986a
InService
Healthy
{}
i-0b165b96dc8344f87
InService
Healthy
{}
[2022-04-05T01:29:00]==============================[STATS]
jh CPU load avg:
0.12 0.17 0.15 1/157 3188
i-058041eae4382842e
InService
Healthy
{}
i-09ac0dd5260b6986a
InService
Healthy
{}
i-0b165b96dc8344f87
InService
Healthy
{}
[2022-04-05T01:29:00]==============================[WARMUP RUN c23]==============================
01:29:00 I logger.go:127> Log level is now 4 Error (was 2 Info)
Fortio 1.19.0 running at -1 queries per second, 2->2 procs, for 1m30s: http://asg-1-lb-954923599.us-east-1.elb.amazonaws.com:3000/?n=20000
Aggregated Function Time : count 557242 avg 0.0037145613 +/- 0.002547 min 0.00115023 max 0.220765609 sum 2069.90954
# target 50% 0.00559559
# target 75% 0.00781827
# target 90% 0.00915188
# target 99% 0.00995205
# target 99.9% 0.0187381
Sockets used: 23 (for perfect keepalive, would be 23)
Jitter: false
Code 200 : 557242 (100.0 %)
All done 557242 calls (plus 23 warmup) 3.715 ms avg, 6191.3 qps
Successfully wrote 2559 bytes of Json data to 2022-04-05-012900_asg_taewa_3_warmup_23.json
fortio exit code: 0
[2022-04-05T01:30:30]==============================[STATS]
jh CPU load avg:
0.49 0.27 0.18 1/158 3214
i-058041eae4382842e
InService
Healthy
{}
i-09ac0dd5260b6986a
InService
Healthy
{}
i-0b165b96dc8344f87
InService
Healthy
{}
[2022-04-05T01:31:31]==============================[STATS]
jh CPU load avg:
0.18 0.22 0.17 1/158 3223
i-058041eae4382842e
InService
Healthy
{}
i-09ac0dd5260b6986a
InService
Healthy
{}
i-0b165b96dc8344f87
InService
Healthy
{}
[2022-04-05T01:31:32]==============================[WARMUP RUN c24]==============================
01:31:32 I logger.go:127> Log level is now 4 Error (was 2 Info)
Fortio 1.19.0 running at -1 queries per second, 2->2 procs, for 1m30s: http://asg-1-lb-954923599.us-east-1.elb.amazonaws.com:3000/?n=20000
Aggregated Function Time : count 556458 avg 0.0038815818 +/- 0.00299 min 0.001141993 max 0.222059799 sum 2159.93725
# target 50% 0.00561817
# target 75% 0.00785626
# target 90% 0.00919912
# target 99% 0.0105342
# target 99.9% 0.0194391
Sockets used: 24 (for perfect keepalive, would be 24)
Jitter: false
Code 200 : 556458 (100.0 %)
All done 556458 calls (plus 24 warmup) 3.882 ms avg, 6182.2 qps
Successfully wrote 2440 bytes of Json data to 2022-04-05-013132_asg_taewa_3_warmup_24.json
fortio exit code: 0
[2022-04-05T01:33:02]==============================[STATS]
jh CPU load avg:
0.40 0.28 0.19 1/158 3241
i-058041eae4382842e
InService
Healthy
{}
i-09ac0dd5260b6986a
InService
Healthy
{}
i-0b165b96dc8344f87
InService
Healthy
{}
[2022-04-05T01:34:03]==============================[STATS]
jh CPU load avg:
0.13 0.22 0.18 1/158 3250
i-058041eae4382842e
InService
Healthy
{}
i-09ac0dd5260b6986a
InService
Healthy
{}
i-0b165b96dc8344f87
InService
Healthy
{}
[2022-04-05T01:34:03]==============================[WARMUP RUN c25]==============================
01:34:03 I logger.go:127> Log level is now 4 Error (was 2 Info)
Fortio 1.19.0 running at -1 queries per second, 2->2 procs, for 1m30s: http://asg-1-lb-954923599.us-east-1.elb.amazonaws.com:3000/?n=20000
Aggregated Function Time : count 563511 avg 0.0039929405 +/- 0.002588 min 0.001157047 max 0.220501777 sum 2250.06587
# target 50% 0.00559447
# target 75% 0.00781319
# target 90% 0.00914442
# target 99% 0.00994316
# target 99.9% 0.0175542
Sockets used: 25 (for perfect keepalive, would be 25)
Jitter: false
Code 200 : 563511 (100.0 %)
All done 563511 calls (plus 25 warmup) 3.993 ms avg, 6250.9 qps
Successfully wrote 2323 bytes of Json data to 2022-04-05-013403_asg_taewa_3_warmup_25.json
fortio exit code: 0
[2022-04-05T01:35:34]==============================[STATS]
jh CPU load avg:
0.18 0.22 0.18 1/157 3269
i-058041eae4382842e
InService
Healthy
{}
i-09ac0dd5260b6986a
InService
Healthy
{}
i-0b165b96dc8344f87
InService
Healthy
{}
{
    "LoadBalancerDescriptions": [
        {
            "Subnets": [
                "subnet-02ec2d766dba98854", 
                "subnet-09c1bf1a45d474cac"
            ], 
            "CanonicalHostedZoneNameID": "Z35SXDOTRQ7X7K", 
            "CanonicalHostedZoneName": "asg-1-lb-954923599.us-east-1.elb.amazonaws.com", 
            "ListenerDescriptions": [
                {
                    "Listener": {
                        "InstancePort": 3000, 
                        "LoadBalancerPort": 3000, 
                        "Protocol": "TCP", 
                        "InstanceProtocol": "TCP"
                    }, 
                    "PolicyNames": []
                }, 
                {
                    "Listener": {
                        "InstancePort": 80, 
                        "LoadBalancerPort": 80, 
                        "Protocol": "TCP", 
                        "InstanceProtocol": "TCP"
                    }, 
                    "PolicyNames": []
                }
            ], 
            "HealthCheck": {
                "HealthyThreshold": 2, 
                "Interval": 10, 
                "Target": "HTTP:3000/?n=20000", 
                "Timeout": 5, 
                "UnhealthyThreshold": 6
            }, 
            "VPCId": "vpc-03a8566e579912182", 
            "BackendServerDescriptions": [], 
            "Instances": [
                {
                    "InstanceId": "i-058041eae4382842e"
                }, 
                {
                    "InstanceId": "i-0b165b96dc8344f87"
                }, 
                {
                    "InstanceId": "i-09ac0dd5260b6986a"
                }
            ], 
            "DNSName": "asg-1-lb-954923599.us-east-1.elb.amazonaws.com", 
            "SecurityGroups": [
                "sg-0decbbce32d6b1d53"
            ], 
            "Policies": {
                "LBCookieStickinessPolicies": [], 
                "AppCookieStickinessPolicies": [], 
                "OtherPolicies": []
            }, 
            "LoadBalancerName": "asg-1-lb", 
            "CreatedTime": "2022-04-05T00:59:51.360Z", 
            "AvailabilityZones": [
                "us-east-1b", 
                "us-east-1a"
            ], 
            "Scheme": "internet-facing", 
            "SourceSecurityGroup": {
                "OwnerAlias": "322197409684", 
                "GroupName": "asg-1-ALBSecurityGroup-ZG77ZJKOD31H"
            }
        }
    ]
}
{
    "AutoScalingGroups": [
        {
            "AutoScalingGroupARN": "arn:aws:autoscaling:us-east-1:322197409684:autoScalingGroup:2fac8faa-5e15-4d4e-b91b-dd9f0500aefb:autoScalingGroupName/asg-1-myASG", 
            "ServiceLinkedRoleARN": "arn:aws:iam::322197409684:role/aws-service-role/autoscaling.amazonaws.com/AWSServiceRoleForAutoScaling", 
            "TargetGroupARNs": [], 
            "SuspendedProcesses": [], 
            "LaunchTemplate": {
                "LaunchTemplateName": "asg-1-launch-template", 
                "Version": "1", 
                "LaunchTemplateId": "lt-07afa5a5924072df6"
            }, 
            "Tags": [
                {
                    "ResourceType": "auto-scaling-group", 
                    "ResourceId": "asg-1-myASG", 
                    "PropagateAtLaunch": true, 
                    "Value": "asg-1-instance", 
                    "Key": "Name"
                }, 
                {
                    "ResourceType": "auto-scaling-group", 
                    "ResourceId": "asg-1-myASG", 
                    "PropagateAtLaunch": false, 
                    "Value": "WebServerGroup", 
                    "Key": "Purpose"
                }, 
                {
                    "ResourceType": "auto-scaling-group", 
                    "ResourceId": "asg-1-myASG", 
                    "PropagateAtLaunch": true, 
                    "Value": "myASG", 
                    "Key": "aws:cloudformation:logical-id"
                }, 
                {
                    "ResourceType": "auto-scaling-group", 
                    "ResourceId": "asg-1-myASG", 
                    "PropagateAtLaunch": true, 
                    "Value": "arn:aws:cloudformation:us-east-1:322197409684:stack/asg-1/a8c62de0-b47b-11ec-bcb0-0ec92f60fb8b", 
                    "Key": "aws:cloudformation:stack-id"
                }, 
                {
                    "ResourceType": "auto-scaling-group", 
                    "ResourceId": "asg-1-myASG", 
                    "PropagateAtLaunch": true, 
                    "Value": "asg-1", 
                    "Key": "aws:cloudformation:stack-name"
                }
            ], 
            "EnabledMetrics": [
                {
                    "Metric": "GroupPendingInstances", 
                    "Granularity": "1Minute"
                }, 
                {
                    "Metric": "WarmPoolTerminatingCapacity", 
                    "Granularity": "1Minute"
                }, 
                {
                    "Metric": "WarmPoolWarmedCapacity", 
                    "Granularity": "1Minute"
                }, 
                {
                    "Metric": "GroupAndWarmPoolDesiredCapacity", 
                    "Granularity": "1Minute"
                }, 
                {
                    "Metric": "GroupMaxSize", 
                    "Granularity": "1Minute"
                }, 
                {
                    "Metric": "GroupInServiceInstances", 
                    "Granularity": "1Minute"
                }, 
                {
                    "Metric": "GroupAndWarmPoolTotalCapacity", 
                    "Granularity": "1Minute"
                }, 
                {
                    "Metric": "GroupStandbyCapacity", 
                    "Granularity": "1Minute"
                }, 
                {
                    "Metric": "WarmPoolPendingCapacity", 
                    "Granularity": "1Minute"
                }, 
                {
                    "Metric": "WarmPoolMinSize", 
                    "Granularity": "1Minute"
                }, 
                {
                    "Metric": "GroupTerminatingInstances", 
                    "Granularity": "1Minute"
                }, 
                {
                    "Metric": "GroupTotalCapacity", 
                    "Granularity": "1Minute"
                }, 
                {
                    "Metric": "WarmPoolTotalCapacity", 
                    "Granularity": "1Minute"
                }, 
                {
                    "Metric": "GroupTerminatingCapacity", 
                    "Granularity": "1Minute"
                }, 
                {
                    "Metric": "GroupTotalInstances", 
                    "Granularity": "1Minute"
                }, 
                {
                    "Metric": "GroupMinSize", 
                    "Granularity": "1Minute"
                }, 
                {
                    "Metric": "GroupInServiceCapacity", 
                    "Granularity": "1Minute"
                }, 
                {
                    "Metric": "WarmPoolDesiredCapacity", 
                    "Granularity": "1Minute"
                }, 
                {
                    "Metric": "GroupStandbyInstances", 
                    "Granularity": "1Minute"
                }, 
                {
                    "Metric": "GroupDesiredCapacity", 
                    "Granularity": "1Minute"
                }, 
                {
                    "Metric": "GroupPendingCapacity", 
                    "Granularity": "1Minute"
                }
            ], 
            "TerminationPolicies": [
                "Default"
            ], 
            "AutoScalingGroupName": "asg-1-myASG", 
            "DefaultCooldown": 300, 
            "MinSize": 1, 
            "Instances": [
                {
                    "ProtectedFromScaleIn": false, 
                    "AvailabilityZone": "us-east-1b", 
                    "LaunchTemplate": {
                        "LaunchTemplateName": "asg-1-launch-template", 
                        "Version": "1", 
                        "LaunchTemplateId": "lt-07afa5a5924072df6"
                    }, 
                    "InstanceId": "i-058041eae4382842e", 
                    "HealthStatus": "Healthy", 
                    "LifecycleState": "InService", 
                    "InstanceType": "t3.medium"
                }, 
                {
                    "ProtectedFromScaleIn": false, 
                    "AvailabilityZone": "us-east-1a", 
                    "LaunchTemplate": {
                        "LaunchTemplateName": "asg-1-launch-template", 
                        "Version": "1", 
                        "LaunchTemplateId": "lt-07afa5a5924072df6"
                    }, 
                    "InstanceId": "i-09ac0dd5260b6986a", 
                    "HealthStatus": "Healthy", 
                    "LifecycleState": "InService", 
                    "InstanceType": "t3.medium"
                }, 
                {
                    "ProtectedFromScaleIn": false, 
                    "AvailabilityZone": "us-east-1a", 
                    "LaunchTemplate": {
                        "LaunchTemplateName": "asg-1-launch-template", 
                        "Version": "1", 
                        "LaunchTemplateId": "lt-07afa5a5924072df6"
                    }, 
                    "InstanceId": "i-0b165b96dc8344f87", 
                    "HealthStatus": "Healthy", 
                    "LifecycleState": "InService", 
                    "InstanceType": "t3.medium"
                }
            ], 
            "MaxSize": 3, 
            "VPCZoneIdentifier": "subnet-09c1bf1a45d474cac,subnet-02ec2d766dba98854", 
            "HealthCheckGracePeriod": 300, 
            "LoadBalancerNames": [
                "asg-1-lb"
            ], 
            "CreatedTime": "2022-04-05T01:02:15.688Z", 
            "AvailabilityZones": [
                "us-east-1a", 
                "us-east-1b"
            ], 
            "HealthCheckType": "EC2", 
            "NewInstancesProtectedFromScaleIn": false, 
            "DesiredCapacity": 3
        }
    ]
}
[2022-04-05T01:36:36]==============================[PERFORMANCE CHUNK RUN 26]==============================
[2022-04-05T01:37:36]==============================[STATS]
jh CPU load avg:
0.02 0.14 0.16 1/157 3295
i-058041eae4382842e
InService
Healthy
{}
i-09ac0dd5260b6986a
InService
Healthy
{}
i-0b165b96dc8344f87
InService
Healthy
{}
01:37:37 I logger.go:127> Log level is now 4 Error (was 2 Info)
Fortio 1.19.0 running at -1 queries per second, 2->2 procs, for 1m0s: http://asg-1-lb-954923599.us-east-1.elb.amazonaws.com:3000/?n=20000
Aggregated Function Time : count 368264 avg 0.0040730426 +/- 0.002453 min 0.001149852 max 0.218768138 sum 1499.95498
# target 50% 0.00561743
# target 75% 0.00785124
# target 90% 0.00919152
# target 99% 0.00999569
# target 99.9% 0.019414
Sockets used: 25 (for perfect keepalive, would be 25)
Jitter: false
Code 200 : 368264 (100.0 %)
All done 368264 calls (plus 25 warmup) 4.073 ms avg, 6137.2 qps
Successfully wrote 2454 bytes of Json data to 2022-04-05-013737_asg_taewa_3_performance_chunk_26_1.json
fortio exit code: 0
[2022-04-05T01:38:37]==============================[STATS]
jh CPU load avg:
0.13 0.16 0.16 1/157 3310
i-058041eae4382842e
InService
Healthy
{}
i-09ac0dd5260b6986a
InService
Healthy
{}
i-0b165b96dc8344f87
InService
Healthy
{}
01:38:37 I logger.go:127> Log level is now 4 Error (was 2 Info)
Fortio 1.19.0 running at -1 queries per second, 2->2 procs, for 1m0s: http://asg-1-lb-954923599.us-east-1.elb.amazonaws.com:3000/?n=20000
Aggregated Function Time : count 367431 avg 0.0040822856 +/- 0.002577 min 0.001132718 max 0.212403026 sum 1499.95828
# target 50% 0.00584667
# target 75% 0.00820366
# target 90% 0.00961786
# target 99% 0.0184042
# target 99.9% 0.0199332
Sockets used: 25 (for perfect keepalive, would be 25)
Jitter: false
Code 200 : 367431 (100.0 %)
All done 367431 calls (plus 25 warmup) 4.082 ms avg, 6123.3 qps
Successfully wrote 2696 bytes of Json data to 2022-04-05-013837_asg_taewa_3_performance_chunk_26_2.json
fortio exit code: 0
[2022-04-05T01:39:37]==============================[STATS]
jh CPU load avg:
0.41 0.23 0.19 1/157 3326
i-058041eae4382842e
InService
Healthy
{}
i-09ac0dd5260b6986a
InService
Healthy
{}
i-0b165b96dc8344f87
InService
Healthy
{}
01:39:38 I logger.go:127> Log level is now 4 Error (was 2 Info)
Fortio 1.19.0 running at -1 queries per second, 2->2 procs, for 1m0s: http://asg-1-lb-954923599.us-east-1.elb.amazonaws.com:3000/?n=20000
Aggregated Function Time : count 371666 avg 0.004035766 +/- 0.002451 min 0.001152435 max 0.213245772 sum 1499.95702
# target 50% 0.005843
# target 75% 0.0081883
# target 90% 0.00959547
# target 99% 0.0182583
# target 99.9% 0.0198437
Sockets used: 25 (for perfect keepalive, would be 25)
Jitter: false
Code 200 : 371666 (100.0 %)
All done 371666 calls (plus 25 warmup) 4.036 ms avg, 6193.9 qps
Successfully wrote 2217 bytes of Json data to 2022-04-05-013938_asg_taewa_3_performance_chunk_26_3.json
fortio exit code: 0
[2022-04-05T01:40:38]==============================[STATS]
jh CPU load avg:
0.25 0.22 0.18 1/158 3349
i-058041eae4382842e
InService
Healthy
{}
i-09ac0dd5260b6986a
InService
Healthy
{}
i-0b165b96dc8344f87
InService
Healthy
{}
01:40:39 I logger.go:127> Log level is now 4 Error (was 2 Info)
Fortio 1.19.0 running at -1 queries per second, 2->2 procs, for 1m0s: http://asg-1-lb-954923599.us-east-1.elb.amazonaws.com:3000/?n=20000
Aggregated Function Time : count 374831 avg 0.0040016676 +/- 0.003006 min 0.001165641 max 0.213988469 sum 1499.94908
# target 50% 0.00580391
# target 75% 0.00812306
# target 90% 0.00951455
# target 99% 0.0179288
# target 99.9% 0.0198232
Sockets used: 25 (for perfect keepalive, would be 25)
Jitter: false
Code 200 : 374831 (100.0 %)
All done 374831 calls (plus 25 warmup) 4.002 ms avg, 6246.6 qps
Successfully wrote 2335 bytes of Json data to 2022-04-05-014039_asg_taewa_3_performance_chunk_26_4.json
fortio exit code: 0
[2022-04-05T01:41:39]==============================[STATS]
jh CPU load avg:
0.36 0.27 0.20 1/158 3365
i-058041eae4382842e
InService
Healthy
{}
i-09ac0dd5260b6986a
InService
Healthy
{}
i-0b165b96dc8344f87
InService
Healthy
{}
01:41:39 I logger.go:127> Log level is now 4 Error (was 2 Info)
Fortio 1.19.0 running at -1 queries per second, 2->2 procs, for 1m0s: http://asg-1-lb-954923599.us-east-1.elb.amazonaws.com:3000/?n=20000
Aggregated Function Time : count 373808 avg 0.0040126593 +/- 0.002267 min 0.001157812 max 0.213362439 sum 1499.96415
# target 50% 0.00559875
# target 75% 0.00781923
# target 90% 0.00915151
# target 99% 0.00995088
# target 99.9% 0.0180471
Sockets used: 25 (for perfect keepalive, would be 25)
Jitter: false
Code 200 : 373808 (100.0 %)
All done 373808 calls (plus 25 warmup) 4.013 ms avg, 6229.5 qps
Successfully wrote 2218 bytes of Json data to 2022-04-05-014139_asg_taewa_3_performance_chunk_26_5.json
fortio exit code: 0
[2022-04-05T01:43:39]==============================[STATS]
jh CPU load avg:
0.08 0.20 0.18 1/158 3383
i-058041eae4382842e
InService
Healthy
{}
i-09ac0dd5260b6986a
InService
Healthy
{}
i-0b165b96dc8344f87
InService
Healthy
{}
[2022-04-05T01:43:40]==============================[PERFORMANCE RUN 1]==============================
01:43:40 I logger.go:127> Log level is now 4 Error (was 2 Info)
Fortio 1.19.0 running at -1 queries per second, 2->2 procs, for 5m0s: http://asg-1-lb-954923599.us-east-1.elb.amazonaws.com:3000/?n=20000
Aggregated Function Time : count 1840824 avg 0.0040740645 +/- 0.002639 min 0.001149223 max 0.222930285 sum 7499.63573
# target 50% 0.00584422
# target 75% 0.00819173
# target 90% 0.00960023
# target 99% 0.0182948
# target 99.9% 0.0198689
Sockets used: 25 (for perfect keepalive, would be 25)
Jitter: false
Code 200 : 1840824 (100.0 %)
All done 1840824 calls (plus 25 warmup) 4.074 ms avg, 6136.0 qps
Successfully wrote 2574 bytes of Json data to 2022-04-05-014340_asg_taewa_3_performance_1.json
fortio exit code: 0
[2022-04-05T01:48:40]==============================[STATS]
jh CPU load avg:
0.24 0.23 0.19 1/158 3411
i-058041eae4382842e
InService
Healthy
{}
i-09ac0dd5260b6986a
InService
Healthy
{}
i-0b165b96dc8344f87
InService
Healthy
{}
[2022-04-05T01:49:41]==============================[STATS]
jh CPU load avg:
0.14 0.20 0.18 1/158 3420
i-058041eae4382842e
InService
Healthy
{}
i-09ac0dd5260b6986a
InService
Healthy
{}
i-0b165b96dc8344f87
InService
Healthy
{}
[2022-04-05T01:49:42]==============================[PERFORMANCE RUN 2]==============================
01:49:42 I logger.go:127> Log level is now 4 Error (was 2 Info)
Fortio 1.19.0 running at -1 queries per second, 2->2 procs, for 5m0s: http://asg-1-lb-954923599.us-east-1.elb.amazonaws.com:3000/?n=20000
Aggregated Function Time : count 1851952 avg 0.0040495692 +/- 0.002582 min 0.001128108 max 0.224233138 sum 7499.60783
# target 50% 0.00583079
# target 75% 0.00818214
# target 90% 0.00959295
# target 99% 0.0182609
# target 99.9% 0.0198522
Sockets used: 25 (for perfect keepalive, would be 25)
Jitter: false
Code 200 : 1851952 (100.0 %)
All done 1851952 calls (plus 25 warmup) 4.050 ms avg, 6173.1 qps
Successfully wrote 2338 bytes of Json data to 2022-04-05-014942_asg_taewa_3_performance_2.json
fortio exit code: 0
[2022-04-05T01:54:42]==============================[STATS]
jh CPU load avg:
0.32 0.27 0.21 1/160 3497
i-058041eae4382842e
InService
Healthy
{}
i-09ac0dd5260b6986a
InService
Healthy
{}
i-0b165b96dc8344f87
InService
Healthy
{}
[2022-04-05T01:55:42]==============================[STATS]
jh CPU load avg:
0.12 0.22 0.19 1/158 3508
i-058041eae4382842e
InService
Healthy
{}
i-09ac0dd5260b6986a
InService
Healthy
{}
i-0b165b96dc8344f87
InService
Healthy
{}
[2022-04-05T01:55:43]==============================[PERFORMANCE RUN 3]==============================
01:55:43 I logger.go:127> Log level is now 4 Error (was 2 Info)
Fortio 1.19.0 running at -1 queries per second, 2->2 procs, for 5m0s: http://asg-1-lb-954923599.us-east-1.elb.amazonaws.com:3000/?n=20000
Aggregated Function Time : count 1810125 avg 0.0041431433 +/- 0.002641 min 0.001128536 max 0.220611134 sum 7499.60731
# target 50% 0.00584414
# target 75% 0.00820195
# target 90% 0.00961663
# target 99% 0.0183921
# target 99.9% 0.0199226
Sockets used: 25 (for perfect keepalive, would be 25)
Jitter: false
Code 200 : 1810125 (100.0 %)
All done 1810125 calls (plus 25 warmup) 4.143 ms avg, 6033.6 qps
Successfully wrote 2694 bytes of Json data to 2022-04-05-015543_asg_taewa_3_performance_3.json
fortio exit code: 0
[2022-04-05T02:00:43]==============================[STATS]
jh CPU load avg:
0.31 0.23 0.19 1/158 3536
i-058041eae4382842e
InService
Healthy
{}
i-09ac0dd5260b6986a
InService
Healthy
{}
i-0b165b96dc8344f87
InService
Healthy
{}
scaling to 0
{
    "Alarms": [
        {
            "AlarmName": "TargetTracking-asg-1-myASG-AlarmHigh-12625d58-43d7-4e8b-8fbb-cf818c5d89a8", 
            "AlarmARN": "arn:aws:cloudwatch:us-east-1:322197409684:alarm:TargetTracking-asg-1-myASG-AlarmHigh-12625d58-43d7-4e8b-8fbb-cf818c5d89a8"
        }, 
        {
            "AlarmName": "TargetTracking-asg-1-myASG-AlarmLow-38af8b87-92c8-4336-8274-9f596e834cdb", 
            "AlarmARN": "arn:aws:cloudwatch:us-east-1:322197409684:alarm:TargetTracking-asg-1-myASG-AlarmLow-38af8b87-92c8-4336-8274-9f596e834cdb"
        }
    ], 
    "PolicyARN": "arn:aws:autoscaling:us-east-1:322197409684:scalingPolicy:66246bc0-4d91-44dc-a14f-6f2a61b34968:autoScalingGroupName/asg-1-myASG:policyName/asg-1-AppServerSP-14FUC39YDGT87"
}
[2022-04-05T02:01:15]==============================[SCALING RUN 1: INIT]==============================
{
    "Alarms": [
        {
            "AlarmName": "TargetTracking-asg-1-myASG-AlarmHigh-12625d58-43d7-4e8b-8fbb-cf818c5d89a8", 
            "AlarmARN": "arn:aws:cloudwatch:us-east-1:322197409684:alarm:TargetTracking-asg-1-myASG-AlarmHigh-12625d58-43d7-4e8b-8fbb-cf818c5d89a8"
        }, 
        {
            "AlarmName": "TargetTracking-asg-1-myASG-AlarmLow-38af8b87-92c8-4336-8274-9f596e834cdb", 
            "AlarmARN": "arn:aws:cloudwatch:us-east-1:322197409684:alarm:TargetTracking-asg-1-myASG-AlarmLow-38af8b87-92c8-4336-8274-9f596e834cdb"
        }
    ], 
    "PolicyARN": "arn:aws:autoscaling:us-east-1:322197409684:scalingPolicy:66246bc0-4d91-44dc-a14f-6f2a61b34968:autoScalingGroupName/asg-1-myASG:policyName/asg-1-AppServerSP-14FUC39YDGT87"
}
scaling to 1
[2022-04-05T02:01:16]==============================[SCALING RUN 1: ENABLE SCALING - SLEEP]==============================
{
    "Alarms": [
        {
            "AlarmName": "TargetTracking-asg-1-myASG-AlarmHigh-06e963e8-bc66-41a5-89ec-ab7700dbdeba", 
            "AlarmARN": "arn:aws:cloudwatch:us-east-1:322197409684:alarm:TargetTracking-asg-1-myASG-AlarmHigh-06e963e8-bc66-41a5-89ec-ab7700dbdeba"
        }, 
        {
            "AlarmName": "TargetTracking-asg-1-myASG-AlarmLow-94342ccc-d8ee-416a-933a-07ab9ce08408", 
            "AlarmARN": "arn:aws:cloudwatch:us-east-1:322197409684:alarm:TargetTracking-asg-1-myASG-AlarmLow-94342ccc-d8ee-416a-933a-07ab9ce08408"
        }
    ], 
    "PolicyARN": "arn:aws:autoscaling:us-east-1:322197409684:scalingPolicy:66246bc0-4d91-44dc-a14f-6f2a61b34968:autoScalingGroupName/asg-1-myASG:policyName/asg-1-AppServerSP-14FUC39YDGT87"
}
[2022-04-05T02:04:17]==============================[SCALING RUN 1: FORTIO]==============================
[2022-04-05T02:04:17]==============================[STATS]
jh CPU load avg:
0.02 0.12 0.15 1/160 3590
i-0759d1a75903f1486
InService
Healthy
{}
[2022-04-05T02:04:18]==============================[SCALING RUN 1: CHUNK 1]==============================
02:04:18 I logger.go:127> Log level is now 4 Error (was 2 Info)
Fortio 1.19.0 running at -1 queries per second, 2->2 procs, for 1m0s: http://asg-1-lb-954923599.us-east-1.elb.amazonaws.com:3000/?n=20000
Aggregated Function Time : count 124881 avg 0.012012072 +/- 0.003866 min 0.001608239 max 0.218114284 sum 1500.07961
# target 50% 0.0150583
# target 75% 0.0181304
# target 90% 0.0199737
# target 99% 0.0291702
# target 99.9% 0.0367241
Sockets used: 25 (for perfect keepalive, would be 25)
Jitter: false
Code 200 : 124881 (100.0 %)
All done 124881 calls (plus 25 warmup) 12.012 ms avg, 2081.0 qps
Successfully wrote 2923 bytes of Json data to 2022-04-05-020418_asg_taewa_3_scaling_1_1.json
fortio exit code: 0
[2022-04-05T02:05:18]==============================[STATS]
jh CPU load avg:
0.01 0.10 0.14 1/159 3608
i-0759d1a75903f1486
InService
Healthy
{}
[2022-04-05T02:05:19]==============================[SCALING RUN 1: CHUNK 2]==============================
02:05:19 I logger.go:127> Log level is now 4 Error (was 2 Info)
Fortio 1.19.0 running at -1 queries per second, 2->2 procs, for 1m0s: http://asg-1-lb-954923599.us-east-1.elb.amazonaws.com:3000/?n=20000
Aggregated Function Time : count 126282 avg 0.011878862 +/- 0.004036 min 0.001265335 max 0.230877328 sum 1500.08647
# target 50% 0.0149881
# target 75% 0.0181173
# target 90% 0.0199948
# target 99% 0.0290701
# target 99.9% 0.0299813
Sockets used: 25 (for perfect keepalive, would be 25)
Jitter: false
Code 200 : 126282 (100.0 %)
All done 126282 calls (plus 25 warmup) 11.879 ms avg, 2104.3 qps
Successfully wrote 2450 bytes of Json data to 2022-04-05-020519_asg_taewa_3_scaling_1_2.json
fortio exit code: 0
[2022-04-05T02:06:19]==============================[STATS]
jh CPU load avg:
0.00 0.08 0.13 1/159 3625
i-0759d1a75903f1486
InService
Healthy
{}
[2022-04-05T02:06:19]==============================[SCALING RUN 1: CHUNK 3]==============================
02:06:19 I logger.go:127> Log level is now 4 Error (was 2 Info)
Fortio 1.19.0 running at -1 queries per second, 2->2 procs, for 1m0s: http://asg-1-lb-954923599.us-east-1.elb.amazonaws.com:3000/?n=20000
Aggregated Function Time : count 126438 avg 0.011864304 +/- 0.004081 min 0.001419341 max 0.230625475 sum 1500.09889
# target 50% 0.015022
# target 75% 0.0181196
# target 90% 0.0199782
# target 99% 0.0290176
# target 99.9% 0.0299374
Sockets used: 25 (for perfect keepalive, would be 25)
Jitter: false
Code 200 : 126438 (100.0 %)
All done 126438 calls (plus 25 warmup) 11.864 ms avg, 2106.9 qps
Successfully wrote 2323 bytes of Json data to 2022-04-05-020619_asg_taewa_3_scaling_1_3.json
fortio exit code: 0
[2022-04-05T02:07:19]==============================[STATS]
jh CPU load avg:
0.03 0.07 0.12 1/159 3643
i-0759d1a75903f1486
InService
Healthy
{}
[2022-04-05T02:07:20]==============================[SCALING RUN 1: CHUNK 4]==============================
02:07:20 I logger.go:127> Log level is now 4 Error (was 2 Info)
Fortio 1.19.0 running at -1 queries per second, 2->2 procs, for 1m0s: http://asg-1-lb-954923599.us-east-1.elb.amazonaws.com:3000/?n=20000
Aggregated Function Time : count 125900 avg 0.011915005 +/- 0.003831 min 0.001363242 max 0.242047986 sum 1500.09917
# target 50% 0.015085
# target 75% 0.0181063
# target 90% 0.0199192
# target 99% 0.0289642
# target 99.9% 0.0299326
Sockets used: 25 (for perfect keepalive, would be 25)
Jitter: false
Code 200 : 125900 (100.0 %)
All done 125900 calls (plus 25 warmup) 11.915 ms avg, 2097.9 qps
Successfully wrote 2562 bytes of Json data to 2022-04-05-020720_asg_taewa_3_scaling_1_4.json
fortio exit code: 0
[2022-04-05T02:08:20]==============================[STATS]
jh CPU load avg:
0.14 0.09 0.12 1/159 3660
i-0759d1a75903f1486
InService
Healthy
{}
[2022-04-05T02:08:21]==============================[SCALING RUN 1: CHUNK 5]==============================
02:08:21 I logger.go:127> Log level is now 4 Error (was 2 Info)
Fortio 1.19.0 running at -1 queries per second, 2->2 procs, for 1m0s: http://asg-1-lb-954923599.us-east-1.elb.amazonaws.com:3000/?n=20000
Aggregated Function Time : count 126178 avg 0.011888737 +/- 0.003768 min 0.00132903 max 0.22752133 sum 1500.097
# target 50% 0.0150312
# target 75% 0.0181651
# target 90% 0.0203519
# target 99% 0.0290725
# target 99.9% 0.0299446
Sockets used: 38 (for perfect keepalive, would be 25)
Jitter: false
Code 200 : 126178 (100.0 %)
All done 126178 calls (plus 25 warmup) 11.889 ms avg, 2102.6 qps
Successfully wrote 2558 bytes of Json data to 2022-04-05-020821_asg_taewa_3_scaling_1_5.json
fortio exit code: 0
[2022-04-05T02:09:21]==============================[STATS]
jh CPU load avg:
0.05 0.07 0.11 1/159 3677
i-069dd4558cbdff08b
InService
Healthy
{}
i-0759d1a75903f1486
InService
Healthy
{}
[2022-04-05T02:09:21]==============================[SCALING RUN 1: CHUNK 6]==============================
02:09:21 I logger.go:127> Log level is now 4 Error (was 2 Info)
Fortio 1.19.0 running at -1 queries per second, 2->2 procs, for 1m0s: http://asg-1-lb-954923599.us-east-1.elb.amazonaws.com:3000/?n=20000
Aggregated Function Time : count 126497 avg 0.011858728 +/- 0.00404 min 0.001248926 max 0.228288635 sum 1500.09352
# target 50% 0.014132
# target 75% 0.0178371
# target 90% 0.0203908
# target 99% 0.0290576
# target 99.9% 0.0299243
Sockets used: 25 (for perfect keepalive, would be 25)
Jitter: false
Code 200 : 126497 (100.0 %)
All done 126497 calls (plus 25 warmup) 11.859 ms avg, 2107.9 qps
Successfully wrote 2325 bytes of Json data to 2022-04-05-020921_asg_taewa_3_scaling_1_6.json
fortio exit code: 0
[2022-04-05T02:10:21]==============================[STATS]
jh CPU load avg:
0.02 0.05 0.10 1/160 3701
i-069dd4558cbdff08b
InService
Healthy
{}
i-0759d1a75903f1486
InService
Healthy
{}
[2022-04-05T02:10:22]==============================[SCALING RUN 1: CHUNK 7]==============================
02:10:22 I logger.go:127> Log level is now 4 Error (was 2 Info)
Fortio 1.19.0 running at -1 queries per second, 2->2 procs, for 1m0s: http://asg-1-lb-954923599.us-east-1.elb.amazonaws.com:3000/?n=20000
Aggregated Function Time : count 251441 avg 0.0059656217 +/- 0.002381 min 0.001168598 max 0.22053585 sum 1500.00188
# target 50% 0.00599445
# target 75% 0.0084074
# target 90% 0.00985517
# target 99% 0.0188437
# target 99.9% 0.0199051
Sockets used: 25 (for perfect keepalive, would be 25)
Jitter: false
Code 200 : 251441 (100.0 %)
All done 251441 calls (plus 25 warmup) 5.966 ms avg, 4190.3 qps
Successfully wrote 2321 bytes of Json data to 2022-04-05-021022_asg_taewa_3_scaling_1_7.json
fortio exit code: 0
[2022-04-05T02:11:22]==============================[STATS]
jh CPU load avg:
0.00 0.04 0.09 1/160 3718
i-069dd4558cbdff08b
InService
Healthy
{}
i-0759d1a75903f1486
InService
Healthy
{}
[2022-04-05T02:11:23]==============================[SCALING RUN 1: CHUNK 8]==============================
02:11:23 I logger.go:127> Log level is now 4 Error (was 2 Info)
Fortio 1.19.0 running at -1 queries per second, 2->2 procs, for 1m0s: http://asg-1-lb-954923599.us-east-1.elb.amazonaws.com:3000/?n=20000
Aggregated Function Time : count 252619 avg 0.0059378003 +/- 0.002506 min 0.001211003 max 0.218959501 sum 1500.00117
# target 50% 0.00600073
# target 75% 0.00839562
# target 90% 0.00983255
# target 99% 0.0188
# target 99.9% 0.0198921
Sockets used: 25 (for perfect keepalive, would be 25)
Jitter: false
Code 200 : 252619 (100.0 %)
All done 252619 calls (plus 25 warmup) 5.938 ms avg, 4209.9 qps
Successfully wrote 2207 bytes of Json data to 2022-04-05-021123_asg_taewa_3_scaling_1_8.json
fortio exit code: 0
[2022-04-05T02:12:23]==============================[STATS]
jh CPU load avg:
0.16 0.08 0.10 1/160 3735
i-069dd4558cbdff08b
InService
Healthy
{}
i-0759d1a75903f1486
InService
Healthy
{}
[2022-04-05T02:12:23]==============================[SCALING RUN 1: CHUNK 9]==============================
02:12:23 I logger.go:127> Log level is now 4 Error (was 2 Info)
Fortio 1.19.0 running at -1 queries per second, 2->2 procs, for 1m0s: http://asg-1-lb-954923599.us-east-1.elb.amazonaws.com:3000/?n=20000
Aggregated Function Time : count 252581 avg 0.0059386979 +/- 0.002258 min 0.001215242 max 0.221392294 sum 1500.00227
# target 50% 0.00600328
# target 75% 0.00839732
# target 90% 0.00983375
# target 99% 0.018839
# target 99.9% 0.0199342
Sockets used: 25 (for perfect keepalive, would be 25)
Jitter: false
Code 200 : 252581 (100.0 %)
All done 252581 calls (plus 25 warmup) 5.939 ms avg, 4209.3 qps
Successfully wrote 2440 bytes of Json data to 2022-04-05-021223_asg_taewa_3_scaling_1_9.json
fortio exit code: 0
[2022-04-05T02:13:23]==============================[STATS]
jh CPU load avg:
0.06 0.06 0.09 1/160 3752
i-069dd4558cbdff08b
InService
Healthy
{}
i-0759d1a75903f1486
InService
Healthy
{}
[2022-04-05T02:13:24]==============================[SCALING RUN 1: CHUNK 10]==============================
02:13:24 I logger.go:127> Log level is now 4 Error (was 2 Info)
Fortio 1.19.0 running at -1 queries per second, 2->2 procs, for 1m0s: http://asg-1-lb-954923599.us-east-1.elb.amazonaws.com:3000/?n=20000
Aggregated Function Time : count 251578 avg 0.0059623609 +/- 0.002747 min 0.001179747 max 0.219342069 sum 1499.99882
# target 50% 0.0059779
# target 75% 0.008377
# target 90% 0.00981646
# target 99% 0.018826
# target 99.9% 0.0199467
Sockets used: 25 (for perfect keepalive, would be 25)
Jitter: false
Code 200 : 251578 (100.0 %)
All done 251578 calls (plus 25 warmup) 5.962 ms avg, 4192.5 qps
Successfully wrote 2562 bytes of Json data to 2022-04-05-021324_asg_taewa_3_scaling_1_10.json
fortio exit code: 0
[2022-04-05T02:14:24]==============================[STATS]
jh CPU load avg:
0.23 0.12 0.11 1/160 3769
i-069dd4558cbdff08b
InService
Healthy
{}
i-0759d1a75903f1486
InService
Healthy
{}
[2022-04-05T02:14:24]==============================[SCALING RUN 1: CHUNK 11]==============================
02:14:24 I logger.go:127> Log level is now 4 Error (was 2 Info)
Fortio 1.19.0 running at -1 queries per second, 2->2 procs, for 1m0s: http://asg-1-lb-954923599.us-east-1.elb.amazonaws.com:3000/?n=20000
Aggregated Function Time : count 251427 avg 0.0059670918 +/- 0.002598 min 0.001121369 max 0.215489185 sum 1500.28798
# target 50% 0.00600362
# target 75% 0.00844476
# target 90% 0.00990944
# target 99% 0.0189547
# target 99.9% 0.019953
Sockets used: 25 (for perfect keepalive, would be 25)
Jitter: false
Code 200 : 251427 (100.0 %)
All done 251427 calls (plus 25 warmup) 5.967 ms avg, 4179.4 qps
Successfully wrote 2676 bytes of Json data to 2022-04-05-021425_asg_taewa_3_scaling_1_11.json
fortio exit code: 0
[2022-04-05T02:15:25]==============================[STATS]
jh CPU load avg:
0.18 0.12 0.10 1/158 3835
i-06399ff9dff1e084f
InService
Healthy
{}
i-069dd4558cbdff08b
InService
Healthy
{}
i-0759d1a75903f1486
InService
Healthy
{}
[2022-04-05T02:15:25]==============================[SCALING RUN 1: CHUNK 12]==============================
02:15:25 I logger.go:127> Log level is now 4 Error (was 2 Info)
Fortio 1.19.0 running at -1 queries per second, 2->2 procs, for 1m0s: http://asg-1-lb-954923599.us-east-1.elb.amazonaws.com:3000/?n=20000
Aggregated Function Time : count 252382 avg 0.0059433862 +/- 0.002438 min 0.001197047 max 0.217722197 sum 1500.0037
# target 50% 0.00602488
# target 75% 0.00843881
# target 90% 0.00988717
# target 99% 0.0188812
# target 99.9% 0.0199019
Sockets used: 25 (for perfect keepalive, would be 25)
Jitter: false
Code 200 : 252382 (100.0 %)
All done 252382 calls (plus 25 warmup) 5.943 ms avg, 4206.0 qps
Successfully wrote 2209 bytes of Json data to 2022-04-05-021525_asg_taewa_3_scaling_1_12.json
fortio exit code: 0
[2022-04-05T02:16:25]==============================[STATS]
jh CPU load avg:
0.23 0.15 0.11 1/159 3853
i-06399ff9dff1e084f
InService
Healthy
{}
i-069dd4558cbdff08b
InService
Healthy
{}
i-0759d1a75903f1486
InService
Healthy
{}
[2022-04-05T02:16:26]==============================[SCALING RUN 1: CHUNK 13]==============================
02:16:26 I logger.go:127> Log level is now 4 Error (was 2 Info)
Fortio 1.19.0 running at -1 queries per second, 2->2 procs, for 1m0s: http://asg-1-lb-954923599.us-east-1.elb.amazonaws.com:3000/?n=20000
Aggregated Function Time : count 376991 avg 0.0039787716 +/- 0.00262 min 0.001160873 max 0.21124507 sum 1499.96108
# target 50% 0.00583339
# target 75% 0.00816966
# target 90% 0.00957143
# target 99% 0.0181838
# target 99.9% 0.0198525
Sockets used: 25 (for perfect keepalive, would be 25)
Jitter: false
Code 200 : 376991 (100.0 %)
All done 376991 calls (plus 25 warmup) 3.979 ms avg, 6282.5 qps
Successfully wrote 2321 bytes of Json data to 2022-04-05-021626_asg_taewa_3_scaling_1_13.json
fortio exit code: 0
[2022-04-05T02:17:26]==============================[STATS]
jh CPU load avg:
0.42 0.22 0.14 1/159 3872
i-06399ff9dff1e084f
InService
Healthy
{}
i-069dd4558cbdff08b
InService
Healthy
{}
i-0759d1a75903f1486
InService
Healthy
{}
[2022-04-05T02:17:27]==============================[SCALING RUN 1: CHUNK 14]==============================
02:17:27 I logger.go:127> Log level is now 4 Error (was 2 Info)
Fortio 1.19.0 running at -1 queries per second, 2->2 procs, for 1m0s: http://asg-1-lb-954923599.us-east-1.elb.amazonaws.com:3000/?n=20000
Aggregated Function Time : count 377510 avg 0.0039732985 +/- 0.002563 min 0.001156242 max 0.220964542 sum 1499.95992
# target 50% 0.00583412
# target 75% 0.00817307
# target 90% 0.00957644
# target 99% 0.0181862
# target 99.9% 0.0198335
Sockets used: 25 (for perfect keepalive, would be 25)
Jitter: false
Code 200 : 377510 (100.0 %)
All done 377510 calls (plus 25 warmup) 3.973 ms avg, 6291.2 qps
Successfully wrote 2207 bytes of Json data to 2022-04-05-021727_asg_taewa_3_scaling_1_14.json
fortio exit code: 0
[2022-04-05T02:18:27]==============================[STATS]
jh CPU load avg:
0.38 0.26 0.15 1/159 3889
i-06399ff9dff1e084f
InService
Healthy
{}
i-069dd4558cbdff08b
InService
Healthy
{}
i-0759d1a75903f1486
InService
Healthy
{}
[2022-04-05T02:18:27]==============================[SCALING RUN 2: INIT]==============================
{
    "Alarms": [
        {
            "AlarmName": "TargetTracking-asg-1-myASG-AlarmHigh-359636a6-f8a0-4730-a59d-b6f7608d575a", 
            "AlarmARN": "arn:aws:cloudwatch:us-east-1:322197409684:alarm:TargetTracking-asg-1-myASG-AlarmHigh-359636a6-f8a0-4730-a59d-b6f7608d575a"
        }, 
        {
            "AlarmName": "TargetTracking-asg-1-myASG-AlarmLow-5cd7bd98-ddd0-4443-ad5a-09c111296316", 
            "AlarmARN": "arn:aws:cloudwatch:us-east-1:322197409684:alarm:TargetTracking-asg-1-myASG-AlarmLow-5cd7bd98-ddd0-4443-ad5a-09c111296316"
        }
    ], 
    "PolicyARN": "arn:aws:autoscaling:us-east-1:322197409684:scalingPolicy:66246bc0-4d91-44dc-a14f-6f2a61b34968:autoScalingGroupName/asg-1-myASG:policyName/asg-1-AppServerSP-14FUC39YDGT87"
}
scaling to 1
[2022-04-05T02:18:29]==============================[SCALING RUN 2: ENABLE SCALING - SLEEP]==============================
{
    "Alarms": [
        {
            "AlarmName": "TargetTracking-asg-1-myASG-AlarmHigh-6bbe384b-b3f7-4bc2-8fba-a8185fb759f7", 
            "AlarmARN": "arn:aws:cloudwatch:us-east-1:322197409684:alarm:TargetTracking-asg-1-myASG-AlarmHigh-6bbe384b-b3f7-4bc2-8fba-a8185fb759f7"
        }, 
        {
            "AlarmName": "TargetTracking-asg-1-myASG-AlarmLow-56243dcc-3e80-4994-ae47-d8c6d6af0e39", 
            "AlarmARN": "arn:aws:cloudwatch:us-east-1:322197409684:alarm:TargetTracking-asg-1-myASG-AlarmLow-56243dcc-3e80-4994-ae47-d8c6d6af0e39"
        }
    ], 
    "PolicyARN": "arn:aws:autoscaling:us-east-1:322197409684:scalingPolicy:66246bc0-4d91-44dc-a14f-6f2a61b34968:autoScalingGroupName/asg-1-myASG:policyName/asg-1-AppServerSP-14FUC39YDGT87"
}
[2022-04-05T02:21:30]==============================[SCALING RUN 2: FORTIO]==============================
[2022-04-05T02:21:30]==============================[STATS]
jh CPU load avg:
0.07 0.15 0.13 1/161 3925
i-06399ff9dff1e084f
InService
Healthy
{}
[2022-04-05T02:21:30]==============================[SCALING RUN 2: CHUNK 1]==============================
02:21:31 I logger.go:127> Log level is now 4 Error (was 2 Info)
Fortio 1.19.0 running at -1 queries per second, 2->2 procs, for 1m0s: http://asg-1-lb-954923599.us-east-1.elb.amazonaws.com:3000/?n=20000
Aggregated Function Time : count 126618 avg 0.011847432 +/- 0.003522 min 0.001641382 max 0.231359008 sum 1500.0981
# target 50% 0.01506
# target 75% 0.0180447
# target 90% 0.0198355
# target 99% 0.0288817
# target 99.9% 0.0299304
Sockets used: 25 (for perfect keepalive, would be 25)
Jitter: false
Code 200 : 126618 (100.0 %)
All done 126618 calls (plus 25 warmup) 11.847 ms avg, 2109.9 qps
Successfully wrote 2446 bytes of Json data to 2022-04-05-022131_asg_taewa_3_scaling_2_1.json
fortio exit code: 0
[2022-04-05T02:22:31]==============================[STATS]
jh CPU load avg:
0.09 0.14 0.12 1/161 3942
i-06399ff9dff1e084f
InService
Healthy
{}
[2022-04-05T02:22:31]==============================[SCALING RUN 2: CHUNK 2]==============================
02:22:31 I logger.go:127> Log level is now 4 Error (was 2 Info)
Fortio 1.19.0 running at -1 queries per second, 2->2 procs, for 1m0s: http://asg-1-lb-954923599.us-east-1.elb.amazonaws.com:3000/?n=20000
Aggregated Function Time : count 126541 avg 0.011854629 +/- 0.003732 min 0.001425385 max 0.229580079 sum 1500.09658
# target 50% 0.0150315
# target 75% 0.0180682
# target 90% 0.0198902
# target 99% 0.0289223
# target 99.9% 0.0299142
Sockets used: 25 (for perfect keepalive, would be 25)
Jitter: false
Code 200 : 126541 (100.0 %)
All done 126541 calls (plus 25 warmup) 11.855 ms avg, 2108.6 qps
Successfully wrote 2326 bytes of Json data to 2022-04-05-022231_asg_taewa_3_scaling_2_2.json
fortio exit code: 0
[2022-04-05T02:23:31]==============================[STATS]
jh CPU load avg:
0.03 0.12 0.11 1/161 3959
i-06399ff9dff1e084f
InService
Healthy
{}
[2022-04-05T02:23:32]==============================[SCALING RUN 2: CHUNK 3]==============================
02:23:32 I logger.go:127> Log level is now 4 Error (was 2 Info)
Fortio 1.19.0 running at -1 queries per second, 2->2 procs, for 1m0s: http://asg-1-lb-954923599.us-east-1.elb.amazonaws.com:3000/?n=20000
Aggregated Function Time : count 126288 avg 0.011878277 +/- 0.00337 min 0.001370218 max 0.231495738 sum 1500.0839
# target 50% 0.0151156
# target 75% 0.0180496
# target 90% 0.0198101
# target 99% 0.0288294
# target 99.9% 0.029906
Sockets used: 25 (for perfect keepalive, would be 25)
Jitter: false
Code 200 : 126288 (100.0 %)
All done 126288 calls (plus 25 warmup) 11.878 ms avg, 2104.4 qps
Successfully wrote 2325 bytes of Json data to 2022-04-05-022332_asg_taewa_3_scaling_2_3.json
fortio exit code: 0
[2022-04-05T02:24:32]==============================[STATS]
jh CPU load avg:
0.05 0.11 0.11 1/161 3976
i-06399ff9dff1e084f
InService
Healthy
{}
[2022-04-05T02:24:33]==============================[SCALING RUN 2: CHUNK 4]==============================
02:24:33 I logger.go:127> Log level is now 4 Error (was 2 Info)
Fortio 1.19.0 running at -1 queries per second, 2->2 procs, for 1m0s: http://asg-1-lb-954923599.us-east-1.elb.amazonaws.com:3000/?n=20000
Aggregated Function Time : count 126758 avg 0.011834277 +/- 0.003957 min 0.001303208 max 0.227757425 sum 1500.0893
# target 50% 0.0149688
# target 75% 0.0180096
# target 90% 0.0198341
# target 99% 0.0288851
# target 99.9% 0.0299323
Sockets used: 25 (for perfect keepalive, would be 25)
Jitter: false
Code 200 : 126758 (100.0 %)
All done 126758 calls (plus 25 warmup) 11.834 ms avg, 2112.2 qps
Successfully wrote 2444 bytes of Json data to 2022-04-05-022433_asg_taewa_3_scaling_2_4.json
fortio exit code: 0
[2022-04-05T02:25:33]==============================[STATS]
jh CPU load avg:
0.11 0.11 0.11 1/159 3994
i-06399ff9dff1e084f
InService
Healthy
{}
i-07f5a3748c6d4c29b
Pending
Healthy
{}
[2022-04-05T02:25:33]==============================[SCALING RUN 2: CHUNK 5]==============================
02:25:33 I logger.go:127> Log level is now 4 Error (was 2 Info)
Fortio 1.19.0 running at -1 queries per second, 2->2 procs, for 1m0s: http://asg-1-lb-954923599.us-east-1.elb.amazonaws.com:3000/?n=20000
Aggregated Function Time : count 125480 avg 0.011954804 +/- 0.00406 min 0.001342636 max 0.223207597 sum 1500.08884
# target 50% 0.0149785
# target 75% 0.0181715
# target 90% 0.02065
# target 99% 0.0292048
# target 99.9% 0.0342074
Sockets used: 39 (for perfect keepalive, would be 25)
Jitter: false
Code 200 : 125480 (100.0 %)
All done 125480 calls (plus 25 warmup) 11.955 ms avg, 2090.9 qps
Successfully wrote 2445 bytes of Json data to 2022-04-05-022533_asg_taewa_3_scaling_2_5.json
fortio exit code: 0
[2022-04-05T02:26:33]==============================[STATS]
jh CPU load avg:
0.04 0.09 0.09 1/158 4010
i-06399ff9dff1e084f
InService
Healthy
{}
i-07f5a3748c6d4c29b
InService
Healthy
{}
[2022-04-05T02:26:34]==============================[SCALING RUN 2: CHUNK 6]==============================
02:26:34 I logger.go:127> Log level is now 4 Error (was 2 Info)
Fortio 1.19.0 running at -1 queries per second, 2->2 procs, for 1m0s: http://asg-1-lb-954923599.us-east-1.elb.amazonaws.com:3000/?n=20000
Aggregated Function Time : count 251091 avg 0.0059739699 +/- 0.002635 min 0.001181214 max 0.221863105 sum 1500.01007
# target 50% 0.00600767
# target 75% 0.00842092
# target 90% 0.00986886
# target 99% 0.0189488
# target 99.9% 0.0203211
Sockets used: 25 (for perfect keepalive, would be 25)
Jitter: false
Code 200 : 251091 (100.0 %)
All done 251091 calls (plus 25 warmup) 5.974 ms avg, 4184.4 qps
Successfully wrote 2555 bytes of Json data to 2022-04-05-022634_asg_taewa_3_scaling_2_6.json
fortio exit code: 0
[2022-04-05T02:27:34]==============================[STATS]
jh CPU load avg:
0.11 0.10 0.10 1/159 4028
i-06399ff9dff1e084f
InService
Healthy
{}
i-07f5a3748c6d4c29b
InService
Healthy
{}
[2022-04-05T02:27:34]==============================[SCALING RUN 2: CHUNK 7]==============================
02:27:34 I logger.go:127> Log level is now 4 Error (was 2 Info)
Fortio 1.19.0 running at -1 queries per second, 2->2 procs, for 1m0s: http://asg-1-lb-954923599.us-east-1.elb.amazonaws.com:3000/?n=20000
Aggregated Function Time : count 252081 avg 0.0059504843 +/- 0.002327 min 0.001180266 max 0.215590214 sum 1500.00404
# target 50% 0.00601544
# target 75% 0.00843304
# target 90% 0.0098836
# target 99% 0.0189191
# target 99.9% 0.0199487
Sockets used: 25 (for perfect keepalive, would be 25)
Jitter: false
Code 200 : 252081 (100.0 %)
All done 252081 calls (plus 25 warmup) 5.950 ms avg, 4200.9 qps
Successfully wrote 2560 bytes of Json data to 2022-04-05-022735_asg_taewa_3_scaling_2_7.json
fortio exit code: 0
[2022-04-05T02:28:35]==============================[STATS]
jh CPU load avg:
0.04 0.08 0.09 1/159 4044
i-06399ff9dff1e084f
InService
Healthy
{}
i-07f5a3748c6d4c29b
InService
Healthy
{}
[2022-04-05T02:28:35]==============================[SCALING RUN 2: CHUNK 8]==============================
02:28:35 I logger.go:127> Log level is now 4 Error (was 2 Info)
Fortio 1.19.0 running at -1 queries per second, 2->2 procs, for 1m0s: http://asg-1-lb-954923599.us-east-1.elb.amazonaws.com:3000/?n=20000
Aggregated Function Time : count 253858 avg 0.0059088033 +/- 0.002195 min 0.001202544 max 0.217027089 sum 1499.997
# target 50% 0.00598184
# target 75% 0.0083715
# target 90% 0.0098053
# target 99% 0.0187572
# target 99.9% 0.0198891
Sockets used: 25 (for perfect keepalive, would be 25)
Jitter: false
Code 200 : 253858 (100.0 %)
All done 253858 calls (plus 25 warmup) 5.909 ms avg, 4230.6 qps
Successfully wrote 2208 bytes of Json data to 2022-04-05-022835_asg_taewa_3_scaling_2_8.json
fortio exit code: 0
[2022-04-05T02:29:35]==============================[STATS]
jh CPU load avg:
0.16 0.12 0.10 1/159 4061
i-06399ff9dff1e084f
InService
Healthy
{}
i-07f5a3748c6d4c29b
InService
Healthy
{}
[2022-04-05T02:29:36]==============================[SCALING RUN 2: CHUNK 9]==============================
02:29:36 I logger.go:127> Log level is now 4 Error (was 2 Info)
Fortio 1.19.0 running at -1 queries per second, 2->2 procs, for 1m0s: http://asg-1-lb-954923599.us-east-1.elb.amazonaws.com:3000/?n=20000
Aggregated Function Time : count 251713 avg 0.0059591781 +/- 0.002311 min 0.001157927 max 0.220093816 sum 1500.0026
# target 50% 0.00600964
# target 75% 0.00843552
# target 90% 0.00989105
# target 99% 0.0189557
# target 99.9% 0.0199789
Sockets used: 25 (for perfect keepalive, would be 25)
Jitter: false
Code 200 : 251713 (100.0 %)
All done 251713 calls (plus 25 warmup) 5.959 ms avg, 4194.8 qps
Successfully wrote 2446 bytes of Json data to 2022-04-05-022936_asg_taewa_3_scaling_2_9.json
fortio exit code: 0
[2022-04-05T02:30:36]==============================[STATS]
jh CPU load avg:
0.13 0.12 0.10 1/159 4084
i-06399ff9dff1e084f
InService
Healthy
{}
i-07f5a3748c6d4c29b
InService
Healthy
{}
[2022-04-05T02:30:36]==============================[SCALING RUN 2: CHUNK 10]==============================
02:30:36 I logger.go:127> Log level is now 4 Error (was 2 Info)
Fortio 1.19.0 running at -1 queries per second, 2->2 procs, for 1m0s: http://asg-1-lb-954923599.us-east-1.elb.amazonaws.com:3000/?n=20000
Aggregated Function Time : count 253269 avg 0.0059225833 +/- 0.002388 min 0.001186524 max 0.21719811 sum 1500.00676
# target 50% 0.00597168
# target 75% 0.00836428
# target 90% 0.00979984
# target 99% 0.0187478
# target 99.9% 0.0198874
Sockets used: 25 (for perfect keepalive, would be 25)
Jitter: false
Code 200 : 253269 (100.0 %)
All done 253269 calls (plus 25 warmup) 5.923 ms avg, 4220.7 qps
Successfully wrote 2202 bytes of Json data to 2022-04-05-023036_asg_taewa_3_scaling_2_10.json
fortio exit code: 0
[2022-04-05T02:31:36]==============================[STATS]
jh CPU load avg:
0.05 0.10 0.09 1/159 4101
i-03a7b23740a32cd1c
InService
Healthy
{}
i-06399ff9dff1e084f
InService
Healthy
{}
i-07f5a3748c6d4c29b
InService
Healthy
{}
[2022-04-05T02:31:38]==============================[SCALING RUN 2: CHUNK 11]==============================
02:31:38 I logger.go:127> Log level is now 4 Error (was 2 Info)
Fortio 1.19.0 running at -1 queries per second, 2->2 procs, for 1m0s: http://asg-1-lb-954923599.us-east-1.elb.amazonaws.com:3000/?n=20000
Aggregated Function Time : count 253092 avg 0.0059267136 +/- 0.002436 min 0.00117381 max 0.216968007 sum 1500.00381
# target 50% 0.00599975
# target 75% 0.00841274
# target 90% 0.00986053
# target 99% 0.0188556
# target 99.9% 0.0199106
Sockets used: 25 (for perfect keepalive, would be 25)
Jitter: false
Code 200 : 253092 (100.0 %)
All done 253092 calls (plus 25 warmup) 5.927 ms avg, 4217.8 qps
Successfully wrote 2208 bytes of Json data to 2022-04-05-023138_asg_taewa_3_scaling_2_11.json
fortio exit code: 0
[2022-04-05T02:32:38]==============================[STATS]
jh CPU load avg:
0.20 0.13 0.10 1/159 4119
i-03a7b23740a32cd1c
InService
Healthy
{}
i-06399ff9dff1e084f
InService
Healthy
{}
i-07f5a3748c6d4c29b
InService
Healthy
{}
[2022-04-05T02:32:39]==============================[SCALING RUN 2: CHUNK 12]==============================
02:32:39 I logger.go:127> Log level is now 4 Error (was 2 Info)
Fortio 1.19.0 running at -1 queries per second, 2->2 procs, for 1m0s: http://asg-1-lb-954923599.us-east-1.elb.amazonaws.com:3000/?n=20000
Aggregated Function Time : count 377419 avg 0.0039742694 +/- 0.002363 min 0.001132096 max 0.210533771 sum 1499.96479
# target 50% 0.00581303
# target 75% 0.00815351
# target 90% 0.0095578
# target 99% 0.0181334
# target 99.9% 0.0198451
Sockets used: 25 (for perfect keepalive, would be 25)
Jitter: false
Code 200 : 377419 (100.0 %)
All done 377419 calls (plus 25 warmup) 3.974 ms avg, 6289.7 qps
Successfully wrote 2326 bytes of Json data to 2022-04-05-023239_asg_taewa_3_scaling_2_12.json
fortio exit code: 0
[2022-04-05T02:33:39]==============================[STATS]
jh CPU load avg:
0.25 0.15 0.10 1/159 4136
i-03a7b23740a32cd1c
InService
Healthy
{}
i-06399ff9dff1e084f
InService
Healthy
{}
i-07f5a3748c6d4c29b
InService
Healthy
{}
[2022-04-05T02:33:39]==============================[SCALING RUN 2: CHUNK 13]==============================
02:33:39 I logger.go:127> Log level is now 4 Error (was 2 Info)
Fortio 1.19.0 running at -1 queries per second, 2->2 procs, for 1m0s: http://asg-1-lb-954923599.us-east-1.elb.amazonaws.com:3000/?n=20000
Aggregated Function Time : count 379542 avg 0.0039520304 +/- 0.002657 min 0.001119443 max 0.213322712 sum 1499.96151
# target 50% 0.00580615
# target 75% 0.00814951
# target 90% 0.00955553
# target 99% 0.0181218
# target 99.9% 0.0198384
Sockets used: 25 (for perfect keepalive, would be 25)
Jitter: false
Code 200 : 379542 (100.0 %)
All done 379542 calls (plus 25 warmup) 3.952 ms avg, 6325.1 qps
Successfully wrote 2328 bytes of Json data to 2022-04-05-023339_asg_taewa_3_scaling_2_13.json
fortio exit code: 0
[2022-04-05T02:34:39]==============================[STATS]
jh CPU load avg:
0.16 0.15 0.10 1/159 4152
i-03a7b23740a32cd1c
InService
Healthy
{}
i-06399ff9dff1e084f
InService
Healthy
{}
i-07f5a3748c6d4c29b
InService
Healthy
{}
[2022-04-05T02:34:40]==============================[SCALING RUN 2: CHUNK 14]==============================
02:34:40 I logger.go:127> Log level is now 4 Error (was 2 Info)
Fortio 1.19.0 running at -1 queries per second, 2->2 procs, for 1m0s: http://asg-1-lb-954923599.us-east-1.elb.amazonaws.com:3000/?n=20000
Aggregated Function Time : count 376723 avg 0.003981609 +/- 0.00245 min 0.001127311 max 0.219240553 sum 1499.96368
# target 50% 0.00581979
# target 75% 0.00816604
# target 90% 0.00957379
# target 99% 0.0181947
# target 99.9% 0.0198489
Sockets used: 25 (for perfect keepalive, would be 25)
Jitter: false
Code 200 : 376723 (100.0 %)
All done 376723 calls (plus 25 warmup) 3.982 ms avg, 6278.1 qps
Successfully wrote 2318 bytes of Json data to 2022-04-05-023440_asg_taewa_3_scaling_2_14.json
fortio exit code: 0
[2022-04-05T02:35:40]==============================[STATS]
jh CPU load avg:
0.20 0.15 0.10 1/159 4170
i-03a7b23740a32cd1c
InService
Healthy
{}
i-06399ff9dff1e084f
InService
Healthy
{}
i-07f5a3748c6d4c29b
InService
Healthy
{}
[2022-04-05T02:35:40]==============================[SCALING RUN 3: INIT]==============================
{
    "Alarms": [
        {
            "AlarmName": "TargetTracking-asg-1-myASG-AlarmHigh-2bece025-f760-4c64-85d2-71ee4f56bb86", 
            "AlarmARN": "arn:aws:cloudwatch:us-east-1:322197409684:alarm:TargetTracking-asg-1-myASG-AlarmHigh-2bece025-f760-4c64-85d2-71ee4f56bb86"
        }, 
        {
            "AlarmName": "TargetTracking-asg-1-myASG-AlarmLow-08322957-d700-4183-ab9e-89aec4cf66c1", 
            "AlarmARN": "arn:aws:cloudwatch:us-east-1:322197409684:alarm:TargetTracking-asg-1-myASG-AlarmLow-08322957-d700-4183-ab9e-89aec4cf66c1"
        }
    ], 
    "PolicyARN": "arn:aws:autoscaling:us-east-1:322197409684:scalingPolicy:66246bc0-4d91-44dc-a14f-6f2a61b34968:autoScalingGroupName/asg-1-myASG:policyName/asg-1-AppServerSP-14FUC39YDGT87"
}
scaling to 1
[2022-04-05T02:35:42]==============================[SCALING RUN 3: ENABLE SCALING - SLEEP]==============================
{
    "Alarms": [
        {
            "AlarmName": "TargetTracking-asg-1-myASG-AlarmHigh-08595d7d-e977-4949-bf45-2d8a01a01dd9", 
            "AlarmARN": "arn:aws:cloudwatch:us-east-1:322197409684:alarm:TargetTracking-asg-1-myASG-AlarmHigh-08595d7d-e977-4949-bf45-2d8a01a01dd9"
        }, 
        {
            "AlarmName": "TargetTracking-asg-1-myASG-AlarmLow-f422229e-f494-405e-8c45-2a9976e160be", 
            "AlarmARN": "arn:aws:cloudwatch:us-east-1:322197409684:alarm:TargetTracking-asg-1-myASG-AlarmLow-f422229e-f494-405e-8c45-2a9976e160be"
        }
    ], 
    "PolicyARN": "arn:aws:autoscaling:us-east-1:322197409684:scalingPolicy:66246bc0-4d91-44dc-a14f-6f2a61b34968:autoScalingGroupName/asg-1-myASG:policyName/asg-1-AppServerSP-14FUC39YDGT87"
}
[2022-04-05T02:38:43]==============================[SCALING RUN 3: FORTIO]==============================
[2022-04-05T02:38:43]==============================[STATS]
jh CPU load avg:
0.01 0.08 0.08 1/159 4200
i-03a7b23740a32cd1c
InService
Healthy
{}
[2022-04-05T02:38:44]==============================[SCALING RUN 3: CHUNK 1]==============================
02:38:44 I logger.go:127> Log level is now 4 Error (was 2 Info)
Fortio 1.19.0 running at -1 queries per second, 2->2 procs, for 1m0s: http://asg-1-lb-954923599.us-east-1.elb.amazonaws.com:3000/?n=20000
Aggregated Function Time : count 121783 avg 0.012317739 +/- 0.003684 min 0.001626809 max 0.229128243 sum 1500.09119
# target 50% 0.0151064
# target 75% 0.0180424
# target 90% 0.019804
# target 99% 0.0289443
# target 99.9% 0.0331042
Sockets used: 25 (for perfect keepalive, would be 25)
Jitter: false
Code 200 : 121783 (100.0 %)
All done 121783 calls (plus 25 warmup) 12.318 ms avg, 2029.3 qps
Successfully wrote 2675 bytes of Json data to 2022-04-05-023844_asg_taewa_3_scaling_3_1.json
fortio exit code: 0
[2022-04-05T02:39:44]==============================[STATS]
jh CPU load avg:
0.03 0.08 0.08 1/159 4217
i-03a7b23740a32cd1c
InService
Healthy
{}
[2022-04-05T02:39:44]==============================[SCALING RUN 3: CHUNK 2]==============================
02:39:44 I logger.go:127> Log level is now 4 Error (was 2 Info)
Fortio 1.19.0 running at -1 queries per second, 2->2 procs, for 1m0s: http://asg-1-lb-954923599.us-east-1.elb.amazonaws.com:3000/?n=20000
Aggregated Function Time : count 123056 avg 0.012190308 +/- 0.00346 min 0.001378443 max 0.059697372 sum 1500.09056
# target 50% 0.0151127
# target 75% 0.0180359
# target 90% 0.0197898
# target 99% 0.0288855
# target 99.9% 0.0299959
Sockets used: 25 (for perfect keepalive, would be 25)
Jitter: false
Code 200 : 123056 (100.0 %)
All done 123056 calls (plus 25 warmup) 12.190 ms avg, 2050.6 qps
Successfully wrote 2444 bytes of Json data to 2022-04-05-023944_asg_taewa_3_scaling_3_2.json
fortio exit code: 0
[2022-04-05T02:40:44]==============================[STATS]
jh CPU load avg:
0.01 0.06 0.08 1/160 4241
i-03a7b23740a32cd1c
InService
Healthy
{}
[2022-04-05T02:40:45]==============================[SCALING RUN 3: CHUNK 3]==============================
02:40:45 I logger.go:127> Log level is now 4 Error (was 2 Info)
Fortio 1.19.0 running at -1 queries per second, 2->2 procs, for 1m0s: http://asg-1-lb-954923599.us-east-1.elb.amazonaws.com:3000/?n=20000
Aggregated Function Time : count 123344 avg 0.01216184 +/- 0.003502 min 0.0014138 max 0.233021451 sum 1500.09005
# target 50% 0.0151878
# target 75% 0.0180919
# target 90% 0.0198343
# target 99% 0.0288638
# target 99.9% 0.0299171
Sockets used: 25 (for perfect keepalive, would be 25)
Jitter: false
Code 200 : 123344 (100.0 %)
All done 123344 calls (plus 25 warmup) 12.162 ms avg, 2055.3 qps
Successfully wrote 2324 bytes of Json data to 2022-04-05-024045_asg_taewa_3_scaling_3_3.json
fortio exit code: 0
[2022-04-05T02:41:45]==============================[STATS]
jh CPU load avg:
0.53 0.19 0.12 1/163 31673
i-03a7b23740a32cd1c
InService
Healthy
{}
[2022-04-05T02:41:46]==============================[SCALING RUN 3: CHUNK 4]==============================
02:41:46 I logger.go:127> Log level is now 4 Error (was 2 Info)
Fortio 1.19.0 running at -1 queries per second, 2->2 procs, for 1m0s: http://asg-1-lb-954923599.us-east-1.elb.amazonaws.com:3000/?n=20000
Aggregated Function Time : count 123092 avg 0.012186735 +/- 0.003453 min 0.001298387 max 0.212079262 sum 1500.08957
# target 50% 0.0151127
# target 75% 0.0180471
# target 90% 0.0198077
# target 99% 0.0288531
# target 99.9% 0.0299354
Sockets used: 25 (for perfect keepalive, would be 25)
Jitter: false
Code 200 : 123092 (100.0 %)
All done 123092 calls (plus 25 warmup) 12.187 ms avg, 2051.2 qps
Successfully wrote 2565 bytes of Json data to 2022-04-05-024146_asg_taewa_3_scaling_3_4.json
fortio exit code: 0
[2022-04-05T02:42:46]==============================[STATS]
jh CPU load avg:
0.31 0.21 0.13 1/159 1365
i-03a7b23740a32cd1c
InService
Healthy
{}
[2022-04-05T02:42:46]==============================[SCALING RUN 3: CHUNK 5]==============================
02:42:46 I logger.go:127> Log level is now 4 Error (was 2 Info)
Fortio 1.19.0 running at -1 queries per second, 2->2 procs, for 1m0s: http://asg-1-lb-954923599.us-east-1.elb.amazonaws.com:3000/?n=20000
Aggregated Function Time : count 123303 avg 0.012165719 +/- 0.003502 min 0.001497854 max 0.225312629 sum 1500.0697
# target 50% 0.0151366
# target 75% 0.0180663
# target 90% 0.0198241
# target 99% 0.028876
# target 99.9% 0.0299412
Sockets used: 25 (for perfect keepalive, would be 25)
Jitter: false
Code 200 : 123303 (100.0 %)
All done 123303 calls (plus 25 warmup) 12.166 ms avg, 2054.7 qps
Successfully wrote 2444 bytes of Json data to 2022-04-05-024247_asg_taewa_3_scaling_3_5.json
fortio exit code: 0
[2022-04-05T02:43:47]==============================[STATS]
jh CPU load avg:
0.26 0.21 0.14 1/160 1383
i-03a7b23740a32cd1c
InService
Healthy
{}
[2022-04-05T02:43:47]==============================[SCALING RUN 3: CHUNK 6]==============================
02:43:47 I logger.go:127> Log level is now 4 Error (was 2 Info)
Fortio 1.19.0 running at -1 queries per second, 2->2 procs, for 1m0s: http://asg-1-lb-954923599.us-east-1.elb.amazonaws.com:3000/?n=20000
Aggregated Function Time : count 122962 avg 0.012199627 +/- 0.003741 min 0.001419229 max 0.240407624 sum 1500.09051
# target 50% 0.0151353
# target 75% 0.0180689
# target 90% 0.019829
# target 99% 0.0289512
# target 99.9% 0.0329468
Sockets used: 25 (for perfect keepalive, would be 25)
Jitter: false
Code 200 : 122962 (100.0 %)
All done 122962 calls (plus 25 warmup) 12.200 ms avg, 2049.0 qps
Successfully wrote 2918 bytes of Json data to 2022-04-05-024347_asg_taewa_3_scaling_3_6.json
fortio exit code: 0
[2022-04-05T02:44:47]==============================[STATS]
jh CPU load avg:
0.17 0.19 0.13 1/160 1448
i-03a7b23740a32cd1c
InService
Healthy
{}
i-0a122afdb11099049
InService
Healthy
{}
[2022-04-05T02:44:48]==============================[SCALING RUN 3: CHUNK 7]==============================
02:44:48 I logger.go:127> Log level is now 4 Error (was 2 Info)
Fortio 1.19.0 running at -1 queries per second, 2->2 procs, for 1m0s: http://asg-1-lb-954923599.us-east-1.elb.amazonaws.com:3000/?n=20000
Aggregated Function Time : count 122487 avg 0.012246356 +/- 0.004195 min 0.001360696 max 0.228178405 sum 1500.01942
# target 50% 0.0151362
# target 75% 0.0182785
# target 90% 0.0211584
# target 99% 0.0291583
# target 99.9% 0.0299583
Sockets used: 38 (for perfect keepalive, would be 25)
Jitter: false
Code 200 : 122487 (100.0 %)
All done 122487 calls (plus 25 warmup) 12.246 ms avg, 2041.2 qps
Successfully wrote 2562 bytes of Json data to 2022-04-05-024448_asg_taewa_3_scaling_3_7.json
fortio exit code: 0
[2022-04-05T02:45:48]==============================[STATS]
jh CPU load avg:
0.10 0.17 0.12 1/159 1466
i-03a7b23740a32cd1c
InService
Healthy
{}
i-0a122afdb11099049
InService
Healthy
{}
[2022-04-05T02:45:48]==============================[SCALING RUN 3: CHUNK 8]==============================
02:45:49 I logger.go:127> Log level is now 4 Error (was 2 Info)
Fortio 1.19.0 running at -1 queries per second, 2->2 procs, for 1m0s: http://asg-1-lb-954923599.us-east-1.elb.amazonaws.com:3000/?n=20000
Aggregated Function Time : count 246864 avg 0.0060762524 +/- 0.002297 min 0.001054425 max 0.2120131 sum 1500.00797
# target 50% 0.0060169
# target 75% 0.00849816
# target 90% 0.00998692
# target 99% 0.0190308
# target 99.9% 0.0199473
Sockets used: 25 (for perfect keepalive, would be 25)
Jitter: false
Code 200 : 246864 (100.0 %)
All done 246864 calls (plus 25 warmup) 6.076 ms avg, 4114.0 qps
Successfully wrote 2323 bytes of Json data to 2022-04-05-024549_asg_taewa_3_scaling_3_8.json
fortio exit code: 0
[2022-04-05T02:46:49]==============================[STATS]
jh CPU load avg:
0.03 0.13 0.11 1/159 1483
i-03a7b23740a32cd1c
InService
Healthy
{}
i-0a122afdb11099049
InService
Healthy
{}
[2022-04-05T02:46:49]==============================[SCALING RUN 3: CHUNK 9]==============================
02:46:49 I logger.go:127> Log level is now 4 Error (was 2 Info)
Fortio 1.19.0 running at -1 queries per second, 2->2 procs, for 1m0s: http://asg-1-lb-954923599.us-east-1.elb.amazonaws.com:3000/?n=20000
Aggregated Function Time : count 247010 avg 0.0060726337 +/- 0.002342 min 0.001065211 max 0.21262941 sum 1500.00125
# target 50% 0.00595502
# target 75% 0.00839994
# target 90% 0.00986689
# target 99% 0.0188803
# target 99.9% 0.0199266
Sockets used: 25 (for perfect keepalive, would be 25)
Jitter: false
Code 200 : 247010 (100.0 %)
All done 247010 calls (plus 25 warmup) 6.073 ms avg, 4116.4 qps
Successfully wrote 2320 bytes of Json data to 2022-04-05-024649_asg_taewa_3_scaling_3_9.json
fortio exit code: 0
[2022-04-05T02:47:49]==============================[STATS]
jh CPU load avg:
0.22 0.16 0.12 1/159 1500
i-03a7b23740a32cd1c
InService
Healthy
{}
i-0a122afdb11099049
InService
Healthy
{}
[2022-04-05T02:47:50]==============================[SCALING RUN 3: CHUNK 10]==============================
02:47:50 I logger.go:127> Log level is now 4 Error (was 2 Info)
Fortio 1.19.0 running at -1 queries per second, 2->2 procs, for 1m0s: http://asg-1-lb-954923599.us-east-1.elb.amazonaws.com:3000/?n=20000
Aggregated Function Time : count 246804 avg 0.0060777362 +/- 0.002288 min 0.001055806 max 0.221695595 sum 1500.00961
# target 50% 0.00602245
# target 75% 0.00850579
# target 90% 0.0099958
# target 99% 0.0190558
# target 99.9% 0.0199657
Sockets used: 25 (for perfect keepalive, would be 25)
Jitter: false
Code 200 : 246804 (100.0 %)
All done 246804 calls (plus 25 warmup) 6.078 ms avg, 4113.0 qps
Successfully wrote 2445 bytes of Json data to 2022-04-05-024750_asg_taewa_3_scaling_3_10.json
fortio exit code: 0
[2022-04-05T02:48:50]==============================[STATS]
jh CPU load avg:
0.08 0.12 0.11 1/159 1518
i-03a7b23740a32cd1c
InService
Healthy
{}
i-0a122afdb11099049
InService
Healthy
{}
[2022-04-05T02:48:50]==============================[SCALING RUN 3: CHUNK 11]==============================
02:48:50 I logger.go:127> Log level is now 4 Error (was 2 Info)
Fortio 1.19.0 running at -1 queries per second, 2->2 procs, for 1m0s: http://asg-1-lb-954923599.us-east-1.elb.amazonaws.com:3000/?n=20000
Aggregated Function Time : count 248736 avg 0.0060304623 +/- 0.002195 min 0.001093568 max 0.221145361 sum 1499.99306
# target 50% 0.00602705
# target 75% 0.00849382
# target 90% 0.00997387
# target 99% 0.0190119
# target 99.9% 0.0199404
Sockets used: 25 (for perfect keepalive, would be 25)
Jitter: false
Code 200 : 248736 (100.0 %)
All done 248736 calls (plus 25 warmup) 6.030 ms avg, 4145.2 qps
Successfully wrote 2325 bytes of Json data to 2022-04-05-024851_asg_taewa_3_scaling_3_11.json
fortio exit code: 0
[2022-04-05T02:49:51]==============================[STATS]
jh CPU load avg:
0.15 0.14 0.11 1/159 1538
i-03a7b23740a32cd1c
InService
Healthy
{}
i-0a122afdb11099049
InService
Healthy
{}
[2022-04-05T02:49:51]==============================[SCALING RUN 3: CHUNK 12]==============================
02:49:51 I logger.go:127> Log level is now 4 Error (was 2 Info)
Fortio 1.19.0 running at -1 queries per second, 2->2 procs, for 1m0s: http://asg-1-lb-954923599.us-east-1.elb.amazonaws.com:3000/?n=20000
Aggregated Function Time : count 247802 avg 0.0060532336 +/- 0.002207 min 0.001120295 max 0.216047941 sum 1500.0034
# target 50% 0.00603996
# target 75% 0.00849982
# target 90% 0.00997573
# target 99% 0.0190372
# target 99.9% 0.0199663
Sockets used: 25 (for perfect keepalive, would be 25)
Jitter: false
Code 200 : 247802 (100.0 %)
All done 247802 calls (plus 25 warmup) 6.053 ms avg, 4129.6 qps
Successfully wrote 2445 bytes of Json data to 2022-04-05-024951_asg_taewa_3_scaling_3_12.json
fortio exit code: 0
[2022-04-05T02:50:51]==============================[STATS]
jh CPU load avg:
0.33 0.19 0.13 1/160 1562
i-03a7b23740a32cd1c
InService
Healthy
{}
i-0a122afdb11099049
InService
Healthy
{}
i-0aac05a8a11d5095f
InService
Healthy
{}
[2022-04-05T02:50:52]==============================[SCALING RUN 3: CHUNK 13]==============================
02:50:52 I logger.go:127> Log level is now 4 Error (was 2 Info)
Fortio 1.19.0 running at -1 queries per second, 2->2 procs, for 1m0s: http://asg-1-lb-954923599.us-east-1.elb.amazonaws.com:3000/?n=20000
Aggregated Function Time : count 248556 avg 0.0060348513 +/- 0.00221 min 0.001029129 max 0.209669457 sum 1499.99851
# target 50% 0.00600269
# target 75% 0.00848949
# target 90% 0.00998157
# target 99% 0.0190333
# target 99.9% 0.0199557
Sockets used: 25 (for perfect keepalive, would be 25)
Jitter: false
Code 200 : 248556 (100.0 %)
All done 248556 calls (plus 25 warmup) 6.035 ms avg, 4142.2 qps
Successfully wrote 2328 bytes of Json data to 2022-04-05-025052_asg_taewa_3_scaling_3_13.json
fortio exit code: 0
[2022-04-05T02:51:52]==============================[STATS]
jh CPU load avg:
0.14 0.17 0.12 1/160 1579
i-03a7b23740a32cd1c
InService
Healthy
{}
i-0a122afdb11099049
InService
Healthy
{}
i-0aac05a8a11d5095f
InService
Healthy
{}
[2022-04-05T02:51:52]==============================[SCALING RUN 3: CHUNK 14]==============================
02:51:52 I logger.go:127> Log level is now 4 Error (was 2 Info)
Fortio 1.19.0 running at -1 queries per second, 2->2 procs, for 1m0s: http://asg-1-lb-954923599.us-east-1.elb.amazonaws.com:3000/?n=20000
Aggregated Function Time : count 373101 avg 0.0040202842 +/- 0.002248 min 0.001068744 max 0.208983011 sum 1499.97205
# target 50% 0.00580159
# target 75% 0.00816802
# target 90% 0.00958788
# target 99% 0.0182611
# target 99.9% 0.0198613
Sockets used: 25 (for perfect keepalive, would be 25)
Jitter: false
Code 200 : 373101 (100.0 %)
All done 373101 calls (plus 25 warmup) 4.020 ms avg, 6217.7 qps
Successfully wrote 2208 bytes of Json data to 2022-04-05-025152_asg_taewa_3_scaling_3_14.json
fortio exit code: 0
[2022-04-05T02:52:52]==============================[STATS]
jh CPU load avg:
0.18 0.18 0.13 1/160 1595
i-03a7b23740a32cd1c
InService
Healthy
{}
i-0a122afdb11099049
InService
Healthy
{}
i-0aac05a8a11d5095f
InService
Healthy
{}
[2022-04-05T02:56:54]==============================[GET DATA]==============================
2022-04-05T01:04:46..2022-04-05T02:56:54
asg-1-myASG
asg-1-lb
36K alb_data.json
24K asg_data.json
[2022-04-05T02:56:54]==============================[UPLOAD /2022.04.05_01-03_asg_taewa_3_41cf]==============================
Warning: Permanently added '34.125.40.213' (ECDSA) to the list of known hosts.
