+ git log -3
commit d071cb0e02afc225d095833713ae71649e2f7048
Author: Your Name <you@example.com>
Date:   Sat May 28 12:56:12 2022 +1200

    add raupi2 test

commit d13f11bf18e86d4c8b424404220e8bc0d5f7412f
Author: Your Name <you@example.com>
Date:   Sat May 28 11:14:42 2022 +1200

    add more test types to explorer

commit b7e2c0e41f781bc97a31f3720d421db21e7387ba
Author: Your Name <you@example.com>
Date:   Fri May 27 11:20:24 2022 +1200

    add nodes metrics, fix colors
++ cut -d _ -f 2
+ app=riwai
+ export AWS_DEFAULT_REGION=us-east-1
+ AWS_DEFAULT_REGION=us-east-1
+ line===============================
++ date +%FT%T
+ echo '[2022-05-30T00:00:21]==============================[starting' in '/tmp/k8s-vs-ASG/data/cli]=============================='
[2022-05-30T00:00:21]==============================[starting in /tmp/k8s-vs-ASG/data/cli]==============================
+ source 0.setup.sh
++ set -x
++ '[' asg_riwai_3 == k8s_apache_3 ']'
++ '[' asg_riwai_3 == asg_apache_3 ']'
++ '[' asg_riwai_3 == k8s_apache2_3 ']'
++ '[' asg_riwai_3 == k8s_apache2_3new ']'
++ '[' asg_riwai_3 == k8s_taewa_3 ']'
++ '[' asg_riwai_3 == k8s_taewa2_3 ']'
++ '[' asg_riwai_3 == asg_taewa_3 ']'
++ '[' asg_riwai_3 == k8s_taewa_3lite ']'
++ '[' asg_riwai_3 == asg_taewa_3lite ']'
++ '[' asg_riwai_3 == k8s_taewa_3extra ']'
++ '[' asg_riwai_3 == asg_taewa_3extra ']'
++ '[' asg_riwai_3 == k8s_taewa_6 ']'
++ '[' asg_riwai_3 == asg_taewa_6 ']'
++ '[' asg_riwai_3 == k8s_riwai_3 ']'
++ '[' asg_riwai_3 == asg_riwai_3 ']'
++ warmup_url='3000/?n=20000'
++ testing_url='3000/?n=20000'
++ cpu_perc=35
++ warmup_min_threads=15
++ warmup_max_threads=25
++ warmup_cycle_sec=90
++ scaling_minutes=14
++ performance_sec=300
++ max_capacity=3
++ fortio_options='-a -qps -1 -r 0.01 -loglevel Error -allow-initial-errors'
++ '[' asg_riwai_3 == asg_raupi_3 ']'
++ '[' asg_riwai_3 == asg_raupi_3_70 ']'
++ '[' asg_riwai_3 == k8s_raupi_3 ']'
++ '[' asg_riwai_3 == k8s_raupi2_3 ']'
++ set +x
{
    "Account": "432756446153", 
    "UserId": "AIDAWJQSLKPEUR6SB6RI5", 
    "Arn": "arn:aws:iam::432756446153:user/ad1"
}
[2022-05-30T00:00:27] waiting for instances ...
scaling to 3
{
    "HealthCheck": {
        "HealthyThreshold": 2, 
        "Interval": 10, 
        "Target": "HTTP:3000/?n=20000", 
        "Timeout": 5, 
        "UnhealthyThreshold": 6
    }
}
  % Total    % Received % Xferd  Average Speed   Time    Time     Time  Current
                                 Dload  Upload   Total   Spent    Left  Speed
  0     0    0     0    0     0      0      0 --:--:-- --:--:-- --:--:--     0100    44  100    44    0     0   5884      0 --:--:-- --:--:-- --:--:--  7333
The result of xrss run is :  5012.1905867898
[2022-05-30T00:05:31]==============================[STATS]
jh CPU load avg:
0.00 0.13 0.09 1/165 2898
i-01ea96bb26ec5313b
InService
Healthy
{}
i-0391eb0450aef5b98
InService
Healthy
{}
i-0c0e656c0c19333eb
InService
Healthy
{}
[2022-05-30T00:05:32]==============================[WARMUP RUN c15]==============================
00:05:32 I logger.go:127> Log level is now 4 Error (was 2 Info)
Fortio 1.19.0 running at -1 queries per second, 2->2 procs, for 1m30s: http://asg-1-lb-1717033719.us-east-1.elb.amazonaws.com:3000/?n=20000
Aggregated Function Time : count 139658 avg 0.0096665808 +/- 0.003348 min 0.001370885 max 0.045846118 sum 1350.01534
# target 50% 0.00681008
# target 75% 0.00952971
# target 90% 0.0153589
# target 99% 0.0198762
# target 99.9% 0.0295135
Sockets used: 15 (for perfect keepalive, would be 15)
Jitter: false
Code 200 : 139658 (100.0 %)
All done 139658 calls (plus 15 warmup) 9.667 ms avg, 1551.5 qps
Successfully wrote 2325 bytes of Json data to 2022-05-30-000532_asg_riwai_3_warmup_15.json
fortio exit code: 0
[2022-05-30T00:07:02]==============================[STATS]
jh CPU load avg:
0.00 0.09 0.08 1/165 2916
i-01ea96bb26ec5313b
InService
Healthy
{}
i-0391eb0450aef5b98
InService
Healthy
{}
i-0c0e656c0c19333eb
InService
Healthy
{}
[2022-05-30T00:08:03]==============================[STATS]
jh CPU load avg:
0.06 0.10 0.08 1/165 2925
i-01ea96bb26ec5313b
InService
Healthy
{}
i-0391eb0450aef5b98
InService
Healthy
{}
i-0c0e656c0c19333eb
InService
Healthy
{}
[2022-05-30T00:08:04]==============================[WARMUP RUN c16]==============================
00:08:04 I logger.go:127> Log level is now 4 Error (was 2 Info)
Fortio 1.19.0 running at -1 queries per second, 2->2 procs, for 1m30s: http://asg-1-lb-1717033719.us-east-1.elb.amazonaws.com:3000/?n=20000
Aggregated Function Time : count 435908 avg 0.0033032048 +/- 0.001707 min 0.001059653 max 0.213623997 sum 1439.89339
# target 50% 0.00554638
# target 75% 0.00778975
# target 90% 0.00913577
# target 99% 0.00994339
# target 99.9% 0.0173919
Sockets used: 16 (for perfect keepalive, would be 16)
Jitter: false
Code 200 : 435908 (100.0 %)
All done 435908 calls (plus 16 warmup) 3.303 ms avg, 4843.2 qps
Successfully wrote 2325 bytes of Json data to 2022-05-30-000804_asg_riwai_3_warmup_16.json
fortio exit code: 0
[2022-05-30T00:09:34]==============================[STATS]
jh CPU load avg:
0.07 0.10 0.08 1/165 2943
i-01ea96bb26ec5313b
InService
Healthy
{}
i-0391eb0450aef5b98
InService
Healthy
{}
i-0c0e656c0c19333eb
InService
Healthy
{}
[2022-05-30T00:10:35]==============================[STATS]
jh CPU load avg:
0.02 0.08 0.08 1/165 2958
i-01ea96bb26ec5313b
InService
Healthy
{}
i-0391eb0450aef5b98
InService
Healthy
{}
i-0c0e656c0c19333eb
InService
Healthy
{}
[2022-05-30T00:10:35]==============================[WARMUP RUN c17]==============================
00:10:35 I logger.go:127> Log level is now 4 Error (was 2 Info)
Fortio 1.19.0 running at -1 queries per second, 2->2 procs, for 1m30s: http://asg-1-lb-1717033719.us-east-1.elb.amazonaws.com:3000/?n=20000
Aggregated Function Time : count 437064 avg 0.0035003859 +/- 0.001777 min 0.001103743 max 0.214708883 sum 1529.89267
# target 50% 0.00557018
# target 75% 0.00780342
# target 90% 0.00914335
# target 99% 0.00994732
# target 99.9% 0.0179761
Sockets used: 17 (for perfect keepalive, would be 17)
Jitter: false
Code 200 : 437064 (100.0 %)
All done 437064 calls (plus 17 warmup) 3.500 ms avg, 4856.0 qps
Successfully wrote 2442 bytes of Json data to 2022-05-30-001035_asg_riwai_3_warmup_17.json
fortio exit code: 0
[2022-05-30T00:12:05]==============================[STATS]
jh CPU load avg:
0.22 0.13 0.10 1/165 2976
i-01ea96bb26ec5313b
InService
Healthy
{}
i-0391eb0450aef5b98
InService
Healthy
{}
i-0c0e656c0c19333eb
InService
Healthy
{}
[2022-05-30T00:13:06]==============================[STATS]
jh CPU load avg:
0.08 0.10 0.09 1/165 2985
i-01ea96bb26ec5313b
InService
Healthy
{}
i-0391eb0450aef5b98
InService
Healthy
{}
i-0c0e656c0c19333eb
InService
Healthy
{}
[2022-05-30T00:13:07]==============================[WARMUP RUN c18]==============================
00:13:07 I logger.go:127> Log level is now 4 Error (was 2 Info)
Fortio 1.19.0 running at -1 queries per second, 2->2 procs, for 1m30s: http://asg-1-lb-1717033719.us-east-1.elb.amazonaws.com:3000/?n=20000
Aggregated Function Time : count 430926 avg 0.0037591035 +/- 0.002015 min 0.001133024 max 0.216353013 sum 1619.89542
# target 50% 0.00559072
# target 75% 0.00781958
# target 90% 0.00915689
# target 99% 0.00995928
# target 99.9% 0.0188103
Sockets used: 18 (for perfect keepalive, would be 18)
Jitter: false
Code 200 : 430926 (100.0 %)
All done 430926 calls (plus 18 warmup) 3.759 ms avg, 4787.8 qps
Successfully wrote 2324 bytes of Json data to 2022-05-30-001307_asg_riwai_3_warmup_18.json
fortio exit code: 0
[2022-05-30T00:14:37]==============================[STATS]
jh CPU load avg:
0.08 0.10 0.09 1/165 3004
i-01ea96bb26ec5313b
InService
Healthy
{}
i-0391eb0450aef5b98
InService
Healthy
{}
i-0c0e656c0c19333eb
InService
Healthy
{}
[2022-05-30T00:15:37]==============================[STATS]
jh CPU load avg:
0.03 0.08 0.08 1/165 3013
i-01ea96bb26ec5313b
InService
Healthy
{}
i-0391eb0450aef5b98
InService
Healthy
{}
i-0c0e656c0c19333eb
InService
Healthy
{}
[2022-05-30T00:15:39]==============================[WARMUP RUN c19]==============================
00:15:39 I logger.go:127> Log level is now 4 Error (was 2 Info)
Fortio 1.19.0 running at -1 queries per second, 2->2 procs, for 1m30s: http://asg-1-lb-1717033719.us-east-1.elb.amazonaws.com:3000/?n=20000
Aggregated Function Time : count 434717 avg 0.0039333328 +/- 0.002292 min 0.001169089 max 0.224992299 sum 1709.88662
# target 50% 0.00568284
# target 75% 0.00793973
# target 90% 0.00929386
# target 99% 0.0155583
# target 99.9% 0.0198049
Sockets used: 19 (for perfect keepalive, would be 19)
Jitter: false
Code 200 : 434717 (100.0 %)
All done 434717 calls (plus 19 warmup) 3.933 ms avg, 4829.9 qps
Successfully wrote 2680 bytes of Json data to 2022-05-30-001539_asg_riwai_3_warmup_19.json
fortio exit code: 0
[2022-05-30T00:17:09]==============================[STATS]
jh CPU load avg:
0.28 0.14 0.10 1/165 3032
i-01ea96bb26ec5313b
InService
Healthy
{}
i-0391eb0450aef5b98
InService
Healthy
{}
i-0c0e656c0c19333eb
InService
Healthy
{}
[2022-05-30T00:18:09]==============================[STATS]
jh CPU load avg:
0.10 0.11 0.09 1/165 3041
i-01ea96bb26ec5313b
InService
Healthy
{}
i-0391eb0450aef5b98
InService
Healthy
{}
i-0c0e656c0c19333eb
InService
Healthy
{}
[2022-05-30T00:18:10]==============================[WARMUP RUN c20]==============================
00:18:10 I logger.go:127> Log level is now 4 Error (was 2 Info)
Fortio 1.19.0 running at -1 queries per second, 2->2 procs, for 1m30s: http://asg-1-lb-1717033719.us-east-1.elb.amazonaws.com:3000/?n=20000
Aggregated Function Time : count 441199 avg 0.0040795543 +/- 0.002239 min 0.001114192 max 0.217900973 sum 1799.89527
# target 50% 0.0056503
# target 75% 0.00791836
# target 90% 0.0092792
# target 99% 0.0152152
# target 99.9% 0.0196647
Sockets used: 20 (for perfect keepalive, would be 20)
Jitter: false
Code 200 : 441199 (100.0 %)
All done 441199 calls (plus 20 warmup) 4.080 ms avg, 4901.9 qps
Successfully wrote 2327 bytes of Json data to 2022-05-30-001810_asg_riwai_3_warmup_20.json
fortio exit code: 0
[2022-05-30T00:19:40]==============================[STATS]
jh CPU load avg:
0.08 0.11 0.09 1/165 3059
i-01ea96bb26ec5313b
InService
Healthy
{}
i-0391eb0450aef5b98
InService
Healthy
{}
i-0c0e656c0c19333eb
InService
Healthy
{}
[2022-05-30T00:20:41]==============================[STATS]
jh CPU load avg:
0.61 0.25 0.14 1/170 29289
i-01ea96bb26ec5313b
InService
Healthy
{}
i-0391eb0450aef5b98
InService
Healthy
{}
i-0c0e656c0c19333eb
InService
Healthy
{}
[2022-05-30T00:20:42]==============================[WARMUP RUN c21]==============================
00:20:42 I logger.go:127> Log level is now 4 Error (was 2 Info)
Fortio 1.19.0 running at -1 queries per second, 2->2 procs, for 1m30s: http://asg-1-lb-1717033719.us-east-1.elb.amazonaws.com:3000/?n=20000
Aggregated Function Time : count 440634 avg 0.0042890359 +/- 0.002214 min 0.001098601 max 0.217761656 sum 1889.89506
# target 50% 0.00563868
# target 75% 0.00790874
# target 90% 0.00927077
# target 99% 0.0150279
# target 99.9% 0.0196978
Sockets used: 21 (for perfect keepalive, would be 21)
Jitter: false
Code 200 : 440634 (100.0 %)
All done 440634 calls (plus 21 warmup) 4.289 ms avg, 4895.6 qps
Successfully wrote 2561 bytes of Json data to 2022-05-30-002042_asg_riwai_3_warmup_21.json
fortio exit code: 0
[2022-05-30T00:22:12]==============================[STATS]
jh CPU load avg:
0.43 0.29 0.16 1/165 32552
i-01ea96bb26ec5313b
InService
Healthy
{}
i-0391eb0450aef5b98
InService
Healthy
{}
i-0c0e656c0c19333eb
InService
Healthy
{}
[2022-05-30T00:23:12]==============================[STATS]
jh CPU load avg:
0.15 0.24 0.15 1/165 32561
i-01ea96bb26ec5313b
InService
Healthy
{}
i-0391eb0450aef5b98
InService
Healthy
{}
i-0c0e656c0c19333eb
InService
Healthy
{}
[2022-05-30T00:23:13]==============================[WARMUP RUN c22]==============================
00:23:13 I logger.go:127> Log level is now 4 Error (was 2 Info)
Fortio 1.19.0 running at -1 queries per second, 2->2 procs, for 1m30s: http://asg-1-lb-1717033719.us-east-1.elb.amazonaws.com:3000/?n=20000
Aggregated Function Time : count 438437 avg 0.0045158398 +/- 0.002501 min 0.001147634 max 0.215247714 sum 1979.91126
# target 50% 0.00591481
# target 75% 0.00829841
# target 90% 0.00972857
# target 99% 0.0186592
# target 99.9% 0.0199257
Sockets used: 22 (for perfect keepalive, would be 22)
Jitter: false
Code 200 : 438437 (100.0 %)
All done 438437 calls (plus 22 warmup) 4.516 ms avg, 4871.2 qps
Successfully wrote 2326 bytes of Json data to 2022-05-30-002313_asg_riwai_3_warmup_22.json
fortio exit code: 0
[2022-05-30T00:24:43]==============================[STATS]
jh CPU load avg:
0.23 0.24 0.16 1/165 32579
i-01ea96bb26ec5313b
InService
Healthy
{}
i-0391eb0450aef5b98
InService
Healthy
{}
i-0c0e656c0c19333eb
InService
Healthy
{}
[2022-05-30T00:25:44]==============================[STATS]
jh CPU load avg:
0.11 0.21 0.16 1/165 32639
i-01ea96bb26ec5313b
InService
Healthy
{}
i-0391eb0450aef5b98
InService
Healthy
{}
i-0c0e656c0c19333eb
InService
Healthy
{}
[2022-05-30T00:25:45]==============================[WARMUP RUN c23]==============================
00:25:45 I logger.go:127> Log level is now 4 Error (was 2 Info)
Fortio 1.19.0 running at -1 queries per second, 2->2 procs, for 1m30s: http://asg-1-lb-1717033719.us-east-1.elb.amazonaws.com:3000/?n=20000
Aggregated Function Time : count 436483 avg 0.0047422672 +/- 0.002673 min 0.001104473 max 0.04608018 sum 2069.91901
# target 50% 0.00589712
# target 75% 0.00829346
# target 90% 0.00973126
# target 99% 0.0187789
# target 99.9% 0.0230112
Sockets used: 23 (for perfect keepalive, would be 23)
Jitter: false
Code 200 : 436483 (100.0 %)
All done 436483 calls (plus 23 warmup) 4.742 ms avg, 4849.4 qps
Successfully wrote 2323 bytes of Json data to 2022-05-30-002545_asg_riwai_3_warmup_23.json
fortio exit code: 0
[2022-05-30T00:27:15]==============================[STATS]
jh CPU load avg:
0.26 0.21 0.16 1/165 32657
i-01ea96bb26ec5313b
InService
Healthy
{}
i-0391eb0450aef5b98
InService
Healthy
{}
i-0c0e656c0c19333eb
InService
Healthy
{}
[2022-05-30T00:28:15]==============================[STATS]
jh CPU load avg:
0.09 0.17 0.15 1/165 32668
i-01ea96bb26ec5313b
InService
Healthy
{}
i-0391eb0450aef5b98
InService
Healthy
{}
i-0c0e656c0c19333eb
InService
Healthy
{}
[2022-05-30T00:28:16]==============================[WARMUP RUN c24]==============================
00:28:16 I logger.go:127> Log level is now 4 Error (was 2 Info)
Fortio 1.19.0 running at -1 queries per second, 2->2 procs, for 1m30s: http://asg-1-lb-1717033719.us-east-1.elb.amazonaws.com:3000/?n=20000
Aggregated Function Time : count 440475 avg 0.004903561 +/- 0.002501 min 0.001136067 max 0.03537006 sum 2159.89605
# target 50% 0.00590544
# target 75% 0.00829014
# target 90% 0.00972096
# target 99% 0.0186722
# target 99.9% 0.0199571
Sockets used: 24 (for perfect keepalive, would be 24)
Jitter: false
Code 200 : 440475 (100.0 %)
All done 440475 calls (plus 24 warmup) 4.904 ms avg, 4893.8 qps
Successfully wrote 2208 bytes of Json data to 2022-05-30-002816_asg_riwai_3_warmup_24.json
fortio exit code: 0
[2022-05-30T00:29:46]==============================[STATS]
jh CPU load avg:
0.18 0.17 0.15 1/165 32686
i-01ea96bb26ec5313b
InService
Healthy
{}
i-0391eb0450aef5b98
InService
Healthy
{}
i-0c0e656c0c19333eb
InService
Healthy
{}
[2022-05-30T00:30:47]==============================[STATS]
jh CPU load avg:
0.06 0.14 0.14 1/166 32705
i-01ea96bb26ec5313b
InService
Healthy
{}
i-0391eb0450aef5b98
InService
Healthy
{}
i-0c0e656c0c19333eb
InService
Healthy
{}
[2022-05-30T00:30:47]==============================[WARMUP RUN c25]==============================
00:30:47 I logger.go:127> Log level is now 4 Error (was 2 Info)
Fortio 1.19.0 running at -1 queries per second, 2->2 procs, for 1m30s: http://asg-1-lb-1717033719.us-east-1.elb.amazonaws.com:3000/?n=20000
Aggregated Function Time : count 442149 avg 0.0050885657 +/- 0.002777 min 0.001158046 max 0.207437838 sum 2249.90422
# target 50% 0.00589338
# target 75% 0.00826106
# target 90% 0.00968166
# target 99% 0.0186069
# target 99.9% 0.0199806
Sockets used: 25 (for perfect keepalive, would be 25)
Jitter: false
Code 200 : 442149 (100.0 %)
All done 442149 calls (plus 25 warmup) 5.089 ms avg, 4912.4 qps
Successfully wrote 2328 bytes of Json data to 2022-05-30-003048_asg_riwai_3_warmup_25.json
fortio exit code: 0
[2022-05-30T00:32:18]==============================[STATS]
jh CPU load avg:
0.23 0.15 0.14 1/166 32723
i-01ea96bb26ec5313b
InService
Healthy
{}
i-0391eb0450aef5b98
InService
Healthy
{}
i-0c0e656c0c19333eb
InService
Healthy
{}
{
    "LoadBalancerDescriptions": [
        {
            "Subnets": [
                "subnet-03d48d3138de17d67", 
                "subnet-0ab5c75cabe8f34c0"
            ], 
            "CanonicalHostedZoneNameID": "Z35SXDOTRQ7X7K", 
            "CanonicalHostedZoneName": "asg-1-lb-1717033719.us-east-1.elb.amazonaws.com", 
            "ListenerDescriptions": [
                {
                    "Listener": {
                        "InstancePort": 3000, 
                        "LoadBalancerPort": 3000, 
                        "Protocol": "TCP", 
                        "InstanceProtocol": "TCP"
                    }, 
                    "PolicyNames": []
                }, 
                {
                    "Listener": {
                        "InstancePort": 80, 
                        "LoadBalancerPort": 80, 
                        "Protocol": "TCP", 
                        "InstanceProtocol": "TCP"
                    }, 
                    "PolicyNames": []
                }
            ], 
            "HealthCheck": {
                "HealthyThreshold": 2, 
                "Interval": 10, 
                "Target": "HTTP:3000/?n=20000", 
                "Timeout": 5, 
                "UnhealthyThreshold": 6
            }, 
            "VPCId": "vpc-0bcd2991fc683731d", 
            "BackendServerDescriptions": [], 
            "Instances": [
                {
                    "InstanceId": "i-0c0e656c0c19333eb"
                }, 
                {
                    "InstanceId": "i-01ea96bb26ec5313b"
                }, 
                {
                    "InstanceId": "i-0391eb0450aef5b98"
                }
            ], 
            "DNSName": "asg-1-lb-1717033719.us-east-1.elb.amazonaws.com", 
            "SecurityGroups": [
                "sg-048dbde4684d03f57"
            ], 
            "Policies": {
                "LBCookieStickinessPolicies": [], 
                "AppCookieStickinessPolicies": [], 
                "OtherPolicies": []
            }, 
            "LoadBalancerName": "asg-1-lb", 
            "CreatedTime": "2022-05-29T23:56:21.600Z", 
            "AvailabilityZones": [
                "us-east-1b", 
                "us-east-1a"
            ], 
            "Scheme": "internet-facing", 
            "SourceSecurityGroup": {
                "OwnerAlias": "432756446153", 
                "GroupName": "asg-1-ALBSecurityGroup-11G959BNOVXMH"
            }
        }
    ]
}
{
    "AutoScalingGroups": [
        {
            "AutoScalingGroupARN": "arn:aws:autoscaling:us-east-1:432756446153:autoScalingGroup:35ad85ed-ba85-4408-9fee-82a17d3dddf3:autoScalingGroupName/asg-1-myASG", 
            "ServiceLinkedRoleARN": "arn:aws:iam::432756446153:role/aws-service-role/autoscaling.amazonaws.com/AWSServiceRoleForAutoScaling", 
            "TargetGroupARNs": [], 
            "SuspendedProcesses": [], 
            "LaunchTemplate": {
                "LaunchTemplateName": "asg-1-launch-template", 
                "Version": "1", 
                "LaunchTemplateId": "lt-0e9ad717253d58b13"
            }, 
            "Tags": [
                {
                    "ResourceType": "auto-scaling-group", 
                    "ResourceId": "asg-1-myASG", 
                    "PropagateAtLaunch": true, 
                    "Value": "asg-1-instance", 
                    "Key": "Name"
                }, 
                {
                    "ResourceType": "auto-scaling-group", 
                    "ResourceId": "asg-1-myASG", 
                    "PropagateAtLaunch": false, 
                    "Value": "WebServerGroup", 
                    "Key": "Purpose"
                }, 
                {
                    "ResourceType": "auto-scaling-group", 
                    "ResourceId": "asg-1-myASG", 
                    "PropagateAtLaunch": true, 
                    "Value": "myASG", 
                    "Key": "aws:cloudformation:logical-id"
                }, 
                {
                    "ResourceType": "auto-scaling-group", 
                    "ResourceId": "asg-1-myASG", 
                    "PropagateAtLaunch": true, 
                    "Value": "arn:aws:cloudformation:us-east-1:432756446153:stack/asg-1/e7294a40-dfaa-11ec-a3e0-0a9e0dfe9043", 
                    "Key": "aws:cloudformation:stack-id"
                }, 
                {
                    "ResourceType": "auto-scaling-group", 
                    "ResourceId": "asg-1-myASG", 
                    "PropagateAtLaunch": true, 
                    "Value": "asg-1", 
                    "Key": "aws:cloudformation:stack-name"
                }
            ], 
            "EnabledMetrics": [
                {
                    "Metric": "WarmPoolTerminatingCapacity", 
                    "Granularity": "1Minute"
                }, 
                {
                    "Metric": "GroupPendingCapacity", 
                    "Granularity": "1Minute"
                }, 
                {
                    "Metric": "WarmPoolTotalCapacity", 
                    "Granularity": "1Minute"
                }, 
                {
                    "Metric": "WarmPoolDesiredCapacity", 
                    "Granularity": "1Minute"
                }, 
                {
                    "Metric": "GroupTerminatingCapacity", 
                    "Granularity": "1Minute"
                }, 
                {
                    "Metric": "GroupInServiceCapacity", 
                    "Granularity": "1Minute"
                }, 
                {
                    "Metric": "GroupTerminatingInstances", 
                    "Granularity": "1Minute"
                }, 
                {
                    "Metric": "WarmPoolPendingCapacity", 
                    "Granularity": "1Minute"
                }, 
                {
                    "Metric": "GroupInServiceInstances", 
                    "Granularity": "1Minute"
                }, 
                {
                    "Metric": "GroupMinSize", 
                    "Granularity": "1Minute"
                }, 
                {
                    "Metric": "WarmPoolWarmedCapacity", 
                    "Granularity": "1Minute"
                }, 
                {
                    "Metric": "GroupPendingInstances", 
                    "Granularity": "1Minute"
                }, 
                {
                    "Metric": "GroupMaxSize", 
                    "Granularity": "1Minute"
                }, 
                {
                    "Metric": "GroupDesiredCapacity", 
                    "Granularity": "1Minute"
                }, 
                {
                    "Metric": "GroupTotalInstances", 
                    "Granularity": "1Minute"
                }, 
                {
                    "Metric": "GroupAndWarmPoolDesiredCapacity", 
                    "Granularity": "1Minute"
                }, 
                {
                    "Metric": "GroupTotalCapacity", 
                    "Granularity": "1Minute"
                }, 
                {
                    "Metric": "GroupStandbyInstances", 
                    "Granularity": "1Minute"
                }, 
                {
                    "Metric": "GroupStandbyCapacity", 
                    "Granularity": "1Minute"
                }, 
                {
                    "Metric": "GroupAndWarmPoolTotalCapacity", 
                    "Granularity": "1Minute"
                }, 
                {
                    "Metric": "WarmPoolMinSize", 
                    "Granularity": "1Minute"
                }
            ], 
            "TerminationPolicies": [
                "Default"
            ], 
            "AutoScalingGroupName": "asg-1-myASG", 
            "DefaultCooldown": 300, 
            "MinSize": 1, 
            "Instances": [
                {
                    "ProtectedFromScaleIn": false, 
                    "AvailabilityZone": "us-east-1a", 
                    "LaunchTemplate": {
                        "LaunchTemplateName": "asg-1-launch-template", 
                        "Version": "1", 
                        "LaunchTemplateId": "lt-0e9ad717253d58b13"
                    }, 
                    "InstanceId": "i-01ea96bb26ec5313b", 
                    "HealthStatus": "Healthy", 
                    "LifecycleState": "InService", 
                    "InstanceType": "t3.medium"
                }, 
                {
                    "ProtectedFromScaleIn": false, 
                    "AvailabilityZone": "us-east-1a", 
                    "LaunchTemplate": {
                        "LaunchTemplateName": "asg-1-launch-template", 
                        "Version": "1", 
                        "LaunchTemplateId": "lt-0e9ad717253d58b13"
                    }, 
                    "InstanceId": "i-0391eb0450aef5b98", 
                    "HealthStatus": "Healthy", 
                    "LifecycleState": "InService", 
                    "InstanceType": "t3.medium"
                }, 
                {
                    "ProtectedFromScaleIn": false, 
                    "AvailabilityZone": "us-east-1b", 
                    "LaunchTemplate": {
                        "LaunchTemplateName": "asg-1-launch-template", 
                        "Version": "1", 
                        "LaunchTemplateId": "lt-0e9ad717253d58b13"
                    }, 
                    "InstanceId": "i-0c0e656c0c19333eb", 
                    "HealthStatus": "Healthy", 
                    "LifecycleState": "InService", 
                    "InstanceType": "t3.medium"
                }
            ], 
            "MaxSize": 3, 
            "VPCZoneIdentifier": "subnet-03d48d3138de17d67,subnet-0ab5c75cabe8f34c0", 
            "HealthCheckGracePeriod": 300, 
            "LoadBalancerNames": [
                "asg-1-lb"
            ], 
            "CreatedTime": "2022-05-29T23:58:46.678Z", 
            "AvailabilityZones": [
                "us-east-1a", 
                "us-east-1b"
            ], 
            "HealthCheckType": "EC2", 
            "NewInstancesProtectedFromScaleIn": false, 
            "DesiredCapacity": 3
        }
    ]
}
[2022-05-30T00:33:21]==============================[PERFORMANCE CHUNK RUN 26]==============================
[2022-05-30T00:34:21]==============================[STATS]
jh CPU load avg:
0.06 0.11 0.12 1/166 32747
i-01ea96bb26ec5313b
InService
Healthy
{}
i-0391eb0450aef5b98
InService
Healthy
{}
i-0c0e656c0c19333eb
InService
Healthy
{}
00:34:21 I logger.go:127> Log level is now 4 Error (was 2 Info)
Fortio 1.19.0 running at -1 queries per second, 2->2 procs, for 1m0s: http://asg-1-lb-1717033719.us-east-1.elb.amazonaws.com:3000/?n=20000
Aggregated Function Time : count 289922 avg 0.005173671 +/- 0.002905 min 0.001168977 max 0.221384769 sum 1499.96105
# target 50% 0.00589993
# target 75% 0.00826543
# target 90% 0.00968473
# target 99% 0.0186293
# target 99.9% 0.0199995
Sockets used: 25 (for perfect keepalive, would be 25)
Jitter: false
Code 200 : 289922 (100.0 %)
All done 289922 calls (plus 25 warmup) 5.174 ms avg, 4831.4 qps
Successfully wrote 2453 bytes of Json data to 2022-05-30-003421_asg_riwai_3_performance_chunk_26_1.json
fortio exit code: 0
[2022-05-30T00:35:21]==============================[STATS]
jh CPU load avg:
0.22 0.13 0.13 1/165 32763
i-01ea96bb26ec5313b
InService
Healthy
{}
i-0391eb0450aef5b98
InService
Healthy
{}
i-0c0e656c0c19333eb
InService
Healthy
{}
00:35:22 I logger.go:127> Log level is now 4 Error (was 2 Info)
Fortio 1.19.0 running at -1 queries per second, 2->2 procs, for 1m0s: http://asg-1-lb-1717033719.us-east-1.elb.amazonaws.com:3000/?n=20000
Aggregated Function Time : count 289219 avg 0.005186234 +/- 0.003034 min 0.001125166 max 0.21846122 sum 1499.9574
# target 50% 0.005938
# target 75% 0.00834444
# target 90% 0.0097883
# target 99% 0.0190278
# target 99.9% 0.0265423
Sockets used: 25 (for perfect keepalive, would be 25)
Jitter: false
Code 200 : 289219 (100.0 %)
All done 289219 calls (plus 25 warmup) 5.186 ms avg, 4819.8 qps
Successfully wrote 2455 bytes of Json data to 2022-05-30-003522_asg_riwai_3_performance_chunk_26_2.json
fortio exit code: 0
[2022-05-30T00:36:22]==============================[STATS]
jh CPU load avg:
0.42 0.19 0.14 1/165 312
i-01ea96bb26ec5313b
InService
Healthy
{}
i-0391eb0450aef5b98
InService
Healthy
{}
i-0c0e656c0c19333eb
InService
Healthy
{}
00:36:23 I logger.go:127> Log level is now 4 Error (was 2 Info)
Fortio 1.19.0 running at -1 queries per second, 2->2 procs, for 1m0s: http://asg-1-lb-1717033719.us-east-1.elb.amazonaws.com:3000/?n=20000
Aggregated Function Time : count 293441 avg 0.0051116035 +/- 0.002574 min 0.001142358 max 0.224372246 sum 1499.95404
# target 50% 0.00590014
# target 75% 0.00827905
# target 90% 0.0097064
# target 99% 0.0186363
# target 99.9% 0.0199505
Sockets used: 25 (for perfect keepalive, would be 25)
Jitter: false
Code 200 : 293441 (100.0 %)
All done 293441 calls (plus 25 warmup) 5.112 ms avg, 4890.1 qps
Successfully wrote 2336 bytes of Json data to 2022-05-30-003623_asg_riwai_3_performance_chunk_26_3.json
fortio exit code: 0
[2022-05-30T00:37:23]==============================[STATS]
jh CPU load avg:
0.36 0.21 0.15 1/165 332
i-01ea96bb26ec5313b
InService
Healthy
{}
i-0391eb0450aef5b98
InService
Healthy
{}
i-0c0e656c0c19333eb
InService
Healthy
{}
00:37:23 I logger.go:127> Log level is now 4 Error (was 2 Info)
Fortio 1.19.0 running at -1 queries per second, 2->2 procs, for 1m0s: http://asg-1-lb-1717033719.us-east-1.elb.amazonaws.com:3000/?n=20000
Aggregated Function Time : count 293563 avg 0.0051095272 +/- 0.002561 min 0.001174776 max 0.222490389 sum 1499.96814
# target 50% 0.00591434
# target 75% 0.00828414
# target 90% 0.00970602
# target 99% 0.0186366
# target 99.9% 0.0199543
Sockets used: 25 (for perfect keepalive, would be 25)
Jitter: false
Code 200 : 293563 (100.0 %)
All done 293563 calls (plus 25 warmup) 5.110 ms avg, 4892.1 qps
Successfully wrote 2337 bytes of Json data to 2022-05-30-003724_asg_riwai_3_performance_chunk_26_4.json
fortio exit code: 0
[2022-05-30T00:38:24]==============================[STATS]
jh CPU load avg:
0.30 0.23 0.16 1/165 348
i-01ea96bb26ec5313b
InService
Healthy
{}
i-0391eb0450aef5b98
InService
Healthy
{}
i-0c0e656c0c19333eb
InService
Healthy
{}
00:38:24 I logger.go:127> Log level is now 4 Error (was 2 Info)
Fortio 1.19.0 running at -1 queries per second, 2->2 procs, for 1m0s: http://asg-1-lb-1717033719.us-east-1.elb.amazonaws.com:3000/?n=20000
Aggregated Function Time : count 292383 avg 0.0051301232 +/- 0.002864 min 0.001133177 max 0.213150638 sum 1499.9608
# target 50% 0.00586913
# target 75% 0.00823713
# target 90% 0.00965792
# target 99% 0.0185533
# target 99.9% 0.0199819
Sockets used: 25 (for perfect keepalive, would be 25)
Jitter: false
Code 200 : 292383 (100.0 %)
All done 292383 calls (plus 25 warmup) 5.130 ms avg, 4872.5 qps
Successfully wrote 2336 bytes of Json data to 2022-05-30-003824_asg_riwai_3_performance_chunk_26_5.json
fortio exit code: 0
[2022-05-30T00:40:24]==============================[STATS]
jh CPU load avg:
0.11 0.21 0.17 1/167 375
i-01ea96bb26ec5313b
InService
Healthy
{}
i-0391eb0450aef5b98
InService
Healthy
{}
i-0c0e656c0c19333eb
InService
Healthy
{}
[2022-05-30T00:40:25]==============================[PERFORMANCE RUN 1]==============================
00:40:25 I logger.go:127> Log level is now 4 Error (was 2 Info)
Fortio 1.19.0 running at -1 queries per second, 2->2 procs, for 5m0s: http://asg-1-lb-1717033719.us-east-1.elb.amazonaws.com:3000/?n=20000
Aggregated Function Time : count 1463907 avg 0.0051229971 +/- 0.002517 min 0.001100695 max 0.221713275 sum 7499.59133
# target 50% 0.00588495
# target 75% 0.00827708
# target 90% 0.00971236
# target 99% 0.0186561
# target 99.9% 0.0199558
Sockets used: 25 (for perfect keepalive, would be 25)
Jitter: false
Code 200 : 1463907 (100.0 %)
All done 1463907 calls (plus 25 warmup) 5.123 ms avg, 4879.6 qps
Successfully wrote 2458 bytes of Json data to 2022-05-30-004025_asg_riwai_3_performance_1.json
fortio exit code: 0
[2022-05-30T00:45:25]==============================[STATS]
jh CPU load avg:
0.26 0.23 0.19 1/165 400
i-01ea96bb26ec5313b
InService
Healthy
{}
i-0391eb0450aef5b98
InService
Healthy
{}
i-0c0e656c0c19333eb
InService
Healthy
{}
[2022-05-30T00:46:26]==============================[STATS]
jh CPU load avg:
0.09 0.19 0.17 1/165 410
i-01ea96bb26ec5313b
InService
Healthy
{}
i-0391eb0450aef5b98
InService
Healthy
{}
i-0c0e656c0c19333eb
InService
Healthy
{}
[2022-05-30T00:46:27]==============================[PERFORMANCE RUN 2]==============================
00:46:27 I logger.go:127> Log level is now 4 Error (was 2 Info)
Fortio 1.19.0 running at -1 queries per second, 2->2 procs, for 5m0s: http://asg-1-lb-1717033719.us-east-1.elb.amazonaws.com:3000/?n=20000
Aggregated Function Time : count 1462642 avg 0.0051273937 +/- 0.002566 min 0.001119338 max 0.220922698 sum 7499.54132
# target 50% 0.00588302
# target 75% 0.00826487
# target 90% 0.00969397
# target 99% 0.0186274
# target 99.9% 0.019969
Sockets used: 25 (for perfect keepalive, would be 25)
Jitter: false
Code 200 : 1462642 (100.0 %)
All done 1462642 calls (plus 25 warmup) 5.127 ms avg, 4875.4 qps
Successfully wrote 2577 bytes of Json data to 2022-05-30-004627_asg_riwai_3_performance_2.json
fortio exit code: 0
[2022-05-30T00:51:27]==============================[STATS]
jh CPU load avg:
0.17 0.16 0.17 1/167 440
i-01ea96bb26ec5313b
InService
Healthy
{}
i-0391eb0450aef5b98
InService
Healthy
{}
i-0c0e656c0c19333eb
InService
Healthy
{}
[2022-05-30T00:52:28]==============================[STATS]
jh CPU load avg:
0.06 0.13 0.15 1/167 449
i-01ea96bb26ec5313b
InService
Healthy
{}
i-0391eb0450aef5b98
InService
Healthy
{}
i-0c0e656c0c19333eb
InService
Healthy
{}
[2022-05-30T00:52:28]==============================[PERFORMANCE RUN 3]==============================
00:52:28 I logger.go:127> Log level is now 4 Error (was 2 Info)
Fortio 1.19.0 running at -1 queries per second, 2->2 procs, for 5m0s: http://asg-1-lb-1717033719.us-east-1.elb.amazonaws.com:3000/?n=20000
Aggregated Function Time : count 1464471 avg 0.0051210151 +/- 0.00283 min 0.001118298 max 0.223376054 sum 7499.57805
# target 50% 0.00586371
# target 75% 0.00823642
# target 90% 0.00966004
# target 99% 0.0185633
# target 99.9% 0.0199858
Sockets used: 25 (for perfect keepalive, would be 25)
Jitter: false
Code 200 : 1464471 (100.0 %)
All done 1464471 calls (plus 25 warmup) 5.121 ms avg, 4881.4 qps
Successfully wrote 2796 bytes of Json data to 2022-05-30-005229_asg_riwai_3_performance_3.json
fortio exit code: 0
[2022-05-30T00:57:29]==============================[STATS]
jh CPU load avg:
0.20 0.19 0.18 1/165 524
i-01ea96bb26ec5313b
InService
Healthy
{}
i-0391eb0450aef5b98
InService
Healthy
{}
i-0c0e656c0c19333eb
InService
Healthy
{}
scaling to 0
{
    "Alarms": [
        {
            "AlarmName": "TargetTracking-asg-1-myASG-AlarmHigh-028709e3-5611-4c8b-a493-6ddf55b28b29", 
            "AlarmARN": "arn:aws:cloudwatch:us-east-1:432756446153:alarm:TargetTracking-asg-1-myASG-AlarmHigh-028709e3-5611-4c8b-a493-6ddf55b28b29"
        }, 
        {
            "AlarmName": "TargetTracking-asg-1-myASG-AlarmLow-e374208a-0189-42c2-b30b-76d2e39729f9", 
            "AlarmARN": "arn:aws:cloudwatch:us-east-1:432756446153:alarm:TargetTracking-asg-1-myASG-AlarmLow-e374208a-0189-42c2-b30b-76d2e39729f9"
        }
    ], 
    "PolicyARN": "arn:aws:autoscaling:us-east-1:432756446153:scalingPolicy:a1716580-8b32-4e7f-9add-3253c15a5d62:autoScalingGroupName/asg-1-myASG:policyName/asg-1-AppServerSP-ZB1109E6WZTL"
}
[2022-05-30T00:58:01]==============================[SCALING RUN 1: INIT]==============================
{
    "Alarms": [
        {
            "AlarmName": "TargetTracking-asg-1-myASG-AlarmHigh-028709e3-5611-4c8b-a493-6ddf55b28b29", 
            "AlarmARN": "arn:aws:cloudwatch:us-east-1:432756446153:alarm:TargetTracking-asg-1-myASG-AlarmHigh-028709e3-5611-4c8b-a493-6ddf55b28b29"
        }, 
        {
            "AlarmName": "TargetTracking-asg-1-myASG-AlarmLow-e374208a-0189-42c2-b30b-76d2e39729f9", 
            "AlarmARN": "arn:aws:cloudwatch:us-east-1:432756446153:alarm:TargetTracking-asg-1-myASG-AlarmLow-e374208a-0189-42c2-b30b-76d2e39729f9"
        }
    ], 
    "PolicyARN": "arn:aws:autoscaling:us-east-1:432756446153:scalingPolicy:a1716580-8b32-4e7f-9add-3253c15a5d62:autoScalingGroupName/asg-1-myASG:policyName/asg-1-AppServerSP-ZB1109E6WZTL"
}
scaling to 1
[2022-05-30T00:58:02]==============================[SCALING RUN 1: ENABLE SCALING - SLEEP]==============================
{
    "Alarms": [
        {
            "AlarmName": "TargetTracking-asg-1-myASG-AlarmHigh-07d01b4b-a43f-4572-aec4-029b4ad25db8", 
            "AlarmARN": "arn:aws:cloudwatch:us-east-1:432756446153:alarm:TargetTracking-asg-1-myASG-AlarmHigh-07d01b4b-a43f-4572-aec4-029b4ad25db8"
        }, 
        {
            "AlarmName": "TargetTracking-asg-1-myASG-AlarmLow-620421d3-6275-4a9d-a6ce-9cc61ab9ff0e", 
            "AlarmARN": "arn:aws:cloudwatch:us-east-1:432756446153:alarm:TargetTracking-asg-1-myASG-AlarmLow-620421d3-6275-4a9d-a6ce-9cc61ab9ff0e"
        }
    ], 
    "PolicyARN": "arn:aws:autoscaling:us-east-1:432756446153:scalingPolicy:a1716580-8b32-4e7f-9add-3253c15a5d62:autoScalingGroupName/asg-1-myASG:policyName/asg-1-AppServerSP-ZB1109E6WZTL"
}
[2022-05-30T01:01:03]==============================[SCALING RUN 1: FORTIO]==============================
[2022-05-30T01:01:03]==============================[STATS]
jh CPU load avg:
0.00 0.09 0.14 1/165 587
i-0fb8ad66cde31a0df
InService
Healthy
{}
[2022-05-30T01:01:04]==============================[SCALING RUN 1: CHUNK 1]==============================
01:01:04 I logger.go:127> Log level is now 4 Error (was 2 Info)
Fortio 1.19.0 running at -1 queries per second, 2->2 procs, for 1m0s: http://asg-1-lb-1717033719.us-east-1.elb.amazonaws.com:3000/?n=20000
Aggregated Function Time : count 58969 avg 0.025441786 +/- 0.006467 min 0.003182221 max 0.136182029 sum 1500.27667
# target 50% 0.0254464
# target 75% 0.0282386
# target 90% 0.0299138
# target 99% 0.0494246
# target 99.9% 0.0662658
Sockets used: 25 (for perfect keepalive, would be 25)
Jitter: false
Code 200 : 58969 (100.0 %)
All done 58969 calls (plus 25 warmup) 25.442 ms avg, 982.4 qps
Successfully wrote 2911 bytes of Json data to 2022-05-30-010104_asg_riwai_3_scaling_1_1.json
fortio exit code: 0
[2022-05-30T01:02:04]==============================[STATS]
jh CPU load avg:
0.00 0.07 0.12 1/165 605
i-0fb8ad66cde31a0df
InService
Healthy
{}
[2022-05-30T01:02:05]==============================[SCALING RUN 1: CHUNK 2]==============================
01:02:05 I logger.go:127> Log level is now 4 Error (was 2 Info)
Fortio 1.19.0 running at -1 queries per second, 2->2 procs, for 1m0s: http://asg-1-lb-1717033719.us-east-1.elb.amazonaws.com:3000/?n=20000
Aggregated Function Time : count 59242 avg 0.025324696 +/- 0.006001 min 0.001831856 max 0.065331262 sum 1500.28564
# target 50% 0.0253784
# target 75% 0.0281298
# target 90% 0.0297806
# target 99% 0.0488476
# target 99.9% 0.0569415
Sockets used: 25 (for perfect keepalive, would be 25)
Jitter: false
Code 200 : 59242 (100.0 %)
All done 59242 calls (plus 25 warmup) 25.325 ms avg, 987.0 qps
Successfully wrote 2560 bytes of Json data to 2022-05-30-010205_asg_riwai_3_scaling_1_2.json
fortio exit code: 0
[2022-05-30T01:03:05]==============================[STATS]
jh CPU load avg:
0.11 0.08 0.12 1/165 622
i-0fb8ad66cde31a0df
InService
Healthy
{}
[2022-05-30T01:03:06]==============================[SCALING RUN 1: CHUNK 3]==============================
01:03:06 I logger.go:127> Log level is now 4 Error (was 2 Info)
Fortio 1.19.0 running at -1 queries per second, 2->2 procs, for 1m0s: http://asg-1-lb-1717033719.us-east-1.elb.amazonaws.com:3000/?n=20000
Aggregated Function Time : count 59314 avg 0.025293793 +/- 0.005869 min 0.001864558 max 0.065089897 sum 1500.27604
# target 50% 0.025366
# target 75% 0.0280991
# target 90% 0.0297389
# target 99% 0.0487356
# target 99.9% 0.0564365
Sockets used: 25 (for perfect keepalive, would be 25)
Jitter: false
Code 200 : 59314 (100.0 %)
All done 59314 calls (plus 25 warmup) 25.294 ms avg, 988.2 qps
Successfully wrote 2556 bytes of Json data to 2022-05-30-010306_asg_riwai_3_scaling_1_3.json
fortio exit code: 0
[2022-05-30T01:04:06]==============================[STATS]
jh CPU load avg:
0.04 0.07 0.11 1/165 640
i-0fb8ad66cde31a0df
InService
Healthy
{}
[2022-05-30T01:04:07]==============================[SCALING RUN 1: CHUNK 4]==============================
01:04:07 I logger.go:127> Log level is now 4 Error (was 2 Info)
Fortio 1.19.0 running at -1 queries per second, 2->2 procs, for 1m0s: http://asg-1-lb-1717033719.us-east-1.elb.amazonaws.com:3000/?n=20000
Aggregated Function Time : count 59499 avg 0.025214948 +/- 0.006081 min 0.002236171 max 0.063957261 sum 1500.26421
# target 50% 0.0253716
# target 75% 0.028151
# target 90% 0.0298186
# target 99% 0.0487785
# target 99.9% 0.0556612
Sockets used: 25 (for perfect keepalive, would be 25)
Jitter: false
Code 200 : 59499 (100.0 %)
All done 59499 calls (plus 25 warmup) 25.215 ms avg, 991.2 qps
Successfully wrote 2555 bytes of Json data to 2022-05-30-010407_asg_riwai_3_scaling_1_4.json
fortio exit code: 0
[2022-05-30T01:05:07]==============================[STATS]
jh CPU load avg:
0.01 0.05 0.10 1/164 658
i-089fc3772b617e33b
Pending
Healthy
{}
i-0fb8ad66cde31a0df
InService
Healthy
{}
[2022-05-30T01:05:08]==============================[SCALING RUN 1: CHUNK 5]==============================
01:05:08 I logger.go:127> Log level is now 4 Error (was 2 Info)
Fortio 1.19.0 running at -1 queries per second, 2->2 procs, for 1m0s: http://asg-1-lb-1717033719.us-east-1.elb.amazonaws.com:3000/?n=20000
Aggregated Function Time : count 59397 avg 0.02525832 +/- 0.006238 min 0.002121719 max 0.077365374 sum 1500.26841
# target 50% 0.0253785
# target 75% 0.0281717
# target 90% 0.0298477
# target 99% 0.0490198
# target 99.9% 0.0578097
Sockets used: 38 (for perfect keepalive, would be 25)
Jitter: false
Code 200 : 59397 (100.0 %)
All done 59397 calls (plus 25 warmup) 25.258 ms avg, 989.5 qps
Successfully wrote 2680 bytes of Json data to 2022-05-30-010508_asg_riwai_3_scaling_1_5.json
fortio exit code: 0
[2022-05-30T01:06:08]==============================[STATS]
jh CPU load avg:
0.04 0.05 0.09 1/163 677
i-089fc3772b617e33b
InService
Healthy
{}
i-0fb8ad66cde31a0df
InService
Healthy
{}
[2022-05-30T01:06:09]==============================[SCALING RUN 1: CHUNK 6]==============================
01:06:09 I logger.go:127> Log level is now 4 Error (was 2 Info)
Fortio 1.19.0 running at -1 queries per second, 2->2 procs, for 1m0s: http://asg-1-lb-1717033719.us-east-1.elb.amazonaws.com:3000/?n=20000
Aggregated Function Time : count 158588 avg 0.0094586622 +/- 0.004218 min 0.00123266 max 0.071132985 sum 1500.03032
# target 50% 0.0098559
# target 75% 0.0153117
# target 90% 0.0186088
# target 99% 0.0274632
# target 99.9% 0.0299778
Sockets used: 25 (for perfect keepalive, would be 25)
Jitter: false
Code 200 : 158588 (100.0 %)
All done 158588 calls (plus 25 warmup) 9.459 ms avg, 2642.7 qps
Successfully wrote 2565 bytes of Json data to 2022-05-30-010609_asg_riwai_3_scaling_1_6.json
fortio exit code: 0
[2022-05-30T01:07:09]==============================[STATS]
jh CPU load avg:
0.18 0.09 0.10 1/164 695
i-089fc3772b617e33b
InService
Healthy
{}
i-0fb8ad66cde31a0df
InService
Healthy
{}
[2022-05-30T01:07:09]==============================[SCALING RUN 1: CHUNK 7]==============================
01:07:09 I logger.go:127> Log level is now 4 Error (was 2 Info)
Fortio 1.19.0 running at -1 queries per second, 2->2 procs, for 1m0s: http://asg-1-lb-1717033719.us-east-1.elb.amazonaws.com:3000/?n=20000
Aggregated Function Time : count 160711 avg 0.009333841 +/- 0.004703 min 0.001254093 max 0.039513502 sum 1500.05092
# target 50% 0.00989701
# target 75% 0.0153076
# target 90% 0.0185698
# target 99% 0.0272173
# target 99.9% 0.0298968
Sockets used: 25 (for perfect keepalive, would be 25)
Jitter: false
Code 200 : 160711 (100.0 %)
All done 160711 calls (plus 25 warmup) 9.334 ms avg, 2677.9 qps
Successfully wrote 2211 bytes of Json data to 2022-05-30-010709_asg_riwai_3_scaling_1_7.json
fortio exit code: 0
[2022-05-30T01:08:09]==============================[STATS]
jh CPU load avg:
0.20 0.11 0.11 1/164 712
i-089fc3772b617e33b
InService
Healthy
{}
i-0fb8ad66cde31a0df
InService
Healthy
{}
[2022-05-30T01:08:11]==============================[SCALING RUN 1: CHUNK 8]==============================
01:08:11 I logger.go:127> Log level is now 4 Error (was 2 Info)
Fortio 1.19.0 running at -1 queries per second, 2->2 procs, for 1m0s: http://asg-1-lb-1717033719.us-east-1.elb.amazonaws.com:3000/?n=20000
Aggregated Function Time : count 160295 avg 0.0093579613 +/- 0.004177 min 0.001133703 max 0.047767758 sum 1500.0344
# target 50% 0.00974655
# target 75% 0.0152251
# target 90% 0.0185562
# target 99% 0.0272608
# target 99.9% 0.0298762
Sockets used: 25 (for perfect keepalive, would be 25)
Jitter: false
Code 200 : 160295 (100.0 %)
All done 160295 calls (plus 25 warmup) 9.358 ms avg, 2671.0 qps
Successfully wrote 2325 bytes of Json data to 2022-05-30-010811_asg_riwai_3_scaling_1_8.json
fortio exit code: 0
[2022-05-30T01:09:11]==============================[STATS]
jh CPU load avg:
0.09 0.10 0.10 1/164 729
i-089fc3772b617e33b
InService
Healthy
{}
i-0fb8ad66cde31a0df
InService
Healthy
{}
[2022-05-30T01:09:11]==============================[SCALING RUN 1: CHUNK 9]==============================
01:09:11 I logger.go:127> Log level is now 4 Error (was 2 Info)
Fortio 1.19.0 running at -1 queries per second, 2->2 procs, for 1m0s: http://asg-1-lb-1717033719.us-east-1.elb.amazonaws.com:3000/?n=20000
Aggregated Function Time : count 160228 avg 0.0093619682 +/- 0.004247 min 0.0011299 max 0.060003942 sum 1500.04945
# target 50% 0.00973428
# target 75% 0.0152262
# target 90% 0.0185683
# target 99% 0.0273761
# target 99.9% 0.0299549
Sockets used: 25 (for perfect keepalive, would be 25)
Jitter: false
Code 200 : 160228 (100.0 %)
All done 160228 calls (plus 25 warmup) 9.362 ms avg, 2669.9 qps
Successfully wrote 2559 bytes of Json data to 2022-05-30-010911_asg_riwai_3_scaling_1_9.json
fortio exit code: 0
[2022-05-30T01:10:11]==============================[STATS]
jh CPU load avg:
0.13 0.11 0.10 1/166 753
i-089fc3772b617e33b
InService
Healthy
{}
i-0fb8ad66cde31a0df
InService
Healthy
{}
[2022-05-30T01:10:12]==============================[SCALING RUN 1: CHUNK 10]==============================
01:10:12 I logger.go:127> Log level is now 4 Error (was 2 Info)
Fortio 1.19.0 running at -1 queries per second, 2->2 procs, for 1m0s: http://asg-1-lb-1717033719.us-east-1.elb.amazonaws.com:3000/?n=20000
Aggregated Function Time : count 160214 avg 0.0093628337 +/- 0.004161 min 0.001219443 max 0.03565149 sum 1500.05704
# target 50% 0.00974324
# target 75% 0.0152165
# target 90% 0.0185471
# target 99% 0.0272138
# target 99.9% 0.0298566
Sockets used: 25 (for perfect keepalive, would be 25)
Jitter: false
Code 200 : 160214 (100.0 %)
All done 160214 calls (plus 25 warmup) 9.363 ms avg, 2669.7 qps
Successfully wrote 2209 bytes of Json data to 2022-05-30-011012_asg_riwai_3_scaling_1_10.json
fortio exit code: 0
[2022-05-30T01:11:12]==============================[STATS]
jh CPU load avg:
0.16 0.12 0.10 1/166 770
i-089fc3772b617e33b
InService
Healthy
{}
i-0e941d77bf051f2be
InService
Healthy
{}
i-0fb8ad66cde31a0df
InService
Healthy
{}
[2022-05-30T01:11:13]==============================[SCALING RUN 1: CHUNK 11]==============================
01:11:13 I logger.go:127> Log level is now 4 Error (was 2 Info)
Fortio 1.19.0 running at -1 queries per second, 2->2 procs, for 1m0s: http://asg-1-lb-1717033719.us-east-1.elb.amazonaws.com:3000/?n=20000
Aggregated Function Time : count 160100 avg 0.0093694742 +/- 0.00366 min 0.001215954 max 0.03674932 sum 1500.05281
# target 50% 0.00946381
# target 75% 0.0150246
# target 90% 0.0184899
# target 99% 0.027201
# target 99.9% 0.0298318
Sockets used: 25 (for perfect keepalive, would be 25)
Jitter: false
Code 200 : 160100 (100.0 %)
All done 160100 calls (plus 25 warmup) 9.369 ms avg, 2667.8 qps
Successfully wrote 2204 bytes of Json data to 2022-05-30-011113_asg_riwai_3_scaling_1_11.json
fortio exit code: 0
[2022-05-30T01:12:13]==============================[STATS]
jh CPU load avg:
0.28 0.16 0.11 1/166 787
i-089fc3772b617e33b
InService
Healthy
{}
i-0e941d77bf051f2be
InService
Healthy
{}
i-0fb8ad66cde31a0df
InService
Healthy
{}
[2022-05-30T01:12:14]==============================[SCALING RUN 1: CHUNK 12]==============================
01:12:14 I logger.go:127> Log level is now 4 Error (was 2 Info)
Fortio 1.19.0 running at -1 queries per second, 2->2 procs, for 1m0s: http://asg-1-lb-1717033719.us-east-1.elb.amazonaws.com:3000/?n=20000
Aggregated Function Time : count 257278 avg 0.0058301717 +/- 0.002633 min 0.001106092 max 0.215996655 sum 1499.97493
# target 50% 0.00605586
# target 75% 0.00853076
# target 90% 0.0101585
# target 99% 0.019149
# target 99.9% 0.0236176
Sockets used: 25 (for perfect keepalive, would be 25)
Jitter: false
Code 200 : 257278 (100.0 %)
All done 257278 calls (plus 25 warmup) 5.830 ms avg, 4287.5 qps
Successfully wrote 2560 bytes of Json data to 2022-05-30-011214_asg_riwai_3_scaling_1_12.json
fortio exit code: 0
[2022-05-30T01:13:14]==============================[STATS]
jh CPU load avg:
0.10 0.13 0.10 1/166 803
i-089fc3772b617e33b
InService
Healthy
{}
i-0e941d77bf051f2be
InService
Healthy
{}
i-0fb8ad66cde31a0df
InService
Healthy
{}
[2022-05-30T01:13:14]==============================[SCALING RUN 1: CHUNK 13]==============================
01:13:14 I logger.go:127> Log level is now 4 Error (was 2 Info)
Fortio 1.19.0 running at -1 queries per second, 2->2 procs, for 1m0s: http://asg-1-lb-1717033719.us-east-1.elb.amazonaws.com:3000/?n=20000
Aggregated Function Time : count 259707 avg 0.0057756725 +/- 0.002861 min 0.001132588 max 0.216063719 sum 1499.98258
# target 50% 0.00601903
# target 75% 0.00846227
# target 90% 0.00992821
# target 99% 0.0190204
# target 99.9% 0.020242
Sockets used: 25 (for perfect keepalive, would be 25)
Jitter: false
Code 200 : 259707 (100.0 %)
All done 259707 calls (plus 25 warmup) 5.776 ms avg, 4327.9 qps
Successfully wrote 2327 bytes of Json data to 2022-05-30-011314_asg_riwai_3_scaling_1_13.json
fortio exit code: 0
[2022-05-30T01:14:14]==============================[STATS]
jh CPU load avg:
0.26 0.16 0.11 1/166 820
i-089fc3772b617e33b
InService
Healthy
{}
i-0e941d77bf051f2be
InService
Healthy
{}
i-0fb8ad66cde31a0df
InService
Healthy
{}
[2022-05-30T01:14:15]==============================[SCALING RUN 1: CHUNK 14]==============================
01:14:15 I logger.go:127> Log level is now 4 Error (was 2 Info)
Fortio 1.19.0 running at -1 queries per second, 2->2 procs, for 1m0s: http://asg-1-lb-1717033719.us-east-1.elb.amazonaws.com:3000/?n=20000
Aggregated Function Time : count 259960 avg 0.005769961 +/- 0.002766 min 0.001118199 max 0.210102391 sum 1499.95906
# target 50% 0.00615053
# target 75% 0.00866672
# target 90% 0.0115049
# target 99% 0.019231
# target 99.9% 0.0204104
Sockets used: 25 (for perfect keepalive, would be 25)
Jitter: false
Code 200 : 259960 (100.0 %)
All done 259960 calls (plus 25 warmup) 5.770 ms avg, 4332.2 qps
Successfully wrote 2329 bytes of Json data to 2022-05-30-011415_asg_riwai_3_scaling_1_14.json
fortio exit code: 0
[2022-05-30T01:15:15]==============================[STATS]
jh CPU load avg:
0.37 0.21 0.13 1/163 837
i-089fc3772b617e33b
InService
Healthy
{}
i-0e941d77bf051f2be
InService
Healthy
{}
i-0fb8ad66cde31a0df
InService
Healthy
{}
[2022-05-30T01:15:16]==============================[SCALING RUN 2: INIT]==============================
{
    "Alarms": [
        {
            "AlarmName": "TargetTracking-asg-1-myASG-AlarmHigh-ccc7553e-789b-4b61-9585-9e53fb1889d5", 
            "AlarmARN": "arn:aws:cloudwatch:us-east-1:432756446153:alarm:TargetTracking-asg-1-myASG-AlarmHigh-ccc7553e-789b-4b61-9585-9e53fb1889d5"
        }, 
        {
            "AlarmName": "TargetTracking-asg-1-myASG-AlarmLow-0a5b5738-8028-4dc4-907b-1e6803f1c398", 
            "AlarmARN": "arn:aws:cloudwatch:us-east-1:432756446153:alarm:TargetTracking-asg-1-myASG-AlarmLow-0a5b5738-8028-4dc4-907b-1e6803f1c398"
        }
    ], 
    "PolicyARN": "arn:aws:autoscaling:us-east-1:432756446153:scalingPolicy:a1716580-8b32-4e7f-9add-3253c15a5d62:autoScalingGroupName/asg-1-myASG:policyName/asg-1-AppServerSP-ZB1109E6WZTL"
}
scaling to 1
[2022-05-30T01:15:17]==============================[SCALING RUN 2: ENABLE SCALING - SLEEP]==============================
{
    "Alarms": [
        {
            "AlarmName": "TargetTracking-asg-1-myASG-AlarmHigh-dd825ad2-bf12-44d9-a89b-fafd580a2812", 
            "AlarmARN": "arn:aws:cloudwatch:us-east-1:432756446153:alarm:TargetTracking-asg-1-myASG-AlarmHigh-dd825ad2-bf12-44d9-a89b-fafd580a2812"
        }, 
        {
            "AlarmName": "TargetTracking-asg-1-myASG-AlarmLow-4a17f7ee-9a0b-40aa-8196-219db1f9c953", 
            "AlarmARN": "arn:aws:cloudwatch:us-east-1:432756446153:alarm:TargetTracking-asg-1-myASG-AlarmLow-4a17f7ee-9a0b-40aa-8196-219db1f9c953"
        }
    ], 
    "PolicyARN": "arn:aws:autoscaling:us-east-1:432756446153:scalingPolicy:a1716580-8b32-4e7f-9add-3253c15a5d62:autoScalingGroupName/asg-1-myASG:policyName/asg-1-AppServerSP-ZB1109E6WZTL"
}
[2022-05-30T01:18:19]==============================[SCALING RUN 2: FORTIO]==============================
[2022-05-30T01:18:19]==============================[STATS]
jh CPU load avg:
0.01 0.11 0.09 1/164 866
i-0e941d77bf051f2be
InService
Healthy
{}
[2022-05-30T01:18:19]==============================[SCALING RUN 2: CHUNK 1]==============================
01:18:19 I logger.go:127> Log level is now 4 Error (was 2 Info)
Fortio 1.19.0 running at -1 queries per second, 2->2 procs, for 1m0s: http://asg-1-lb-1717033719.us-east-1.elb.amazonaws.com:3000/?n=20000
Aggregated Function Time : count 97379 avg 0.015405002 +/- 0.004148 min 0.001465227 max 0.060939999 sum 1500.12371
# target 50% 0.0155173
# target 75% 0.0183117
# target 90% 0.0199883
# target 99% 0.0296076
# target 99.9% 0.0419655
Sockets used: 25 (for perfect keepalive, would be 25)
Jitter: false
Code 200 : 97379 (100.0 %)
All done 97379 calls (plus 25 warmup) 15.405 ms avg, 1622.6 qps
Successfully wrote 2559 bytes of Json data to 2022-05-30-011819_asg_riwai_3_scaling_2_1.json
fortio exit code: 0
[2022-05-30T01:19:20]==============================[STATS]
jh CPU load avg:
0.25 0.16 0.11 1/164 883
i-0e941d77bf051f2be
InService
Healthy
{}
[2022-05-30T01:19:20]==============================[SCALING RUN 2: CHUNK 2]==============================
01:19:20 I logger.go:127> Log level is now 4 Error (was 2 Info)
Fortio 1.19.0 running at -1 queries per second, 2->2 procs, for 1m0s: http://asg-1-lb-1717033719.us-east-1.elb.amazonaws.com:3000/?n=20000
Aggregated Function Time : count 98401 avg 0.015245087 +/- 0.004043 min 0.001329801 max 0.050593543 sum 1500.13176
# target 50% 0.0154819
# target 75% 0.0182772
# target 90% 0.0199543
# target 99% 0.0293549
# target 99.9% 0.039142
Sockets used: 25 (for perfect keepalive, would be 25)
Jitter: false
Code 200 : 98401 (100.0 %)
All done 98401 calls (plus 25 warmup) 15.245 ms avg, 1639.6 qps
Successfully wrote 2440 bytes of Json data to 2022-05-30-011920_asg_riwai_3_scaling_2_2.json
fortio exit code: 0
[2022-05-30T01:20:20]==============================[STATS]
jh CPU load avg:
0.09 0.13 0.10 1/166 907
i-0e941d77bf051f2be
InService
Healthy
{}
[2022-05-30T01:20:21]==============================[SCALING RUN 2: CHUNK 3]==============================
01:20:21 I logger.go:127> Log level is now 4 Error (was 2 Info)
Fortio 1.19.0 running at -1 queries per second, 2->2 procs, for 1m0s: http://asg-1-lb-1717033719.us-east-1.elb.amazonaws.com:3000/?n=20000
Aggregated Function Time : count 98712 avg 0.015197003 +/- 0.004168 min 0.001516658 max 0.242649539 sum 1500.12654
# target 50% 0.0154598
# target 75% 0.0182429
# target 90% 0.0199127
# target 99% 0.0293035
# target 99.9% 0.0396663
Sockets used: 25 (for perfect keepalive, would be 25)
Jitter: false
Code 200 : 98712 (100.0 %)
All done 98712 calls (plus 25 warmup) 15.197 ms avg, 1644.8 qps
Successfully wrote 2436 bytes of Json data to 2022-05-30-012021_asg_riwai_3_scaling_2_3.json
fortio exit code: 0
[2022-05-30T01:21:21]==============================[STATS]
jh CPU load avg:
0.11 0.13 0.10 1/166 926
i-0e941d77bf051f2be
InService
Healthy
{}
[2022-05-30T01:21:22]==============================[SCALING RUN 2: CHUNK 4]==============================
01:21:22 I logger.go:127> Log level is now 4 Error (was 2 Info)
Fortio 1.19.0 running at -1 queries per second, 2->2 procs, for 1m0s: http://asg-1-lb-1717033719.us-east-1.elb.amazonaws.com:3000/?n=20000
Aggregated Function Time : count 99246 avg 0.015115245 +/- 0.004011 min 0.001391753 max 0.044004308 sum 1500.12758
# target 50% 0.0154751
# target 75% 0.0182677
# target 90% 0.0199432
# target 99% 0.0292999
# target 99.9% 0.0384285
Sockets used: 25 (for perfect keepalive, would be 25)
Jitter: false
Code 200 : 99246 (100.0 %)
All done 99246 calls (plus 25 warmup) 15.115 ms avg, 1653.7 qps
Successfully wrote 2321 bytes of Json data to 2022-05-30-012122_asg_riwai_3_scaling_2_4.json
fortio exit code: 0
[2022-05-30T01:22:22]==============================[STATS]
jh CPU load avg:
0.27 0.18 0.11 1/166 943
i-0e941d77bf051f2be
InService
Healthy
{}
[2022-05-30T01:22:22]==============================[SCALING RUN 2: CHUNK 5]==============================
01:22:22 I logger.go:127> Log level is now 4 Error (was 2 Info)
Fortio 1.19.0 running at -1 queries per second, 2->2 procs, for 1m0s: http://asg-1-lb-1717033719.us-east-1.elb.amazonaws.com:3000/?n=20000
Aggregated Function Time : count 99020 avg 0.015149685 +/- 0.004011 min 0.001558815 max 0.049922102 sum 1500.12184
# target 50% 0.0154781
# target 75% 0.0182621
# target 90% 0.0199325
# target 99% 0.0294089
# target 99.9% 0.039365
Sockets used: 25 (for perfect keepalive, would be 25)
Jitter: false
Code 200 : 99020 (100.0 %)
All done 99020 calls (plus 25 warmup) 15.150 ms avg, 1649.9 qps
Successfully wrote 2322 bytes of Json data to 2022-05-30-012222_asg_riwai_3_scaling_2_5.json
fortio exit code: 0
[2022-05-30T01:23:22]==============================[STATS]
jh CPU load avg:
0.47 0.24 0.14 1/166 960
i-066f4aa3095dc1838
InService
Healthy
{}
i-0e941d77bf051f2be
InService
Healthy
{}
[2022-05-30T01:23:23]==============================[SCALING RUN 2: CHUNK 6]==============================
01:23:23 I logger.go:127> Log level is now 4 Error (was 2 Info)
Fortio 1.19.0 running at -1 queries per second, 2->2 procs, for 1m0s: http://asg-1-lb-1717033719.us-east-1.elb.amazonaws.com:3000/?n=20000
Aggregated Function Time : count 98897 avg 0.015168467 +/- 0.004475 min 0.001374845 max 0.236946355 sum 1500.11589
# target 50% 0.0156067
# target 75% 0.0184895
# target 90% 0.0216727
# target 99% 0.0295908
# target 99.9% 0.0391317
Sockets used: 38 (for perfect keepalive, would be 25)
Jitter: false
Code 200 : 98897 (100.0 %)
All done 98897 calls (plus 25 warmup) 15.168 ms avg, 1647.9 qps
Successfully wrote 2560 bytes of Json data to 2022-05-30-012323_asg_riwai_3_scaling_2_6.json
fortio exit code: 0
[2022-05-30T01:24:23]==============================[STATS]
jh CPU load avg:
0.22 0.21 0.13 1/166 1027
i-066f4aa3095dc1838
InService
Healthy
{}
i-0e941d77bf051f2be
InService
Healthy
{}
[2022-05-30T01:24:24]==============================[SCALING RUN 2: CHUNK 7]==============================
01:24:24 I logger.go:127> Log level is now 4 Error (was 2 Info)
Fortio 1.19.0 running at -1 queries per second, 2->2 procs, for 1m0s: http://asg-1-lb-1717033719.us-east-1.elb.amazonaws.com:3000/?n=20000
Aggregated Function Time : count 199559 avg 0.0075165621 +/- 0.002702 min 0.001135466 max 0.051571882 sum 1499.99762
# target 50% 0.00660159
# target 75% 0.00933468
# target 90% 0.0147768
# target 99% 0.0195995
# target 99.9% 0.0263293
Sockets used: 25 (for perfect keepalive, would be 25)
Jitter: false
Code 200 : 199559 (100.0 %)
All done 199559 calls (plus 25 warmup) 7.517 ms avg, 3325.6 qps
Successfully wrote 2445 bytes of Json data to 2022-05-30-012424_asg_riwai_3_scaling_2_7.json
fortio exit code: 0
[2022-05-30T01:25:24]==============================[STATS]
jh CPU load avg:
0.22 0.20 0.13 1/164 1044
i-066f4aa3095dc1838
InService
Healthy
{}
i-0e941d77bf051f2be
InService
Healthy
{}
[2022-05-30T01:25:25]==============================[SCALING RUN 2: CHUNK 8]==============================
01:25:25 I logger.go:127> Log level is now 4 Error (was 2 Info)
Fortio 1.19.0 running at -1 queries per second, 2->2 procs, for 1m0s: http://asg-1-lb-1717033719.us-east-1.elb.amazonaws.com:3000/?n=20000
Aggregated Function Time : count 201035 avg 0.0074614214 +/- 0.002648 min 0.001195853 max 0.030291012 sum 1500.00684
# target 50% 0.00661128
# target 75% 0.00931902
# target 90% 0.014711
# target 99% 0.0195774
# target 99.9% 0.025433
Sockets used: 25 (for perfect keepalive, would be 25)
Jitter: false
Code 200 : 201035 (100.0 %)
All done 201035 calls (plus 25 warmup) 7.461 ms avg, 3350.2 qps
Successfully wrote 2203 bytes of Json data to 2022-05-30-012525_asg_riwai_3_scaling_2_8.json
fortio exit code: 0
[2022-05-30T01:26:25]==============================[STATS]
jh CPU load avg:
0.18 0.19 0.13 1/164 1063
i-066f4aa3095dc1838
InService
Healthy
{}
i-0e941d77bf051f2be
InService
Healthy
{}
[2022-05-30T01:26:26]==============================[SCALING RUN 2: CHUNK 9]==============================
01:26:26 I logger.go:127> Log level is now 4 Error (was 2 Info)
Fortio 1.19.0 running at -1 queries per second, 2->2 procs, for 1m0s: http://asg-1-lb-1717033719.us-east-1.elb.amazonaws.com:3000/?n=20000
Aggregated Function Time : count 200819 avg 0.0074694531 +/- 0.002593 min 0.001192339 max 0.029519827 sum 1500.00811
# target 50% 0.00656316
# target 75% 0.00924859
# target 90% 0.0144924
# target 99% 0.0195433
# target 99.9% 0.0244082
Sockets used: 25 (for perfect keepalive, would be 25)
Jitter: false
Code 200 : 200819 (100.0 %)
All done 200819 calls (plus 25 warmup) 7.469 ms avg, 3346.6 qps
Successfully wrote 2093 bytes of Json data to 2022-05-30-012626_asg_riwai_3_scaling_2_9.json
fortio exit code: 0
[2022-05-30T01:27:26]==============================[STATS]
jh CPU load avg:
0.10 0.17 0.12 1/164 1080
i-066f4aa3095dc1838
InService
Healthy
{}
i-0e941d77bf051f2be
InService
Healthy
{}
[2022-05-30T01:27:26]==============================[SCALING RUN 2: CHUNK 10]==============================
01:27:26 I logger.go:127> Log level is now 4 Error (was 2 Info)
Fortio 1.19.0 running at -1 queries per second, 2->2 procs, for 1m0s: http://asg-1-lb-1717033719.us-east-1.elb.amazonaws.com:3000/?n=20000
Aggregated Function Time : count 201056 avg 0.0074606484 +/- 0.002683 min 0.001157671 max 0.217666107 sum 1500.00812
# target 50% 0.00658745
# target 75% 0.00930237
# target 90% 0.0146724
# target 99% 0.0195758
# target 99.9% 0.0256338
Sockets used: 25 (for perfect keepalive, would be 25)
Jitter: false
Code 200 : 201056 (100.0 %)
All done 201056 calls (plus 25 warmup) 7.461 ms avg, 3350.5 qps
Successfully wrote 2329 bytes of Json data to 2022-05-30-012726_asg_riwai_3_scaling_2_10.json
fortio exit code: 0
[2022-05-30T01:28:26]==============================[STATS]
jh CPU load avg:
0.06 0.15 0.12 1/164 1106
i-066f4aa3095dc1838
InService
Healthy
{}
i-0e941d77bf051f2be
InService
Healthy
{}
[2022-05-30T01:28:27]==============================[SCALING RUN 2: CHUNK 11]==============================
01:28:27 I logger.go:127> Log level is now 4 Error (was 2 Info)
Fortio 1.19.0 running at -1 queries per second, 2->2 procs, for 1m0s: http://asg-1-lb-1717033719.us-east-1.elb.amazonaws.com:3000/?n=20000
Aggregated Function Time : count 201382 avg 0.0074484691 +/- 0.002662 min 0.001187797 max 0.214250806 sum 1499.98761
# target 50% 0.00660755
# target 75% 0.00931746
# target 90% 0.0147039
# target 99% 0.0195682
# target 99.9% 0.0250651
Sockets used: 25 (for perfect keepalive, would be 25)
Jitter: false
Code 200 : 201382 (100.0 %)
All done 201382 calls (plus 25 warmup) 7.448 ms avg, 3356.0 qps
Successfully wrote 2326 bytes of Json data to 2022-05-30-012827_asg_riwai_3_scaling_2_11.json
fortio exit code: 0
[2022-05-30T01:29:27]==============================[STATS]
jh CPU load avg:
0.11 0.15 0.12 1/164 1123
i-01f08fbcea8cd6531
InService
Healthy
{}
i-066f4aa3095dc1838
InService
Healthy
{}
i-0e941d77bf051f2be
InService
Healthy
{}
[2022-05-30T01:29:28]==============================[SCALING RUN 2: CHUNK 12]==============================
01:29:28 I logger.go:127> Log level is now 4 Error (was 2 Info)
Fortio 1.19.0 running at -1 queries per second, 2->2 procs, for 1m0s: http://asg-1-lb-1717033719.us-east-1.elb.amazonaws.com:3000/?n=20000
Aggregated Function Time : count 200945 avg 0.0074647269 +/- 0.0027 min 0.001150304 max 0.222473025 sum 1499.99955
# target 50% 0.00657253
# target 75% 0.00928367
# target 90% 0.0146238
# target 99% 0.019581
# target 99.9% 0.0259334
Sockets used: 25 (for perfect keepalive, would be 25)
Jitter: false
Code 200 : 200945 (100.0 %)
All done 200945 calls (plus 25 warmup) 7.465 ms avg, 3348.7 qps
Successfully wrote 2325 bytes of Json data to 2022-05-30-012928_asg_riwai_3_scaling_2_12.json
fortio exit code: 0
[2022-05-30T01:30:28]==============================[STATS]
jh CPU load avg:
0.31 0.21 0.14 1/166 1147
i-01f08fbcea8cd6531
InService
Healthy
{}
i-066f4aa3095dc1838
InService
Healthy
{}
i-0e941d77bf051f2be
InService
Healthy
{}
[2022-05-30T01:30:29]==============================[SCALING RUN 2: CHUNK 13]==============================
01:30:29 I logger.go:127> Log level is now 4 Error (was 2 Info)
Fortio 1.19.0 running at -1 queries per second, 2->2 procs, for 1m0s: http://asg-1-lb-1717033719.us-east-1.elb.amazonaws.com:3000/?n=20000
Aggregated Function Time : count 295454 avg 0.0050767296 +/- 0.002548 min 0.001163636 max 0.222765861 sum 1499.94007
# target 50% 0.00587213
# target 75% 0.0082264
# target 90% 0.00963896
# target 99% 0.0185
# target 99.9% 0.0199808
Sockets used: 25 (for perfect keepalive, would be 25)
Jitter: false
Code 200 : 295454 (100.0 %)
All done 295454 calls (plus 25 warmup) 5.077 ms avg, 4923.7 qps
Successfully wrote 2563 bytes of Json data to 2022-05-30-013029_asg_riwai_3_scaling_2_13.json
fortio exit code: 0
[2022-05-30T01:31:29]==============================[STATS]
jh CPU load avg:
0.50 0.30 0.18 1/166 1166
i-01f08fbcea8cd6531
InService
Healthy
{}
i-066f4aa3095dc1838
InService
Healthy
{}
i-0e941d77bf051f2be
InService
Healthy
{}
[2022-05-30T01:31:29]==============================[SCALING RUN 2: CHUNK 14]==============================
01:31:29 I logger.go:127> Log level is now 4 Error (was 2 Info)
Fortio 1.19.0 running at -1 queries per second, 2->2 procs, for 1m0s: http://asg-1-lb-1717033719.us-east-1.elb.amazonaws.com:3000/?n=20000
Aggregated Function Time : count 298790 avg 0.0050202241 +/- 0.002797 min 0.001132602 max 0.221663629 sum 1499.99275
# target 50% 0.00583669
# target 75% 0.00818874
# target 90% 0.00959998
# target 99% 0.0183527
# target 99.9% 0.0199359
Sockets used: 25 (for perfect keepalive, would be 25)
Jitter: false
Code 200 : 298790 (100.0 %)
All done 298790 calls (plus 25 warmup) 5.020 ms avg, 4979.3 qps
Successfully wrote 2207 bytes of Json data to 2022-05-30-013129_asg_riwai_3_scaling_2_14.json
fortio exit code: 0
[2022-05-30T01:32:29]==============================[STATS]
jh CPU load avg:
0.23 0.26 0.17 1/166 1184
i-01f08fbcea8cd6531
InService
Healthy
{}
i-066f4aa3095dc1838
InService
Healthy
{}
i-0e941d77bf051f2be
InService
Healthy
{}
[2022-05-30T01:32:30]==============================[SCALING RUN 3: INIT]==============================
{
    "Alarms": [
        {
            "AlarmName": "TargetTracking-asg-1-myASG-AlarmHigh-aae7495b-2e64-41db-a534-f1120849ff45", 
            "AlarmARN": "arn:aws:cloudwatch:us-east-1:432756446153:alarm:TargetTracking-asg-1-myASG-AlarmHigh-aae7495b-2e64-41db-a534-f1120849ff45"
        }, 
        {
            "AlarmName": "TargetTracking-asg-1-myASG-AlarmLow-acbf3aa4-ef4b-43c6-b947-0578cc9ac2fc", 
            "AlarmARN": "arn:aws:cloudwatch:us-east-1:432756446153:alarm:TargetTracking-asg-1-myASG-AlarmLow-acbf3aa4-ef4b-43c6-b947-0578cc9ac2fc"
        }
    ], 
    "PolicyARN": "arn:aws:autoscaling:us-east-1:432756446153:scalingPolicy:a1716580-8b32-4e7f-9add-3253c15a5d62:autoScalingGroupName/asg-1-myASG:policyName/asg-1-AppServerSP-ZB1109E6WZTL"
}
scaling to 1
[2022-05-30T01:32:32]==============================[SCALING RUN 3: ENABLE SCALING - SLEEP]==============================
{
    "Alarms": [
        {
            "AlarmName": "TargetTracking-asg-1-myASG-AlarmHigh-d3840e02-a7f1-46e5-b869-2172648f771b", 
            "AlarmARN": "arn:aws:cloudwatch:us-east-1:432756446153:alarm:TargetTracking-asg-1-myASG-AlarmHigh-d3840e02-a7f1-46e5-b869-2172648f771b"
        }, 
        {
            "AlarmName": "TargetTracking-asg-1-myASG-AlarmLow-28fe3216-dfe5-443c-8429-2df03141ce2e", 
            "AlarmARN": "arn:aws:cloudwatch:us-east-1:432756446153:alarm:TargetTracking-asg-1-myASG-AlarmLow-28fe3216-dfe5-443c-8429-2df03141ce2e"
        }
    ], 
    "PolicyARN": "arn:aws:autoscaling:us-east-1:432756446153:scalingPolicy:a1716580-8b32-4e7f-9add-3253c15a5d62:autoScalingGroupName/asg-1-myASG:policyName/asg-1-AppServerSP-ZB1109E6WZTL"
}
[2022-05-30T01:35:33]==============================[SCALING RUN 3: FORTIO]==============================
[2022-05-30T01:35:33]==============================[STATS]
jh CPU load avg:
0.02 0.15 0.15 1/164 1216
i-01f08fbcea8cd6531
InService
Healthy
{}
[2022-05-30T01:35:34]==============================[SCALING RUN 3: CHUNK 1]==============================
01:35:34 I logger.go:127> Log level is now 4 Error (was 2 Info)
Fortio 1.19.0 running at -1 queries per second, 2->2 procs, for 1m0s: http://asg-1-lb-1717033719.us-east-1.elb.amazonaws.com:3000/?n=20000
Aggregated Function Time : count 97501 avg 0.015385683 +/- 0.004407 min 0.003123387 max 0.101315844 sum 1500.11943
# target 50% 0.0155066
# target 75% 0.0182969
# target 90% 0.0199711
# target 99% 0.0298691
# target 99.9% 0.0490605
Sockets used: 25 (for perfect keepalive, would be 25)
Jitter: false
Code 200 : 97501 (100.0 %)
All done 97501 calls (plus 25 warmup) 15.386 ms avg, 1624.6 qps
Successfully wrote 3025 bytes of Json data to 2022-05-30-013534_asg_riwai_3_scaling_3_1.json
fortio exit code: 0
[2022-05-30T01:36:34]==============================[STATS]
jh CPU load avg:
0.00 0.12 0.14 1/164 1234
i-01f08fbcea8cd6531
InService
Healthy
{}
[2022-05-30T01:36:34]==============================[SCALING RUN 3: CHUNK 2]==============================
01:36:34 I logger.go:127> Log level is now 4 Error (was 2 Info)
Fortio 1.19.0 running at -1 queries per second, 2->2 procs, for 1m0s: http://asg-1-lb-1717033719.us-east-1.elb.amazonaws.com:3000/?n=20000
Aggregated Function Time : count 98493 avg 0.015230686 +/- 0.003976 min 0.001512386 max 0.046278811 sum 1500.11597
# target 50% 0.0154644
# target 75% 0.0182482
# target 90% 0.0199185
# target 99% 0.0293416
# target 99.9% 0.0394129
Sockets used: 25 (for perfect keepalive, would be 25)
Jitter: false
Code 200 : 98493 (100.0 %)
All done 98493 calls (plus 25 warmup) 15.231 ms avg, 1641.2 qps
Successfully wrote 2320 bytes of Json data to 2022-05-30-013635_asg_riwai_3_scaling_3_2.json
fortio exit code: 0
[2022-05-30T01:37:35]==============================[STATS]
jh CPU load avg:
0.16 0.14 0.14 1/164 1252
i-01f08fbcea8cd6531
InService
Healthy
{}
[2022-05-30T01:37:35]==============================[SCALING RUN 3: CHUNK 3]==============================
01:37:35 I logger.go:127> Log level is now 4 Error (was 2 Info)
Fortio 1.19.0 running at -1 queries per second, 2->2 procs, for 1m0s: http://asg-1-lb-1717033719.us-east-1.elb.amazonaws.com:3000/?n=20000
Aggregated Function Time : count 99254 avg 0.015114023 +/- 0.003894 min 0.001614676 max 0.044813762 sum 1500.12722
# target 50% 0.0154584
# target 75% 0.0182217
# target 90% 0.0198797
# target 99% 0.0292046
# target 99.9% 0.0386591
Sockets used: 25 (for perfect keepalive, would be 25)
Jitter: false
Code 200 : 99254 (100.0 %)
All done 99254 calls (plus 25 warmup) 15.114 ms avg, 1653.8 qps
Successfully wrote 2319 bytes of Json data to 2022-05-30-013735_asg_riwai_3_scaling_3_3.json
fortio exit code: 0
[2022-05-30T01:38:35]==============================[STATS]
jh CPU load avg:
0.11 0.13 0.14 1/163 1269
i-01f08fbcea8cd6531
InService
Healthy
{}
[2022-05-30T01:38:36]==============================[SCALING RUN 3: CHUNK 4]==============================
01:38:36 I logger.go:127> Log level is now 4 Error (was 2 Info)
Fortio 1.19.0 running at -1 queries per second, 2->2 procs, for 1m0s: http://asg-1-lb-1717033719.us-east-1.elb.amazonaws.com:3000/?n=20000
Aggregated Function Time : count 99159 avg 0.015128577 +/- 0.003894 min 0.001389224 max 0.043280178 sum 1500.13455
# target 50% 0.0154455
# target 75% 0.0182182
# target 90% 0.0198818
# target 99% 0.0291941
# target 99.9% 0.0382792
Sockets used: 25 (for perfect keepalive, would be 25)
Jitter: false
Code 200 : 99159 (100.0 %)
All done 99159 calls (plus 25 warmup) 15.129 ms avg, 1652.2 qps
Successfully wrote 2314 bytes of Json data to 2022-05-30-013836_asg_riwai_3_scaling_3_4.json
fortio exit code: 0
[2022-05-30T01:39:36]==============================[STATS]
jh CPU load avg:
0.15 0.14 0.13 1/164 1287
i-01f08fbcea8cd6531
InService
Healthy
{}
i-0a8b33c3b5760d138
InService
Healthy
{}
[2022-05-30T01:39:37]==============================[SCALING RUN 3: CHUNK 5]==============================
01:39:37 I logger.go:127> Log level is now 4 Error (was 2 Info)
Fortio 1.19.0 running at -1 queries per second, 2->2 procs, for 1m0s: http://asg-1-lb-1717033719.us-east-1.elb.amazonaws.com:3000/?n=20000
Aggregated Function Time : count 99492 avg 0.015077749 +/- 0.004592 min 0.002010593 max 0.46287001 sum 1500.11545
# target 50% 0.0155163
# target 75% 0.018343
# target 90% 0.0203474
# target 99% 0.0294205
# target 99.9% 0.038491
Sockets used: 37 (for perfect keepalive, would be 25)
Jitter: false
Code 200 : 99492 (100.0 %)
All done 99492 calls (plus 25 warmup) 15.078 ms avg, 1657.8 qps
Successfully wrote 2552 bytes of Json data to 2022-05-30-013937_asg_riwai_3_scaling_3_5.json
fortio exit code: 0
[2022-05-30T01:40:37]==============================[STATS]
jh CPU load avg:
0.08 0.12 0.13 1/165 1310
i-01f08fbcea8cd6531
InService
Healthy
{}
i-0a8b33c3b5760d138
InService
Healthy
{}
[2022-05-30T01:40:38]==============================[SCALING RUN 3: CHUNK 6]==============================
01:40:38 I logger.go:127> Log level is now 4 Error (was 2 Info)
Fortio 1.19.0 running at -1 queries per second, 2->2 procs, for 1m0s: http://asg-1-lb-1717033719.us-east-1.elb.amazonaws.com:3000/?n=20000
Aggregated Function Time : count 195403 avg 0.0076764628 +/- 0.003013 min 0.001219356 max 0.219737351 sum 1500.00385
# target 50% 0.00670434
# target 75% 0.00944686
# target 90% 0.0151126
# target 99% 0.0197336
# target 99.9% 0.029583
Sockets used: 25 (for perfect keepalive, would be 25)
Jitter: false
Code 200 : 195403 (100.0 %)
All done 195403 calls (plus 25 warmup) 7.676 ms avg, 3256.3 qps
Successfully wrote 2681 bytes of Json data to 2022-05-30-014038_asg_riwai_3_scaling_3_6.json
fortio exit code: 0
[2022-05-30T01:41:38]==============================[STATS]
jh CPU load avg:
0.11 0.11 0.12 1/165 1328
i-01f08fbcea8cd6531
InService
Healthy
{}
i-0a8b33c3b5760d138
InService
Healthy
{}
[2022-05-30T01:41:39]==============================[SCALING RUN 3: CHUNK 7]==============================
01:41:39 I logger.go:127> Log level is now 4 Error (was 2 Info)
Fortio 1.19.0 running at -1 queries per second, 2->2 procs, for 1m0s: http://asg-1-lb-1717033719.us-east-1.elb.amazonaws.com:3000/?n=20000
Aggregated Function Time : count 196548 avg 0.0076317801 +/- 0.002955 min 0.00114454 max 0.079301396 sum 1500.01112
# target 50% 0.00663918
# target 75% 0.00938653
# target 90% 0.0149512
# target 99% 0.0196829
# target 99.9% 0.029839
Sockets used: 25 (for perfect keepalive, would be 25)
Jitter: false
Code 200 : 196548 (100.0 %)
All done 196548 calls (plus 25 warmup) 7.632 ms avg, 3275.4 qps
Successfully wrote 2683 bytes of Json data to 2022-05-30-014139_asg_riwai_3_scaling_3_7.json
fortio exit code: 0
[2022-05-30T01:42:39]==============================[STATS]
jh CPU load avg:
0.08 0.11 0.12 1/165 1345
i-01f08fbcea8cd6531
InService
Healthy
{}
i-0a8b33c3b5760d138
InService
Healthy
{}
[2022-05-30T01:42:40]==============================[SCALING RUN 3: CHUNK 8]==============================
01:42:40 I logger.go:127> Log level is now 4 Error (was 2 Info)
Fortio 1.19.0 running at -1 queries per second, 2->2 procs, for 1m0s: http://asg-1-lb-1717033719.us-east-1.elb.amazonaws.com:3000/?n=20000
Aggregated Function Time : count 198353 avg 0.0075623196 +/- 0.002705 min 0.001222383 max 0.053261969 sum 1500.00877
# target 50% 0.00666554
# target 75% 0.00938715
# target 90% 0.014895
# target 99% 0.0195964
# target 99.9% 0.0258483
Sockets used: 25 (for perfect keepalive, would be 25)
Jitter: false
Code 200 : 198353 (100.0 %)
All done 198353 calls (plus 25 warmup) 7.562 ms avg, 3305.5 qps
Successfully wrote 2446 bytes of Json data to 2022-05-30-014240_asg_riwai_3_scaling_3_8.json
fortio exit code: 0
[2022-05-30T01:43:40]==============================[STATS]
jh CPU load avg:
0.10 0.10 0.11 1/165 1362
i-01f08fbcea8cd6531
InService
Healthy
{}
i-0a8b33c3b5760d138
InService
Healthy
{}
[2022-05-30T01:43:40]==============================[SCALING RUN 3: CHUNK 9]==============================
01:43:40 I logger.go:127> Log level is now 4 Error (was 2 Info)
Fortio 1.19.0 running at -1 queries per second, 2->2 procs, for 1m0s: http://asg-1-lb-1717033719.us-east-1.elb.amazonaws.com:3000/?n=20000
Aggregated Function Time : count 198444 avg 0.0075588839 +/- 0.002767 min 0.001106711 max 0.212896032 sum 1500.01516
# target 50% 0.00662596
# target 75% 0.00938561
# target 90% 0.0149196
# target 99% 0.0196128
# target 99.9% 0.0263787
Sockets used: 25 (for perfect keepalive, would be 25)
Jitter: false
Code 200 : 198444 (100.0 %)
All done 198444 calls (plus 25 warmup) 7.559 ms avg, 3307.0 qps
Successfully wrote 2557 bytes of Json data to 2022-05-30-014340_asg_riwai_3_scaling_3_9.json
fortio exit code: 0
[2022-05-30T01:44:40]==============================[STATS]
jh CPU load avg:
0.16 0.11 0.11 1/165 1379
i-01f08fbcea8cd6531
InService
Healthy
{}
i-0a8b33c3b5760d138
InService
Healthy
{}
[2022-05-30T01:44:41]==============================[SCALING RUN 3: CHUNK 10]==============================
01:44:41 I logger.go:127> Log level is now 4 Error (was 2 Info)
Fortio 1.19.0 running at -1 queries per second, 2->2 procs, for 1m0s: http://asg-1-lb-1717033719.us-east-1.elb.amazonaws.com:3000/?n=20000
Aggregated Function Time : count 198515 avg 0.0075560686 +/- 0.002735 min 0.001146603 max 0.047346494 sum 1499.99296
# target 50% 0.00663602
# target 75% 0.00938076
# target 90% 0.0149021
# target 99% 0.0196158
# target 99.9% 0.0266362
Sockets used: 25 (for perfect keepalive, would be 25)
Jitter: false
Code 200 : 198515 (100.0 %)
All done 198515 calls (plus 25 warmup) 7.556 ms avg, 3308.2 qps
Successfully wrote 2326 bytes of Json data to 2022-05-30-014441_asg_riwai_3_scaling_3_10.json
fortio exit code: 0
[2022-05-30T01:45:41]==============================[STATS]
jh CPU load avg:
0.09 0.10 0.10 1/164 1397
i-003a91c961f748820
Pending
Healthy
{}
i-01f08fbcea8cd6531
InService
Healthy
{}
i-0a8b33c3b5760d138
InService
Healthy
{}
[2022-05-30T01:45:42]==============================[SCALING RUN 3: CHUNK 11]==============================
01:45:42 I logger.go:127> Log level is now 4 Error (was 2 Info)
Fortio 1.19.0 running at -1 queries per second, 2->2 procs, for 1m0s: http://asg-1-lb-1717033719.us-east-1.elb.amazonaws.com:3000/?n=20000
Aggregated Function Time : count 198947 avg 0.0075396049 +/- 0.002744 min 0.001138967 max 0.219058933 sum 1499.98178
# target 50% 0.00661749
# target 75% 0.00935678
# target 90% 0.014826
# target 99% 0.0195835
# target 99.9% 0.0253619
Sockets used: 25 (for perfect keepalive, would be 25)
Jitter: false
Code 200 : 198947 (100.0 %)
All done 198947 calls (plus 25 warmup) 7.540 ms avg, 3315.4 qps
Successfully wrote 2329 bytes of Json data to 2022-05-30-014542_asg_riwai_3_scaling_3_11.json
fortio exit code: 0
[2022-05-30T01:46:42]==============================[STATS]
jh CPU load avg:
0.15 0.11 0.10 1/164 1415
i-003a91c961f748820
InService
Healthy
{}
i-01f08fbcea8cd6531
InService
Healthy
{}
i-0a8b33c3b5760d138
InService
Healthy
{}
[2022-05-30T01:46:43]==============================[SCALING RUN 3: CHUNK 12]==============================
01:46:43 I logger.go:127> Log level is now 4 Error (was 2 Info)
Fortio 1.19.0 running at -1 queries per second, 2->2 procs, for 1m0s: http://asg-1-lb-1717033719.us-east-1.elb.amazonaws.com:3000/?n=20000
Aggregated Function Time : count 295324 avg 0.0050789845 +/- 0.002519 min 0.001159448 max 0.211859849 sum 1499.94602
# target 50% 0.00590992
# target 75% 0.00828517
# target 90% 0.00971032
# target 99% 0.0186507
# target 99.9% 0.019959
Sockets used: 25 (for perfect keepalive, would be 25)
Jitter: false
Code 200 : 295324 (100.0 %)
All done 295324 calls (plus 25 warmup) 5.079 ms avg, 4921.6 qps
Successfully wrote 2208 bytes of Json data to 2022-05-30-014643_asg_riwai_3_scaling_3_12.json
fortio exit code: 0
[2022-05-30T01:47:43]==============================[STATS]
jh CPU load avg:
0.11 0.12 0.10 1/164 1432
i-003a91c961f748820
InService
Healthy
{}
i-01f08fbcea8cd6531
InService
Healthy
{}
i-0a8b33c3b5760d138
InService
Healthy
{}
[2022-05-30T01:47:43]==============================[SCALING RUN 3: CHUNK 13]==============================
01:47:43 I logger.go:127> Log level is now 4 Error (was 2 Info)
Fortio 1.19.0 running at -1 queries per second, 2->2 procs, for 1m0s: http://asg-1-lb-1717033719.us-east-1.elb.amazonaws.com:3000/?n=20000
Aggregated Function Time : count 293612 avg 0.0051086442 +/- 0.002776 min 0.001141777 max 0.211259552 sum 1499.95924
# target 50% 0.00587592
# target 75% 0.00824301
# target 90% 0.00966326
# target 99% 0.018542
# target 99.9% 0.0199542
Sockets used: 25 (for perfect keepalive, would be 25)
Jitter: false
Code 200 : 293612 (100.0 %)
All done 293612 calls (plus 25 warmup) 5.109 ms avg, 4892.9 qps
Successfully wrote 2326 bytes of Json data to 2022-05-30-014743_asg_riwai_3_scaling_3_13.json
fortio exit code: 0
[2022-05-30T01:48:43]==============================[STATS]
jh CPU load avg:
0.20 0.15 0.11 1/164 1449
i-003a91c961f748820
InService
Healthy
{}
i-01f08fbcea8cd6531
InService
Healthy
{}
i-0a8b33c3b5760d138
InService
Healthy
{}
[2022-05-30T01:48:44]==============================[SCALING RUN 3: CHUNK 14]==============================
01:48:44 I logger.go:127> Log level is now 4 Error (was 2 Info)
Fortio 1.19.0 running at -1 queries per second, 2->2 procs, for 1m0s: http://asg-1-lb-1717033719.us-east-1.elb.amazonaws.com:3000/?n=20000
Aggregated Function Time : count 293779 avg 0.0051057607 +/- 0.002912 min 0.001153312 max 0.214116557 sum 1499.96529
# target 50% 0.00587963
# target 75% 0.0082428
# target 90% 0.00966071
# target 99% 0.0185435
# target 99.9% 0.0199646
Sockets used: 25 (for perfect keepalive, would be 25)
Jitter: false
Code 200 : 293779 (100.0 %)
All done 293779 calls (plus 25 warmup) 5.106 ms avg, 4895.7 qps
Successfully wrote 2208 bytes of Json data to 2022-05-30-014844_asg_riwai_3_scaling_3_14.json
fortio exit code: 0
[2022-05-30T01:49:44]==============================[STATS]
jh CPU load avg:
0.12 0.14 0.11 1/164 1516
i-003a91c961f748820
InService
Healthy
{}
i-01f08fbcea8cd6531
InService
Healthy
{}
i-0a8b33c3b5760d138
InService
Healthy
{}
[2022-05-30T01:53:46]==============================[GET DATA]==============================
2022-05-30T00:01:27..2022-05-30T01:53:46
asg-1-myASG
asg-1-lb
36K alb_data.json
24K asg_data.json
[2022-05-30T01:53:47]==============================[UPLOAD /2022.05.30_00-00_asg_riwai_3_d071]==============================
Warning: Permanently added '35.185.210.97' (ECDSA) to the list of known hosts.
