+ git log -3
commit a9b821fa65835b8d47604dac5a329a9dcea79047
Author: Your Name <you@example.com>
Date:   Thu Apr 21 19:28:52 2022 +1200

    randomize plot colors

commit 0a320cb4dcb40f798b6f5016d2095e77f306e3c6
Author: Your Name <you@example.com>
Date:   Wed Apr 20 07:52:49 2022 +1200

    better menu

commit 7e4c4a527df005bacba561626bc6652af8ffc4c0
Author: Your Name <you@example.com>
Date:   Mon Apr 18 10:10:14 2022 +1200

    use relative paths
++ cut -d _ -f 2
+ app=taewa
+ export AWS_DEFAULT_REGION=us-east-1
+ AWS_DEFAULT_REGION=us-east-1
+ line===============================
++ date +%FT%T
+ echo '[2022-04-22T19:56:16]==============================[starting' in '/tmp/k8s-vs-ASG/data/cli]=============================='
[2022-04-22T19:56:16]==============================[starting in /tmp/k8s-vs-ASG/data/cli]==============================
+ source 0.setup.sh
++ set -x
++ '[' asg_taewa_3extra == k8s_apache_3 ']'
++ '[' asg_taewa_3extra == asg_apache_3 ']'
++ '[' asg_taewa_3extra == k8s_apache2_3 ']'
++ '[' asg_taewa_3extra == k8s_taewa_3 ']'
++ '[' asg_taewa_3extra == asg_taewa_3 ']'
++ '[' asg_taewa_3extra == k8s_taewa_3lite ']'
++ '[' asg_taewa_3extra == asg_taewa_3lite ']'
++ '[' asg_taewa_3extra == k8s_taewa_3extra ']'
++ '[' asg_taewa_3extra == asg_taewa_3extra ']'
++ warmup_url='3000/?n=80000'
++ testing_url='3000/?n=80000'
++ cpu_perc=35
++ warmup_min_threads=5
++ warmup_max_threads=10
++ warmup_cycle_sec=90
++ scaling_minutes=14
++ performance_sec=300
++ max_capacity=3
++ fortio_options='-a -qps -1 -r 0.01 -loglevel Error -allow-initial-errors'
++ '[' asg_taewa_3extra == k8s_taewa_6 ']'
++ '[' asg_taewa_3extra == asg_taewa_6 ']'
++ '[' asg_taewa_3extra == k8s_riwai_3 ']'
++ '[' asg_taewa_3extra == asg_riwai_3 ']'
++ '[' asg_taewa_3extra == asg_raupi_3 ']'
++ '[' asg_taewa_3extra == k8s_raupi_3 ']'
++ set +x
{
    "Account": "776945069435", 
    "UserId": "AIDA3JZMI5V5SLS2RPPUA", 
    "Arn": "arn:aws:iam::776945069435:user/ad"
}
[2022-04-22T19:56:23] waiting for instances ...
scaling to 3
{
    "HealthCheck": {
        "HealthyThreshold": 2, 
        "Interval": 10, 
        "Target": "HTTP:3000/?n=80000", 
        "Timeout": 5, 
        "UnhealthyThreshold": 6
    }
}
  % Total    % Received % Xferd  Average Speed   Time    Time     Time  Current
                                 Dload  Upload   Total   Spent    Left  Speed
  0     0    0     0    0     0      0      0 --:--:-- --:--:-- --:--:--     0100    44    0    44    0     0   3184      0 --:--:-- --:--:-- --:--:--  3384
The result of this run is :  20025.009576796
[2022-04-22T20:01:27]==============================[STATS]
jh CPU load avg:
0.00 0.15 0.11 1/159 2889
i-0170fa548974ae70e
InService
Healthy
{}
i-059991bd52f00386e
InService
Healthy
{}
i-05e931b5ddb4c987a
InService
Healthy
{}
[2022-04-22T20:01:27]==============================[WARMUP RUN c5]==============================
20:01:27 I logger.go:127> Log level is now 4 Error (was 2 Info)
Fortio 1.19.0 running at -1 queries per second, 2->2 procs, for 1m30s: http://asg-1-lb-1755022826.us-east-1.elb.amazonaws.com:3000/?n=80000
Aggregated Function Time : count 101077 avg 0.0044517275 +/- 0.001693 min 0.002765989 max 0.025319554 sum 449.96726
# target 50% 0.00640608
# target 75% 0.00822616
# target 90% 0.00931821
# target 99% 0.00997344
# target 99.9% 0.0187105
Sockets used: 5 (for perfect keepalive, would be 5)
Jitter: false
Code 200 : 101077 (100.0 %)
All done 101077 calls (plus 5 warmup) 4.452 ms avg, 1123.0 qps
Successfully wrote 2088 bytes of Json data to 2022-04-22-200128_asg_taewa_3extra_warmup_5.json
fortio exit code: 0
[2022-04-22T20:02:58]==============================[STATS]
jh CPU load avg:
0.12 0.15 0.11 1/160 2908
i-0170fa548974ae70e
InService
Healthy
{}
i-059991bd52f00386e
InService
Healthy
{}
i-05e931b5ddb4c987a
InService
Healthy
{}
[2022-04-22T20:03:58]==============================[STATS]
jh CPU load avg:
0.04 0.12 0.09 1/160 2917
i-0170fa548974ae70e
InService
Healthy
{}
i-059991bd52f00386e
InService
Healthy
{}
i-05e931b5ddb4c987a
InService
Healthy
{}
[2022-04-22T20:03:59]==============================[WARMUP RUN c6]==============================
20:03:59 I logger.go:127> Log level is now 4 Error (was 2 Info)
Fortio 1.19.0 running at -1 queries per second, 2->2 procs, for 1m30s: http://asg-1-lb-1755022826.us-east-1.elb.amazonaws.com:3000/?n=80000
Aggregated Function Time : count 128634 avg 0.0041976908 +/- 0.001956 min 0.002594003 max 0.210570344 sum 539.965755
# target 50% 0.00632932
# target 75% 0.00819701
# target 90% 0.00931762
# target 99% 0.00998999
# target 99.9% 0.0205476
Sockets used: 6 (for perfect keepalive, would be 6)
Jitter: false
Code 200 : 128634 (100.0 %)
All done 128634 calls (plus 6 warmup) 4.198 ms avg, 1429.2 qps
Successfully wrote 2680 bytes of Json data to 2022-04-22-200359_asg_taewa_3extra_warmup_6.json
fortio exit code: 0
[2022-04-22T20:05:29]==============================[STATS]
jh CPU load avg:
0.02 0.10 0.09 1/158 2935
i-0170fa548974ae70e
InService
Healthy
{}
i-059991bd52f00386e
InService
Healthy
{}
i-05e931b5ddb4c987a
InService
Healthy
{}
[2022-04-22T20:06:29]==============================[STATS]
jh CPU load avg:
0.01 0.08 0.08 1/158 2944
i-0170fa548974ae70e
InService
Healthy
{}
i-059991bd52f00386e
InService
Healthy
{}
i-05e931b5ddb4c987a
InService
Healthy
{}
[2022-04-22T20:06:30]==============================[WARMUP RUN c7]==============================
20:06:30 I logger.go:127> Log level is now 4 Error (was 2 Info)
Fortio 1.19.0 running at -1 queries per second, 2->2 procs, for 1m30s: http://asg-1-lb-1755022826.us-east-1.elb.amazonaws.com:3000/?n=80000
Aggregated Function Time : count 152274 avg 0.0041370444 +/- 0.001835 min 0.002500871 max 0.224818753 sum 629.964295
# target 50% 0.00627442
# target 75% 0.00816123
# target 90% 0.00929331
# target 99% 0.00997255
# target 99.9% 0.0191664
Sockets used: 7 (for perfect keepalive, would be 7)
Jitter: false
Code 200 : 152274 (100.0 %)
All done 152274 calls (plus 7 warmup) 4.137 ms avg, 1691.8 qps
Successfully wrote 2441 bytes of Json data to 2022-04-22-200630_asg_taewa_3extra_warmup_7.json
fortio exit code: 0
[2022-04-22T20:08:00]==============================[STATS]
jh CPU load avg:
0.05 0.07 0.08 1/158 2963
i-0170fa548974ae70e
InService
Healthy
{}
i-059991bd52f00386e
InService
Healthy
{}
i-05e931b5ddb4c987a
InService
Healthy
{}
[2022-04-22T20:09:01]==============================[STATS]
jh CPU load avg:
0.08 0.07 0.08 1/158 2972
i-0170fa548974ae70e
InService
Healthy
{}
i-059991bd52f00386e
InService
Healthy
{}
i-05e931b5ddb4c987a
InService
Healthy
{}
[2022-04-22T20:09:02]==============================[WARMUP RUN c8]==============================
20:09:02 I logger.go:127> Log level is now 4 Error (was 2 Info)
Fortio 1.19.0 running at -1 queries per second, 2->2 procs, for 1m30s: http://asg-1-lb-1755022826.us-east-1.elb.amazonaws.com:3000/?n=80000
Aggregated Function Time : count 149599 avg 0.0048125944 +/- 0.002624 min 0.002610748 max 0.221101797 sum 719.959304
# target 50% 0.00670319
# target 75% 0.00874944
# target 90% 0.00997719
# target 99% 0.0191378
# target 99.9% 0.0253426
Sockets used: 8 (for perfect keepalive, would be 8)
Jitter: false
Code 200 : 149599 (100.0 %)
All done 149599 calls (plus 8 warmup) 4.813 ms avg, 1662.1 qps
Successfully wrote 2563 bytes of Json data to 2022-04-22-200902_asg_taewa_3extra_warmup_8.json
fortio exit code: 0
[2022-04-22T20:10:32]==============================[STATS]
jh CPU load avg:
0.21 0.12 0.09 1/159 2998
i-0170fa548974ae70e
InService
Healthy
{}
i-059991bd52f00386e
InService
Healthy
{}
i-05e931b5ddb4c987a
InService
Healthy
{}
[2022-04-22T20:11:32]==============================[STATS]
jh CPU load avg:
0.08 0.09 0.09 1/159 3007
i-0170fa548974ae70e
InService
Healthy
{}
i-059991bd52f00386e
InService
Healthy
{}
i-05e931b5ddb4c987a
InService
Healthy
{}
[2022-04-22T20:11:33]==============================[WARMUP RUN c9]==============================
20:11:33 I logger.go:127> Log level is now 4 Error (was 2 Info)
Fortio 1.19.0 running at -1 queries per second, 2->2 procs, for 1m30s: http://asg-1-lb-1755022826.us-east-1.elb.amazonaws.com:3000/?n=80000
Aggregated Function Time : count 148525 avg 0.0054533874 +/- 0.002634 min 0.002621735 max 0.056681463 sum 809.964367
# target 50% 0.00674061
# target 75% 0.00880007
# target 90% 0.0104259
# target 99% 0.0192591
# target 99.9% 0.0281006
Sockets used: 9 (for perfect keepalive, would be 9)
Jitter: false
Code 200 : 148525 (100.0 %)
All done 148525 calls (plus 9 warmup) 5.453 ms avg, 1650.1 qps
Successfully wrote 2446 bytes of Json data to 2022-04-22-201133_asg_taewa_3extra_warmup_9.json
fortio exit code: 0
[2022-04-22T20:13:03]==============================[STATS]
jh CPU load avg:
0.07 0.09 0.09 1/159 3025
i-0170fa548974ae70e
InService
Healthy
{}
i-059991bd52f00386e
InService
Healthy
{}
i-05e931b5ddb4c987a
InService
Healthy
{}
[2022-04-22T20:14:04]==============================[STATS]
jh CPU load avg:
0.03 0.07 0.08 1/159 3034
i-0170fa548974ae70e
InService
Healthy
{}
i-059991bd52f00386e
InService
Healthy
{}
i-05e931b5ddb4c987a
InService
Healthy
{}
[2022-04-22T20:14:05]==============================[WARMUP RUN c10]==============================
20:14:05 I logger.go:127> Log level is now 4 Error (was 2 Info)
Fortio 1.19.0 running at -1 queries per second, 2->2 procs, for 1m30s: http://asg-1-lb-1755022826.us-east-1.elb.amazonaws.com:3000/?n=80000
Aggregated Function Time : count 152626 avg 0.0058965573 +/- 0.003112 min 0.002674542 max 0.051971205 sum 899.967959
# target 50% 0.00674562
# target 75% 0.00878119
# target 90% 0.0100316
# target 99% 0.0191812
# target 99.9% 0.0262771
Sockets used: 10 (for perfect keepalive, would be 10)
Jitter: false
Code 200 : 152626 (100.0 %)
All done 152626 calls (plus 10 warmup) 5.897 ms avg, 1695.7 qps
Successfully wrote 2447 bytes of Json data to 2022-04-22-201405_asg_taewa_3extra_warmup_10.json
fortio exit code: 0
[2022-04-22T20:15:35]==============================[STATS]
jh CPU load avg:
0.07 0.07 0.08 1/158 3053
i-0170fa548974ae70e
InService
Healthy
{}
i-059991bd52f00386e
InService
Healthy
{}
i-05e931b5ddb4c987a
InService
Healthy
{}
{
    "LoadBalancerDescriptions": [
        {
            "Subnets": [
                "subnet-000c4bf7b13a44841", 
                "subnet-01c6496c22355a473"
            ], 
            "CanonicalHostedZoneNameID": "Z35SXDOTRQ7X7K", 
            "CanonicalHostedZoneName": "asg-1-lb-1755022826.us-east-1.elb.amazonaws.com", 
            "ListenerDescriptions": [
                {
                    "Listener": {
                        "InstancePort": 3000, 
                        "LoadBalancerPort": 3000, 
                        "Protocol": "TCP", 
                        "InstanceProtocol": "TCP"
                    }, 
                    "PolicyNames": []
                }, 
                {
                    "Listener": {
                        "InstancePort": 80, 
                        "LoadBalancerPort": 80, 
                        "Protocol": "TCP", 
                        "InstanceProtocol": "TCP"
                    }, 
                    "PolicyNames": []
                }
            ], 
            "HealthCheck": {
                "HealthyThreshold": 2, 
                "Interval": 10, 
                "Target": "HTTP:3000/?n=80000", 
                "Timeout": 5, 
                "UnhealthyThreshold": 6
            }, 
            "VPCId": "vpc-037ac3426fd08868b", 
            "BackendServerDescriptions": [], 
            "Instances": [
                {
                    "InstanceId": "i-059991bd52f00386e"
                }, 
                {
                    "InstanceId": "i-0170fa548974ae70e"
                }, 
                {
                    "InstanceId": "i-05e931b5ddb4c987a"
                }
            ], 
            "DNSName": "asg-1-lb-1755022826.us-east-1.elb.amazonaws.com", 
            "SecurityGroups": [
                "sg-0eada6427d89a2147"
            ], 
            "Policies": {
                "LBCookieStickinessPolicies": [], 
                "AppCookieStickinessPolicies": [], 
                "OtherPolicies": []
            }, 
            "LoadBalancerName": "asg-1-lb", 
            "CreatedTime": "2022-04-22T19:52:08.230Z", 
            "AvailabilityZones": [
                "us-east-1b", 
                "us-east-1a"
            ], 
            "Scheme": "internet-facing", 
            "SourceSecurityGroup": {
                "OwnerAlias": "776945069435", 
                "GroupName": "asg-1-ALBSecurityGroup-1L6MJ5S1MAZSF"
            }
        }
    ]
}
{
    "AutoScalingGroups": [
        {
            "AutoScalingGroupARN": "arn:aws:autoscaling:us-east-1:776945069435:autoScalingGroup:bf7835cb-340b-446f-b6e3-bff3831b37c2:autoScalingGroupName/asg-1-myASG", 
            "ServiceLinkedRoleARN": "arn:aws:iam::776945069435:role/aws-service-role/autoscaling.amazonaws.com/AWSServiceRoleForAutoScaling", 
            "TargetGroupARNs": [], 
            "SuspendedProcesses": [], 
            "LaunchTemplate": {
                "LaunchTemplateName": "asg-1-launch-template", 
                "Version": "1", 
                "LaunchTemplateId": "lt-0828a9e2bbb395184"
            }, 
            "Tags": [
                {
                    "ResourceType": "auto-scaling-group", 
                    "ResourceId": "asg-1-myASG", 
                    "PropagateAtLaunch": true, 
                    "Value": "asg-1-instance", 
                    "Key": "Name"
                }, 
                {
                    "ResourceType": "auto-scaling-group", 
                    "ResourceId": "asg-1-myASG", 
                    "PropagateAtLaunch": false, 
                    "Value": "WebServerGroup", 
                    "Key": "Purpose"
                }, 
                {
                    "ResourceType": "auto-scaling-group", 
                    "ResourceId": "asg-1-myASG", 
                    "PropagateAtLaunch": true, 
                    "Value": "myASG", 
                    "Key": "aws:cloudformation:logical-id"
                }, 
                {
                    "ResourceType": "auto-scaling-group", 
                    "ResourceId": "asg-1-myASG", 
                    "PropagateAtLaunch": true, 
                    "Value": "arn:aws:cloudformation:us-east-1:776945069435:stack/asg-1/a65cbb20-c275-11ec-9b86-0e3cee95ccd9", 
                    "Key": "aws:cloudformation:stack-id"
                }, 
                {
                    "ResourceType": "auto-scaling-group", 
                    "ResourceId": "asg-1-myASG", 
                    "PropagateAtLaunch": true, 
                    "Value": "asg-1", 
                    "Key": "aws:cloudformation:stack-name"
                }
            ], 
            "EnabledMetrics": [
                {
                    "Metric": "GroupInServiceCapacity", 
                    "Granularity": "1Minute"
                }, 
                {
                    "Metric": "GroupInServiceInstances", 
                    "Granularity": "1Minute"
                }, 
                {
                    "Metric": "GroupAndWarmPoolTotalCapacity", 
                    "Granularity": "1Minute"
                }, 
                {
                    "Metric": "GroupPendingInstances", 
                    "Granularity": "1Minute"
                }, 
                {
                    "Metric": "GroupTotalInstances", 
                    "Granularity": "1Minute"
                }, 
                {
                    "Metric": "GroupMaxSize", 
                    "Granularity": "1Minute"
                }, 
                {
                    "Metric": "GroupDesiredCapacity", 
                    "Granularity": "1Minute"
                }, 
                {
                    "Metric": "GroupPendingCapacity", 
                    "Granularity": "1Minute"
                }, 
                {
                    "Metric": "GroupStandbyInstances", 
                    "Granularity": "1Minute"
                }, 
                {
                    "Metric": "WarmPoolDesiredCapacity", 
                    "Granularity": "1Minute"
                }, 
                {
                    "Metric": "WarmPoolPendingCapacity", 
                    "Granularity": "1Minute"
                }, 
                {
                    "Metric": "GroupTotalCapacity", 
                    "Granularity": "1Minute"
                }, 
                {
                    "Metric": "GroupTerminatingInstances", 
                    "Granularity": "1Minute"
                }, 
                {
                    "Metric": "WarmPoolTerminatingCapacity", 
                    "Granularity": "1Minute"
                }, 
                {
                    "Metric": "WarmPoolMinSize", 
                    "Granularity": "1Minute"
                }, 
                {
                    "Metric": "GroupStandbyCapacity", 
                    "Granularity": "1Minute"
                }, 
                {
                    "Metric": "GroupMinSize", 
                    "Granularity": "1Minute"
                }, 
                {
                    "Metric": "GroupAndWarmPoolDesiredCapacity", 
                    "Granularity": "1Minute"
                }, 
                {
                    "Metric": "WarmPoolTotalCapacity", 
                    "Granularity": "1Minute"
                }, 
                {
                    "Metric": "GroupTerminatingCapacity", 
                    "Granularity": "1Minute"
                }, 
                {
                    "Metric": "WarmPoolWarmedCapacity", 
                    "Granularity": "1Minute"
                }
            ], 
            "TerminationPolicies": [
                "Default"
            ], 
            "AutoScalingGroupName": "asg-1-myASG", 
            "DefaultCooldown": 300, 
            "MinSize": 1, 
            "Instances": [
                {
                    "ProtectedFromScaleIn": false, 
                    "AvailabilityZone": "us-east-1a", 
                    "LaunchTemplate": {
                        "LaunchTemplateName": "asg-1-launch-template", 
                        "Version": "1", 
                        "LaunchTemplateId": "lt-0828a9e2bbb395184"
                    }, 
                    "InstanceId": "i-0170fa548974ae70e", 
                    "HealthStatus": "Healthy", 
                    "LifecycleState": "InService", 
                    "InstanceType": "t3.medium"
                }, 
                {
                    "ProtectedFromScaleIn": false, 
                    "AvailabilityZone": "us-east-1b", 
                    "LaunchTemplate": {
                        "LaunchTemplateName": "asg-1-launch-template", 
                        "Version": "1", 
                        "LaunchTemplateId": "lt-0828a9e2bbb395184"
                    }, 
                    "InstanceId": "i-059991bd52f00386e", 
                    "HealthStatus": "Healthy", 
                    "LifecycleState": "InService", 
                    "InstanceType": "t3.medium"
                }, 
                {
                    "ProtectedFromScaleIn": false, 
                    "AvailabilityZone": "us-east-1b", 
                    "LaunchTemplate": {
                        "LaunchTemplateName": "asg-1-launch-template", 
                        "Version": "1", 
                        "LaunchTemplateId": "lt-0828a9e2bbb395184"
                    }, 
                    "InstanceId": "i-05e931b5ddb4c987a", 
                    "HealthStatus": "Healthy", 
                    "LifecycleState": "InService", 
                    "InstanceType": "t3.medium"
                }
            ], 
            "MaxSize": 3, 
            "VPCZoneIdentifier": "subnet-000c4bf7b13a44841,subnet-01c6496c22355a473", 
            "HealthCheckGracePeriod": 300, 
            "LoadBalancerNames": [
                "asg-1-lb"
            ], 
            "CreatedTime": "2022-04-22T19:54:30.495Z", 
            "AvailabilityZones": [
                "us-east-1a", 
                "us-east-1b"
            ], 
            "HealthCheckType": "EC2", 
            "NewInstancesProtectedFromScaleIn": false, 
            "DesiredCapacity": 3
        }
    ]
}
[2022-04-22T20:16:37]==============================[PERFORMANCE CHUNK RUN 11]==============================
[2022-04-22T20:17:37]==============================[STATS]
jh CPU load avg:
0.01 0.04 0.07 1/158 3078
i-0170fa548974ae70e
InService
Healthy
{}
i-059991bd52f00386e
InService
Healthy
{}
i-05e931b5ddb4c987a
InService
Healthy
{}
20:17:38 I logger.go:127> Log level is now 4 Error (was 2 Info)
Fortio 1.19.0 running at -1 queries per second, 2->2 procs, for 1m0s: http://asg-1-lb-1755022826.us-east-1.elb.amazonaws.com:3000/?n=80000
Aggregated Function Time : count 102329 avg 0.0058633508 +/- 0.003016 min 0.002603667 max 0.05703435 sum 599.990828
# target 50% 0.00669768
# target 75% 0.00874473
# target 90% 0.00997296
# target 99% 0.0190555
# target 99.9% 0.0199956
Sockets used: 10 (for perfect keepalive, would be 10)
Jitter: false
Code 200 : 102329 (100.0 %)
All done 102329 calls (plus 10 warmup) 5.863 ms avg, 1705.3 qps
Successfully wrote 2455 bytes of Json data to 2022-04-22-201738_asg_taewa_3extra_performance_chunk_11_1.json
fortio exit code: 0
[2022-04-22T20:18:38]==============================[STATS]
jh CPU load avg:
0.16 0.08 0.08 1/158 3094
i-0170fa548974ae70e
InService
Healthy
{}
i-059991bd52f00386e
InService
Healthy
{}
i-05e931b5ddb4c987a
InService
Healthy
{}
20:18:39 I logger.go:127> Log level is now 4 Error (was 2 Info)
Fortio 1.19.0 running at -1 queries per second, 2->2 procs, for 1m0s: http://asg-1-lb-1755022826.us-east-1.elb.amazonaws.com:3000/?n=80000
Aggregated Function Time : count 102507 avg 0.0058532121 +/- 0.003151 min 0.002602423 max 0.209981147 sum 599.99521
# target 50% 0.00670825
# target 75% 0.0087612
# target 90% 0.00999297
# target 99% 0.0191471
# target 99.9% 0.0249643
Sockets used: 10 (for perfect keepalive, would be 10)
Jitter: false
Code 200 : 102507 (100.0 %)
All done 102507 calls (plus 10 warmup) 5.853 ms avg, 1708.2 qps
Successfully wrote 2457 bytes of Json data to 2022-04-22-201839_asg_taewa_3extra_performance_chunk_11_2.json
fortio exit code: 0
[2022-04-22T20:19:39]==============================[STATS]
jh CPU load avg:
0.11 0.08 0.08 1/158 3110
i-0170fa548974ae70e
InService
Healthy
{}
i-059991bd52f00386e
InService
Healthy
{}
i-05e931b5ddb4c987a
InService
Healthy
{}
20:19:39 I logger.go:127> Log level is now 4 Error (was 2 Info)
Fortio 1.19.0 running at -1 queries per second, 2->2 procs, for 1m0s: http://asg-1-lb-1755022826.us-east-1.elb.amazonaws.com:3000/?n=80000
Aggregated Function Time : count 101447 avg 0.0059143458 +/- 0.003191 min 0.002615564 max 0.076786102 sum 599.99264
# target 50% 0.00671846
# target 75% 0.00876994
# target 90% 0.0100104
# target 99% 0.0192022
# target 99.9% 0.0282009
Sockets used: 10 (for perfect keepalive, would be 10)
Jitter: false
Code 200 : 101447 (100.0 %)
All done 101447 calls (plus 10 warmup) 5.914 ms avg, 1690.6 qps
Successfully wrote 2578 bytes of Json data to 2022-04-22-201939_asg_taewa_3extra_performance_chunk_11_3.json
fortio exit code: 0
[2022-04-22T20:20:40]==============================[STATS]
jh CPU load avg:
0.15 0.10 0.09 1/159 3132
i-0170fa548974ae70e
InService
Healthy
{}
i-059991bd52f00386e
InService
Healthy
{}
i-05e931b5ddb4c987a
InService
Healthy
{}
20:20:40 I logger.go:127> Log level is now 4 Error (was 2 Info)
Fortio 1.19.0 running at -1 queries per second, 2->2 procs, for 1m0s: http://asg-1-lb-1755022826.us-east-1.elb.amazonaws.com:3000/?n=80000
Aggregated Function Time : count 102828 avg 0.0058349468 +/- 0.00315 min 0.002642472 max 0.218997348 sum 599.995906
# target 50% 0.00671851
# target 75% 0.00875657
# target 90% 0.0099794
# target 99% 0.0191252
# target 99.9% 0.0245123
Sockets used: 10 (for perfect keepalive, would be 10)
Jitter: false
Code 200 : 102828 (100.0 %)
All done 102828 calls (plus 10 warmup) 5.835 ms avg, 1713.6 qps
Successfully wrote 2578 bytes of Json data to 2022-04-22-202040_asg_taewa_3extra_performance_chunk_11_4.json
fortio exit code: 0
[2022-04-22T20:21:40]==============================[STATS]
jh CPU load avg:
0.71 0.26 0.14 1/164 25301
i-0170fa548974ae70e
InService
Healthy
{}
i-059991bd52f00386e
InService
Healthy
{}
i-05e931b5ddb4c987a
InService
Healthy
{}
20:21:41 I logger.go:127> Log level is now 4 Error (was 2 Info)
Fortio 1.19.0 running at -1 queries per second, 2->2 procs, for 1m0s: http://asg-1-lb-1755022826.us-east-1.elb.amazonaws.com:3000/?n=80000
Aggregated Function Time : count 99405 avg 0.0060358466 +/- 0.003103 min 0.002711148 max 0.21261856 sum 599.99333
# target 50% 0.00676086
# target 75% 0.00878575
# target 90% 0.0100087
# target 99% 0.0191893
# target 99.9% 0.0267919
Sockets used: 10 (for perfect keepalive, would be 10)
Jitter: false
Code 200 : 99405 (100.0 %)
All done 99405 calls (plus 10 warmup) 6.036 ms avg, 1656.5 qps
Successfully wrote 2450 bytes of Json data to 2022-04-22-202141_asg_taewa_3extra_performance_chunk_11_5.json
fortio exit code: 0
[2022-04-22T20:23:41]==============================[STATS]
jh CPU load avg:
0.18 0.24 0.15 1/159 32704
i-0170fa548974ae70e
InService
Healthy
{}
i-059991bd52f00386e
InService
Healthy
{}
i-05e931b5ddb4c987a
InService
Healthy
{}
[2022-04-22T20:23:41]==============================[PERFORMANCE RUN 1]==============================
20:23:41 I logger.go:127> Log level is now 4 Error (was 2 Info)
Fortio 1.19.0 running at -1 queries per second, 2->2 procs, for 5m0s: http://asg-1-lb-1755022826.us-east-1.elb.amazonaws.com:3000/?n=80000
Aggregated Function Time : count 505929 avg 0.0059293232 +/- 0.003229 min 0.002631859 max 0.221173991 sum 2999.81656
# target 50% 0.00673059
# target 75% 0.00877997
# target 90% 0.0101188
# target 99% 0.0192544
# target 99.9% 0.0288579
Sockets used: 10 (for perfect keepalive, would be 10)
Jitter: false
Code 200 : 505929 (100.0 %)
All done 505929 calls (plus 10 warmup) 5.929 ms avg, 1686.4 qps
Successfully wrote 2929 bytes of Json data to 2022-04-22-202342_asg_taewa_3extra_performance_1.json
fortio exit code: 0
[2022-04-22T20:28:42]==============================[STATS]
jh CPU load avg:
0.04 0.12 0.12 1/158 32727
i-0170fa548974ae70e
InService
Healthy
{}
i-059991bd52f00386e
InService
Healthy
{}
i-05e931b5ddb4c987a
InService
Healthy
{}
[2022-04-22T20:29:42]==============================[STATS]
jh CPU load avg:
0.01 0.09 0.10 1/158 32737
i-0170fa548974ae70e
InService
Healthy
{}
i-059991bd52f00386e
InService
Healthy
{}
i-05e931b5ddb4c987a
InService
Healthy
{}
[2022-04-22T20:29:43]==============================[PERFORMANCE RUN 2]==============================
20:29:43 I logger.go:127> Log level is now 4 Error (was 2 Info)
Fortio 1.19.0 running at -1 queries per second, 2->2 procs, for 5m0s: http://asg-1-lb-1755022826.us-east-1.elb.amazonaws.com:3000/?n=80000
Aggregated Function Time : count 512953 avg 0.0058481254 +/- 0.003077 min 0.002583718 max 0.220029614 sum 2999.81349
# target 50% 0.00668502
# target 75% 0.00873568
# target 90% 0.00996608
# target 99% 0.0190718
# target 99.9% 0.0225182
Sockets used: 10 (for perfect keepalive, would be 10)
Jitter: false
Code 200 : 512953 (100.0 %)
All done 512953 calls (plus 10 warmup) 5.848 ms avg, 1709.8 qps
Successfully wrote 2692 bytes of Json data to 2022-04-22-202943_asg_taewa_3extra_performance_2.json
fortio exit code: 0
[2022-04-22T20:34:43]==============================[STATS]
jh CPU load avg:
0.12 0.08 0.09 1/158 32765
i-0170fa548974ae70e
InService
Healthy
{}
i-059991bd52f00386e
InService
Healthy
{}
i-05e931b5ddb4c987a
InService
Healthy
{}
[2022-04-22T20:35:44]==============================[STATS]
jh CPU load avg:
0.04 0.07 0.08 1/158 306
i-0170fa548974ae70e
InService
Healthy
{}
i-059991bd52f00386e
InService
Healthy
{}
i-05e931b5ddb4c987a
InService
Healthy
{}
[2022-04-22T20:35:44]==============================[PERFORMANCE RUN 3]==============================
20:35:44 I logger.go:127> Log level is now 4 Error (was 2 Info)
Fortio 1.19.0 running at -1 queries per second, 2->2 procs, for 5m0s: http://asg-1-lb-1755022826.us-east-1.elb.amazonaws.com:3000/?n=80000
Aggregated Function Time : count 509124 avg 0.0058921019 +/- 0.00322 min 0.002569041 max 0.228341252 sum 2999.81047
# target 50% 0.00671349
# target 75% 0.00878573
# target 90% 0.0103523
# target 99% 0.0193934
# target 99.9% 0.0286312
Sockets used: 10 (for perfect keepalive, would be 10)
Jitter: false
Code 200 : 509124 (100.0 %)
All done 509124 calls (plus 10 warmup) 5.892 ms avg, 1697.0 qps
Successfully wrote 2813 bytes of Json data to 2022-04-22-203545_asg_taewa_3extra_performance_3.json
fortio exit code: 0
[2022-04-22T20:40:45]==============================[STATS]
jh CPU load avg:
0.03 0.08 0.08 1/160 338
i-0170fa548974ae70e
InService
Healthy
{}
i-059991bd52f00386e
InService
Healthy
{}
i-05e931b5ddb4c987a
InService
Healthy
{}
scaling to 0
{
    "Alarms": [
        {
            "AlarmName": "TargetTracking-asg-1-myASG-AlarmHigh-60ffaea1-4266-48c7-b734-6a39e3d432c8", 
            "AlarmARN": "arn:aws:cloudwatch:us-east-1:776945069435:alarm:TargetTracking-asg-1-myASG-AlarmHigh-60ffaea1-4266-48c7-b734-6a39e3d432c8"
        }, 
        {
            "AlarmName": "TargetTracking-asg-1-myASG-AlarmLow-47531714-c59b-4ea6-b41f-b055ef98840b", 
            "AlarmARN": "arn:aws:cloudwatch:us-east-1:776945069435:alarm:TargetTracking-asg-1-myASG-AlarmLow-47531714-c59b-4ea6-b41f-b055ef98840b"
        }
    ], 
    "PolicyARN": "arn:aws:autoscaling:us-east-1:776945069435:scalingPolicy:361ec832-6736-4cb8-b99c-46b4f43f7d0f:autoScalingGroupName/asg-1-myASG:policyName/asg-1-AppServerSP-13ZI3HI0CKQUZ"
}
[2022-04-22T20:41:17]==============================[SCALING RUN 1: INIT]==============================
{
    "Alarms": [
        {
            "AlarmName": "TargetTracking-asg-1-myASG-AlarmHigh-60ffaea1-4266-48c7-b734-6a39e3d432c8", 
            "AlarmARN": "arn:aws:cloudwatch:us-east-1:776945069435:alarm:TargetTracking-asg-1-myASG-AlarmHigh-60ffaea1-4266-48c7-b734-6a39e3d432c8"
        }, 
        {
            "AlarmName": "TargetTracking-asg-1-myASG-AlarmLow-47531714-c59b-4ea6-b41f-b055ef98840b", 
            "AlarmARN": "arn:aws:cloudwatch:us-east-1:776945069435:alarm:TargetTracking-asg-1-myASG-AlarmLow-47531714-c59b-4ea6-b41f-b055ef98840b"
        }
    ], 
    "PolicyARN": "arn:aws:autoscaling:us-east-1:776945069435:scalingPolicy:361ec832-6736-4cb8-b99c-46b4f43f7d0f:autoScalingGroupName/asg-1-myASG:policyName/asg-1-AppServerSP-13ZI3HI0CKQUZ"
}
scaling to 1
[2022-04-22T20:41:19]==============================[SCALING RUN 1: ENABLE SCALING - SLEEP]==============================
{
    "Alarms": [
        {
            "AlarmName": "TargetTracking-asg-1-myASG-AlarmHigh-017988ff-5844-4f5d-8ac4-676e4147b85a", 
            "AlarmARN": "arn:aws:cloudwatch:us-east-1:776945069435:alarm:TargetTracking-asg-1-myASG-AlarmHigh-017988ff-5844-4f5d-8ac4-676e4147b85a"
        }, 
        {
            "AlarmName": "TargetTracking-asg-1-myASG-AlarmLow-86a89d8f-a59c-463b-80e1-991124142c75", 
            "AlarmARN": "arn:aws:cloudwatch:us-east-1:776945069435:alarm:TargetTracking-asg-1-myASG-AlarmLow-86a89d8f-a59c-463b-80e1-991124142c75"
        }
    ], 
    "PolicyARN": "arn:aws:autoscaling:us-east-1:776945069435:scalingPolicy:361ec832-6736-4cb8-b99c-46b4f43f7d0f:autoScalingGroupName/asg-1-myASG:policyName/asg-1-AppServerSP-13ZI3HI0CKQUZ"
}
[2022-04-22T20:44:20]==============================[SCALING RUN 1: FORTIO]==============================
[2022-04-22T20:44:20]==============================[STATS]
jh CPU load avg:
0.00 0.04 0.07 1/160 378
i-0323d955b3dfeb13a
InService
Healthy
{}
[2022-04-22T20:44:21]==============================[SCALING RUN 1: CHUNK 1]==============================
20:44:21 I logger.go:127> Log level is now 4 Error (was 2 Info)
Fortio 1.19.0 running at -1 queries per second, 2->2 procs, for 1m0s: http://asg-1-lb-1755022826.us-east-1.elb.amazonaws.com:3000/?n=80000
Aggregated Function Time : count 34486 avg 0.017400114 +/- 0.005418 min 0.004055227 max 0.108515251 sum 600.060338
# target 50% 0.0158252
# target 75% 0.0187612
# target 90% 0.0284502
# target 99% 0.0390715
# target 99.9% 0.0476836
Sockets used: 10 (for perfect keepalive, would be 10)
Jitter: false
Code 200 : 34486 (100.0 %)
All done 34486 calls (plus 10 warmup) 17.400 ms avg, 574.6 qps
Successfully wrote 2914 bytes of Json data to 2022-04-22-204421_asg_taewa_3extra_scaling_1_1.json
fortio exit code: 0
[2022-04-22T20:45:21]==============================[STATS]
jh CPU load avg:
0.03 0.05 0.07 1/158 446
i-0323d955b3dfeb13a
InService
Healthy
{}
[2022-04-22T20:45:22]==============================[SCALING RUN 1: CHUNK 2]==============================
20:45:22 I logger.go:127> Log level is now 4 Error (was 2 Info)
Fortio 1.19.0 running at -1 queries per second, 2->2 procs, for 1m0s: http://asg-1-lb-1755022826.us-east-1.elb.amazonaws.com:3000/?n=80000
Aggregated Function Time : count 34795 avg 0.017245486 +/- 0.005184 min 0.00310994 max 0.050789211 sum 600.056685
# target 50% 0.0157929
# target 75% 0.0187082
# target 90% 0.0275932
# target 99% 0.0389166
# target 99.9% 0.0399511
Sockets used: 10 (for perfect keepalive, would be 10)
Jitter: false
Code 200 : 34795 (100.0 %)
All done 34795 calls (plus 10 warmup) 17.245 ms avg, 579.8 qps
Successfully wrote 2438 bytes of Json data to 2022-04-22-204522_asg_taewa_3extra_scaling_1_2.json
fortio exit code: 0
[2022-04-22T20:46:22]==============================[STATS]
jh CPU load avg:
0.01 0.04 0.06 1/158 465
i-0323d955b3dfeb13a
InService
Healthy
{}
[2022-04-22T20:46:23]==============================[SCALING RUN 1: CHUNK 3]==============================
20:46:23 I logger.go:127> Log level is now 4 Error (was 2 Info)
Fortio 1.19.0 running at -1 queries per second, 2->2 procs, for 1m0s: http://asg-1-lb-1755022826.us-east-1.elb.amazonaws.com:3000/?n=80000
Aggregated Function Time : count 34654 avg 0.017315831 +/- 0.005221 min 0.003031806 max 0.056620038 sum 600.062816
# target 50% 0.0158101
# target 75% 0.0187285
# target 90% 0.0281582
# target 99% 0.0390124
# target 99.9% 0.0417245
Sockets used: 10 (for perfect keepalive, would be 10)
Jitter: false
Code 200 : 34654 (100.0 %)
All done 34654 calls (plus 10 warmup) 17.316 ms avg, 577.4 qps
Successfully wrote 2440 bytes of Json data to 2022-04-22-204623_asg_taewa_3extra_scaling_1_3.json
fortio exit code: 0
[2022-04-22T20:47:23]==============================[STATS]
jh CPU load avg:
0.05 0.04 0.06 1/158 483
i-0323d955b3dfeb13a
InService
Healthy
{}
[2022-04-22T20:47:24]==============================[SCALING RUN 1: CHUNK 4]==============================
20:47:24 I logger.go:127> Log level is now 4 Error (was 2 Info)
Fortio 1.19.0 running at -1 queries per second, 2->2 procs, for 1m0s: http://asg-1-lb-1755022826.us-east-1.elb.amazonaws.com:3000/?n=80000
Aggregated Function Time : count 34886 avg 0.017200736 +/- 0.005222 min 0.002916959 max 0.073182344 sum 600.064873
# target 50% 0.0157875
# target 75% 0.0187003
# target 90% 0.0280227
# target 99% 0.0389835
# target 99.9% 0.0399876
Sockets used: 10 (for perfect keepalive, would be 10)
Jitter: false
Code 200 : 34886 (100.0 %)
All done 34886 calls (plus 10 warmup) 17.201 ms avg, 581.3 qps
Successfully wrote 2676 bytes of Json data to 2022-04-22-204724_asg_taewa_3extra_scaling_1_4.json
fortio exit code: 0
[2022-04-22T20:48:24]==============================[STATS]
jh CPU load avg:
0.02 0.03 0.06 1/158 500
i-0323d955b3dfeb13a
InService
Healthy
{}
[2022-04-22T20:48:24]==============================[SCALING RUN 1: CHUNK 5]==============================
20:48:24 I logger.go:127> Log level is now 4 Error (was 2 Info)
Fortio 1.19.0 running at -1 queries per second, 2->2 procs, for 1m0s: http://asg-1-lb-1755022826.us-east-1.elb.amazonaws.com:3000/?n=80000
Aggregated Function Time : count 35145 avg 0.017073852 +/- 0.005115 min 0.003178339 max 0.048482065 sum 600.060522
# target 50% 0.0157701
# target 75% 0.0186835
# target 90% 0.0272709
# target 99% 0.038862
# target 99.9% 0.0399101
Sockets used: 10 (for perfect keepalive, would be 10)
Jitter: false
Code 200 : 35145 (100.0 %)
All done 35145 calls (plus 10 warmup) 17.074 ms avg, 585.6 qps
Successfully wrote 2323 bytes of Json data to 2022-04-22-204824_asg_taewa_3extra_scaling_1_5.json
fortio exit code: 0
[2022-04-22T20:49:24]==============================[STATS]
jh CPU load avg:
0.00 0.02 0.05 1/158 517
i-0323d955b3dfeb13a
InService
Healthy
{}
[2022-04-22T20:49:25]==============================[SCALING RUN 1: CHUNK 6]==============================
20:49:25 I logger.go:127> Log level is now 4 Error (was 2 Info)
Fortio 1.19.0 running at -1 queries per second, 2->2 procs, for 1m0s: http://asg-1-lb-1755022826.us-east-1.elb.amazonaws.com:3000/?n=80000
Aggregated Function Time : count 34826 avg 0.017230471 +/- 0.005221 min 0.002949227 max 0.072072607 sum 600.0684
# target 50% 0.0157832
# target 75% 0.0186991
# target 90% 0.0281274
# target 99% 0.0389992
# target 99.9% 0.0399974
Sockets used: 10 (for perfect keepalive, would be 10)
Jitter: false
Code 200 : 34826 (100.0 %)
All done 34826 calls (plus 10 warmup) 17.230 ms avg, 580.3 qps
Successfully wrote 2678 bytes of Json data to 2022-04-22-204925_asg_taewa_3extra_scaling_1_6.json
fortio exit code: 0
[2022-04-22T20:50:25]==============================[STATS]
jh CPU load avg:
0.07 0.03 0.05 1/158 541
i-0323d955b3dfeb13a
InService
Healthy
{}
i-0cd747400fb7dc645
Pending
Healthy
{}
[2022-04-22T20:50:26]==============================[SCALING RUN 1: CHUNK 7]==============================
20:50:26 I logger.go:127> Log level is now 4 Error (was 2 Info)
Fortio 1.19.0 running at -1 queries per second, 2->2 procs, for 1m0s: http://asg-1-lb-1755022826.us-east-1.elb.amazonaws.com:3000/?n=80000
Aggregated Function Time : count 34798 avg 0.017244075 +/- 0.00564 min 0.003034347 max 0.084874119 sum 600.059338
# target 50% 0.0160491
# target 75% 0.0191065
# target 90% 0.0264823
# target 99% 0.0384842
# target 99.9% 0.0460009
Sockets used: 15 (for perfect keepalive, would be 10)
Jitter: false
Code 200 : 34798 (100.0 %)
All done 34798 calls (plus 10 warmup) 17.244 ms avg, 579.8 qps
Successfully wrote 2798 bytes of Json data to 2022-04-22-205026_asg_taewa_3extra_scaling_1_7.json
fortio exit code: 0
[2022-04-22T20:51:26]==============================[STATS]
jh CPU load avg:
0.05 0.04 0.05 1/158 558
i-0323d955b3dfeb13a
InService
Healthy
{}
i-0cd747400fb7dc645
InService
Healthy
{}
[2022-04-22T20:51:27]==============================[SCALING RUN 1: CHUNK 8]==============================
20:51:27 I logger.go:127> Log level is now 4 Error (was 2 Info)
Fortio 1.19.0 running at -1 queries per second, 2->2 procs, for 1m0s: http://asg-1-lb-1755022826.us-east-1.elb.amazonaws.com:3000/?n=80000
Aggregated Function Time : count 69179 avg 0.0086731694 +/- 0.003379 min 0.002576749 max 0.081848722 sum 600.001186
# target 50% 0.00768913
# target 75% 0.0108917
# target 90% 0.0164653
# target 99% 0.0198094
# target 99.9% 0.0323905
Sockets used: 10 (for perfect keepalive, would be 10)
Jitter: false
Code 200 : 69179 (100.0 %)
All done 69179 calls (plus 10 warmup) 8.673 ms avg, 1152.8 qps
Successfully wrote 2793 bytes of Json data to 2022-04-22-205127_asg_taewa_3extra_scaling_1_8.json
fortio exit code: 0
[2022-04-22T20:52:27]==============================[STATS]
jh CPU load avg:
0.06 0.04 0.05 1/158 575
i-0323d955b3dfeb13a
InService
Healthy
{}
i-0cd747400fb7dc645
InService
Healthy
{}
[2022-04-22T20:52:28]==============================[SCALING RUN 1: CHUNK 9]==============================
20:52:28 I logger.go:127> Log level is now 4 Error (was 2 Info)
Fortio 1.19.0 running at -1 queries per second, 2->2 procs, for 1m0s: http://asg-1-lb-1755022826.us-east-1.elb.amazonaws.com:3000/?n=80000
Aggregated Function Time : count 70283 avg 0.0085369767 +/- 0.003107 min 0.002606527 max 0.064276828 sum 600.004332
# target 50% 0.00764718
# target 75% 0.0106278
# target 90% 0.016293
# target 99% 0.0196922
# target 99.9% 0.025581
Sockets used: 10 (for perfect keepalive, would be 10)
Jitter: false
Code 200 : 70283 (100.0 %)
All done 70283 calls (plus 10 warmup) 8.537 ms avg, 1171.2 qps
Successfully wrote 2560 bytes of Json data to 2022-04-22-205228_asg_taewa_3extra_scaling_1_9.json
fortio exit code: 0
[2022-04-22T20:53:28]==============================[STATS]
jh CPU load avg:
0.09 0.05 0.05 1/158 592
i-0323d955b3dfeb13a
InService
Healthy
{}
i-0cd747400fb7dc645
InService
Healthy
{}
[2022-04-22T20:53:28]==============================[SCALING RUN 1: CHUNK 10]==============================
20:53:28 I logger.go:127> Log level is now 4 Error (was 2 Info)
Fortio 1.19.0 running at -1 queries per second, 2->2 procs, for 1m0s: http://asg-1-lb-1755022826.us-east-1.elb.amazonaws.com:3000/?n=80000
Aggregated Function Time : count 69684 avg 0.0086103959 +/- 0.003321 min 0.002507102 max 0.056921805 sum 600.006826
# target 50% 0.00764881
# target 75% 0.0108011
# target 90% 0.0164247
# target 99% 0.0197989
# target 99.9% 0.0335161
Sockets used: 10 (for perfect keepalive, would be 10)
Jitter: false
Code 200 : 69684 (100.0 %)
All done 69684 calls (plus 10 warmup) 8.610 ms avg, 1161.2 qps
Successfully wrote 2437 bytes of Json data to 2022-04-22-205328_asg_taewa_3extra_scaling_1_10.json
fortio exit code: 0
[2022-04-22T20:54:28]==============================[STATS]
jh CPU load avg:
0.08 0.05 0.05 1/159 611
i-0323d955b3dfeb13a
InService
Healthy
{}
i-0cd747400fb7dc645
InService
Healthy
{}
[2022-04-22T20:54:29]==============================[SCALING RUN 1: CHUNK 11]==============================
20:54:29 I logger.go:127> Log level is now 4 Error (was 2 Info)
Fortio 1.19.0 running at -1 queries per second, 2->2 procs, for 1m0s: http://asg-1-lb-1755022826.us-east-1.elb.amazonaws.com:3000/?n=80000
Aggregated Function Time : count 70062 avg 0.0085639355 +/- 0.003319 min 0.002559932 max 0.075093542 sum 600.00645
# target 50% 0.00764015
# target 75% 0.0106717
# target 90% 0.0163484
# target 99% 0.0197544
# target 99.9% 0.03303
Sockets used: 10 (for perfect keepalive, would be 10)
Jitter: false
Code 200 : 70062 (100.0 %)
All done 70062 calls (plus 10 warmup) 8.564 ms avg, 1167.6 qps
Successfully wrote 2680 bytes of Json data to 2022-04-22-205429_asg_taewa_3extra_scaling_1_11.json
fortio exit code: 0
[2022-04-22T20:55:29]==============================[STATS]
jh CPU load avg:
0.03 0.04 0.04 1/158 628
i-0323d955b3dfeb13a
InService
Healthy
{}
i-0cd747400fb7dc645
InService
Healthy
{}
[2022-04-22T20:55:30]==============================[SCALING RUN 1: CHUNK 12]==============================
20:55:30 I logger.go:127> Log level is now 4 Error (was 2 Info)
Fortio 1.19.0 running at -1 queries per second, 2->2 procs, for 1m0s: http://asg-1-lb-1755022826.us-east-1.elb.amazonaws.com:3000/?n=80000
Aggregated Function Time : count 69072 avg 0.0086863737 +/- 0.00368 min 0.002577996 max 0.095467244 sum 599.985207
# target 50% 0.00767887
# target 75% 0.0108457
# target 90% 0.0164879
# target 99% 0.0198733
# target 99.9% 0.0433183
Sockets used: 10 (for perfect keepalive, would be 10)
Jitter: false
Code 200 : 69072 (100.0 %)
All done 69072 calls (plus 10 warmup) 8.686 ms avg, 1151.1 qps
Successfully wrote 2796 bytes of Json data to 2022-04-22-205530_asg_taewa_3extra_scaling_1_12.json
fortio exit code: 0
[2022-04-22T20:56:30]==============================[STATS]
jh CPU load avg:
0.21 0.11 0.07 1/158 645
i-0323d955b3dfeb13a
InService
Healthy
{}
i-060e55c5faacc3a55
InService
Healthy
{}
i-0cd747400fb7dc645
InService
Healthy
{}
[2022-04-22T20:56:31]==============================[SCALING RUN 1: CHUNK 13]==============================
20:56:31 I logger.go:127> Log level is now 4 Error (was 2 Info)
Fortio 1.19.0 running at -1 queries per second, 2->2 procs, for 1m0s: http://asg-1-lb-1755022826.us-east-1.elb.amazonaws.com:3000/?n=80000
Aggregated Function Time : count 70258 avg 0.0085400687 +/- 0.003141 min 0.002611768 max 0.048557948 sum 600.008144
# target 50% 0.00765694
# target 75% 0.0106702
# target 90% 0.0163186
# target 99% 0.0197076
# target 99.9% 0.0274778
Sockets used: 10 (for perfect keepalive, would be 10)
Jitter: false
Code 200 : 70258 (100.0 %)
All done 70258 calls (plus 10 warmup) 8.540 ms avg, 1170.8 qps
Successfully wrote 2327 bytes of Json data to 2022-04-22-205631_asg_taewa_3extra_scaling_1_13.json
fortio exit code: 0
[2022-04-22T20:57:31]==============================[STATS]
jh CPU load avg:
0.08 0.08 0.06 1/158 664
i-0323d955b3dfeb13a
InService
Healthy
{}
i-060e55c5faacc3a55
InService
Healthy
{}
i-0cd747400fb7dc645
InService
Healthy
{}
[2022-04-22T20:57:31]==============================[SCALING RUN 1: CHUNK 14]==============================
20:57:31 I logger.go:127> Log level is now 4 Error (was 2 Info)
Fortio 1.19.0 running at -1 queries per second, 2->2 procs, for 1m0s: http://asg-1-lb-1755022826.us-east-1.elb.amazonaws.com:3000/?n=80000
Aggregated Function Time : count 102941 avg 0.005828556 +/- 0.003964 min 0.002438818 max 0.209239335 sum 599.997378
# target 50% 0.0065729
# target 75% 0.00863998
# target 90% 0.00988023
# target 99% 0.0190223
# target 99.9% 0.0246699
Sockets used: 10 (for perfect keepalive, would be 10)
Jitter: false
Code 200 : 102941 (100.0 %)
All done 102941 calls (plus 10 warmup) 5.829 ms avg, 1715.4 qps
Successfully wrote 2331 bytes of Json data to 2022-04-22-205731_asg_taewa_3extra_scaling_1_14.json
fortio exit code: 0
[2022-04-22T20:58:31]==============================[STATS]
jh CPU load avg:
0.26 0.13 0.08 1/158 682
i-0323d955b3dfeb13a
InService
Healthy
{}
i-060e55c5faacc3a55
InService
Healthy
{}
i-0cd747400fb7dc645
InService
Healthy
{}
[2022-04-22T20:58:32]==============================[SCALING RUN 2: INIT]==============================
{
    "Alarms": [
        {
            "AlarmName": "TargetTracking-asg-1-myASG-AlarmHigh-0b904119-eca6-4500-81a5-ad62c7abb272", 
            "AlarmARN": "arn:aws:cloudwatch:us-east-1:776945069435:alarm:TargetTracking-asg-1-myASG-AlarmHigh-0b904119-eca6-4500-81a5-ad62c7abb272"
        }, 
        {
            "AlarmName": "TargetTracking-asg-1-myASG-AlarmLow-9def0f0e-5946-42b9-9bf6-e39181501928", 
            "AlarmARN": "arn:aws:cloudwatch:us-east-1:776945069435:alarm:TargetTracking-asg-1-myASG-AlarmLow-9def0f0e-5946-42b9-9bf6-e39181501928"
        }
    ], 
    "PolicyARN": "arn:aws:autoscaling:us-east-1:776945069435:scalingPolicy:361ec832-6736-4cb8-b99c-46b4f43f7d0f:autoScalingGroupName/asg-1-myASG:policyName/asg-1-AppServerSP-13ZI3HI0CKQUZ"
}
scaling to 1
[2022-04-22T20:58:34]==============================[SCALING RUN 2: ENABLE SCALING - SLEEP]==============================
{
    "Alarms": [
        {
            "AlarmName": "TargetTracking-asg-1-myASG-AlarmHigh-5f6d4992-48c6-472c-9fa3-6dd0f6dab68f", 
            "AlarmARN": "arn:aws:cloudwatch:us-east-1:776945069435:alarm:TargetTracking-asg-1-myASG-AlarmHigh-5f6d4992-48c6-472c-9fa3-6dd0f6dab68f"
        }, 
        {
            "AlarmName": "TargetTracking-asg-1-myASG-AlarmLow-7cdf9987-b11b-40a5-8824-fbeb811f95db", 
            "AlarmARN": "arn:aws:cloudwatch:us-east-1:776945069435:alarm:TargetTracking-asg-1-myASG-AlarmLow-7cdf9987-b11b-40a5-8824-fbeb811f95db"
        }
    ], 
    "PolicyARN": "arn:aws:autoscaling:us-east-1:776945069435:scalingPolicy:361ec832-6736-4cb8-b99c-46b4f43f7d0f:autoScalingGroupName/asg-1-myASG:policyName/asg-1-AppServerSP-13ZI3HI0CKQUZ"
}
[2022-04-22T21:01:35]==============================[SCALING RUN 2: FORTIO]==============================
[2022-04-22T21:01:35]==============================[STATS]
jh CPU load avg:
0.01 0.06 0.06 1/159 732
i-060e55c5faacc3a55
InService
Healthy
{}
[2022-04-22T21:01:36]==============================[SCALING RUN 2: CHUNK 1]==============================
21:01:36 I logger.go:127> Log level is now 4 Error (was 2 Info)
Fortio 1.19.0 running at -1 queries per second, 2->2 procs, for 1m0s: http://asg-1-lb-1755022826.us-east-1.elb.amazonaws.com:3000/?n=80000
Aggregated Function Time : count 35948 avg 0.016692568 +/- 0.00535 min 0.003391659 max 0.053279149 sum 600.064444
# target 50% 0.0160092
# target 75% 0.0190744
# target 90% 0.0247427
# target 99% 0.0345559
# target 99.9% 0.0415309
Sockets used: 15 (for perfect keepalive, would be 10)
Jitter: false
Code 200 : 35948 (100.0 %)
All done 35948 calls (plus 10 warmup) 16.693 ms avg, 599.0 qps
Successfully wrote 2443 bytes of Json data to 2022-04-22-210136_asg_taewa_3extra_scaling_2_1.json
fortio exit code: 0
[2022-04-22T21:02:36]==============================[STATS]
jh CPU load avg:
0.04 0.06 0.06 1/159 749
i-047ae743476af695a
InService
Healthy
{}
i-060e55c5faacc3a55
InService
Healthy
{}
[2022-04-22T21:02:37]==============================[SCALING RUN 2: CHUNK 2]==============================
21:02:37 I logger.go:127> Log level is now 4 Error (was 2 Info)
Fortio 1.19.0 running at -1 queries per second, 2->2 procs, for 1m0s: http://asg-1-lb-1755022826.us-east-1.elb.amazonaws.com:3000/?n=80000
Aggregated Function Time : count 36191 avg 0.016580571 +/- 0.005177 min 0.002878809 max 0.242781663 sum 600.067436
# target 50% 0.0157119
# target 75% 0.0186151
# target 90% 0.0226523
# target 99% 0.0332724
# target 99.9% 0.0393949
Sockets used: 10 (for perfect keepalive, would be 10)
Jitter: false
Code 200 : 36191 (100.0 %)
All done 36191 calls (plus 10 warmup) 16.581 ms avg, 603.0 qps
Successfully wrote 2439 bytes of Json data to 2022-04-22-210237_asg_taewa_3extra_scaling_2_2.json
fortio exit code: 0
[2022-04-22T21:03:37]==============================[STATS]
jh CPU load avg:
0.01 0.05 0.05 1/159 766
i-047ae743476af695a
InService
Healthy
{}
i-060e55c5faacc3a55
InService
Healthy
{}
[2022-04-22T21:03:38]==============================[SCALING RUN 2: CHUNK 3]==============================
21:03:38 I logger.go:127> Log level is now 4 Error (was 2 Info)
Fortio 1.19.0 running at -1 queries per second, 2->2 procs, for 1m0s: http://asg-1-lb-1755022826.us-east-1.elb.amazonaws.com:3000/?n=80000
Aggregated Function Time : count 71755 avg 0.0083617937 +/- 0.00299 min 0.002591077 max 0.034435975 sum 600.00051
# target 50% 0.00761302
# target 75% 0.010473
# target 90% 0.0162177
# target 99% 0.0196645
# target 99.9% 0.0220288
Sockets used: 10 (for perfect keepalive, would be 10)
Jitter: false
Code 200 : 71755 (100.0 %)
All done 71755 calls (plus 10 warmup) 8.362 ms avg, 1195.8 qps
Successfully wrote 2204 bytes of Json data to 2022-04-22-210338_asg_taewa_3extra_scaling_2_3.json
fortio exit code: 0
[2022-04-22T21:04:38]==============================[STATS]
jh CPU load avg:
0.00 0.04 0.05 1/159 784
i-047ae743476af695a
InService
Healthy
{}
i-060e55c5faacc3a55
InService
Healthy
{}
[2022-04-22T21:04:39]==============================[SCALING RUN 2: CHUNK 4]==============================
21:04:39 I logger.go:127> Log level is now 4 Error (was 2 Info)
Fortio 1.19.0 running at -1 queries per second, 2->2 procs, for 1m0s: http://asg-1-lb-1755022826.us-east-1.elb.amazonaws.com:3000/?n=80000
Aggregated Function Time : count 71776 avg 0.0083593154 +/- 0.003108 min 0.002653253 max 0.226466077 sum 599.998226
# target 50% 0.00763394
# target 75% 0.0104777
# target 90% 0.0162176
# target 99% 0.0196616
# target 99.9% 0.0215808
Sockets used: 10 (for perfect keepalive, would be 10)
Jitter: false
Code 200 : 71776 (100.0 %)
All done 71776 calls (plus 10 warmup) 8.359 ms avg, 1196.1 qps
Successfully wrote 2441 bytes of Json data to 2022-04-22-210439_asg_taewa_3extra_scaling_2_4.json
fortio exit code: 0
[2022-04-22T21:05:39]==============================[STATS]
jh CPU load avg:
0.03 0.04 0.05 1/158 801
i-047ae743476af695a
InService
Healthy
{}
i-060e55c5faacc3a55
InService
Healthy
{}
[2022-04-22T21:05:39]==============================[SCALING RUN 2: CHUNK 5]==============================
21:05:39 I logger.go:127> Log level is now 4 Error (was 2 Info)
Fortio 1.19.0 running at -1 queries per second, 2->2 procs, for 1m0s: http://asg-1-lb-1755022826.us-east-1.elb.amazonaws.com:3000/?n=80000
Aggregated Function Time : count 69867 avg 0.0085878524 +/- 0.003339 min 0.002597371 max 0.05310085 sum 600.007483
# target 50% 0.00768597
# target 75% 0.0108474
# target 90% 0.0164637
# target 99% 0.0198335
# target 99.9% 0.0316266
Sockets used: 10 (for perfect keepalive, would be 10)
Jitter: false
Code 200 : 69867 (100.0 %)
All done 69867 calls (plus 10 warmup) 8.588 ms avg, 1164.3 qps
Successfully wrote 2443 bytes of Json data to 2022-04-22-210539_asg_taewa_3extra_scaling_2_5.json
fortio exit code: 0
[2022-04-22T21:06:39]==============================[STATS]
jh CPU load avg:
0.06 0.05 0.05 1/156 818
i-047ae743476af695a
InService
Healthy
{}
i-060e55c5faacc3a55
InService
Healthy
{}
[2022-04-22T21:06:40]==============================[SCALING RUN 2: CHUNK 6]==============================
21:06:40 I logger.go:127> Log level is now 4 Error (was 2 Info)
Fortio 1.19.0 running at -1 queries per second, 2->2 procs, for 1m0s: http://asg-1-lb-1755022826.us-east-1.elb.amazonaws.com:3000/?n=80000
Aggregated Function Time : count 70752 avg 0.0084803912 +/- 0.00301 min 0.002684497 max 0.030858925 sum 600.00464
# target 50% 0.00766824
# target 75% 0.0106056
# target 90% 0.0162579
# target 99% 0.0196493
# target 99.9% 0.0199884
Sockets used: 10 (for perfect keepalive, would be 10)
Jitter: false
Code 200 : 70752 (100.0 %)
All done 70752 calls (plus 10 warmup) 8.480 ms avg, 1179.0 qps
Successfully wrote 2206 bytes of Json data to 2022-04-22-210640_asg_taewa_3extra_scaling_2_6.json
fortio exit code: 0
[2022-04-22T21:07:40]==============================[STATS]
jh CPU load avg:
0.02 0.04 0.04 1/157 835
i-047ae743476af695a
InService
Healthy
{}
i-060e55c5faacc3a55
InService
Healthy
{}
[2022-04-22T21:07:41]==============================[SCALING RUN 2: CHUNK 7]==============================
21:07:41 I logger.go:127> Log level is now 4 Error (was 2 Info)
Fortio 1.19.0 running at -1 queries per second, 2->2 procs, for 1m0s: http://asg-1-lb-1755022826.us-east-1.elb.amazonaws.com:3000/?n=80000
Aggregated Function Time : count 70658 avg 0.008491796 +/- 0.003027 min 0.002699128 max 0.031810566 sum 600.01332
# target 50% 0.00766687
# target 75% 0.0105744
# target 90% 0.016251
# target 99% 0.0196569
# target 99.9% 0.0199975
Sockets used: 10 (for perfect keepalive, would be 10)
Jitter: false
Code 200 : 70658 (100.0 %)
All done 70658 calls (plus 10 warmup) 8.492 ms avg, 1177.5 qps
Successfully wrote 2208 bytes of Json data to 2022-04-22-210741_asg_taewa_3extra_scaling_2_7.json
fortio exit code: 0
[2022-04-22T21:08:41]==============================[STATS]
jh CPU load avg:
0.19 0.07 0.05 1/163 907
i-047ae743476af695a
InService
Healthy
{}
i-04e6615298fa04d06
InService
Healthy
{}
i-060e55c5faacc3a55
InService
Healthy
{}
[2022-04-22T21:08:42]==============================[SCALING RUN 2: CHUNK 8]==============================
21:08:42 I logger.go:127> Log level is now 4 Error (was 2 Info)
Fortio 1.19.0 running at -1 queries per second, 2->2 procs, for 1m0s: http://asg-1-lb-1755022826.us-east-1.elb.amazonaws.com:3000/?n=80000
Aggregated Function Time : count 103950 avg 0.0057718389 +/- 0.003032 min 0.00257806 max 0.211655804 sum 599.982652
# target 50% 0.00667941
# target 75% 0.00873012
# target 90% 0.00996054
# target 99% 0.0189885
# target 99.9% 0.0199381
Sockets used: 10 (for perfect keepalive, would be 10)
Jitter: false
Code 200 : 103950 (100.0 %)
All done 103950 calls (plus 10 warmup) 5.772 ms avg, 1732.3 qps
Successfully wrote 2439 bytes of Json data to 2022-04-22-210842_asg_taewa_3extra_scaling_2_8.json
fortio exit code: 0
[2022-04-22T21:09:42]==============================[STATS]
jh CPU load avg:
0.25 0.12 0.07 1/163 925
i-047ae743476af695a
InService
Healthy
{}
i-04e6615298fa04d06
InService
Healthy
{}
i-060e55c5faacc3a55
InService
Healthy
{}
[2022-04-22T21:09:42]==============================[SCALING RUN 2: CHUNK 9]==============================
21:09:42 I logger.go:127> Log level is now 4 Error (was 2 Info)
Fortio 1.19.0 running at -1 queries per second, 2->2 procs, for 1m0s: http://asg-1-lb-1755022826.us-east-1.elb.amazonaws.com:3000/?n=80000
Aggregated Function Time : count 103185 avg 0.0058146744 +/- 0.003989 min 0.002511184 max 0.216055482 sum 599.987183
# target 50% 0.00663024
# target 75% 0.00868981
# target 90% 0.00992555
# target 99% 0.0191004
# target 99.9% 0.0264664
Sockets used: 10 (for perfect keepalive, would be 10)
Jitter: false
Code 200 : 103185 (100.0 %)
All done 103185 calls (plus 10 warmup) 5.815 ms avg, 1719.5 qps
Successfully wrote 2566 bytes of Json data to 2022-04-22-210942_asg_taewa_3extra_scaling_2_9.json
fortio exit code: 0
[2022-04-22T21:10:42]==============================[STATS]
jh CPU load avg:
0.09 0.09 0.06 1/165 949
i-047ae743476af695a
InService
Healthy
{}
i-04e6615298fa04d06
InService
Healthy
{}
i-060e55c5faacc3a55
InService
Healthy
{}
[2022-04-22T21:10:43]==============================[SCALING RUN 2: CHUNK 10]==============================
21:10:43 I logger.go:127> Log level is now 4 Error (was 2 Info)
Fortio 1.19.0 running at -1 queries per second, 2->2 procs, for 1m0s: http://asg-1-lb-1755022826.us-east-1.elb.amazonaws.com:3000/?n=80000
Aggregated Function Time : count 104131 avg 0.0057618105 +/- 0.003332 min 0.002574229 max 0.44653764 sum 599.983093
# target 50% 0.00667572
# target 75% 0.00872651
# target 90% 0.00995698
# target 99% 0.0189884
# target 99.9% 0.0199428
Sockets used: 10 (for perfect keepalive, would be 10)
Jitter: false
Code 200 : 104131 (100.0 %)
All done 104131 calls (plus 10 warmup) 5.762 ms avg, 1735.3 qps
Successfully wrote 2446 bytes of Json data to 2022-04-22-211043_asg_taewa_3extra_scaling_2_10.json
fortio exit code: 0
[2022-04-22T21:11:43]==============================[STATS]
jh CPU load avg:
0.10 0.10 0.07 1/165 966
i-047ae743476af695a
InService
Healthy
{}
i-04e6615298fa04d06
InService
Healthy
{}
i-060e55c5faacc3a55
InService
Healthy
{}
[2022-04-22T21:11:44]==============================[SCALING RUN 2: CHUNK 11]==============================
21:11:44 I logger.go:127> Log level is now 4 Error (was 2 Info)
Fortio 1.19.0 running at -1 queries per second, 2->2 procs, for 1m0s: http://asg-1-lb-1755022826.us-east-1.elb.amazonaws.com:3000/?n=80000
Aggregated Function Time : count 104060 avg 0.0057658382 +/- 0.003121 min 0.002546306 max 0.088069817 sum 599.993119
# target 50% 0.00666212
# target 75% 0.00872006
# target 90% 0.00995483
# target 99% 0.0190964
# target 99.9% 0.0278675
Sockets used: 10 (for perfect keepalive, would be 10)
Jitter: false
Code 200 : 104060 (100.0 %)
All done 104060 calls (plus 10 warmup) 5.766 ms avg, 1734.1 qps
Successfully wrote 2803 bytes of Json data to 2022-04-22-211144_asg_taewa_3extra_scaling_2_11.json
fortio exit code: 0
[2022-04-22T21:12:44]==============================[STATS]
jh CPU load avg:
0.14 0.11 0.08 1/165 984
i-047ae743476af695a
InService
Healthy
{}
i-04e6615298fa04d06
InService
Healthy
{}
i-060e55c5faacc3a55
InService
Healthy
{}
[2022-04-22T21:12:45]==============================[SCALING RUN 2: CHUNK 12]==============================
21:12:45 I logger.go:127> Log level is now 4 Error (was 2 Info)
Fortio 1.19.0 running at -1 queries per second, 2->2 procs, for 1m0s: http://asg-1-lb-1755022826.us-east-1.elb.amazonaws.com:3000/?n=80000
Aggregated Function Time : count 101691 avg 0.005900015 +/- 0.003184 min 0.002611008 max 0.208821568 sum 599.978425
# target 50% 0.00672585
# target 75% 0.00878332
# target 90% 0.0102169
# target 99% 0.0192454
# target 99.9% 0.02709
Sockets used: 10 (for perfect keepalive, would be 10)
Jitter: false
Code 200 : 101691 (100.0 %)
All done 101691 calls (plus 10 warmup) 5.900 ms avg, 1694.7 qps
Successfully wrote 2449 bytes of Json data to 2022-04-22-211245_asg_taewa_3extra_scaling_2_12.json
fortio exit code: 0
[2022-04-22T21:13:45]==============================[STATS]
jh CPU load avg:
0.12 0.12 0.08 1/165 1001
i-047ae743476af695a
InService
Healthy
{}
i-04e6615298fa04d06
InService
Healthy
{}
i-060e55c5faacc3a55
InService
Healthy
{}
[2022-04-22T21:13:45]==============================[SCALING RUN 2: CHUNK 13]==============================
21:13:45 I logger.go:127> Log level is now 4 Error (was 2 Info)
Fortio 1.19.0 running at -1 queries per second, 2->2 procs, for 1m0s: http://asg-1-lb-1755022826.us-east-1.elb.amazonaws.com:3000/?n=80000
Aggregated Function Time : count 103053 avg 0.005822144 +/- 0.003026 min 0.002528457 max 0.045191563 sum 599.989408
# target 50% 0.00666691
# target 75% 0.00873617
# target 90% 0.00997773
# target 99% 0.0191261
# target 99.9% 0.0252758
Sockets used: 10 (for perfect keepalive, would be 10)
Jitter: false
Code 200 : 103053 (100.0 %)
All done 103053 calls (plus 10 warmup) 5.822 ms avg, 1717.3 qps
Successfully wrote 2332 bytes of Json data to 2022-04-22-211345_asg_taewa_3extra_scaling_2_13.json
fortio exit code: 0
[2022-04-22T21:14:45]==============================[STATS]
jh CPU load avg:
0.22 0.16 0.10 1/165 1019
i-047ae743476af695a
InService
Healthy
{}
i-04e6615298fa04d06
InService
Healthy
{}
i-060e55c5faacc3a55
InService
Healthy
{}
[2022-04-22T21:14:46]==============================[SCALING RUN 2: CHUNK 14]==============================
21:14:46 I logger.go:127> Log level is now 4 Error (was 2 Info)
Fortio 1.19.0 running at -1 queries per second, 2->2 procs, for 1m0s: http://asg-1-lb-1755022826.us-east-1.elb.amazonaws.com:3000/?n=80000
Aggregated Function Time : count 103845 avg 0.0057777047 +/- 0.003105 min 0.002576563 max 0.212914113 sum 599.985748
# target 50% 0.00667525
# target 75% 0.00872463
# target 90% 0.00995425
# target 99% 0.018983
# target 99.9% 0.0199407
Sockets used: 10 (for perfect keepalive, would be 10)
Jitter: false
Code 200 : 103845 (100.0 %)
All done 103845 calls (plus 10 warmup) 5.778 ms avg, 1730.5 qps
Successfully wrote 2328 bytes of Json data to 2022-04-22-211446_asg_taewa_3extra_scaling_2_14.json
fortio exit code: 0
[2022-04-22T21:15:46]==============================[STATS]
jh CPU load avg:
0.08 0.13 0.09 1/163 1036
i-047ae743476af695a
InService
Healthy
{}
i-04e6615298fa04d06
InService
Healthy
{}
i-060e55c5faacc3a55
InService
Healthy
{}
[2022-04-22T21:15:47]==============================[SCALING RUN 3: INIT]==============================
{
    "Alarms": [
        {
            "AlarmName": "TargetTracking-asg-1-myASG-AlarmHigh-4361ddd0-8589-48f8-8e5c-7190ae6262b4", 
            "AlarmARN": "arn:aws:cloudwatch:us-east-1:776945069435:alarm:TargetTracking-asg-1-myASG-AlarmHigh-4361ddd0-8589-48f8-8e5c-7190ae6262b4"
        }, 
        {
            "AlarmName": "TargetTracking-asg-1-myASG-AlarmLow-797bff31-3460-45e3-8940-a9bbd608b70b", 
            "AlarmARN": "arn:aws:cloudwatch:us-east-1:776945069435:alarm:TargetTracking-asg-1-myASG-AlarmLow-797bff31-3460-45e3-8940-a9bbd608b70b"
        }
    ], 
    "PolicyARN": "arn:aws:autoscaling:us-east-1:776945069435:scalingPolicy:361ec832-6736-4cb8-b99c-46b4f43f7d0f:autoScalingGroupName/asg-1-myASG:policyName/asg-1-AppServerSP-13ZI3HI0CKQUZ"
}
scaling to 1
[2022-04-22T21:15:48]==============================[SCALING RUN 3: ENABLE SCALING - SLEEP]==============================
{
    "Alarms": [
        {
            "AlarmName": "TargetTracking-asg-1-myASG-AlarmHigh-2b815340-d7ff-49fc-8087-081fc1a42184", 
            "AlarmARN": "arn:aws:cloudwatch:us-east-1:776945069435:alarm:TargetTracking-asg-1-myASG-AlarmHigh-2b815340-d7ff-49fc-8087-081fc1a42184"
        }, 
        {
            "AlarmName": "TargetTracking-asg-1-myASG-AlarmLow-00df3091-94d7-4071-896f-1453b3216b37", 
            "AlarmARN": "arn:aws:cloudwatch:us-east-1:776945069435:alarm:TargetTracking-asg-1-myASG-AlarmLow-00df3091-94d7-4071-896f-1453b3216b37"
        }
    ], 
    "PolicyARN": "arn:aws:autoscaling:us-east-1:776945069435:scalingPolicy:361ec832-6736-4cb8-b99c-46b4f43f7d0f:autoScalingGroupName/asg-1-myASG:policyName/asg-1-AppServerSP-13ZI3HI0CKQUZ"
}
[2022-04-22T21:18:49]==============================[SCALING RUN 3: FORTIO]==============================
[2022-04-22T21:18:49]==============================[STATS]
jh CPU load avg:
0.00 0.07 0.07 1/163 1064
i-04e6615298fa04d06
InService
Healthy
{}
[2022-04-22T21:18:50]==============================[SCALING RUN 3: CHUNK 1]==============================
21:18:50 I logger.go:127> Log level is now 4 Error (was 2 Info)
Fortio 1.19.0 running at -1 queries per second, 2->2 procs, for 1m0s: http://asg-1-lb-1755022826.us-east-1.elb.amazonaws.com:3000/?n=80000
Aggregated Function Time : count 35115 avg 0.017088611 +/- 0.005092 min 0.003132763 max 0.064585628 sum 600.066565
# target 50% 0.0157622
# target 75% 0.0186602
# target 90% 0.0279246
# target 99% 0.0389627
# target 99.9% 0.0399587
Sockets used: 10 (for perfect keepalive, would be 10)
Jitter: false
Code 200 : 35115 (100.0 %)
All done 35115 calls (plus 10 warmup) 17.089 ms avg, 585.1 qps
Successfully wrote 2553 bytes of Json data to 2022-04-22-211850_asg_taewa_3extra_scaling_3_1.json
fortio exit code: 0
[2022-04-22T21:19:50]==============================[STATS]
jh CPU load avg:
0.00 0.06 0.07 1/163 1082
i-04e6615298fa04d06
InService
Healthy
{}
[2022-04-22T21:19:51]==============================[SCALING RUN 3: CHUNK 2]==============================
21:19:51 I logger.go:127> Log level is now 4 Error (was 2 Info)
Fortio 1.19.0 running at -1 queries per second, 2->2 procs, for 1m0s: http://asg-1-lb-1755022826.us-east-1.elb.amazonaws.com:3000/?n=80000
Aggregated Function Time : count 35187 avg 0.017053455 +/- 0.005175 min 0.002786831 max 0.062540067 sum 600.059933
# target 50% 0.0157601
# target 75% 0.0186779
# target 90% 0.0279331
# target 99% 0.0389845
# target 99.9% 0.0399899
Sockets used: 10 (for perfect keepalive, would be 10)
Jitter: false
Code 200 : 35187 (100.0 %)
All done 35187 calls (plus 10 warmup) 17.053 ms avg, 586.3 qps
Successfully wrote 2559 bytes of Json data to 2022-04-22-211951_asg_taewa_3extra_scaling_3_2.json
fortio exit code: 0
[2022-04-22T21:20:51]==============================[STATS]
jh CPU load avg:
0.00 0.05 0.06 1/164 1114
i-04e6615298fa04d06
InService
Healthy
{}
[2022-04-22T21:20:52]==============================[SCALING RUN 3: CHUNK 3]==============================
21:20:52 I logger.go:127> Log level is now 4 Error (was 2 Info)
Fortio 1.19.0 running at -1 queries per second, 2->2 procs, for 1m0s: http://asg-1-lb-1755022826.us-east-1.elb.amazonaws.com:3000/?n=80000
Aggregated Function Time : count 35298 avg 0.016999894 +/- 0.005037 min 0.003009998 max 0.040353224 sum 600.062248
# target 50% 0.0157493
# target 75% 0.0186416
# target 90% 0.027464
# target 99% 0.0388783
# target 99.9% 0.0398907
Sockets used: 10 (for perfect keepalive, would be 10)
Jitter: false
Code 200 : 35298 (100.0 %)
All done 35298 calls (plus 10 warmup) 17.000 ms avg, 588.1 qps
Successfully wrote 2324 bytes of Json data to 2022-04-22-212052_asg_taewa_3extra_scaling_3_3.json
fortio exit code: 0
[2022-04-22T21:21:52]==============================[STATS]
jh CPU load avg:
0.00 0.03 0.06 1/164 1131
i-04e6615298fa04d06
InService
Healthy
{}
[2022-04-22T21:21:53]==============================[SCALING RUN 3: CHUNK 4]==============================
21:21:53 I logger.go:127> Log level is now 4 Error (was 2 Info)
Fortio 1.19.0 running at -1 queries per second, 2->2 procs, for 1m0s: http://asg-1-lb-1755022826.us-east-1.elb.amazonaws.com:3000/?n=80000
Aggregated Function Time : count 35085 avg 0.01710298 +/- 0.005288 min 0.003333785 max 0.237668637 sum 600.058065
# target 50% 0.0157659
# target 75% 0.0186672
# target 90% 0.027671
# target 99% 0.0389577
# target 99.9% 0.039974
Sockets used: 10 (for perfect keepalive, would be 10)
Jitter: false
Code 200 : 35085 (100.0 %)
All done 35085 calls (plus 10 warmup) 17.103 ms avg, 584.6 qps
Successfully wrote 2908 bytes of Json data to 2022-04-22-212153_asg_taewa_3extra_scaling_3_4.json
fortio exit code: 0
[2022-04-22T21:22:53]==============================[STATS]
jh CPU load avg:
0.03 0.04 0.06 1/164 1148
i-04e6615298fa04d06
InService
Healthy
{}
[2022-04-22T21:22:54]==============================[SCALING RUN 3: CHUNK 5]==============================
21:22:54 I logger.go:127> Log level is now 4 Error (was 2 Info)
Fortio 1.19.0 running at -1 queries per second, 2->2 procs, for 1m0s: http://asg-1-lb-1755022826.us-east-1.elb.amazonaws.com:3000/?n=80000
Aggregated Function Time : count 35217 avg 0.017039093 +/- 0.005103 min 0.002888721 max 0.052345007 sum 600.065729
# target 50% 0.0157478
# target 75% 0.018655
# target 90% 0.027747
# target 99% 0.0389427
# target 99.9% 0.0399485
Sockets used: 10 (for perfect keepalive, would be 10)
Jitter: false
Code 200 : 35217 (100.0 %)
All done 35217 calls (plus 10 warmup) 17.039 ms avg, 586.8 qps
Successfully wrote 2442 bytes of Json data to 2022-04-22-212254_asg_taewa_3extra_scaling_3_5.json
fortio exit code: 0
[2022-04-22T21:23:54]==============================[STATS]
jh CPU load avg:
0.01 0.03 0.05 1/164 1167
i-04e6615298fa04d06
InService
Healthy
{}
[2022-04-22T21:23:54]==============================[SCALING RUN 3: CHUNK 6]==============================
21:23:54 I logger.go:127> Log level is now 4 Error (was 2 Info)
Fortio 1.19.0 running at -1 queries per second, 2->2 procs, for 1m0s: http://asg-1-lb-1755022826.us-east-1.elb.amazonaws.com:3000/?n=80000
Aggregated Function Time : count 35069 avg 0.017110861 +/- 0.005454 min 0.002870134 max 0.066446722 sum 600.060784
# target 50% 0.0159937
# target 75% 0.0190289
# target 90% 0.0265278
# target 99% 0.0384994
# target 99.9% 0.0399492
Sockets used: 15 (for perfect keepalive, would be 10)
Jitter: false
Code 200 : 35069 (100.0 %)
All done 35069 calls (plus 10 warmup) 17.111 ms avg, 584.3 qps
Successfully wrote 2560 bytes of Json data to 2022-04-22-212354_asg_taewa_3extra_scaling_3_6.json
fortio exit code: 0
[2022-04-22T21:24:54]==============================[STATS]
jh CPU load avg:
0.00 0.02 0.04 1/164 1186
i-04c6d3033e1d831d0
InService
Healthy
{}
i-04e6615298fa04d06
InService
Healthy
{}
[2022-04-22T21:24:55]==============================[SCALING RUN 3: CHUNK 7]==============================
21:24:55 I logger.go:127> Log level is now 4 Error (was 2 Info)
Fortio 1.19.0 running at -1 queries per second, 2->2 procs, for 1m0s: http://asg-1-lb-1755022826.us-east-1.elb.amazonaws.com:3000/?n=80000
Aggregated Function Time : count 70059 avg 0.0085644433 +/- 0.003119 min 0.00260638 max 0.053598327 sum 600.01633
# target 50% 0.00766789
# target 75% 0.010733
# target 90% 0.0163345
# target 99% 0.0196953
# target 99.9% 0.0255605
Sockets used: 10 (for perfect keepalive, would be 10)
Jitter: false
Code 200 : 70059 (100.0 %)
All done 70059 calls (plus 10 warmup) 8.564 ms avg, 1167.5 qps
Successfully wrote 2443 bytes of Json data to 2022-04-22-212455_asg_taewa_3extra_scaling_3_7.json
fortio exit code: 0
[2022-04-22T21:25:55]==============================[STATS]
jh CPU load avg:
0.00 0.02 0.04 1/163 1205
i-04c6d3033e1d831d0
InService
Healthy
{}
i-04e6615298fa04d06
InService
Healthy
{}
[2022-04-22T21:25:56]==============================[SCALING RUN 3: CHUNK 8]==============================
21:25:56 I logger.go:127> Log level is now 4 Error (was 2 Info)
Fortio 1.19.0 running at -1 queries per second, 2->2 procs, for 1m0s: http://asg-1-lb-1755022826.us-east-1.elb.amazonaws.com:3000/?n=80000
Aggregated Function Time : count 69946 avg 0.0085781692 +/- 0.003362 min 0.002646409 max 0.230549283 sum 600.008626
# target 50% 0.00767662
# target 75% 0.0107198
# target 90% 0.0163835
# target 99% 0.0197817
# target 99.9% 0.0304465
Sockets used: 10 (for perfect keepalive, would be 10)
Jitter: false
Code 200 : 69946 (100.0 %)
All done 69946 calls (plus 10 warmup) 8.578 ms avg, 1165.5 qps
Successfully wrote 2564 bytes of Json data to 2022-04-22-212556_asg_taewa_3extra_scaling_3_8.json
fortio exit code: 0
[2022-04-22T21:26:56]==============================[STATS]
jh CPU load avg:
0.00 0.01 0.03 1/163 1223
i-04c6d3033e1d831d0
InService
Healthy
{}
i-04e6615298fa04d06
InService
Healthy
{}
[2022-04-22T21:26:56]==============================[SCALING RUN 3: CHUNK 9]==============================
21:26:56 I logger.go:127> Log level is now 4 Error (was 2 Info)
Fortio 1.19.0 running at -1 queries per second, 2->2 procs, for 1m0s: http://asg-1-lb-1755022826.us-east-1.elb.amazonaws.com:3000/?n=80000
Aggregated Function Time : count 70669 avg 0.0084903678 +/- 0.003021 min 0.002658834 max 0.037029667 sum 600.005804
# target 50% 0.00766123
# target 75% 0.0106124
# target 90% 0.0162683
# target 99% 0.0196619
# target 99.9% 0.0203283
Sockets used: 10 (for perfect keepalive, would be 10)
Jitter: false
Code 200 : 70669 (100.0 %)
All done 70669 calls (plus 10 warmup) 8.490 ms avg, 1177.7 qps
Successfully wrote 2204 bytes of Json data to 2022-04-22-212656_asg_taewa_3extra_scaling_3_9.json
fortio exit code: 0
[2022-04-22T21:27:56]==============================[STATS]
jh CPU load avg:
0.18 0.05 0.04 1/163 1240
i-04c6d3033e1d831d0
InService
Healthy
{}
i-04e6615298fa04d06
InService
Healthy
{}
[2022-04-22T21:27:57]==============================[SCALING RUN 3: CHUNK 10]==============================
21:27:57 I logger.go:127> Log level is now 4 Error (was 2 Info)
Fortio 1.19.0 running at -1 queries per second, 2->2 procs, for 1m0s: http://asg-1-lb-1755022826.us-east-1.elb.amazonaws.com:3000/?n=80000
Aggregated Function Time : count 69995 avg 0.0085721089 +/- 0.003169 min 0.0026872 max 0.043034689 sum 600.004763
# target 50% 0.00770558
# target 75% 0.0107971
# target 90% 0.016383
# target 99% 0.0197345
# target 99.9% 0.0284519
Sockets used: 10 (for perfect keepalive, would be 10)
Jitter: false
Code 200 : 69995 (100.0 %)
All done 69995 calls (plus 10 warmup) 8.572 ms avg, 1166.4 qps
Successfully wrote 2323 bytes of Json data to 2022-04-22-212757_asg_taewa_3extra_scaling_3_10.json
fortio exit code: 0
[2022-04-22T21:28:57]==============================[STATS]
jh CPU load avg:
0.14 0.07 0.05 1/162 1257
i-04c6d3033e1d831d0
InService
Healthy
{}
i-04e6615298fa04d06
InService
Healthy
{}
[2022-04-22T21:28:58]==============================[SCALING RUN 3: CHUNK 11]==============================
21:28:58 I logger.go:127> Log level is now 4 Error (was 2 Info)
Fortio 1.19.0 running at -1 queries per second, 2->2 procs, for 1m0s: http://asg-1-lb-1755022826.us-east-1.elb.amazonaws.com:3000/?n=80000
Aggregated Function Time : count 70501 avg 0.0085106478 +/- 0.003073 min 0.002685311 max 0.047560141 sum 600.009181
# target 50% 0.00766954
# target 75% 0.0106126
# target 90% 0.0162772
# target 99% 0.0196759
# target 99.9% 0.023831
Sockets used: 10 (for perfect keepalive, would be 10)
Jitter: false
Code 200 : 70501 (100.0 %)
All done 70501 calls (plus 10 warmup) 8.511 ms avg, 1174.9 qps
Successfully wrote 2324 bytes of Json data to 2022-04-22-212858_asg_taewa_3extra_scaling_3_11.json
fortio exit code: 0
[2022-04-22T21:29:59]==============================[STATS]
jh CPU load avg:
0.08 0.07 0.05 1/163 1276
i-04c6d3033e1d831d0
InService
Healthy
{}
i-04e6615298fa04d06
InService
Healthy
{}
[2022-04-22T21:29:59]==============================[SCALING RUN 3: CHUNK 12]==============================
21:29:59 I logger.go:127> Log level is now 4 Error (was 2 Info)
Fortio 1.19.0 running at -1 queries per second, 2->2 procs, for 1m0s: http://asg-1-lb-1755022826.us-east-1.elb.amazonaws.com:3000/?n=80000
Aggregated Function Time : count 70282 avg 0.0085370897 +/- 0.003203 min 0.002668234 max 0.218715654 sum 600.003737
# target 50% 0.00768935
# target 75% 0.0107428
# target 90% 0.0163385
# target 99% 0.019696
# target 99.9% 0.0256874
Sockets used: 10 (for perfect keepalive, would be 10)
Jitter: false
Code 200 : 70282 (100.0 %)
All done 70282 calls (plus 10 warmup) 8.537 ms avg, 1171.2 qps
Successfully wrote 2561 bytes of Json data to 2022-04-22-212959_asg_taewa_3extra_scaling_3_12.json
fortio exit code: 0
[2022-04-22T21:30:59]==============================[STATS]
jh CPU load avg:
0.15 0.10 0.06 1/164 1298
i-02817c831d0ae9c68
InService
Healthy
{}
i-04c6d3033e1d831d0
InService
Healthy
{}
i-04e6615298fa04d06
InService
Healthy
{}
[2022-04-22T21:31:00]==============================[SCALING RUN 3: CHUNK 13]==============================
21:31:00 I logger.go:127> Log level is now 4 Error (was 2 Info)
Fortio 1.19.0 running at -1 queries per second, 2->2 procs, for 1m0s: http://asg-1-lb-1755022826.us-east-1.elb.amazonaws.com:3000/?n=80000
Aggregated Function Time : count 103240 avg 0.0058115766 +/- 0.002973 min 0.002705963 max 0.043259228 sum 599.987167
# target 50% 0.0067354
# target 75% 0.00875016
# target 90% 0.00995902
# target 99% 0.0190034
# target 99.9% 0.0199576
Sockets used: 10 (for perfect keepalive, would be 10)
Jitter: false
Code 200 : 103240 (100.0 %)
All done 103240 calls (plus 10 warmup) 5.812 ms avg, 1720.4 qps
Successfully wrote 2331 bytes of Json data to 2022-04-22-213100_asg_taewa_3extra_scaling_3_13.json
fortio exit code: 0
[2022-04-22T21:32:00]==============================[STATS]
jh CPU load avg:
0.05 0.08 0.05 1/164 1314
i-02817c831d0ae9c68
InService
Healthy
{}
i-04c6d3033e1d831d0
InService
Healthy
{}
i-04e6615298fa04d06
InService
Healthy
{}
[2022-04-22T21:32:00]==============================[SCALING RUN 3: CHUNK 14]==============================
21:32:00 I logger.go:127> Log level is now 4 Error (was 2 Info)
Fortio 1.19.0 running at -1 queries per second, 2->2 procs, for 1m0s: http://asg-1-lb-1755022826.us-east-1.elb.amazonaws.com:3000/?n=80000
Aggregated Function Time : count 104251 avg 0.0057552134 +/- 0.002928 min 0.002659784 max 0.02680673 sum 599.986753
# target 50% 0.00670287
# target 75% 0.00872445
# target 90% 0.0099374
# target 99% 0.0189384
# target 99.9% 0.0199164
Sockets used: 10 (for perfect keepalive, would be 10)
Jitter: false
Code 200 : 104251 (100.0 %)
All done 104251 calls (plus 10 warmup) 5.755 ms avg, 1737.2 qps
Successfully wrote 2094 bytes of Json data to 2022-04-22-213201_asg_taewa_3extra_scaling_3_14.json
fortio exit code: 0
[2022-04-22T21:33:01]==============================[STATS]
jh CPU load avg:
0.06 0.08 0.05 1/164 1331
i-02817c831d0ae9c68
InService
Healthy
{}
i-04c6d3033e1d831d0
InService
Healthy
{}
i-04e6615298fa04d06
InService
Healthy
{}
[2022-04-22T21:37:02]==============================[GET DATA]==============================
2022-04-22T19:57:23..2022-04-22T21:37:02
asg-1-myASG
asg-1-lb
32K alb_data.json
20K asg_data.json
[2022-04-22T21:37:03]==============================[UPLOAD /2022.04.22_19-56_asg_taewa_3extra_41cf]==============================
Warning: Permanently added '34.125.40.213' (ECDSA) to the list of known hosts.
