+ git log -3
commit 41cf33201aead23cba1f1e121e9d87237bf6cc23
Author: Your Name <you@example.com>
Date:   Tue Mar 29 08:52:16 2022 +1300

    more logging

commit 0c47b221b750550e4a95f529bba3d75a205557ea
Author: Your Name <you@example.com>
Date:   Sun Mar 27 08:46:05 2022 +1300

    adjust Taewa lite and add Tewa extra tests

commit 865b4d5a55b8bf5cca7934deda9a241b9cbff638
Author: Your Name <you@example.com>
Date:   Sat Mar 26 21:35:59 2022 +1300

    reduce apache2 deployment requests
++ cut -d _ -f 2
+ app=apache
+ export AWS_DEFAULT_REGION=us-east-1
+ AWS_DEFAULT_REGION=us-east-1
+ line===============================
++ date +%FT%T
+ echo '[2022-04-16T01:02:51]==============================[starting' in '/tmp/k8s-vs-ASG/data/cli]=============================='
[2022-04-16T01:02:51]==============================[starting in /tmp/k8s-vs-ASG/data/cli]==============================
+ source 0.setup.sh
++ set -x
++ '[' asg_apache_3 == k8s_apache_3 ']'
++ '[' asg_apache_3 == asg_apache_3 ']'
++ warmup_url=80/test.html
++ testing_url=80/test.html
++ cpu_perc=70
++ warmup_min_threads=60
++ warmup_max_threads=70
++ warmup_cycle_sec=130
++ scaling_minutes=14
++ performance_sec=300
++ max_capacity=3
++ fortio_options='-a -qps -1 -r 0.01 -loglevel Error -allow-initial-errors'
++ '[' asg_apache_3 == k8s_apache2_3 ']'
++ '[' asg_apache_3 == k8s_taewa_3 ']'
++ '[' asg_apache_3 == asg_taewa_3 ']'
++ '[' asg_apache_3 == k8s_taewa_3lite ']'
++ '[' asg_apache_3 == asg_taewa_3lite ']'
++ '[' asg_apache_3 == k8s_taewa_3extra ']'
++ '[' asg_apache_3 == asg_taewa_3extra ']'
++ '[' asg_apache_3 == k8s_taewa_6 ']'
++ '[' asg_apache_3 == asg_taewa_6 ']'
++ '[' asg_apache_3 == k8s_riwai_3 ']'
++ '[' asg_apache_3 == asg_riwai_3 ']'
++ '[' asg_apache_3 == asg_raupi_3 ']'
++ '[' asg_apache_3 == k8s_raupi_3 ']'
++ set +x
{
    "Account": "445967158734", 
    "UserId": "AIDAWPVNWZXHIHPQSUAY6", 
    "Arn": "arn:aws:iam::445967158734:user/ad"
}
[2022-04-16T01:02:55] waiting for instances ...
scaling to 3
{
    "HealthCheck": {
        "HealthyThreshold": 2, 
        "Interval": 10, 
        "Target": "HTTP:80/test.html", 
        "Timeout": 5, 
        "UnhealthyThreshold": 6
    }
}
  % Total    % Received % Xferd  Average Speed   Time    Time     Time  Current
                                 Dload  Upload   Total   Spent    Left  Speed
  0     0    0     0    0     0      0      0 --:--:-- --:--:-- --:--:--     0100    45  100    45    0     0   8358      0 --:--:-- --:--:-- --:--:--  9000
<html><body><h1>ASGworks1</h1></body></html>

[2022-04-16T01:07:59]==============================[STATS]
jh CPU load avg:
0.00 0.13 0.08 1/162 2886
i-07979dfbe0ac4437b
InService
Healthy
{}
i-08773d2e822a6fe46
InService
Healthy
{}
i-0ebe480bdfcccaa30
InService
Healthy
{}
[2022-04-16T01:08:00]==============================[WARMUP RUN c60]==============================
01:08:00 I logger.go:127> Log level is now 4 Error (was 2 Info)
Fortio 1.19.0 running at -1 queries per second, 2->2 procs, for 2m10s: http://asg-1-lb-511506984.us-east-1.elb.amazonaws.com:80/test.html
01:09:42 E http_client.go:787> Read error &{{0xc000b93780}} 3.92.100.227:80 0 : read tcp 172.31.83.211:38844->3.92.100.227:80: read: connection reset by peer
01:09:42 E http_client.go:671> Unable to connect to 3.92.100.227:80 : dial tcp 3.92.100.227:80: connect: connection refused
Aggregated Function Time : count 6241850 avg 0.0012493169 +/- 0.0008271 min 0.000412316 max 1.016134604 sum 7798.04854
# target 50% 0.00520681
# target 75% 0.00760406
# target 90% 0.00904241
# target 99% 0.00990542
# target 99.9% 0.00999172
Sockets used: 61843 (for perfect keepalive, would be 60)
Jitter: false
Code  -1 : 2 (0.0 %)
Code 200 : 6241848 (100.0 %)
All done 6241850 calls (plus 60 warmup) 1.249 ms avg, 48013.8 qps
Successfully wrote 2840 bytes of Json data to 2022-04-16-010806_asg_apache_3_warmup_60.json
fortio exit code: 0
[2022-04-16T01:10:16]==============================[STATS]
jh CPU load avg:
1.37 0.65 0.29 1/165 2933
i-07979dfbe0ac4437b
InService
Healthy
{}
i-08773d2e822a6fe46
InService
Healthy
{}
i-0ebe480bdfcccaa30
InService
Healthy
{}
[2022-04-16T01:11:16]==============================[STATS]
jh CPU load avg:
0.50 0.53 0.27 1/165 2946
i-07979dfbe0ac4437b
InService
Healthy
{}
i-08773d2e822a6fe46
InService
Healthy
{}
i-0ebe480bdfcccaa30
InService
Healthy
{}
[2022-04-16T01:11:17]==============================[WARMUP RUN c61]==============================
01:11:17 I logger.go:127> Log level is now 4 Error (was 2 Info)
Fortio 1.19.0 running at -1 queries per second, 2->2 procs, for 2m10s: http://asg-1-lb-511506984.us-east-1.elb.amazonaws.com:80/test.html
Aggregated Function Time : count 6718364 avg 0.001180032 +/- 0.01458 min 0.00049571 max 15.474592852 sum 7927.88474
# target 50% 0.005249
# target 75% 0.00762565
# target 90% 0.00905163
# target 99% 0.00990723
# target 99.9% 0.00999279
Sockets used: 66548 (for perfect keepalive, would be 61)
Jitter: false
Code 200 : 6718364 (100.0 %)
All done 6718364 calls (plus 61 warmup) 1.180 ms avg, 51679.2 qps
Successfully wrote 3297 bytes of Json data to 2022-04-16-011122_asg_apache_3_warmup_61.json
fortio exit code: 0
[2022-04-16T01:13:32]==============================[STATS]
jh CPU load avg:
1.29 0.85 0.42 1/163 2966
i-07979dfbe0ac4437b
InService
Healthy
{}
i-08773d2e822a6fe46
InService
Healthy
{}
i-0ebe480bdfcccaa30
InService
Healthy
{}
[2022-04-16T01:14:33]==============================[STATS]
jh CPU load avg:
0.47 0.69 0.39 1/163 2976
i-07979dfbe0ac4437b
InService
Healthy
{}
i-08773d2e822a6fe46
InService
Healthy
{}
i-0ebe480bdfcccaa30
InService
Healthy
{}
[2022-04-16T01:14:34]==============================[WARMUP RUN c62]==============================
01:14:34 I logger.go:127> Log level is now 4 Error (was 2 Info)
Fortio 1.19.0 running at -1 queries per second, 2->2 procs, for 2m10s: http://asg-1-lb-511506984.us-east-1.elb.amazonaws.com:80/test.html
Aggregated Function Time : count 6754162 avg 0.0011930278 +/- 0.001305 min 0.000495248 max 1.028116628 sum 8057.90271
# target 50% 0.00524878
# target 75% 0.00762555
# target 90% 0.00905161
# target 99% 0.00990724
# target 99.9% 0.00999281
Sockets used: 66902 (for perfect keepalive, would be 62)
Jitter: false
Code 200 : 6754162 (100.0 %)
All done 6754162 calls (plus 62 warmup) 1.193 ms avg, 51954.6 qps
Successfully wrote 3199 bytes of Json data to 2022-04-16-011438_asg_apache_3_warmup_62.json
fortio exit code: 0
[2022-04-16T01:16:48]==============================[STATS]
jh CPU load avg:
1.61 1.05 0.57 1/162 2996
i-07979dfbe0ac4437b
InService
Healthy
{}
i-08773d2e822a6fe46
InService
Healthy
{}
i-0ebe480bdfcccaa30
InService
Healthy
{}
[2022-04-16T01:17:49]==============================[STATS]
jh CPU load avg:
0.59 0.85 0.53 1/162 3005
i-07979dfbe0ac4437b
InService
Healthy
{}
i-08773d2e822a6fe46
InService
Healthy
{}
i-0ebe480bdfcccaa30
InService
Healthy
{}
[2022-04-16T01:17:50]==============================[WARMUP RUN c63]==============================
01:17:50 I logger.go:127> Log level is now 4 Error (was 2 Info)
Fortio 1.19.0 running at -1 queries per second, 2->2 procs, for 2m10s: http://asg-1-lb-511506984.us-east-1.elb.amazonaws.com:80/test.html
Aggregated Function Time : count 6727816 avg 0.001217024 +/- 0.0009385 min 0.000510301 max 0.212947403 sum 8187.91324
# target 50% 0.00525699
# target 75% 0.00763033
# target 90% 0.00905434
# target 99% 0.00990875
# target 99.9% 0.00999419
Sockets used: 66645 (for perfect keepalive, would be 63)
Jitter: false
Code 200 : 6727816 (100.0 %)
All done 6727816 calls (plus 63 warmup) 1.217 ms avg, 51751.7 qps
Successfully wrote 3083 bytes of Json data to 2022-04-16-011755_asg_apache_3_warmup_63.json
fortio exit code: 0
[2022-04-16T01:20:05]==============================[STATS]
jh CPU load avg:
1.38 1.08 0.66 1/165 3034
i-07979dfbe0ac4437b
InService
Healthy
{}
i-08773d2e822a6fe46
InService
Healthy
{}
i-0ebe480bdfcccaa30
InService
Healthy
{}
[2022-04-16T01:21:05]==============================[STATS]
jh CPU load avg:
0.50 0.88 0.62 1/165 3043
i-07979dfbe0ac4437b
InService
Healthy
{}
i-08773d2e822a6fe46
InService
Healthy
{}
i-0ebe480bdfcccaa30
InService
Healthy
{}
[2022-04-16T01:21:06]==============================[WARMUP RUN c64]==============================
01:21:06 I logger.go:127> Log level is now 4 Error (was 2 Info)
Fortio 1.19.0 running at -1 queries per second, 2->2 procs, for 2m10s: http://asg-1-lb-511506984.us-east-1.elb.amazonaws.com:80/test.html
Aggregated Function Time : count 6781482 avg 0.0012265601 +/- 0.001101 min 0.000484514 max 1.021792283 sum 8317.89507
# target 50% 0.00524305
# target 75% 0.00762233
# target 90% 0.00904989
# target 99% 0.00990643
# target 99.9% 0.00999208
Sockets used: 67175 (for perfect keepalive, would be 64)
Jitter: false
Code 200 : 6781482 (100.0 %)
All done 6781482 calls (plus 64 warmup) 1.227 ms avg, 52164.7 qps
Successfully wrote 2720 bytes of Json data to 2022-04-16-012111_asg_apache_3_warmup_64.json
fortio exit code: 0
[2022-04-16T01:23:21]==============================[STATS]
jh CPU load avg:
1.50 1.14 0.75 1/164 3063
i-07979dfbe0ac4437b
InService
Healthy
{}
i-08773d2e822a6fe46
InService
Healthy
{}
i-0ebe480bdfcccaa30
InService
Healthy
{}
[2022-04-16T01:24:22]==============================[STATS]
jh CPU load avg:
0.53 0.93 0.70 1/165 3073
i-07979dfbe0ac4437b
InService
Healthy
{}
i-08773d2e822a6fe46
InService
Healthy
{}
i-0ebe480bdfcccaa30
InService
Healthy
{}
[2022-04-16T01:24:22]==============================[WARMUP RUN c65]==============================
01:24:22 I logger.go:127> Log level is now 4 Error (was 2 Info)
Fortio 1.19.0 running at -1 queries per second, 2->2 procs, for 2m10s: http://asg-1-lb-511506984.us-east-1.elb.amazonaws.com:80/test.html
Aggregated Function Time : count 6597909 avg 0.0012803835 +/- 0.001826 min 0.000580529 max 1.015451675 sum 8447.85386
# target 50% 0.00530338
# target 75% 0.00766481
# target 90% 0.00908166
# target 99% 0.00993178
# target 99.9% 0.0170187
Sockets used: 65379 (for perfect keepalive, would be 65)
Jitter: false
Code 200 : 6597909 (100.0 %)
All done 6597909 calls (plus 65 warmup) 1.280 ms avg, 50752.4 qps
Successfully wrote 2962 bytes of Json data to 2022-04-16-012428_asg_apache_3_warmup_65.json
fortio exit code: 0
[2022-04-16T01:26:38]==============================[STATS]
jh CPU load avg:
1.53 1.16 0.82 1/163 3143
i-07979dfbe0ac4437b
InService
Healthy
{}
i-08773d2e822a6fe46
InService
Healthy
{}
i-0ebe480bdfcccaa30
InService
Healthy
{}
[2022-04-16T01:27:38]==============================[STATS]
jh CPU load avg:
0.56 0.95 0.77 1/163 3152
i-07979dfbe0ac4437b
InService
Healthy
{}
i-08773d2e822a6fe46
InService
Healthy
{}
i-0ebe480bdfcccaa30
InService
Healthy
{}
[2022-04-16T01:27:39]==============================[WARMUP RUN c66]==============================
01:27:39 I logger.go:127> Log level is now 4 Error (was 2 Info)
Fortio 1.19.0 running at -1 queries per second, 2->2 procs, for 2m10s: http://asg-1-lb-511506984.us-east-1.elb.amazonaws.com:80/test.html
Aggregated Function Time : count 6799914 avg 0.001261455 +/- 0.001569 min 0.00057443 max 1.025284873 sum 8577.78546
# target 50% 0.00529853
# target 75% 0.00766058
# target 90% 0.0090778
# target 99% 0.00992814
# target 99.9% 0.0165677
Sockets used: 67358 (for perfect keepalive, would be 66)
Jitter: false
Code 200 : 6799914 (100.0 %)
All done 6799914 calls (plus 66 warmup) 1.261 ms avg, 52306.4 qps
Successfully wrote 3191 bytes of Json data to 2022-04-16-012743_asg_apache_3_warmup_66.json
fortio exit code: 0
[2022-04-16T01:29:53]==============================[STATS]
jh CPU load avg:
1.47 1.17 0.88 1/163 3172
i-07979dfbe0ac4437b
InService
Healthy
{}
i-08773d2e822a6fe46
InService
Healthy
{}
i-0ebe480bdfcccaa30
InService
Healthy
{}
[2022-04-16T01:30:54]==============================[STATS]
jh CPU load avg:
0.54 0.95 0.82 1/163 3186
i-07979dfbe0ac4437b
InService
Healthy
{}
i-08773d2e822a6fe46
InService
Healthy
{}
i-0ebe480bdfcccaa30
InService
Healthy
{}
[2022-04-16T01:30:55]==============================[WARMUP RUN c67]==============================
01:30:55 I logger.go:127> Log level is now 4 Error (was 2 Info)
Fortio 1.19.0 running at -1 queries per second, 2->2 procs, for 2m10s: http://asg-1-lb-511506984.us-east-1.elb.amazonaws.com:80/test.html
Aggregated Function Time : count 6846961 avg 0.0012717186 +/- 0.001792 min 0.000588401 max 1.032908418 sum 8707.40791
# target 50% 0.00530541
# target 75% 0.00766392
# target 90% 0.00907902
# target 99% 0.00992808
# target 99.9% 0.0164613
Sockets used: 67848 (for perfect keepalive, would be 67)
Jitter: false
Code 200 : 6846961 (100.0 %)
All done 6846961 calls (plus 67 warmup) 1.272 ms avg, 52661.0 qps
Successfully wrote 3080 bytes of Json data to 2022-04-16-013101_asg_apache_3_warmup_67.json
fortio exit code: 0
[2022-04-16T01:33:11]==============================[STATS]
jh CPU load avg:
1.45 1.11 0.89 1/163 3205
i-07979dfbe0ac4437b
InService
Healthy
{}
i-08773d2e822a6fe46
InService
Healthy
{}
i-0ebe480bdfcccaa30
InService
Healthy
{}
[2022-04-16T01:34:12]==============================[STATS]
jh CPU load avg:
0.52 0.90 0.83 1/163 3214
i-07979dfbe0ac4437b
InService
Healthy
{}
i-08773d2e822a6fe46
InService
Healthy
{}
i-0ebe480bdfcccaa30
InService
Healthy
{}
[2022-04-16T01:34:13]==============================[WARMUP RUN c68]==============================
01:34:13 I logger.go:127> Log level is now 4 Error (was 2 Info)
Fortio 1.19.0 running at -1 queries per second, 2->2 procs, for 2m10s: http://asg-1-lb-511506984.us-east-1.elb.amazonaws.com:80/test.html
Aggregated Function Time : count 8488285 avg 0.0010411106 +/- 0.001396 min 0.000511128 max 3.043329544 sum 8837.24345
# target 50% 0.00525578
# target 75% 0.00762811
# target 90% 0.00905151
# target 99% 0.00990555
# target 99.9% 0.00999095
Sockets used: 84097 (for perfect keepalive, would be 68)
Jitter: false
Code 200 : 8488285 (100.0 %)
All done 8488285 calls (plus 68 warmup) 1.041 ms avg, 65293.8 qps
Successfully wrote 2834 bytes of Json data to 2022-04-16-013419_asg_apache_3_warmup_68.json
fortio exit code: 0
[2022-04-16T01:36:29]==============================[STATS]
jh CPU load avg:
1.68 1.25 0.98 1/163 3237
i-07979dfbe0ac4437b
InService
Healthy
{}
i-08773d2e822a6fe46
InService
Healthy
{}
i-0ebe480bdfcccaa30
InService
Healthy
{}
[2022-04-16T01:37:29]==============================[STATS]
jh CPU load avg:
0.61 1.02 0.91 1/163 3246
i-07979dfbe0ac4437b
InService
Healthy
{}
i-08773d2e822a6fe46
InService
Healthy
{}
i-0ebe480bdfcccaa30
InService
Healthy
{}
[2022-04-16T01:37:30]==============================[WARMUP RUN c69]==============================
01:37:30 I logger.go:127> Log level is now 4 Error (was 2 Info)
Fortio 1.19.0 running at -1 queries per second, 2->2 procs, for 2m10s: http://asg-1-lb-511506984.us-east-1.elb.amazonaws.com:80/test.html
Aggregated Function Time : count 8448679 avg 0.0010613798 +/- 0.0009631 min 0.000508113 max 1.008863562 sum 8967.25759
# target 50% 0.00525503
# target 75% 0.00762849
# target 90% 0.00905256
# target 99% 0.00990701
# target 99.9% 0.00999245
Sockets used: 83684 (for perfect keepalive, would be 69)
Jitter: false
Code 200 : 8448679 (100.0 %)
All done 8448679 calls (plus 69 warmup) 1.061 ms avg, 64989.0 qps
Successfully wrote 2833 bytes of Json data to 2022-04-16-013734_asg_apache_3_warmup_69.json
fortio exit code: 0
[2022-04-16T01:39:44]==============================[STATS]
jh CPU load avg:
1.58 1.27 1.02 1/162 3266
i-07979dfbe0ac4437b
InService
Healthy
{}
i-08773d2e822a6fe46
InService
Healthy
{}
i-0ebe480bdfcccaa30
InService
Healthy
{}
[2022-04-16T01:40:45]==============================[STATS]
jh CPU load avg:
0.58 1.03 0.96 1/164 3282
i-07979dfbe0ac4437b
InService
Healthy
{}
i-08773d2e822a6fe46
InService
Healthy
{}
i-0ebe480bdfcccaa30
InService
Healthy
{}
[2022-04-16T01:40:46]==============================[WARMUP RUN c70]==============================
01:40:46 I logger.go:127> Log level is now 4 Error (was 2 Info)
Fortio 1.19.0 running at -1 queries per second, 2->2 procs, for 2m10s: http://asg-1-lb-511506984.us-east-1.elb.amazonaws.com:80/test.html
Aggregated Function Time : count 8524886 avg 0.0010671393 +/- 0.000984 min 0.00051491 max 1.019837811 sum 9097.24063
# target 50% 0.00525828
# target 75% 0.00762997
# target 90% 0.00905298
# target 99% 0.00990679
# target 99.9% 0.00999217
Sockets used: 84460 (for perfect keepalive, would be 70)
Jitter: false
Code 200 : 8524886 (100.0 %)
All done 8524886 calls (plus 70 warmup) 1.067 ms avg, 65575.1 qps
Successfully wrote 2960 bytes of Json data to 2022-04-16-014052_asg_apache_3_warmup_70.json
fortio exit code: 0
[2022-04-16T01:43:02]==============================[STATS]
jh CPU load avg:
1.58 1.24 1.04 1/164 3303
i-07979dfbe0ac4437b
InService
Healthy
{}
i-08773d2e822a6fe46
InService
Healthy
{}
i-0ebe480bdfcccaa30
InService
Healthy
{}
{
    "LoadBalancerDescriptions": [
        {
            "Subnets": [
                "subnet-0a1dbb5045b1d563b", 
                "subnet-0d61a803efc1a64af"
            ], 
            "CanonicalHostedZoneNameID": "Z35SXDOTRQ7X7K", 
            "CanonicalHostedZoneName": "asg-1-lb-511506984.us-east-1.elb.amazonaws.com", 
            "ListenerDescriptions": [
                {
                    "Listener": {
                        "InstancePort": 3000, 
                        "LoadBalancerPort": 3000, 
                        "Protocol": "TCP", 
                        "InstanceProtocol": "TCP"
                    }, 
                    "PolicyNames": []
                }, 
                {
                    "Listener": {
                        "InstancePort": 80, 
                        "LoadBalancerPort": 80, 
                        "Protocol": "TCP", 
                        "InstanceProtocol": "TCP"
                    }, 
                    "PolicyNames": []
                }
            ], 
            "HealthCheck": {
                "HealthyThreshold": 2, 
                "Interval": 10, 
                "Target": "HTTP:80/test.html", 
                "Timeout": 5, 
                "UnhealthyThreshold": 6
            }, 
            "VPCId": "vpc-091b5f140f98406b2", 
            "BackendServerDescriptions": [], 
            "Instances": [
                {
                    "InstanceId": "i-07979dfbe0ac4437b"
                }, 
                {
                    "InstanceId": "i-0ebe480bdfcccaa30"
                }, 
                {
                    "InstanceId": "i-08773d2e822a6fe46"
                }
            ], 
            "DNSName": "asg-1-lb-511506984.us-east-1.elb.amazonaws.com", 
            "SecurityGroups": [
                "sg-0e5772457b0296262"
            ], 
            "Policies": {
                "LBCookieStickinessPolicies": [], 
                "AppCookieStickinessPolicies": [], 
                "OtherPolicies": []
            }, 
            "LoadBalancerName": "asg-1-lb", 
            "CreatedTime": "2022-04-16T00:59:09.220Z", 
            "AvailabilityZones": [
                "us-east-1b", 
                "us-east-1a"
            ], 
            "Scheme": "internet-facing", 
            "SourceSecurityGroup": {
                "OwnerAlias": "445967158734", 
                "GroupName": "asg-1-ALBSecurityGroup-1OQY5V5A1D8R8"
            }
        }
    ]
}
{
    "AutoScalingGroups": [
        {
            "AutoScalingGroupARN": "arn:aws:autoscaling:us-east-1:445967158734:autoScalingGroup:207235a0-2228-4dbb-91c7-8663487df630:autoScalingGroupName/asg-1-myASG", 
            "ServiceLinkedRoleARN": "arn:aws:iam::445967158734:role/aws-service-role/autoscaling.amazonaws.com/AWSServiceRoleForAutoScaling", 
            "TargetGroupARNs": [], 
            "SuspendedProcesses": [], 
            "LaunchTemplate": {
                "LaunchTemplateName": "asg-1-launch-template", 
                "Version": "1", 
                "LaunchTemplateId": "lt-05118f31b252f50f6"
            }, 
            "Tags": [
                {
                    "ResourceType": "auto-scaling-group", 
                    "ResourceId": "asg-1-myASG", 
                    "PropagateAtLaunch": true, 
                    "Value": "asg-1-instance", 
                    "Key": "Name"
                }, 
                {
                    "ResourceType": "auto-scaling-group", 
                    "ResourceId": "asg-1-myASG", 
                    "PropagateAtLaunch": false, 
                    "Value": "WebServerGroup", 
                    "Key": "Purpose"
                }, 
                {
                    "ResourceType": "auto-scaling-group", 
                    "ResourceId": "asg-1-myASG", 
                    "PropagateAtLaunch": true, 
                    "Value": "myASG", 
                    "Key": "aws:cloudformation:logical-id"
                }, 
                {
                    "ResourceType": "auto-scaling-group", 
                    "ResourceId": "asg-1-myASG", 
                    "PropagateAtLaunch": true, 
                    "Value": "arn:aws:cloudformation:us-east-1:445967158734:stack/asg-1/62957d50-bd20-11ec-b81d-0a2e1bee5c93", 
                    "Key": "aws:cloudformation:stack-id"
                }, 
                {
                    "ResourceType": "auto-scaling-group", 
                    "ResourceId": "asg-1-myASG", 
                    "PropagateAtLaunch": true, 
                    "Value": "asg-1", 
                    "Key": "aws:cloudformation:stack-name"
                }
            ], 
            "EnabledMetrics": [
                {
                    "Metric": "GroupDesiredCapacity", 
                    "Granularity": "1Minute"
                }, 
                {
                    "Metric": "WarmPoolPendingCapacity", 
                    "Granularity": "1Minute"
                }, 
                {
                    "Metric": "WarmPoolDesiredCapacity", 
                    "Granularity": "1Minute"
                }, 
                {
                    "Metric": "GroupPendingCapacity", 
                    "Granularity": "1Minute"
                }, 
                {
                    "Metric": "GroupMinSize", 
                    "Granularity": "1Minute"
                }, 
                {
                    "Metric": "GroupTotalCapacity", 
                    "Granularity": "1Minute"
                }, 
                {
                    "Metric": "GroupStandbyCapacity", 
                    "Granularity": "1Minute"
                }, 
                {
                    "Metric": "GroupTotalInstances", 
                    "Granularity": "1Minute"
                }, 
                {
                    "Metric": "GroupTerminatingInstances", 
                    "Granularity": "1Minute"
                }, 
                {
                    "Metric": "WarmPoolTerminatingCapacity", 
                    "Granularity": "1Minute"
                }, 
                {
                    "Metric": "WarmPoolWarmedCapacity", 
                    "Granularity": "1Minute"
                }, 
                {
                    "Metric": "WarmPoolTotalCapacity", 
                    "Granularity": "1Minute"
                }, 
                {
                    "Metric": "GroupInServiceInstances", 
                    "Granularity": "1Minute"
                }, 
                {
                    "Metric": "GroupAndWarmPoolDesiredCapacity", 
                    "Granularity": "1Minute"
                }, 
                {
                    "Metric": "GroupAndWarmPoolTotalCapacity", 
                    "Granularity": "1Minute"
                }, 
                {
                    "Metric": "GroupInServiceCapacity", 
                    "Granularity": "1Minute"
                }, 
                {
                    "Metric": "GroupMaxSize", 
                    "Granularity": "1Minute"
                }, 
                {
                    "Metric": "GroupTerminatingCapacity", 
                    "Granularity": "1Minute"
                }, 
                {
                    "Metric": "GroupPendingInstances", 
                    "Granularity": "1Minute"
                }, 
                {
                    "Metric": "WarmPoolMinSize", 
                    "Granularity": "1Minute"
                }, 
                {
                    "Metric": "GroupStandbyInstances", 
                    "Granularity": "1Minute"
                }
            ], 
            "TerminationPolicies": [
                "Default"
            ], 
            "AutoScalingGroupName": "asg-1-myASG", 
            "DefaultCooldown": 300, 
            "MinSize": 1, 
            "Instances": [
                {
                    "ProtectedFromScaleIn": false, 
                    "AvailabilityZone": "us-east-1a", 
                    "LaunchTemplate": {
                        "LaunchTemplateName": "asg-1-launch-template", 
                        "Version": "1", 
                        "LaunchTemplateId": "lt-05118f31b252f50f6"
                    }, 
                    "InstanceId": "i-07979dfbe0ac4437b", 
                    "HealthStatus": "Healthy", 
                    "LifecycleState": "InService", 
                    "InstanceType": "t3.medium"
                }, 
                {
                    "ProtectedFromScaleIn": false, 
                    "AvailabilityZone": "us-east-1b", 
                    "LaunchTemplate": {
                        "LaunchTemplateName": "asg-1-launch-template", 
                        "Version": "1", 
                        "LaunchTemplateId": "lt-05118f31b252f50f6"
                    }, 
                    "InstanceId": "i-08773d2e822a6fe46", 
                    "HealthStatus": "Healthy", 
                    "LifecycleState": "InService", 
                    "InstanceType": "t3.medium"
                }, 
                {
                    "ProtectedFromScaleIn": false, 
                    "AvailabilityZone": "us-east-1b", 
                    "LaunchTemplate": {
                        "LaunchTemplateName": "asg-1-launch-template", 
                        "Version": "1", 
                        "LaunchTemplateId": "lt-05118f31b252f50f6"
                    }, 
                    "InstanceId": "i-0ebe480bdfcccaa30", 
                    "HealthStatus": "Healthy", 
                    "LifecycleState": "InService", 
                    "InstanceType": "t3.medium"
                }
            ], 
            "MaxSize": 3, 
            "VPCZoneIdentifier": "subnet-0d61a803efc1a64af,subnet-0a1dbb5045b1d563b", 
            "HealthCheckGracePeriod": 300, 
            "LoadBalancerNames": [
                "asg-1-lb"
            ], 
            "CreatedTime": "2022-04-16T01:01:32.171Z", 
            "AvailabilityZones": [
                "us-east-1a", 
                "us-east-1b"
            ], 
            "HealthCheckType": "EC2", 
            "NewInstancesProtectedFromScaleIn": false, 
            "DesiredCapacity": 3
        }
    ]
}
[2022-04-16T01:44:07]==============================[PERFORMANCE CHUNK RUN 71]==============================
[2022-04-16T01:45:07]==============================[STATS]
jh CPU load avg:
0.21 0.82 0.91 1/164 3330
i-07979dfbe0ac4437b
InService
Healthy
{}
i-08773d2e822a6fe46
InService
Healthy
{}
i-0ebe480bdfcccaa30
InService
Healthy
{}
01:45:08 I logger.go:127> Log level is now 4 Error (was 2 Info)
Fortio 1.19.0 running at -1 queries per second, 2->2 procs, for 1m0s: http://asg-1-lb-511506984.us-east-1.elb.amazonaws.com:80/test.html
Aggregated Function Time : count 3952359 avg 0.0010623319 +/- 0.0007654 min 0.000513408 max 0.212574696 sum 4198.7169
# target 50% 0.00525764
# target 75% 0.00762976
# target 90% 0.00905303
# target 99% 0.00990699
# target 99.9% 0.00999238
Sockets used: 39181 (for perfect keepalive, would be 70)
Jitter: false
Code 200 : 3952359 (100.0 %)
All done 3952359 calls (plus 70 warmup) 1.062 ms avg, 65870.8 qps
Successfully wrote 2611 bytes of Json data to 2022-04-16-014514_asg_apache_3_performance_chunk_71_1.json
fortio exit code: 0
[2022-04-16T01:46:14]==============================[STATS]
jh CPU load avg:
1.19 1.00 0.96 1/163 3348
i-07979dfbe0ac4437b
InService
Healthy
{}
i-08773d2e822a6fe46
InService
Healthy
{}
i-0ebe480bdfcccaa30
InService
Healthy
{}
01:46:14 I logger.go:127> Log level is now 4 Error (was 2 Info)
Fortio 1.19.0 running at -1 queries per second, 2->2 procs, for 1m0s: http://asg-1-lb-511506984.us-east-1.elb.amazonaws.com:80/test.html
Aggregated Function Time : count 3986554 avg 0.0010532254 +/- 0.0009029 min 0.000509901 max 1.026279753 sum 4198.73975
# target 50% 0.00525513
# target 75% 0.00762774
# target 90% 0.00905131
# target 99% 0.00990545
# target 99.9% 0.00999087
Sockets used: 39501 (for perfect keepalive, would be 70)
Jitter: false
Code 200 : 3986554 (100.0 %)
All done 3986554 calls (plus 70 warmup) 1.053 ms avg, 66440.8 qps
Successfully wrote 2845 bytes of Json data to 2022-04-16-014614_asg_apache_3_performance_chunk_71_2.json
fortio exit code: 0
[2022-04-16T01:47:14]==============================[STATS]
jh CPU load avg:
1.49 1.12 1.01 1/163 3365
i-07979dfbe0ac4437b
InService
Healthy
{}
i-08773d2e822a6fe46
InService
Healthy
{}
i-0ebe480bdfcccaa30
InService
Healthy
{}
01:47:15 I logger.go:127> Log level is now 4 Error (was 2 Info)
Fortio 1.19.0 running at -1 queries per second, 2->2 procs, for 1m0s: http://asg-1-lb-511506984.us-east-1.elb.amazonaws.com:80/test.html
Aggregated Function Time : count 3932590 avg 0.0010676803 +/- 0.001401 min 0.000515453 max 1.021876445 sum 4198.74875
# target 50% 0.00525874
# target 75% 0.00763038
# target 90% 0.00905337
# target 99% 0.00990716
# target 99.9% 0.00999254
Sockets used: 38973 (for perfect keepalive, would be 70)
Jitter: false
Code 200 : 3932590 (100.0 %)
All done 3932590 calls (plus 70 warmup) 1.068 ms avg, 65541.5 qps
Successfully wrote 2849 bytes of Json data to 2022-04-16-014715_asg_apache_3_performance_chunk_71_3.json
fortio exit code: 0
[2022-04-16T01:48:15]==============================[STATS]
jh CPU load avg:
1.90 1.30 1.08 1/163 3432
i-07979dfbe0ac4437b
InService
Healthy
{}
i-08773d2e822a6fe46
InService
Healthy
{}
i-0ebe480bdfcccaa30
InService
Healthy
{}
01:48:16 I logger.go:127> Log level is now 4 Error (was 2 Info)
Fortio 1.19.0 running at -1 queries per second, 2->2 procs, for 1m0s: http://asg-1-lb-511506984.us-east-1.elb.amazonaws.com:80/test.html
Aggregated Function Time : count 3901713 avg 0.0010761275 +/- 0.01874 min 0.000548662 max 15.437768145 sum 4198.74052
# target 50% 0.00527457
# target 75% 0.00763753
# target 90% 0.0090553
# target 99% 0.00990597
# target 99.9% 0.00999104
Sockets used: 38665 (for perfect keepalive, would be 70)
Jitter: false
Code 200 : 3901713 (100.0 %)
All done 3901713 calls (plus 70 warmup) 1.076 ms avg, 65024.8 qps
Successfully wrote 2953 bytes of Json data to 2022-04-16-014816_asg_apache_3_performance_chunk_71_4.json
fortio exit code: 0
[2022-04-16T01:49:16]==============================[STATS]
jh CPU load avg:
1.52 1.29 1.09 1/163 3449
i-07979dfbe0ac4437b
InService
Healthy
{}
i-08773d2e822a6fe46
InService
Healthy
{}
i-0ebe480bdfcccaa30
InService
Healthy
{}
01:49:16 I logger.go:127> Log level is now 4 Error (was 2 Info)
Fortio 1.19.0 running at -1 queries per second, 2->2 procs, for 1m0s: http://asg-1-lb-511506984.us-east-1.elb.amazonaws.com:80/test.html
Aggregated Function Time : count 3926586 avg 0.0010693148 +/- 0.0007724 min 0.00054568 max 0.212221306 sum 4198.75663
# target 50% 0.00527306
# target 75% 0.00763676
# target 90% 0.00905497
# target 99% 0.0099059
# target 99.9% 0.00999099
Sockets used: 38906 (for perfect keepalive, would be 70)
Jitter: false
Code 200 : 3926586 (100.0 %)
All done 3926586 calls (plus 70 warmup) 1.069 ms avg, 65441.5 qps
Successfully wrote 2611 bytes of Json data to 2022-04-16-014917_asg_apache_3_performance_chunk_71_5.json
fortio exit code: 0
[2022-04-16T01:51:17]==============================[STATS]
jh CPU load avg:
0.64 1.13 1.06 1/165 3477
i-07979dfbe0ac4437b
InService
Healthy
{}
i-08773d2e822a6fe46
InService
Healthy
{}
i-0ebe480bdfcccaa30
InService
Healthy
{}
[2022-04-16T01:51:17]==============================[PERFORMANCE RUN 1]==============================
01:51:17 I logger.go:127> Log level is now 4 Error (was 2 Info)
Fortio 1.19.0 running at -1 queries per second, 2->2 procs, for 5m0s: http://asg-1-lb-511506984.us-east-1.elb.amazonaws.com:80/test.html
Aggregated Function Time : count 19658111 avg 0.001067932 +/- 0.0008394 min 0.000546547 max 1.008718652 sum 20993.5267
# target 50% 0.0052737
# target 75% 0.00763728
# target 90% 0.00905543
# target 99% 0.00990632
# target 99.9% 0.00999141
Sockets used: 194690 (for perfect keepalive, would be 70)
Jitter: false
Code 200 : 19658111 (100.0 %)
All done 19658111 calls (plus 70 warmup) 1.068 ms avg, 65526.7 qps
Successfully wrote 3210 bytes of Json data to 2022-04-16-015123_asg_apache_3_performance_1.json
fortio exit code: 0
[2022-04-16T01:56:23]==============================[STATS]
jh CPU load avg:
1.61 1.54 1.27 1/163 3501
i-07979dfbe0ac4437b
InService
Healthy
{}
i-08773d2e822a6fe46
InService
Healthy
{}
i-0ebe480bdfcccaa30
InService
Healthy
{}
[2022-04-16T01:57:24]==============================[STATS]
jh CPU load avg:
0.59 1.26 1.19 1/163 3510
i-07979dfbe0ac4437b
InService
Healthy
{}
i-08773d2e822a6fe46
InService
Healthy
{}
i-0ebe480bdfcccaa30
InService
Healthy
{}
[2022-04-16T01:57:25]==============================[PERFORMANCE RUN 2]==============================
01:57:25 I logger.go:127> Log level is now 4 Error (was 2 Info)
Fortio 1.19.0 running at -1 queries per second, 2->2 procs, for 5m0s: http://asg-1-lb-511506984.us-east-1.elb.amazonaws.com:80/test.html
Aggregated Function Time : count 19232883 avg 0.0010915554 +/- 0.001096 min 0.000543262 max 1.02874372 sum 20993.757
# target 50% 0.00527293
# target 75% 0.00763776
# target 90% 0.00905666
# target 99% 0.009908
# target 99.9% 0.00999314
Sockets used: 190460 (for perfect keepalive, would be 70)
Jitter: false
Code 200 : 19232883 (100.0 %)
All done 19232883 calls (plus 70 warmup) 1.092 ms avg, 64109.2 qps
Successfully wrote 3085 bytes of Json data to 2022-04-16-015730_asg_apache_3_performance_2.json
fortio exit code: 0
[2022-04-16T02:02:30]==============================[STATS]
jh CPU load avg:
1.76 1.55 1.32 1/165 3553
i-07979dfbe0ac4437b
InService
Healthy
{}
i-08773d2e822a6fe46
InService
Healthy
{}
i-0ebe480bdfcccaa30
InService
Healthy
{}
[2022-04-16T02:03:30]==============================[STATS]
jh CPU load avg:
0.64 1.26 1.24 1/165 3566
i-07979dfbe0ac4437b
InService
Healthy
{}
i-08773d2e822a6fe46
InService
Healthy
{}
i-0ebe480bdfcccaa30
InService
Healthy
{}
[2022-04-16T02:03:31]==============================[PERFORMANCE RUN 3]==============================
02:03:31 I logger.go:127> Log level is now 4 Error (was 2 Info)
Fortio 1.19.0 running at -1 queries per second, 2->2 procs, for 5m0s: http://asg-1-lb-511506984.us-east-1.elb.amazonaws.com:80/test.html
Aggregated Function Time : count 19501410 avg 0.0010765226 +/- 0.001159 min 0.000542209 max 1.028973746 sum 20993.7083
# target 50% 0.00527144
# target 75% 0.00763606
# target 90% 0.00905483
# target 99% 0.00990609
# target 99.9% 0.00999121
Sockets used: 193117 (for perfect keepalive, would be 70)
Jitter: false
Code 200 : 19501410 (100.0 %)
All done 19501410 calls (plus 70 warmup) 1.077 ms avg, 65004.4 qps
Successfully wrote 2852 bytes of Json data to 2022-04-16-020335_asg_apache_3_performance_3.json
fortio exit code: 0
[2022-04-16T02:08:35]==============================[STATS]
jh CPU load avg:
1.95 1.60 1.39 1/164 3590
i-07979dfbe0ac4437b
InService
Healthy
{}
i-08773d2e822a6fe46
InService
Healthy
{}
i-0ebe480bdfcccaa30
InService
Healthy
{}
scaling to 0
{
    "Alarms": [
        {
            "AlarmName": "TargetTracking-asg-1-myASG-AlarmHigh-81b7b4c1-eaec-4cba-b931-28e4ef56726b", 
            "AlarmARN": "arn:aws:cloudwatch:us-east-1:445967158734:alarm:TargetTracking-asg-1-myASG-AlarmHigh-81b7b4c1-eaec-4cba-b931-28e4ef56726b"
        }, 
        {
            "AlarmName": "TargetTracking-asg-1-myASG-AlarmLow-72164c24-a1e0-4dbd-8b9e-12bb034237df", 
            "AlarmARN": "arn:aws:cloudwatch:us-east-1:445967158734:alarm:TargetTracking-asg-1-myASG-AlarmLow-72164c24-a1e0-4dbd-8b9e-12bb034237df"
        }
    ], 
    "PolicyARN": "arn:aws:autoscaling:us-east-1:445967158734:scalingPolicy:5603dc6b-244b-4dc3-af3e-f6de4c8143f0:autoScalingGroupName/asg-1-myASG:policyName/asg-1-AppServerSP-12ROPQOQ5UR5L"
}
[2022-04-16T02:09:07]==============================[SCALING RUN 1: INIT]==============================
{
    "Alarms": [
        {
            "AlarmName": "TargetTracking-asg-1-myASG-AlarmHigh-81b7b4c1-eaec-4cba-b931-28e4ef56726b", 
            "AlarmARN": "arn:aws:cloudwatch:us-east-1:445967158734:alarm:TargetTracking-asg-1-myASG-AlarmHigh-81b7b4c1-eaec-4cba-b931-28e4ef56726b"
        }, 
        {
            "AlarmName": "TargetTracking-asg-1-myASG-AlarmLow-72164c24-a1e0-4dbd-8b9e-12bb034237df", 
            "AlarmARN": "arn:aws:cloudwatch:us-east-1:445967158734:alarm:TargetTracking-asg-1-myASG-AlarmLow-72164c24-a1e0-4dbd-8b9e-12bb034237df"
        }
    ], 
    "PolicyARN": "arn:aws:autoscaling:us-east-1:445967158734:scalingPolicy:5603dc6b-244b-4dc3-af3e-f6de4c8143f0:autoScalingGroupName/asg-1-myASG:policyName/asg-1-AppServerSP-12ROPQOQ5UR5L"
}
scaling to 1
[2022-04-16T02:09:09]==============================[SCALING RUN 1: ENABLE SCALING - SLEEP]==============================
{
    "Alarms": [
        {
            "AlarmName": "TargetTracking-asg-1-myASG-AlarmHigh-20b1fde8-4669-4226-80af-a48b93afe806", 
            "AlarmARN": "arn:aws:cloudwatch:us-east-1:445967158734:alarm:TargetTracking-asg-1-myASG-AlarmHigh-20b1fde8-4669-4226-80af-a48b93afe806"
        }, 
        {
            "AlarmName": "TargetTracking-asg-1-myASG-AlarmLow-67f2da8f-418a-465c-8dd0-cf09d5d08442", 
            "AlarmARN": "arn:aws:cloudwatch:us-east-1:445967158734:alarm:TargetTracking-asg-1-myASG-AlarmLow-67f2da8f-418a-465c-8dd0-cf09d5d08442"
        }
    ], 
    "PolicyARN": "arn:aws:autoscaling:us-east-1:445967158734:scalingPolicy:5603dc6b-244b-4dc3-af3e-f6de4c8143f0:autoScalingGroupName/asg-1-myASG:policyName/asg-1-AppServerSP-12ROPQOQ5UR5L"
}
[2022-04-16T02:12:10]==============================[SCALING RUN 1: FORTIO]==============================
[2022-04-16T02:12:10]==============================[STATS]
jh CPU load avg:
0.06 0.78 1.09 1/165 3635
i-0c5f5febd7a6ff218
InService
Healthy
{}
[2022-04-16T02:12:10]==============================[SCALING RUN 1: CHUNK 1]==============================
02:12:10 I logger.go:127> Log level is now 4 Error (was 2 Info)
Fortio 1.19.0 running at -1 queries per second, 2->2 procs, for 1m0s: http://asg-1-lb-511506984.us-east-1.elb.amazonaws.com:80/test.html
Aggregated Function Time : count 1278990 avg 0.0032835584 +/- 0.002067 min 0.000961061 max 0.423114713 sum 4199.63838
# target 50% 0.0055111
# target 75% 0.00778613
# target 90% 0.00915114
# target 99% 0.00997015
# target 99.9% 0.0198599
Sockets used: 12700 (for perfect keepalive, would be 70)
Jitter: false
Code 200 : 1278990 (100.0 %)
All done 1278990 calls (plus 70 warmup) 3.284 ms avg, 21315.4 qps
Successfully wrote 3551 bytes of Json data to 2022-04-16-021217_asg_apache_3_scaling_1_1.json
fortio exit code: 0
[2022-04-16T02:13:17]==============================[STATS]
jh CPU load avg:
0.55 0.77 1.07 1/165 3652
i-0c5f5febd7a6ff218
InService
Healthy
{}
[2022-04-16T02:13:17]==============================[SCALING RUN 1: CHUNK 2]==============================
02:13:17 I logger.go:127> Log level is now 4 Error (was 2 Info)
Fortio 1.19.0 running at -1 queries per second, 2->2 procs, for 1m0s: http://asg-1-lb-511506984.us-east-1.elb.amazonaws.com:80/test.html
Aggregated Function Time : count 1292354 avg 0.003249628 +/- 0.001567 min 0.000990039 max 0.21476121 sum 4199.66974
# target 50% 0.00550198
# target 75% 0.00775796
# target 90% 0.00911155
# target 99% 0.0099237
# target 99.9% 0.0136327
Sockets used: 12824 (for perfect keepalive, would be 70)
Jitter: false
Code 200 : 1292354 (100.0 %)
All done 1292354 calls (plus 70 warmup) 3.250 ms avg, 21538.1 qps
Successfully wrote 2718 bytes of Json data to 2022-04-16-021317_asg_apache_3_scaling_1_2.json
fortio exit code: 0
[2022-04-16T02:14:17]==============================[STATS]
jh CPU load avg:
0.51 0.72 1.03 1/165 3669
i-0c5f5febd7a6ff218
InService
Healthy
{}
[2022-04-16T02:14:18]==============================[SCALING RUN 1: CHUNK 3]==============================
02:14:18 I logger.go:127> Log level is now 4 Error (was 2 Info)
Fortio 1.19.0 running at -1 queries per second, 2->2 procs, for 1m0s: http://asg-1-lb-511506984.us-east-1.elb.amazonaws.com:80/test.html
Aggregated Function Time : count 1271655 avg 0.0033024771 +/- 0.001621 min 0.000970227 max 0.213019099 sum 4199.61154
# target 50% 0.00549566
# target 75% 0.00775838
# target 90% 0.00911601
# target 99% 0.00993059
# target 99.9% 0.016092
Sockets used: 12619 (for perfect keepalive, would be 70)
Jitter: false
Code 200 : 1271655 (100.0 %)
All done 1271655 calls (plus 70 warmup) 3.302 ms avg, 21193.2 qps
Successfully wrote 2843 bytes of Json data to 2022-04-16-021418_asg_apache_3_scaling_1_3.json
fortio exit code: 0
[2022-04-16T02:15:18]==============================[STATS]
jh CPU load avg:
1.22 0.87 1.06 1/169 12351
i-0c5f5febd7a6ff218
InService
Healthy
{}
[2022-04-16T02:15:19]==============================[SCALING RUN 1: CHUNK 4]==============================
02:15:19 I logger.go:127> Log level is now 4 Error (was 2 Info)
Fortio 1.19.0 running at -1 queries per second, 2->2 procs, for 1m0s: http://asg-1-lb-511506984.us-east-1.elb.amazonaws.com:80/test.html
Aggregated Function Time : count 1198872 avg 0.0035030176 +/- 0.001817 min 0.000981738 max 1.033286502 sum 4199.66968
# target 50% 0.00549778
# target 75% 0.00775581
# target 90% 0.00911062
# target 99% 0.00992351
# target 99.9% 0.0135416
Sockets used: 11909 (for perfect keepalive, would be 70)
Jitter: false
Code 200 : 1198872 (100.0 %)
All done 1198872 calls (plus 70 warmup) 3.503 ms avg, 19980.2 qps
Successfully wrote 2593 bytes of Json data to 2022-04-16-021519_asg_apache_3_scaling_1_4.json
fortio exit code: 0
[2022-04-16T02:16:19]==============================[STATS]
jh CPU load avg:
1.36 1.02 1.10 1/164 787
i-0c5f5febd7a6ff218
InService
Healthy
{}
[2022-04-16T02:16:20]==============================[SCALING RUN 1: CHUNK 5]==============================
02:16:20 I logger.go:127> Log level is now 4 Error (was 2 Info)
Fortio 1.19.0 running at -1 queries per second, 2->2 procs, for 1m0s: http://asg-1-lb-511506984.us-east-1.elb.amazonaws.com:80/test.html
Aggregated Function Time : count 1292485 avg 0.003249464 +/- 0.001454 min 0.000967653 max 0.213126288 sum 4199.8835
# target 50% 0.00548548
# target 75% 0.0077444
# target 90% 0.00909975
# target 99% 0.00991296
# target 99.9% 0.00999428
Sockets used: 12831 (for perfect keepalive, would be 70)
Jitter: false
Code 200 : 1292485 (100.0 %)
All done 1292485 calls (plus 70 warmup) 3.249 ms avg, 21468.1 qps
Successfully wrote 2484 bytes of Json data to 2022-04-16-021620_asg_apache_3_scaling_1_5.json
fortio exit code: 0
[2022-04-16T02:17:20]==============================[STATS]
jh CPU load avg:
0.79 0.93 1.06 1/164 826
i-068fd2f059c88daed
Pending
Healthy
{}
i-0c5f5febd7a6ff218
InService
Healthy
{}
[2022-04-16T02:17:20]==============================[SCALING RUN 1: CHUNK 6]==============================
02:17:20 I logger.go:127> Log level is now 4 Error (was 2 Info)
Fortio 1.19.0 running at -1 queries per second, 2->2 procs, for 1m0s: http://asg-1-lb-511506984.us-east-1.elb.amazonaws.com:80/test.html
02:17:41 E http_client.go:787> Read error &{{0xc001164e00}} 50.19.130.36:80 0 : EOF
02:17:41 E http_client.go:671> Unable to connect to 50.19.130.36:80 : dial tcp 50.19.130.36:80: connect: connection refused
02:17:41 E http_client.go:671> Unable to connect to 50.19.130.36:80 : dial tcp 50.19.130.36:80: connect: connection refused
02:17:41 E http_client.go:671> Unable to connect to 50.19.130.36:80 : dial tcp 50.19.130.36:80: connect: connection refused
02:17:41 E http_client.go:671> Unable to connect to 50.19.130.36:80 : dial tcp 50.19.130.36:80: connect: connection refused
02:17:41 E http_client.go:671> Unable to connect to 50.19.130.36:80 : dial tcp 50.19.130.36:80: connect: connection refused
02:17:41 E http_client.go:671> Unable to connect to 50.19.130.36:80 : dial tcp 50.19.130.36:80: connect: connection refused
02:17:41 E http_client.go:671> Unable to connect to 50.19.130.36:80 : dial tcp 50.19.130.36:80: connect: connection refused
02:17:41 E http_client.go:671> Unable to connect to 50.19.130.36:80 : dial tcp 50.19.130.36:80: connect: connection refused
02:17:41 E http_client.go:671> Unable to connect to 50.19.130.36:80 : dial tcp 50.19.130.36:80: connect: connection refused
02:17:41 E http_client.go:671> Unable to connect to 50.19.130.36:80 : dial tcp 50.19.130.36:80: connect: connection refused
02:17:41 E http_client.go:671> Unable to connect to 50.19.130.36:80 : dial tcp 50.19.130.36:80: connect: connection refused
02:17:41 E http_client.go:671> Unable to connect to 50.19.130.36:80 : dial tcp 50.19.130.36:80: connect: connection refused
02:17:41 E http_client.go:671> Unable to connect to 50.19.130.36:80 : dial tcp 50.19.130.36:80: connect: connection refused
02:17:41 E http_client.go:671> Unable to connect to 50.19.130.36:80 : dial tcp 50.19.130.36:80: connect: connection refused
02:17:41 E http_client.go:671> Unable to connect to 50.19.130.36:80 : dial tcp 50.19.130.36:80: connect: connection refused
02:17:41 E http_client.go:671> Unable to connect to 50.19.130.36:80 : dial tcp 50.19.130.36:80: connect: connection refused
02:17:41 E http_client.go:787> Read error &{{0xc001164f00}} 3.92.100.227:80 0 : read tcp 172.31.83.211:33544->3.92.100.227:80: read: connection reset by peer
02:17:41 E http_client.go:671> Unable to connect to 3.92.100.227:80 : dial tcp 3.92.100.227:80: connect: connection refused
Aggregated Function Time : count 1725646 avg 0.0024335608 +/- 0.005115 min 0.000548237 max 0.72685656 sum 4199.4645
# target 50% 0.00528652
# target 75% 0.00765566
# target 90% 0.00907714
# target 99% 0.00993003
# target 99.9% 0.0182726
Sockets used: 17144 (for perfect keepalive, would be 70)
Jitter: false
Code  -1 : 19 (0.0 %)
Code 200 : 1725627 (100.0 %)
All done 1725646 calls (plus 70 warmup) 2.434 ms avg, 28760.1 qps
Successfully wrote 5263 bytes of Json data to 2022-04-16-021721_asg_apache_3_scaling_1_6.json
fortio exit code: 0
[2022-04-16T02:18:21]==============================[STATS]
jh CPU load avg:
0.88 0.91 1.04 1/164 844
i-068fd2f059c88daed
InService
Healthy
{}
i-0c5f5febd7a6ff218
InService
Healthy
{}
[2022-04-16T02:18:21]==============================[SCALING RUN 1: CHUNK 7]==============================
02:18:21 I logger.go:127> Log level is now 4 Error (was 2 Info)
Fortio 1.19.0 running at -1 queries per second, 2->2 procs, for 1m0s: http://asg-1-lb-511506984.us-east-1.elb.amazonaws.com:80/test.html
Aggregated Function Time : count 2756493 avg 0.001523377 +/- 0.001092 min 0.000545484 max 0.211832991 sum 4199.17817
# target 50% 0.00527556
# target 75% 0.0076406
# target 90% 0.00905963
# target 99% 0.00991104
# target 99.9% 0.00999618
Sockets used: 27325 (for perfect keepalive, would be 70)
Jitter: false
Code 200 : 2756493 (100.0 %)
All done 2756493 calls (plus 70 warmup) 1.523 ms avg, 45940.4 qps
Successfully wrote 2603 bytes of Json data to 2022-04-16-021821_asg_apache_3_scaling_1_7.json
fortio exit code: 0
[2022-04-16T02:19:21]==============================[STATS]
jh CPU load avg:
1.07 0.96 1.05 1/164 861
i-068fd2f059c88daed
InService
Healthy
{}
i-0c5f5febd7a6ff218
InService
Healthy
{}
[2022-04-16T02:19:22]==============================[SCALING RUN 1: CHUNK 8]==============================
02:19:22 I logger.go:127> Log level is now 4 Error (was 2 Info)
Fortio 1.19.0 running at -1 queries per second, 2->2 procs, for 1m0s: http://asg-1-lb-511506984.us-east-1.elb.amazonaws.com:80/test.html
Aggregated Function Time : count 2726597 avg 0.0015400884 +/- 0.001114 min 0.000550327 max 0.21283162 sum 4199.20051
# target 50% 0.00527839
# target 75% 0.00764242
# target 90% 0.00906084
# target 99% 0.00991189
# target 99.9% 0.009997
Sockets used: 27027 (for perfect keepalive, would be 70)
Jitter: false
Code 200 : 2726597 (100.0 %)
All done 2726597 calls (plus 70 warmup) 1.540 ms avg, 45442.1 qps
Successfully wrote 2487 bytes of Json data to 2022-04-16-021922_asg_apache_3_scaling_1_8.json
fortio exit code: 0
[2022-04-16T02:20:22]==============================[STATS]
jh CPU load avg:
1.30 1.06 1.09 1/166 886
i-068fd2f059c88daed
InService
Healthy
{}
i-0c5f5febd7a6ff218
InService
Healthy
{}
[2022-04-16T02:20:23]==============================[SCALING RUN 1: CHUNK 9]==============================
02:20:23 I logger.go:127> Log level is now 4 Error (was 2 Info)
Fortio 1.19.0 running at -1 queries per second, 2->2 procs, for 1m0s: http://asg-1-lb-511506984.us-east-1.elb.amazonaws.com:80/test.html
Aggregated Function Time : count 2753208 avg 0.0015251937 +/- 0.001014 min 0.00055155 max 0.21288134 sum 4199.17563
# target 50% 0.00527713
# target 75% 0.00763993
# target 90% 0.0090576
# target 99% 0.00990821
# target 99.9% 0.00999327
Sockets used: 27288 (for perfect keepalive, would be 70)
Jitter: false
Code 200 : 2753208 (100.0 %)
All done 2753208 calls (plus 70 warmup) 1.525 ms avg, 45885.1 qps
Successfully wrote 2479 bytes of Json data to 2022-04-16-022023_asg_apache_3_scaling_1_9.json
fortio exit code: 0
[2022-04-16T02:21:23]==============================[STATS]
jh CPU load avg:
1.25 1.11 1.10 1/166 904
i-068fd2f059c88daed
InService
Healthy
{}
i-0c5f5febd7a6ff218
InService
Healthy
{}
[2022-04-16T02:21:23]==============================[SCALING RUN 1: CHUNK 10]==============================
02:21:23 I logger.go:127> Log level is now 4 Error (was 2 Info)
Fortio 1.19.0 running at -1 queries per second, 2->2 procs, for 1m0s: http://asg-1-lb-511506984.us-east-1.elb.amazonaws.com:80/test.html
Aggregated Function Time : count 2750092 avg 0.0015269305 +/- 0.001267 min 0.000555411 max 1.026002997 sum 4199.19931
# target 50% 0.00527866
# target 75% 0.00764029
# target 90% 0.00905726
# target 99% 0.00990745
# target 99.9% 0.00999247
Sockets used: 27263 (for perfect keepalive, would be 70)
Jitter: false
Code 200 : 2750092 (100.0 %)
All done 2750092 calls (plus 70 warmup) 1.527 ms avg, 45833.7 qps
Successfully wrote 2717 bytes of Json data to 2022-04-16-022124_asg_apache_3_scaling_1_10.json
fortio exit code: 0
[2022-04-16T02:22:24]==============================[STATS]
jh CPU load avg:
0.86 1.04 1.08 1/166 921
i-068fd2f059c88daed
InService
Healthy
{}
i-0c5f5febd7a6ff218
InService
Healthy
{}
[2022-04-16T02:22:24]==============================[SCALING RUN 1: CHUNK 11]==============================
02:22:24 I logger.go:127> Log level is now 4 Error (was 2 Info)
Fortio 1.19.0 running at -1 queries per second, 2->2 procs, for 1m0s: http://asg-1-lb-511506984.us-east-1.elb.amazonaws.com:80/test.html
Aggregated Function Time : count 2744215 avg 0.0015301785 +/- 0.001239 min 0.000552228 max 1.010632184 sum 4199.13881
# target 50% 0.00527684
# target 75% 0.00763915
# target 90% 0.00905654
# target 99% 0.00990697
# target 99.9% 0.00999201
Sockets used: 27205 (for perfect keepalive, would be 70)
Jitter: false
Code 200 : 2744215 (100.0 %)
All done 2744215 calls (plus 70 warmup) 1.530 ms avg, 45735.7 qps
Successfully wrote 2601 bytes of Json data to 2022-04-16-022224_asg_apache_3_scaling_1_11.json
fortio exit code: 0
[2022-04-16T02:23:24]==============================[STATS]
jh CPU load avg:
1.13 1.09 1.09 1/166 939
i-0395b1c8aa48ec779
InService
Healthy
{}
i-068fd2f059c88daed
InService
Healthy
{}
i-0c5f5febd7a6ff218
InService
Healthy
{}
[2022-04-16T02:23:25]==============================[SCALING RUN 1: CHUNK 12]==============================
02:23:25 I logger.go:127> Log level is now 4 Error (was 2 Info)
Fortio 1.19.0 running at -1 queries per second, 2->2 procs, for 1m0s: http://asg-1-lb-511506984.us-east-1.elb.amazonaws.com:80/test.html
Aggregated Function Time : count 3547300 avg 0.0011836581 +/- 0.002563 min 0.000528852 max 0.468196759 sum 4198.79053
# target 50% 0.00526515
# target 75% 0.0076333
# target 90% 0.00905419
# target 99% 0.00990673
# target 99.9% 0.00999198
Sockets used: 35151 (for perfect keepalive, would be 70)
Jitter: false
Code 200 : 3547300 (100.0 %)
All done 3547300 calls (plus 70 warmup) 1.184 ms avg, 59119.9 qps
Successfully wrote 4642 bytes of Json data to 2022-04-16-022325_asg_apache_3_scaling_1_12.json
fortio exit code: 0
[2022-04-16T02:24:25]==============================[STATS]
jh CPU load avg:
1.37 1.16 1.12 1/166 958
i-0395b1c8aa48ec779
InService
Healthy
{}
i-068fd2f059c88daed
InService
Healthy
{}
i-0c5f5febd7a6ff218
InService
Healthy
{}
[2022-04-16T02:24:26]==============================[SCALING RUN 1: CHUNK 13]==============================
02:24:26 I logger.go:127> Log level is now 4 Error (was 2 Info)
Fortio 1.19.0 running at -1 queries per second, 2->2 procs, for 1m0s: http://asg-1-lb-511506984.us-east-1.elb.amazonaws.com:80/test.html
Aggregated Function Time : count 3999073 avg 0.0010498844 +/- 0.0006909 min 0.000522701 max 0.213049789 sum 4198.56422
# target 50% 0.00526155
# target 75% 0.00763098
# target 90% 0.00905264
# target 99% 0.00990563
# target 99.9% 0.00999093
Sockets used: 39625 (for perfect keepalive, would be 70)
Jitter: false
Code 200 : 3999073 (100.0 %)
All done 3999073 calls (plus 70 warmup) 1.050 ms avg, 66648.0 qps
Successfully wrote 2485 bytes of Json data to 2022-04-16-022426_asg_apache_3_scaling_1_13.json
fortio exit code: 0
[2022-04-16T02:25:26]==============================[STATS]
jh CPU load avg:
1.82 1.35 1.18 1/164 976
i-0395b1c8aa48ec779
InService
Healthy
{}
i-068fd2f059c88daed
InService
Healthy
{}
i-0c5f5febd7a6ff218
InService
Healthy
{}
[2022-04-16T02:25:26]==============================[SCALING RUN 1: CHUNK 14]==============================
02:25:26 I logger.go:127> Log level is now 4 Error (was 2 Info)
Fortio 1.19.0 running at -1 queries per second, 2->2 procs, for 1m0s: http://asg-1-lb-511506984.us-east-1.elb.amazonaws.com:80/test.html
Aggregated Function Time : count 3960804 avg 0.0010600609 +/- 0.001112 min 0.000524042 max 1.016654822 sum 4198.69326
# target 50% 0.00526329
# target 75% 0.00763292
# target 90% 0.0090547
# target 99% 0.00990776
# target 99.9% 0.00999307
Sockets used: 39250 (for perfect keepalive, would be 70)
Jitter: false
Code 200 : 3960804 (100.0 %)
All done 3960804 calls (plus 70 warmup) 1.060 ms avg, 65907.8 qps
Successfully wrote 2604 bytes of Json data to 2022-04-16-022527_asg_apache_3_scaling_1_14.json
fortio exit code: 0
[2022-04-16T02:26:27]==============================[STATS]
jh CPU load avg:
1.99 1.48 1.24 1/163 994
i-0395b1c8aa48ec779
InService
Healthy
{}
i-068fd2f059c88daed
InService
Healthy
{}
i-0c5f5febd7a6ff218
InService
Healthy
{}
[2022-04-16T02:26:27]==============================[SCALING RUN 2: INIT]==============================
{
    "Alarms": [
        {
            "AlarmName": "TargetTracking-asg-1-myASG-AlarmHigh-e75c89a6-d1aa-4caa-a6e8-9cab59d31af1", 
            "AlarmARN": "arn:aws:cloudwatch:us-east-1:445967158734:alarm:TargetTracking-asg-1-myASG-AlarmHigh-e75c89a6-d1aa-4caa-a6e8-9cab59d31af1"
        }, 
        {
            "AlarmName": "TargetTracking-asg-1-myASG-AlarmLow-2bf1fb6f-8242-4ed5-b48f-4f1f740e349a", 
            "AlarmARN": "arn:aws:cloudwatch:us-east-1:445967158734:alarm:TargetTracking-asg-1-myASG-AlarmLow-2bf1fb6f-8242-4ed5-b48f-4f1f740e349a"
        }
    ], 
    "PolicyARN": "arn:aws:autoscaling:us-east-1:445967158734:scalingPolicy:5603dc6b-244b-4dc3-af3e-f6de4c8143f0:autoScalingGroupName/asg-1-myASG:policyName/asg-1-AppServerSP-12ROPQOQ5UR5L"
}
scaling to 1
[2022-04-16T02:26:30]==============================[SCALING RUN 2: ENABLE SCALING - SLEEP]==============================
{
    "Alarms": [
        {
            "AlarmName": "TargetTracking-asg-1-myASG-AlarmHigh-8bdd44d3-de82-42e8-88c2-fe86213e4457", 
            "AlarmARN": "arn:aws:cloudwatch:us-east-1:445967158734:alarm:TargetTracking-asg-1-myASG-AlarmHigh-8bdd44d3-de82-42e8-88c2-fe86213e4457"
        }, 
        {
            "AlarmName": "TargetTracking-asg-1-myASG-AlarmLow-8e8763de-63dd-41bb-9e93-d999c8136bf4", 
            "AlarmARN": "arn:aws:cloudwatch:us-east-1:445967158734:alarm:TargetTracking-asg-1-myASG-AlarmLow-8e8763de-63dd-41bb-9e93-d999c8136bf4"
        }
    ], 
    "PolicyARN": "arn:aws:autoscaling:us-east-1:445967158734:scalingPolicy:5603dc6b-244b-4dc3-af3e-f6de4c8143f0:autoScalingGroupName/asg-1-myASG:policyName/asg-1-AppServerSP-12ROPQOQ5UR5L"
}
[2022-04-16T02:29:31]==============================[SCALING RUN 2: FORTIO]==============================
[2022-04-16T02:29:31]==============================[STATS]
jh CPU load avg:
0.09 0.80 1.01 1/164 1024
i-0395b1c8aa48ec779
InService
Healthy
{}
[2022-04-16T02:29:32]==============================[SCALING RUN 2: CHUNK 1]==============================
02:29:32 I logger.go:127> Log level is now 4 Error (was 2 Info)
Fortio 1.19.0 running at -1 queries per second, 2->2 procs, for 1m0s: http://asg-1-lb-511506984.us-east-1.elb.amazonaws.com:80/test.html
Aggregated Function Time : count 1212323 avg 0.0034641488 +/- 0.002223 min 0.000531908 max 0.217167885 sum 4199.66724
# target 50% 0.00530978
# target 75% 0.00769872
# target 90% 0.00913208
# target 99% 0.0099921
# target 99.9% 0.023169
Sockets used: 12041 (for perfect keepalive, would be 70)
Jitter: false
Code 200 : 1212323 (100.0 %)
All done 1212323 calls (plus 70 warmup) 3.464 ms avg, 20204.0 qps
Successfully wrote 3322 bytes of Json data to 2022-04-16-022938_asg_apache_3_scaling_2_1.json
fortio exit code: 0
[2022-04-16T02:30:38]==============================[STATS]
jh CPU load avg:
0.60 0.82 1.00 1/165 1047
i-0395b1c8aa48ec779
InService
Healthy
{}
[2022-04-16T02:30:38]==============================[SCALING RUN 2: CHUNK 2]==============================
02:30:38 I logger.go:127> Log level is now 4 Error (was 2 Info)
Fortio 1.19.0 running at -1 queries per second, 2->2 procs, for 1m0s: http://asg-1-lb-511506984.us-east-1.elb.amazonaws.com:80/test.html
Aggregated Function Time : count 1238525 avg 0.0033908548 +/- 0.001633 min 0.000539157 max 0.214678452 sum 4199.6585
# target 50% 0.00527482
# target 75% 0.00764266
# target 90% 0.00906336
# target 99% 0.00991578
# target 99.9% 0.0110173
Sockets used: 12300 (for perfect keepalive, would be 70)
Jitter: false
Code 200 : 1238525 (100.0 %)
All done 1238525 calls (plus 70 warmup) 3.391 ms avg, 20641.0 qps
Successfully wrote 2604 bytes of Json data to 2022-04-16-023038_asg_apache_3_scaling_2_2.json
fortio exit code: 0
[2022-04-16T02:31:38]==============================[STATS]
jh CPU load avg:
0.75 0.81 0.99 1/165 1064
i-0395b1c8aa48ec779
InService
Healthy
{}
[2022-04-16T02:31:39]==============================[SCALING RUN 2: CHUNK 3]==============================
02:31:39 I logger.go:127> Log level is now 4 Error (was 2 Info)
Fortio 1.19.0 running at -1 queries per second, 2->2 procs, for 1m0s: http://asg-1-lb-511506984.us-east-1.elb.amazonaws.com:80/test.html
Aggregated Function Time : count 1238971 avg 0.0033896523 +/- 0.001736 min 0.000544317 max 0.215058298 sum 4199.6809
# target 50% 0.00527531
# target 75% 0.00764081
# target 90% 0.00906011
# target 99% 0.00991169
# target 99.9% 0.00999685
Sockets used: 12304 (for perfect keepalive, would be 70)
Jitter: false
Code 200 : 1238971 (100.0 %)
All done 1238971 calls (plus 70 warmup) 3.390 ms avg, 20647.9 qps
Successfully wrote 2600 bytes of Json data to 2022-04-16-023139_asg_apache_3_scaling_2_3.json
fortio exit code: 0
[2022-04-16T02:32:39]==============================[STATS]
jh CPU load avg:
0.65 0.80 0.97 1/165 1081
i-0395b1c8aa48ec779
InService
Healthy
{}
[2022-04-16T02:32:40]==============================[SCALING RUN 2: CHUNK 4]==============================
02:32:40 I logger.go:127> Log level is now 4 Error (was 2 Info)
Fortio 1.19.0 running at -1 queries per second, 2->2 procs, for 1m0s: http://asg-1-lb-511506984.us-east-1.elb.amazonaws.com:80/test.html
Aggregated Function Time : count 1239107 avg 0.0033892716 +/- 0.001882 min 0.000534115 max 1.032353423 sum 4199.67022
# target 50% 0.00527078
# target 75% 0.00763911
# target 90% 0.00906011
# target 99% 0.00991271
# target 99.9% 0.00999797
Sockets used: 12304 (for perfect keepalive, would be 70)
Jitter: false
Code 200 : 1239107 (100.0 %)
All done 1239107 calls (plus 70 warmup) 3.389 ms avg, 20650.7 qps
Successfully wrote 2600 bytes of Json data to 2022-04-16-023240_asg_apache_3_scaling_2_4.json
fortio exit code: 0
[2022-04-16T02:33:40]==============================[STATS]
jh CPU load avg:
0.75 0.80 0.97 1/165 1109
i-02f088bf506d40728
InService
Healthy
{}
i-0395b1c8aa48ec779
InService
Healthy
{}
[2022-04-16T02:33:41]==============================[SCALING RUN 2: CHUNK 5]==============================
02:33:41 I logger.go:127> Log level is now 4 Error (was 2 Info)
Fortio 1.19.0 running at -1 queries per second, 2->2 procs, for 1m0s: http://asg-1-lb-511506984.us-east-1.elb.amazonaws.com:80/test.html
02:33:45 E http_client.go:671> Unable to connect to 3.92.100.227:80 : dial tcp 3.92.100.227:80: connect: connection refused
02:33:45 E http_client.go:671> Unable to connect to 3.92.100.227:80 : dial tcp 3.92.100.227:80: connect: connection refused
02:33:45 E http_client.go:671> Unable to connect to 3.92.100.227:80 : dial tcp 3.92.100.227:80: connect: connection refused
02:33:45 E http_client.go:671> Unable to connect to 3.92.100.227:80 : dial tcp 3.92.100.227:80: connect: connection refused
02:33:45 E http_client.go:671> Unable to connect to 3.92.100.227:80 : dial tcp 3.92.100.227:80: connect: connection refused
02:33:45 E http_client.go:671> Unable to connect to 3.92.100.227:80 : dial tcp 3.92.100.227:80: connect: connection refused
02:33:45 E http_client.go:671> Unable to connect to 3.92.100.227:80 : dial tcp 3.92.100.227:80: connect: connection refused
02:33:45 E http_client.go:671> Unable to connect to 3.92.100.227:80 : dial tcp 3.92.100.227:80: connect: connection refused
02:33:45 E http_client.go:671> Unable to connect to 3.92.100.227:80 : dial tcp 3.92.100.227:80: connect: connection refused
02:33:45 E http_client.go:671> Unable to connect to 3.92.100.227:80 : dial tcp 3.92.100.227:80: connect: connection refused
02:33:45 E http_client.go:671> Unable to connect to 3.92.100.227:80 : dial tcp 3.92.100.227:80: connect: connection refused
02:33:45 E http_client.go:671> Unable to connect to 3.92.100.227:80 : dial tcp 3.92.100.227:80: connect: connection refused
02:33:45 E http_client.go:671> Unable to connect to 3.92.100.227:80 : dial tcp 3.92.100.227:80: connect: connection refused
02:33:45 E http_client.go:671> Unable to connect to 3.92.100.227:80 : dial tcp 3.92.100.227:80: connect: connection refused
02:33:45 E http_client.go:671> Unable to connect to 3.92.100.227:80 : dial tcp 3.92.100.227:80: connect: connection refused
02:33:45 E http_client.go:671> Unable to connect to 3.92.100.227:80 : dial tcp 3.92.100.227:80: connect: connection refused
02:33:45 E http_client.go:671> Unable to connect to 3.92.100.227:80 : dial tcp 3.92.100.227:80: connect: connection refused
02:33:45 E http_client.go:671> Unable to connect to 3.92.100.227:80 : dial tcp 3.92.100.227:80: connect: connection refused
02:33:45 E http_client.go:671> Unable to connect to 3.92.100.227:80 : dial tcp 3.92.100.227:80: connect: connection refused
02:33:45 E http_client.go:671> Unable to connect to 3.92.100.227:80 : dial tcp 3.92.100.227:80: connect: connection refused
02:33:45 E http_client.go:671> Unable to connect to 3.92.100.227:80 : dial tcp 3.92.100.227:80: connect: connection refused
02:33:45 E http_client.go:671> Unable to connect to 3.92.100.227:80 : dial tcp 3.92.100.227:80: connect: connection refused
02:33:45 E http_client.go:671> Unable to connect to 3.92.100.227:80 : dial tcp 3.92.100.227:80: connect: connection refused
Aggregated Function Time : count 2297315 avg 0.0018279054 +/- 0.004706 min 0.000532958 max 0.750107078 sum 4199.27458
# target 50% 0.00528104
# target 75% 0.00765508
# target 90% 0.0090795
# target 99% 0.00993416
# target 99.9% 0.0186524
Sockets used: 22825 (for perfect keepalive, would be 70)
Jitter: false
Code  -1 : 23 (0.0 %)
Code 200 : 2297292 (100.0 %)
All done 2297315 calls (plus 70 warmup) 1.828 ms avg, 38287.4 qps
Successfully wrote 5269 bytes of Json data to 2022-04-16-023341_asg_apache_3_scaling_2_5.json
fortio exit code: 0
[2022-04-16T02:34:41]==============================[STATS]
jh CPU load avg:
1.01 0.85 0.97 1/165 1127
i-02f088bf506d40728
InService
Healthy
{}
i-0395b1c8aa48ec779
InService
Healthy
{}
[2022-04-16T02:34:41]==============================[SCALING RUN 2: CHUNK 6]==============================
02:34:41 I logger.go:127> Log level is now 4 Error (was 2 Info)
Fortio 1.19.0 running at -1 queries per second, 2->2 procs, for 1m0s: http://asg-1-lb-511506984.us-east-1.elb.amazonaws.com:80/test.html
Aggregated Function Time : count 2690412 avg 0.0015607742 +/- 0.001148 min 0.000532613 max 0.21168249 sum 4199.12559
# target 50% 0.00526987
# target 75% 0.0076385
# target 90% 0.00905967
# target 99% 0.00991238
# target 99.9% 0.00999765
Sockets used: 26671 (for perfect keepalive, would be 70)
Jitter: false
Code 200 : 2690412 (100.0 %)
All done 2690412 calls (plus 70 warmup) 1.561 ms avg, 44839.0 qps
Successfully wrote 2603 bytes of Json data to 2022-04-16-023441_asg_apache_3_scaling_2_6.json
fortio exit code: 0
[2022-04-16T02:35:41]==============================[STATS]
jh CPU load avg:
0.74 0.80 0.95 1/164 1148
i-02f088bf506d40728
InService
Healthy
{}
i-0395b1c8aa48ec779
InService
Healthy
{}
[2022-04-16T02:35:42]==============================[SCALING RUN 2: CHUNK 7]==============================
02:35:42 I logger.go:127> Log level is now 4 Error (was 2 Info)
Fortio 1.19.0 running at -1 queries per second, 2->2 procs, for 1m0s: http://asg-1-lb-511506984.us-east-1.elb.amazonaws.com:80/test.html
Aggregated Function Time : count 2708582 avg 0.0015503137 +/- 0.001035 min 0.000532569 max 0.212657387 sum 4199.15179
# target 50% 0.00526877
# target 75% 0.00763688
# target 90% 0.00905774
# target 99% 0.00991026
# target 99.9% 0.00999551
Sockets used: 26849 (for perfect keepalive, would be 70)
Jitter: false
Code 200 : 2708582 (100.0 %)
All done 2708582 calls (plus 70 warmup) 1.550 ms avg, 45141.7 qps
Successfully wrote 2722 bytes of Json data to 2022-04-16-023542_asg_apache_3_scaling_2_7.json
fortio exit code: 0
[2022-04-16T02:36:42]==============================[STATS]
jh CPU load avg:
1.22 0.94 0.99 1/164 1166
i-02f088bf506d40728
InService
Healthy
{}
i-0395b1c8aa48ec779
InService
Healthy
{}
[2022-04-16T02:36:43]==============================[SCALING RUN 2: CHUNK 8]==============================
02:36:43 I logger.go:127> Log level is now 4 Error (was 2 Info)
Fortio 1.19.0 running at -1 queries per second, 2->2 procs, for 1m0s: http://asg-1-lb-511506984.us-east-1.elb.amazonaws.com:80/test.html
Aggregated Function Time : count 2729659 avg 0.0015383636 +/- 0.0009795 min 0.00053646 max 0.214875841 sum 4199.20799
# target 50% 0.00526944
# target 75% 0.00763593
# target 90% 0.00905583
# target 99% 0.00990776
# target 99.9% 0.00999296
Sockets used: 27060 (for perfect keepalive, would be 70)
Jitter: false
Code 200 : 2729659 (100.0 %)
All done 2729659 calls (plus 70 warmup) 1.538 ms avg, 45493.2 qps
Successfully wrote 2486 bytes of Json data to 2022-04-16-023643_asg_apache_3_scaling_2_8.json
fortio exit code: 0
[2022-04-16T02:37:43]==============================[STATS]
jh CPU load avg:
1.43 1.05 1.02 1/164 1184
i-02f088bf506d40728
InService
Healthy
{}
i-0395b1c8aa48ec779
InService
Healthy
{}
[2022-04-16T02:37:44]==============================[SCALING RUN 2: CHUNK 9]==============================
02:37:44 I logger.go:127> Log level is now 4 Error (was 2 Info)
Fortio 1.19.0 running at -1 queries per second, 2->2 procs, for 1m0s: http://asg-1-lb-511506984.us-east-1.elb.amazonaws.com:80/test.html
Aggregated Function Time : count 2720152 avg 0.0015437314 +/- 0.0009948 min 0.000535264 max 0.212584571 sum 4199.18392
# target 50% 0.00526863
# target 75% 0.00763532
# target 90% 0.00905533
# target 99% 0.00990734
# target 99.9% 0.00999254
Sockets used: 26962 (for perfect keepalive, would be 70)
Jitter: false
Code 200 : 2720152 (100.0 %)
All done 2720152 calls (plus 70 warmup) 1.544 ms avg, 45334.6 qps
Successfully wrote 2486 bytes of Json data to 2022-04-16-023744_asg_apache_3_scaling_2_9.json
fortio exit code: 0
[2022-04-16T02:38:44]==============================[STATS]
jh CPU load avg:
1.53 1.13 1.05 1/164 1255
i-02f088bf506d40728
InService
Healthy
{}
i-0395b1c8aa48ec779
InService
Healthy
{}
[2022-04-16T02:38:44]==============================[SCALING RUN 2: CHUNK 10]==============================
02:38:44 I logger.go:127> Log level is now 4 Error (was 2 Info)
Fortio 1.19.0 running at -1 queries per second, 2->2 procs, for 1m0s: http://asg-1-lb-511506984.us-east-1.elb.amazonaws.com:80/test.html
Aggregated Function Time : count 2695642 avg 0.0015577686 +/- 0.001144 min 0.000529479 max 1.002907753 sum 4199.18638
# target 50% 0.00526693
# target 75% 0.00763565
# target 90% 0.00905689
# target 99% 0.00990963
# target 99.9% 0.0099949
Sockets used: 26715 (for perfect keepalive, would be 70)
Jitter: false
Code 200 : 2695642 (100.0 %)
All done 2695642 calls (plus 70 warmup) 1.558 ms avg, 44926.3 qps
Successfully wrote 2720 bytes of Json data to 2022-04-16-023844_asg_apache_3_scaling_2_10.json
fortio exit code: 0
[2022-04-16T02:39:44]==============================[STATS]
jh CPU load avg:
1.35 1.15 1.07 1/164 1273
i-02f088bf506d40728
InService
Healthy
{}
i-036538c8ac2fa107d
InService
Healthy
{}
i-0395b1c8aa48ec779
InService
Healthy
{}
[2022-04-16T02:39:45]==============================[SCALING RUN 2: CHUNK 11]==============================
02:39:45 I logger.go:127> Log level is now 4 Error (was 2 Info)
Fortio 1.19.0 running at -1 queries per second, 2->2 procs, for 1m0s: http://asg-1-lb-511506984.us-east-1.elb.amazonaws.com:80/test.html
02:39:48 E http_client.go:671> Unable to connect to 50.19.130.36:80 : dial tcp 50.19.130.36:80: connect: connection refused
02:39:48 E http_client.go:671> Unable to connect to 50.19.130.36:80 : dial tcp 50.19.130.36:80: connect: connection refused
Aggregated Function Time : count 3637955 avg 0.0011542228 +/- 0.002274 min 0.000445519 max 1.010053674 sum 4199.01072
# target 50% 0.00522424
# target 75% 0.00761361
# target 90% 0.00904722
# target 99% 0.00990739
# target 99.9% 0.00999341
Sockets used: 36053 (for perfect keepalive, would be 70)
Jitter: false
Code  -1 : 2 (0.0 %)
Code 200 : 3637953 (100.0 %)
All done 3637955 calls (plus 70 warmup) 1.154 ms avg, 60478.3 qps
Successfully wrote 4885 bytes of Json data to 2022-04-16-023945_asg_apache_3_scaling_2_11.json
fortio exit code: 0
[2022-04-16T02:40:45]==============================[STATS]
jh CPU load avg:
1.67 1.28 1.12 1/165 1296
i-02f088bf506d40728
InService
Healthy
{}
i-036538c8ac2fa107d
InService
Healthy
{}
i-0395b1c8aa48ec779
InService
Healthy
{}
[2022-04-16T02:40:46]==============================[SCALING RUN 2: CHUNK 12]==============================
02:40:46 I logger.go:127> Log level is now 4 Error (was 2 Info)
Fortio 1.19.0 running at -1 queries per second, 2->2 procs, for 1m0s: http://asg-1-lb-511506984.us-east-1.elb.amazonaws.com:80/test.html
Aggregated Function Time : count 4049390 avg 0.0010368692 +/- 0.0009385 min 0.000526627 max 1.01091924 sum 4198.68767
# target 50% 0.00526348
# target 75% 0.0076319
# target 90% 0.00905296
# target 99% 0.00990559
# target 99.9% 0.00999085
Sockets used: 40125 (for perfect keepalive, would be 70)
Jitter: false
Code 200 : 4049390 (100.0 %)
All done 4049390 calls (plus 70 warmup) 1.037 ms avg, 67487.3 qps
Successfully wrote 2598 bytes of Json data to 2022-04-16-024046_asg_apache_3_scaling_2_12.json
fortio exit code: 0
[2022-04-16T02:41:46]==============================[STATS]
jh CPU load avg:
1.63 1.34 1.14 1/164 1314
i-02f088bf506d40728
InService
Healthy
{}
i-036538c8ac2fa107d
InService
Healthy
{}
i-0395b1c8aa48ec779
InService
Healthy
{}
[2022-04-16T02:41:47]==============================[SCALING RUN 2: CHUNK 13]==============================
02:41:47 I logger.go:127> Log level is now 4 Error (was 2 Info)
Fortio 1.19.0 running at -1 queries per second, 2->2 procs, for 1m0s: http://asg-1-lb-511506984.us-east-1.elb.amazonaws.com:80/test.html
Aggregated Function Time : count 4019072 avg 0.0010446944 +/- 0.0008286 min 0.00052448 max 0.212476005 sum 4198.70199
# target 50% 0.00526242
# target 75% 0.0076314
# target 90% 0.00905278
# target 99% 0.00990561
# target 99.9% 0.00999089
Sockets used: 39828 (for perfect keepalive, would be 70)
Jitter: false
Code 200 : 4019072 (100.0 %)
All done 4019072 calls (plus 70 warmup) 1.045 ms avg, 66982.4 qps
Successfully wrote 2719 bytes of Json data to 2022-04-16-024147_asg_apache_3_scaling_2_13.json
fortio exit code: 0
[2022-04-16T02:42:47]==============================[STATS]
jh CPU load avg:
1.98 1.49 1.21 1/165 1333
i-02f088bf506d40728
InService
Healthy
{}
i-036538c8ac2fa107d
InService
Healthy
{}
i-0395b1c8aa48ec779
InService
Healthy
{}
[2022-04-16T02:42:47]==============================[SCALING RUN 2: CHUNK 14]==============================
02:42:47 I logger.go:127> Log level is now 4 Error (was 2 Info)
Fortio 1.19.0 running at -1 queries per second, 2->2 procs, for 1m0s: http://asg-1-lb-511506984.us-east-1.elb.amazonaws.com:80/test.html
Aggregated Function Time : count 4050352 avg 0.0010366245 +/- 0.0008227 min 0.000531107 max 0.212599681 sum 4198.69431
# target 50% 0.00526567
# target 75% 0.00763295
# target 90% 0.00905332
# target 99% 0.00990554
# target 99.9% 0.00999076
Sockets used: 40136 (for perfect keepalive, would be 70)
Jitter: false
Code 200 : 4050352 (100.0 %)
All done 4050352 calls (plus 70 warmup) 1.037 ms avg, 67504.2 qps
Successfully wrote 2370 bytes of Json data to 2022-04-16-024247_asg_apache_3_scaling_2_14.json
fortio exit code: 0
[2022-04-16T02:43:47]==============================[STATS]
jh CPU load avg:
2.08 1.60 1.27 1/165 1350
i-02f088bf506d40728
InService
Healthy
{}
i-036538c8ac2fa107d
InService
Healthy
{}
i-0395b1c8aa48ec779
InService
Healthy
{}
[2022-04-16T02:43:48]==============================[SCALING RUN 3: INIT]==============================
{
    "Alarms": [
        {
            "AlarmName": "TargetTracking-asg-1-myASG-AlarmHigh-e2d9c2f0-e701-48b9-852c-5035090afdaa", 
            "AlarmARN": "arn:aws:cloudwatch:us-east-1:445967158734:alarm:TargetTracking-asg-1-myASG-AlarmHigh-e2d9c2f0-e701-48b9-852c-5035090afdaa"
        }, 
        {
            "AlarmName": "TargetTracking-asg-1-myASG-AlarmLow-a61adc0c-3365-432d-a87a-ab076cb0acbb", 
            "AlarmARN": "arn:aws:cloudwatch:us-east-1:445967158734:alarm:TargetTracking-asg-1-myASG-AlarmLow-a61adc0c-3365-432d-a87a-ab076cb0acbb"
        }
    ], 
    "PolicyARN": "arn:aws:autoscaling:us-east-1:445967158734:scalingPolicy:5603dc6b-244b-4dc3-af3e-f6de4c8143f0:autoScalingGroupName/asg-1-myASG:policyName/asg-1-AppServerSP-12ROPQOQ5UR5L"
}
scaling to 1
[2022-04-16T02:43:50]==============================[SCALING RUN 3: ENABLE SCALING - SLEEP]==============================
{
    "Alarms": [
        {
            "AlarmName": "TargetTracking-asg-1-myASG-AlarmHigh-04c69c75-2e55-441c-9ced-6382931a143b", 
            "AlarmARN": "arn:aws:cloudwatch:us-east-1:445967158734:alarm:TargetTracking-asg-1-myASG-AlarmHigh-04c69c75-2e55-441c-9ced-6382931a143b"
        }, 
        {
            "AlarmName": "TargetTracking-asg-1-myASG-AlarmLow-8770916d-6f4e-45d0-965c-a2781b087693", 
            "AlarmARN": "arn:aws:cloudwatch:us-east-1:445967158734:alarm:TargetTracking-asg-1-myASG-AlarmLow-8770916d-6f4e-45d0-965c-a2781b087693"
        }
    ], 
    "PolicyARN": "arn:aws:autoscaling:us-east-1:445967158734:scalingPolicy:5603dc6b-244b-4dc3-af3e-f6de4c8143f0:autoScalingGroupName/asg-1-myASG:policyName/asg-1-AppServerSP-12ROPQOQ5UR5L"
}
[2022-04-16T02:46:51]==============================[SCALING RUN 3: FORTIO]==============================
[2022-04-16T02:46:51]==============================[STATS]
jh CPU load avg:
0.15 0.87 1.04 1/164 1379
i-036538c8ac2fa107d
InService
Healthy
{}
[2022-04-16T02:46:52]==============================[SCALING RUN 3: CHUNK 1]==============================
02:46:52 I logger.go:127> Log level is now 4 Error (was 2 Info)
Fortio 1.19.0 running at -1 queries per second, 2->2 procs, for 1m0s: http://asg-1-lb-511506984.us-east-1.elb.amazonaws.com:80/test.html
Aggregated Function Time : count 1245078 avg 0.0033730301 +/- 0.002276 min 0.000553545 max 0.216278448 sum 4199.68561
# target 50% 0.0053114
# target 75% 0.00769033
# target 90% 0.00911769
# target 99% 0.0099741
# target 99.9% 0.0246979
Sockets used: 12369 (for perfect keepalive, would be 70)
Jitter: false
Code 200 : 1245078 (100.0 %)
All done 1245078 calls (plus 70 warmup) 3.373 ms avg, 20750.1 qps
Successfully wrote 3320 bytes of Json data to 2022-04-16-024657_asg_apache_3_scaling_3_1.json
fortio exit code: 0
[2022-04-16T02:47:57]==============================[STATS]
jh CPU load avg:
0.39 0.82 1.01 1/164 1396
i-036538c8ac2fa107d
InService
Healthy
{}
[2022-04-16T02:47:57]==============================[SCALING RUN 3: CHUNK 2]==============================
02:47:57 I logger.go:127> Log level is now 4 Error (was 2 Info)
Fortio 1.19.0 running at -1 queries per second, 2->2 procs, for 1m0s: http://asg-1-lb-511506984.us-east-1.elb.amazonaws.com:80/test.html
Aggregated Function Time : count 1250452 avg 0.0033585356 +/- 0.002229 min 0.00054997 max 1.009798916 sum 4199.68762
# target 50% 0.00528031
# target 75% 0.00764548
# target 90% 0.00906458
# target 99% 0.00991605
# target 99.9% 0.0111881
Sockets used: 12418 (for perfect keepalive, would be 70)
Jitter: false
Code 200 : 1250452 (100.0 %)
All done 1250452 calls (plus 70 warmup) 3.359 ms avg, 20839.7 qps
Successfully wrote 3187 bytes of Json data to 2022-04-16-024758_asg_apache_3_scaling_3_2.json
fortio exit code: 0
[2022-04-16T02:48:58]==============================[STATS]
jh CPU load avg:
0.50 0.76 0.97 1/164 1413
i-036538c8ac2fa107d
InService
Healthy
{}
[2022-04-16T02:48:58]==============================[SCALING RUN 3: CHUNK 3]==============================
02:48:58 I logger.go:127> Log level is now 4 Error (was 2 Info)
Fortio 1.19.0 running at -1 queries per second, 2->2 procs, for 1m0s: http://asg-1-lb-511506984.us-east-1.elb.amazonaws.com:80/test.html
Aggregated Function Time : count 1219622 avg 0.0034434262 +/- 0.001508 min 0.000557217 max 0.214708267 sum 4199.67835
# target 50% 0.00528773
# target 75% 0.00765299
# target 90% 0.00907215
# target 99% 0.00992364
# target 99.9% 0.0150938
Sockets used: 12107 (for perfect keepalive, would be 70)
Jitter: false
Code 200 : 1219622 (100.0 %)
All done 1219622 calls (plus 70 warmup) 3.443 ms avg, 20326.0 qps
Successfully wrote 2718 bytes of Json data to 2022-04-16-024858_asg_apache_3_scaling_3_3.json
fortio exit code: 0
[2022-04-16T02:49:58]==============================[STATS]
jh CPU load avg:
0.55 0.73 0.95 1/164 1431
i-036538c8ac2fa107d
InService
Healthy
{}
[2022-04-16T02:49:59]==============================[SCALING RUN 3: CHUNK 4]==============================
02:49:59 I logger.go:127> Log level is now 4 Error (was 2 Info)
Fortio 1.19.0 running at -1 queries per second, 2->2 procs, for 1m0s: http://asg-1-lb-511506984.us-east-1.elb.amazonaws.com:80/test.html
Aggregated Function Time : count 1238451 avg 0.0033910724 +/- 0.001798 min 0.000548089 max 1.011312318 sum 4199.67696
# target 50% 0.00527919
# target 75% 0.00764475
# target 90% 0.00906408
# target 99% 0.00991568
# target 99.9% 0.0108705
Sockets used: 12293 (for perfect keepalive, would be 70)
Jitter: false
Code 200 : 1238451 (100.0 %)
All done 1238451 calls (plus 70 warmup) 3.391 ms avg, 20639.8 qps
Successfully wrote 2600 bytes of Json data to 2022-04-16-024959_asg_apache_3_scaling_3_4.json
fortio exit code: 0
[2022-04-16T02:50:59]==============================[STATS]
jh CPU load avg:
0.60 0.72 0.93 1/165 1454
i-036538c8ac2fa107d
InService
Healthy
{}
[2022-04-16T02:51:00]==============================[SCALING RUN 3: CHUNK 5]==============================
02:51:00 I logger.go:127> Log level is now 4 Error (was 2 Info)
Fortio 1.19.0 running at -1 queries per second, 2->2 procs, for 1m0s: http://asg-1-lb-511506984.us-east-1.elb.amazonaws.com:80/test.html
02:51:58 E http_client.go:671> Unable to connect to 3.92.100.227:80 : dial tcp 3.92.100.227:80: connect: connection refused
02:51:58 E http_client.go:671> Unable to connect to 3.92.100.227:80 : dial tcp 3.92.100.227:80: connect: connection refused
02:51:58 E http_client.go:671> Unable to connect to 3.92.100.227:80 : dial tcp 3.92.100.227:80: connect: connection refused
02:51:58 E http_client.go:671> Unable to connect to 3.92.100.227:80 : dial tcp 3.92.100.227:80: connect: connection refused
02:51:58 E http_client.go:671> Unable to connect to 3.92.100.227:80 : dial tcp 3.92.100.227:80: connect: connection refused
02:51:58 E http_client.go:671> Unable to connect to 3.92.100.227:80 : dial tcp 3.92.100.227:80: connect: connection refused
02:51:58 E http_client.go:671> Unable to connect to 3.92.100.227:80 : dial tcp 3.92.100.227:80: connect: connection refused
02:51:58 E http_client.go:671> Unable to connect to 3.92.100.227:80 : dial tcp 3.92.100.227:80: connect: connection refused
02:51:58 E http_client.go:671> Unable to connect to 3.92.100.227:80 : dial tcp 3.92.100.227:80: connect: connection refused
02:51:58 E http_client.go:671> Unable to connect to 3.92.100.227:80 : dial tcp 3.92.100.227:80: connect: connection refused
02:51:58 E http_client.go:671> Unable to connect to 3.92.100.227:80 : dial tcp 3.92.100.227:80: connect: connection refused
02:51:58 E http_client.go:671> Unable to connect to 3.92.100.227:80 : dial tcp 3.92.100.227:80: connect: connection refused
02:51:58 E http_client.go:671> Unable to connect to 3.92.100.227:80 : dial tcp 3.92.100.227:80: connect: connection refused
02:51:58 E http_client.go:671> Unable to connect to 3.92.100.227:80 : dial tcp 3.92.100.227:80: connect: connection refused
02:51:58 E http_client.go:671> Unable to connect to 3.92.100.227:80 : dial tcp 3.92.100.227:80: connect: connection refused
02:51:58 E http_client.go:671> Unable to connect to 3.92.100.227:80 : dial tcp 3.92.100.227:80: connect: connection refused
02:51:58 E http_client.go:671> Unable to connect to 3.92.100.227:80 : dial tcp 3.92.100.227:80: connect: connection refused
02:51:58 E http_client.go:671> Unable to connect to 3.92.100.227:80 : dial tcp 3.92.100.227:80: connect: connection refused
02:51:58 E http_client.go:671> Unable to connect to 3.92.100.227:80 : dial tcp 3.92.100.227:80: connect: connection refused
Aggregated Function Time : count 1248193 avg 0.0033645811 +/- 0.001496 min 0.000556487 max 0.212891932 sum 4199.64658
# target 50% 0.00528507
# target 75% 0.00764936
# target 90% 0.00906794
# target 99% 0.00991908
# target 99.9% 0.0133523
Sockets used: 12431 (for perfect keepalive, would be 70)
Jitter: false
Code  -1 : 19 (0.0 %)
Code 200 : 1248174 (100.0 %)
All done 1248193 calls (plus 70 warmup) 3.365 ms avg, 20802.1 qps
Successfully wrote 2969 bytes of Json data to 2022-04-16-025100_asg_apache_3_scaling_3_5.json
fortio exit code: 0
[2022-04-16T02:52:00]==============================[STATS]
jh CPU load avg:
0.76 0.74 0.92 1/165 1472
i-036538c8ac2fa107d
InService
Healthy
{}
i-0e5bee9a204d45fcf
InService
Healthy
{}
[2022-04-16T02:52:00]==============================[SCALING RUN 3: CHUNK 6]==============================
02:52:00 I logger.go:127> Log level is now 4 Error (was 2 Info)
Fortio 1.19.0 running at -1 queries per second, 2->2 procs, for 1m0s: http://asg-1-lb-511506984.us-east-1.elb.amazonaws.com:80/test.html
Aggregated Function Time : count 2467601 avg 0.0017017448 +/- 0.004543 min 0.000548513 max 1.018555049 sum 4199.22718
# target 50% 0.00528616
# target 75% 0.00765499
# target 90% 0.00907629
# target 99% 0.00992907
# target 99.9% 0.0176077
Sockets used: 24461 (for perfect keepalive, would be 70)
Jitter: false
Code 200 : 2467601 (100.0 %)
All done 2467601 calls (plus 70 warmup) 1.702 ms avg, 41125.4 qps
Successfully wrote 5137 bytes of Json data to 2022-04-16-025201_asg_apache_3_scaling_3_6.json
fortio exit code: 0
[2022-04-16T02:53:01]==============================[STATS]
jh CPU load avg:
0.90 0.78 0.92 1/165 1490
i-036538c8ac2fa107d
InService
Healthy
{}
i-0e5bee9a204d45fcf
InService
Healthy
{}
[2022-04-16T02:53:01]==============================[SCALING RUN 3: CHUNK 7]==============================
02:53:01 I logger.go:127> Log level is now 4 Error (was 2 Info)
Fortio 1.19.0 running at -1 queries per second, 2->2 procs, for 1m0s: http://asg-1-lb-511506984.us-east-1.elb.amazonaws.com:80/test.html
Aggregated Function Time : count 2707271 avg 0.0015510735 +/- 0.001117 min 0.00054802 max 1.010759604 sum 4199.17637
# target 50% 0.00527563
# target 75% 0.00763944
# target 90% 0.00905773
# target 99% 0.0099087
# target 99.9% 0.0099938
Sockets used: 26842 (for perfect keepalive, would be 70)
Jitter: false
Code 200 : 2707271 (100.0 %)
All done 2707271 calls (plus 70 warmup) 1.551 ms avg, 45119.9 qps
Successfully wrote 2597 bytes of Json data to 2022-04-16-025301_asg_apache_3_scaling_3_7.json
fortio exit code: 0
[2022-04-16T02:54:01]==============================[STATS]
jh CPU load avg:
1.12 0.89 0.95 1/165 1507
i-036538c8ac2fa107d
InService
Healthy
{}
i-0e5bee9a204d45fcf
InService
Healthy
{}
[2022-04-16T02:54:02]==============================[SCALING RUN 3: CHUNK 8]==============================
02:54:02 I logger.go:127> Log level is now 4 Error (was 2 Info)
Fortio 1.19.0 running at -1 queries per second, 2->2 procs, for 1m0s: http://asg-1-lb-511506984.us-east-1.elb.amazonaws.com:80/test.html
Aggregated Function Time : count 2691915 avg 0.0015599246 +/- 0.000924 min 0.000553485 max 0.212350415 sum 4199.18449
# target 50% 0.0052794
# target 75% 0.00764236
# target 90% 0.00906014
# target 99% 0.0099108
# target 99.9% 0.00999587
Sockets used: 26684 (for perfect keepalive, would be 70)
Jitter: false
Code 200 : 2691915 (100.0 %)
All done 2691915 calls (plus 70 warmup) 1.560 ms avg, 44863.6 qps
Successfully wrote 2723 bytes of Json data to 2022-04-16-025403_asg_apache_3_scaling_3_8.json
fortio exit code: 0
[2022-04-16T02:55:03]==============================[STATS]
jh CPU load avg:
1.29 0.98 0.99 1/165 1529
i-036538c8ac2fa107d
InService
Healthy
{}
i-0e5bee9a204d45fcf
InService
Healthy
{}
[2022-04-16T02:55:03]==============================[SCALING RUN 3: CHUNK 9]==============================
02:55:03 I logger.go:127> Log level is now 4 Error (was 2 Info)
Fortio 1.19.0 running at -1 queries per second, 2->2 procs, for 1m0s: http://asg-1-lb-511506984.us-east-1.elb.amazonaws.com:80/test.html
Aggregated Function Time : count 2693878 avg 0.0015587815 +/- 0.0009498 min 0.000548844 max 0.211982996 sum 4199.16726
# target 50% 0.00527637
# target 75% 0.00764013
# target 90% 0.00905839
# target 99% 0.00990935
# target 99.9% 0.00999444
Sockets used: 26706 (for perfect keepalive, would be 70)
Jitter: false
Code 200 : 2693878 (100.0 %)
All done 2693878 calls (plus 70 warmup) 1.559 ms avg, 44895.7 qps
Successfully wrote 2482 bytes of Json data to 2022-04-16-025503_asg_apache_3_scaling_3_9.json
fortio exit code: 0
[2022-04-16T02:56:03]==============================[STATS]
jh CPU load avg:
1.20 1.02 1.00 1/165 1547
i-036538c8ac2fa107d
InService
Healthy
{}
i-0e5bee9a204d45fcf
InService
Healthy
{}
[2022-04-16T02:56:04]==============================[SCALING RUN 3: CHUNK 10]==============================
02:56:04 I logger.go:127> Log level is now 4 Error (was 2 Info)
Fortio 1.19.0 running at -1 queries per second, 2->2 procs, for 1m0s: http://asg-1-lb-511506984.us-east-1.elb.amazonaws.com:80/test.html
Aggregated Function Time : count 2707608 avg 0.0015508761 +/- 0.001097 min 0.00054447 max 1.008868968 sum 4199.16452
# target 50% 0.0052731
# target 75% 0.00763741
# target 90% 0.009056
# target 99% 0.00990716
# target 99.9% 0.00999227
Sockets used: 26841 (for perfect keepalive, would be 70)
Jitter: false
Code 200 : 2707608 (100.0 %)
All done 2707608 calls (plus 70 warmup) 1.551 ms avg, 45125.6 qps
Successfully wrote 2596 bytes of Json data to 2022-04-16-025604_asg_apache_3_scaling_3_10.json
fortio exit code: 0
[2022-04-16T02:57:04]==============================[STATS]
jh CPU load avg:
1.30 1.09 1.03 1/165 1565
i-036538c8ac2fa107d
InService
Healthy
{}
i-0e5bee9a204d45fcf
InService
Healthy
{}
[2022-04-16T02:57:05]==============================[SCALING RUN 3: CHUNK 11]==============================
02:57:05 I logger.go:127> Log level is now 4 Error (was 2 Info)
Fortio 1.19.0 running at -1 queries per second, 2->2 procs, for 1m0s: http://asg-1-lb-511506984.us-east-1.elb.amazonaws.com:80/test.html
02:57:53 E http_client.go:787> Read error &{{0xc0011f9380}} 3.92.100.227:80 0 : read tcp 172.31.83.211:51296->3.92.100.227:80: read: connection reset by peer
02:57:53 E http_client.go:671> Unable to connect to 3.92.100.227:80 : dial tcp 3.92.100.227:80: connect: connection refused
Aggregated Function Time : count 2675582 avg 0.0015819029 +/- 0.006339 min 0.000551571 max 2.512778241 sum 4232.51104
# target 50% 0.00527751
# target 75% 0.00764048
# target 90% 0.00905827
# target 99% 0.00990894
# target 99.9% 0.009994
Sockets used: 26538 (for perfect keepalive, would be 70)
Jitter: false
Code  -1 : 2 (0.0 %)
Code 200 : 2675580 (100.0 %)
All done 2675582 calls (plus 70 warmup) 1.582 ms avg, 42907.6 qps
Successfully wrote 4905 bytes of Json data to 2022-04-16-025705_asg_apache_3_scaling_3_11.json
fortio exit code: 0
[2022-04-16T02:58:08]==============================[STATS]
jh CPU load avg:
1.35 1.15 1.05 1/165 1582
i-036538c8ac2fa107d
InService
Healthy
{}
i-0e5bee9a204d45fcf
InService
Healthy
{}
i-0e843c78fa6049d7b
InService
Healthy
{}
[2022-04-16T02:58:08]==============================[SCALING RUN 3: CHUNK 12]==============================
02:58:08 I logger.go:127> Log level is now 4 Error (was 2 Info)
Fortio 1.19.0 running at -1 queries per second, 2->2 procs, for 1m0s: http://asg-1-lb-511506984.us-east-1.elb.amazonaws.com:80/test.html
Aggregated Function Time : count 3122479 avg 0.0013447567 +/- 0.0007266 min 0.000551767 max 0.213611594 sum 4198.97458
# target 50% 0.00527615
# target 75% 0.00763834
# target 90% 0.00905566
# target 99% 0.00990605
# target 99.9% 0.00999109
Sockets used: 30953 (for perfect keepalive, would be 70)
Jitter: false
Code 200 : 3122479 (100.0 %)
All done 3122479 calls (plus 70 warmup) 1.345 ms avg, 52039.3 qps
Successfully wrote 2482 bytes of Json data to 2022-04-16-025809_asg_apache_3_scaling_3_12.json
fortio exit code: 0
[2022-04-16T02:59:09]==============================[STATS]
jh CPU load avg:
1.04 1.11 1.05 1/165 1599
i-036538c8ac2fa107d
InService
Healthy
{}
i-0e5bee9a204d45fcf
InService
Healthy
{}
i-0e843c78fa6049d7b
InService
Healthy
{}
[2022-04-16T02:59:09]==============================[SCALING RUN 3: CHUNK 13]==============================
02:59:09 I logger.go:127> Log level is now 4 Error (was 2 Info)
Fortio 1.19.0 running at -1 queries per second, 2->2 procs, for 1m0s: http://asg-1-lb-511506984.us-east-1.elb.amazonaws.com:80/test.html
Aggregated Function Time : count 2888276 avg 0.0014537825 +/- 0.001151 min 0.000553448 max 0.212928291 sum 4198.92512
# target 50% 0.00528418
# target 75% 0.00764954
# target 90% 0.00906876
# target 99% 0.0099203
# target 99.9% 0.0141181
Sockets used: 28631 (for perfect keepalive, would be 70)
Jitter: false
Code 200 : 2888276 (100.0 %)
All done 2888276 calls (plus 70 warmup) 1.454 ms avg, 48137.6 qps
Successfully wrote 2607 bytes of Json data to 2022-04-16-025909_asg_apache_3_scaling_3_13.json
fortio exit code: 0
[2022-04-16T03:00:09]==============================[STATS]
jh CPU load avg:
1.55 1.21 1.08 1/165 1623
i-036538c8ac2fa107d
InService
Healthy
{}
i-0e5bee9a204d45fcf
InService
Healthy
{}
i-0e843c78fa6049d7b
InService
Healthy
{}
[2022-04-16T03:00:10]==============================[SCALING RUN 3: CHUNK 14]==============================
03:00:10 I logger.go:127> Log level is now 4 Error (was 2 Info)
Fortio 1.19.0 running at -1 queries per second, 2->2 procs, for 1m0s: http://asg-1-lb-511506984.us-east-1.elb.amazonaws.com:80/test.html
Aggregated Function Time : count 3090708 avg 0.0013586229 +/- 0.0009319 min 0.000549191 max 0.212219361 sum 4199.10657
# target 50% 0.0052756
# target 75% 0.00763881
# target 90% 0.00905673
# target 99% 0.00990749
# target 99.9% 0.00999256
Sockets used: 30629 (for perfect keepalive, would be 70)
Jitter: false
Code 200 : 3090708 (100.0 %)
All done 3090708 calls (plus 70 warmup) 1.359 ms avg, 51424.8 qps
Successfully wrote 2840 bytes of Json data to 2022-04-16-030010_asg_apache_3_scaling_3_14.json
fortio exit code: 0
[2022-04-16T03:01:10]==============================[STATS]
jh CPU load avg:
1.88 1.36 1.14 1/165 1655
i-036538c8ac2fa107d
InService
Healthy
{}
i-0e5bee9a204d45fcf
InService
Healthy
{}
i-0e843c78fa6049d7b
InService
Healthy
{}
[2022-04-16T03:05:12]==============================[GET DATA]==============================
2022-04-16T01:03:55..2022-04-16T03:05:12
asg-1-myASG
asg-1-lb
44K alb_data.json
28K asg_data.json
[2022-04-16T03:05:13]==============================[UPLOAD /2022.04.16_01-02_asg_apache_3_41cf]==============================
Warning: Permanently added '34.125.40.213' (ECDSA) to the list of known hosts.
