+ git log -3
commit 7945b8227d8ba038fc3077642d3fb2aee6517aa0
Author: Your Name <you@example.com>
Date:   Wed Jun 1 18:50:58 2022 +1200

    consistent naming

commit 803b63352b968694a3ce9314c8a255f7e35dadd6
Author: Your Name <you@example.com>
Date:   Wed Jun 1 01:34:58 2022 +1200

    add CPU decimals

commit 82c9094cf7ee967b6b89cc1bbab7b484cca1a4e9
Author: Your Name <you@example.com>
Date:   Tue May 31 09:41:10 2022 +1200

    more tests, backup old csv
++ cut -d _ -f 2
+ app=riwai
+ export AWS_DEFAULT_REGION=us-east-1
+ AWS_DEFAULT_REGION=us-east-1
+ line===============================
++ date +%FT%T
+ echo '[2022-06-02T23:04:34]==============================[starting' in '/tmp/k8s-vs-ASG/data/cli]=============================='
[2022-06-02T23:04:34]==============================[starting in /tmp/k8s-vs-ASG/data/cli]==============================
+ source 0.setup.sh
++ set -x
++ '[' asg_riwai_3 == k8s_apache_3 ']'
++ '[' asg_riwai_3 == asg_apache_3 ']'
++ '[' asg_riwai_3 == k8s_apache2_3 ']'
++ '[' asg_riwai_3 == k8s_apache2_3new ']'
++ '[' asg_riwai_3 == k8s_taewa_3 ']'
++ '[' asg_riwai_3 == k8s_taewa2_3 ']'
++ '[' asg_riwai_3 == asg_taewa_3 ']'
++ '[' asg_riwai_3 == k8s_taewa_3lite ']'
++ '[' asg_riwai_3 == asg_taewa_3lite ']'
++ '[' asg_riwai_3 == k8s_taewa_3extra ']'
++ '[' asg_riwai_3 == asg_taewa_3extra ']'
++ '[' asg_riwai_3 == k8s_taewa_6 ']'
++ '[' asg_riwai_3 == asg_taewa_6 ']'
++ '[' asg_riwai_3 == k8s_riwai_3 ']'
++ '[' asg_riwai_3 == asg_riwai_3 ']'
++ warmup_url='3000/?n=20000'
++ testing_url='3000/?n=20000'
++ cpu_perc=35
++ warmup_min_threads=15
++ warmup_max_threads=25
++ warmup_cycle_sec=90
++ scaling_minutes=14
++ performance_sec=300
++ max_capacity=3
++ fortio_options='-a -qps -1 -r 0.01 -loglevel Error -allow-initial-errors'
++ '[' asg_riwai_3 == asg_raupi_3 ']'
++ '[' asg_riwai_3 == asg_raupi_3_70 ']'
++ '[' asg_riwai_3 == k8s_raupi_3 ']'
++ '[' asg_riwai_3 == k8s_raupi2_3 ']'
++ set +x
{
    "Account": "818474851473", 
    "UserId": "AIDA35EHHDSI55WA7LDA5", 
    "Arn": "arn:aws:iam::818474851473:user/ad1"
}
[2022-06-02T23:04:39] waiting for instances ...
scaling to 3
{
    "HealthCheck": {
        "HealthyThreshold": 2, 
        "Interval": 10, 
        "Target": "HTTP:3000/?n=20000", 
        "Timeout": 5, 
        "UnhealthyThreshold": 6
    }
}
  % Total    % Received % Xferd  Average Speed   Time    Time     Time  Current
                                 Dload  Upload   Total   Spent    Left  Speed
  0     0    0     0    0     0      0      0 --:--:-- --:--:-- --:--:--     0100    44  100    44    0     0   5645      0 --:--:-- --:--:-- --:--:--  6285
The result of xrss run is :  4971.1695008402
[2022-06-02T23:09:43]==============================[STATS]
jh CPU load avg:
0.04 0.19 0.14 1/162 2882
i-039604a79585e26e0
InService
Healthy
{}
i-0552dd5d6e60a95d8
InService
Healthy
{}
i-0ff8824973ee1f54b
InService
Healthy
{}
[2022-06-02T23:09:44]==============================[WARMUP RUN c15]==============================
23:09:44 I logger.go:127> Log level is now 4 Error (was 2 Info)
Fortio 1.19.0 running at -1 queries per second, 2->2 procs, for 1m30s: http://asg-1-lb-871559262.us-east-1.elb.amazonaws.com:3000/?n=20000
Aggregated Function Time : count 143144 avg 0.0094310333 +/- 0.003205 min 0.001335048 max 0.061732769 sum 1349.99584
# target 50% 0.00677294
# target 75% 0.00949193
# target 90% 0.0152176
# target 99% 0.0197641
# target 99.9% 0.0285262
Sockets used: 15 (for perfect keepalive, would be 15)
Jitter: false
Code 200 : 143144 (100.0 %)
All done 143144 calls (plus 15 warmup) 9.431 ms avg, 1590.3 qps
Successfully wrote 2563 bytes of Json data to 2022-06-02-230944_asg_riwai_3_warmup_15.json
fortio exit code: 0
[2022-06-02T23:11:14]==============================[STATS]
jh CPU load avg:
0.05 0.16 0.13 1/164 2906
i-039604a79585e26e0
InService
Healthy
{}
i-0552dd5d6e60a95d8
InService
Healthy
{}
i-0ff8824973ee1f54b
InService
Healthy
{}
[2022-06-02T23:12:15]==============================[STATS]
jh CPU load avg:
0.02 0.12 0.11 1/164 2916
i-039604a79585e26e0
InService
Healthy
{}
i-0552dd5d6e60a95d8
InService
Healthy
{}
i-0ff8824973ee1f54b
InService
Healthy
{}
[2022-06-02T23:12:16]==============================[WARMUP RUN c16]==============================
23:12:16 I logger.go:127> Log level is now 4 Error (was 2 Info)
Fortio 1.19.0 running at -1 queries per second, 2->2 procs, for 1m30s: http://asg-1-lb-871559262.us-east-1.elb.amazonaws.com:3000/?n=20000
Aggregated Function Time : count 374348 avg 0.0038464254 +/- 0.001856 min 0.001102751 max 0.041340974 sum 1439.90165
# target 50% 0.0055769
# target 75% 0.00781399
# target 90% 0.00915625
# target 99% 0.0099616
# target 99.9% 0.0183896
Sockets used: 16 (for perfect keepalive, would be 16)
Jitter: false
Code 200 : 374348 (100.0 %)
All done 374348 calls (plus 16 warmup) 3.846 ms avg, 4159.2 qps
Successfully wrote 2204 bytes of Json data to 2022-06-02-231216_asg_riwai_3_warmup_16.json
fortio exit code: 0
[2022-06-02T23:13:46]==============================[STATS]
jh CPU load avg:
0.37 0.21 0.14 1/164 2934
i-039604a79585e26e0
InService
Healthy
{}
i-0552dd5d6e60a95d8
InService
Healthy
{}
i-0ff8824973ee1f54b
InService
Healthy
{}
[2022-06-02T23:14:47]==============================[STATS]
jh CPU load avg:
0.13 0.17 0.13 1/163 2943
i-039604a79585e26e0
InService
Healthy
{}
i-0552dd5d6e60a95d8
InService
Healthy
{}
i-0ff8824973ee1f54b
InService
Healthy
{}
[2022-06-02T23:14:48]==============================[WARMUP RUN c17]==============================
23:14:48 I logger.go:127> Log level is now 4 Error (was 2 Info)
Fortio 1.19.0 running at -1 queries per second, 2->2 procs, for 1m30s: http://asg-1-lb-871559262.us-east-1.elb.amazonaws.com:3000/?n=20000
Aggregated Function Time : count 366756 avg 0.0041714903 +/- 0.00203 min 0.001113603 max 0.215823545 sum 1529.91909
# target 50% 0.00558692
# target 75% 0.00782358
# target 90% 0.00916559
# target 99% 0.00997079
# target 99.9% 0.0186911
Sockets used: 17 (for perfect keepalive, would be 17)
Jitter: false
Code 200 : 366756 (100.0 %)
All done 366756 calls (plus 17 warmup) 4.171 ms avg, 4074.9 qps
Successfully wrote 2323 bytes of Json data to 2022-06-02-231448_asg_riwai_3_warmup_17.json
fortio exit code: 0
[2022-06-02T23:16:18]==============================[STATS]
jh CPU load avg:
0.18 0.18 0.14 1/162 2962
i-039604a79585e26e0
InService
Healthy
{}
i-0552dd5d6e60a95d8
InService
Healthy
{}
i-0ff8824973ee1f54b
InService
Healthy
{}
[2022-06-02T23:17:19]==============================[STATS]
jh CPU load avg:
0.06 0.14 0.12 1/162 2971
i-039604a79585e26e0
InService
Healthy
{}
i-0552dd5d6e60a95d8
InService
Healthy
{}
i-0ff8824973ee1f54b
InService
Healthy
{}
[2022-06-02T23:17:19]==============================[WARMUP RUN c18]==============================
23:17:19 I logger.go:127> Log level is now 4 Error (was 2 Info)
Fortio 1.19.0 running at -1 queries per second, 2->2 procs, for 1m30s: http://asg-1-lb-871559262.us-east-1.elb.amazonaws.com:3000/?n=20000
Aggregated Function Time : count 373353 avg 0.0043388351 +/- 0.002067 min 0.001156568 max 0.065191558 sum 1619.91711
# target 50% 0.00561584
# target 75% 0.00784548
# target 90% 0.00918327
# target 99% 0.00998594
# target 99.9% 0.0194563
Sockets used: 18 (for perfect keepalive, would be 18)
Jitter: false
Code 200 : 373353 (100.0 %)
All done 373353 calls (plus 18 warmup) 4.339 ms avg, 4148.1 qps
Successfully wrote 2563 bytes of Json data to 2022-06-02-231719_asg_riwai_3_warmup_18.json
fortio exit code: 0
[2022-06-02T23:18:49]==============================[STATS]
jh CPU load avg:
0.47 0.25 0.16 1/162 2991
i-039604a79585e26e0
InService
Healthy
{}
i-0552dd5d6e60a95d8
InService
Healthy
{}
i-0ff8824973ee1f54b
InService
Healthy
{}
[2022-06-02T23:19:50]==============================[STATS]
jh CPU load avg:
0.17 0.20 0.15 1/162 3000
i-039604a79585e26e0
InService
Healthy
{}
i-0552dd5d6e60a95d8
InService
Healthy
{}
i-0ff8824973ee1f54b
InService
Healthy
{}
[2022-06-02T23:19:51]==============================[WARMUP RUN c19]==============================
23:19:51 I logger.go:127> Log level is now 4 Error (was 2 Info)
Fortio 1.19.0 running at -1 queries per second, 2->2 procs, for 1m30s: http://asg-1-lb-871559262.us-east-1.elb.amazonaws.com:3000/?n=20000
Aggregated Function Time : count 368043 avg 0.0046459794 +/- 0.002245 min 0.001137992 max 0.073382761 sum 1709.9202
# target 50% 0.00561885
# target 75% 0.00785929
# target 90% 0.00920356
# target 99% 0.0111023
# target 99.9% 0.0198885
Sockets used: 19 (for perfect keepalive, would be 19)
Jitter: false
Code 200 : 368043 (100.0 %)
All done 368043 calls (plus 19 warmup) 4.646 ms avg, 4089.1 qps
Successfully wrote 2562 bytes of Json data to 2022-06-02-231951_asg_riwai_3_warmup_19.json
fortio exit code: 0
[2022-06-02T23:21:21]==============================[STATS]
jh CPU load avg:
0.16 0.20 0.16 1/164 3025
i-039604a79585e26e0
InService
Healthy
{}
i-0552dd5d6e60a95d8
InService
Healthy
{}
i-0ff8824973ee1f54b
InService
Healthy
{}
[2022-06-02T23:22:21]==============================[STATS]
jh CPU load avg:
0.06 0.16 0.14 1/164 3034
i-039604a79585e26e0
InService
Healthy
{}
i-0552dd5d6e60a95d8
InService
Healthy
{}
i-0ff8824973ee1f54b
InService
Healthy
{}
[2022-06-02T23:22:22]==============================[WARMUP RUN c20]==============================
23:22:22 I logger.go:127> Log level is now 4 Error (was 2 Info)
Fortio 1.19.0 running at -1 queries per second, 2->2 procs, for 1m30s: http://asg-1-lb-871559262.us-east-1.elb.amazonaws.com:3000/?n=20000
Aggregated Function Time : count 378014 avg 0.0047615218 +/- 0.002247 min 0.001135812 max 0.039573245 sum 1799.92189
# target 50% 0.00568326
# target 75% 0.007957
# target 90% 0.00932124
# target 99% 0.0161532
# target 99.9% 0.0197564
Sockets used: 20 (for perfect keepalive, would be 20)
Jitter: false
Code 200 : 378014 (100.0 %)
All done 378014 calls (plus 20 warmup) 4.762 ms avg, 4199.8 qps
Successfully wrote 2207 bytes of Json data to 2022-06-02-232222_asg_riwai_3_warmup_20.json
fortio exit code: 0
[2022-06-02T23:23:52]==============================[STATS]
jh CPU load avg:
0.08 0.14 0.14 1/164 3052
i-039604a79585e26e0
InService
Healthy
{}
i-0552dd5d6e60a95d8
InService
Healthy
{}
i-0ff8824973ee1f54b
InService
Healthy
{}
[2022-06-02T23:24:53]==============================[STATS]
jh CPU load avg:
0.03 0.12 0.13 1/164 3061
i-039604a79585e26e0
InService
Healthy
{}
i-0552dd5d6e60a95d8
InService
Healthy
{}
i-0ff8824973ee1f54b
InService
Healthy
{}
[2022-06-02T23:24:54]==============================[WARMUP RUN c21]==============================
23:24:54 I logger.go:127> Log level is now 4 Error (was 2 Info)
Fortio 1.19.0 running at -1 queries per second, 2->2 procs, for 1m30s: http://asg-1-lb-871559262.us-east-1.elb.amazonaws.com:3000/?n=20000
Aggregated Function Time : count 378368 avg 0.0049949305 +/- 0.002527 min 0.001123839 max 0.046989647 sum 1889.92186
# target 50% 0.00596656
# target 75% 0.00838794
# target 90% 0.00984076
# target 99% 0.018893
# target 99.9% 0.019981
Sockets used: 21 (for perfect keepalive, would be 21)
Jitter: false
Code 200 : 378368 (100.0 %)
All done 378368 calls (plus 21 warmup) 4.995 ms avg, 4203.8 qps
Successfully wrote 2328 bytes of Json data to 2022-06-02-232454_asg_riwai_3_warmup_21.json
fortio exit code: 0
[2022-06-02T23:26:24]==============================[STATS]
jh CPU load avg:
0.19 0.16 0.14 1/163 3080
i-039604a79585e26e0
InService
Healthy
{}
i-0552dd5d6e60a95d8
InService
Healthy
{}
i-0ff8824973ee1f54b
InService
Healthy
{}
[2022-06-02T23:27:24]==============================[STATS]
jh CPU load avg:
0.07 0.13 0.13 1/163 3089
i-039604a79585e26e0
InService
Healthy
{}
i-0552dd5d6e60a95d8
InService
Healthy
{}
i-0ff8824973ee1f54b
InService
Healthy
{}
[2022-06-02T23:27:26]==============================[WARMUP RUN c22]==============================
23:27:26 I logger.go:127> Log level is now 4 Error (was 2 Info)
Fortio 1.19.0 running at -1 queries per second, 2->2 procs, for 1m30s: http://asg-1-lb-871559262.us-east-1.elb.amazonaws.com:3000/?n=20000
Aggregated Function Time : count 380536 avg 0.0052030182 +/- 0.002585 min 0.001148408 max 0.207660093 sum 1979.93575
# target 50% 0.00607424
# target 75% 0.00853717
# target 90% 0.01015
# target 99% 0.0190628
# target 99.9% 0.0199541
Sockets used: 22 (for perfect keepalive, would be 22)
Jitter: false
Code 200 : 380536 (100.0 %)
All done 380536 calls (plus 22 warmup) 5.203 ms avg, 4227.9 qps
Successfully wrote 2323 bytes of Json data to 2022-06-02-232726_asg_riwai_3_warmup_22.json
fortio exit code: 0
[2022-06-02T23:28:56]==============================[STATS]
jh CPU load avg:
0.08 0.12 0.13 1/163 3107
i-039604a79585e26e0
InService
Healthy
{}
i-0552dd5d6e60a95d8
InService
Healthy
{}
i-0ff8824973ee1f54b
InService
Healthy
{}
[2022-06-02T23:29:56]==============================[STATS]
jh CPU load avg:
0.03 0.10 0.11 1/163 3116
i-039604a79585e26e0
InService
Healthy
{}
i-0552dd5d6e60a95d8
InService
Healthy
{}
i-0ff8824973ee1f54b
InService
Healthy
{}
[2022-06-02T23:29:57]==============================[WARMUP RUN c23]==============================
23:29:57 I logger.go:127> Log level is now 4 Error (was 2 Info)
Fortio 1.19.0 running at -1 queries per second, 2->2 procs, for 1m30s: http://asg-1-lb-871559262.us-east-1.elb.amazonaws.com:3000/?n=20000
Aggregated Function Time : count 377806 avg 0.0054787785 +/- 0.002507 min 0.001113295 max 0.054127497 sum 2069.91541
# target 50% 0.00606379
# target 75% 0.00853904
# target 90% 0.0102407
# target 99% 0.0191022
# target 99.9% 0.0199883
Sockets used: 23 (for perfect keepalive, would be 23)
Jitter: false
Code 200 : 377806 (100.0 %)
All done 377806 calls (plus 23 warmup) 5.479 ms avg, 4197.5 qps
Successfully wrote 2443 bytes of Json data to 2022-06-02-232957_asg_riwai_3_warmup_23.json
fortio exit code: 0
[2022-06-02T23:31:27]==============================[STATS]
jh CPU load avg:
0.10 0.11 0.11 1/164 3140
i-039604a79585e26e0
InService
Healthy
{}
i-0552dd5d6e60a95d8
InService
Healthy
{}
i-0ff8824973ee1f54b
InService
Healthy
{}
[2022-06-02T23:32:28]==============================[STATS]
jh CPU load avg:
0.04 0.09 0.10 1/164 3199
i-039604a79585e26e0
InService
Healthy
{}
i-0552dd5d6e60a95d8
InService
Healthy
{}
i-0ff8824973ee1f54b
InService
Healthy
{}
[2022-06-02T23:32:29]==============================[WARMUP RUN c24]==============================
23:32:29 I logger.go:127> Log level is now 4 Error (was 2 Info)
Fortio 1.19.0 running at -1 queries per second, 2->2 procs, for 1m30s: http://asg-1-lb-871559262.us-east-1.elb.amazonaws.com:3000/?n=20000
Aggregated Function Time : count 379780 avg 0.0056873467 +/- 0.002686 min 0.001133779 max 0.036291612 sum 2159.94055
# target 50% 0.00606227
# target 75% 0.00852653
# target 90% 0.010052
# target 99% 0.0191133
# target 99.9% 0.0217148
Sockets used: 24 (for perfect keepalive, would be 24)
Jitter: false
Code 200 : 379780 (100.0 %)
All done 379780 calls (plus 24 warmup) 5.687 ms avg, 4219.5 qps
Successfully wrote 2207 bytes of Json data to 2022-06-02-233229_asg_riwai_3_warmup_24.json
fortio exit code: 0
[2022-06-02T23:33:59]==============================[STATS]
jh CPU load avg:
0.16 0.13 0.11 1/164 3217
i-039604a79585e26e0
InService
Healthy
{}
i-0552dd5d6e60a95d8
InService
Healthy
{}
i-0ff8824973ee1f54b
InService
Healthy
{}
[2022-06-02T23:34:59]==============================[STATS]
jh CPU load avg:
0.06 0.10 0.10 1/164 3226
i-039604a79585e26e0
InService
Healthy
{}
i-0552dd5d6e60a95d8
InService
Healthy
{}
i-0ff8824973ee1f54b
InService
Healthy
{}
[2022-06-02T23:35:00]==============================[WARMUP RUN c25]==============================
23:35:00 I logger.go:127> Log level is now 4 Error (was 2 Info)
Fortio 1.19.0 running at -1 queries per second, 2->2 procs, for 1m30s: http://asg-1-lb-871559262.us-east-1.elb.amazonaws.com:3000/?n=20000
Aggregated Function Time : count 380749 avg 0.005909186 +/- 0.002551 min 0.001160642 max 0.046001053 sum 2249.91665
# target 50% 0.00608016
# target 75% 0.00853993
# target 90% 0.0101595
# target 99% 0.0191026
# target 99.9% 0.0199969
Sockets used: 25 (for perfect keepalive, would be 25)
Jitter: false
Code 200 : 380749 (100.0 %)
All done 380749 calls (plus 25 warmup) 5.909 ms avg, 4230.3 qps
Successfully wrote 2327 bytes of Json data to 2022-06-02-233500_asg_riwai_3_warmup_25.json
fortio exit code: 0
[2022-06-02T23:36:30]==============================[STATS]
jh CPU load avg:
0.26 0.15 0.11 1/162 3244
i-039604a79585e26e0
InService
Healthy
{}
i-0552dd5d6e60a95d8
InService
Healthy
{}
i-0ff8824973ee1f54b
InService
Healthy
{}
{
    "LoadBalancerDescriptions": [
        {
            "Subnets": [
                "subnet-04753ecb5eb6906b8", 
                "subnet-07cb1fbf61ab9f711"
            ], 
            "CanonicalHostedZoneNameID": "Z35SXDOTRQ7X7K", 
            "CanonicalHostedZoneName": "asg-1-lb-871559262.us-east-1.elb.amazonaws.com", 
            "ListenerDescriptions": [
                {
                    "Listener": {
                        "InstancePort": 3000, 
                        "LoadBalancerPort": 3000, 
                        "Protocol": "TCP", 
                        "InstanceProtocol": "TCP"
                    }, 
                    "PolicyNames": []
                }, 
                {
                    "Listener": {
                        "InstancePort": 80, 
                        "LoadBalancerPort": 80, 
                        "Protocol": "TCP", 
                        "InstanceProtocol": "TCP"
                    }, 
                    "PolicyNames": []
                }
            ], 
            "HealthCheck": {
                "HealthyThreshold": 2, 
                "Interval": 10, 
                "Target": "HTTP:3000/?n=20000", 
                "Timeout": 5, 
                "UnhealthyThreshold": 6
            }, 
            "VPCId": "vpc-019fe251ffc588f7b", 
            "BackendServerDescriptions": [], 
            "Instances": [
                {
                    "InstanceId": "i-0552dd5d6e60a95d8"
                }, 
                {
                    "InstanceId": "i-039604a79585e26e0"
                }, 
                {
                    "InstanceId": "i-0ff8824973ee1f54b"
                }
            ], 
            "DNSName": "asg-1-lb-871559262.us-east-1.elb.amazonaws.com", 
            "SecurityGroups": [
                "sg-0c538d54d727f6059"
            ], 
            "Policies": {
                "LBCookieStickinessPolicies": [], 
                "AppCookieStickinessPolicies": [], 
                "OtherPolicies": []
            }, 
            "LoadBalancerName": "asg-1-lb", 
            "CreatedTime": "2022-06-02T23:00:24.070Z", 
            "AvailabilityZones": [
                "us-east-1b", 
                "us-east-1a"
            ], 
            "Scheme": "internet-facing", 
            "SourceSecurityGroup": {
                "OwnerAlias": "818474851473", 
                "GroupName": "asg-1-ALBSecurityGroup-1DRL9FNN0QACV"
            }
        }
    ]
}
{
    "AutoScalingGroups": [
        {
            "AutoScalingGroupARN": "arn:aws:autoscaling:us-east-1:818474851473:autoScalingGroup:318f983d-4efd-460e-b2e6-50962f8e73cf:autoScalingGroupName/asg-1-myASG", 
            "ServiceLinkedRoleARN": "arn:aws:iam::818474851473:role/aws-service-role/autoscaling.amazonaws.com/AWSServiceRoleForAutoScaling", 
            "TargetGroupARNs": [], 
            "SuspendedProcesses": [], 
            "LaunchTemplate": {
                "LaunchTemplateName": "asg-1-launch-template", 
                "Version": "1", 
                "LaunchTemplateId": "lt-04b7e90ca6741eccb"
            }, 
            "Tags": [
                {
                    "ResourceType": "auto-scaling-group", 
                    "ResourceId": "asg-1-myASG", 
                    "PropagateAtLaunch": true, 
                    "Value": "asg-1-instance", 
                    "Key": "Name"
                }, 
                {
                    "ResourceType": "auto-scaling-group", 
                    "ResourceId": "asg-1-myASG", 
                    "PropagateAtLaunch": false, 
                    "Value": "WebServerGroup", 
                    "Key": "Purpose"
                }, 
                {
                    "ResourceType": "auto-scaling-group", 
                    "ResourceId": "asg-1-myASG", 
                    "PropagateAtLaunch": true, 
                    "Value": "myASG", 
                    "Key": "aws:cloudformation:logical-id"
                }, 
                {
                    "ResourceType": "auto-scaling-group", 
                    "ResourceId": "asg-1-myASG", 
                    "PropagateAtLaunch": true, 
                    "Value": "arn:aws:cloudformation:us-east-1:818474851473:stack/asg-1/befaa7b0-e2c7-11ec-b7c3-0e2f1a71649d", 
                    "Key": "aws:cloudformation:stack-id"
                }, 
                {
                    "ResourceType": "auto-scaling-group", 
                    "ResourceId": "asg-1-myASG", 
                    "PropagateAtLaunch": true, 
                    "Value": "asg-1", 
                    "Key": "aws:cloudformation:stack-name"
                }
            ], 
            "EnabledMetrics": [
                {
                    "Metric": "GroupTerminatingCapacity", 
                    "Granularity": "1Minute"
                }, 
                {
                    "Metric": "GroupStandbyCapacity", 
                    "Granularity": "1Minute"
                }, 
                {
                    "Metric": "GroupInServiceCapacity", 
                    "Granularity": "1Minute"
                }, 
                {
                    "Metric": "GroupStandbyInstances", 
                    "Granularity": "1Minute"
                }, 
                {
                    "Metric": "WarmPoolTerminatingCapacity", 
                    "Granularity": "1Minute"
                }, 
                {
                    "Metric": "GroupPendingCapacity", 
                    "Granularity": "1Minute"
                }, 
                {
                    "Metric": "GroupPendingInstances", 
                    "Granularity": "1Minute"
                }, 
                {
                    "Metric": "WarmPoolMinSize", 
                    "Granularity": "1Minute"
                }, 
                {
                    "Metric": "WarmPoolWarmedCapacity", 
                    "Granularity": "1Minute"
                }, 
                {
                    "Metric": "GroupDesiredCapacity", 
                    "Granularity": "1Minute"
                }, 
                {
                    "Metric": "GroupAndWarmPoolTotalCapacity", 
                    "Granularity": "1Minute"
                }, 
                {
                    "Metric": "GroupInServiceInstances", 
                    "Granularity": "1Minute"
                }, 
                {
                    "Metric": "WarmPoolDesiredCapacity", 
                    "Granularity": "1Minute"
                }, 
                {
                    "Metric": "GroupAndWarmPoolDesiredCapacity", 
                    "Granularity": "1Minute"
                }, 
                {
                    "Metric": "GroupMaxSize", 
                    "Granularity": "1Minute"
                }, 
                {
                    "Metric": "GroupTerminatingInstances", 
                    "Granularity": "1Minute"
                }, 
                {
                    "Metric": "WarmPoolPendingCapacity", 
                    "Granularity": "1Minute"
                }, 
                {
                    "Metric": "GroupTotalCapacity", 
                    "Granularity": "1Minute"
                }, 
                {
                    "Metric": "GroupMinSize", 
                    "Granularity": "1Minute"
                }, 
                {
                    "Metric": "WarmPoolTotalCapacity", 
                    "Granularity": "1Minute"
                }, 
                {
                    "Metric": "GroupTotalInstances", 
                    "Granularity": "1Minute"
                }
            ], 
            "TerminationPolicies": [
                "Default"
            ], 
            "AutoScalingGroupName": "asg-1-myASG", 
            "DefaultCooldown": 300, 
            "MinSize": 1, 
            "Instances": [
                {
                    "ProtectedFromScaleIn": false, 
                    "AvailabilityZone": "us-east-1a", 
                    "LaunchTemplate": {
                        "LaunchTemplateName": "asg-1-launch-template", 
                        "Version": "1", 
                        "LaunchTemplateId": "lt-04b7e90ca6741eccb"
                    }, 
                    "InstanceId": "i-039604a79585e26e0", 
                    "HealthStatus": "Healthy", 
                    "LifecycleState": "InService", 
                    "InstanceType": "t3.medium"
                }, 
                {
                    "ProtectedFromScaleIn": false, 
                    "AvailabilityZone": "us-east-1b", 
                    "LaunchTemplate": {
                        "LaunchTemplateName": "asg-1-launch-template", 
                        "Version": "1", 
                        "LaunchTemplateId": "lt-04b7e90ca6741eccb"
                    }, 
                    "InstanceId": "i-0552dd5d6e60a95d8", 
                    "HealthStatus": "Healthy", 
                    "LifecycleState": "InService", 
                    "InstanceType": "t3.medium"
                }, 
                {
                    "ProtectedFromScaleIn": false, 
                    "AvailabilityZone": "us-east-1b", 
                    "LaunchTemplate": {
                        "LaunchTemplateName": "asg-1-launch-template", 
                        "Version": "1", 
                        "LaunchTemplateId": "lt-04b7e90ca6741eccb"
                    }, 
                    "InstanceId": "i-0ff8824973ee1f54b", 
                    "HealthStatus": "Healthy", 
                    "LifecycleState": "InService", 
                    "InstanceType": "t3.medium"
                }
            ], 
            "MaxSize": 3, 
            "VPCZoneIdentifier": "subnet-07cb1fbf61ab9f711,subnet-04753ecb5eb6906b8", 
            "HealthCheckGracePeriod": 300, 
            "LoadBalancerNames": [
                "asg-1-lb"
            ], 
            "CreatedTime": "2022-06-02T23:02:52.717Z", 
            "AvailabilityZones": [
                "us-east-1a", 
                "us-east-1b"
            ], 
            "HealthCheckType": "EC2", 
            "NewInstancesProtectedFromScaleIn": false, 
            "DesiredCapacity": 3
        }
    ]
}
[2022-06-02T23:37:34]==============================[PERFORMANCE CHUNK RUN 26]==============================
[2022-06-02T23:38:34]==============================[STATS]
jh CPU load avg:
0.03 0.09 0.09 1/163 3269
i-039604a79585e26e0
InService
Healthy
{}
i-0552dd5d6e60a95d8
InService
Healthy
{}
i-0ff8824973ee1f54b
InService
Healthy
{}
23:38:35 I logger.go:127> Log level is now 4 Error (was 2 Info)
Fortio 1.19.0 running at -1 queries per second, 2->2 procs, for 1m0s: http://asg-1-lb-871559262.us-east-1.elb.amazonaws.com:3000/?n=20000
Aggregated Function Time : count 244510 avg 0.0061346237 +/- 0.002841 min 0.001204768 max 0.043705814 sum 1499.97685
# target 50% 0.00623399
# target 75% 0.00874862
# target 90% 0.0120639
# target 99% 0.0193225
# target 99.9% 0.0238652
Sockets used: 25 (for perfect keepalive, would be 25)
Jitter: false
Code 200 : 244510 (100.0 %)
All done 244510 calls (plus 25 warmup) 6.135 ms avg, 4074.7 qps
Successfully wrote 2337 bytes of Json data to 2022-06-02-233835_asg_riwai_3_performance_chunk_26_1.json
fortio exit code: 0
[2022-06-02T23:39:35]==============================[STATS]
jh CPU load avg:
0.08 0.10 0.09 1/163 3284
i-039604a79585e26e0
InService
Healthy
{}
i-0552dd5d6e60a95d8
InService
Healthy
{}
i-0ff8824973ee1f54b
InService
Healthy
{}
23:39:35 I logger.go:127> Log level is now 4 Error (was 2 Info)
Fortio 1.19.0 running at -1 queries per second, 2->2 procs, for 1m0s: http://asg-1-lb-871559262.us-east-1.elb.amazonaws.com:3000/?n=20000
Aggregated Function Time : count 248892 avg 0.006026599 +/- 0.002883 min 0.001146838 max 0.030865057 sum 1499.97229
# target 50% 0.00605086
# target 75% 0.00850288
# target 90% 0.0099741
# target 99% 0.0190483
# target 99.9% 0.0199805
Sockets used: 25 (for perfect keepalive, would be 25)
Jitter: false
Code 200 : 248892 (100.0 %)
All done 248892 calls (plus 25 warmup) 6.027 ms avg, 4147.7 qps
Successfully wrote 2219 bytes of Json data to 2022-06-02-233935_asg_riwai_3_performance_chunk_26_2.json
fortio exit code: 0
[2022-06-02T23:40:36]==============================[STATS]
jh CPU load avg:
0.09 0.10 0.09 1/164 3306
i-039604a79585e26e0
InService
Healthy
{}
i-0552dd5d6e60a95d8
InService
Healthy
{}
i-0ff8824973ee1f54b
InService
Healthy
{}
23:40:36 I logger.go:127> Log level is now 4 Error (was 2 Info)
Fortio 1.19.0 running at -1 queries per second, 2->2 procs, for 1m0s: http://asg-1-lb-871559262.us-east-1.elb.amazonaws.com:3000/?n=20000
Aggregated Function Time : count 249950 avg 0.006001167 +/- 0.002857 min 0.001170312 max 0.030752115 sum 1499.99169
# target 50% 0.00605825
# target 75% 0.00850224
# target 90% 0.00996863
# target 99% 0.0190514
# target 99.9% 0.01999
Sockets used: 25 (for perfect keepalive, would be 25)
Jitter: false
Code 200 : 249950 (100.0 %)
All done 249950 calls (plus 25 warmup) 6.001 ms avg, 4165.3 qps
Successfully wrote 2217 bytes of Json data to 2022-06-02-234036_asg_riwai_3_performance_chunk_26_3.json
fortio exit code: 0
[2022-06-02T23:41:36]==============================[STATS]
jh CPU load avg:
0.03 0.08 0.08 1/164 3323
i-039604a79585e26e0
InService
Healthy
{}
i-0552dd5d6e60a95d8
InService
Healthy
{}
i-0ff8824973ee1f54b
InService
Healthy
{}
23:41:37 I logger.go:127> Log level is now 4 Error (was 2 Info)
Fortio 1.19.0 running at -1 queries per second, 2->2 procs, for 1m0s: http://asg-1-lb-871559262.us-east-1.elb.amazonaws.com:3000/?n=20000
Aggregated Function Time : count 250585 avg 0.0059858973 +/- 0.002557 min 0.00115737 max 0.040431338 sum 1499.97608
# target 50% 0.00608348
# target 75% 0.00854655
# target 90% 0.010244
# target 99% 0.0191132
# target 99.9% 0.0200174
Sockets used: 25 (for perfect keepalive, would be 25)
Jitter: false
Code 200 : 250585 (100.0 %)
All done 250585 calls (plus 25 warmup) 5.986 ms avg, 4176.0 qps
Successfully wrote 2332 bytes of Json data to 2022-06-02-234137_asg_riwai_3_performance_chunk_26_4.json
fortio exit code: 0
[2022-06-02T23:42:37]==============================[STATS]
jh CPU load avg:
0.10 0.09 0.09 1/164 3340
i-039604a79585e26e0
InService
Healthy
{}
i-0552dd5d6e60a95d8
InService
Healthy
{}
i-0ff8824973ee1f54b
InService
Healthy
{}
23:42:38 I logger.go:127> Log level is now 4 Error (was 2 Info)
Fortio 1.19.0 running at -1 queries per second, 2->2 procs, for 1m0s: http://asg-1-lb-871559262.us-east-1.elb.amazonaws.com:3000/?n=20000
Aggregated Function Time : count 250588 avg 0.0059858754 +/- 0.002862 min 0.001171178 max 0.211011623 sum 1499.98855
# target 50% 0.00605646
# target 75% 0.00849912
# target 90% 0.00996472
# target 99% 0.0190453
# target 99.9% 0.0199876
Sockets used: 25 (for perfect keepalive, would be 25)
Jitter: false
Code 200 : 250588 (100.0 %)
All done 250588 calls (plus 25 warmup) 5.986 ms avg, 4176.0 qps
Successfully wrote 2336 bytes of Json data to 2022-06-02-234238_asg_riwai_3_performance_chunk_26_5.json
fortio exit code: 0
[2022-06-02T23:44:38]==============================[STATS]
jh CPU load avg:
0.14 0.12 0.10 1/164 3360
i-039604a79585e26e0
InService
Healthy
{}
i-0552dd5d6e60a95d8
InService
Healthy
{}
i-0ff8824973ee1f54b
InService
Healthy
{}
[2022-06-02T23:44:39]==============================[PERFORMANCE RUN 1]==============================
23:44:39 I logger.go:127> Log level is now 4 Error (was 2 Info)
Fortio 1.19.0 running at -1 queries per second, 2->2 procs, for 5m0s: http://asg-1-lb-871559262.us-east-1.elb.amazonaws.com:3000/?n=20000
Aggregated Function Time : count 1253390 avg 0.00598348 +/- 0.002776 min 0.001140369 max 0.213943589 sum 7499.63399
# target 50% 0.00618566
# target 75% 0.0087083
# target 90% 0.0118179
# target 99% 0.0192579
# target 99.9% 0.0202343
Sockets used: 25 (for perfect keepalive, would be 25)
Jitter: false
Code 200 : 1253390 (100.0 %)
All done 1253390 calls (plus 25 warmup) 5.983 ms avg, 4177.9 qps
Successfully wrote 2455 bytes of Json data to 2022-06-02-234439_asg_riwai_3_performance_1.json
fortio exit code: 0
[2022-06-02T23:49:39]==============================[STATS]
jh CPU load avg:
0.09 0.10 0.09 1/163 3383
i-039604a79585e26e0
InService
Healthy
{}
i-0552dd5d6e60a95d8
InService
Healthy
{}
i-0ff8824973ee1f54b
InService
Healthy
{}
[2022-06-02T23:50:39]==============================[STATS]
jh CPU load avg:
0.06 0.09 0.09 1/165 3399
i-039604a79585e26e0
InService
Healthy
{}
i-0552dd5d6e60a95d8
InService
Healthy
{}
i-0ff8824973ee1f54b
InService
Healthy
{}
[2022-06-02T23:50:40]==============================[PERFORMANCE RUN 2]==============================
23:50:40 I logger.go:127> Log level is now 4 Error (was 2 Info)
Fortio 1.19.0 running at -1 queries per second, 2->2 procs, for 5m0s: http://asg-1-lb-871559262.us-east-1.elb.amazonaws.com:3000/?n=20000
Aggregated Function Time : count 1248215 avg 0.0060082922 +/- 0.002529 min 0.001134587 max 0.048503265 sum 7499.6405
# target 50% 0.00607548
# target 75% 0.00854593
# target 90% 0.01028
# target 99% 0.0191093
# target 99.9% 0.0199923
Sockets used: 25 (for perfect keepalive, would be 25)
Jitter: false
Code 200 : 1248215 (100.0 %)
All done 1248215 calls (plus 25 warmup) 6.008 ms avg, 4160.6 qps
Successfully wrote 2341 bytes of Json data to 2022-06-02-235040_asg_riwai_3_performance_2.json
fortio exit code: 0
[2022-06-02T23:55:40]==============================[STATS]
jh CPU load avg:
0.20 0.22 0.14 1/164 3481
i-039604a79585e26e0
InService
Healthy
{}
i-0552dd5d6e60a95d8
InService
Healthy
{}
i-0ff8824973ee1f54b
InService
Healthy
{}
[2022-06-02T23:56:41]==============================[STATS]
jh CPU load avg:
0.07 0.17 0.13 1/164 3491
i-039604a79585e26e0
InService
Healthy
{}
i-0552dd5d6e60a95d8
InService
Healthy
{}
i-0ff8824973ee1f54b
InService
Healthy
{}
[2022-06-02T23:56:41]==============================[PERFORMANCE RUN 3]==============================
23:56:41 I logger.go:127> Log level is now 4 Error (was 2 Info)
Fortio 1.19.0 running at -1 queries per second, 2->2 procs, for 5m0s: http://asg-1-lb-871559262.us-east-1.elb.amazonaws.com:3000/?n=20000
Aggregated Function Time : count 1247689 avg 0.006010799 +/- 0.002893 min 0.001171296 max 0.209567694 sum 7499.60783
# target 50% 0.00606326
# target 75% 0.00850925
# target 90% 0.00997684
# target 99% 0.0190813
# target 99.9% 0.0212376
Sockets used: 25 (for perfect keepalive, would be 25)
Jitter: false
Code 200 : 1247689 (100.0 %)
All done 1247689 calls (plus 25 warmup) 6.011 ms avg, 4158.9 qps
Successfully wrote 2457 bytes of Json data to 2022-06-02-235641_asg_riwai_3_performance_3.json
fortio exit code: 0
[2022-06-03T00:01:41]==============================[STATS]
jh CPU load avg:
0.05 0.14 0.12 1/166 3535
i-039604a79585e26e0
InService
Healthy
{}
i-0552dd5d6e60a95d8
InService
Healthy
{}
i-0ff8824973ee1f54b
InService
Healthy
{}
scaling to 0
{
    "Alarms": [
        {
            "AlarmName": "TargetTracking-asg-1-myASG-AlarmHigh-f2b54947-6acc-46c1-984c-4ebb133992f6", 
            "AlarmARN": "arn:aws:cloudwatch:us-east-1:818474851473:alarm:TargetTracking-asg-1-myASG-AlarmHigh-f2b54947-6acc-46c1-984c-4ebb133992f6"
        }, 
        {
            "AlarmName": "TargetTracking-asg-1-myASG-AlarmLow-aeac3803-035b-4bda-a1c1-be55b2ecf7e9", 
            "AlarmARN": "arn:aws:cloudwatch:us-east-1:818474851473:alarm:TargetTracking-asg-1-myASG-AlarmLow-aeac3803-035b-4bda-a1c1-be55b2ecf7e9"
        }
    ], 
    "PolicyARN": "arn:aws:autoscaling:us-east-1:818474851473:scalingPolicy:9986768c-cbda-4955-a7e7-19a6f687b684:autoScalingGroupName/asg-1-myASG:policyName/asg-1-AppServerSP-ZP8S8DZG37KV"
}
[2022-06-03T00:02:14]==============================[SCALING RUN 1: INIT]==============================
{
    "Alarms": [
        {
            "AlarmName": "TargetTracking-asg-1-myASG-AlarmHigh-f2b54947-6acc-46c1-984c-4ebb133992f6", 
            "AlarmARN": "arn:aws:cloudwatch:us-east-1:818474851473:alarm:TargetTracking-asg-1-myASG-AlarmHigh-f2b54947-6acc-46c1-984c-4ebb133992f6"
        }, 
        {
            "AlarmName": "TargetTracking-asg-1-myASG-AlarmLow-aeac3803-035b-4bda-a1c1-be55b2ecf7e9", 
            "AlarmARN": "arn:aws:cloudwatch:us-east-1:818474851473:alarm:TargetTracking-asg-1-myASG-AlarmLow-aeac3803-035b-4bda-a1c1-be55b2ecf7e9"
        }
    ], 
    "PolicyARN": "arn:aws:autoscaling:us-east-1:818474851473:scalingPolicy:9986768c-cbda-4955-a7e7-19a6f687b684:autoScalingGroupName/asg-1-myASG:policyName/asg-1-AppServerSP-ZP8S8DZG37KV"
}
scaling to 1
[2022-06-03T00:02:16]==============================[SCALING RUN 1: ENABLE SCALING - SLEEP]==============================
{
    "Alarms": [
        {
            "AlarmName": "TargetTracking-asg-1-myASG-AlarmHigh-c09b31bc-b8a6-4ca7-bd64-2a78fec809d3", 
            "AlarmARN": "arn:aws:cloudwatch:us-east-1:818474851473:alarm:TargetTracking-asg-1-myASG-AlarmHigh-c09b31bc-b8a6-4ca7-bd64-2a78fec809d3"
        }, 
        {
            "AlarmName": "TargetTracking-asg-1-myASG-AlarmLow-bac9c2e1-1a4d-470c-876c-105ac0cf903e", 
            "AlarmARN": "arn:aws:cloudwatch:us-east-1:818474851473:alarm:TargetTracking-asg-1-myASG-AlarmLow-bac9c2e1-1a4d-470c-876c-105ac0cf903e"
        }
    ], 
    "PolicyARN": "arn:aws:autoscaling:us-east-1:818474851473:scalingPolicy:9986768c-cbda-4955-a7e7-19a6f687b684:autoScalingGroupName/asg-1-myASG:policyName/asg-1-AppServerSP-ZP8S8DZG37KV"
}
[2022-06-03T00:05:17]==============================[SCALING RUN 1: FORTIO]==============================
[2022-06-03T00:05:17]==============================[STATS]
jh CPU load avg:
0.00 0.06 0.09 1/164 3573
i-001375ed4e971d21f
InService
Healthy
{}
[2022-06-03T00:05:18]==============================[SCALING RUN 1: CHUNK 1]==============================
00:05:18 I logger.go:127> Log level is now 4 Error (was 2 Info)
Fortio 1.19.0 running at -1 queries per second, 2->2 procs, for 1m0s: http://asg-1-lb-871559262.us-east-1.elb.amazonaws.com:3000/?n=20000
Aggregated Function Time : count 97091 avg 0.015450729 +/- 0.00442 min 0.001553693 max 0.102750093 sum 1500.12668
# target 50% 0.0155403
# target 75% 0.0183797
# target 90% 0.0207514
# target 99% 0.0299611
# target 99.9% 0.0454082
Sockets used: 25 (for perfect keepalive, would be 25)
Jitter: false
Code 200 : 97091 (100.0 %)
All done 97091 calls (plus 25 warmup) 15.451 ms avg, 1617.8 qps
Successfully wrote 2786 bytes of Json data to 2022-06-03-000518_asg_riwai_3_scaling_1_1.json
fortio exit code: 0
[2022-06-03T00:06:18]==============================[STATS]
jh CPU load avg:
0.28 0.11 0.10 1/164 3591
i-001375ed4e971d21f
InService
Healthy
{}
[2022-06-03T00:06:19]==============================[SCALING RUN 1: CHUNK 2]==============================
00:06:19 I logger.go:127> Log level is now 4 Error (was 2 Info)
Fortio 1.19.0 running at -1 queries per second, 2->2 procs, for 1m0s: http://asg-1-lb-871559262.us-east-1.elb.amazonaws.com:3000/?n=20000
Aggregated Function Time : count 98459 avg 0.015236083 +/- 0.004121 min 0.00135754 max 0.044853868 sum 1500.12952
# target 50% 0.0155035
# target 75% 0.0183107
# target 90% 0.019995
# target 99% 0.0293942
# target 99.9% 0.0394788
Sockets used: 25 (for perfect keepalive, would be 25)
Jitter: false
Code 200 : 98459 (100.0 %)
All done 98459 calls (plus 25 warmup) 15.236 ms avg, 1640.6 qps
Successfully wrote 2317 bytes of Json data to 2022-06-03-000619_asg_riwai_3_scaling_1_2.json
fortio exit code: 0
[2022-06-03T00:07:19]==============================[STATS]
jh CPU load avg:
0.20 0.12 0.10 1/164 3608
i-001375ed4e971d21f
InService
Healthy
{}
[2022-06-03T00:07:20]==============================[SCALING RUN 1: CHUNK 3]==============================
00:07:20 I logger.go:127> Log level is now 4 Error (was 2 Info)
Fortio 1.19.0 running at -1 queries per second, 2->2 procs, for 1m0s: http://asg-1-lb-871559262.us-east-1.elb.amazonaws.com:3000/?n=20000
Aggregated Function Time : count 98532 avg 0.015224594 +/- 0.004074 min 0.001336526 max 0.044506278 sum 1500.10971
# target 50% 0.0155005
# target 75% 0.0182973
# target 90% 0.0199753
# target 99% 0.0293713
# target 99.9% 0.039231
Sockets used: 25 (for perfect keepalive, would be 25)
Jitter: false
Code 200 : 98532 (100.0 %)
All done 98532 calls (plus 25 warmup) 15.225 ms avg, 1641.8 qps
Successfully wrote 2321 bytes of Json data to 2022-06-03-000720_asg_riwai_3_scaling_1_3.json
fortio exit code: 0
[2022-06-03T00:08:20]==============================[STATS]
jh CPU load avg:
0.13 0.11 0.10 1/164 3625
i-001375ed4e971d21f
InService
Healthy
{}
[2022-06-03T00:08:20]==============================[SCALING RUN 1: CHUNK 4]==============================
00:08:20 I logger.go:127> Log level is now 4 Error (was 2 Info)
Fortio 1.19.0 running at -1 queries per second, 2->2 procs, for 1m0s: http://asg-1-lb-871559262.us-east-1.elb.amazonaws.com:3000/?n=20000
Aggregated Function Time : count 98391 avg 0.015246021 +/- 0.004039 min 0.002795963 max 0.045042736 sum 1500.0713
# target 50% 0.015479
# target 75% 0.0182743
# target 90% 0.0199515
# target 99% 0.0293552
# target 99.9% 0.0391474
Sockets used: 25 (for perfect keepalive, would be 25)
Jitter: false
Code 200 : 98391 (100.0 %)
All done 98391 calls (plus 25 warmup) 15.246 ms avg, 1639.5 qps
Successfully wrote 2318 bytes of Json data to 2022-06-03-000821_asg_riwai_3_scaling_1_4.json
fortio exit code: 0
[2022-06-03T00:09:21]==============================[STATS]
jh CPU load avg:
0.07 0.10 0.09 1/164 3643
i-001375ed4e971d21f
InService
Healthy
{}
[2022-06-03T00:09:22]==============================[SCALING RUN 1: CHUNK 5]==============================
00:09:22 I logger.go:127> Log level is now 4 Error (was 2 Info)
Fortio 1.19.0 running at -1 queries per second, 2->2 procs, for 1m0s: http://asg-1-lb-871559262.us-east-1.elb.amazonaws.com:3000/?n=20000
Aggregated Function Time : count 97990 avg 0.015308842 +/- 0.004585 min 0.001379272 max 0.218108724 sum 1500.11343
# target 50% 0.0156132
# target 75% 0.0185164
# target 90% 0.0219141
# target 99% 0.0296577
# target 99.9% 0.0415474
Sockets used: 37 (for perfect keepalive, would be 25)
Jitter: false
Code 200 : 97990 (100.0 %)
All done 97990 calls (plus 25 warmup) 15.309 ms avg, 1632.8 qps
Successfully wrote 2676 bytes of Json data to 2022-06-03-000922_asg_riwai_3_scaling_1_5.json
fortio exit code: 0
[2022-06-03T00:10:22]==============================[STATS]
jh CPU load avg:
0.02 0.08 0.08 1/165 3665
i-001375ed4e971d21f
InService
Healthy
{}
i-0285de41afc313926
InService
Healthy
{}
[2022-06-03T00:10:22]==============================[SCALING RUN 1: CHUNK 6]==============================
00:10:22 I logger.go:127> Log level is now 4 Error (was 2 Info)
Fortio 1.19.0 running at -1 queries per second, 2->2 procs, for 1m0s: http://asg-1-lb-871559262.us-east-1.elb.amazonaws.com:3000/?n=20000
Aggregated Function Time : count 98246 avg 0.015269101 +/- 0.003966 min 0.001341228 max 0.069402069 sum 1500.12809
# target 50% 0.0154402
# target 75% 0.0182246
# target 90% 0.0198952
# target 99% 0.0293799
# target 99.9% 0.0404851
Sockets used: 25 (for perfect keepalive, would be 25)
Jitter: false
Code 200 : 98246 (100.0 %)
All done 98246 calls (plus 25 warmup) 15.269 ms avg, 1637.0 qps
Successfully wrote 2554 bytes of Json data to 2022-06-03-001022_asg_riwai_3_scaling_1_6.json
fortio exit code: 0
[2022-06-03T00:11:22]==============================[STATS]
jh CPU load avg:
0.05 0.08 0.08 1/165 3682
i-001375ed4e971d21f
InService
Healthy
{}
i-0285de41afc313926
InService
Healthy
{}
[2022-06-03T00:11:23]==============================[SCALING RUN 1: CHUNK 7]==============================
00:11:23 I logger.go:127> Log level is now 4 Error (was 2 Info)
Fortio 1.19.0 running at -1 queries per second, 2->2 procs, for 1m0s: http://asg-1-lb-871559262.us-east-1.elb.amazonaws.com:3000/?n=20000
Aggregated Function Time : count 197443 avg 0.0075971896 +/- 0.002755 min 0.001210412 max 0.220140426 sum 1500.0119
# target 50% 0.00664809
# target 75% 0.00936696
# target 90% 0.014846
# target 99% 0.0195975
# target 99.9% 0.0259292
Sockets used: 25 (for perfect keepalive, would be 25)
Jitter: false
Code 200 : 197443 (100.0 %)
All done 197443 calls (plus 25 warmup) 7.597 ms avg, 3290.3 qps
Successfully wrote 2443 bytes of Json data to 2022-06-03-001123_asg_riwai_3_scaling_1_7.json
fortio exit code: 0
[2022-06-03T00:12:23]==============================[STATS]
jh CPU load avg:
0.17 0.11 0.09 1/165 3699
i-001375ed4e971d21f
InService
Healthy
{}
i-0285de41afc313926
InService
Healthy
{}
[2022-06-03T00:12:24]==============================[SCALING RUN 1: CHUNK 8]==============================
00:12:24 I logger.go:127> Log level is now 4 Error (was 2 Info)
Fortio 1.19.0 running at -1 queries per second, 2->2 procs, for 1m0s: http://asg-1-lb-871559262.us-east-1.elb.amazonaws.com:3000/?n=20000
Aggregated Function Time : count 198883 avg 0.0075421039 +/- 0.002674 min 0.001121518 max 0.029933973 sum 1499.99624
# target 50% 0.00660705
# target 75% 0.00934985
# target 90% 0.0148036
# target 99% 0.019568
# target 99.9% 0.0245359
Sockets used: 25 (for perfect keepalive, would be 25)
Jitter: false
Code 200 : 198883 (100.0 %)
All done 198883 calls (plus 25 warmup) 7.542 ms avg, 3314.3 qps
Successfully wrote 2091 bytes of Json data to 2022-06-03-001224_asg_riwai_3_scaling_1_8.json
fortio exit code: 0
[2022-06-03T00:13:24]==============================[STATS]
jh CPU load avg:
0.10 0.10 0.09 1/165 3716
i-001375ed4e971d21f
InService
Healthy
{}
i-0285de41afc313926
InService
Healthy
{}
[2022-06-03T00:13:25]==============================[SCALING RUN 1: CHUNK 9]==============================
00:13:25 I logger.go:127> Log level is now 4 Error (was 2 Info)
Fortio 1.19.0 running at -1 queries per second, 2->2 procs, for 1m0s: http://asg-1-lb-871559262.us-east-1.elb.amazonaws.com:3000/?n=20000
Aggregated Function Time : count 198737 avg 0.0075476669 +/- 0.002697 min 0.001184825 max 0.041928174 sum 1500.00067
# target 50% 0.00664288
# target 75% 0.00937194
# target 90% 0.0148594
# target 99% 0.0195892
# target 99.9% 0.0255487
Sockets used: 25 (for perfect keepalive, would be 25)
Jitter: false
Code 200 : 198737 (100.0 %)
All done 198737 calls (plus 25 warmup) 7.548 ms avg, 3311.9 qps
Successfully wrote 2328 bytes of Json data to 2022-06-03-001325_asg_riwai_3_scaling_1_9.json
fortio exit code: 0
[2022-06-03T00:14:25]==============================[STATS]
jh CPU load avg:
0.11 0.10 0.09 1/165 3733
i-001375ed4e971d21f
InService
Healthy
{}
i-0285de41afc313926
InService
Healthy
{}
[2022-06-03T00:14:26]==============================[SCALING RUN 1: CHUNK 10]==============================
00:14:26 I logger.go:127> Log level is now 4 Error (was 2 Info)
Fortio 1.19.0 running at -1 queries per second, 2->2 procs, for 1m0s: http://asg-1-lb-871559262.us-east-1.elb.amazonaws.com:3000/?n=20000
Aggregated Function Time : count 199414 avg 0.0075220845 +/- 0.002642 min 0.001117199 max 0.029563075 sum 1500.00896
# target 50% 0.00657049
# target 75% 0.00929716
# target 90% 0.0146548
# target 99% 0.0195512
# target 99.9% 0.0240989
Sockets used: 25 (for perfect keepalive, would be 25)
Jitter: false
Code 200 : 199414 (100.0 %)
All done 199414 calls (plus 25 warmup) 7.522 ms avg, 3323.1 qps
Successfully wrote 2092 bytes of Json data to 2022-06-03-001426_asg_riwai_3_scaling_1_10.json
fortio exit code: 0
[2022-06-03T00:15:26]==============================[STATS]
jh CPU load avg:
0.06 0.09 0.09 1/163 3750
i-001375ed4e971d21f
InService
Healthy
{}
i-0285de41afc313926
InService
Healthy
{}
[2022-06-03T00:15:27]==============================[SCALING RUN 1: CHUNK 11]==============================
00:15:27 I logger.go:127> Log level is now 4 Error (was 2 Info)
Fortio 1.19.0 running at -1 queries per second, 2->2 procs, for 1m0s: http://asg-1-lb-871559262.us-east-1.elb.amazonaws.com:3000/?n=20000
Aggregated Function Time : count 199195 avg 0.0075306146 +/- 0.002645 min 0.001099318 max 0.029226685 sum 1500.06078
# target 50% 0.00655483
# target 75% 0.00928261
# target 90% 0.0146177
# target 99% 0.0195504
# target 99.9% 0.0240929
Sockets used: 25 (for perfect keepalive, would be 25)
Jitter: false
Code 200 : 199195 (100.0 %)
All done 199195 calls (plus 25 warmup) 7.531 ms avg, 3319.2 qps
Successfully wrote 2090 bytes of Json data to 2022-06-03-001527_asg_riwai_3_scaling_1_11.json
fortio exit code: 0
[2022-06-03T00:16:27]==============================[STATS]
jh CPU load avg:
0.09 0.10 0.09 1/164 3769
i-001375ed4e971d21f
InService
Healthy
{}
i-0285de41afc313926
InService
Healthy
{}
i-0d9af1a3523f6467d
InService
Healthy
{}
[2022-06-03T00:16:27]==============================[SCALING RUN 1: CHUNK 12]==============================
00:16:27 I logger.go:127> Log level is now 4 Error (was 2 Info)
Fortio 1.19.0 running at -1 queries per second, 2->2 procs, for 1m0s: http://asg-1-lb-871559262.us-east-1.elb.amazonaws.com:3000/?n=20000
Aggregated Function Time : count 296606 avg 0.0050571291 +/- 0.00282 min 0.001183195 max 0.217281114 sum 1499.97484
# target 50% 0.00587778
# target 75% 0.00822509
# target 90% 0.00963347
# target 99% 0.0184916
# target 99.9% 0.0199912
Sockets used: 25 (for perfect keepalive, would be 25)
Jitter: false
Code 200 : 296606 (100.0 %)
All done 296606 calls (plus 25 warmup) 5.057 ms avg, 4942.8 qps
Successfully wrote 2324 bytes of Json data to 2022-06-03-001627_asg_riwai_3_scaling_1_12.json
fortio exit code: 0
[2022-06-03T00:17:27]==============================[STATS]
jh CPU load avg:
0.17 0.11 0.09 1/164 3786
i-001375ed4e971d21f
InService
Healthy
{}
i-0285de41afc313926
InService
Healthy
{}
i-0d9af1a3523f6467d
InService
Healthy
{}
[2022-06-03T00:17:28]==============================[SCALING RUN 1: CHUNK 13]==============================
00:17:28 I logger.go:127> Log level is now 4 Error (was 2 Info)
Fortio 1.19.0 running at -1 queries per second, 2->2 procs, for 1m0s: http://asg-1-lb-871559262.us-east-1.elb.amazonaws.com:3000/?n=20000
Aggregated Function Time : count 297560 avg 0.0050408785 +/- 0.00252 min 0.00116979 max 0.212187852 sum 1499.96381
# target 50% 0.00588242
# target 75% 0.00823875
# target 90% 0.00965255
# target 99% 0.0184934
# target 99.9% 0.019932
Sockets used: 25 (for perfect keepalive, would be 25)
Jitter: false
Code 200 : 297560 (100.0 %)
All done 297560 calls (plus 25 warmup) 5.041 ms avg, 4958.8 qps
Successfully wrote 2207 bytes of Json data to 2022-06-03-001728_asg_riwai_3_scaling_1_13.json
fortio exit code: 0
[2022-06-03T00:18:28]==============================[STATS]
jh CPU load avg:
0.36 0.18 0.12 1/164 3803
i-001375ed4e971d21f
InService
Healthy
{}
i-0285de41afc313926
InService
Healthy
{}
i-0d9af1a3523f6467d
InService
Healthy
{}
[2022-06-03T00:18:29]==============================[SCALING RUN 1: CHUNK 14]==============================
00:18:29 I logger.go:127> Log level is now 4 Error (was 2 Info)
Fortio 1.19.0 running at -1 queries per second, 2->2 procs, for 1m0s: http://asg-1-lb-871559262.us-east-1.elb.amazonaws.com:3000/?n=20000
Aggregated Function Time : count 298569 avg 0.005023844 +/- 0.002546 min 0.001118624 max 0.214850517 sum 1499.96407
# target 50% 0.00585471
# target 75% 0.00822277
# target 90% 0.0096436
# target 99% 0.0184815
# target 99.9% 0.0199389
Sockets used: 25 (for perfect keepalive, would be 25)
Jitter: false
Code 200 : 298569 (100.0 %)
All done 298569 calls (plus 25 warmup) 5.024 ms avg, 4975.6 qps
Successfully wrote 2207 bytes of Json data to 2022-06-03-001829_asg_riwai_3_scaling_1_14.json
fortio exit code: 0
[2022-06-03T00:19:29]==============================[STATS]
jh CPU load avg:
0.25 0.18 0.12 1/164 3820
i-001375ed4e971d21f
InService
Healthy
{}
i-0285de41afc313926
InService
Healthy
{}
i-0d9af1a3523f6467d
InService
Healthy
{}
[2022-06-03T00:19:29]==============================[SCALING RUN 2: INIT]==============================
{
    "Alarms": [
        {
            "AlarmName": "TargetTracking-asg-1-myASG-AlarmHigh-a2675c46-fbf3-4386-8258-97ed237f2ddd", 
            "AlarmARN": "arn:aws:cloudwatch:us-east-1:818474851473:alarm:TargetTracking-asg-1-myASG-AlarmHigh-a2675c46-fbf3-4386-8258-97ed237f2ddd"
        }, 
        {
            "AlarmName": "TargetTracking-asg-1-myASG-AlarmLow-ac559312-0a9b-421e-96a1-229af20f7c59", 
            "AlarmARN": "arn:aws:cloudwatch:us-east-1:818474851473:alarm:TargetTracking-asg-1-myASG-AlarmLow-ac559312-0a9b-421e-96a1-229af20f7c59"
        }
    ], 
    "PolicyARN": "arn:aws:autoscaling:us-east-1:818474851473:scalingPolicy:9986768c-cbda-4955-a7e7-19a6f687b684:autoScalingGroupName/asg-1-myASG:policyName/asg-1-AppServerSP-ZP8S8DZG37KV"
}
scaling to 1
[2022-06-03T00:19:31]==============================[SCALING RUN 2: ENABLE SCALING - SLEEP]==============================
{
    "Alarms": [
        {
            "AlarmName": "TargetTracking-asg-1-myASG-AlarmHigh-e45f54fc-7465-4270-adb1-ae7ad88ab6d1", 
            "AlarmARN": "arn:aws:cloudwatch:us-east-1:818474851473:alarm:TargetTracking-asg-1-myASG-AlarmHigh-e45f54fc-7465-4270-adb1-ae7ad88ab6d1"
        }, 
        {
            "AlarmName": "TargetTracking-asg-1-myASG-AlarmLow-c4940b0b-c96f-4e06-8195-edc6510f47a5", 
            "AlarmARN": "arn:aws:cloudwatch:us-east-1:818474851473:alarm:TargetTracking-asg-1-myASG-AlarmLow-c4940b0b-c96f-4e06-8195-edc6510f47a5"
        }
    ], 
    "PolicyARN": "arn:aws:autoscaling:us-east-1:818474851473:scalingPolicy:9986768c-cbda-4955-a7e7-19a6f687b684:autoScalingGroupName/asg-1-myASG:policyName/asg-1-AppServerSP-ZP8S8DZG37KV"
}
[2022-06-03T00:22:33]==============================[SCALING RUN 2: FORTIO]==============================
[2022-06-03T00:22:33]==============================[STATS]
jh CPU load avg:
0.01 0.09 0.09 1/165 3854
i-0d9af1a3523f6467d
InService
Healthy
{}
[2022-06-03T00:22:33]==============================[SCALING RUN 2: CHUNK 1]==============================
00:22:33 I logger.go:127> Log level is now 4 Error (was 2 Info)
Fortio 1.19.0 running at -1 queries per second, 2->2 procs, for 1m0s: http://asg-1-lb-871559262.us-east-1.elb.amazonaws.com:3000/?n=20000
Aggregated Function Time : count 97420 avg 0.01539854 +/- 0.004428 min 0.002393238 max 0.239684233 sum 1500.12573
# target 50% 0.0155407
# target 75% 0.0183561
# target 90% 0.02042
# target 99% 0.0297903
# target 99.9% 0.0430875
Sockets used: 25 (for perfect keepalive, would be 25)
Jitter: false
Code 200 : 97420 (100.0 %)
All done 97420 calls (plus 25 warmup) 15.399 ms avg, 1623.3 qps
Successfully wrote 2788 bytes of Json data to 2022-06-03-002233_asg_riwai_3_scaling_2_1.json
fortio exit code: 0
[2022-06-03T00:23:33]==============================[STATS]
jh CPU load avg:
0.09 0.10 0.09 1/165 3871
i-0d9af1a3523f6467d
InService
Healthy
{}
[2022-06-03T00:23:34]==============================[SCALING RUN 2: CHUNK 2]==============================
00:23:34 I logger.go:127> Log level is now 4 Error (was 2 Info)
Fortio 1.19.0 running at -1 queries per second, 2->2 procs, for 1m0s: http://asg-1-lb-871559262.us-east-1.elb.amazonaws.com:3000/?n=20000
Aggregated Function Time : count 98486 avg 0.015231885 +/- 0.006752 min 0.001492682 max 1.7017707789999998 sum 1500.12742
# target 50% 0.0155005
# target 75% 0.0183116
# target 90% 0.0199983
# target 99% 0.02942
# target 99.9% 0.0395662
Sockets used: 25 (for perfect keepalive, would be 25)
Jitter: false
Code 200 : 98486 (100.0 %)
All done 98486 calls (plus 25 warmup) 15.232 ms avg, 1641.0 qps
Successfully wrote 2570 bytes of Json data to 2022-06-03-002334_asg_riwai_3_scaling_2_2.json
fortio exit code: 0
[2022-06-03T00:24:34]==============================[STATS]
jh CPU load avg:
0.07 0.09 0.09 1/165 3938
i-0d9af1a3523f6467d
InService
Healthy
{}
[2022-06-03T00:24:35]==============================[SCALING RUN 2: CHUNK 3]==============================
00:24:35 I logger.go:127> Log level is now 4 Error (was 2 Info)
Fortio 1.19.0 running at -1 queries per second, 2->2 procs, for 1m0s: http://asg-1-lb-871559262.us-east-1.elb.amazonaws.com:3000/?n=20000
Aggregated Function Time : count 98274 avg 0.015264818 +/- 0.00407 min 0.001641124 max 0.08026937 sum 1500.13475
# target 50% 0.0154899
# target 75% 0.0182757
# target 90% 0.0199472
# target 99% 0.0294435
# target 99.9% 0.0396954
Sockets used: 25 (for perfect keepalive, would be 25)
Jitter: false
Code 200 : 98274 (100.0 %)
All done 98274 calls (plus 25 warmup) 15.265 ms avg, 1637.5 qps
Successfully wrote 2555 bytes of Json data to 2022-06-03-002435_asg_riwai_3_scaling_2_3.json
fortio exit code: 0
[2022-06-03T00:25:35]==============================[STATS]
jh CPU load avg:
0.02 0.07 0.08 1/164 3956
i-0d9af1a3523f6467d
InService
Healthy
{}
[2022-06-03T00:25:36]==============================[SCALING RUN 2: CHUNK 4]==============================
00:25:36 I logger.go:127> Log level is now 4 Error (was 2 Info)
Fortio 1.19.0 running at -1 queries per second, 2->2 procs, for 1m0s: http://asg-1-lb-871559262.us-east-1.elb.amazonaws.com:3000/?n=20000
Aggregated Function Time : count 98573 avg 0.015218329 +/- 0.004083 min 0.001512517 max 0.050383611 sum 1500.11631
# target 50% 0.0154696
# target 75% 0.0182808
# target 90% 0.0199675
# target 99% 0.0293788
# target 99.9% 0.0390462
Sockets used: 25 (for perfect keepalive, would be 25)
Jitter: false
Code 200 : 98573 (100.0 %)
All done 98573 calls (plus 25 warmup) 15.218 ms avg, 1642.5 qps
Successfully wrote 2434 bytes of Json data to 2022-06-03-002536_asg_riwai_3_scaling_2_4.json
fortio exit code: 0
[2022-06-03T00:26:36]==============================[STATS]
jh CPU load avg:
0.16 0.12 0.09 1/164 3974
i-0d9af1a3523f6467d
InService
Healthy
{}
[2022-06-03T00:26:37]==============================[SCALING RUN 2: CHUNK 5]==============================
00:26:37 I logger.go:127> Log level is now 4 Error (was 2 Info)
Fortio 1.19.0 running at -1 queries per second, 2->2 procs, for 1m0s: http://asg-1-lb-871559262.us-east-1.elb.amazonaws.com:3000/?n=20000
Aggregated Function Time : count 98405 avg 0.015244331 +/- 0.004065 min 0.001496279 max 0.047520263 sum 1500.11837
# target 50% 0.0154844
# target 75% 0.0182848
# target 90% 0.019965
# target 99% 0.0293893
# target 99.9% 0.0393635
Sockets used: 25 (for perfect keepalive, would be 25)
Jitter: false
Code 200 : 98405 (100.0 %)
All done 98405 calls (plus 25 warmup) 15.244 ms avg, 1639.7 qps
Successfully wrote 2319 bytes of Json data to 2022-06-03-002637_asg_riwai_3_scaling_2_5.json
fortio exit code: 0
[2022-06-03T00:27:37]==============================[STATS]
jh CPU load avg:
0.16 0.13 0.10 1/164 3991
i-0d9af1a3523f6467d
InService
Healthy
{}
[2022-06-03T00:27:37]==============================[SCALING RUN 2: CHUNK 6]==============================
00:27:37 I logger.go:127> Log level is now 4 Error (was 2 Info)
Fortio 1.19.0 running at -1 queries per second, 2->2 procs, for 1m0s: http://asg-1-lb-871559262.us-east-1.elb.amazonaws.com:3000/?n=20000
Aggregated Function Time : count 98631 avg 0.015209468 +/- 0.004278 min 0.001411751 max 0.052880413 sum 1500.12503
# target 50% 0.0155564
# target 75% 0.0184103
# target 90% 0.0210176
# target 99% 0.0295398
# target 99.9% 0.0392601
Sockets used: 38 (for perfect keepalive, would be 25)
Jitter: false
Code 200 : 98631 (100.0 %)
All done 98631 calls (plus 25 warmup) 15.209 ms avg, 1643.5 qps
Successfully wrote 2442 bytes of Json data to 2022-06-03-002737_asg_riwai_3_scaling_2_6.json
fortio exit code: 0
[2022-06-03T00:28:37]==============================[STATS]
jh CPU load avg:
0.20 0.14 0.10 1/164 4008
i-029ae778b9952df73
InService
Healthy
{}
i-0d9af1a3523f6467d
InService
Healthy
{}
[2022-06-03T00:28:38]==============================[SCALING RUN 2: CHUNK 7]==============================
00:28:38 I logger.go:127> Log level is now 4 Error (was 2 Info)
Fortio 1.19.0 running at -1 queries per second, 2->2 procs, for 1m0s: http://asg-1-lb-871559262.us-east-1.elb.amazonaws.com:3000/?n=20000
Aggregated Function Time : count 98412 avg 0.015243253 +/- 0.003911 min 0.001528911 max 0.041495294 sum 1500.119
# target 50% 0.0154419
# target 75% 0.018213
# target 90% 0.0198757
# target 99% 0.0292056
# target 99.9% 0.0389871
Sockets used: 25 (for perfect keepalive, would be 25)
Jitter: false
Code 200 : 98412 (100.0 %)
All done 98412 calls (plus 25 warmup) 15.243 ms avg, 1639.8 qps
Successfully wrote 2314 bytes of Json data to 2022-06-03-002838_asg_riwai_3_scaling_2_7.json
fortio exit code: 0
[2022-06-03T00:29:38]==============================[STATS]
jh CPU load avg:
0.07 0.11 0.09 1/164 4024
i-029ae778b9952df73
InService
Healthy
{}
i-0d9af1a3523f6467d
InService
Healthy
{}
[2022-06-03T00:29:39]==============================[SCALING RUN 2: CHUNK 8]==============================
00:29:39 I logger.go:127> Log level is now 4 Error (was 2 Info)
Fortio 1.19.0 running at -1 queries per second, 2->2 procs, for 1m0s: http://asg-1-lb-871559262.us-east-1.elb.amazonaws.com:3000/?n=20000
Aggregated Function Time : count 191415 avg 0.0078364085 +/- 0.003652 min 0.001067859 max 0.112600093 sum 1500.00613
# target 50% 0.00657927
# target 75% 0.009335
# target 90% 0.0149379
# target 99% 0.0198938
# target 99.9% 0.0477477
Sockets used: 25 (for perfect keepalive, would be 25)
Jitter: false
Code 200 : 191415 (100.0 %)
All done 191415 calls (plus 25 warmup) 7.836 ms avg, 3189.9 qps
Successfully wrote 3157 bytes of Json data to 2022-06-03-002939_asg_riwai_3_scaling_2_8.json
fortio exit code: 0
[2022-06-03T00:30:39]==============================[STATS]
jh CPU load avg:
0.11 0.12 0.09 1/164 4047
i-029ae778b9952df73
InService
Healthy
{}
i-0d9af1a3523f6467d
InService
Healthy
{}
[2022-06-03T00:30:40]==============================[SCALING RUN 2: CHUNK 9]==============================
00:30:40 I logger.go:127> Log level is now 4 Error (was 2 Info)
Fortio 1.19.0 running at -1 queries per second, 2->2 procs, for 1m0s: http://asg-1-lb-871559262.us-east-1.elb.amazonaws.com:3000/?n=20000
Aggregated Function Time : count 195974 avg 0.0076541343 +/- 0.003006 min 0.00111044 max 0.084794544 sum 1500.01132
# target 50% 0.00662577
# target 75% 0.00938346
# target 90% 0.0149895
# target 99% 0.0197612
# target 99.9% 0.0296077
Sockets used: 25 (for perfect keepalive, would be 25)
Jitter: false
Code 200 : 195974 (100.0 %)
All done 195974 calls (plus 25 warmup) 7.654 ms avg, 3265.8 qps
Successfully wrote 2799 bytes of Json data to 2022-06-03-003040_asg_riwai_3_scaling_2_9.json
fortio exit code: 0
[2022-06-03T00:31:40]==============================[STATS]
jh CPU load avg:
0.15 0.13 0.09 1/165 4066
i-029ae778b9952df73
InService
Healthy
{}
i-0d9af1a3523f6467d
InService
Healthy
{}
[2022-06-03T00:31:40]==============================[SCALING RUN 2: CHUNK 10]==============================
00:31:40 I logger.go:127> Log level is now 4 Error (was 2 Info)
Fortio 1.19.0 running at -1 queries per second, 2->2 procs, for 1m0s: http://asg-1-lb-871559262.us-east-1.elb.amazonaws.com:3000/?n=20000
Aggregated Function Time : count 196219 avg 0.007644562 +/- 0.002842 min 0.001188921 max 0.057954231 sum 1500.00831
# target 50% 0.00665595
# target 75% 0.0093895
# target 90% 0.0149458
# target 99% 0.0196729
# target 99.9% 0.02808
Sockets used: 25 (for perfect keepalive, would be 25)
Jitter: false
Code 200 : 196219 (100.0 %)
All done 196219 calls (plus 25 warmup) 7.645 ms avg, 3269.9 qps
Successfully wrote 2447 bytes of Json data to 2022-06-03-003141_asg_riwai_3_scaling_2_10.json
fortio exit code: 0
[2022-06-03T00:32:41]==============================[STATS]
jh CPU load avg:
0.17 0.14 0.10 1/165 4083
i-029ae778b9952df73
InService
Healthy
{}
i-0d9af1a3523f6467d
InService
Healthy
{}
[2022-06-03T00:32:41]==============================[SCALING RUN 2: CHUNK 11]==============================
00:32:41 I logger.go:127> Log level is now 4 Error (was 2 Info)
Fortio 1.19.0 running at -1 queries per second, 2->2 procs, for 1m0s: http://asg-1-lb-871559262.us-east-1.elb.amazonaws.com:3000/?n=20000
Aggregated Function Time : count 197149 avg 0.0076084884 +/- 0.002807 min 0.001116855 max 0.074806242 sum 1500.00589
# target 50% 0.00660138
# target 75% 0.00934367
# target 90% 0.014824
# target 99% 0.0196392
# target 99.9% 0.0280153
Sockets used: 25 (for perfect keepalive, would be 25)
Jitter: false
Code 200 : 197149 (100.0 %)
All done 197149 calls (plus 25 warmup) 7.608 ms avg, 3285.4 qps
Successfully wrote 2678 bytes of Json data to 2022-06-03-003241_asg_riwai_3_scaling_2_11.json
fortio exit code: 0
[2022-06-03T00:33:41]==============================[STATS]
jh CPU load avg:
0.27 0.18 0.11 1/165 4100
i-029ae778b9952df73
InService
Healthy
{}
i-0d9af1a3523f6467d
InService
Healthy
{}
i-0e521ee2a7acec317
Pending
Healthy
{}
[2022-06-03T00:33:42]==============================[SCALING RUN 2: CHUNK 12]==============================
00:33:42 I logger.go:127> Log level is now 4 Error (was 2 Info)
Fortio 1.19.0 running at -1 queries per second, 2->2 procs, for 1m0s: http://asg-1-lb-871559262.us-east-1.elb.amazonaws.com:3000/?n=20000
Aggregated Function Time : count 195976 avg 0.0076540834 +/- 0.002982 min 0.001134451 max 0.071579326 sum 1500.01666
# target 50% 0.00663059
# target 75% 0.00937869
# target 90% 0.0149565
# target 99% 0.0197287
# target 99.9% 0.0305053
Sockets used: 25 (for perfect keepalive, would be 25)
Jitter: false
Code 200 : 195976 (100.0 %)
All done 195976 calls (plus 25 warmup) 7.654 ms avg, 3265.8 qps
Successfully wrote 2685 bytes of Json data to 2022-06-03-003342_asg_riwai_3_scaling_2_12.json
fortio exit code: 0
[2022-06-03T00:34:42]==============================[STATS]
jh CPU load avg:
0.43 0.23 0.13 1/165 4117
i-029ae778b9952df73
InService
Healthy
{}
i-0d9af1a3523f6467d
InService
Healthy
{}
i-0e521ee2a7acec317
InService
Healthy
{}
[2022-06-03T00:34:43]==============================[SCALING RUN 2: CHUNK 13]==============================
00:34:43 I logger.go:127> Log level is now 4 Error (was 2 Info)
Fortio 1.19.0 running at -1 queries per second, 2->2 procs, for 1m0s: http://asg-1-lb-871559262.us-east-1.elb.amazonaws.com:3000/?n=20000
Aggregated Function Time : count 294129 avg 0.005099725 +/- 0.002919 min 0.001131643 max 0.221709346 sum 1499.97702
# target 50% 0.00585033
# target 75% 0.00820969
# target 90% 0.0096253
# target 99% 0.01861
# target 99.9% 0.0256399
Sockets used: 25 (for perfect keepalive, would be 25)
Jitter: false
Code 200 : 294129 (100.0 %)
All done 294129 calls (plus 25 warmup) 5.100 ms avg, 4901.6 qps
Successfully wrote 2566 bytes of Json data to 2022-06-03-003443_asg_riwai_3_scaling_2_13.json
fortio exit code: 0
[2022-06-03T00:35:43]==============================[STATS]
jh CPU load avg:
0.25 0.22 0.13 1/164 4134
i-029ae778b9952df73
InService
Healthy
{}
i-0d9af1a3523f6467d
InService
Healthy
{}
i-0e521ee2a7acec317
InService
Healthy
{}
[2022-06-03T00:35:43]==============================[SCALING RUN 2: CHUNK 14]==============================
00:35:43 I logger.go:127> Log level is now 4 Error (was 2 Info)
Fortio 1.19.0 running at -1 queries per second, 2->2 procs, for 1m0s: http://asg-1-lb-871559262.us-east-1.elb.amazonaws.com:3000/?n=20000
Aggregated Function Time : count 296701 avg 0.0050555091 +/- 0.002821 min 0.001114318 max 0.058053982 sum 1499.9746
# target 50% 0.00582925
# target 75% 0.00818673
# target 90% 0.00960122
# target 99% 0.0184523
# target 99.9% 0.0223799
Sockets used: 25 (for perfect keepalive, would be 25)
Jitter: false
Code 200 : 296701 (100.0 %)
All done 296701 calls (plus 25 warmup) 5.056 ms avg, 4944.4 qps
Successfully wrote 2446 bytes of Json data to 2022-06-03-003543_asg_riwai_3_scaling_2_14.json
fortio exit code: 0
[2022-06-03T00:36:43]==============================[STATS]
jh CPU load avg:
0.22 0.22 0.14 1/164 4153
i-029ae778b9952df73
InService
Healthy
{}
i-0d9af1a3523f6467d
InService
Healthy
{}
i-0e521ee2a7acec317
InService
Healthy
{}
[2022-06-03T00:36:44]==============================[SCALING RUN 3: INIT]==============================
{
    "Alarms": [
        {
            "AlarmName": "TargetTracking-asg-1-myASG-AlarmHigh-05238f2c-f7cb-4a7e-9d4d-20bb34be9e75", 
            "AlarmARN": "arn:aws:cloudwatch:us-east-1:818474851473:alarm:TargetTracking-asg-1-myASG-AlarmHigh-05238f2c-f7cb-4a7e-9d4d-20bb34be9e75"
        }, 
        {
            "AlarmName": "TargetTracking-asg-1-myASG-AlarmLow-53369289-2e6e-46d3-b108-88bd7e898b38", 
            "AlarmARN": "arn:aws:cloudwatch:us-east-1:818474851473:alarm:TargetTracking-asg-1-myASG-AlarmLow-53369289-2e6e-46d3-b108-88bd7e898b38"
        }
    ], 
    "PolicyARN": "arn:aws:autoscaling:us-east-1:818474851473:scalingPolicy:9986768c-cbda-4955-a7e7-19a6f687b684:autoScalingGroupName/asg-1-myASG:policyName/asg-1-AppServerSP-ZP8S8DZG37KV"
}
scaling to 1
[2022-06-03T00:36:46]==============================[SCALING RUN 3: ENABLE SCALING - SLEEP]==============================
{
    "Alarms": [
        {
            "AlarmName": "TargetTracking-asg-1-myASG-AlarmHigh-be66e830-2996-4cfc-b398-4d7aeaafb1e4", 
            "AlarmARN": "arn:aws:cloudwatch:us-east-1:818474851473:alarm:TargetTracking-asg-1-myASG-AlarmHigh-be66e830-2996-4cfc-b398-4d7aeaafb1e4"
        }, 
        {
            "AlarmName": "TargetTracking-asg-1-myASG-AlarmLow-f42673a1-3dfb-472e-9371-bf38638b1310", 
            "AlarmARN": "arn:aws:cloudwatch:us-east-1:818474851473:alarm:TargetTracking-asg-1-myASG-AlarmLow-f42673a1-3dfb-472e-9371-bf38638b1310"
        }
    ], 
    "PolicyARN": "arn:aws:autoscaling:us-east-1:818474851473:scalingPolicy:9986768c-cbda-4955-a7e7-19a6f687b684:autoScalingGroupName/asg-1-myASG:policyName/asg-1-AppServerSP-ZP8S8DZG37KV"
}
[2022-06-03T00:39:47]==============================[SCALING RUN 3: FORTIO]==============================
[2022-06-03T00:39:47]==============================[STATS]
jh CPU load avg:
0.01 0.11 0.10 1/164 4180
i-0e521ee2a7acec317
InService
Healthy
{}
[2022-06-03T00:39:48]==============================[SCALING RUN 3: CHUNK 1]==============================
00:39:48 I logger.go:127> Log level is now 4 Error (was 2 Info)
Fortio 1.19.0 running at -1 queries per second, 2->2 procs, for 1m0s: http://asg-1-lb-871559262.us-east-1.elb.amazonaws.com:3000/?n=20000
Aggregated Function Time : count 97625 avg 0.015366271 +/- 0.004263 min 0.002318177 max 0.090658393 sum 1500.13218
# target 50% 0.0155084
# target 75% 0.0183261
# target 90% 0.020157
# target 99% 0.0296362
# target 99.9% 0.0452566
Sockets used: 25 (for perfect keepalive, would be 25)
Jitter: false
Code 200 : 97625 (100.0 %)
All done 97625 calls (plus 25 warmup) 15.366 ms avg, 1626.7 qps
Successfully wrote 2799 bytes of Json data to 2022-06-03-003948_asg_riwai_3_scaling_3_1.json
fortio exit code: 0
[2022-06-03T00:40:48]==============================[STATS]
jh CPU load avg:
0.00 0.09 0.09 1/165 4203
i-0e521ee2a7acec317
InService
Healthy
{}
[2022-06-03T00:40:49]==============================[SCALING RUN 3: CHUNK 2]==============================
00:40:49 I logger.go:127> Log level is now 4 Error (was 2 Info)
Fortio 1.19.0 running at -1 queries per second, 2->2 procs, for 1m0s: http://asg-1-lb-871559262.us-east-1.elb.amazonaws.com:3000/?n=20000
Aggregated Function Time : count 97915 avg 0.0153207 +/- 0.00406 min 0.001496237 max 0.046121624 sum 1500.12633
# target 50% 0.0154914
# target 75% 0.0182839
# target 90% 0.0199594
# target 99% 0.0293892
# target 99.9% 0.0398537
Sockets used: 25 (for perfect keepalive, would be 25)
Jitter: false
Code 200 : 97915 (100.0 %)
All done 97915 calls (plus 25 warmup) 15.321 ms avg, 1631.5 qps
Successfully wrote 2317 bytes of Json data to 2022-06-03-004049_asg_riwai_3_scaling_3_2.json
fortio exit code: 0
[2022-06-03T00:41:49]==============================[STATS]
jh CPU load avg:
0.27 0.15 0.11 1/165 4220
i-0e521ee2a7acec317
InService
Healthy
{}
[2022-06-03T00:41:49]==============================[SCALING RUN 3: CHUNK 3]==============================
00:41:49 I logger.go:127> Log level is now 4 Error (was 2 Info)
Fortio 1.19.0 running at -1 queries per second, 2->2 procs, for 1m0s: http://asg-1-lb-871559262.us-east-1.elb.amazonaws.com:3000/?n=20000
Aggregated Function Time : count 98622 avg 0.015210961 +/- 0.004166 min 0.001420024 max 0.074271274 sum 1500.13543
# target 50% 0.0155029
# target 75% 0.0183253
# target 90% 0.0201731
# target 99% 0.0295548
# target 99.9% 0.0396359
Sockets used: 25 (for perfect keepalive, would be 25)
Jitter: false
Code 200 : 98622 (100.0 %)
All done 98622 calls (plus 25 warmup) 15.211 ms avg, 1643.3 qps
Successfully wrote 2672 bytes of Json data to 2022-06-03-004150_asg_riwai_3_scaling_3_3.json
fortio exit code: 0
[2022-06-03T00:42:50]==============================[STATS]
jh CPU load avg:
0.17 0.13 0.10 1/164 4237
i-0e521ee2a7acec317
InService
Healthy
{}
[2022-06-03T00:42:50]==============================[SCALING RUN 3: CHUNK 4]==============================
00:42:50 I logger.go:127> Log level is now 4 Error (was 2 Info)
Fortio 1.19.0 running at -1 queries per second, 2->2 procs, for 1m0s: http://asg-1-lb-871559262.us-east-1.elb.amazonaws.com:3000/?n=20000
Aggregated Function Time : count 98987 avg 0.015154688 +/- 0.004027 min 0.001511657 max 0.045159067 sum 1500.11705
# target 50% 0.0154735
# target 75% 0.0182743
# target 90% 0.0199548
# target 99% 0.0293497
# target 99.9% 0.0391162
Sockets used: 25 (for perfect keepalive, would be 25)
Jitter: false
Code 200 : 98987 (100.0 %)
All done 98987 calls (plus 25 warmup) 15.155 ms avg, 1649.4 qps
Successfully wrote 2313 bytes of Json data to 2022-06-03-004250_asg_riwai_3_scaling_3_4.json
fortio exit code: 0
[2022-06-03T00:43:50]==============================[STATS]
jh CPU load avg:
0.10 0.12 0.09 1/165 4254
i-0e521ee2a7acec317
InService
Healthy
{}
[2022-06-03T00:43:51]==============================[SCALING RUN 3: CHUNK 5]==============================
00:43:51 I logger.go:127> Log level is now 4 Error (was 2 Info)
Fortio 1.19.0 running at -1 queries per second, 2->2 procs, for 1m0s: http://asg-1-lb-871559262.us-east-1.elb.amazonaws.com:3000/?n=20000
Aggregated Function Time : count 98497 avg 0.015230272 +/- 0.003945 min 0.00147385 max 0.049692181 sum 1500.13611
# target 50% 0.015467
# target 75% 0.0182372
# target 90% 0.0198993
# target 99% 0.0292675
# target 99.9% 0.0396794
Sockets used: 25 (for perfect keepalive, would be 25)
Jitter: false
Code 200 : 98497 (100.0 %)
All done 98497 calls (plus 25 warmup) 15.230 ms avg, 1641.2 qps
Successfully wrote 2319 bytes of Json data to 2022-06-03-004351_asg_riwai_3_scaling_3_5.json
fortio exit code: 0
[2022-06-03T00:44:51]==============================[STATS]
jh CPU load avg:
0.73 0.31 0.16 1/165 1288
i-0e521ee2a7acec317
InService
Healthy
{}
[2022-06-03T00:44:52]==============================[SCALING RUN 3: CHUNK 6]==============================
00:44:52 I logger.go:127> Log level is now 4 Error (was 2 Info)
Fortio 1.19.0 running at -1 queries per second, 2->2 procs, for 1m0s: http://asg-1-lb-871559262.us-east-1.elb.amazonaws.com:3000/?n=20000
Aggregated Function Time : count 98758 avg 0.015189792 +/- 0.004376 min 0.001461431 max 0.060594293 sum 1500.11348
# target 50% 0.0155506
# target 75% 0.0184263
# target 90% 0.0212278
# target 99% 0.0296019
# target 99.9% 0.0399412
Sockets used: 38 (for perfect keepalive, would be 25)
Jitter: false
Code 200 : 98758 (100.0 %)
All done 98758 calls (plus 25 warmup) 15.190 ms avg, 1645.6 qps
Successfully wrote 2559 bytes of Json data to 2022-06-03-004452_asg_riwai_3_scaling_3_6.json
fortio exit code: 0
[2022-06-03T00:45:52]==============================[STATS]
jh CPU load avg:
0.38 0.28 0.16 1/164 1306
i-078717cd55a7fc226
InService
Healthy
{}
i-0e521ee2a7acec317
InService
Healthy
{}
[2022-06-03T00:45:53]==============================[SCALING RUN 3: CHUNK 7]==============================
00:45:53 I logger.go:127> Log level is now 4 Error (was 2 Info)
Fortio 1.19.0 running at -1 queries per second, 2->2 procs, for 1m0s: http://asg-1-lb-871559262.us-east-1.elb.amazonaws.com:3000/?n=20000
Aggregated Function Time : count 98900 avg 0.015168072 +/- 0.00404 min 0.001457734 max 0.24360425 sum 1500.1223
# target 50% 0.0154422
# target 75% 0.0182141
# target 90% 0.0198772
# target 99% 0.0291998
# target 99.9% 0.0389449
Sockets used: 25 (for perfect keepalive, would be 25)
Jitter: false
Code 200 : 98900 (100.0 %)
All done 98900 calls (plus 25 warmup) 15.168 ms avg, 1647.9 qps
Successfully wrote 2434 bytes of Json data to 2022-06-03-004553_asg_riwai_3_scaling_3_7.json
fortio exit code: 0
[2022-06-03T00:46:53]==============================[STATS]
jh CPU load avg:
0.19 0.25 0.16 1/164 1324
i-078717cd55a7fc226
InService
Healthy
{}
i-0e521ee2a7acec317
InService
Healthy
{}
[2022-06-03T00:46:53]==============================[SCALING RUN 3: CHUNK 8]==============================
00:46:53 I logger.go:127> Log level is now 4 Error (was 2 Info)
Fortio 1.19.0 running at -1 queries per second, 2->2 procs, for 1m0s: http://asg-1-lb-871559262.us-east-1.elb.amazonaws.com:3000/?n=20000
Aggregated Function Time : count 195054 avg 0.0076902377 +/- 0.002739 min 0.001153156 max 0.041751904 sum 1500.01162
# target 50% 0.0065757
# target 75% 0.009287
# target 90% 0.0146473
# target 99% 0.0196113
# target 99.9% 0.0267305
Sockets used: 25 (for perfect keepalive, would be 25)
Jitter: false
Code 200 : 195054 (100.0 %)
All done 195054 calls (plus 25 warmup) 7.690 ms avg, 3250.5 qps
Successfully wrote 2324 bytes of Json data to 2022-06-03-004653_asg_riwai_3_scaling_3_8.json
fortio exit code: 0
[2022-06-03T00:47:53]==============================[STATS]
jh CPU load avg:
0.20 0.25 0.17 1/164 1340
i-078717cd55a7fc226
InService
Healthy
{}
i-0e521ee2a7acec317
InService
Healthy
{}
[2022-06-03T00:47:54]==============================[SCALING RUN 3: CHUNK 9]==============================
00:47:54 I logger.go:127> Log level is now 4 Error (was 2 Info)
Fortio 1.19.0 running at -1 queries per second, 2->2 procs, for 1m0s: http://asg-1-lb-871559262.us-east-1.elb.amazonaws.com:3000/?n=20000
Aggregated Function Time : count 196528 avg 0.0076325476 +/- 0.002726 min 0.001095739 max 0.038338938 sum 1500.00931
# target 50% 0.00658351
# target 75% 0.00932742
# target 90% 0.0147662
# target 99% 0.0196011
# target 99.9% 0.0261403
Sockets used: 25 (for perfect keepalive, would be 25)
Jitter: false
Code 200 : 196528 (100.0 %)
All done 196528 calls (plus 25 warmup) 7.633 ms avg, 3275.0 qps
Successfully wrote 2207 bytes of Json data to 2022-06-03-004754_asg_riwai_3_scaling_3_9.json
fortio exit code: 0
[2022-06-03T00:48:54]==============================[STATS]
jh CPU load avg:
0.19 0.23 0.17 1/164 1357
i-078717cd55a7fc226
InService
Healthy
{}
i-0e521ee2a7acec317
InService
Healthy
{}
[2022-06-03T00:48:55]==============================[SCALING RUN 3: CHUNK 10]==============================
00:48:55 I logger.go:127> Log level is now 4 Error (was 2 Info)
Fortio 1.19.0 running at -1 queries per second, 2->2 procs, for 1m0s: http://asg-1-lb-871559262.us-east-1.elb.amazonaws.com:3000/?n=20000
Aggregated Function Time : count 197050 avg 0.0076123509 +/- 0.002697 min 0.001125674 max 0.028738664 sum 1500.01374
# target 50% 0.00658157
# target 75% 0.00930954
# target 90% 0.0147075
# target 99% 0.0195927
# target 99.9% 0.0252388
Sockets used: 25 (for perfect keepalive, would be 25)
Jitter: false
Code 200 : 197050 (100.0 %)
All done 197050 calls (plus 25 warmup) 7.612 ms avg, 3283.8 qps
Successfully wrote 2092 bytes of Json data to 2022-06-03-004855_asg_riwai_3_scaling_3_10.json
fortio exit code: 0
[2022-06-03T00:49:55]==============================[STATS]
jh CPU load avg:
0.22 0.24 0.17 1/164 1373
i-078717cd55a7fc226
InService
Healthy
{}
i-0e521ee2a7acec317
InService
Healthy
{}
[2022-06-03T00:49:55]==============================[SCALING RUN 3: CHUNK 11]==============================
00:49:55 I logger.go:127> Log level is now 4 Error (was 2 Info)
Fortio 1.19.0 running at -1 queries per second, 2->2 procs, for 1m0s: http://asg-1-lb-871559262.us-east-1.elb.amazonaws.com:3000/?n=20000
Aggregated Function Time : count 196320 avg 0.0076406652 +/- 0.002722 min 0.001089933 max 0.040236283 sum 1500.01539
# target 50% 0.00654091
# target 75% 0.00926642
# target 90% 0.0145965
# target 99% 0.019598
# target 99.9% 0.0267186
Sockets used: 25 (for perfect keepalive, would be 25)
Jitter: false
Code 200 : 196320 (100.0 %)
All done 196320 calls (plus 25 warmup) 7.641 ms avg, 3271.6 qps
Successfully wrote 2329 bytes of Json data to 2022-06-03-004956_asg_riwai_3_scaling_3_11.json
fortio exit code: 0
[2022-06-03T00:50:56]==============================[STATS]
jh CPU load avg:
0.15 0.21 0.17 1/165 1397
i-078717cd55a7fc226
InService
Healthy
{}
i-0e521ee2a7acec317
InService
Healthy
{}
i-0f6502b02314e73fe
Pending
Healthy
{}
[2022-06-03T00:50:56]==============================[SCALING RUN 3: CHUNK 12]==============================
00:50:56 I logger.go:127> Log level is now 4 Error (was 2 Info)
Fortio 1.19.0 running at -1 queries per second, 2->2 procs, for 1m0s: http://asg-1-lb-871559262.us-east-1.elb.amazonaws.com:3000/?n=20000
Aggregated Function Time : count 196120 avg 0.0076483908 +/- 0.002712 min 0.001166883 max 0.044262797 sum 1500.0024
# target 50% 0.00656861
# target 75% 0.0092695
# target 90% 0.0145847
# target 99% 0.0195933
# target 99.9% 0.0264443
Sockets used: 25 (for perfect keepalive, would be 25)
Jitter: false
Code 200 : 196120 (100.0 %)
All done 196120 calls (plus 25 warmup) 7.648 ms avg, 3268.3 qps
Successfully wrote 2328 bytes of Json data to 2022-06-03-005056_asg_riwai_3_scaling_3_12.json
fortio exit code: 0
[2022-06-03T00:51:56]==============================[STATS]
jh CPU load avg:
0.29 0.24 0.18 1/165 1415
i-078717cd55a7fc226
InService
Healthy
{}
i-0e521ee2a7acec317
InService
Healthy
{}
i-0f6502b02314e73fe
InService
Healthy
{}
[2022-06-03T00:51:57]==============================[SCALING RUN 3: CHUNK 13]==============================
00:51:57 I logger.go:127> Log level is now 4 Error (was 2 Info)
Fortio 1.19.0 running at -1 queries per second, 2->2 procs, for 1m0s: http://asg-1-lb-871559262.us-east-1.elb.amazonaws.com:3000/?n=20000
Aggregated Function Time : count 295413 avg 0.0050775291 +/- 0.002832 min 0.001137182 max 0.048412164 sum 1499.96809
# target 50% 0.00582022
# target 75% 0.00816175
# target 90% 0.00956668
# target 99% 0.0183354
# target 99.9% 0.022159
Sockets used: 25 (for perfect keepalive, would be 25)
Jitter: false
Code 200 : 295413 (100.0 %)
All done 295413 calls (plus 25 warmup) 5.078 ms avg, 4923.0 qps
Successfully wrote 2326 bytes of Json data to 2022-06-03-005157_asg_riwai_3_scaling_3_13.json
fortio exit code: 0
[2022-06-03T00:52:57]==============================[STATS]
jh CPU load avg:
0.21 0.23 0.18 1/165 1482
i-078717cd55a7fc226
InService
Healthy
{}
i-0e521ee2a7acec317
InService
Healthy
{}
i-0f6502b02314e73fe
InService
Healthy
{}
[2022-06-03T00:52:58]==============================[SCALING RUN 3: CHUNK 14]==============================
00:52:58 I logger.go:127> Log level is now 4 Error (was 2 Info)
Fortio 1.19.0 running at -1 queries per second, 2->2 procs, for 1m0s: http://asg-1-lb-871559262.us-east-1.elb.amazonaws.com:3000/?n=20000
Aggregated Function Time : count 297341 avg 0.0050445913 +/- 0.002583 min 0.00114251 max 0.212890607 sum 1499.96383
# target 50% 0.0058555
# target 75% 0.00821202
# target 90% 0.00962592
# target 99% 0.0184888
# target 99.9% 0.0204097
Sockets used: 25 (for perfect keepalive, would be 25)
Jitter: false
Code 200 : 297341 (100.0 %)
All done 297341 calls (plus 25 warmup) 5.045 ms avg, 4955.2 qps
Successfully wrote 2204 bytes of Json data to 2022-06-03-005258_asg_riwai_3_scaling_3_14.json
fortio exit code: 0
[2022-06-03T00:53:58]==============================[STATS]
jh CPU load avg:
0.34 0.26 0.19 1/165 1499
i-078717cd55a7fc226
InService
Healthy
{}
i-0e521ee2a7acec317
InService
Healthy
{}
i-0f6502b02314e73fe
InService
Healthy
{}
[2022-06-03T00:57:59]==============================[GET DATA]==============================
2022-06-02T23:05:39..2022-06-03T00:57:59
asg-1-myASG
asg-1-lb
36K alb_data.json
24K asg_data.json
[2022-06-03T00:58:01]==============================[UPLOAD /2022.06.02_23-04_asg_riwai_3_7945]==============================
Warning: Permanently added '35.185.210.97' (ECDSA) to the list of known hosts.
