+ git log -3
commit 60ea6318c88c29f5fa7b60bd387f9615bedc5581
Author: Your Name <you@example.com>
Date:   Wed May 11 18:26:51 2022 +1200

    fix qps legend as well

commit e52da796338c8832972d9e47750d4ace4fd64105
Author: Your Name <you@example.com>
Date:   Wed May 11 17:50:05 2022 +1200

    rename QPS to qps

commit f8314e6296a932682b07ec3aff350e398eb91147
Author: Your Name <you@example.com>
Date:   Wed May 4 17:51:35 2022 +1200

    update explorer heading, add to processing
++ cut -d _ -f 2
+ app=taewa
+ export AWS_DEFAULT_REGION=us-east-1
+ AWS_DEFAULT_REGION=us-east-1
+ line===============================
++ date +%FT%T
+ echo '[2022-05-12T01:37:13]==============================[starting' in '/tmp/k8s-vs-ASG/data/cli]=============================='
[2022-05-12T01:37:13]==============================[starting in /tmp/k8s-vs-ASG/data/cli]==============================
+ source 0.setup.sh
++ set -x
++ '[' asg_taewa_3 == k8s_apache_3 ']'
++ '[' asg_taewa_3 == asg_apache_3 ']'
++ '[' asg_taewa_3 == k8s_apache2_3 ']'
++ '[' asg_taewa_3 == k8s_taewa_3 ']'
++ '[' asg_taewa_3 == asg_taewa_3 ']'
++ warmup_url='3000/?n=20000'
++ testing_url='3000/?n=20000'
++ cpu_perc=35
++ warmup_min_threads=15
++ warmup_max_threads=25
++ warmup_cycle_sec=90
++ scaling_minutes=14
++ performance_sec=300
++ max_capacity=3
++ fortio_options='-a -qps -1 -r 0.01 -loglevel Error -allow-initial-errors'
++ '[' asg_taewa_3 == k8s_taewa_3lite ']'
++ '[' asg_taewa_3 == asg_taewa_3lite ']'
++ '[' asg_taewa_3 == k8s_taewa_3extra ']'
++ '[' asg_taewa_3 == asg_taewa_3extra ']'
++ '[' asg_taewa_3 == k8s_taewa_6 ']'
++ '[' asg_taewa_3 == asg_taewa_6 ']'
++ '[' asg_taewa_3 == k8s_riwai_3 ']'
++ '[' asg_taewa_3 == asg_riwai_3 ']'
++ '[' asg_taewa_3 == asg_raupi_3 ']'
++ '[' asg_taewa_3 == k8s_raupi_3 ']'
++ set +x
{
    "Account": "626851989300", 
    "UserId": "AIDAZD42KI42C76SVZKZK", 
    "Arn": "arn:aws:iam::626851989300:user/ad"
}
[2022-05-12T01:37:18] waiting for instances ...
scaling to 3
{
    "HealthCheck": {
        "HealthyThreshold": 2, 
        "Interval": 10, 
        "Target": "HTTP:3000/?n=20000", 
        "Timeout": 5, 
        "UnhealthyThreshold": 6
    }
}
  % Total    % Received % Xferd  Average Speed   Time    Time     Time  Current
                                 Dload  Upload   Total   Spent    Left  Speed
  0     0    0     0    0     0      0      0 --:--:-- --:--:-- --:--:--     0100    44    0    44    0     0   4301      0 --:--:-- --:--:-- --:--:--  4400
The result of this run is :  5006.4739381644
[2022-05-12T01:42:22]==============================[STATS]
jh CPU load avg:
0.01 0.21 0.15 1/157 2877
i-0aab8f572e7bf4289
InService
Healthy
{}
i-0d73e745e07cafd35
InService
Healthy
{}
i-0eaa0dc8eec28d9d1
InService
Healthy
{}
[2022-05-12T01:42:23]==============================[WARMUP RUN c15]==============================
01:42:23 I logger.go:127> Log level is now 4 Error (was 2 Info)
Fortio 1.19.0 running at -1 queries per second, 2->2 procs, for 1m30s: http://asg-1-lb-283593635.us-east-1.elb.amazonaws.com:3000/?n=20000
Aggregated Function Time : count 363567 avg 0.0037130178 +/- 0.001557 min 0.001136786 max 0.208716687 sum 1349.93076
# target 50% 0.00558383
# target 75% 0.00780736
# target 90% 0.00914148
# target 99% 0.00994196
# target 99.9% 0.0174456
Sockets used: 15 (for perfect keepalive, would be 15)
Jitter: false
Code 200 : 363567 (100.0 %)
All done 363567 calls (plus 15 warmup) 3.713 ms avg, 4039.5 qps
Successfully wrote 2563 bytes of Json data to 2022-05-12-014223_asg_taewa_3_warmup_15.json
fortio exit code: 0
[2022-05-12T01:43:53]==============================[STATS]
jh CPU load avg:
0.15 0.21 0.15 1/157 2894
i-0aab8f572e7bf4289
InService
Healthy
{}
i-0d73e745e07cafd35
InService
Healthy
{}
i-0eaa0dc8eec28d9d1
InService
Healthy
{}
[2022-05-12T01:44:53]==============================[STATS]
jh CPU load avg:
0.05 0.17 0.14 1/157 2903
i-0aab8f572e7bf4289
InService
Healthy
{}
i-0d73e745e07cafd35
InService
Healthy
{}
i-0eaa0dc8eec28d9d1
InService
Healthy
{}
[2022-05-12T01:44:54]==============================[WARMUP RUN c16]==============================
01:44:54 I logger.go:127> Log level is now 4 Error (was 2 Info)
Fortio 1.19.0 running at -1 queries per second, 2->2 procs, for 1m30s: http://asg-1-lb-283593635.us-east-1.elb.amazonaws.com:3000/?n=20000
Aggregated Function Time : count 537750 avg 0.0026776038 +/- 0.001537 min 0.001051002 max 0.214769177 sum 1439.88144
# target 50% 0.00553314
# target 75% 0.00777422
# target 90% 0.00911887
# target 99% 0.00992566
# target 99.9% 0.0143507
Sockets used: 16 (for perfect keepalive, would be 16)
Jitter: false
Code 200 : 537750 (100.0 %)
All done 537750 calls (plus 16 warmup) 2.678 ms avg, 5974.8 qps
Successfully wrote 2323 bytes of Json data to 2022-05-12-014454_asg_taewa_3_warmup_16.json
fortio exit code: 0
[2022-05-12T01:46:24]==============================[STATS]
jh CPU load avg:
0.12 0.15 0.14 1/156 2921
i-0aab8f572e7bf4289
InService
Healthy
{}
i-0d73e745e07cafd35
InService
Healthy
{}
i-0eaa0dc8eec28d9d1
InService
Healthy
{}
[2022-05-12T01:47:25]==============================[STATS]
jh CPU load avg:
0.04 0.12 0.12 1/157 2932
i-0aab8f572e7bf4289
InService
Healthy
{}
i-0d73e745e07cafd35
InService
Healthy
{}
i-0eaa0dc8eec28d9d1
InService
Healthy
{}
[2022-05-12T01:47:26]==============================[WARMUP RUN c17]==============================
01:47:26 I logger.go:127> Log level is now 4 Error (was 2 Info)
Fortio 1.19.0 running at -1 queries per second, 2->2 procs, for 1m30s: http://asg-1-lb-283593635.us-east-1.elb.amazonaws.com:3000/?n=20000
Aggregated Function Time : count 546621 avg 0.0027987985 +/- 0.00154 min 0.001042209 max 0.024959776 sum 1529.88206
# target 50% 0.00552775
# target 75% 0.00777053
# target 90% 0.0091162
# target 99% 0.0099236
# target 99.9% 0.0133423
Sockets used: 17 (for perfect keepalive, would be 17)
Jitter: false
Code 200 : 546621 (100.0 %)
All done 546621 calls (plus 17 warmup) 2.799 ms avg, 6073.2 qps
Successfully wrote 2088 bytes of Json data to 2022-05-12-014726_asg_taewa_3_warmup_17.json
fortio exit code: 0
[2022-05-12T01:48:56]==============================[STATS]
jh CPU load avg:
0.30 0.19 0.15 1/157 2949
i-0aab8f572e7bf4289
InService
Healthy
{}
i-0d73e745e07cafd35
InService
Healthy
{}
i-0eaa0dc8eec28d9d1
InService
Healthy
{}
[2022-05-12T01:49:56]==============================[STATS]
jh CPU load avg:
0.11 0.15 0.14 1/157 2958
i-0aab8f572e7bf4289
InService
Healthy
{}
i-0d73e745e07cafd35
InService
Healthy
{}
i-0eaa0dc8eec28d9d1
InService
Healthy
{}
[2022-05-12T01:49:57]==============================[WARMUP RUN c18]==============================
01:49:57 I logger.go:127> Log level is now 4 Error (was 2 Info)
Fortio 1.19.0 running at -1 queries per second, 2->2 procs, for 1m30s: http://asg-1-lb-283593635.us-east-1.elb.amazonaws.com:3000/?n=20000
Aggregated Function Time : count 538249 avg 0.003009543 +/- 0.001624 min 0.001049287 max 0.040249219 sum 1619.88352
# target 50% 0.00553723
# target 75% 0.0077812
# target 90% 0.00912759
# target 99% 0.00993542
# target 99.9% 0.0170519
Sockets used: 18 (for perfect keepalive, would be 18)
Jitter: false
Code 200 : 538249 (100.0 %)
All done 538249 calls (plus 18 warmup) 3.010 ms avg, 5980.3 qps
Successfully wrote 2326 bytes of Json data to 2022-05-12-014957_asg_taewa_3_warmup_18.json
fortio exit code: 0
[2022-05-12T01:51:27]==============================[STATS]
jh CPU load avg:
0.28 0.21 0.16 1/157 2984
i-0aab8f572e7bf4289
InService
Healthy
{}
i-0d73e745e07cafd35
InService
Healthy
{}
i-0eaa0dc8eec28d9d1
InService
Healthy
{}
[2022-05-12T01:52:28]==============================[STATS]
jh CPU load avg:
0.10 0.17 0.15 1/157 2994
i-0aab8f572e7bf4289
InService
Healthy
{}
i-0d73e745e07cafd35
InService
Healthy
{}
i-0eaa0dc8eec28d9d1
InService
Healthy
{}
[2022-05-12T01:52:28]==============================[WARMUP RUN c19]==============================
01:52:28 I logger.go:127> Log level is now 4 Error (was 2 Info)
Fortio 1.19.0 running at -1 queries per second, 2->2 procs, for 1m30s: http://asg-1-lb-283593635.us-east-1.elb.amazonaws.com:3000/?n=20000
Aggregated Function Time : count 547780 avg 0.0031214692 +/- 0.001549 min 0.001090513 max 0.206261077 sum 1709.8784
# target 50% 0.00555456
# target 75% 0.0077866
# target 90% 0.00912582
# target 99% 0.00992935
# target 99.9% 0.0154358
Sockets used: 19 (for perfect keepalive, would be 19)
Jitter: false
Code 200 : 547780 (100.0 %)
All done 547780 calls (plus 19 warmup) 3.121 ms avg, 6086.2 qps
Successfully wrote 2318 bytes of Json data to 2022-05-12-015228_asg_taewa_3_warmup_19.json
fortio exit code: 0
[2022-05-12T01:53:58]==============================[STATS]
jh CPU load avg:
0.23 0.19 0.16 1/157 3011
i-0aab8f572e7bf4289
InService
Healthy
{}
i-0d73e745e07cafd35
InService
Healthy
{}
i-0eaa0dc8eec28d9d1
InService
Healthy
{}
[2022-05-12T01:54:59]==============================[STATS]
jh CPU load avg:
0.08 0.15 0.15 1/157 3020
i-0aab8f572e7bf4289
InService
Healthy
{}
i-0d73e745e07cafd35
InService
Healthy
{}
i-0eaa0dc8eec28d9d1
InService
Healthy
{}
[2022-05-12T01:55:00]==============================[WARMUP RUN c20]==============================
01:55:00 I logger.go:127> Log level is now 4 Error (was 2 Info)
Fortio 1.19.0 running at -1 queries per second, 2->2 procs, for 1m30s: http://asg-1-lb-283593635.us-east-1.elb.amazonaws.com:3000/?n=20000
Aggregated Function Time : count 536529 avg 0.0033546994 +/- 0.001902 min 0.001077443 max 0.20999681 sum 1799.89349
# target 50% 0.00555986
# target 75% 0.00780107
# target 90% 0.0091458
# target 99% 0.00995264
# target 99.9% 0.0191364
Sockets used: 20 (for perfect keepalive, would be 20)
Jitter: false
Code 200 : 536529 (100.0 %)
All done 536529 calls (plus 20 warmup) 3.355 ms avg, 5961.1 qps
Successfully wrote 2442 bytes of Json data to 2022-05-12-015500_asg_taewa_3_warmup_20.json
fortio exit code: 0
[2022-05-12T01:56:30]==============================[STATS]
jh CPU load avg:
0.10 0.12 0.13 1/157 3039
i-0aab8f572e7bf4289
InService
Healthy
{}
i-0d73e745e07cafd35
InService
Healthy
{}
i-0eaa0dc8eec28d9d1
InService
Healthy
{}
[2022-05-12T01:57:30]==============================[STATS]
jh CPU load avg:
0.03 0.10 0.12 1/158 3050
i-0aab8f572e7bf4289
InService
Healthy
{}
i-0d73e745e07cafd35
InService
Healthy
{}
i-0eaa0dc8eec28d9d1
InService
Healthy
{}
[2022-05-12T01:57:31]==============================[WARMUP RUN c21]==============================
01:57:31 I logger.go:127> Log level is now 4 Error (was 2 Info)
Fortio 1.19.0 running at -1 queries per second, 2->2 procs, for 1m30s: http://asg-1-lb-283593635.us-east-1.elb.amazonaws.com:3000/?n=20000
Aggregated Function Time : count 551170 avg 0.003428886 +/- 0.001925 min 0.001061249 max 0.221657964 sum 1889.89908
# target 50% 0.00554307
# target 75% 0.00778399
# target 90% 0.00912855
# target 99% 0.00993528
# target 99.9% 0.0165258
Sockets used: 21 (for perfect keepalive, would be 21)
Jitter: false
Code 200 : 551170 (100.0 %)
All done 551170 calls (plus 21 warmup) 3.429 ms avg, 6123.8 qps
Successfully wrote 2208 bytes of Json data to 2022-05-12-015731_asg_taewa_3_warmup_21.json
fortio exit code: 0
[2022-05-12T01:59:01]==============================[STATS]
jh CPU load avg:
0.20 0.13 0.13 1/157 3067
i-0aab8f572e7bf4289
InService
Healthy
{}
i-0d73e745e07cafd35
InService
Healthy
{}
i-0eaa0dc8eec28d9d1
InService
Healthy
{}
[2022-05-12T02:00:02]==============================[STATS]
jh CPU load avg:
0.07 0.10 0.11 1/158 3082
i-0aab8f572e7bf4289
InService
Healthy
{}
i-0d73e745e07cafd35
InService
Healthy
{}
i-0eaa0dc8eec28d9d1
InService
Healthy
{}
[2022-05-12T02:00:03]==============================[WARMUP RUN c22]==============================
02:00:03 I logger.go:127> Log level is now 4 Error (was 2 Info)
Fortio 1.19.0 running at -1 queries per second, 2->2 procs, for 1m30s: http://asg-1-lb-283593635.us-east-1.elb.amazonaws.com:3000/?n=20000
Aggregated Function Time : count 534121 avg 0.0037068331 +/- 0.002155 min 0.001104164 max 0.213267036 sum 1979.89738
# target 50% 0.0055841
# target 75% 0.00782407
# target 90% 0.00916806
# target 99% 0.00997445
# target 99.9% 0.0195378
Sockets used: 22 (for perfect keepalive, would be 22)
Jitter: false
Code 200 : 534121 (100.0 %)
All done 534121 calls (plus 22 warmup) 3.707 ms avg, 5934.3 qps
Successfully wrote 2559 bytes of Json data to 2022-05-12-020003_asg_taewa_3_warmup_22.json
fortio exit code: 0
[2022-05-12T02:01:33]==============================[STATS]
jh CPU load avg:
0.25 0.16 0.13 1/159 3115
i-0aab8f572e7bf4289
InService
Healthy
{}
i-0d73e745e07cafd35
InService
Healthy
{}
i-0eaa0dc8eec28d9d1
InService
Healthy
{}
[2022-05-12T02:02:33]==============================[STATS]
jh CPU load avg:
0.09 0.13 0.12 1/159 3124
i-0aab8f572e7bf4289
InService
Healthy
{}
i-0d73e745e07cafd35
InService
Healthy
{}
i-0eaa0dc8eec28d9d1
InService
Healthy
{}
[2022-05-12T02:02:34]==============================[WARMUP RUN c23]==============================
02:02:34 I logger.go:127> Log level is now 4 Error (was 2 Info)
Fortio 1.19.0 running at -1 queries per second, 2->2 procs, for 1m30s: http://asg-1-lb-283593635.us-east-1.elb.amazonaws.com:3000/?n=20000
Aggregated Function Time : count 548056 avg 0.003776797 +/- 0.002056 min 0.001087179 max 0.221096757 sum 2069.89627
# target 50% 0.00556453
# target 75% 0.00780321
# target 90% 0.00914642
# target 99% 0.00995235
# target 99.9% 0.0184349
Sockets used: 23 (for perfect keepalive, would be 23)
Jitter: false
Code 200 : 548056 (100.0 %)
All done 548056 calls (plus 23 warmup) 3.777 ms avg, 6089.2 qps
Successfully wrote 2442 bytes of Json data to 2022-05-12-020234_asg_taewa_3_warmup_23.json
fortio exit code: 0
[2022-05-12T02:04:04]==============================[STATS]
jh CPU load avg:
0.14 0.14 0.12 1/159 3191
i-0aab8f572e7bf4289
InService
Healthy
{}
i-0d73e745e07cafd35
InService
Healthy
{}
i-0eaa0dc8eec28d9d1
InService
Healthy
{}
[2022-05-12T02:05:05]==============================[STATS]
jh CPU load avg:
0.07 0.12 0.11 1/159 3200
i-0aab8f572e7bf4289
InService
Healthy
{}
i-0d73e745e07cafd35
InService
Healthy
{}
i-0eaa0dc8eec28d9d1
InService
Healthy
{}
[2022-05-12T02:05:06]==============================[WARMUP RUN c24]==============================
02:05:06 I logger.go:127> Log level is now 4 Error (was 2 Info)
Fortio 1.19.0 running at -1 queries per second, 2->2 procs, for 1m30s: http://asg-1-lb-283593635.us-east-1.elb.amazonaws.com:3000/?n=20000
Aggregated Function Time : count 544877 avg 0.0039640142 +/- 0.002176 min 0.001078361 max 0.222152892 sum 2159.90015
# target 50% 0.00558448
# target 75% 0.00783755
# target 90% 0.00918939
# target 99% 0.0100571
# target 99.9% 0.0193202
Sockets used: 24 (for perfect keepalive, would be 24)
Jitter: false
Code 200 : 544877 (100.0 %)
All done 544877 calls (plus 24 warmup) 3.964 ms avg, 6053.8 qps
Successfully wrote 2443 bytes of Json data to 2022-05-12-020506_asg_taewa_3_warmup_24.json
fortio exit code: 0
[2022-05-12T02:06:36]==============================[STATS]
jh CPU load avg:
0.17 0.14 0.12 1/158 3219
i-0aab8f572e7bf4289
InService
Healthy
{}
i-0d73e745e07cafd35
InService
Healthy
{}
i-0eaa0dc8eec28d9d1
InService
Healthy
{}
[2022-05-12T02:07:36]==============================[STATS]
jh CPU load avg:
0.06 0.11 0.11 1/158 3228
i-0aab8f572e7bf4289
InService
Healthy
{}
i-0d73e745e07cafd35
InService
Healthy
{}
i-0eaa0dc8eec28d9d1
InService
Healthy
{}
[2022-05-12T02:07:37]==============================[WARMUP RUN c25]==============================
02:07:37 I logger.go:127> Log level is now 4 Error (was 2 Info)
Fortio 1.19.0 running at -1 queries per second, 2->2 procs, for 1m30s: http://asg-1-lb-283593635.us-east-1.elb.amazonaws.com:3000/?n=20000
Aggregated Function Time : count 548609 avg 0.0041011044 +/- 0.002296 min 0.001091825 max 0.212344713 sum 2249.90277
# target 50% 0.00581996
# target 75% 0.00818404
# target 90% 0.00960248
# target 99% 0.0183003
# target 99.9% 0.0198579
Sockets used: 25 (for perfect keepalive, would be 25)
Jitter: false
Code 200 : 548609 (100.0 %)
All done 548609 calls (plus 25 warmup) 4.101 ms avg, 6095.2 qps
Successfully wrote 2325 bytes of Json data to 2022-05-12-020737_asg_taewa_3_warmup_25.json
fortio exit code: 0
[2022-05-12T02:09:07]==============================[STATS]
jh CPU load avg:
0.36 0.19 0.13 1/158 3244
i-0aab8f572e7bf4289
InService
Healthy
{}
i-0d73e745e07cafd35
InService
Healthy
{}
i-0eaa0dc8eec28d9d1
InService
Healthy
{}
{
    "LoadBalancerDescriptions": [
        {
            "Subnets": [
                "subnet-0433df7d73cfe1d45", 
                "subnet-04d4404ae8668a4d5"
            ], 
            "CanonicalHostedZoneNameID": "Z35SXDOTRQ7X7K", 
            "CanonicalHostedZoneName": "asg-1-lb-283593635.us-east-1.elb.amazonaws.com", 
            "ListenerDescriptions": [
                {
                    "Listener": {
                        "InstancePort": 3000, 
                        "LoadBalancerPort": 3000, 
                        "Protocol": "TCP", 
                        "InstanceProtocol": "TCP"
                    }, 
                    "PolicyNames": []
                }, 
                {
                    "Listener": {
                        "InstancePort": 80, 
                        "LoadBalancerPort": 80, 
                        "Protocol": "TCP", 
                        "InstanceProtocol": "TCP"
                    }, 
                    "PolicyNames": []
                }
            ], 
            "HealthCheck": {
                "HealthyThreshold": 2, 
                "Interval": 10, 
                "Target": "HTTP:3000/?n=20000", 
                "Timeout": 5, 
                "UnhealthyThreshold": 6
            }, 
            "VPCId": "vpc-01362d9db629acf2d", 
            "BackendServerDescriptions": [], 
            "Instances": [
                {
                    "InstanceId": "i-0eaa0dc8eec28d9d1"
                }, 
                {
                    "InstanceId": "i-0aab8f572e7bf4289"
                }, 
                {
                    "InstanceId": "i-0d73e745e07cafd35"
                }
            ], 
            "DNSName": "asg-1-lb-283593635.us-east-1.elb.amazonaws.com", 
            "SecurityGroups": [
                "sg-047756641b7d196d1"
            ], 
            "Policies": {
                "LBCookieStickinessPolicies": [], 
                "AppCookieStickinessPolicies": [], 
                "OtherPolicies": []
            }, 
            "LoadBalancerName": "asg-1-lb", 
            "CreatedTime": "2022-05-12T01:33:04.810Z", 
            "AvailabilityZones": [
                "us-east-1b", 
                "us-east-1a"
            ], 
            "Scheme": "internet-facing", 
            "SourceSecurityGroup": {
                "OwnerAlias": "626851989300", 
                "GroupName": "asg-1-ALBSecurityGroup-54PEP3423FR7"
            }
        }
    ]
}
{
    "AutoScalingGroups": [
        {
            "AutoScalingGroupARN": "arn:aws:autoscaling:us-east-1:626851989300:autoScalingGroup:d3ee1f0a-7905-4b63-9f94-e55f19e4eedf:autoScalingGroupName/asg-1-myASG", 
            "ServiceLinkedRoleARN": "arn:aws:iam::626851989300:role/aws-service-role/autoscaling.amazonaws.com/AWSServiceRoleForAutoScaling", 
            "TargetGroupARNs": [], 
            "SuspendedProcesses": [], 
            "LaunchTemplate": {
                "LaunchTemplateName": "asg-1-launch-template", 
                "Version": "1", 
                "LaunchTemplateId": "lt-0e835c66137fac4d4"
            }, 
            "Tags": [
                {
                    "ResourceType": "auto-scaling-group", 
                    "ResourceId": "asg-1-myASG", 
                    "PropagateAtLaunch": true, 
                    "Value": "asg-1-instance", 
                    "Key": "Name"
                }, 
                {
                    "ResourceType": "auto-scaling-group", 
                    "ResourceId": "asg-1-myASG", 
                    "PropagateAtLaunch": false, 
                    "Value": "WebServerGroup", 
                    "Key": "Purpose"
                }, 
                {
                    "ResourceType": "auto-scaling-group", 
                    "ResourceId": "asg-1-myASG", 
                    "PropagateAtLaunch": true, 
                    "Value": "myASG", 
                    "Key": "aws:cloudformation:logical-id"
                }, 
                {
                    "ResourceType": "auto-scaling-group", 
                    "ResourceId": "asg-1-myASG", 
                    "PropagateAtLaunch": true, 
                    "Value": "arn:aws:cloudformation:us-east-1:626851989300:stack/asg-1/6e921d70-d193-11ec-a1f0-12bca74801a3", 
                    "Key": "aws:cloudformation:stack-id"
                }, 
                {
                    "ResourceType": "auto-scaling-group", 
                    "ResourceId": "asg-1-myASG", 
                    "PropagateAtLaunch": true, 
                    "Value": "asg-1", 
                    "Key": "aws:cloudformation:stack-name"
                }
            ], 
            "EnabledMetrics": [
                {
                    "Metric": "GroupAndWarmPoolDesiredCapacity", 
                    "Granularity": "1Minute"
                }, 
                {
                    "Metric": "GroupTerminatingCapacity", 
                    "Granularity": "1Minute"
                }, 
                {
                    "Metric": "GroupTotalCapacity", 
                    "Granularity": "1Minute"
                }, 
                {
                    "Metric": "GroupMaxSize", 
                    "Granularity": "1Minute"
                }, 
                {
                    "Metric": "GroupTotalInstances", 
                    "Granularity": "1Minute"
                }, 
                {
                    "Metric": "WarmPoolPendingCapacity", 
                    "Granularity": "1Minute"
                }, 
                {
                    "Metric": "GroupAndWarmPoolTotalCapacity", 
                    "Granularity": "1Minute"
                }, 
                {
                    "Metric": "WarmPoolDesiredCapacity", 
                    "Granularity": "1Minute"
                }, 
                {
                    "Metric": "GroupMinSize", 
                    "Granularity": "1Minute"
                }, 
                {
                    "Metric": "GroupInServiceCapacity", 
                    "Granularity": "1Minute"
                }, 
                {
                    "Metric": "WarmPoolTerminatingCapacity", 
                    "Granularity": "1Minute"
                }, 
                {
                    "Metric": "WarmPoolWarmedCapacity", 
                    "Granularity": "1Minute"
                }, 
                {
                    "Metric": "GroupPendingInstances", 
                    "Granularity": "1Minute"
                }, 
                {
                    "Metric": "WarmPoolMinSize", 
                    "Granularity": "1Minute"
                }, 
                {
                    "Metric": "GroupInServiceInstances", 
                    "Granularity": "1Minute"
                }, 
                {
                    "Metric": "WarmPoolTotalCapacity", 
                    "Granularity": "1Minute"
                }, 
                {
                    "Metric": "GroupDesiredCapacity", 
                    "Granularity": "1Minute"
                }, 
                {
                    "Metric": "GroupStandbyCapacity", 
                    "Granularity": "1Minute"
                }, 
                {
                    "Metric": "GroupStandbyInstances", 
                    "Granularity": "1Minute"
                }, 
                {
                    "Metric": "GroupTerminatingInstances", 
                    "Granularity": "1Minute"
                }, 
                {
                    "Metric": "GroupPendingCapacity", 
                    "Granularity": "1Minute"
                }
            ], 
            "TerminationPolicies": [
                "Default"
            ], 
            "AutoScalingGroupName": "asg-1-myASG", 
            "DefaultCooldown": 300, 
            "MinSize": 1, 
            "Instances": [
                {
                    "ProtectedFromScaleIn": false, 
                    "AvailabilityZone": "us-east-1a", 
                    "LaunchTemplate": {
                        "LaunchTemplateName": "asg-1-launch-template", 
                        "Version": "1", 
                        "LaunchTemplateId": "lt-0e835c66137fac4d4"
                    }, 
                    "InstanceId": "i-0aab8f572e7bf4289", 
                    "HealthStatus": "Healthy", 
                    "LifecycleState": "InService", 
                    "InstanceType": "t3.medium"
                }, 
                {
                    "ProtectedFromScaleIn": false, 
                    "AvailabilityZone": "us-east-1b", 
                    "LaunchTemplate": {
                        "LaunchTemplateName": "asg-1-launch-template", 
                        "Version": "1", 
                        "LaunchTemplateId": "lt-0e835c66137fac4d4"
                    }, 
                    "InstanceId": "i-0d73e745e07cafd35", 
                    "HealthStatus": "Healthy", 
                    "LifecycleState": "InService", 
                    "InstanceType": "t3.medium"
                }, 
                {
                    "ProtectedFromScaleIn": false, 
                    "AvailabilityZone": "us-east-1b", 
                    "LaunchTemplate": {
                        "LaunchTemplateName": "asg-1-launch-template", 
                        "Version": "1", 
                        "LaunchTemplateId": "lt-0e835c66137fac4d4"
                    }, 
                    "InstanceId": "i-0eaa0dc8eec28d9d1", 
                    "HealthStatus": "Healthy", 
                    "LifecycleState": "InService", 
                    "InstanceType": "t3.medium"
                }
            ], 
            "MaxSize": 3, 
            "VPCZoneIdentifier": "subnet-0433df7d73cfe1d45,subnet-04d4404ae8668a4d5", 
            "HealthCheckGracePeriod": 300, 
            "LoadBalancerNames": [
                "asg-1-lb"
            ], 
            "CreatedTime": "2022-05-12T01:35:32.274Z", 
            "AvailabilityZones": [
                "us-east-1a", 
                "us-east-1b"
            ], 
            "HealthCheckType": "EC2", 
            "NewInstancesProtectedFromScaleIn": false, 
            "DesiredCapacity": 3
        }
    ]
}
[2022-05-12T02:10:10]==============================[PERFORMANCE CHUNK RUN 26]==============================
[2022-05-12T02:11:10]==============================[STATS]
jh CPU load avg:
0.07 0.13 0.11 1/159 3274
i-0aab8f572e7bf4289
InService
Healthy
{}
i-0d73e745e07cafd35
InService
Healthy
{}
i-0eaa0dc8eec28d9d1
InService
Healthy
{}
02:11:11 I logger.go:127> Log level is now 4 Error (was 2 Info)
Fortio 1.19.0 running at -1 queries per second, 2->2 procs, for 1m0s: http://asg-1-lb-283593635.us-east-1.elb.amazonaws.com:3000/?n=20000
Aggregated Function Time : count 363093 avg 0.0041310544 +/- 0.00221 min 0.001135216 max 0.2141699 sum 1499.95695
# target 50% 0.00562288
# target 75% 0.00786672
# target 90% 0.00921303
# target 99% 0.0119362
# target 99.9% 0.0194502
Sockets used: 25 (for perfect keepalive, would be 25)
Jitter: false
Code 200 : 363093 (100.0 %)
All done 363093 calls (plus 25 warmup) 4.131 ms avg, 6051.0 qps
Successfully wrote 2331 bytes of Json data to 2022-05-12-021111_asg_taewa_3_performance_chunk_26_1.json
fortio exit code: 0
[2022-05-12T02:12:11]==============================[STATS]
jh CPU load avg:
0.31 0.18 0.13 1/159 3291
i-0aab8f572e7bf4289
InService
Healthy
{}
i-0d73e745e07cafd35
InService
Healthy
{}
i-0eaa0dc8eec28d9d1
InService
Healthy
{}
02:12:11 I logger.go:127> Log level is now 4 Error (was 2 Info)
Fortio 1.19.0 running at -1 queries per second, 2->2 procs, for 1m0s: http://asg-1-lb-283593635.us-east-1.elb.amazonaws.com:3000/?n=20000
Aggregated Function Time : count 367432 avg 0.0040822325 +/- 0.002074 min 0.001107856 max 0.219041232 sum 1499.94283
# target 50% 0.00559091
# target 75% 0.00783245
# target 90% 0.00917737
# target 99% 0.00998433
# target 99.9% 0.0189505
Sockets used: 25 (for perfect keepalive, would be 25)
Jitter: false
Code 200 : 367432 (100.0 %)
All done 367432 calls (plus 25 warmup) 4.082 ms avg, 6123.4 qps
Successfully wrote 2687 bytes of Json data to 2022-05-12-021211_asg_taewa_3_performance_chunk_26_2.json
fortio exit code: 0
[2022-05-12T02:13:11]==============================[STATS]
jh CPU load avg:
0.48 0.24 0.15 1/159 3307
i-0aab8f572e7bf4289
InService
Healthy
{}
i-0d73e745e07cafd35
InService
Healthy
{}
i-0eaa0dc8eec28d9d1
InService
Healthy
{}
02:13:12 I logger.go:127> Log level is now 4 Error (was 2 Info)
Fortio 1.19.0 running at -1 queries per second, 2->2 procs, for 1m0s: http://asg-1-lb-283593635.us-east-1.elb.amazonaws.com:3000/?n=20000
Aggregated Function Time : count 367176 avg 0.0040850918 +/- 0.002107 min 0.001072198 max 0.21958323 sum 1499.94768
# target 50% 0.0055763
# target 75% 0.00782836
# target 90% 0.0091796
# target 99% 0.00999034
# target 99.9% 0.0189289
Sockets used: 25 (for perfect keepalive, would be 25)
Jitter: false
Code 200 : 367176 (100.0 %)
All done 367176 calls (plus 25 warmup) 4.085 ms avg, 6119.0 qps
Successfully wrote 2214 bytes of Json data to 2022-05-12-021312_asg_taewa_3_performance_chunk_26_3.json
fortio exit code: 0
[2022-05-12T02:14:12]==============================[STATS]
jh CPU load avg:
0.30 0.24 0.16 1/159 3323
i-0aab8f572e7bf4289
InService
Healthy
{}
i-0d73e745e07cafd35
InService
Healthy
{}
i-0eaa0dc8eec28d9d1
InService
Healthy
{}
02:14:13 I logger.go:127> Log level is now 4 Error (was 2 Info)
Fortio 1.19.0 running at -1 queries per second, 2->2 procs, for 1m0s: http://asg-1-lb-283593635.us-east-1.elb.amazonaws.com:3000/?n=20000
Aggregated Function Time : count 367573 avg 0.0040806809 +/- 0.00203 min 0.001140973 max 0.211010203 sum 1499.94814
# target 50% 0.00561221
# target 75% 0.00784784
# target 90% 0.00918922
# target 99% 0.00999405
# target 99.9% 0.0190661
Sockets used: 25 (for perfect keepalive, would be 25)
Jitter: false
Code 200 : 367573 (100.0 %)
All done 367573 calls (plus 25 warmup) 4.081 ms avg, 6125.7 qps
Successfully wrote 2335 bytes of Json data to 2022-05-12-021413_asg_taewa_3_performance_chunk_26_4.json
fortio exit code: 0
[2022-05-12T02:15:13]==============================[STATS]
jh CPU load avg:
0.48 0.30 0.18 1/157 3339
i-0aab8f572e7bf4289
InService
Healthy
{}
i-0d73e745e07cafd35
InService
Healthy
{}
i-0eaa0dc8eec28d9d1
InService
Healthy
{}
02:15:13 I logger.go:127> Log level is now 4 Error (was 2 Info)
Fortio 1.19.0 running at -1 queries per second, 2->2 procs, for 1m0s: http://asg-1-lb-283593635.us-east-1.elb.amazonaws.com:3000/?n=20000
Aggregated Function Time : count 366731 avg 0.0040900641 +/- 0.00202 min 0.001074216 max 0.208353864 sum 1499.95328
# target 50% 0.00557699
# target 75% 0.00782839
# target 90% 0.00917922
# target 99% 0.00998973
# target 99.9% 0.0189567
Sockets used: 25 (for perfect keepalive, would be 25)
Jitter: false
Code 200 : 366731 (100.0 %)
All done 366731 calls (plus 25 warmup) 4.090 ms avg, 6111.6 qps
Successfully wrote 2331 bytes of Json data to 2022-05-12-021513_asg_taewa_3_performance_chunk_26_5.json
fortio exit code: 0
[2022-05-12T02:17:13]==============================[STATS]
jh CPU load avg:
0.69 0.44 0.25 1/158 354
i-0aab8f572e7bf4289
InService
Healthy
{}
i-0d73e745e07cafd35
InService
Healthy
{}
i-0eaa0dc8eec28d9d1
InService
Healthy
{}
[2022-05-12T02:17:14]==============================[PERFORMANCE RUN 1]==============================
02:17:14 I logger.go:127> Log level is now 4 Error (was 2 Info)
Fortio 1.19.0 running at -1 queries per second, 2->2 procs, for 5m0s: http://asg-1-lb-283593635.us-east-1.elb.amazonaws.com:3000/?n=20000
Aggregated Function Time : count 1816225 avg 0.0041291978 +/- 0.002371 min 0.001062085 max 0.224911711 sum 7499.5523
# target 50% 0.00580737
# target 75% 0.00818001
# target 90% 0.0096036
# target 99% 0.0183225
# target 99.9% 0.0198754
Sockets used: 25 (for perfect keepalive, would be 25)
Jitter: false
Code 200 : 1816225 (100.0 %)
All done 1816225 calls (plus 25 warmup) 4.129 ms avg, 6054.0 qps
Successfully wrote 2575 bytes of Json data to 2022-05-12-021714_asg_taewa_3_performance_1.json
fortio exit code: 0
[2022-05-12T02:22:14]==============================[STATS]
jh CPU load avg:
0.26 0.36 0.27 1/160 383
i-0aab8f572e7bf4289
InService
Healthy
{}
i-0d73e745e07cafd35
InService
Healthy
{}
i-0eaa0dc8eec28d9d1
InService
Healthy
{}
[2022-05-12T02:23:15]==============================[STATS]
jh CPU load avg:
0.09 0.29 0.25 1/160 392
i-0aab8f572e7bf4289
InService
Healthy
{}
i-0d73e745e07cafd35
InService
Healthy
{}
i-0eaa0dc8eec28d9d1
InService
Healthy
{}
[2022-05-12T02:23:15]==============================[PERFORMANCE RUN 2]==============================
02:23:15 I logger.go:127> Log level is now 4 Error (was 2 Info)
Fortio 1.19.0 running at -1 queries per second, 2->2 procs, for 5m0s: http://asg-1-lb-283593635.us-east-1.elb.amazonaws.com:3000/?n=20000
Aggregated Function Time : count 1819073 avg 0.0041227276 +/- 0.00233 min 0.001075142 max 0.217740055 sum 7499.54242
# target 50% 0.00581906
# target 75% 0.00819102
# target 90% 0.00961419
# target 99% 0.0183538
# target 99.9% 0.0198777
Sockets used: 25 (for perfect keepalive, would be 25)
Jitter: false
Code 200 : 1819073 (100.0 %)
All done 1819073 calls (plus 25 warmup) 4.123 ms avg, 6063.5 qps
Successfully wrote 2458 bytes of Json data to 2022-05-12-022315_asg_taewa_3_performance_2.json
fortio exit code: 0
[2022-05-12T02:28:15]==============================[STATS]
jh CPU load avg:
0.35 0.35 0.28 1/158 415
i-0aab8f572e7bf4289
InService
Healthy
{}
i-0d73e745e07cafd35
InService
Healthy
{}
i-0eaa0dc8eec28d9d1
InService
Healthy
{}
[2022-05-12T02:29:16]==============================[STATS]
jh CPU load avg:
0.18 0.30 0.27 1/158 476
i-0aab8f572e7bf4289
InService
Healthy
{}
i-0d73e745e07cafd35
InService
Healthy
{}
i-0eaa0dc8eec28d9d1
InService
Healthy
{}
[2022-05-12T02:29:17]==============================[PERFORMANCE RUN 3]==============================
02:29:17 I logger.go:127> Log level is now 4 Error (was 2 Info)
Fortio 1.19.0 running at -1 queries per second, 2->2 procs, for 5m0s: http://asg-1-lb-283593635.us-east-1.elb.amazonaws.com:3000/?n=20000
Aggregated Function Time : count 1811730 avg 0.0041394354 +/- 0.002207 min 0.001099748 max 0.849731181 sum 7499.53922
# target 50% 0.00559856
# target 75% 0.00784796
# target 90% 0.00919761
# target 99% 0.0107798
# target 99.9% 0.0193203
Sockets used: 25 (for perfect keepalive, would be 25)
Jitter: false
Code 200 : 1811730 (100.0 %)
All done 1811730 calls (plus 25 warmup) 4.139 ms avg, 6039.0 qps
Successfully wrote 2691 bytes of Json data to 2022-05-12-022917_asg_taewa_3_performance_3.json
fortio exit code: 0
[2022-05-12T02:34:17]==============================[STATS]
jh CPU load avg:
0.04 0.18 0.23 1/159 504
i-0aab8f572e7bf4289
InService
Healthy
{}
i-0d73e745e07cafd35
InService
Healthy
{}
i-0eaa0dc8eec28d9d1
InService
Healthy
{}
scaling to 0
{
    "Alarms": [
        {
            "AlarmName": "TargetTracking-asg-1-myASG-AlarmHigh-609fe730-3432-486d-a9d0-249a001c850b", 
            "AlarmARN": "arn:aws:cloudwatch:us-east-1:626851989300:alarm:TargetTracking-asg-1-myASG-AlarmHigh-609fe730-3432-486d-a9d0-249a001c850b"
        }, 
        {
            "AlarmName": "TargetTracking-asg-1-myASG-AlarmLow-624c2589-5062-4e7d-a448-08642ecf673e", 
            "AlarmARN": "arn:aws:cloudwatch:us-east-1:626851989300:alarm:TargetTracking-asg-1-myASG-AlarmLow-624c2589-5062-4e7d-a448-08642ecf673e"
        }
    ], 
    "PolicyARN": "arn:aws:autoscaling:us-east-1:626851989300:scalingPolicy:95a336e8-7cfe-46c5-88f6-495664d8aefe:autoScalingGroupName/asg-1-myASG:policyName/asg-1-AppServerSP-1UWFP47E2L9X9"
}
[2022-05-12T02:34:49]==============================[SCALING RUN 1: INIT]==============================
{
    "Alarms": [
        {
            "AlarmName": "TargetTracking-asg-1-myASG-AlarmHigh-609fe730-3432-486d-a9d0-249a001c850b", 
            "AlarmARN": "arn:aws:cloudwatch:us-east-1:626851989300:alarm:TargetTracking-asg-1-myASG-AlarmHigh-609fe730-3432-486d-a9d0-249a001c850b"
        }, 
        {
            "AlarmName": "TargetTracking-asg-1-myASG-AlarmLow-624c2589-5062-4e7d-a448-08642ecf673e", 
            "AlarmARN": "arn:aws:cloudwatch:us-east-1:626851989300:alarm:TargetTracking-asg-1-myASG-AlarmLow-624c2589-5062-4e7d-a448-08642ecf673e"
        }
    ], 
    "PolicyARN": "arn:aws:autoscaling:us-east-1:626851989300:scalingPolicy:95a336e8-7cfe-46c5-88f6-495664d8aefe:autoScalingGroupName/asg-1-myASG:policyName/asg-1-AppServerSP-1UWFP47E2L9X9"
}
scaling to 1
[2022-05-12T02:34:50]==============================[SCALING RUN 1: ENABLE SCALING - SLEEP]==============================
{
    "Alarms": [
        {
            "AlarmName": "TargetTracking-asg-1-myASG-AlarmHigh-47731c94-5b02-4475-904d-47559606a824", 
            "AlarmARN": "arn:aws:cloudwatch:us-east-1:626851989300:alarm:TargetTracking-asg-1-myASG-AlarmHigh-47731c94-5b02-4475-904d-47559606a824"
        }, 
        {
            "AlarmName": "TargetTracking-asg-1-myASG-AlarmLow-e3e4281a-c727-4893-b87a-41591d51d0d7", 
            "AlarmARN": "arn:aws:cloudwatch:us-east-1:626851989300:alarm:TargetTracking-asg-1-myASG-AlarmLow-e3e4281a-c727-4893-b87a-41591d51d0d7"
        }
    ], 
    "PolicyARN": "arn:aws:autoscaling:us-east-1:626851989300:scalingPolicy:95a336e8-7cfe-46c5-88f6-495664d8aefe:autoScalingGroupName/asg-1-myASG:policyName/asg-1-AppServerSP-1UWFP47E2L9X9"
}
[2022-05-12T02:37:52]==============================[SCALING RUN 1: FORTIO]==============================
[2022-05-12T02:37:52]==============================[STATS]
jh CPU load avg:
0.06 0.10 0.18 1/158 545
i-00042ebee488f7df9
InService
Healthy
{}
[2022-05-12T02:37:52]==============================[SCALING RUN 1: CHUNK 1]==============================
02:37:52 I logger.go:127> Log level is now 4 Error (was 2 Info)
Fortio 1.19.0 running at -1 queries per second, 2->2 procs, for 1m0s: http://asg-1-lb-283593635.us-east-1.elb.amazonaws.com:3000/?n=20000
Aggregated Function Time : count 126421 avg 0.011865764 +/- 0.003635 min 0.001381624 max 0.041764607 sum 1500.0818
# target 50% 0.0148202
# target 75% 0.0180818
# target 90% 0.0202898
# target 99% 0.029086
# target 99.9% 0.0299657
Sockets used: 25 (for perfect keepalive, would be 25)
Jitter: false
Code 200 : 126421 (100.0 %)
All done 126421 calls (plus 25 warmup) 11.866 ms avg, 2106.6 qps
Successfully wrote 2327 bytes of Json data to 2022-05-12-023752_asg_taewa_3_scaling_1_1.json
fortio exit code: 0
[2022-05-12T02:38:52]==============================[STATS]
jh CPU load avg:
0.06 0.09 0.17 1/158 564
i-00042ebee488f7df9
InService
Healthy
{}
[2022-05-12T02:38:53]==============================[SCALING RUN 1: CHUNK 2]==============================
02:38:53 I logger.go:127> Log level is now 4 Error (was 2 Info)
Fortio 1.19.0 running at -1 queries per second, 2->2 procs, for 1m0s: http://asg-1-lb-283593635.us-east-1.elb.amazonaws.com:3000/?n=20000
Aggregated Function Time : count 127463 avg 0.011769081 +/- 0.003714 min 0.00139414 max 0.226984317 sum 1500.12237
# target 50% 0.014687
# target 75% 0.0179956
# target 90% 0.0199808
# target 99% 0.0290843
# target 99.9% 0.0307336
Sockets used: 25 (for perfect keepalive, would be 25)
Jitter: false
Code 200 : 127463 (100.0 %)
All done 127463 calls (plus 25 warmup) 11.769 ms avg, 2123.7 qps
Successfully wrote 2556 bytes of Json data to 2022-05-12-023853_asg_taewa_3_scaling_1_2.json
fortio exit code: 0
[2022-05-12T02:39:53]==============================[STATS]
jh CPU load avg:
0.16 0.12 0.18 1/158 581
i-00042ebee488f7df9
InService
Healthy
{}
[2022-05-12T02:39:54]==============================[SCALING RUN 1: CHUNK 3]==============================
02:39:54 I logger.go:127> Log level is now 4 Error (was 2 Info)
Fortio 1.19.0 running at -1 queries per second, 2->2 procs, for 1m0s: http://asg-1-lb-283593635.us-east-1.elb.amazonaws.com:3000/?n=20000
Aggregated Function Time : count 127460 avg 0.011769023 +/- 0.00358 min 0.001361581 max 0.045805904 sum 1500.07968
# target 50% 0.014767
# target 75% 0.0180382
# target 90% 0.0200071
# target 99% 0.029064
# target 99.9% 0.0299696
Sockets used: 25 (for perfect keepalive, would be 25)
Jitter: false
Code 200 : 127460 (100.0 %)
All done 127460 calls (plus 25 warmup) 11.769 ms avg, 2123.9 qps
Successfully wrote 2332 bytes of Json data to 2022-05-12-023954_asg_taewa_3_scaling_1_3.json
fortio exit code: 0
[2022-05-12T02:40:54]==============================[STATS]
jh CPU load avg:
0.10 0.11 0.17 1/159 606
i-00042ebee488f7df9
InService
Healthy
{}
[2022-05-12T02:40:54]==============================[SCALING RUN 1: CHUNK 4]==============================
02:40:54 I logger.go:127> Log level is now 4 Error (was 2 Info)
Fortio 1.19.0 running at -1 queries per second, 2->2 procs, for 1m0s: http://asg-1-lb-283593635.us-east-1.elb.amazonaws.com:3000/?n=20000
Aggregated Function Time : count 127490 avg 0.011766454 +/- 0.003523 min 0.001426263 max 0.227426895 sum 1500.10527
# target 50% 0.0148664
# target 75% 0.0180495
# target 90% 0.0199594
# target 99% 0.0289889
# target 99.9% 0.0299208
Sockets used: 25 (for perfect keepalive, would be 25)
Jitter: false
Code 200 : 127490 (100.0 %)
All done 127490 calls (plus 25 warmup) 11.766 ms avg, 2124.2 qps
Successfully wrote 2327 bytes of Json data to 2022-05-12-024054_asg_taewa_3_scaling_1_4.json
fortio exit code: 0
[2022-05-12T02:41:54]==============================[STATS]
jh CPU load avg:
0.16 0.13 0.17 1/159 624
i-00042ebee488f7df9
InService
Healthy
{}
[2022-05-12T02:41:55]==============================[SCALING RUN 1: CHUNK 5]==============================
02:41:55 I logger.go:127> Log level is now 4 Error (was 2 Info)
Fortio 1.19.0 running at -1 queries per second, 2->2 procs, for 1m0s: http://asg-1-lb-283593635.us-east-1.elb.amazonaws.com:3000/?n=20000
Aggregated Function Time : count 127383 avg 0.011776104 +/- 0.00352 min 0.001440842 max 0.042744235 sum 1500.07547
# target 50% 0.0148441
# target 75% 0.0180501
# target 90% 0.0199738
# target 99% 0.0290138
# target 99.9% 0.0299361
Sockets used: 25 (for perfect keepalive, would be 25)
Jitter: false
Code 200 : 127383 (100.0 %)
All done 127383 calls (plus 25 warmup) 11.776 ms avg, 2122.7 qps
Successfully wrote 2328 bytes of Json data to 2022-05-12-024155_asg_taewa_3_scaling_1_5.json
fortio exit code: 0
[2022-05-12T02:42:55]==============================[STATS]
jh CPU load avg:
0.14 0.12 0.17 1/159 641
i-00042ebee488f7df9
InService
Healthy
{}
i-0be1ed3a074a0d19e
InService
Healthy
{}
[2022-05-12T02:42:56]==============================[SCALING RUN 1: CHUNK 6]==============================
02:42:56 I logger.go:127> Log level is now 4 Error (was 2 Info)
Fortio 1.19.0 running at -1 queries per second, 2->2 procs, for 1m0s: http://asg-1-lb-283593635.us-east-1.elb.amazonaws.com:3000/?n=20000
Aggregated Function Time : count 127436 avg 0.011771254 +/- 0.003717 min 0.001339798 max 0.035198427 sum 1500.0815
# target 50% 0.0144192
# target 75% 0.0179561
# target 90% 0.020525
# target 99% 0.0290733
# target 99.9% 0.0299281
Sockets used: 25 (for perfect keepalive, would be 25)
Jitter: false
Code 200 : 127436 (100.0 %)
All done 127436 calls (plus 25 warmup) 11.771 ms avg, 2123.5 qps
Successfully wrote 2210 bytes of Json data to 2022-05-12-024256_asg_taewa_3_scaling_1_6.json
fortio exit code: 0
[2022-05-12T02:43:56]==============================[STATS]
jh CPU load avg:
0.21 0.16 0.18 1/159 659
i-00042ebee488f7df9
InService
Healthy
{}
i-0be1ed3a074a0d19e
InService
Healthy
{}
[2022-05-12T02:43:57]==============================[SCALING RUN 1: CHUNK 7]==============================
02:43:57 I logger.go:127> Log level is now 4 Error (was 2 Info)
Fortio 1.19.0 running at -1 queries per second, 2->2 procs, for 1m0s: http://asg-1-lb-283593635.us-east-1.elb.amazonaws.com:3000/?n=20000
Aggregated Function Time : count 249683 avg 0.0060077401 +/- 0.002162 min 0.001185509 max 0.223057107 sum 1500.03057
# target 50% 0.0060256
# target 75% 0.00844567
# target 90% 0.00989771
# target 99% 0.018911
# target 99.9% 0.0199206
Sockets used: 25 (for perfect keepalive, would be 25)
Jitter: false
Code 200 : 249683 (100.0 %)
All done 249683 calls (plus 25 warmup) 6.008 ms avg, 4160.9 qps
Successfully wrote 2440 bytes of Json data to 2022-05-12-024357_asg_taewa_3_scaling_1_7.json
fortio exit code: 0
[2022-05-12T02:44:57]==============================[STATS]
jh CPU load avg:
0.22 0.17 0.18 1/159 677
i-00042ebee488f7df9
InService
Healthy
{}
i-0be1ed3a074a0d19e
InService
Healthy
{}
[2022-05-12T02:44:57]==============================[SCALING RUN 1: CHUNK 8]==============================
02:44:57 I logger.go:127> Log level is now 4 Error (was 2 Info)
Fortio 1.19.0 running at -1 queries per second, 2->2 procs, for 1m0s: http://asg-1-lb-283593635.us-east-1.elb.amazonaws.com:3000/?n=20000
Aggregated Function Time : count 252912 avg 0.0059308562 +/- 0.002232 min 0.001127247 max 0.216785323 sum 1499.98471
# target 50% 0.00595712
# target 75% 0.00837208
# target 90% 0.00982105
# target 99% 0.0187978
# target 99.9% 0.0199056
Sockets used: 25 (for perfect keepalive, would be 25)
Jitter: false
Code 200 : 252912 (100.0 %)
All done 252912 calls (plus 25 warmup) 5.931 ms avg, 4214.8 qps
Successfully wrote 2324 bytes of Json data to 2022-05-12-024457_asg_taewa_3_scaling_1_8.json
fortio exit code: 0
[2022-05-12T02:45:57]==============================[STATS]
jh CPU load avg:
0.22 0.17 0.18 1/158 695
i-00042ebee488f7df9
InService
Healthy
{}
i-0be1ed3a074a0d19e
InService
Healthy
{}
[2022-05-12T02:45:58]==============================[SCALING RUN 1: CHUNK 9]==============================
02:45:58 I logger.go:127> Log level is now 4 Error (was 2 Info)
Fortio 1.19.0 running at -1 queries per second, 2->2 procs, for 1m0s: http://asg-1-lb-283593635.us-east-1.elb.amazonaws.com:3000/?n=20000
Aggregated Function Time : count 252721 avg 0.0059353319 +/- 0.002062 min 0.001177378 max 0.023542191 sum 1499.98301
# target 50% 0.00599615
# target 75% 0.00840555
# target 90% 0.00985119
# target 99% 0.0188248
# target 99.9% 0.0198901
Sockets used: 25 (for perfect keepalive, would be 25)
Jitter: false
Code 200 : 252721 (100.0 %)
All done 252721 calls (plus 25 warmup) 5.935 ms avg, 4211.6 qps
Successfully wrote 2089 bytes of Json data to 2022-05-12-024558_asg_taewa_3_scaling_1_9.json
fortio exit code: 0
[2022-05-12T02:46:58]==============================[STATS]
jh CPU load avg:
0.20 0.18 0.18 1/158 713
i-00042ebee488f7df9
InService
Healthy
{}
i-0be1ed3a074a0d19e
InService
Healthy
{}
[2022-05-12T02:46:58]==============================[SCALING RUN 1: CHUNK 10]==============================
02:46:58 I logger.go:127> Log level is now 4 Error (was 2 Info)
Fortio 1.19.0 running at -1 queries per second, 2->2 procs, for 1m0s: http://asg-1-lb-283593635.us-east-1.elb.amazonaws.com:3000/?n=20000
Aggregated Function Time : count 253646 avg 0.0059137673 +/- 0.002097 min 0.001148109 max 0.212099396 sum 1500.00343
# target 50% 0.0059682
# target 75% 0.00837827
# target 90% 0.00982431
# target 99% 0.0187903
# target 99.9% 0.0198925
Sockets used: 25 (for perfect keepalive, would be 25)
Jitter: false
Code 200 : 253646 (100.0 %)
All done 253646 calls (plus 25 warmup) 5.914 ms avg, 4226.9 qps
Successfully wrote 2204 bytes of Json data to 2022-05-12-024658_asg_taewa_3_scaling_1_10.json
fortio exit code: 0
[2022-05-12T02:47:58]==============================[STATS]
jh CPU load avg:
0.21 0.19 0.18 1/158 730
i-00042ebee488f7df9
InService
Healthy
{}
i-0be1ed3a074a0d19e
InService
Healthy
{}
[2022-05-12T02:47:59]==============================[SCALING RUN 1: CHUNK 11]==============================
02:47:59 I logger.go:127> Log level is now 4 Error (was 2 Info)
Fortio 1.19.0 running at -1 queries per second, 2->2 procs, for 1m0s: http://asg-1-lb-283593635.us-east-1.elb.amazonaws.com:3000/?n=20000
Aggregated Function Time : count 254344 avg 0.0058975056 +/- 0.002053 min 0.001121859 max 0.02292572 sum 1499.99516
# target 50% 0.00594155
# target 75% 0.00835142
# target 90% 0.00979734
# target 99% 0.0187368
# target 99.9% 0.0198768
Sockets used: 25 (for perfect keepalive, would be 25)
Jitter: false
Code 200 : 254344 (100.0 %)
All done 254344 calls (plus 25 warmup) 5.898 ms avg, 4238.7 qps
Successfully wrote 2091 bytes of Json data to 2022-05-12-024759_asg_taewa_3_scaling_1_11.json
fortio exit code: 0
[2022-05-12T02:48:59]==============================[STATS]
jh CPU load avg:
0.07 0.15 0.17 1/158 747
i-00042ebee488f7df9
InService
Healthy
{}
i-088f0439a70f3503a
InService
Healthy
{}
i-0be1ed3a074a0d19e
InService
Healthy
{}
[2022-05-12T02:49:00]==============================[SCALING RUN 1: CHUNK 12]==============================
02:49:00 I logger.go:127> Log level is now 4 Error (was 2 Info)
Fortio 1.19.0 running at -1 queries per second, 2->2 procs, for 1m0s: http://asg-1-lb-283593635.us-east-1.elb.amazonaws.com:3000/?n=20000
Aggregated Function Time : count 253313 avg 0.005921493 +/- 0.00215 min 0.001131458 max 0.21611767 sum 1499.99115
# target 50% 0.00593828
# target 75% 0.00834172
# target 90% 0.00978378
# target 99% 0.01872
# target 99.9% 0.0198826
Sockets used: 25 (for perfect keepalive, would be 25)
Jitter: false
Code 200 : 253313 (100.0 %)
All done 253313 calls (plus 25 warmup) 5.921 ms avg, 4221.5 qps
Successfully wrote 2321 bytes of Json data to 2022-05-12-024900_asg_taewa_3_scaling_1_12.json
fortio exit code: 0
[2022-05-12T02:50:00]==============================[STATS]
jh CPU load avg:
0.53 0.26 0.21 1/158 764
i-00042ebee488f7df9
InService
Healthy
{}
i-088f0439a70f3503a
InService
Healthy
{}
i-0be1ed3a074a0d19e
InService
Healthy
{}
[2022-05-12T02:50:00]==============================[SCALING RUN 1: CHUNK 13]==============================
02:50:00 I logger.go:127> Log level is now 4 Error (was 2 Info)
Fortio 1.19.0 running at -1 queries per second, 2->2 procs, for 1m0s: http://asg-1-lb-283593635.us-east-1.elb.amazonaws.com:3000/?n=20000
Aggregated Function Time : count 375510 avg 0.0039944418 +/- 0.002042 min 0.001133727 max 0.215475223 sum 1499.95283
# target 50% 0.00558948
# target 75% 0.00781737
# target 90% 0.0091541
# target 99% 0.00995614
# target 99.9% 0.0183233
Sockets used: 25 (for perfect keepalive, would be 25)
Jitter: false
Code 200 : 375510 (100.0 %)
All done 375510 calls (plus 25 warmup) 3.994 ms avg, 6257.8 qps
Successfully wrote 2444 bytes of Json data to 2022-05-12-025000_asg_taewa_3_scaling_1_13.json
fortio exit code: 0
[2022-05-12T02:51:00]==============================[STATS]
jh CPU load avg:
0.19 0.21 0.19 1/159 787
i-00042ebee488f7df9
InService
Healthy
{}
i-088f0439a70f3503a
InService
Healthy
{}
i-0be1ed3a074a0d19e
InService
Healthy
{}
[2022-05-12T02:51:01]==============================[SCALING RUN 1: CHUNK 14]==============================
02:51:01 I logger.go:127> Log level is now 4 Error (was 2 Info)
Fortio 1.19.0 running at -1 queries per second, 2->2 procs, for 1m0s: http://asg-1-lb-283593635.us-east-1.elb.amazonaws.com:3000/?n=20000
Aggregated Function Time : count 377947 avg 0.0039687124 +/- 0.001997 min 0.001071751 max 0.211211165 sum 1499.96293
# target 50% 0.00555388
# target 75% 0.00779495
# target 90% 0.0091396
# target 99% 0.00994639
# target 99.9% 0.0178802
Sockets used: 25 (for perfect keepalive, would be 25)
Jitter: false
Code 200 : 377947 (100.0 %)
All done 377947 calls (plus 25 warmup) 3.969 ms avg, 6298.2 qps
Successfully wrote 2324 bytes of Json data to 2022-05-12-025101_asg_taewa_3_scaling_1_14.json
fortio exit code: 0
[2022-05-12T02:52:01]==============================[STATS]
jh CPU load avg:
0.15 0.20 0.18 1/160 806
i-00042ebee488f7df9
InService
Healthy
{}
i-088f0439a70f3503a
InService
Healthy
{}
i-0be1ed3a074a0d19e
InService
Healthy
{}
[2022-05-12T02:52:02]==============================[SCALING RUN 2: INIT]==============================
{
    "Alarms": [
        {
            "AlarmName": "TargetTracking-asg-1-myASG-AlarmHigh-c08e0540-b61f-4d91-b919-f891afc365d4", 
            "AlarmARN": "arn:aws:cloudwatch:us-east-1:626851989300:alarm:TargetTracking-asg-1-myASG-AlarmHigh-c08e0540-b61f-4d91-b919-f891afc365d4"
        }, 
        {
            "AlarmName": "TargetTracking-asg-1-myASG-AlarmLow-e0e1de9f-8492-43c6-8ba4-41a094244b2b", 
            "AlarmARN": "arn:aws:cloudwatch:us-east-1:626851989300:alarm:TargetTracking-asg-1-myASG-AlarmLow-e0e1de9f-8492-43c6-8ba4-41a094244b2b"
        }
    ], 
    "PolicyARN": "arn:aws:autoscaling:us-east-1:626851989300:scalingPolicy:95a336e8-7cfe-46c5-88f6-495664d8aefe:autoScalingGroupName/asg-1-myASG:policyName/asg-1-AppServerSP-1UWFP47E2L9X9"
}
scaling to 1
[2022-05-12T02:52:03]==============================[SCALING RUN 2: ENABLE SCALING - SLEEP]==============================
{
    "Alarms": [
        {
            "AlarmName": "TargetTracking-asg-1-myASG-AlarmHigh-51356738-c575-4e9b-8b17-ba109a8464c7", 
            "AlarmARN": "arn:aws:cloudwatch:us-east-1:626851989300:alarm:TargetTracking-asg-1-myASG-AlarmHigh-51356738-c575-4e9b-8b17-ba109a8464c7"
        }, 
        {
            "AlarmName": "TargetTracking-asg-1-myASG-AlarmLow-e0a31774-dfca-4000-a35e-c683801a01d0", 
            "AlarmARN": "arn:aws:cloudwatch:us-east-1:626851989300:alarm:TargetTracking-asg-1-myASG-AlarmLow-e0a31774-dfca-4000-a35e-c683801a01d0"
        }
    ], 
    "PolicyARN": "arn:aws:autoscaling:us-east-1:626851989300:scalingPolicy:95a336e8-7cfe-46c5-88f6-495664d8aefe:autoScalingGroupName/asg-1-myASG:policyName/asg-1-AppServerSP-1UWFP47E2L9X9"
}
[2022-05-12T02:55:04]==============================[SCALING RUN 2: FORTIO]==============================
[2022-05-12T02:55:04]==============================[STATS]
jh CPU load avg:
0.01 0.11 0.15 1/160 884
i-088f0439a70f3503a
InService
Healthy
{}
[2022-05-12T02:55:05]==============================[SCALING RUN 2: CHUNK 1]==============================
02:55:05 I logger.go:127> Log level is now 4 Error (was 2 Info)
Fortio 1.19.0 running at -1 queries per second, 2->2 procs, for 1m0s: http://asg-1-lb-283593635.us-east-1.elb.amazonaws.com:3000/?n=20000
Aggregated Function Time : count 123630 avg 0.012133746 +/- 0.004229 min 0.001375928 max 0.132312068 sum 1500.09499
# target 50% 0.0151461
# target 75% 0.018205
# target 90% 0.0203279
# target 99% 0.0292931
# target 99.9% 0.0538045
Sockets used: 25 (for perfect keepalive, would be 25)
Jitter: false
Code 200 : 123630 (100.0 %)
All done 123630 calls (plus 25 warmup) 12.134 ms avg, 2060.1 qps
Successfully wrote 3038 bytes of Json data to 2022-05-12-025505_asg_taewa_3_scaling_2_1.json
fortio exit code: 0
[2022-05-12T02:56:05]==============================[STATS]
jh CPU load avg:
0.16 0.13 0.16 1/159 906
i-088f0439a70f3503a
InService
Healthy
{}
[2022-05-12T02:56:06]==============================[SCALING RUN 2: CHUNK 2]==============================
02:56:06 I logger.go:127> Log level is now 4 Error (was 2 Info)
Fortio 1.19.0 running at -1 queries per second, 2->2 procs, for 1m0s: http://asg-1-lb-283593635.us-east-1.elb.amazonaws.com:3000/?n=20000
Aggregated Function Time : count 125637 avg 0.011939785 +/- 0.003562 min 0.001347106 max 0.216692887 sum 1500.07871
# target 50% 0.0151133
# target 75% 0.0181576
# target 90% 0.0199841
# target 99% 0.0290166
# target 99.9% 0.0299315
Sockets used: 25 (for perfect keepalive, would be 25)
Jitter: false
Code 200 : 125637 (100.0 %)
All done 125637 calls (plus 25 warmup) 11.940 ms avg, 2093.5 qps
Successfully wrote 2447 bytes of Json data to 2022-05-12-025606_asg_taewa_3_scaling_2_2.json
fortio exit code: 0
[2022-05-12T02:57:06]==============================[STATS]
jh CPU load avg:
0.12 0.12 0.15 1/159 925
i-088f0439a70f3503a
InService
Healthy
{}
[2022-05-12T02:57:06]==============================[SCALING RUN 2: CHUNK 3]==============================
02:57:06 I logger.go:127> Log level is now 4 Error (was 2 Info)
Fortio 1.19.0 running at -1 queries per second, 2->2 procs, for 1m0s: http://asg-1-lb-283593635.us-east-1.elb.amazonaws.com:3000/?n=20000
Aggregated Function Time : count 124858 avg 0.012014326 +/- 0.003665 min 0.00142856 max 0.227875527 sum 1500.08477
# target 50% 0.0150908
# target 75% 0.0181609
# target 90% 0.0200243
# target 99% 0.0290625
# target 99.9% 0.0299663
Sockets used: 25 (for perfect keepalive, would be 25)
Jitter: false
Code 200 : 124858 (100.0 %)
All done 124858 calls (plus 25 warmup) 12.014 ms avg, 2080.6 qps
Successfully wrote 2563 bytes of Json data to 2022-05-12-025706_asg_taewa_3_scaling_2_3.json
fortio exit code: 0
[2022-05-12T02:58:06]==============================[STATS]
jh CPU load avg:
0.04 0.10 0.14 1/159 942
i-088f0439a70f3503a
InService
Healthy
{}
[2022-05-12T02:58:07]==============================[SCALING RUN 2: CHUNK 4]==============================
02:58:07 I logger.go:127> Log level is now 4 Error (was 2 Info)
Fortio 1.19.0 running at -1 queries per second, 2->2 procs, for 1m0s: http://asg-1-lb-283593635.us-east-1.elb.amazonaws.com:3000/?n=20000
Aggregated Function Time : count 125585 avg 0.011944686 +/- 0.003678 min 0.001647574 max 0.225892277 sum 1500.07341
# target 50% 0.0150819
# target 75% 0.0181817
# target 90% 0.0203256
# target 99% 0.0290569
# target 99.9% 0.02993
Sockets used: 25 (for perfect keepalive, would be 25)
Jitter: false
Code 200 : 125585 (100.0 %)
All done 125585 calls (plus 25 warmup) 11.945 ms avg, 2092.7 qps
Successfully wrote 2323 bytes of Json data to 2022-05-12-025807_asg_taewa_3_scaling_2_4.json
fortio exit code: 0
[2022-05-12T02:59:07]==============================[STATS]
jh CPU load avg:
0.12 0.12 0.14 1/159 959
i-088f0439a70f3503a
InService
Healthy
{}
[2022-05-12T02:59:08]==============================[SCALING RUN 2: CHUNK 5]==============================
02:59:08 I logger.go:127> Log level is now 4 Error (was 2 Info)
Fortio 1.19.0 running at -1 queries per second, 2->2 procs, for 1m0s: http://asg-1-lb-283593635.us-east-1.elb.amazonaws.com:3000/?n=20000
Aggregated Function Time : count 124375 avg 0.012060954 +/- 0.00389 min 0.001359088 max 0.06520574 sum 1500.08121
# target 50% 0.0149804
# target 75% 0.0181334
# target 90% 0.0202005
# target 99% 0.0292343
# target 99.9% 0.0370506
Sockets used: 25 (for perfect keepalive, would be 25)
Jitter: false
Code 200 : 124375 (100.0 %)
All done 124375 calls (plus 25 warmup) 12.061 ms avg, 2072.5 qps
Successfully wrote 2561 bytes of Json data to 2022-05-12-025908_asg_taewa_3_scaling_2_5.json
fortio exit code: 0
[2022-05-12T03:00:08]==============================[STATS]
jh CPU load avg:
0.09 0.11 0.14 1/159 981
i-088f0439a70f3503a
InService
Healthy
{}
i-0ba16f2bf71468b91
Pending
Healthy
{}
[2022-05-12T03:00:09]==============================[SCALING RUN 2: CHUNK 6]==============================
03:00:09 I logger.go:127> Log level is now 4 Error (was 2 Info)
Fortio 1.19.0 running at -1 queries per second, 2->2 procs, for 1m0s: http://asg-1-lb-283593635.us-east-1.elb.amazonaws.com:3000/?n=20000
Aggregated Function Time : count 125132 avg 0.011988258 +/- 0.003941 min 0.001408836 max 0.235769468 sum 1500.11472
# target 50% 0.0147054
# target 75% 0.0181163
# target 90% 0.0210722
# target 99% 0.0291609
# target 99.9% 0.0299697
Sockets used: 38 (for perfect keepalive, would be 25)
Jitter: false
Code 200 : 125132 (100.0 %)
All done 125132 calls (plus 25 warmup) 11.988 ms avg, 2085.1 qps
Successfully wrote 2565 bytes of Json data to 2022-05-12-030009_asg_taewa_3_scaling_2_6.json
fortio exit code: 0
[2022-05-12T03:01:09]==============================[STATS]
jh CPU load avg:
0.03 0.09 0.12 1/160 1011
i-088f0439a70f3503a
InService
Healthy
{}
i-0ba16f2bf71468b91
InService
Healthy
{}
[2022-05-12T03:01:09]==============================[SCALING RUN 2: CHUNK 7]==============================
03:01:09 I logger.go:127> Log level is now 4 Error (was 2 Info)
Fortio 1.19.0 running at -1 queries per second, 2->2 procs, for 1m0s: http://asg-1-lb-283593635.us-east-1.elb.amazonaws.com:3000/?n=20000
Aggregated Function Time : count 125045 avg 0.011996255 +/- 0.003321 min 0.001325602 max 0.23222024 sum 1500.07173
# target 50% 0.0150484
# target 75% 0.0179736
# target 90% 0.0197287
# target 99% 0.0287318
# target 99.9% 0.029908
Sockets used: 25 (for perfect keepalive, would be 25)
Jitter: false
Code 200 : 125045 (100.0 %)
All done 125045 calls (plus 25 warmup) 11.996 ms avg, 2083.7 qps
Successfully wrote 2443 bytes of Json data to 2022-05-12-030109_asg_taewa_3_scaling_2_7.json
fortio exit code: 0
[2022-05-12T03:02:09]==============================[STATS]
jh CPU load avg:
0.01 0.07 0.11 1/158 1029
i-088f0439a70f3503a
InService
Healthy
{}
i-0ba16f2bf71468b91
InService
Healthy
{}
[2022-05-12T03:02:10]==============================[SCALING RUN 2: CHUNK 8]==============================
03:02:10 I logger.go:127> Log level is now 4 Error (was 2 Info)
Fortio 1.19.0 running at -1 queries per second, 2->2 procs, for 1m0s: http://asg-1-lb-283593635.us-east-1.elb.amazonaws.com:3000/?n=20000
Aggregated Function Time : count 246455 avg 0.006086266 +/- 0.002223 min 0.001219494 max 0.212384103 sum 1499.99069
# target 50% 0.0060625
# target 75% 0.00848403
# target 90% 0.00993694
# target 99% 0.0189587
# target 99.9% 0.0199245
Sockets used: 25 (for perfect keepalive, would be 25)
Jitter: false
Code 200 : 246455 (100.0 %)
All done 246455 calls (plus 25 warmup) 6.086 ms avg, 4107.2 qps
Successfully wrote 2324 bytes of Json data to 2022-05-12-030210_asg_taewa_3_scaling_2_8.json
fortio exit code: 0
[2022-05-12T03:03:10]==============================[STATS]
jh CPU load avg:
0.10 0.10 0.12 1/158 1046
i-088f0439a70f3503a
InService
Healthy
{}
i-0ba16f2bf71468b91
InService
Healthy
{}
[2022-05-12T03:03:11]==============================[SCALING RUN 2: CHUNK 9]==============================
03:03:11 I logger.go:127> Log level is now 4 Error (was 2 Info)
Fortio 1.19.0 running at -1 queries per second, 2->2 procs, for 1m0s: http://asg-1-lb-283593635.us-east-1.elb.amazonaws.com:3000/?n=20000
Aggregated Function Time : count 247451 avg 0.0060617443 +/- 0.002196 min 0.001238801 max 0.217905823 sum 1499.98468
# target 50% 0.00607595
# target 75% 0.00849454
# target 90% 0.00994569
# target 99% 0.0189493
# target 99.9% 0.0199038
Sockets used: 25 (for perfect keepalive, would be 25)
Jitter: false
Code 200 : 247451 (100.0 %)
All done 247451 calls (plus 25 warmup) 6.062 ms avg, 4123.8 qps
Successfully wrote 2205 bytes of Json data to 2022-05-12-030311_asg_taewa_3_scaling_2_9.json
fortio exit code: 0
[2022-05-12T03:04:11]==============================[STATS]
jh CPU load avg:
0.30 0.17 0.14 1/158 1063
i-088f0439a70f3503a
InService
Healthy
{}
i-0ba16f2bf71468b91
InService
Healthy
{}
[2022-05-12T03:04:11]==============================[SCALING RUN 2: CHUNK 10]==============================
03:04:11 I logger.go:127> Log level is now 4 Error (was 2 Info)
Fortio 1.19.0 running at -1 queries per second, 2->2 procs, for 1m0s: http://asg-1-lb-283593635.us-east-1.elb.amazonaws.com:3000/?n=20000
Aggregated Function Time : count 247181 avg 0.0060683723 +/- 0.002294 min 0.001234998 max 0.213462391 sum 1499.98633
# target 50% 0.00607771
# target 75% 0.00849909
# target 90% 0.00995192
# target 99% 0.0189883
# target 99.9% 0.0199396
Sockets used: 25 (for perfect keepalive, would be 25)
Jitter: false
Code 200 : 247181 (100.0 %)
All done 247181 calls (plus 25 warmup) 6.068 ms avg, 4119.3 qps
Successfully wrote 2440 bytes of Json data to 2022-05-12-030411_asg_taewa_3_scaling_2_10.json
fortio exit code: 0
[2022-05-12T03:05:11]==============================[STATS]
jh CPU load avg:
0.11 0.13 0.13 1/158 1080
i-088f0439a70f3503a
InService
Healthy
{}
i-0ba16f2bf71468b91
InService
Healthy
{}
[2022-05-12T03:05:12]==============================[SCALING RUN 2: CHUNK 11]==============================
03:05:12 I logger.go:127> Log level is now 4 Error (was 2 Info)
Fortio 1.19.0 running at -1 queries per second, 2->2 procs, for 1m0s: http://asg-1-lb-283593635.us-east-1.elb.amazonaws.com:3000/?n=20000
Aggregated Function Time : count 247192 avg 0.0060681064 +/- 0.002334 min 0.001225792 max 0.219130154 sum 1499.98736
# target 50% 0.00604252
# target 75% 0.00845091
# target 90% 0.00989594
# target 99% 0.0189377
# target 99.9% 0.0199533
Sockets used: 25 (for perfect keepalive, would be 25)
Jitter: false
Code 200 : 247192 (100.0 %)
All done 247192 calls (plus 25 warmup) 6.068 ms avg, 4119.5 qps
Successfully wrote 2441 bytes of Json data to 2022-05-12-030512_asg_taewa_3_scaling_2_11.json
fortio exit code: 0
[2022-05-12T03:06:12]==============================[STATS]
jh CPU load avg:
0.10 0.12 0.12 1/157 1107
i-088f0439a70f3503a
InService
Healthy
{}
i-0ba16f2bf71468b91
InService
Healthy
{}
i-0fdeec51a2a510301
Pending
Healthy
{}
[2022-05-12T03:06:13]==============================[SCALING RUN 2: CHUNK 12]==============================
03:06:13 I logger.go:127> Log level is now 4 Error (was 2 Info)
Fortio 1.19.0 running at -1 queries per second, 2->2 procs, for 1m0s: http://asg-1-lb-283593635.us-east-1.elb.amazonaws.com:3000/?n=20000
Aggregated Function Time : count 247850 avg 0.0060520094 +/- 0.002209 min 0.001206118 max 0.217736448 sum 1499.99052
# target 50% 0.00604663
# target 75% 0.0084669
# target 90% 0.00991907
# target 99% 0.0189288
# target 99.9% 0.0199131
Sockets used: 25 (for perfect keepalive, would be 25)
Jitter: false
Code 200 : 247850 (100.0 %)
All done 247850 calls (plus 25 warmup) 6.052 ms avg, 4130.4 qps
Successfully wrote 2318 bytes of Json data to 2022-05-12-030613_asg_taewa_3_scaling_2_12.json
fortio exit code: 0
[2022-05-12T03:07:13]==============================[STATS]
jh CPU load avg:
0.11 0.12 0.12 1/157 1125
i-088f0439a70f3503a
InService
Healthy
{}
i-0ba16f2bf71468b91
InService
Healthy
{}
i-0fdeec51a2a510301
InService
Healthy
{}
[2022-05-12T03:07:14]==============================[SCALING RUN 2: CHUNK 13]==============================
03:07:14 I logger.go:127> Log level is now 4 Error (was 2 Info)
Fortio 1.19.0 running at -1 queries per second, 2->2 procs, for 1m0s: http://asg-1-lb-283593635.us-east-1.elb.amazonaws.com:3000/?n=20000
Aggregated Function Time : count 367641 avg 0.0040799212 +/- 0.002094 min 0.001154648 max 0.215032654 sum 1499.9463
# target 50% 0.00562381
# target 75% 0.0078584
# target 90% 0.00919916
# target 99% 0.0103947
# target 99.9% 0.0191829
Sockets used: 25 (for perfect keepalive, would be 25)
Jitter: false
Code 200 : 367641 (100.0 %)
All done 367641 calls (plus 25 warmup) 4.080 ms avg, 6126.8 qps
Successfully wrote 2440 bytes of Json data to 2022-05-12-030714_asg_taewa_3_scaling_2_13.json
fortio exit code: 0
[2022-05-12T03:08:14]==============================[STATS]
jh CPU load avg:
0.18 0.13 0.12 1/157 1142
i-088f0439a70f3503a
InService
Healthy
{}
i-0ba16f2bf71468b91
InService
Healthy
{}
i-0fdeec51a2a510301
InService
Healthy
{}
[2022-05-12T03:08:14]==============================[SCALING RUN 2: CHUNK 14]==============================
03:08:14 I logger.go:127> Log level is now 4 Error (was 2 Info)
Fortio 1.19.0 running at -1 queries per second, 2->2 procs, for 1m0s: http://asg-1-lb-283593635.us-east-1.elb.amazonaws.com:3000/?n=20000
Aggregated Function Time : count 370482 avg 0.0040486425 +/- 0.002227 min 0.001078385 max 0.222314124 sum 1499.94918
# target 50% 0.00558042
# target 75% 0.00783146
# target 90% 0.00918207
# target 99% 0.00999245
# target 99.9% 0.0191125
Sockets used: 25 (for perfect keepalive, would be 25)
Jitter: false
Code 200 : 370482 (100.0 %)
All done 370482 calls (plus 25 warmup) 4.049 ms avg, 6174.1 qps
Successfully wrote 2326 bytes of Json data to 2022-05-12-030814_asg_taewa_3_scaling_2_14.json
fortio exit code: 0
[2022-05-12T03:09:14]==============================[STATS]
jh CPU load avg:
0.29 0.17 0.13 1/157 1159
i-088f0439a70f3503a
InService
Healthy
{}
i-0ba16f2bf71468b91
InService
Healthy
{}
i-0fdeec51a2a510301
InService
Healthy
{}
[2022-05-12T03:09:15]==============================[SCALING RUN 3: INIT]==============================
{
    "Alarms": [
        {
            "AlarmName": "TargetTracking-asg-1-myASG-AlarmHigh-accf61ae-4d63-41e1-a7e1-09e0dc822f69", 
            "AlarmARN": "arn:aws:cloudwatch:us-east-1:626851989300:alarm:TargetTracking-asg-1-myASG-AlarmHigh-accf61ae-4d63-41e1-a7e1-09e0dc822f69"
        }, 
        {
            "AlarmName": "TargetTracking-asg-1-myASG-AlarmLow-8b550086-cbd0-4255-9d27-3dca79acc25c", 
            "AlarmARN": "arn:aws:cloudwatch:us-east-1:626851989300:alarm:TargetTracking-asg-1-myASG-AlarmLow-8b550086-cbd0-4255-9d27-3dca79acc25c"
        }
    ], 
    "PolicyARN": "arn:aws:autoscaling:us-east-1:626851989300:scalingPolicy:95a336e8-7cfe-46c5-88f6-495664d8aefe:autoScalingGroupName/asg-1-myASG:policyName/asg-1-AppServerSP-1UWFP47E2L9X9"
}
scaling to 1
[2022-05-12T03:09:17]==============================[SCALING RUN 3: ENABLE SCALING - SLEEP]==============================
{
    "Alarms": [
        {
            "AlarmName": "TargetTracking-asg-1-myASG-AlarmHigh-622743d0-0645-4a14-afc9-ce816226e80b", 
            "AlarmARN": "arn:aws:cloudwatch:us-east-1:626851989300:alarm:TargetTracking-asg-1-myASG-AlarmHigh-622743d0-0645-4a14-afc9-ce816226e80b"
        }, 
        {
            "AlarmName": "TargetTracking-asg-1-myASG-AlarmLow-2dff8036-4422-474e-80bf-efc082a69163", 
            "AlarmARN": "arn:aws:cloudwatch:us-east-1:626851989300:alarm:TargetTracking-asg-1-myASG-AlarmLow-2dff8036-4422-474e-80bf-efc082a69163"
        }
    ], 
    "PolicyARN": "arn:aws:autoscaling:us-east-1:626851989300:scalingPolicy:95a336e8-7cfe-46c5-88f6-495664d8aefe:autoScalingGroupName/asg-1-myASG:policyName/asg-1-AppServerSP-1UWFP47E2L9X9"
}
[2022-05-12T03:12:18]==============================[SCALING RUN 3: FORTIO]==============================
[2022-05-12T03:12:18]==============================[STATS]
jh CPU load avg:
0.01 0.08 0.10 1/157 1199
i-0fdeec51a2a510301
InService
Healthy
{}
[2022-05-12T03:12:19]==============================[SCALING RUN 3: CHUNK 1]==============================
03:12:19 I logger.go:127> Log level is now 4 Error (was 2 Info)
Fortio 1.19.0 running at -1 queries per second, 2->2 procs, for 1m0s: http://asg-1-lb-283593635.us-east-1.elb.amazonaws.com:3000/?n=20000
Aggregated Function Time : count 121261 avg 0.012370742 +/- 0.003946 min 0.001319447 max 0.070541447 sum 1500.08859
# target 50% 0.015239
# target 75% 0.0182689
# target 90% 0.0206871
# target 99% 0.0293171
# target 99.9% 0.0389661
Sockets used: 25 (for perfect keepalive, would be 25)
Jitter: false
Code 200 : 121261 (100.0 %)
All done 121261 calls (plus 25 warmup) 12.371 ms avg, 2020.6 qps
Successfully wrote 2680 bytes of Json data to 2022-05-12-031219_asg_taewa_3_scaling_3_1.json
fortio exit code: 0
[2022-05-12T03:13:19]==============================[STATS]
jh CPU load avg:
0.08 0.08 0.09 1/157 1216
i-0fdeec51a2a510301
InService
Healthy
{}
[2022-05-12T03:13:19]==============================[SCALING RUN 3: CHUNK 2]==============================
03:13:19 I logger.go:127> Log level is now 4 Error (was 2 Info)
Fortio 1.19.0 running at -1 queries per second, 2->2 procs, for 1m0s: http://asg-1-lb-283593635.us-east-1.elb.amazonaws.com:3000/?n=20000
Aggregated Function Time : count 121884 avg 0.012307458 +/- 0.004265 min 0.001374335 max 0.216918661 sum 1500.08227
# target 50% 0.0152317
# target 75% 0.0182834
# target 90% 0.0208905
# target 99% 0.0294398
# target 99.9% 0.0487326
Sockets used: 25 (for perfect keepalive, would be 25)
Jitter: false
Code 200 : 121884 (100.0 %)
All done 121884 calls (plus 25 warmup) 12.307 ms avg, 2031.0 qps
Successfully wrote 3156 bytes of Json data to 2022-05-12-031319_asg_taewa_3_scaling_3_2.json
fortio exit code: 0
[2022-05-12T03:14:19]==============================[STATS]
jh CPU load avg:
0.03 0.07 0.09 1/157 1233
i-0fdeec51a2a510301
InService
Healthy
{}
[2022-05-12T03:14:20]==============================[SCALING RUN 3: CHUNK 3]==============================
03:14:20 I logger.go:127> Log level is now 4 Error (was 2 Info)
Fortio 1.19.0 running at -1 queries per second, 2->2 procs, for 1m0s: http://asg-1-lb-283593635.us-east-1.elb.amazonaws.com:3000/?n=20000
Aggregated Function Time : count 121865 avg 0.012309385 +/- 0.004023 min 0.001389259 max 0.084745606 sum 1500.08319
# target 50% 0.0152522
# target 75% 0.0183068
# target 90% 0.0210549
# target 99% 0.0293695
# target 99.9% 0.0397836
Sockets used: 25 (for perfect keepalive, would be 25)
Jitter: false
Code 200 : 121865 (100.0 %)
All done 121865 calls (plus 25 warmup) 12.309 ms avg, 2030.7 qps
Successfully wrote 2797 bytes of Json data to 2022-05-12-031420_asg_taewa_3_scaling_3_3.json
fortio exit code: 0
[2022-05-12T03:15:20]==============================[STATS]
jh CPU load avg:
0.21 0.10 0.10 1/156 1250
i-0fdeec51a2a510301
InService
Healthy
{}
[2022-05-12T03:15:21]==============================[SCALING RUN 3: CHUNK 4]==============================
03:15:21 I logger.go:127> Log level is now 4 Error (was 2 Info)
Fortio 1.19.0 running at -1 queries per second, 2->2 procs, for 1m0s: http://asg-1-lb-283593635.us-east-1.elb.amazonaws.com:3000/?n=20000
Aggregated Function Time : count 122786 avg 0.012216902 +/- 0.003738 min 0.001356935 max 0.055135417 sum 1500.06454
# target 50% 0.0151994
# target 75% 0.0182695
# target 90% 0.0208394
# target 99% 0.0291557
# target 99.9% 0.0299874
Sockets used: 25 (for perfect keepalive, would be 25)
Jitter: false
Code 200 : 122786 (100.0 %)
All done 122786 calls (plus 25 warmup) 12.217 ms avg, 2046.1 qps
Successfully wrote 2447 bytes of Json data to 2022-05-12-031521_asg_taewa_3_scaling_3_4.json
fortio exit code: 0
[2022-05-12T03:16:21]==============================[STATS]
jh CPU load avg:
0.08 0.08 0.09 1/157 1267
i-0fdeec51a2a510301
InService
Healthy
{}
[2022-05-12T03:16:22]==============================[SCALING RUN 3: CHUNK 5]==============================
03:16:22 I logger.go:127> Log level is now 4 Error (was 2 Info)
Fortio 1.19.0 running at -1 queries per second, 2->2 procs, for 1m0s: http://asg-1-lb-283593635.us-east-1.elb.amazonaws.com:3000/?n=20000
Aggregated Function Time : count 123067 avg 0.012189111 +/- 0.003758 min 0.001341313 max 0.225740083 sum 1500.07732
# target 50% 0.0151522
# target 75% 0.0182137
# target 90% 0.0204002
# target 99% 0.0291208
# target 99.9% 0.0299929
Sockets used: 25 (for perfect keepalive, would be 25)
Jitter: false
Code 200 : 123067 (100.0 %)
All done 123067 calls (plus 25 warmup) 12.189 ms avg, 2050.7 qps
Successfully wrote 2564 bytes of Json data to 2022-05-12-031622_asg_taewa_3_scaling_3_5.json
fortio exit code: 0
[2022-05-12T03:17:22]==============================[STATS]
jh CPU load avg:
0.03 0.06 0.08 1/157 1285
i-0315542379b29cba7
Pending
Healthy
{}
i-0fdeec51a2a510301
InService
Healthy
{}
[2022-05-12T03:17:22]==============================[SCALING RUN 3: CHUNK 6]==============================
03:17:22 I logger.go:127> Log level is now 4 Error (was 2 Info)
Fortio 1.19.0 running at -1 queries per second, 2->2 procs, for 1m0s: http://asg-1-lb-283593635.us-east-1.elb.amazonaws.com:3000/?n=20000
Aggregated Function Time : count 121488 avg 0.0123476 +/- 0.004414 min 0.001407635 max 0.098771759 sum 1500.08522
# target 50% 0.0150478
# target 75% 0.0183049
# target 90% 0.0217192
# target 99% 0.0294992
# target 99.9% 0.0484383
Sockets used: 37 (for perfect keepalive, would be 25)
Jitter: false
Code 200 : 121488 (100.0 %)
All done 121488 calls (plus 25 warmup) 12.348 ms avg, 2024.4 qps
Successfully wrote 2924 bytes of Json data to 2022-05-12-031722_asg_taewa_3_scaling_3_6.json
fortio exit code: 0
[2022-05-12T03:18:22]==============================[STATS]
jh CPU load avg:
0.09 0.07 0.08 1/157 1302
i-0315542379b29cba7
InService
Healthy
{}
i-0fdeec51a2a510301
InService
Healthy
{}
[2022-05-12T03:18:23]==============================[SCALING RUN 3: CHUNK 7]==============================
03:18:23 I logger.go:127> Log level is now 4 Error (was 2 Info)
Fortio 1.19.0 running at -1 queries per second, 2->2 procs, for 1m0s: http://asg-1-lb-283593635.us-east-1.elb.amazonaws.com:3000/?n=20000
Aggregated Function Time : count 249318 avg 0.00601642 +/- 0.002208 min 0.001190957 max 0.047220655 sum 1500.00179
# target 50% 0.0059955
# target 75% 0.0083978
# target 90% 0.00983917
# target 99% 0.018895
# target 99.9% 0.0199877
Sockets used: 25 (for perfect keepalive, would be 25)
Jitter: false
Code 200 : 249318 (100.0 %)
All done 249318 calls (plus 25 warmup) 6.016 ms avg, 4154.7 qps
Successfully wrote 2328 bytes of Json data to 2022-05-12-031823_asg_taewa_3_scaling_3_7.json
fortio exit code: 0
[2022-05-12T03:19:23]==============================[STATS]
jh CPU load avg:
0.08 0.06 0.08 1/157 1319
i-0315542379b29cba7
InService
Healthy
{}
i-0fdeec51a2a510301
InService
Healthy
{}
[2022-05-12T03:19:24]==============================[SCALING RUN 3: CHUNK 8]==============================
03:19:24 I logger.go:127> Log level is now 4 Error (was 2 Info)
Fortio 1.19.0 running at -1 queries per second, 2->2 procs, for 1m0s: http://asg-1-lb-283593635.us-east-1.elb.amazonaws.com:3000/?n=20000
Aggregated Function Time : count 247604 avg 0.0060579913 +/- 0.002502 min 0.001223387 max 0.218434023 sum 1499.98288
# target 50% 0.00603835
# target 75% 0.00844585
# target 90% 0.00989035
# target 99% 0.0191026
# target 99.9% 0.0274196
Sockets used: 25 (for perfect keepalive, would be 25)
Jitter: false
Code 200 : 247604 (100.0 %)
All done 247604 calls (plus 25 warmup) 6.058 ms avg, 4126.3 qps
Successfully wrote 2798 bytes of Json data to 2022-05-12-031924_asg_taewa_3_scaling_3_8.json
fortio exit code: 0
[2022-05-12T03:20:24]==============================[STATS]
jh CPU load avg:
0.19 0.08 0.09 1/157 1341
i-0315542379b29cba7
InService
Healthy
{}
i-0fdeec51a2a510301
InService
Healthy
{}
[2022-05-12T03:20:24]==============================[SCALING RUN 3: CHUNK 9]==============================
03:20:24 I logger.go:127> Log level is now 4 Error (was 2 Info)
Fortio 1.19.0 running at -1 queries per second, 2->2 procs, for 1m0s: http://asg-1-lb-283593635.us-east-1.elb.amazonaws.com:3000/?n=20000
Aggregated Function Time : count 251436 avg 0.0059656559 +/- 0.002143 min 0.00118518 max 0.031257047 sum 1499.98065
# target 50% 0.00600167
# target 75% 0.00840993
# target 90% 0.00985489
# target 99% 0.0188591
# target 99.9% 0.0199232
Sockets used: 25 (for perfect keepalive, would be 25)
Jitter: false
Code 200 : 251436 (100.0 %)
All done 251436 calls (plus 25 warmup) 5.966 ms avg, 4190.2 qps
Successfully wrote 2201 bytes of Json data to 2022-05-12-032024_asg_taewa_3_scaling_3_9.json
fortio exit code: 0
[2022-05-12T03:21:24]==============================[STATS]
jh CPU load avg:
0.33 0.14 0.11 1/157 1408
i-0315542379b29cba7
InService
Healthy
{}
i-0fdeec51a2a510301
InService
Healthy
{}
[2022-05-12T03:21:25]==============================[SCALING RUN 3: CHUNK 10]==============================
03:21:25 I logger.go:127> Log level is now 4 Error (was 2 Info)
Fortio 1.19.0 running at -1 queries per second, 2->2 procs, for 1m0s: http://asg-1-lb-283593635.us-east-1.elb.amazonaws.com:3000/?n=20000
Aggregated Function Time : count 250136 avg 0.0059968411 +/- 0.002186 min 0.001186222 max 0.051247563 sum 1500.02583
# target 50% 0.00599929
# target 75% 0.00840584
# target 90% 0.00984977
# target 99% 0.0188968
# target 99.9% 0.0199732
Sockets used: 25 (for perfect keepalive, would be 25)
Jitter: false
Code 200 : 250136 (100.0 %)
All done 250136 calls (plus 25 warmup) 5.997 ms avg, 4168.5 qps
Successfully wrote 2447 bytes of Json data to 2022-05-12-032125_asg_taewa_3_scaling_3_10.json
fortio exit code: 0
[2022-05-12T03:22:25]==============================[STATS]
jh CPU load avg:
0.27 0.15 0.11 1/157 1427
i-0315542379b29cba7
InService
Healthy
{}
i-0fdeec51a2a510301
InService
Healthy
{}
[2022-05-12T03:22:26]==============================[SCALING RUN 3: CHUNK 11]==============================
03:22:26 I logger.go:127> Log level is now 4 Error (was 2 Info)
Fortio 1.19.0 running at -1 queries per second, 2->2 procs, for 1m0s: http://asg-1-lb-283593635.us-east-1.elb.amazonaws.com:3000/?n=20000
Aggregated Function Time : count 250520 avg 0.0059875283 +/- 0.0022 min 0.001182178 max 0.050253123 sum 1499.99559
# target 50% 0.00601014
# target 75% 0.00842414
# target 90% 0.00987254
# target 99% 0.0189255
# target 99.9% 0.0199715
Sockets used: 25 (for perfect keepalive, would be 25)
Jitter: false
Code 200 : 250520 (100.0 %)
All done 250520 calls (plus 25 warmup) 5.988 ms avg, 4174.9 qps
Successfully wrote 2443 bytes of Json data to 2022-05-12-032226_asg_taewa_3_scaling_3_11.json
fortio exit code: 0
[2022-05-12T03:23:26]==============================[STATS]
jh CPU load avg:
0.26 0.17 0.11 1/157 1444
i-0315542379b29cba7
InService
Healthy
{}
i-05777178820fd9537
Pending
Healthy
{}
i-0fdeec51a2a510301
InService
Healthy
{}
[2022-05-12T03:23:26]==============================[SCALING RUN 3: CHUNK 12]==============================
03:23:26 I logger.go:127> Log level is now 4 Error (was 2 Info)
Fortio 1.19.0 running at -1 queries per second, 2->2 procs, for 1m0s: http://asg-1-lb-283593635.us-east-1.elb.amazonaws.com:3000/?n=20000
Aggregated Function Time : count 250590 avg 0.0059858204 +/- 0.00218 min 0.001164105 max 0.049612678 sum 1499.98674
# target 50% 0.00597081
# target 75% 0.00837418
# target 90% 0.0098162
# target 99% 0.018866
# target 99.9% 0.0199917
Sockets used: 25 (for perfect keepalive, would be 25)
Jitter: false
Code 200 : 250590 (100.0 %)
All done 250590 calls (plus 25 warmup) 5.986 ms avg, 4176.1 qps
Successfully wrote 2329 bytes of Json data to 2022-05-12-032327_asg_taewa_3_scaling_3_12.json
fortio exit code: 0
[2022-05-12T03:24:27]==============================[STATS]
jh CPU load avg:
0.13 0.15 0.11 1/157 1461
i-0315542379b29cba7
InService
Healthy
{}
i-05777178820fd9537
InService
Healthy
{}
i-0fdeec51a2a510301
InService
Healthy
{}
[2022-05-12T03:24:27]==============================[SCALING RUN 3: CHUNK 13]==============================
03:24:27 I logger.go:127> Log level is now 4 Error (was 2 Info)
Fortio 1.19.0 running at -1 queries per second, 2->2 procs, for 1m0s: http://asg-1-lb-283593635.us-east-1.elb.amazonaws.com:3000/?n=20000
Aggregated Function Time : count 249919 avg 0.0060018603 +/- 0.002377 min 0.00116894 max 0.211254235 sum 1499.97893
# target 50% 0.00597943
# target 75% 0.00838469
# target 90% 0.00982785
# target 99% 0.0189252
# target 99.9% 0.0240554
Sockets used: 25 (for perfect keepalive, would be 25)
Jitter: false
Code 200 : 249919 (100.0 %)
All done 249919 calls (plus 25 warmup) 6.002 ms avg, 4164.9 qps
Successfully wrote 3031 bytes of Json data to 2022-05-12-032427_asg_taewa_3_scaling_3_13.json
fortio exit code: 0
[2022-05-12T03:25:27]==============================[STATS]
jh CPU load avg:
0.09 0.13 0.10 1/157 1480
i-0315542379b29cba7
InService
Healthy
{}
i-05777178820fd9537
InService
Healthy
{}
i-0fdeec51a2a510301
InService
Healthy
{}
[2022-05-12T03:25:28]==============================[SCALING RUN 3: CHUNK 14]==============================
03:25:28 I logger.go:127> Log level is now 4 Error (was 2 Info)
Fortio 1.19.0 running at -1 queries per second, 2->2 procs, for 1m0s: http://asg-1-lb-283593635.us-east-1.elb.amazonaws.com:3000/?n=20000
Aggregated Function Time : count 314878 avg 0.0047636664 +/- 0.00228 min 0.001124339 max 0.211393379 sum 1499.97374
# target 50% 0.00584496
# target 75% 0.00820529
# target 90% 0.00962149
# target 99% 0.0183574
# target 99.9% 0.0198645
Sockets used: 25 (for perfect keepalive, would be 25)
Jitter: false
Code 200 : 314878 (100.0 %)
All done 314878 calls (plus 25 warmup) 4.764 ms avg, 5247.4 qps
Successfully wrote 2323 bytes of Json data to 2022-05-12-032528_asg_taewa_3_scaling_3_14.json
fortio exit code: 0
[2022-05-12T03:26:28]==============================[STATS]
jh CPU load avg:
0.26 0.17 0.11 1/157 1498
i-0315542379b29cba7
InService
Healthy
{}
i-05777178820fd9537
InService
Healthy
{}
i-0fdeec51a2a510301
InService
Healthy
{}
[2022-05-12T03:30:29]==============================[GET DATA]==============================
2022-05-12T01:38:18..2022-05-12T03:30:29
asg-1-myASG
asg-1-lb
36K alb_data.json
24K asg_data.json
[2022-05-12T03:30:30]==============================[UPLOAD /2022.05.12_01-37_asg_taewa_3_41cf]==============================
Warning: Permanently added '34.125.40.213' (ECDSA) to the list of known hosts.
