+ git log -3
commit 41cf33201aead23cba1f1e121e9d87237bf6cc23
Author: Your Name <you@example.com>
Date:   Tue Mar 29 08:52:16 2022 +1300

    more logging

commit 0c47b221b750550e4a95f529bba3d75a205557ea
Author: Your Name <you@example.com>
Date:   Sun Mar 27 08:46:05 2022 +1300

    adjust Taewa lite and add Tewa extra tests

commit 865b4d5a55b8bf5cca7934deda9a241b9cbff638
Author: Your Name <you@example.com>
Date:   Sat Mar 26 21:35:59 2022 +1300

    reduce apache2 deployment requests
++ cut -d _ -f 2
+ app=taewa
+ export AWS_DEFAULT_REGION=us-east-1
+ AWS_DEFAULT_REGION=us-east-1
+ line===============================
++ date +%FT%T
+ echo '[2022-04-02T04:11:07]==============================[starting' in '/tmp/k8s-vs-ASG/data/cli]=============================='
[2022-04-02T04:11:07]==============================[starting in /tmp/k8s-vs-ASG/data/cli]==============================
+ source 0.setup.sh
++ set -x
++ '[' asg_taewa_3lite == k8s_apache_3 ']'
++ '[' asg_taewa_3lite == asg_apache_3 ']'
++ '[' asg_taewa_3lite == k8s_apache2_3 ']'
++ '[' asg_taewa_3lite == k8s_taewa_3 ']'
++ '[' asg_taewa_3lite == asg_taewa_3 ']'
++ '[' asg_taewa_3lite == k8s_taewa_3lite ']'
++ '[' asg_taewa_3lite == asg_taewa_3lite ']'
++ warmup_url='3000/?n=1'
++ testing_url='3000/?n=1'
++ cpu_perc=35
++ warmup_min_threads=60
++ warmup_max_threads=70
++ warmup_cycle_sec=90
++ scaling_minutes=14
++ performance_sec=300
++ max_capacity=3
++ fortio_options='-a -qps -1 -r 0.01 -loglevel Error -allow-initial-errors'
++ '[' asg_taewa_3lite == k8s_taewa_3extra ']'
++ '[' asg_taewa_3lite == asg_taewa_3extra ']'
++ '[' asg_taewa_3lite == k8s_taewa_6 ']'
++ '[' asg_taewa_3lite == asg_taewa_6 ']'
++ '[' asg_taewa_3lite == k8s_riwai_3 ']'
++ '[' asg_taewa_3lite == asg_riwai_3 ']'
++ '[' asg_taewa_3lite == asg_raupi_3 ']'
++ '[' asg_taewa_3lite == k8s_raupi_3 ']'
++ set +x
{
    "Account": "538452554530", 
    "UserId": "AIDAX2XSF6MRBO6ZTWLHL", 
    "Arn": "arn:aws:iam::538452554530:user/ad"
}
[2022-04-02T04:11:12] waiting for instances ...
scaling to 3
{
    "HealthCheck": {
        "HealthyThreshold": 2, 
        "Interval": 10, 
        "Target": "HTTP:3000/?n=1", 
        "Timeout": 5, 
        "UnhealthyThreshold": 6
    }
}
  % Total    % Received % Xferd  Average Speed   Time    Time     Time  Current
                                 Dload  Upload   Total   Spent    Left  Speed
  0     0    0     0    0     0      0      0 --:--:-- --:--:-- --:--:--     0100    44    0    44    0     0   5304      0 --:--:-- --:--:-- --:--:--  5500
The result of this run is :  0.6905283396690
[2022-04-02T04:16:16]==============================[STATS]
jh CPU load avg:
0.04 0.22 0.15 1/157 2893
i-01ced74ad64ae7d03
InService
Healthy
{}
i-0a18c6d7a10e79ecb
InService
Healthy
{}
i-0c7d2a08f5cf321fc
InService
Healthy
{}
[2022-04-02T04:16:16]==============================[WARMUP RUN c60]==============================
04:16:16 I logger.go:127> Log level is now 4 Error (was 2 Info)
Fortio 1.19.0 running at -1 queries per second, 2->2 procs, for 1m30s: http://asg-1-lb-1851329700.us-east-1.elb.amazonaws.com:3000/?n=1
Aggregated Function Time : count 1276297 avg 0.0042307456 +/- 0.003952 min 0.001163505 max 0.415573411 sum 5399.68794
# target 50% 0.0057175
# target 75% 0.0079945
# target 90% 0.0093607
# target 99% 0.0168483
# target 99.9% 0.0199598
Sockets used: 60 (for perfect keepalive, would be 60)
Jitter: false
Code 200 : 1276297 (100.0 %)
All done 1276297 calls (plus 60 warmup) 4.231 ms avg, 14180.7 qps
Successfully wrote 3769 bytes of Json data to 2022-04-02-041617_asg_taewa_3lite_warmup_60.json
fortio exit code: 0
[2022-04-02T04:17:47]==============================[STATS]
jh CPU load avg:
0.32 0.30 0.19 1/157 2910
i-01ced74ad64ae7d03
InService
Healthy
{}
i-0a18c6d7a10e79ecb
InService
Healthy
{}
i-0c7d2a08f5cf321fc
InService
Healthy
{}
[2022-04-02T04:18:47]==============================[STATS]
jh CPU load avg:
0.12 0.24 0.17 1/157 2919
i-01ced74ad64ae7d03
InService
Healthy
{}
i-0a18c6d7a10e79ecb
InService
Healthy
{}
i-0c7d2a08f5cf321fc
InService
Healthy
{}
[2022-04-02T04:18:48]==============================[WARMUP RUN c61]==============================
04:18:48 I logger.go:127> Log level is now 4 Error (was 2 Info)
Fortio 1.19.0 running at -1 queries per second, 2->2 procs, for 1m30s: http://asg-1-lb-1851329700.us-east-1.elb.amazonaws.com:3000/?n=1
Aggregated Function Time : count 1244534 avg 0.0044110811 +/- 0.003409 min 0.001226416 max 0.220824156 sum 5489.74035
# target 50% 0.00578556
# target 75% 0.00806513
# target 90% 0.00943288
# target 99% 0.0180014
# target 99.9% 0.0391486
Sockets used: 61 (for perfect keepalive, would be 61)
Jitter: false
Code 200 : 1244534 (100.0 %)
All done 1244534 calls (plus 61 warmup) 4.411 ms avg, 13826.9 qps
Successfully wrote 3786 bytes of Json data to 2022-04-02-041848_asg_taewa_3lite_warmup_61.json
fortio exit code: 0
[2022-04-02T04:20:18]==============================[STATS]
jh CPU load avg:
0.72 0.44 0.25 1/158 2945
i-01ced74ad64ae7d03
InService
Healthy
{}
i-0a18c6d7a10e79ecb
InService
Healthy
{}
i-0c7d2a08f5cf321fc
InService
Healthy
{}
[2022-04-02T04:21:19]==============================[STATS]
jh CPU load avg:
0.26 0.36 0.24 1/158 2956
i-01ced74ad64ae7d03
InService
Healthy
{}
i-0a18c6d7a10e79ecb
InService
Healthy
{}
i-0c7d2a08f5cf321fc
InService
Healthy
{}
[2022-04-02T04:21:19]==============================[WARMUP RUN c62]==============================
04:21:19 I logger.go:127> Log level is now 4 Error (was 2 Info)
Fortio 1.19.0 running at -1 queries per second, 2->2 procs, for 1m30s: http://asg-1-lb-1851329700.us-east-1.elb.amazonaws.com:3000/?n=1
Aggregated Function Time : count 4858028 avg 0.0011483291 +/- 0.0006504 min 0.000696291 max 0.209978924 sum 5578.61511
# target 50% 0.00534848
# target 75% 0.00767458
# target 90% 0.00907024
# target 99% 0.00990763
# target 99.9% 0.00999137
Sockets used: 62 (for perfect keepalive, would be 62)
Jitter: false
Code 200 : 4858028 (100.0 %)
All done 4858028 calls (plus 62 warmup) 1.148 ms avg, 53976.8 qps
Successfully wrote 2097 bytes of Json data to 2022-04-02-042120_asg_taewa_3lite_warmup_62.json
fortio exit code: 0
[2022-04-02T04:22:50]==============================[STATS]
jh CPU load avg:
1.04 0.59 0.33 1/158 2973
i-01ced74ad64ae7d03
InService
Healthy
{}
i-0a18c6d7a10e79ecb
InService
Healthy
{}
i-0c7d2a08f5cf321fc
InService
Healthy
{}
[2022-04-02T04:23:50]==============================[STATS]
jh CPU load avg:
0.38 0.48 0.31 1/158 2982
i-01ced74ad64ae7d03
InService
Healthy
{}
i-0a18c6d7a10e79ecb
InService
Healthy
{}
i-0c7d2a08f5cf321fc
InService
Healthy
{}
[2022-04-02T04:23:51]==============================[WARMUP RUN c63]==============================
04:23:51 I logger.go:127> Log level is now 4 Error (was 2 Info)
Fortio 1.19.0 running at -1 queries per second, 2->2 procs, for 1m30s: http://asg-1-lb-1851329700.us-east-1.elb.amazonaws.com:3000/?n=1
Aggregated Function Time : count 4881042 avg 0.0011613614 +/- 0.0005416 min 0.000688496 max 0.208783461 sum 5668.65363
# target 50% 0.00534461
# target 75% 0.00767267
# target 90% 0.00906951
# target 99% 0.00990761
# target 99.9% 0.00999142
Sockets used: 63 (for perfect keepalive, would be 63)
Jitter: false
Code 200 : 4881042 (100.0 %)
All done 4881042 calls (plus 63 warmup) 1.161 ms avg, 54233.1 qps
Successfully wrote 2216 bytes of Json data to 2022-04-02-042351_asg_taewa_3lite_warmup_63.json
fortio exit code: 0
[2022-04-02T04:25:21]==============================[STATS]
jh CPU load avg:
1.06 0.70 0.41 1/157 3003
i-01ced74ad64ae7d03
InService
Healthy
{}
i-0a18c6d7a10e79ecb
InService
Healthy
{}
i-0c7d2a08f5cf321fc
InService
Healthy
{}
[2022-04-02T04:26:21]==============================[STATS]
jh CPU load avg:
0.39 0.57 0.38 1/157 3014
i-01ced74ad64ae7d03
InService
Healthy
{}
i-0a18c6d7a10e79ecb
InService
Healthy
{}
i-0c7d2a08f5cf321fc
InService
Healthy
{}
[2022-04-02T04:26:22]==============================[WARMUP RUN c64]==============================
04:26:22 I logger.go:127> Log level is now 4 Error (was 2 Info)
Fortio 1.19.0 running at -1 queries per second, 2->2 procs, for 1m30s: http://asg-1-lb-1851329700.us-east-1.elb.amazonaws.com:3000/?n=1
Aggregated Function Time : count 4938009 avg 0.0011662283 +/- 0.0005773 min 0.00073852 max 0.209539162 sum 5758.84608
# target 50% 0.00536957
# target 75% 0.0076851
# target 90% 0.00907441
# target 99% 0.009908
# target 99.9% 0.00999136
Sockets used: 64 (for perfect keepalive, would be 64)
Jitter: false
Code 200 : 4938009 (100.0 %)
All done 4938009 calls (plus 64 warmup) 1.166 ms avg, 54861.8 qps
Successfully wrote 2115 bytes of Json data to 2022-04-02-042622_asg_taewa_3lite_warmup_64.json
fortio exit code: 0
[2022-04-02T04:27:52]==============================[STATS]
jh CPU load avg:
1.29 0.83 0.49 1/157 3032
i-01ced74ad64ae7d03
InService
Healthy
{}
i-0a18c6d7a10e79ecb
InService
Healthy
{}
i-0c7d2a08f5cf321fc
InService
Healthy
{}
[2022-04-02T04:28:53]==============================[STATS]
jh CPU load avg:
0.47 0.68 0.45 1/157 3041
i-01ced74ad64ae7d03
InService
Healthy
{}
i-0a18c6d7a10e79ecb
InService
Healthy
{}
i-0c7d2a08f5cf321fc
InService
Healthy
{}
[2022-04-02T04:28:53]==============================[WARMUP RUN c65]==============================
04:28:53 I logger.go:127> Log level is now 4 Error (was 2 Info)
Fortio 1.19.0 running at -1 queries per second, 2->2 procs, for 1m30s: http://asg-1-lb-1851329700.us-east-1.elb.amazonaws.com:3000/?n=1
Aggregated Function Time : count 4759050 avg 0.0012289855 +/- 0.001008 min 0.000724143 max 0.214818827 sum 5848.80333
# target 50% 0.00537251
# target 75% 0.00769669
# target 90% 0.0090912
# target 99% 0.00992791
# target 99.9% 0.0162036
Sockets used: 72 (for perfect keepalive, would be 65)
Jitter: false
Code 200 : 4759050 (100.0 %)
All done 4759050 calls (plus 65 warmup) 1.229 ms avg, 52875.7 qps
Successfully wrote 2337 bytes of Json data to 2022-04-02-042925_asg_taewa_3lite_warmup_65.json
fortio exit code: 0
[2022-04-02T04:30:55]==============================[STATS]
jh CPU load avg:
1.07 0.81 0.53 1/159 3067
i-01ced74ad64ae7d03
InService
Healthy
{}
i-0a18c6d7a10e79ecb
InService
Healthy
{}
i-0c7d2a08f5cf321fc
InService
Healthy
{}
[2022-04-02T04:31:56]==============================[STATS]
jh CPU load avg:
0.39 0.66 0.50 1/159 3077
i-01ced74ad64ae7d03
InService
Healthy
{}
i-0a18c6d7a10e79ecb
InService
Healthy
{}
i-0c7d2a08f5cf321fc
InService
Healthy
{}
[2022-04-02T04:31:56]==============================[WARMUP RUN c66]==============================
04:31:56 I logger.go:127> Log level is now 4 Error (was 2 Info)
Fortio 1.19.0 running at -1 queries per second, 2->2 procs, for 1m30s: http://asg-1-lb-1851329700.us-east-1.elb.amazonaws.com:3000/?n=1
Aggregated Function Time : count 4693055 avg 0.0012654276 +/- 0.001124 min 0.000719333 max 0.213325628 sum 5938.72123
# target 50% 0.00537124
# target 75% 0.0076972
# target 90% 0.00909277
# target 99% 0.00993012
# target 99.9% 0.0165113
Sockets used: 66 (for perfect keepalive, would be 66)
Jitter: false
Code 200 : 4693055 (100.0 %)
All done 4693055 calls (plus 66 warmup) 1.265 ms avg, 52144.3 qps
Successfully wrote 2339 bytes of Json data to 2022-04-02-043156_asg_taewa_3lite_warmup_66.json
fortio exit code: 0
[2022-04-02T04:33:26]==============================[STATS]
jh CPU load avg:
0.93 0.80 0.56 1/165 3102
i-01ced74ad64ae7d03
InService
Healthy
{}
i-0a18c6d7a10e79ecb
InService
Healthy
{}
i-0c7d2a08f5cf321fc
InService
Healthy
{}
[2022-04-02T04:34:27]==============================[STATS]
jh CPU load avg:
0.34 0.65 0.53 1/165 3111
i-01ced74ad64ae7d03
InService
Healthy
{}
i-0a18c6d7a10e79ecb
InService
Healthy
{}
i-0c7d2a08f5cf321fc
InService
Healthy
{}
[2022-04-02T04:34:28]==============================[WARMUP RUN c67]==============================
04:34:28 I logger.go:127> Log level is now 4 Error (was 2 Info)
Fortio 1.19.0 running at -1 queries per second, 2->2 procs, for 1m30s: http://asg-1-lb-1851329700.us-east-1.elb.amazonaws.com:3000/?n=1
Aggregated Function Time : count 4791546 avg 0.001258189 +/- 0.00102 min 0.000721548 max 0.210346566 sum 6028.67055
# target 50% 0.00537309
# target 75% 0.00769886
# target 90% 0.00909432
# target 99% 0.0099316
# target 99.9% 0.0167333
Sockets used: 67 (for perfect keepalive, would be 67)
Jitter: false
Code 200 : 4791546 (100.0 %)
All done 4791546 calls (plus 67 warmup) 1.258 ms avg, 53238.2 qps
Successfully wrote 2217 bytes of Json data to 2022-04-02-043428_asg_taewa_3lite_warmup_67.json
fortio exit code: 0
[2022-04-02T04:35:58]==============================[STATS]
jh CPU load avg:
0.61 0.69 0.55 1/163 3129
i-01ced74ad64ae7d03
InService
Healthy
{}
i-0a18c6d7a10e79ecb
InService
Healthy
{}
i-0c7d2a08f5cf321fc
InService
Healthy
{}
[2022-04-02T04:36:58]==============================[STATS]
jh CPU load avg:
0.22 0.56 0.52 1/162 3138
i-01ced74ad64ae7d03
InService
Healthy
{}
i-0a18c6d7a10e79ecb
InService
Healthy
{}
i-0c7d2a08f5cf321fc
InService
Healthy
{}
[2022-04-02T04:36:59]==============================[WARMUP RUN c68]==============================
04:36:59 I logger.go:127> Log level is now 4 Error (was 2 Info)
Fortio 1.19.0 running at -1 queries per second, 2->2 procs, for 1m30s: http://asg-1-lb-1851329700.us-east-1.elb.amazonaws.com:3000/?n=1
Aggregated Function Time : count 4520754 avg 0.0013534753 +/- 0.001152 min 0.000705898 max 0.221455161 sum 6118.72865
# target 50% 0.00536828
# target 75% 0.00769948
# target 90% 0.0090982
# target 99% 0.00993743
# target 99.9% 0.0176697
Sockets used: 68 (for perfect keepalive, would be 68)
Jitter: false
Code 200 : 4520754 (100.0 %)
All done 4520754 calls (plus 68 warmup) 1.353 ms avg, 50229.9 qps
Successfully wrote 2338 bytes of Json data to 2022-04-02-043659_asg_taewa_3lite_warmup_68.json
fortio exit code: 0
[2022-04-02T04:38:29]==============================[STATS]
jh CPU load avg:
1.29 0.83 0.62 1/163 3205
i-01ced74ad64ae7d03
InService
Healthy
{}
i-0a18c6d7a10e79ecb
InService
Healthy
{}
i-0c7d2a08f5cf321fc
InService
Healthy
{}
[2022-04-02T04:39:30]==============================[STATS]
jh CPU load avg:
0.47 0.67 0.57 1/163 3214
i-01ced74ad64ae7d03
InService
Healthy
{}
i-0a18c6d7a10e79ecb
InService
Healthy
{}
i-0c7d2a08f5cf321fc
InService
Healthy
{}
[2022-04-02T04:39:30]==============================[WARMUP RUN c69]==============================
04:39:31 I logger.go:127> Log level is now 4 Error (was 2 Info)
Fortio 1.19.0 running at -1 queries per second, 2->2 procs, for 1m30s: http://asg-1-lb-1851329700.us-east-1.elb.amazonaws.com:3000/?n=1
Aggregated Function Time : count 4827398 avg 0.001286121 +/- 0.001028 min 0.000718287 max 0.208785436 sum 6208.61817
# target 50% 0.00537223
# target 75% 0.0076992
# target 90% 0.00909539
# target 99% 0.0099331
# target 99.9% 0.0168341
Sockets used: 69 (for perfect keepalive, would be 69)
Jitter: false
Code 200 : 4827398 (100.0 %)
All done 4827398 calls (plus 69 warmup) 1.286 ms avg, 53637.1 qps
Successfully wrote 2336 bytes of Json data to 2022-04-02-043931_asg_taewa_3lite_warmup_69.json
fortio exit code: 0
[2022-04-02T04:41:01]==============================[STATS]
jh CPU load avg:
1.22 0.82 0.63 1/165 3241
i-01ced74ad64ae7d03
InService
Healthy
{}
i-0a18c6d7a10e79ecb
InService
Healthy
{}
i-0c7d2a08f5cf321fc
InService
Healthy
{}
[2022-04-02T04:42:01]==============================[STATS]
jh CPU load avg:
0.45 0.67 0.59 1/165 3250
i-01ced74ad64ae7d03
InService
Healthy
{}
i-0a18c6d7a10e79ecb
InService
Healthy
{}
i-0c7d2a08f5cf321fc
InService
Healthy
{}
[2022-04-02T04:42:02]==============================[WARMUP RUN c70]==============================
04:42:02 I logger.go:127> Log level is now 4 Error (was 2 Info)
Fortio 1.19.0 running at -1 queries per second, 2->2 procs, for 1m30s: http://asg-1-lb-1851329700.us-east-1.elb.amazonaws.com:3000/?n=1
Aggregated Function Time : count 5424136 avg 0.0011611855 +/- 0.0007112 min 0.000743907 max 0.212527087 sum 6298.42823
# target 50% 0.00537211
# target 75% 0.00768621
# target 90% 0.00907467
# target 99% 0.00990774
# target 99.9% 0.00999105
Sockets used: 73 (for perfect keepalive, would be 70)
Jitter: false
Code 200 : 5424136 (100.0 %)
All done 5424136 calls (plus 70 warmup) 1.161 ms avg, 60267.4 qps
Successfully wrote 2121 bytes of Json data to 2022-04-02-044213_asg_taewa_3lite_warmup_70.json
fortio exit code: 0
[2022-04-02T04:43:43]==============================[STATS]
jh CPU load avg:
1.24 0.87 0.67 1/165 3269
i-01ced74ad64ae7d03
InService
Healthy
{}
i-0a18c6d7a10e79ecb
InService
Healthy
{}
i-0c7d2a08f5cf321fc
InService
Healthy
{}
{
    "LoadBalancerDescriptions": [
        {
            "Subnets": [
                "subnet-085bc08dc117d7017", 
                "subnet-09cfbc469564fae1d"
            ], 
            "CanonicalHostedZoneNameID": "Z35SXDOTRQ7X7K", 
            "CanonicalHostedZoneName": "asg-1-lb-1851329700.us-east-1.elb.amazonaws.com", 
            "ListenerDescriptions": [
                {
                    "Listener": {
                        "InstancePort": 3000, 
                        "LoadBalancerPort": 3000, 
                        "Protocol": "TCP", 
                        "InstanceProtocol": "TCP"
                    }, 
                    "PolicyNames": []
                }, 
                {
                    "Listener": {
                        "InstancePort": 80, 
                        "LoadBalancerPort": 80, 
                        "Protocol": "TCP", 
                        "InstanceProtocol": "TCP"
                    }, 
                    "PolicyNames": []
                }
            ], 
            "HealthCheck": {
                "HealthyThreshold": 2, 
                "Interval": 10, 
                "Target": "HTTP:3000/?n=1", 
                "Timeout": 5, 
                "UnhealthyThreshold": 6
            }, 
            "VPCId": "vpc-00301dc97c2a1ba3c", 
            "BackendServerDescriptions": [], 
            "Instances": [
                {
                    "InstanceId": "i-0a18c6d7a10e79ecb"
                }, 
                {
                    "InstanceId": "i-01ced74ad64ae7d03"
                }, 
                {
                    "InstanceId": "i-0c7d2a08f5cf321fc"
                }
            ], 
            "DNSName": "asg-1-lb-1851329700.us-east-1.elb.amazonaws.com", 
            "SecurityGroups": [
                "sg-09d19b47db576e5b1"
            ], 
            "Policies": {
                "LBCookieStickinessPolicies": [], 
                "AppCookieStickinessPolicies": [], 
                "OtherPolicies": []
            }, 
            "LoadBalancerName": "asg-1-lb", 
            "CreatedTime": "2022-04-02T04:06:45.140Z", 
            "AvailabilityZones": [
                "us-east-1b", 
                "us-east-1a"
            ], 
            "Scheme": "internet-facing", 
            "SourceSecurityGroup": {
                "OwnerAlias": "538452554530", 
                "GroupName": "asg-1-ALBSecurityGroup-14XZEPIRL9UTO"
            }
        }
    ]
}
{
    "AutoScalingGroups": [
        {
            "AutoScalingGroupARN": "arn:aws:autoscaling:us-east-1:538452554530:autoScalingGroup:072a6656-6b89-423b-8355-9dc79c0bb0ec:autoScalingGroupName/asg-1-myASG", 
            "ServiceLinkedRoleARN": "arn:aws:iam::538452554530:role/aws-service-role/autoscaling.amazonaws.com/AWSServiceRoleForAutoScaling", 
            "TargetGroupARNs": [], 
            "SuspendedProcesses": [], 
            "LaunchTemplate": {
                "LaunchTemplateName": "asg-1-launch-template", 
                "Version": "1", 
                "LaunchTemplateId": "lt-0fd75ca0b0992ccdb"
            }, 
            "Tags": [
                {
                    "ResourceType": "auto-scaling-group", 
                    "ResourceId": "asg-1-myASG", 
                    "PropagateAtLaunch": true, 
                    "Value": "asg-1-instance", 
                    "Key": "Name"
                }, 
                {
                    "ResourceType": "auto-scaling-group", 
                    "ResourceId": "asg-1-myASG", 
                    "PropagateAtLaunch": false, 
                    "Value": "WebServerGroup", 
                    "Key": "Purpose"
                }, 
                {
                    "ResourceType": "auto-scaling-group", 
                    "ResourceId": "asg-1-myASG", 
                    "PropagateAtLaunch": true, 
                    "Value": "myASG", 
                    "Key": "aws:cloudformation:logical-id"
                }, 
                {
                    "ResourceType": "auto-scaling-group", 
                    "ResourceId": "asg-1-myASG", 
                    "PropagateAtLaunch": true, 
                    "Value": "arn:aws:cloudformation:us-east-1:538452554530:stack/asg-1/4561b000-b23a-11ec-92ce-12d191a4ee41", 
                    "Key": "aws:cloudformation:stack-id"
                }, 
                {
                    "ResourceType": "auto-scaling-group", 
                    "ResourceId": "asg-1-myASG", 
                    "PropagateAtLaunch": true, 
                    "Value": "asg-1", 
                    "Key": "aws:cloudformation:stack-name"
                }
            ], 
            "EnabledMetrics": [
                {
                    "Metric": "GroupDesiredCapacity", 
                    "Granularity": "1Minute"
                }, 
                {
                    "Metric": "GroupTotalCapacity", 
                    "Granularity": "1Minute"
                }, 
                {
                    "Metric": "GroupPendingInstances", 
                    "Granularity": "1Minute"
                }, 
                {
                    "Metric": "GroupTerminatingInstances", 
                    "Granularity": "1Minute"
                }, 
                {
                    "Metric": "WarmPoolTerminatingCapacity", 
                    "Granularity": "1Minute"
                }, 
                {
                    "Metric": "GroupStandbyCapacity", 
                    "Granularity": "1Minute"
                }, 
                {
                    "Metric": "GroupTerminatingCapacity", 
                    "Granularity": "1Minute"
                }, 
                {
                    "Metric": "GroupTotalInstances", 
                    "Granularity": "1Minute"
                }, 
                {
                    "Metric": "GroupMinSize", 
                    "Granularity": "1Minute"
                }, 
                {
                    "Metric": "GroupPendingCapacity", 
                    "Granularity": "1Minute"
                }, 
                {
                    "Metric": "GroupStandbyInstances", 
                    "Granularity": "1Minute"
                }, 
                {
                    "Metric": "WarmPoolMinSize", 
                    "Granularity": "1Minute"
                }, 
                {
                    "Metric": "GroupMaxSize", 
                    "Granularity": "1Minute"
                }, 
                {
                    "Metric": "WarmPoolWarmedCapacity", 
                    "Granularity": "1Minute"
                }, 
                {
                    "Metric": "GroupAndWarmPoolDesiredCapacity", 
                    "Granularity": "1Minute"
                }, 
                {
                    "Metric": "GroupInServiceInstances", 
                    "Granularity": "1Minute"
                }, 
                {
                    "Metric": "WarmPoolPendingCapacity", 
                    "Granularity": "1Minute"
                }, 
                {
                    "Metric": "GroupInServiceCapacity", 
                    "Granularity": "1Minute"
                }, 
                {
                    "Metric": "WarmPoolDesiredCapacity", 
                    "Granularity": "1Minute"
                }, 
                {
                    "Metric": "WarmPoolTotalCapacity", 
                    "Granularity": "1Minute"
                }, 
                {
                    "Metric": "GroupAndWarmPoolTotalCapacity", 
                    "Granularity": "1Minute"
                }
            ], 
            "TerminationPolicies": [
                "Default"
            ], 
            "AutoScalingGroupName": "asg-1-myASG", 
            "DefaultCooldown": 300, 
            "MinSize": 1, 
            "Instances": [
                {
                    "ProtectedFromScaleIn": false, 
                    "AvailabilityZone": "us-east-1b", 
                    "LaunchTemplate": {
                        "LaunchTemplateName": "asg-1-launch-template", 
                        "Version": "1", 
                        "LaunchTemplateId": "lt-0fd75ca0b0992ccdb"
                    }, 
                    "InstanceId": "i-01ced74ad64ae7d03", 
                    "HealthStatus": "Healthy", 
                    "LifecycleState": "InService", 
                    "InstanceType": "t3.medium"
                }, 
                {
                    "ProtectedFromScaleIn": false, 
                    "AvailabilityZone": "us-east-1a", 
                    "LaunchTemplate": {
                        "LaunchTemplateName": "asg-1-launch-template", 
                        "Version": "1", 
                        "LaunchTemplateId": "lt-0fd75ca0b0992ccdb"
                    }, 
                    "InstanceId": "i-0a18c6d7a10e79ecb", 
                    "HealthStatus": "Healthy", 
                    "LifecycleState": "InService", 
                    "InstanceType": "t3.medium"
                }, 
                {
                    "ProtectedFromScaleIn": false, 
                    "AvailabilityZone": "us-east-1b", 
                    "LaunchTemplate": {
                        "LaunchTemplateName": "asg-1-launch-template", 
                        "Version": "1", 
                        "LaunchTemplateId": "lt-0fd75ca0b0992ccdb"
                    }, 
                    "InstanceId": "i-0c7d2a08f5cf321fc", 
                    "HealthStatus": "Healthy", 
                    "LifecycleState": "InService", 
                    "InstanceType": "t3.medium"
                }
            ], 
            "MaxSize": 3, 
            "VPCZoneIdentifier": "subnet-085bc08dc117d7017,subnet-09cfbc469564fae1d", 
            "HealthCheckGracePeriod": 300, 
            "LoadBalancerNames": [
                "asg-1-lb"
            ], 
            "CreatedTime": "2022-04-02T04:09:08.148Z", 
            "AvailabilityZones": [
                "us-east-1a", 
                "us-east-1b"
            ], 
            "HealthCheckType": "EC2", 
            "NewInstancesProtectedFromScaleIn": false, 
            "DesiredCapacity": 3
        }
    ]
}
[2022-04-02T04:44:46]==============================[PERFORMANCE CHUNK RUN 71]==============================
[2022-04-02T04:45:46]==============================[STATS]
jh CPU load avg:
0.18 0.58 0.59 1/163 3294
i-01ced74ad64ae7d03
InService
Healthy
{}
i-0a18c6d7a10e79ecb
InService
Healthy
{}
i-0c7d2a08f5cf321fc
InService
Healthy
{}
04:45:47 I logger.go:127> Log level is now 4 Error (was 2 Info)
Fortio 1.19.0 running at -1 queries per second, 2->2 procs, for 1m0s: http://asg-1-lb-1851329700.us-east-1.elb.amazonaws.com:3000/?n=1
Aggregated Function Time : count 3332451 avg 0.0012600501 +/- 0.0006686 min 0.000701361 max 0.209463756 sum 4199.05531
# target 50% 0.0053511
# target 75% 0.00767597
# target 90% 0.00907089
# target 99% 0.00990785
# target 99.9% 0.00999154
Sockets used: 70 (for perfect keepalive, would be 70)
Jitter: false
Code 200 : 3332451 (100.0 %)
All done 3332451 calls (plus 70 warmup) 1.260 ms avg, 55539.5 qps
Successfully wrote 2226 bytes of Json data to 2022-04-02-044547_asg_taewa_3lite_performance_chunk_71_1.json
fortio exit code: 0
[2022-04-02T04:46:47]==============================[STATS]
jh CPU load avg:
1.22 0.80 0.67 1/163 3310
i-01ced74ad64ae7d03
InService
Healthy
{}
i-0a18c6d7a10e79ecb
InService
Healthy
{}
i-0c7d2a08f5cf321fc
InService
Healthy
{}
04:46:48 I logger.go:127> Log level is now 4 Error (was 2 Info)
Fortio 1.19.0 running at -1 queries per second, 2->2 procs, for 1m0s: http://asg-1-lb-1851329700.us-east-1.elb.amazonaws.com:3000/?n=1
Aggregated Function Time : count 3349621 avg 0.0012535898 +/- 0.0005667 min 0.000724504 max 0.210951018 sum 4199.05085
# target 50% 0.0053623
# target 75% 0.00768119
# target 90% 0.00907253
# target 99% 0.00990734
# target 99.9% 0.00999082
Sockets used: 70 (for perfect keepalive, would be 70)
Jitter: false
Code 200 : 3349621 (100.0 %)
All done 3349621 calls (plus 70 warmup) 1.254 ms avg, 55825.5 qps
Successfully wrote 2107 bytes of Json data to 2022-04-02-044648_asg_taewa_3lite_performance_chunk_71_2.json
fortio exit code: 0
[2022-04-02T04:47:48]==============================[STATS]
jh CPU load avg:
1.47 0.94 0.73 1/163 3327
i-01ced74ad64ae7d03
InService
Healthy
{}
i-0a18c6d7a10e79ecb
InService
Healthy
{}
i-0c7d2a08f5cf321fc
InService
Healthy
{}
04:47:49 I logger.go:127> Log level is now 4 Error (was 2 Info)
Fortio 1.19.0 running at -1 queries per second, 2->2 procs, for 1m0s: http://asg-1-lb-1851329700.us-east-1.elb.amazonaws.com:3000/?n=1
Aggregated Function Time : count 3355261 avg 0.0012514933 +/- 0.0006536 min 0.000696727 max 0.209723802 sum 4199.08655
# target 50% 0.00534845
# target 75% 0.00767431
# target 90% 0.00906983
# target 99% 0.00990714
# target 99.9% 0.00999087
Sockets used: 70 (for perfect keepalive, would be 70)
Jitter: false
Code 200 : 3355261 (100.0 %)
All done 3355261 calls (plus 70 warmup) 1.251 ms avg, 55919.7 qps
Successfully wrote 2106 bytes of Json data to 2022-04-02-044749_asg_taewa_3lite_performance_chunk_71_3.json
fortio exit code: 0
[2022-04-02T04:48:49]==============================[STATS]
jh CPU load avg:
1.73 1.10 0.79 1/163 3343
i-01ced74ad64ae7d03
InService
Healthy
{}
i-0a18c6d7a10e79ecb
InService
Healthy
{}
i-0c7d2a08f5cf321fc
InService
Healthy
{}
04:48:49 I logger.go:127> Log level is now 4 Error (was 2 Info)
Fortio 1.19.0 running at -1 queries per second, 2->2 procs, for 1m0s: http://asg-1-lb-1851329700.us-east-1.elb.amazonaws.com:3000/?n=1
Aggregated Function Time : count 3351983 avg 0.0012527059 +/- 0.0005588 min 0.00069348 max 0.210158988 sum 4199.04872
# target 50% 0.00534676
# target 75% 0.00767341
# target 90% 0.0090694
# target 99% 0.00990699
# target 99.9% 0.00999075
Sockets used: 70 (for perfect keepalive, would be 70)
Jitter: false
Code 200 : 3351983 (100.0 %)
All done 3351983 calls (plus 70 warmup) 1.253 ms avg, 55865.1 qps
Successfully wrote 2104 bytes of Json data to 2022-04-02-044849_asg_taewa_3lite_performance_chunk_71_4.json
fortio exit code: 0
[2022-04-02T04:49:49]==============================[STATS]
jh CPU load avg:
1.74 1.22 0.85 1/163 3359
i-01ced74ad64ae7d03
InService
Healthy
{}
i-0a18c6d7a10e79ecb
InService
Healthy
{}
i-0c7d2a08f5cf321fc
InService
Healthy
{}
04:49:50 I logger.go:127> Log level is now 4 Error (was 2 Info)
Fortio 1.19.0 running at -1 queries per second, 2->2 procs, for 1m0s: http://asg-1-lb-1851329700.us-east-1.elb.amazonaws.com:3000/?n=1
Aggregated Function Time : count 3318600 avg 0.0012653181 +/- 0.000545 min 0.000705156 max 0.20835681 sum 4199.08467
# target 50% 0.00535326
# target 75% 0.00767732
# target 90% 0.00907175
# target 99% 0.00990841
# target 99.9% 0.00999207
Sockets used: 70 (for perfect keepalive, would be 70)
Jitter: false
Code 200 : 3318600 (100.0 %)
All done 3318600 calls (plus 70 warmup) 1.265 ms avg, 55308.2 qps
Successfully wrote 2225 bytes of Json data to 2022-04-02-044950_asg_taewa_3lite_performance_chunk_71_5.json
fortio exit code: 0
[2022-04-02T04:51:50]==============================[STATS]
jh CPU load avg:
0.53 0.99 0.81 1/165 3385
i-01ced74ad64ae7d03
InService
Healthy
{}
i-0a18c6d7a10e79ecb
InService
Healthy
{}
i-0c7d2a08f5cf321fc
InService
Healthy
{}
[2022-04-02T04:51:51]==============================[PERFORMANCE RUN 1]==============================
04:51:51 I logger.go:127> Log level is now 4 Error (was 2 Info)
Fortio 1.19.0 running at -1 queries per second, 2->2 procs, for 5m0s: http://asg-1-lb-1851329700.us-east-1.elb.amazonaws.com:3000/?n=1
Aggregated Function Time : count 16505058 avg 0.0012720679 +/- 0.0005741 min 0.000671061 max 0.209486304 sum 20995.5541
# target 50% 0.00533561
# target 75% 0.00766789
# target 90% 0.00906726
# target 99% 0.00990688
# target 99.9% 0.00999084
Sockets used: 70 (for perfect keepalive, would be 70)
Jitter: false
Code 200 : 16505058 (100.0 %)
All done 16505058 calls (plus 70 warmup) 1.272 ms avg, 55016.6 qps
Successfully wrote 2227 bytes of Json data to 2022-04-02-045151_asg_taewa_3lite_performance_1.json
fortio exit code: 0
[2022-04-02T04:56:51]==============================[STATS]
jh CPU load avg:
1.35 1.18 0.94 1/163 3410
i-01ced74ad64ae7d03
InService
Healthy
{}
i-0a18c6d7a10e79ecb
InService
Healthy
{}
i-0c7d2a08f5cf321fc
InService
Healthy
{}
[2022-04-02T04:57:51]==============================[STATS]
jh CPU load avg:
0.48 0.96 0.88 1/163 3419
i-01ced74ad64ae7d03
InService
Healthy
{}
i-0a18c6d7a10e79ecb
InService
Healthy
{}
i-0c7d2a08f5cf321fc
InService
Healthy
{}
[2022-04-02T04:57:52]==============================[PERFORMANCE RUN 2]==============================
04:57:52 I logger.go:127> Log level is now 4 Error (was 2 Info)
Fortio 1.19.0 running at -1 queries per second, 2->2 procs, for 5m0s: http://asg-1-lb-1851329700.us-east-1.elb.amazonaws.com:3000/?n=1
Aggregated Function Time : count 16608312 avg 0.0012641495 +/- 0.0005694 min 0.000705762 max 0.210847561 sum 20995.3887
# target 50% 0.00535302
# target 75% 0.00767664
# target 90% 0.00907082
# target 99% 0.00990733
# target 99.9% 0.00999098
Sockets used: 70 (for perfect keepalive, would be 70)
Jitter: false
Code 200 : 16608312 (100.0 %)
All done 16608312 calls (plus 70 warmup) 1.264 ms avg, 55360.8 qps
Successfully wrote 2230 bytes of Json data to 2022-04-02-045752_asg_taewa_3lite_performance_2.json
fortio exit code: 0
[2022-04-02T05:02:52]==============================[STATS]
jh CPU load avg:
1.67 1.28 1.04 1/166 3511
i-01ced74ad64ae7d03
InService
Healthy
{}
i-0a18c6d7a10e79ecb
InService
Healthy
{}
i-0c7d2a08f5cf321fc
InService
Healthy
{}
[2022-04-02T05:03:53]==============================[STATS]
jh CPU load avg:
0.61 1.05 0.97 1/166 3521
i-01ced74ad64ae7d03
InService
Healthy
{}
i-0a18c6d7a10e79ecb
InService
Healthy
{}
i-0c7d2a08f5cf321fc
InService
Healthy
{}
[2022-04-02T05:03:53]==============================[PERFORMANCE RUN 3]==============================
05:03:53 I logger.go:127> Log level is now 4 Error (was 2 Info)
Fortio 1.19.0 running at -1 queries per second, 2->2 procs, for 5m0s: http://asg-1-lb-1851329700.us-east-1.elb.amazonaws.com:3000/?n=1
Aggregated Function Time : count 16627327 avg 0.0012627037 +/- 0.000744 min 0.000700285 max 0.210738383 sum 20995.3867
# target 50% 0.00535026
# target 75% 0.00767525
# target 90% 0.00907025
# target 99% 0.00990724
# target 99.9% 0.00999094
Sockets used: 70 (for perfect keepalive, would be 70)
Jitter: false
Code 200 : 16627327 (100.0 %)
All done 16627327 calls (plus 70 warmup) 1.263 ms avg, 55424.2 qps
Successfully wrote 2110 bytes of Json data to 2022-04-02-050354_asg_taewa_3lite_performance_3.json
fortio exit code: 0
[2022-04-02T05:08:54]==============================[STATS]
jh CPU load avg:
1.53 1.21 1.05 1/163 3543
i-01ced74ad64ae7d03
InService
Healthy
{}
i-0a18c6d7a10e79ecb
InService
Healthy
{}
i-0c7d2a08f5cf321fc
InService
Healthy
{}
scaling to 0
{
    "Alarms": [
        {
            "AlarmName": "TargetTracking-asg-1-myASG-AlarmHigh-63b5e66e-bf38-42ab-8827-83ad55e580b4", 
            "AlarmARN": "arn:aws:cloudwatch:us-east-1:538452554530:alarm:TargetTracking-asg-1-myASG-AlarmHigh-63b5e66e-bf38-42ab-8827-83ad55e580b4"
        }, 
        {
            "AlarmName": "TargetTracking-asg-1-myASG-AlarmLow-0877d4f8-60d0-4209-b863-5db7f99e2bee", 
            "AlarmARN": "arn:aws:cloudwatch:us-east-1:538452554530:alarm:TargetTracking-asg-1-myASG-AlarmLow-0877d4f8-60d0-4209-b863-5db7f99e2bee"
        }
    ], 
    "PolicyARN": "arn:aws:autoscaling:us-east-1:538452554530:scalingPolicy:e5529381-34b2-4e02-8840-f4f5f2c214c4:autoScalingGroupName/asg-1-myASG:policyName/asg-1-AppServerSP-KC77CWW53S73"
}
[2022-04-02T05:09:26]==============================[SCALING RUN 1: INIT]==============================
{
    "Alarms": [
        {
            "AlarmName": "TargetTracking-asg-1-myASG-AlarmHigh-63b5e66e-bf38-42ab-8827-83ad55e580b4", 
            "AlarmARN": "arn:aws:cloudwatch:us-east-1:538452554530:alarm:TargetTracking-asg-1-myASG-AlarmHigh-63b5e66e-bf38-42ab-8827-83ad55e580b4"
        }, 
        {
            "AlarmName": "TargetTracking-asg-1-myASG-AlarmLow-0877d4f8-60d0-4209-b863-5db7f99e2bee", 
            "AlarmARN": "arn:aws:cloudwatch:us-east-1:538452554530:alarm:TargetTracking-asg-1-myASG-AlarmLow-0877d4f8-60d0-4209-b863-5db7f99e2bee"
        }
    ], 
    "PolicyARN": "arn:aws:autoscaling:us-east-1:538452554530:scalingPolicy:e5529381-34b2-4e02-8840-f4f5f2c214c4:autoScalingGroupName/asg-1-myASG:policyName/asg-1-AppServerSP-KC77CWW53S73"
}
scaling to 1
[2022-04-02T05:09:27]==============================[SCALING RUN 1: ENABLE SCALING - SLEEP]==============================
{
    "Alarms": [
        {
            "AlarmName": "TargetTracking-asg-1-myASG-AlarmHigh-00c854ec-d4e8-4e77-931e-afd76a3bf016", 
            "AlarmARN": "arn:aws:cloudwatch:us-east-1:538452554530:alarm:TargetTracking-asg-1-myASG-AlarmHigh-00c854ec-d4e8-4e77-931e-afd76a3bf016"
        }, 
        {
            "AlarmName": "TargetTracking-asg-1-myASG-AlarmLow-25bced43-2f71-4d6c-b81a-4ccda26831b9", 
            "AlarmARN": "arn:aws:cloudwatch:us-east-1:538452554530:alarm:TargetTracking-asg-1-myASG-AlarmLow-25bced43-2f71-4d6c-b81a-4ccda26831b9"
        }
    ], 
    "PolicyARN": "arn:aws:autoscaling:us-east-1:538452554530:scalingPolicy:e5529381-34b2-4e02-8840-f4f5f2c214c4:autoScalingGroupName/asg-1-myASG:policyName/asg-1-AppServerSP-KC77CWW53S73"
}
[2022-04-02T05:12:28]==============================[SCALING RUN 1: FORTIO]==============================
[2022-04-02T05:12:28]==============================[STATS]
jh CPU load avg:
0.04 0.59 0.83 1/166 3591
i-0bea35fbe39509965
InService
Healthy
{}
[2022-04-02T05:12:29]==============================[SCALING RUN 1: CHUNK 1]==============================
05:12:29 I logger.go:127> Log level is now 4 Error (was 2 Info)
Fortio 1.19.0 running at -1 queries per second, 2->2 procs, for 1m0s: http://asg-1-lb-1851329700.us-east-1.elb.amazonaws.com:3000/?n=1
Aggregated Function Time : count 1359282 avg 0.0030896214 +/- 0.001384 min 0.000743606 max 0.216641269 sum 4199.66672
# target 50% 0.00537778
# target 75% 0.00769486
# target 90% 0.00908512
# target 99% 0.00991927
# target 99.9% 0.0123949
Sockets used: 70 (for perfect keepalive, would be 70)
Jitter: false
Code 200 : 1359282 (100.0 %)
All done 1359282 calls (plus 70 warmup) 3.090 ms avg, 22653.7 qps
Successfully wrote 2359 bytes of Json data to 2022-04-02-051229_asg_taewa_3lite_scaling_1_1.json
fortio exit code: 0
[2022-04-02T05:13:29]==============================[STATS]
jh CPU load avg:
0.18 0.53 0.79 1/166 3608
i-0bea35fbe39509965
InService
Healthy
{}
[2022-04-02T05:13:30]==============================[SCALING RUN 1: CHUNK 2]==============================
05:13:30 I logger.go:127> Log level is now 4 Error (was 2 Info)
Fortio 1.19.0 running at -1 queries per second, 2->2 procs, for 1m0s: http://asg-1-lb-1851329700.us-east-1.elb.amazonaws.com:3000/?n=1
Aggregated Function Time : count 1357821 avg 0.0030929799 +/- 0.001206 min 0.000785983 max 0.216061022 sum 4199.71301
# target 50% 0.00539476
# target 75% 0.00769916
# target 90% 0.00908179
# target 99% 0.00991137
# target 99.9% 0.00999433
Sockets used: 70 (for perfect keepalive, would be 70)
Jitter: false
Code 200 : 1357821 (100.0 %)
All done 1357821 calls (plus 70 warmup) 3.093 ms avg, 22629.2 qps
Successfully wrote 2092 bytes of Json data to 2022-04-02-051330_asg_taewa_3lite_scaling_1_2.json
fortio exit code: 0
[2022-04-02T05:14:30]==============================[STATS]
jh CPU load avg:
0.48 0.54 0.78 1/166 3625
i-0bea35fbe39509965
InService
Healthy
{}
[2022-04-02T05:14:31]==============================[SCALING RUN 1: CHUNK 3]==============================
05:14:31 I logger.go:127> Log level is now 4 Error (was 2 Info)
Fortio 1.19.0 running at -1 queries per second, 2->2 procs, for 1m0s: http://asg-1-lb-1851329700.us-east-1.elb.amazonaws.com:3000/?n=1
Aggregated Function Time : count 1354425 avg 0.0031007126 +/- 0.001311 min 0.000839297 max 0.216079267 sum 4199.68272
# target 50% 0.00542135
# target 75% 0.00771239
# target 90% 0.009087
# target 99% 0.00991178
# target 99.9% 0.00999425
Sockets used: 70 (for perfect keepalive, would be 70)
Jitter: false
Code 200 : 1354425 (100.0 %)
All done 1354425 calls (plus 70 warmup) 3.101 ms avg, 22572.9 qps
Successfully wrote 2097 bytes of Json data to 2022-04-02-051431_asg_taewa_3lite_scaling_1_3.json
fortio exit code: 0
[2022-04-02T05:15:31]==============================[STATS]
jh CPU load avg:
0.70 0.60 0.79 1/164 3643
i-0bea35fbe39509965
InService
Healthy
{}
[2022-04-02T05:15:31]==============================[SCALING RUN 1: CHUNK 4]==============================
05:15:31 I logger.go:127> Log level is now 4 Error (was 2 Info)
Fortio 1.19.0 running at -1 queries per second, 2->2 procs, for 1m0s: http://asg-1-lb-1851329700.us-east-1.elb.amazonaws.com:3000/?n=1
Aggregated Function Time : count 1368602 avg 0.0030686065 +/- 0.001352 min 0.000725561 max 0.214897797 sum 4199.70105
# target 50% 0.00536453
# target 75% 0.00768402
# target 90% 0.00907572
# target 99% 0.00991073
# target 99.9% 0.00999423
Sockets used: 70 (for perfect keepalive, would be 70)
Jitter: false
Code 200 : 1368602 (100.0 %)
All done 1368602 calls (plus 70 warmup) 3.069 ms avg, 22808.8 qps
Successfully wrote 2120 bytes of Json data to 2022-04-02-051532_asg_taewa_3lite_scaling_1_4.json
fortio exit code: 0
[2022-04-02T05:16:32]==============================[STATS]
jh CPU load avg:
0.78 0.65 0.79 1/164 3661
i-0bea35fbe39509965
InService
Healthy
{}
[2022-04-02T05:16:32]==============================[SCALING RUN 1: CHUNK 5]==============================
05:16:32 I logger.go:127> Log level is now 4 Error (was 2 Info)
Fortio 1.19.0 running at -1 queries per second, 2->2 procs, for 1m0s: http://asg-1-lb-1851329700.us-east-1.elb.amazonaws.com:3000/?n=1
Aggregated Function Time : count 1361119 avg 0.0030854811 +/- 0.001363 min 0.000977624 max 0.216024936 sum 4199.70695
# target 50% 0.00549035
# target 75% 0.00774672
# target 90% 0.00910054
# target 99% 0.00991283
# target 99.9% 0.00999406
Sockets used: 70 (for perfect keepalive, would be 70)
Jitter: false
Code 200 : 1361119 (100.0 %)
All done 1361119 calls (plus 70 warmup) 3.085 ms avg, 22684.2 qps
Successfully wrote 2098 bytes of Json data to 2022-04-02-051632_asg_taewa_3lite_scaling_1_5.json
fortio exit code: 0
[2022-04-02T05:17:32]==============================[STATS]
jh CPU load avg:
0.69 0.67 0.79 1/164 3678
i-0639c3581b21b47b4
Pending
Healthy
{}
i-0bea35fbe39509965
InService
Healthy
{}
[2022-04-02T05:17:33]==============================[SCALING RUN 1: CHUNK 6]==============================
05:17:33 I logger.go:127> Log level is now 4 Error (was 2 Info)
Fortio 1.19.0 running at -1 queries per second, 2->2 procs, for 1m0s: http://asg-1-lb-1851329700.us-east-1.elb.amazonaws.com:3000/?n=1
Aggregated Function Time : count 1352538 avg 0.0031050337 +/- 0.001291 min 0.000879945 max 0.216250541 sum 4199.67601
# target 50% 0.00544562
# target 75% 0.00772846
# target 90% 0.00909816
# target 99% 0.00991998
# target 99.9% 0.0120662
Sockets used: 105 (for perfect keepalive, would be 70)
Jitter: false
Code 200 : 1352538 (100.0 %)
All done 1352538 calls (plus 70 warmup) 3.105 ms avg, 22541.2 qps
Successfully wrote 2241 bytes of Json data to 2022-04-02-051733_asg_taewa_3lite_scaling_1_6.json
fortio exit code: 0
[2022-04-02T05:18:33]==============================[STATS]
jh CPU load avg:
0.69 0.68 0.79 1/164 3695
i-0639c3581b21b47b4
InService
Healthy
{}
i-0bea35fbe39509965
InService
Healthy
{}
[2022-04-02T05:18:34]==============================[SCALING RUN 1: CHUNK 7]==============================
05:18:34 I logger.go:127> Log level is now 4 Error (was 2 Info)
Fortio 1.19.0 running at -1 queries per second, 2->2 procs, for 1m0s: http://asg-1-lb-1851329700.us-east-1.elb.amazonaws.com:3000/?n=1
Aggregated Function Time : count 3041993 avg 0.0013804008 +/- 0.0006633 min 0.000656399 max 0.210825332 sum 4199.16972
# target 50% 0.00532858
# target 75% 0.00766467
# target 90% 0.00906632
# target 99% 0.00990732
# target 99.9% 0.00999141
Sockets used: 70 (for perfect keepalive, would be 70)
Jitter: false
Code 200 : 3041993 (100.0 %)
All done 3041993 calls (plus 70 warmup) 1.380 ms avg, 50698.8 qps
Successfully wrote 2215 bytes of Json data to 2022-04-02-051834_asg_taewa_3lite_scaling_1_7.json
fortio exit code: 0
[2022-04-02T05:19:34]==============================[STATS]
jh CPU load avg:
1.20 0.83 0.84 1/164 3712
i-0639c3581b21b47b4
InService
Healthy
{}
i-0bea35fbe39509965
InService
Healthy
{}
[2022-04-02T05:19:34]==============================[SCALING RUN 1: CHUNK 8]==============================
05:19:34 I logger.go:127> Log level is now 4 Error (was 2 Info)
Fortio 1.19.0 running at -1 queries per second, 2->2 procs, for 1m0s: http://asg-1-lb-1851329700.us-east-1.elb.amazonaws.com:3000/?n=1
Aggregated Function Time : count 3024891 avg 0.0013882021 +/- 0.0006077 min 0.000647586 max 0.209266266 sum 4199.15996
# target 50% 0.00532414
# target 75% 0.00766242
# target 90% 0.00906539
# target 99% 0.00990717
# target 99.9% 0.00999135
Sockets used: 70 (for perfect keepalive, would be 70)
Jitter: false
Code 200 : 3024891 (100.0 %)
All done 3024891 calls (plus 70 warmup) 1.388 ms avg, 50413.7 qps
Successfully wrote 2217 bytes of Json data to 2022-04-02-051934_asg_taewa_3lite_scaling_1_8.json
fortio exit code: 0
[2022-04-02T05:20:34]==============================[STATS]
jh CPU load avg:
1.34 0.96 0.89 1/165 3737
i-0639c3581b21b47b4
InService
Healthy
{}
i-0bea35fbe39509965
InService
Healthy
{}
[2022-04-02T05:20:35]==============================[SCALING RUN 1: CHUNK 9]==============================
05:20:35 I logger.go:127> Log level is now 4 Error (was 2 Info)
Fortio 1.19.0 running at -1 queries per second, 2->2 procs, for 1m0s: http://asg-1-lb-1851329700.us-east-1.elb.amazonaws.com:3000/?n=1
Aggregated Function Time : count 3035101 avg 0.0013835375 +/- 0.0005616 min 0.000657817 max 0.208602076 sum 4199.17606
# target 50% 0.00532893
# target 75% 0.00766449
# target 90% 0.00906583
# target 99% 0.00990663
# target 99.9% 0.00999071
Sockets used: 70 (for perfect keepalive, would be 70)
Jitter: false
Code 200 : 3035101 (100.0 %)
All done 3035101 calls (plus 70 warmup) 1.384 ms avg, 50583.9 qps
Successfully wrote 1979 bytes of Json data to 2022-04-02-052035_asg_taewa_3lite_scaling_1_9.json
fortio exit code: 0
[2022-04-02T05:21:35]==============================[STATS]
jh CPU load avg:
1.24 0.99 0.90 1/165 3755
i-0639c3581b21b47b4
InService
Healthy
{}
i-0bea35fbe39509965
InService
Healthy
{}
[2022-04-02T05:21:36]==============================[SCALING RUN 1: CHUNK 10]==============================
05:21:36 I logger.go:127> Log level is now 4 Error (was 2 Info)
Fortio 1.19.0 running at -1 queries per second, 2->2 procs, for 1m0s: http://asg-1-lb-1851329700.us-east-1.elb.amazonaws.com:3000/?n=1
Aggregated Function Time : count 3034317 avg 0.0013838884 +/- 0.0006043 min 0.000666597 max 0.209228206 sum 4199.15619
# target 50% 0.00533341
# target 75% 0.00766682
# target 90% 0.00906687
# target 99% 0.00990689
# target 99.9% 0.0099909
Sockets used: 70 (for perfect keepalive, would be 70)
Jitter: false
Code 200 : 3034317 (100.0 %)
All done 3034317 calls (plus 70 warmup) 1.384 ms avg, 50570.9 qps
Successfully wrote 2097 bytes of Json data to 2022-04-02-052136_asg_taewa_3lite_scaling_1_10.json
fortio exit code: 0
[2022-04-02T05:22:36]==============================[STATS]
jh CPU load avg:
1.32 1.07 0.93 1/165 3772
i-0639c3581b21b47b4
InService
Healthy
{}
i-0bea35fbe39509965
InService
Healthy
{}
[2022-04-02T05:22:36]==============================[SCALING RUN 1: CHUNK 11]==============================
05:22:36 I logger.go:127> Log level is now 4 Error (was 2 Info)
Fortio 1.19.0 running at -1 queries per second, 2->2 procs, for 1m0s: http://asg-1-lb-1851329700.us-east-1.elb.amazonaws.com:3000/?n=1
Aggregated Function Time : count 3025837 avg 0.0013877779 +/- 0.0006803 min 0.000651201 max 0.209285239 sum 4199.18982
# target 50% 0.00532569
# target 75% 0.00766293
# target 90% 0.00906528
# target 99% 0.00990668
# target 99.9% 0.00999082
Sockets used: 70 (for perfect keepalive, would be 70)
Jitter: false
Code 200 : 3025837 (100.0 %)
All done 3025837 calls (plus 70 warmup) 1.388 ms avg, 50429.4 qps
Successfully wrote 2098 bytes of Json data to 2022-04-02-052237_asg_taewa_3lite_scaling_1_11.json
fortio exit code: 0
[2022-04-02T05:23:37]==============================[STATS]
jh CPU load avg:
1.36 1.10 0.95 1/165 3789
i-01ced172904037865
Pending
Healthy
{}
i-0639c3581b21b47b4
InService
Healthy
{}
i-0bea35fbe39509965
InService
Healthy
{}
[2022-04-02T05:23:37]==============================[SCALING RUN 1: CHUNK 12]==============================
05:23:37 I logger.go:127> Log level is now 4 Error (was 2 Info)
Fortio 1.19.0 running at -1 queries per second, 2->2 procs, for 1m0s: http://asg-1-lb-1851329700.us-east-1.elb.amazonaws.com:3000/?n=1
Aggregated Function Time : count 3028479 avg 0.0013865529 +/- 0.0008716 min 0.000656058 max 0.209845225 sum 4199.14647
# target 50% 0.00532828
# target 75% 0.00766439
# target 90% 0.00906606
# target 99% 0.00990706
# target 99.9% 0.00999116
Sockets used: 70 (for perfect keepalive, would be 70)
Jitter: false
Code 200 : 3028479 (100.0 %)
All done 3028479 calls (plus 70 warmup) 1.387 ms avg, 50473.5 qps
Successfully wrote 2098 bytes of Json data to 2022-04-02-052337_asg_taewa_3lite_scaling_1_12.json
fortio exit code: 0
[2022-04-02T05:24:37]==============================[STATS]
jh CPU load avg:
1.75 1.26 1.02 1/165 3806
i-01ced172904037865
InService
Healthy
{}
i-0639c3581b21b47b4
InService
Healthy
{}
i-0bea35fbe39509965
InService
Healthy
{}
[2022-04-02T05:24:38]==============================[SCALING RUN 1: CHUNK 13]==============================
05:24:38 I logger.go:127> Log level is now 4 Error (was 2 Info)
Fortio 1.19.0 running at -1 queries per second, 2->2 procs, for 1m0s: http://asg-1-lb-1851329700.us-east-1.elb.amazonaws.com:3000/?n=1
Aggregated Function Time : count 3363571 avg 0.0012484035 +/- 0.0004791 min 0.000675441 max 0.209257864 sum 4199.09388
# target 50% 0.00533805
# target 75% 0.00766936
# target 90% 0.00906814
# target 99% 0.00990741
# target 99.9% 0.00999134
Sockets used: 70 (for perfect keepalive, would be 70)
Jitter: false
Code 200 : 3363571 (100.0 %)
All done 3363571 calls (plus 70 warmup) 1.248 ms avg, 56058.2 qps
Successfully wrote 2098 bytes of Json data to 2022-04-02-052438_asg_taewa_3lite_scaling_1_13.json
fortio exit code: 0
[2022-04-02T05:25:38]==============================[STATS]
jh CPU load avg:
1.57 1.29 1.04 1/163 3824
i-01ced172904037865
InService
Healthy
{}
i-0639c3581b21b47b4
InService
Healthy
{}
i-0bea35fbe39509965
InService
Healthy
{}
[2022-04-02T05:25:39]==============================[SCALING RUN 1: CHUNK 14]==============================
05:25:39 I logger.go:127> Log level is now 4 Error (was 2 Info)
Fortio 1.19.0 running at -1 queries per second, 2->2 procs, for 1m0s: http://asg-1-lb-1851329700.us-east-1.elb.amazonaws.com:3000/?n=1
Aggregated Function Time : count 3366986 avg 0.0012471264 +/- 0.000628 min 0.000657773 max 0.21130348 sum 4199.05704
# target 50% 0.00532892
# target 75% 0.00766449
# target 90% 0.00906584
# target 99% 0.00990665
# target 99.9% 0.00999073
Sockets used: 70 (for perfect keepalive, would be 70)
Jitter: false
Code 200 : 3366986 (100.0 %)
All done 3366986 calls (plus 70 warmup) 1.247 ms avg, 56115.2 qps
Successfully wrote 2096 bytes of Json data to 2022-04-02-052539_asg_taewa_3lite_scaling_1_14.json
fortio exit code: 0
[2022-04-02T05:26:39]==============================[STATS]
jh CPU load avg:
1.69 1.36 1.08 1/164 3842
i-01ced172904037865
InService
Healthy
{}
i-0639c3581b21b47b4
InService
Healthy
{}
i-0bea35fbe39509965
InService
Healthy
{}
[2022-04-02T05:26:39]==============================[SCALING RUN 2: INIT]==============================
{
    "Alarms": [
        {
            "AlarmName": "TargetTracking-asg-1-myASG-AlarmHigh-7e40eb17-e1dc-4e63-9fe8-831ccdea9564", 
            "AlarmARN": "arn:aws:cloudwatch:us-east-1:538452554530:alarm:TargetTracking-asg-1-myASG-AlarmHigh-7e40eb17-e1dc-4e63-9fe8-831ccdea9564"
        }, 
        {
            "AlarmName": "TargetTracking-asg-1-myASG-AlarmLow-ebca1852-6c06-4cd1-a3c0-4c1d0e509b54", 
            "AlarmARN": "arn:aws:cloudwatch:us-east-1:538452554530:alarm:TargetTracking-asg-1-myASG-AlarmLow-ebca1852-6c06-4cd1-a3c0-4c1d0e509b54"
        }
    ], 
    "PolicyARN": "arn:aws:autoscaling:us-east-1:538452554530:scalingPolicy:e5529381-34b2-4e02-8840-f4f5f2c214c4:autoScalingGroupName/asg-1-myASG:policyName/asg-1-AppServerSP-KC77CWW53S73"
}
scaling to 1
[2022-04-02T05:26:41]==============================[SCALING RUN 2: ENABLE SCALING - SLEEP]==============================
{
    "Alarms": [
        {
            "AlarmName": "TargetTracking-asg-1-myASG-AlarmHigh-88cc1920-7d9e-4cea-8ae7-f8310aa2c32b", 
            "AlarmARN": "arn:aws:cloudwatch:us-east-1:538452554530:alarm:TargetTracking-asg-1-myASG-AlarmHigh-88cc1920-7d9e-4cea-8ae7-f8310aa2c32b"
        }, 
        {
            "AlarmName": "TargetTracking-asg-1-myASG-AlarmLow-56f7fb86-4296-4331-b65c-6997aa022203", 
            "AlarmARN": "arn:aws:cloudwatch:us-east-1:538452554530:alarm:TargetTracking-asg-1-myASG-AlarmLow-56f7fb86-4296-4331-b65c-6997aa022203"
        }
    ], 
    "PolicyARN": "arn:aws:autoscaling:us-east-1:538452554530:scalingPolicy:e5529381-34b2-4e02-8840-f4f5f2c214c4:autoScalingGroupName/asg-1-myASG:policyName/asg-1-AppServerSP-KC77CWW53S73"
}
[2022-04-02T05:29:42]==============================[SCALING RUN 2: FORTIO]==============================
[2022-04-02T05:29:42]==============================[STATS]
jh CPU load avg:
0.08 0.74 0.88 1/164 3917
i-01ced172904037865
InService
Healthy
{}
[2022-04-02T05:29:43]==============================[SCALING RUN 2: CHUNK 1]==============================
05:29:43 I logger.go:127> Log level is now 4 Error (was 2 Info)
Fortio 1.19.0 running at -1 queries per second, 2->2 procs, for 1m0s: http://asg-1-lb-1851329700.us-east-1.elb.amazonaws.com:3000/?n=1
Aggregated Function Time : count 1333117 avg 0.0031502899 +/- 0.001312 min 0.001022613 max 0.215988462 sum 4199.70501
# target 50% 0.00551851
# target 75% 0.00776646
# target 90% 0.00911523
# target 99% 0.00992449
# target 99.9% 0.0140265
Sockets used: 105 (for perfect keepalive, would be 70)
Jitter: false
Code 200 : 1333117 (100.0 %)
All done 1333117 calls (plus 70 warmup) 3.150 ms avg, 22217.5 qps
Successfully wrote 2216 bytes of Json data to 2022-04-02-052943_asg_taewa_3lite_scaling_2_1.json
fortio exit code: 0
[2022-04-02T05:30:43]==============================[STATS]
jh CPU load avg:
0.49 0.73 0.87 1/165 3941
i-01ced172904037865
InService
Healthy
{}
i-02e516c3ae36abecc
InService
Healthy
{}
[2022-04-02T05:30:44]==============================[SCALING RUN 2: CHUNK 2]==============================
05:30:44 I logger.go:127> Log level is now 4 Error (was 2 Info)
Fortio 1.19.0 running at -1 queries per second, 2->2 procs, for 1m0s: http://asg-1-lb-1851329700.us-east-1.elb.amazonaws.com:3000/?n=1
Aggregated Function Time : count 3074482 avg 0.0013658132 +/- 0.0005735 min 0.000698618 max 0.208930912 sum 4199.16805
# target 50% 0.00534965
# target 75% 0.00767517
# target 90% 0.00907048
# target 99% 0.00990767
# target 99.9% 0.00999139
Sockets used: 70 (for perfect keepalive, would be 70)
Jitter: false
Code 200 : 3074482 (100.0 %)
All done 3074482 calls (plus 70 warmup) 1.366 ms avg, 51240.1 qps
Successfully wrote 2097 bytes of Json data to 2022-04-02-053044_asg_taewa_3lite_scaling_2_2.json
fortio exit code: 0
[2022-04-02T05:31:44]==============================[STATS]
jh CPU load avg:
1.11 0.84 0.90 1/165 3961
i-01ced172904037865
InService
Healthy
{}
i-02e516c3ae36abecc
InService
Healthy
{}
[2022-04-02T05:31:44]==============================[SCALING RUN 2: CHUNK 3]==============================
05:31:44 I logger.go:127> Log level is now 4 Error (was 2 Info)
Fortio 1.19.0 running at -1 queries per second, 2->2 procs, for 1m0s: http://asg-1-lb-1851329700.us-east-1.elb.amazonaws.com:3000/?n=1
Aggregated Function Time : count 3074382 avg 0.0013658469 +/- 0.0004978 min 0.000719864 max 0.209292097 sum 4199.13501
# target 50% 0.00535996
# target 75% 0.00768001
# target 90% 0.00907203
# target 99% 0.00990725
# target 99.9% 0.00999077
Sockets used: 70 (for perfect keepalive, would be 70)
Jitter: false
Code 200 : 3074382 (100.0 %)
All done 3074382 calls (plus 70 warmup) 1.366 ms avg, 51238.5 qps
Successfully wrote 2095 bytes of Json data to 2022-04-02-053145_asg_taewa_3lite_scaling_2_3.json
fortio exit code: 0
[2022-04-02T05:32:45]==============================[STATS]
jh CPU load avg:
1.37 0.95 0.94 1/165 3978
i-01ced172904037865
InService
Healthy
{}
i-02e516c3ae36abecc
InService
Healthy
{}
[2022-04-02T05:32:45]==============================[SCALING RUN 2: CHUNK 4]==============================
05:32:45 I logger.go:127> Log level is now 4 Error (was 2 Info)
Fortio 1.19.0 running at -1 queries per second, 2->2 procs, for 1m0s: http://asg-1-lb-1851329700.us-east-1.elb.amazonaws.com:3000/?n=1
Aggregated Function Time : count 3083625 avg 0.0013617551 +/- 0.0005 min 0.000680194 max 0.208932951 sum 4199.14196
# target 50% 0.00534017
# target 75% 0.00767016
# target 90% 0.00906815
# target 99% 0.00990695
# target 99.9% 0.00999083
Sockets used: 70 (for perfect keepalive, would be 70)
Jitter: false
Code 200 : 3083625 (100.0 %)
All done 3083625 calls (plus 70 warmup) 1.362 ms avg, 51392.6 qps
Successfully wrote 2097 bytes of Json data to 2022-04-02-053245_asg_taewa_3lite_scaling_2_4.json
fortio exit code: 0
[2022-04-02T05:33:45]==============================[STATS]
jh CPU load avg:
1.30 1.02 0.96 1/165 3995
i-01ced172904037865
InService
Healthy
{}
i-02e516c3ae36abecc
InService
Healthy
{}
[2022-04-02T05:33:46]==============================[SCALING RUN 2: CHUNK 5]==============================
05:33:46 I logger.go:127> Log level is now 4 Error (was 2 Info)
Fortio 1.19.0 running at -1 queries per second, 2->2 procs, for 1m0s: http://asg-1-lb-1851329700.us-east-1.elb.amazonaws.com:3000/?n=1
Aggregated Function Time : count 3082110 avg 0.0013624251 +/- 0.0005262 min 0.000705041 max 0.209312407 sum 4199.14405
# target 50% 0.00535264
# target 75% 0.00767644
# target 90% 0.00907072
# target 99% 0.00990729
# target 99.9% 0.00999094
Sockets used: 70 (for perfect keepalive, would be 70)
Jitter: false
Code 200 : 3082110 (100.0 %)
All done 3082110 calls (plus 70 warmup) 1.362 ms avg, 51367.3 qps
Successfully wrote 2094 bytes of Json data to 2022-04-02-053346_asg_taewa_3lite_scaling_2_5.json
fortio exit code: 0
[2022-04-02T05:34:46]==============================[STATS]
jh CPU load avg:
1.30 1.06 0.98 1/165 4012
i-01ced172904037865
InService
Healthy
{}
i-02e516c3ae36abecc
InService
Healthy
{}
[2022-04-02T05:34:47]==============================[SCALING RUN 2: CHUNK 6]==============================
05:34:47 I logger.go:127> Log level is now 4 Error (was 2 Info)
Fortio 1.19.0 running at -1 queries per second, 2->2 procs, for 1m0s: http://asg-1-lb-1851329700.us-east-1.elb.amazonaws.com:3000/?n=1
Aggregated Function Time : count 3083917 avg 0.0013616284 +/- 0.0005535 min 0.000700553 max 0.209527604 sum 4199.14899
# target 50% 0.00535035
# target 75% 0.00767526
# target 90% 0.0090702
# target 99% 0.00990716
# target 99.9% 0.00999086
Sockets used: 70 (for perfect keepalive, would be 70)
Jitter: false
Code 200 : 3083917 (100.0 %)
All done 3083917 calls (plus 70 warmup) 1.362 ms avg, 51397.4 qps
Successfully wrote 2096 bytes of Json data to 2022-04-02-053447_asg_taewa_3lite_scaling_2_6.json
fortio exit code: 0
[2022-04-02T05:35:47]==============================[STATS]
jh CPU load avg:
1.78 1.24 1.05 1/164 4032
i-01ced172904037865
InService
Healthy
{}
i-02e516c3ae36abecc
InService
Healthy
{}
[2022-04-02T05:35:47]==============================[SCALING RUN 2: CHUNK 7]==============================
05:35:47 I logger.go:127> Log level is now 4 Error (was 2 Info)
Fortio 1.19.0 running at -1 queries per second, 2->2 procs, for 1m0s: http://asg-1-lb-1851329700.us-east-1.elb.amazonaws.com:3000/?n=1
Aggregated Function Time : count 3087104 avg 0.0013602304 +/- 0.0005556 min 0.00071032 max 0.416172086 sum 4199.17271
# target 50% 0.0053552
# target 75% 0.00767765
# target 90% 0.00907111
# target 99% 0.00990719
# target 99.9% 0.0099908
Sockets used: 70 (for perfect keepalive, would be 70)
Jitter: false
Code 200 : 3087104 (100.0 %)
All done 3087104 calls (plus 70 warmup) 1.360 ms avg, 51450.4 qps
Successfully wrote 2212 bytes of Json data to 2022-04-02-053547_asg_taewa_3lite_scaling_2_7.json
fortio exit code: 0
[2022-04-02T05:36:47]==============================[STATS]
jh CPU load avg:
1.39 1.23 1.06 1/164 4049
i-01ced172904037865
InService
Healthy
{}
i-02e516c3ae36abecc
InService
Healthy
{}
i-09ed103e22dc435d8
InService
Healthy
{}
[2022-04-02T05:36:48]==============================[SCALING RUN 2: CHUNK 8]==============================
05:36:48 I logger.go:127> Log level is now 4 Error (was 2 Info)
Fortio 1.19.0 running at -1 queries per second, 2->2 procs, for 1m0s: http://asg-1-lb-1851329700.us-east-1.elb.amazonaws.com:3000/?n=1
Aggregated Function Time : count 3764563 avg 0.0011153927 +/- 0.0004827 min 0.000700135 max 0.208867533 sum 4198.966
# target 50% 0.0053502
# target 75% 0.00767523
# target 90% 0.00907025
# target 99% 0.00990726
# target 99.9% 0.00999096
Sockets used: 70 (for perfect keepalive, would be 70)
Jitter: false
Code 200 : 3764563 (100.0 %)
All done 3764563 calls (plus 70 warmup) 1.115 ms avg, 62741.3 qps
Successfully wrote 2097 bytes of Json data to 2022-04-02-053648_asg_taewa_3lite_scaling_2_8.json
fortio exit code: 0
[2022-04-02T05:37:48]==============================[STATS]
jh CPU load avg:
1.62 1.32 1.10 1/164 4074
i-01ced172904037865
InService
Healthy
{}
i-02e516c3ae36abecc
InService
Healthy
{}
i-09ed103e22dc435d8
InService
Healthy
{}
[2022-04-02T05:37:49]==============================[SCALING RUN 2: CHUNK 9]==============================
05:37:49 I logger.go:127> Log level is now 4 Error (was 2 Info)
Fortio 1.19.0 running at -1 queries per second, 2->2 procs, for 1m0s: http://asg-1-lb-1851329700.us-east-1.elb.amazonaws.com:3000/?n=1
Aggregated Function Time : count 3725902 avg 0.0011269595 +/- 0.0005817 min 0.00070065 max 0.209176626 sum 4198.94067
# target 50% 0.00535046
# target 75% 0.00767536
# target 90% 0.00907031
# target 99% 0.00990727
# target 99.9% 0.00999097
Sockets used: 70 (for perfect keepalive, would be 70)
Jitter: false
Code 200 : 3725902 (100.0 %)
All done 3725902 calls (plus 70 warmup) 1.127 ms avg, 62097.2 qps
Successfully wrote 2094 bytes of Json data to 2022-04-02-053749_asg_taewa_3lite_scaling_2_9.json
fortio exit code: 0
[2022-04-02T05:38:49]==============================[STATS]
jh CPU load avg:
1.54 1.34 1.12 1/164 4091
i-01ced172904037865
InService
Healthy
{}
i-02e516c3ae36abecc
InService
Healthy
{}
i-09ed103e22dc435d8
InService
Healthy
{}
[2022-04-02T05:38:49]==============================[SCALING RUN 2: CHUNK 10]==============================
05:38:49 I logger.go:127> Log level is now 4 Error (was 2 Info)
Fortio 1.19.0 running at -1 queries per second, 2->2 procs, for 1m0s: http://asg-1-lb-1851329700.us-east-1.elb.amazonaws.com:3000/?n=1
Aggregated Function Time : count 3767221 avg 0.0011145989 +/- 0.0004691 min 0.000711788 max 0.208695567 sum 4198.94023
# target 50% 0.00535596
# target 75% 0.00767805
# target 90% 0.0090713
# target 99% 0.00990725
# target 99.9% 0.00999085
Sockets used: 70 (for perfect keepalive, would be 70)
Jitter: false
Code 200 : 3767221 (100.0 %)
All done 3767221 calls (plus 70 warmup) 1.115 ms avg, 62785.0 qps
Successfully wrote 2099 bytes of Json data to 2022-04-02-053850_asg_taewa_3lite_scaling_2_10.json
fortio exit code: 0
[2022-04-02T05:39:50]==============================[STATS]
jh CPU load avg:
1.64 1.40 1.15 1/164 4108
i-01ced172904037865
InService
Healthy
{}
i-02e516c3ae36abecc
InService
Healthy
{}
i-09ed103e22dc435d8
InService
Healthy
{}
[2022-04-02T05:39:50]==============================[SCALING RUN 2: CHUNK 11]==============================
05:39:50 I logger.go:127> Log level is now 4 Error (was 2 Info)
Fortio 1.19.0 running at -1 queries per second, 2->2 procs, for 1m0s: http://asg-1-lb-1851329700.us-east-1.elb.amazonaws.com:3000/?n=1
Aggregated Function Time : count 3745939 avg 0.0011209373 +/- 0.0006211 min 0.000716398 max 0.208813297 sum 4198.96283
# target 50% 0.00535824
# target 75% 0.00767917
# target 90% 0.00907172
# target 99% 0.00990725
# target 99.9% 0.00999081
Sockets used: 70 (for perfect keepalive, would be 70)
Jitter: false
Code 200 : 3745939 (100.0 %)
All done 3745939 calls (plus 70 warmup) 1.121 ms avg, 62431.0 qps
Successfully wrote 2096 bytes of Json data to 2022-04-02-053950_asg_taewa_3lite_scaling_2_11.json
fortio exit code: 0
[2022-04-02T05:40:50]==============================[STATS]
jh CPU load avg:
1.43 1.39 1.17 1/165 4134
i-01ced172904037865
InService
Healthy
{}
i-02e516c3ae36abecc
InService
Healthy
{}
i-09ed103e22dc435d8
InService
Healthy
{}
[2022-04-02T05:40:51]==============================[SCALING RUN 2: CHUNK 12]==============================
05:40:51 I logger.go:127> Log level is now 4 Error (was 2 Info)
Fortio 1.19.0 running at -1 queries per second, 2->2 procs, for 1m0s: http://asg-1-lb-1851329700.us-east-1.elb.amazonaws.com:3000/?n=1
Aggregated Function Time : count 3776792 avg 0.0011117752 +/- 0.0005661 min 0.000699348 max 0.20910457 sum 4198.94364
# target 50% 0.00534977
# target 75% 0.00767498
# target 90% 0.00907011
# target 99% 0.00990718
# target 99.9% 0.00999089
Sockets used: 70 (for perfect keepalive, would be 70)
Jitter: false
Code 200 : 3776792 (100.0 %)
All done 3776792 calls (plus 70 warmup) 1.112 ms avg, 62944.2 qps
Successfully wrote 2097 bytes of Json data to 2022-04-02-054051_asg_taewa_3lite_scaling_2_12.json
fortio exit code: 0
[2022-04-02T05:41:51]==============================[STATS]
jh CPU load avg:
1.85 1.51 1.23 1/165 4152
i-01ced172904037865
InService
Healthy
{}
i-02e516c3ae36abecc
InService
Healthy
{}
i-09ed103e22dc435d8
InService
Healthy
{}
[2022-04-02T05:41:52]==============================[SCALING RUN 2: CHUNK 13]==============================
05:41:52 I logger.go:127> Log level is now 4 Error (was 2 Info)
Fortio 1.19.0 running at -1 queries per second, 2->2 procs, for 1m0s: http://asg-1-lb-1851329700.us-east-1.elb.amazonaws.com:3000/?n=1
Aggregated Function Time : count 3709922 avg 0.0011318142 +/- 0.0004967 min 0.000704689 max 0.212690609 sum 4198.94225
# target 50% 0.00535246
# target 75% 0.00767634
# target 90% 0.00907068
# target 99% 0.00990728
# target 99.9% 0.00999093
Sockets used: 70 (for perfect keepalive, would be 70)
Jitter: false
Code 200 : 3709922 (100.0 %)
All done 3709922 calls (plus 70 warmup) 1.132 ms avg, 61831.0 qps
Successfully wrote 2216 bytes of Json data to 2022-04-02-054152_asg_taewa_3lite_scaling_2_13.json
fortio exit code: 0
[2022-04-02T05:42:52]==============================[STATS]
jh CPU load avg:
2.28 1.69 1.30 1/170 402
i-01ced172904037865
InService
Healthy
{}
i-02e516c3ae36abecc
InService
Healthy
{}
i-09ed103e22dc435d8
InService
Healthy
{}
[2022-04-02T05:42:52]==============================[SCALING RUN 2: CHUNK 14]==============================
05:42:52 I logger.go:127> Log level is now 4 Error (was 2 Info)
Fortio 1.19.0 running at -1 queries per second, 2->2 procs, for 1m0s: http://asg-1-lb-1851329700.us-east-1.elb.amazonaws.com:3000/?n=1
Aggregated Function Time : count 3762302 avg 0.0011160399 +/- 0.0003791 min 0.000718786 max 0.208648822 sum 4198.87906
# target 50% 0.00535942
# target 75% 0.00767974
# target 90% 0.00907194
# target 99% 0.00990725
# target 99.9% 0.00999078
Sockets used: 70 (for perfect keepalive, would be 70)
Jitter: false
Code 200 : 3762302 (100.0 %)
All done 3762302 calls (plus 70 warmup) 1.116 ms avg, 62702.2 qps
Successfully wrote 2096 bytes of Json data to 2022-04-02-054253_asg_taewa_3lite_scaling_2_14.json
fortio exit code: 0
[2022-04-02T05:43:53]==============================[STATS]
jh CPU load avg:
1.73 1.64 1.31 1/165 1278
i-01ced172904037865
InService
Healthy
{}
i-02e516c3ae36abecc
InService
Healthy
{}
i-09ed103e22dc435d8
InService
Healthy
{}
[2022-04-02T05:43:53]==============================[SCALING RUN 3: INIT]==============================
{
    "Alarms": [
        {
            "AlarmName": "TargetTracking-asg-1-myASG-AlarmHigh-4f4e014d-e500-4045-b177-f10a05c226d7", 
            "AlarmARN": "arn:aws:cloudwatch:us-east-1:538452554530:alarm:TargetTracking-asg-1-myASG-AlarmHigh-4f4e014d-e500-4045-b177-f10a05c226d7"
        }, 
        {
            "AlarmName": "TargetTracking-asg-1-myASG-AlarmLow-83906442-a992-4359-860a-40aa1aede0f7", 
            "AlarmARN": "arn:aws:cloudwatch:us-east-1:538452554530:alarm:TargetTracking-asg-1-myASG-AlarmLow-83906442-a992-4359-860a-40aa1aede0f7"
        }
    ], 
    "PolicyARN": "arn:aws:autoscaling:us-east-1:538452554530:scalingPolicy:e5529381-34b2-4e02-8840-f4f5f2c214c4:autoScalingGroupName/asg-1-myASG:policyName/asg-1-AppServerSP-KC77CWW53S73"
}
scaling to 1
[2022-04-02T05:43:55]==============================[SCALING RUN 3: ENABLE SCALING - SLEEP]==============================
{
    "Alarms": [
        {
            "AlarmName": "TargetTracking-asg-1-myASG-AlarmHigh-d32dc40f-2de1-4313-a3dc-8f10aeef2d3a", 
            "AlarmARN": "arn:aws:cloudwatch:us-east-1:538452554530:alarm:TargetTracking-asg-1-myASG-AlarmHigh-d32dc40f-2de1-4313-a3dc-8f10aeef2d3a"
        }, 
        {
            "AlarmName": "TargetTracking-asg-1-myASG-AlarmLow-90d99860-84d4-4c53-ac9e-c077b6de6864", 
            "AlarmARN": "arn:aws:cloudwatch:us-east-1:538452554530:alarm:TargetTracking-asg-1-myASG-AlarmLow-90d99860-84d4-4c53-ac9e-c077b6de6864"
        }
    ], 
    "PolicyARN": "arn:aws:autoscaling:us-east-1:538452554530:scalingPolicy:e5529381-34b2-4e02-8840-f4f5f2c214c4:autoScalingGroupName/asg-1-myASG:policyName/asg-1-AppServerSP-KC77CWW53S73"
}
[2022-04-02T05:46:56]==============================[SCALING RUN 3: FORTIO]==============================
[2022-04-02T05:46:56]==============================[STATS]
jh CPU load avg:
0.08 0.88 1.07 1/164 1309
i-09ed103e22dc435d8
InService
Healthy
{}
[2022-04-02T05:46:56]==============================[SCALING RUN 3: CHUNK 1]==============================
05:46:56 I logger.go:127> Log level is now 4 Error (was 2 Info)
Fortio 1.19.0 running at -1 queries per second, 2->2 procs, for 1m0s: http://asg-1-lb-1851329700.us-east-1.elb.amazonaws.com:3000/?n=1
Aggregated Function Time : count 1223775 avg 0.0034317931 +/- 0.001553 min 0.0011876 max 0.216501598 sum 4199.74265
# target 50% 0.00560025
# target 75% 0.00780658
# target 90% 0.00913038
# target 99% 0.00992466
# target 99.9% 0.0146565
Sockets used: 70 (for perfect keepalive, would be 70)
Jitter: false
Code 200 : 1223775 (100.0 %)
All done 1223775 calls (plus 70 warmup) 3.432 ms avg, 20395.1 qps
Successfully wrote 2689 bytes of Json data to 2022-04-02-054657_asg_taewa_3lite_scaling_3_1.json
fortio exit code: 0
[2022-04-02T05:47:57]==============================[STATS]
jh CPU load avg:
0.63 0.89 1.06 1/164 1326
i-09ed103e22dc435d8
InService
Healthy
{}
[2022-04-02T05:47:57]==============================[SCALING RUN 3: CHUNK 2]==============================
05:47:57 I logger.go:127> Log level is now 4 Error (was 2 Info)
Fortio 1.19.0 running at -1 queries per second, 2->2 procs, for 1m0s: http://asg-1-lb-1851329700.us-east-1.elb.amazonaws.com:3000/?n=1
Aggregated Function Time : count 1219416 avg 0.0034440774 +/- 0.001351 min 0.000987443 max 0.216437235 sum 4199.76314
# target 50% 0.00549552
# target 75% 0.00774956
# target 90% 0.00910198
# target 99% 0.00991344
# target 99.9% 0.00999458
Sockets used: 70 (for perfect keepalive, would be 70)
Jitter: false
Code 200 : 1219416 (100.0 %)
All done 1219416 calls (plus 70 warmup) 3.444 ms avg, 20322.5 qps
Successfully wrote 2099 bytes of Json data to 2022-04-02-054757_asg_taewa_3lite_scaling_3_2.json
fortio exit code: 0
[2022-04-02T05:48:57]==============================[STATS]
jh CPU load avg:
0.61 0.83 1.03 1/163 1343
i-09ed103e22dc435d8
InService
Healthy
{}
[2022-04-02T05:48:58]==============================[SCALING RUN 3: CHUNK 3]==============================
05:48:58 I logger.go:127> Log level is now 4 Error (was 2 Info)
Fortio 1.19.0 running at -1 queries per second, 2->2 procs, for 1m0s: http://asg-1-lb-1851329700.us-east-1.elb.amazonaws.com:3000/?n=1
Aggregated Function Time : count 1221008 avg 0.00343958 +/- 0.001358 min 0.000902767 max 0.214200795 sum 4199.75465
# target 50% 0.00545365
# target 75% 0.00772909
# target 90% 0.00909435
# target 99% 0.00991351
# target 99.9% 0.00999543
Sockets used: 70 (for perfect keepalive, would be 70)
Jitter: false
Code 200 : 1221008 (100.0 %)
All done 1221008 calls (plus 70 warmup) 3.440 ms avg, 20349.0 qps
Successfully wrote 2097 bytes of Json data to 2022-04-02-054858_asg_taewa_3lite_scaling_3_3.json
fortio exit code: 0
[2022-04-02T05:49:58]==============================[STATS]
jh CPU load avg:
0.72 0.81 1.00 1/164 1361
i-09ed103e22dc435d8
InService
Healthy
{}
[2022-04-02T05:49:59]==============================[SCALING RUN 3: CHUNK 4]==============================
05:49:59 I logger.go:127> Log level is now 4 Error (was 2 Info)
Fortio 1.19.0 running at -1 queries per second, 2->2 procs, for 1m0s: http://asg-1-lb-1851329700.us-east-1.elb.amazonaws.com:3000/?n=1
Aggregated Function Time : count 1220583 avg 0.0034407686 +/- 0.001331 min 0.001098888 max 0.215525997 sum 4199.74361
# target 50% 0.00555128
# target 75% 0.00777748
# target 90% 0.0091132
# target 99% 0.00991463
# target 99.9% 0.00999477
Sockets used: 70 (for perfect keepalive, would be 70)
Jitter: false
Code 200 : 1220583 (100.0 %)
All done 1220583 calls (plus 70 warmup) 3.441 ms avg, 20342.0 qps
Successfully wrote 2097 bytes of Json data to 2022-04-02-054959_asg_taewa_3lite_scaling_3_4.json
fortio exit code: 0
[2022-04-02T05:50:59]==============================[STATS]
jh CPU load avg:
0.83 0.82 1.00 1/166 1386
i-09ed103e22dc435d8
InService
Healthy
{}
[2022-04-02T05:50:59]==============================[SCALING RUN 3: CHUNK 5]==============================
05:50:59 I logger.go:127> Log level is now 4 Error (was 2 Info)
Fortio 1.19.0 running at -1 queries per second, 2->2 procs, for 1m0s: http://asg-1-lb-1851329700.us-east-1.elb.amazonaws.com:3000/?n=1
Aggregated Function Time : count 1212563 avg 0.0034635251 +/- 0.001251 min 0.00098002 max 0.212593013 sum 4199.74233
# target 50% 0.00549125
# target 75% 0.00774687
# target 90% 0.00910024
# target 99% 0.00991226
# target 99.9% 0.00999346
Sockets used: 70 (for perfect keepalive, would be 70)
Jitter: false
Code 200 : 1212563 (100.0 %)
All done 1212563 calls (plus 70 warmup) 3.464 ms avg, 20208.3 qps
Successfully wrote 2095 bytes of Json data to 2022-04-02-055100_asg_taewa_3lite_scaling_3_5.json
fortio exit code: 0
[2022-04-02T05:52:00]==============================[STATS]
jh CPU load avg:
0.81 0.81 0.98 1/166 1404
i-09ed103e22dc435d8
InService
Healthy
{}
i-0dd0dc8d18b147bd3
InService
Healthy
{}
[2022-04-02T05:52:00]==============================[SCALING RUN 3: CHUNK 6]==============================
05:52:00 I logger.go:127> Log level is now 4 Error (was 2 Info)
Fortio 1.19.0 running at -1 queries per second, 2->2 procs, for 1m0s: http://asg-1-lb-1851329700.us-east-1.elb.amazonaws.com:3000/?n=1
Aggregated Function Time : count 1225613 avg 0.003426657 +/- 0.001294 min 0.00092493 max 0.216457325 sum 4199.75533
# target 50% 0.00546452
# target 75% 0.00773433
# target 90% 0.00909621
# target 99% 0.00991333
# target 99.9% 0.00999505
Sockets used: 105 (for perfect keepalive, would be 70)
Jitter: false
Code 200 : 1225613 (100.0 %)
All done 1225613 calls (plus 70 warmup) 3.427 ms avg, 20425.7 qps
Successfully wrote 2095 bytes of Json data to 2022-04-02-055200_asg_taewa_3lite_scaling_3_6.json
fortio exit code: 0
[2022-04-02T05:53:00]==============================[STATS]
jh CPU load avg:
1.00 0.88 1.00 1/166 1421
i-09ed103e22dc435d8
InService
Healthy
{}
i-0dd0dc8d18b147bd3
InService
Healthy
{}
[2022-04-02T05:53:01]==============================[SCALING RUN 3: CHUNK 7]==============================
05:53:01 I logger.go:127> Log level is now 4 Error (was 2 Info)
Fortio 1.19.0 running at -1 queries per second, 2->2 procs, for 1m0s: http://asg-1-lb-1851329700.us-east-1.elb.amazonaws.com:3000/?n=1
Aggregated Function Time : count 2933548 avg 0.0014314356 +/- 0.000479 min 0.000702661 max 0.210097569 sum 4199.18513
# target 50% 0.00535195
# target 75% 0.0076766
# target 90% 0.00907139
# target 99% 0.00990827
# target 99.9% 0.00999195
Sockets used: 70 (for perfect keepalive, would be 70)
Jitter: false
Code 200 : 2933548 (100.0 %)
All done 2933548 calls (plus 70 warmup) 1.431 ms avg, 48891.1 qps
Successfully wrote 2449 bytes of Json data to 2022-04-02-055301_asg_taewa_3lite_scaling_3_7.json
fortio exit code: 0
[2022-04-02T05:54:01]==============================[STATS]
jh CPU load avg:
1.10 0.94 1.01 1/166 1438
i-09ed103e22dc435d8
InService
Healthy
{}
i-0dd0dc8d18b147bd3
InService
Healthy
{}
[2022-04-02T05:54:02]==============================[SCALING RUN 3: CHUNK 8]==============================
05:54:02 I logger.go:127> Log level is now 4 Error (was 2 Info)
Fortio 1.19.0 running at -1 queries per second, 2->2 procs, for 1m0s: http://asg-1-lb-1851329700.us-east-1.elb.amazonaws.com:3000/?n=1
Aggregated Function Time : count 2957834 avg 0.0014196732 +/- 0.0004678 min 0.000712612 max 0.20928781 sum 4199.1576
# target 50% 0.00535643
# target 75% 0.00767834
# target 90% 0.00907148
# target 99% 0.00990737
# target 99.9% 0.00999096
Sockets used: 70 (for perfect keepalive, would be 70)
Jitter: false
Code 200 : 2957834 (100.0 %)
All done 2957834 calls (plus 70 warmup) 1.420 ms avg, 49295.9 qps
Successfully wrote 2094 bytes of Json data to 2022-04-02-055402_asg_taewa_3lite_scaling_3_8.json
fortio exit code: 0
[2022-04-02T05:55:02]==============================[STATS]
jh CPU load avg:
1.09 0.98 1.01 1/164 1455
i-09ed103e22dc435d8
InService
Healthy
{}
i-0dd0dc8d18b147bd3
InService
Healthy
{}
[2022-04-02T05:55:03]==============================[SCALING RUN 3: CHUNK 9]==============================
05:55:03 I logger.go:127> Log level is now 4 Error (was 2 Info)
Fortio 1.19.0 running at -1 queries per second, 2->2 procs, for 1m0s: http://asg-1-lb-1851329700.us-east-1.elb.amazonaws.com:3000/?n=1
Aggregated Function Time : count 2937506 avg 0.0014295079 +/- 0.0005936 min 0.000719935 max 0.209330196 sum 4199.1879
# target 50% 0.00536018
# target 75% 0.00768031
# target 90% 0.00907239
# target 99% 0.00990763
# target 99.9% 0.00999116
Sockets used: 70 (for perfect keepalive, would be 70)
Jitter: false
Code 200 : 2937506 (100.0 %)
All done 2937506 calls (plus 70 warmup) 1.430 ms avg, 48957.1 qps
Successfully wrote 2098 bytes of Json data to 2022-04-02-055503_asg_taewa_3lite_scaling_3_9.json
fortio exit code: 0
[2022-04-02T05:56:03]==============================[STATS]
jh CPU load avg:
1.39 1.08 1.04 1/164 1521
i-09ed103e22dc435d8
InService
Healthy
{}
i-0dd0dc8d18b147bd3
InService
Healthy
{}
[2022-04-02T05:56:03]==============================[SCALING RUN 3: CHUNK 10]==============================
05:56:03 I logger.go:127> Log level is now 4 Error (was 2 Info)
Fortio 1.19.0 running at -1 queries per second, 2->2 procs, for 1m0s: http://asg-1-lb-1851329700.us-east-1.elb.amazonaws.com:3000/?n=1
Aggregated Function Time : count 2943209 avg 0.0014267509 +/- 0.0005877 min 0.00071121 max 0.212762541 sum 4199.22609
# target 50% 0.00535568
# target 75% 0.00767791
# target 90% 0.00907125
# target 99% 0.00990726
# target 99.9% 0.00999086
Sockets used: 70 (for perfect keepalive, would be 70)
Jitter: false
Code 200 : 2943209 (100.0 %)
All done 2943209 calls (plus 70 warmup) 1.427 ms avg, 49051.7 qps
Successfully wrote 2098 bytes of Json data to 2022-04-02-055603_asg_taewa_3lite_scaling_3_10.json
fortio exit code: 0
[2022-04-02T05:57:03]==============================[STATS]
jh CPU load avg:
1.13 1.05 1.03 1/164 1539
i-09ed103e22dc435d8
InService
Healthy
{}
i-0dd0dc8d18b147bd3
InService
Healthy
{}
[2022-04-02T05:57:04]==============================[SCALING RUN 3: CHUNK 11]==============================
05:57:04 I logger.go:127> Log level is now 4 Error (was 2 Info)
Fortio 1.19.0 running at -1 queries per second, 2->2 procs, for 1m0s: http://asg-1-lb-1851329700.us-east-1.elb.amazonaws.com:3000/?n=1
Aggregated Function Time : count 2947923 avg 0.0014244605 +/- 0.0003382 min 0.000711084 max 0.205942627 sum 4199.2
# target 50% 0.00535562
# target 75% 0.00767789
# target 90% 0.00907125
# target 99% 0.00990726
# target 99.9% 0.00999087
Sockets used: 70 (for perfect keepalive, would be 70)
Jitter: false
Code 200 : 2947923 (100.0 %)
All done 2947923 calls (plus 70 warmup) 1.424 ms avg, 49130.7 qps
Successfully wrote 2096 bytes of Json data to 2022-04-02-055704_asg_taewa_3lite_scaling_3_11.json
fortio exit code: 0
[2022-04-02T05:58:04]==============================[STATS]
jh CPU load avg:
1.25 1.09 1.05 1/164 1556
i-06a75eff83bdca4e4
InService
Healthy
{}
i-09ed103e22dc435d8
InService
Healthy
{}
i-0dd0dc8d18b147bd3
InService
Healthy
{}
[2022-04-02T05:58:05]==============================[SCALING RUN 3: CHUNK 12]==============================
05:58:05 I logger.go:127> Log level is now 4 Error (was 2 Info)
Fortio 1.19.0 running at -1 queries per second, 2->2 procs, for 1m0s: http://asg-1-lb-1851329700.us-east-1.elb.amazonaws.com:3000/?n=1
Aggregated Function Time : count 2944007 avg 0.0014263453 +/- 0.0004605 min 0.000721593 max 0.209053521 sum 4199.17057
# target 50% 0.00536087
# target 75% 0.0076805
# target 90% 0.00907229
# target 99% 0.00990736
# target 99.9% 0.00999086
Sockets used: 70 (for perfect keepalive, would be 70)
Jitter: false
Code 200 : 2944007 (100.0 %)
All done 2944007 calls (plus 70 warmup) 1.426 ms avg, 49065.5 qps
Successfully wrote 2095 bytes of Json data to 2022-04-02-055805_asg_taewa_3lite_scaling_3_12.json
fortio exit code: 0
[2022-04-02T05:59:05]==============================[STATS]
jh CPU load avg:
1.34 1.15 1.07 1/164 1573
i-06a75eff83bdca4e4
InService
Healthy
{}
i-09ed103e22dc435d8
InService
Healthy
{}
i-0dd0dc8d18b147bd3
InService
Healthy
{}
[2022-04-02T05:59:05]==============================[SCALING RUN 3: CHUNK 13]==============================
05:59:05 I logger.go:127> Log level is now 4 Error (was 2 Info)
Fortio 1.19.0 running at -1 queries per second, 2->2 procs, for 1m0s: http://asg-1-lb-1851329700.us-east-1.elb.amazonaws.com:3000/?n=1
Aggregated Function Time : count 3573397 avg 0.0011750704 +/- 0.0006262 min 0.000677821 max 0.212793104 sum 4198.99301
# target 50% 0.00533974
# target 75% 0.0076707
# target 90% 0.00906927
# target 99% 0.00990842
# target 99.9% 0.00999233
Sockets used: 70 (for perfect keepalive, would be 70)
Jitter: false
Code 200 : 3573397 (100.0 %)
All done 3573397 calls (plus 70 warmup) 1.175 ms avg, 59555.1 qps
Successfully wrote 2218 bytes of Json data to 2022-04-02-055906_asg_taewa_3lite_scaling_3_13.json
fortio exit code: 0
[2022-04-02T06:00:06]==============================[STATS]
jh CPU load avg:
1.44 1.21 1.10 1/165 1596
i-06a75eff83bdca4e4
InService
Healthy
{}
i-09ed103e22dc435d8
InService
Healthy
{}
i-0dd0dc8d18b147bd3
InService
Healthy
{}
[2022-04-02T06:00:06]==============================[SCALING RUN 3: CHUNK 14]==============================
06:00:06 I logger.go:127> Log level is now 4 Error (was 2 Info)
Fortio 1.19.0 running at -1 queries per second, 2->2 procs, for 1m0s: http://asg-1-lb-1851329700.us-east-1.elb.amazonaws.com:3000/?n=1
Aggregated Function Time : count 3615081 avg 0.0011615144 +/- 0.0006404 min 0.000661244 max 0.209227588 sum 4198.96856
# target 50% 0.00533078
# target 75% 0.00766555
# target 90% 0.00906641
# target 99% 0.00990693
# target 99.9% 0.00999098
Sockets used: 70 (for perfect keepalive, would be 70)
Jitter: false
Code 200 : 3615081 (100.0 %)
All done 3615081 calls (plus 70 warmup) 1.162 ms avg, 60247.5 qps
Successfully wrote 2097 bytes of Json data to 2022-04-02-060006_asg_taewa_3lite_scaling_3_14.json
fortio exit code: 0
[2022-04-02T06:01:06]==============================[STATS]
jh CPU load avg:
1.39 1.25 1.12 1/166 1627
i-06a75eff83bdca4e4
InService
Healthy
{}
i-09ed103e22dc435d8
InService
Healthy
{}
i-0dd0dc8d18b147bd3
InService
Healthy
{}
[2022-04-02T06:05:08]==============================[GET DATA]==============================
2022-04-02T04:12:12..2022-04-02T06:05:08
asg-1-myASG
asg-1-lb
36K alb_data.json
24K asg_data.json
[2022-04-02T06:05:08]==============================[UPLOAD /2022.04.02_04-11_asg_taewa_3lite_41cf]==============================
Warning: Permanently added '34.125.40.213' (ECDSA) to the list of known hosts.
