+ git log -3
commit 7945b8227d8ba038fc3077642d3fb2aee6517aa0
Author: Your Name <you@example.com>
Date:   Wed Jun 1 18:50:58 2022 +1200

    consistent naming

commit 803b63352b968694a3ce9314c8a255f7e35dadd6
Author: Your Name <you@example.com>
Date:   Wed Jun 1 01:34:58 2022 +1200

    add CPU decimals

commit 82c9094cf7ee967b6b89cc1bbab7b484cca1a4e9
Author: Your Name <you@example.com>
Date:   Tue May 31 09:41:10 2022 +1200

    more tests, backup old csv
++ cut -d _ -f 2
+ app=taewa
+ export AWS_DEFAULT_REGION=us-east-1
+ AWS_DEFAULT_REGION=us-east-1
+ line===============================
++ date +%FT%T
+ echo '[2022-06-05T02:01:44]==============================[starting' in '/tmp/k8s-vs-ASG/data/cli]=============================='
[2022-06-05T02:01:44]==============================[starting in /tmp/k8s-vs-ASG/data/cli]==============================
+ source 0.setup.sh
++ set -x
++ '[' asg_taewa_3extra == k8s_apache_3 ']'
++ '[' asg_taewa_3extra == asg_apache_3 ']'
++ '[' asg_taewa_3extra == k8s_apache2_3 ']'
++ '[' asg_taewa_3extra == k8s_apache2_3new ']'
++ '[' asg_taewa_3extra == k8s_taewa_3 ']'
++ '[' asg_taewa_3extra == k8s_taewa2_3 ']'
++ '[' asg_taewa_3extra == asg_taewa_3 ']'
++ '[' asg_taewa_3extra == k8s_taewa_3lite ']'
++ '[' asg_taewa_3extra == asg_taewa_3lite ']'
++ '[' asg_taewa_3extra == k8s_taewa_3extra ']'
++ '[' asg_taewa_3extra == asg_taewa_3extra ']'
++ warmup_url='3000/?n=80000'
++ testing_url='3000/?n=80000'
++ cpu_perc=35
++ warmup_min_threads=5
++ warmup_max_threads=10
++ warmup_cycle_sec=90
++ scaling_minutes=14
++ performance_sec=300
++ max_capacity=3
++ fortio_options='-a -qps -1 -r 0.01 -loglevel Error -allow-initial-errors'
++ '[' asg_taewa_3extra == k8s_taewa_6 ']'
++ '[' asg_taewa_3extra == asg_taewa_6 ']'
++ '[' asg_taewa_3extra == k8s_riwai_3 ']'
++ '[' asg_taewa_3extra == asg_riwai_3 ']'
++ '[' asg_taewa_3extra == asg_raupi_3 ']'
++ '[' asg_taewa_3extra == asg_raupi_3_70 ']'
++ '[' asg_taewa_3extra == k8s_raupi_3 ']'
++ '[' asg_taewa_3extra == k8s_raupi2_3 ']'
++ set +x
{
    "Account": "729186614334", 
    "UserId": "AIDA2TRXIXQ7O4WLG4EX7", 
    "Arn": "arn:aws:iam::729186614334:user/ad1"
}
[2022-06-05T02:01:49] waiting for instances ...
scaling to 3
{
    "HealthCheck": {
        "HealthyThreshold": 2, 
        "Interval": 10, 
        "Target": "HTTP:3000/?n=80000", 
        "Timeout": 5, 
        "UnhealthyThreshold": 6
    }
}
  % Total    % Received % Xferd  Average Speed   Time    Time     Time  Current
                                 Dload  Upload   Total   Spent    Left  Speed
  0     0    0     0    0     0      0      0 --:--:-- --:--:-- --:--:--     0100    44    0    44    0     0   3861      0 --:--:-- --:--:-- --:--:--  4000
The result of this run is :  20134.215822004
[2022-06-05T02:06:53]==============================[STATS]
jh CPU load avg:
0.03 0.30 0.21 1/163 2891
i-022525478bcb84d10
InService
Healthy
{}
i-02cdd29ce752ef186
InService
Healthy
{}
i-06958e96ef83a8b8b
InService
Healthy
{}
[2022-06-05T02:06:53]==============================[WARMUP RUN c5]==============================
02:06:53 I logger.go:127> Log level is now 4 Error (was 2 Info)
Fortio 1.19.0 running at -1 queries per second, 2->2 procs, for 1m30s: http://asg-1-lb-1445789978.us-east-1.elb.amazonaws.com:3000/?n=80000
Aggregated Function Time : count 51124 avg 0.0088020642 +/- 0.003468 min 0.002492555 max 0.222644681 sum 449.99673
# target 50% 0.00898766
# target 75% 0.0141235
# target 90% 0.017718
# target 99% 0.0198747
# target 99.9% 0.0321013
Sockets used: 5 (for perfect keepalive, would be 5)
Jitter: false
Code 200 : 51124 (100.0 %)
All done 51124 calls (plus 5 warmup) 8.802 ms avg, 568.0 qps
Successfully wrote 2672 bytes of Json data to 2022-06-05-020654_asg_taewa_3extra_warmup_5.json
fortio exit code: 0
[2022-06-05T02:08:24]==============================[STATS]
jh CPU load avg:
0.00 0.22 0.18 1/163 2909
i-022525478bcb84d10
InService
Healthy
{}
i-02cdd29ce752ef186
InService
Healthy
{}
i-06958e96ef83a8b8b
InService
Healthy
{}
[2022-06-05T02:09:24]==============================[STATS]
jh CPU load avg:
0.00 0.17 0.17 1/163 2919
i-022525478bcb84d10
InService
Healthy
{}
i-02cdd29ce752ef186
InService
Healthy
{}
i-06958e96ef83a8b8b
InService
Healthy
{}
[2022-06-05T02:09:25]==============================[WARMUP RUN c6]==============================
02:09:25 I logger.go:127> Log level is now 4 Error (was 2 Info)
Fortio 1.19.0 running at -1 queries per second, 2->2 procs, for 1m30s: http://asg-1-lb-1445789978.us-east-1.elb.amazonaws.com:3000/?n=80000
Aggregated Function Time : count 135824 avg 0.0039754929 +/- 0.001762 min 0.002363839 max 0.20958841 sum 539.967343
# target 50% 0.00620136
# target 75% 0.00812015
# target 90% 0.00927142
# target 99% 0.00996218
# target 99.9% 0.0187252
Sockets used: 6 (for perfect keepalive, would be 6)
Jitter: false
Code 200 : 135824 (100.0 %)
All done 135824 calls (plus 6 warmup) 3.975 ms avg, 1509.0 qps
Successfully wrote 2442 bytes of Json data to 2022-06-05-020925_asg_taewa_3extra_warmup_6.json
fortio exit code: 0
[2022-06-05T02:10:55]==============================[STATS]
jh CPU load avg:
0.08 0.17 0.17 1/163 2941
i-022525478bcb84d10
InService
Healthy
{}
i-02cdd29ce752ef186
InService
Healthy
{}
i-06958e96ef83a8b8b
InService
Healthy
{}
[2022-06-05T02:11:56]==============================[STATS]
jh CPU load avg:
0.03 0.14 0.16 1/162 2950
i-022525478bcb84d10
InService
Healthy
{}
i-02cdd29ce752ef186
InService
Healthy
{}
i-06958e96ef83a8b8b
InService
Healthy
{}
[2022-06-05T02:11:56]==============================[WARMUP RUN c7]==============================
02:11:57 I logger.go:127> Log level is now 4 Error (was 2 Info)
Fortio 1.19.0 running at -1 queries per second, 2->2 procs, for 1m30s: http://asg-1-lb-1445789978.us-east-1.elb.amazonaws.com:3000/?n=80000
Aggregated Function Time : count 133844 avg 0.0047066481 +/- 0.002542 min 0.00238534 max 0.210444971 sum 629.956607
# target 50% 0.0063357
# target 75% 0.00831091
# target 90% 0.00949604
# target 99% 0.0174005
# target 99.9% 0.0199413
Sockets used: 7 (for perfect keepalive, would be 7)
Jitter: false
Code 200 : 133844 (100.0 %)
All done 133844 calls (plus 7 warmup) 4.707 ms avg, 1487.1 qps
Successfully wrote 2439 bytes of Json data to 2022-06-05-021157_asg_taewa_3extra_warmup_7.json
fortio exit code: 0
[2022-06-05T02:13:27]==============================[STATS]
jh CPU load avg:
0.02 0.11 0.15 1/163 2969
i-022525478bcb84d10
InService
Healthy
{}
i-02cdd29ce752ef186
InService
Healthy
{}
i-06958e96ef83a8b8b
InService
Healthy
{}
[2022-06-05T02:14:27]==============================[STATS]
jh CPU load avg:
0.01 0.09 0.14 1/163 2979
i-022525478bcb84d10
InService
Healthy
{}
i-02cdd29ce752ef186
InService
Healthy
{}
i-06958e96ef83a8b8b
InService
Healthy
{}
[2022-06-05T02:14:28]==============================[WARMUP RUN c8]==============================
02:14:28 I logger.go:127> Log level is now 4 Error (was 2 Info)
Fortio 1.19.0 running at -1 queries per second, 2->2 procs, for 1m30s: http://asg-1-lb-1445789978.us-east-1.elb.amazonaws.com:3000/?n=80000
Aggregated Function Time : count 152759 avg 0.0047129557 +/- 0.002281 min 0.002419331 max 0.045143674 sum 719.946406
# target 50% 0.00661818
# target 75% 0.00871763
# target 90% 0.0099773
# target 99% 0.0190074
# target 99.9% 0.019936
Sockets used: 8 (for perfect keepalive, would be 8)
Jitter: false
Code 200 : 152759 (100.0 %)
All done 152759 calls (plus 8 warmup) 4.713 ms avg, 1697.2 qps
Successfully wrote 2329 bytes of Json data to 2022-06-05-021428_asg_taewa_3extra_warmup_8.json
fortio exit code: 0
[2022-06-05T02:15:58]==============================[STATS]
jh CPU load avg:
0.05 0.08 0.12 1/164 2999
i-022525478bcb84d10
InService
Healthy
{}
i-02cdd29ce752ef186
InService
Healthy
{}
i-06958e96ef83a8b8b
InService
Healthy
{}
[2022-06-05T02:16:59]==============================[STATS]
jh CPU load avg:
0.02 0.06 0.11 1/164 3008
i-022525478bcb84d10
InService
Healthy
{}
i-02cdd29ce752ef186
InService
Healthy
{}
i-06958e96ef83a8b8b
InService
Healthy
{}
[2022-06-05T02:17:00]==============================[WARMUP RUN c9]==============================
02:17:00 I logger.go:127> Log level is now 4 Error (was 2 Info)
Fortio 1.19.0 running at -1 queries per second, 2->2 procs, for 1m30s: http://asg-1-lb-1445789978.us-east-1.elb.amazonaws.com:3000/?n=80000
Aggregated Function Time : count 151782 avg 0.005336303 +/- 0.002436 min 0.002460206 max 0.057265879 sum 809.95475
# target 50% 0.00666755
# target 75% 0.00877125
# target 90% 0.0103861
# target 99% 0.0191221
# target 99.9% 0.0199957
Sockets used: 9 (for perfect keepalive, would be 9)
Jitter: false
Code 200 : 151782 (100.0 %)
All done 151782 calls (plus 9 warmup) 5.336 ms avg, 1686.4 qps
Successfully wrote 2447 bytes of Json data to 2022-06-05-021700_asg_taewa_3extra_warmup_9.json
fortio exit code: 0
[2022-06-05T02:18:30]==============================[STATS]
jh CPU load avg:
0.15 0.08 0.11 1/165 3028
i-022525478bcb84d10
InService
Healthy
{}
i-02cdd29ce752ef186
InService
Healthy
{}
i-06958e96ef83a8b8b
InService
Healthy
{}
[2022-06-05T02:19:30]==============================[STATS]
jh CPU load avg:
0.08 0.07 0.10 1/165 3038
i-022525478bcb84d10
InService
Healthy
{}
i-02cdd29ce752ef186
InService
Healthy
{}
i-06958e96ef83a8b8b
InService
Healthy
{}
[2022-06-05T02:19:31]==============================[WARMUP RUN c10]==============================
02:19:31 I logger.go:127> Log level is now 4 Error (was 2 Info)
Fortio 1.19.0 running at -1 queries per second, 2->2 procs, for 1m30s: http://asg-1-lb-1445789978.us-east-1.elb.amazonaws.com:3000/?n=80000
Aggregated Function Time : count 153376 avg 0.0058677826 +/- 0.00302 min 0.002410386 max 0.049082271 sum 899.977029
# target 50% 0.00660649
# target 75% 0.00870457
# target 90% 0.00996342
# target 99% 0.0190794
# target 99.9% 0.0226716
Sockets used: 10 (for perfect keepalive, would be 10)
Jitter: false
Code 200 : 153376 (100.0 %)
All done 153376 calls (plus 10 warmup) 5.868 ms avg, 1704.0 qps
Successfully wrote 2333 bytes of Json data to 2022-06-05-021931_asg_taewa_3extra_warmup_10.json
fortio exit code: 0
[2022-06-05T02:21:01]==============================[STATS]
jh CPU load avg:
0.02 0.05 0.09 1/166 3062
i-022525478bcb84d10
InService
Healthy
{}
i-02cdd29ce752ef186
InService
Healthy
{}
i-06958e96ef83a8b8b
InService
Healthy
{}
{
    "LoadBalancerDescriptions": [
        {
            "Subnets": [
                "subnet-09588829295fb499a", 
                "subnet-0e24b62f2556a1b7a"
            ], 
            "CanonicalHostedZoneNameID": "Z35SXDOTRQ7X7K", 
            "CanonicalHostedZoneName": "asg-1-lb-1445789978.us-east-1.elb.amazonaws.com", 
            "ListenerDescriptions": [
                {
                    "Listener": {
                        "InstancePort": 3000, 
                        "LoadBalancerPort": 3000, 
                        "Protocol": "TCP", 
                        "InstanceProtocol": "TCP"
                    }, 
                    "PolicyNames": []
                }, 
                {
                    "Listener": {
                        "InstancePort": 80, 
                        "LoadBalancerPort": 80, 
                        "Protocol": "TCP", 
                        "InstanceProtocol": "TCP"
                    }, 
                    "PolicyNames": []
                }
            ], 
            "HealthCheck": {
                "HealthyThreshold": 2, 
                "Interval": 10, 
                "Target": "HTTP:3000/?n=80000", 
                "Timeout": 5, 
                "UnhealthyThreshold": 6
            }, 
            "VPCId": "vpc-022705406a11e75ed", 
            "BackendServerDescriptions": [], 
            "Instances": [
                {
                    "InstanceId": "i-022525478bcb84d10"
                }, 
                {
                    "InstanceId": "i-06958e96ef83a8b8b"
                }, 
                {
                    "InstanceId": "i-02cdd29ce752ef186"
                }
            ], 
            "DNSName": "asg-1-lb-1445789978.us-east-1.elb.amazonaws.com", 
            "SecurityGroups": [
                "sg-08b0b750d05d3a206"
            ], 
            "Policies": {
                "LBCookieStickinessPolicies": [], 
                "AppCookieStickinessPolicies": [], 
                "OtherPolicies": []
            }, 
            "LoadBalancerName": "asg-1-lb", 
            "CreatedTime": "2022-06-05T01:57:11.670Z", 
            "AvailabilityZones": [
                "us-east-1b", 
                "us-east-1a"
            ], 
            "Scheme": "internet-facing", 
            "SourceSecurityGroup": {
                "OwnerAlias": "729186614334", 
                "GroupName": "asg-1-ALBSecurityGroup-PK1S5V872MLX"
            }
        }
    ]
}
{
    "AutoScalingGroups": [
        {
            "AutoScalingGroupARN": "arn:aws:autoscaling:us-east-1:729186614334:autoScalingGroup:f27fd0c7-0d2c-409f-9d89-f44e917120f5:autoScalingGroupName/asg-1-myASG", 
            "ServiceLinkedRoleARN": "arn:aws:iam::729186614334:role/aws-service-role/autoscaling.amazonaws.com/AWSServiceRoleForAutoScaling", 
            "TargetGroupARNs": [], 
            "SuspendedProcesses": [], 
            "LaunchTemplate": {
                "LaunchTemplateName": "asg-1-launch-template", 
                "Version": "1", 
                "LaunchTemplateId": "lt-0e3c03f5f21a55728"
            }, 
            "Tags": [
                {
                    "ResourceType": "auto-scaling-group", 
                    "ResourceId": "asg-1-myASG", 
                    "PropagateAtLaunch": true, 
                    "Value": "asg-1-instance", 
                    "Key": "Name"
                }, 
                {
                    "ResourceType": "auto-scaling-group", 
                    "ResourceId": "asg-1-myASG", 
                    "PropagateAtLaunch": false, 
                    "Value": "WebServerGroup", 
                    "Key": "Purpose"
                }, 
                {
                    "ResourceType": "auto-scaling-group", 
                    "ResourceId": "asg-1-myASG", 
                    "PropagateAtLaunch": true, 
                    "Value": "myASG", 
                    "Key": "aws:cloudformation:logical-id"
                }, 
                {
                    "ResourceType": "auto-scaling-group", 
                    "ResourceId": "asg-1-myASG", 
                    "PropagateAtLaunch": true, 
                    "Value": "arn:aws:cloudformation:us-east-1:729186614334:stack/asg-1/c66b7ae0-e472-11ec-bf5f-0ebf32735591", 
                    "Key": "aws:cloudformation:stack-id"
                }, 
                {
                    "ResourceType": "auto-scaling-group", 
                    "ResourceId": "asg-1-myASG", 
                    "PropagateAtLaunch": true, 
                    "Value": "asg-1", 
                    "Key": "aws:cloudformation:stack-name"
                }
            ], 
            "EnabledMetrics": [
                {
                    "Metric": "WarmPoolDesiredCapacity", 
                    "Granularity": "1Minute"
                }, 
                {
                    "Metric": "GroupMaxSize", 
                    "Granularity": "1Minute"
                }, 
                {
                    "Metric": "WarmPoolTotalCapacity", 
                    "Granularity": "1Minute"
                }, 
                {
                    "Metric": "WarmPoolWarmedCapacity", 
                    "Granularity": "1Minute"
                }, 
                {
                    "Metric": "GroupAndWarmPoolDesiredCapacity", 
                    "Granularity": "1Minute"
                }, 
                {
                    "Metric": "GroupTerminatingCapacity", 
                    "Granularity": "1Minute"
                }, 
                {
                    "Metric": "GroupAndWarmPoolTotalCapacity", 
                    "Granularity": "1Minute"
                }, 
                {
                    "Metric": "GroupMinSize", 
                    "Granularity": "1Minute"
                }, 
                {
                    "Metric": "GroupDesiredCapacity", 
                    "Granularity": "1Minute"
                }, 
                {
                    "Metric": "GroupTerminatingInstances", 
                    "Granularity": "1Minute"
                }, 
                {
                    "Metric": "WarmPoolTerminatingCapacity", 
                    "Granularity": "1Minute"
                }, 
                {
                    "Metric": "GroupStandbyInstances", 
                    "Granularity": "1Minute"
                }, 
                {
                    "Metric": "GroupInServiceInstances", 
                    "Granularity": "1Minute"
                }, 
                {
                    "Metric": "GroupTotalCapacity", 
                    "Granularity": "1Minute"
                }, 
                {
                    "Metric": "GroupTotalInstances", 
                    "Granularity": "1Minute"
                }, 
                {
                    "Metric": "GroupInServiceCapacity", 
                    "Granularity": "1Minute"
                }, 
                {
                    "Metric": "WarmPoolPendingCapacity", 
                    "Granularity": "1Minute"
                }, 
                {
                    "Metric": "GroupPendingInstances", 
                    "Granularity": "1Minute"
                }, 
                {
                    "Metric": "GroupPendingCapacity", 
                    "Granularity": "1Minute"
                }, 
                {
                    "Metric": "GroupStandbyCapacity", 
                    "Granularity": "1Minute"
                }, 
                {
                    "Metric": "WarmPoolMinSize", 
                    "Granularity": "1Minute"
                }
            ], 
            "TerminationPolicies": [
                "Default"
            ], 
            "AutoScalingGroupName": "asg-1-myASG", 
            "DefaultCooldown": 300, 
            "MinSize": 1, 
            "Instances": [
                {
                    "ProtectedFromScaleIn": false, 
                    "AvailabilityZone": "us-east-1b", 
                    "LaunchTemplate": {
                        "LaunchTemplateName": "asg-1-launch-template", 
                        "Version": "1", 
                        "LaunchTemplateId": "lt-0e3c03f5f21a55728"
                    }, 
                    "InstanceId": "i-022525478bcb84d10", 
                    "HealthStatus": "Healthy", 
                    "LifecycleState": "InService", 
                    "InstanceType": "t3.medium"
                }, 
                {
                    "ProtectedFromScaleIn": false, 
                    "AvailabilityZone": "us-east-1b", 
                    "LaunchTemplate": {
                        "LaunchTemplateName": "asg-1-launch-template", 
                        "Version": "1", 
                        "LaunchTemplateId": "lt-0e3c03f5f21a55728"
                    }, 
                    "InstanceId": "i-02cdd29ce752ef186", 
                    "HealthStatus": "Healthy", 
                    "LifecycleState": "InService", 
                    "InstanceType": "t3.medium"
                }, 
                {
                    "ProtectedFromScaleIn": false, 
                    "AvailabilityZone": "us-east-1a", 
                    "LaunchTemplate": {
                        "LaunchTemplateName": "asg-1-launch-template", 
                        "Version": "1", 
                        "LaunchTemplateId": "lt-0e3c03f5f21a55728"
                    }, 
                    "InstanceId": "i-06958e96ef83a8b8b", 
                    "HealthStatus": "Healthy", 
                    "LifecycleState": "InService", 
                    "InstanceType": "t3.medium"
                }
            ], 
            "MaxSize": 3, 
            "VPCZoneIdentifier": "subnet-09588829295fb499a,subnet-0e24b62f2556a1b7a", 
            "HealthCheckGracePeriod": 300, 
            "LoadBalancerNames": [
                "asg-1-lb"
            ], 
            "CreatedTime": "2022-06-05T01:59:36.781Z", 
            "AvailabilityZones": [
                "us-east-1a", 
                "us-east-1b"
            ], 
            "HealthCheckType": "EC2", 
            "NewInstancesProtectedFromScaleIn": false, 
            "DesiredCapacity": 3
        }
    ]
}
[2022-06-05T02:22:04]==============================[PERFORMANCE CHUNK RUN 11]==============================
[2022-06-05T02:23:04]==============================[STATS]
jh CPU load avg:
0.00 0.03 0.07 1/166 3087
i-022525478bcb84d10
InService
Healthy
{}
i-02cdd29ce752ef186
InService
Healthy
{}
i-06958e96ef83a8b8b
InService
Healthy
{}
02:23:05 I logger.go:127> Log level is now 4 Error (was 2 Info)
Fortio 1.19.0 running at -1 queries per second, 2->2 procs, for 1m0s: http://asg-1-lb-1445789978.us-east-1.elb.amazonaws.com:3000/?n=80000
Aggregated Function Time : count 102650 avg 0.0058450078 +/- 0.002937 min 0.002385443 max 0.031762674 sum 599.99005
# target 50% 0.00659399
# target 75% 0.0086983
# target 90% 0.00996089
# target 99% 0.019026
# target 99.9% 0.0199777
Sockets used: 10 (for perfect keepalive, would be 10)
Jitter: false
Code 200 : 102650 (100.0 %)
All done 102650 calls (plus 10 warmup) 5.845 ms avg, 1710.6 qps
Successfully wrote 2222 bytes of Json data to 2022-06-05-022305_asg_taewa_3extra_performance_chunk_11_1.json
fortio exit code: 0
[2022-06-05T02:24:05]==============================[STATS]
jh CPU load avg:
0.03 0.03 0.07 1/166 3102
i-022525478bcb84d10
InService
Healthy
{}
i-02cdd29ce752ef186
InService
Healthy
{}
i-06958e96ef83a8b8b
InService
Healthy
{}
02:24:06 I logger.go:127> Log level is now 4 Error (was 2 Info)
Fortio 1.19.0 running at -1 queries per second, 2->2 procs, for 1m0s: http://asg-1-lb-1445789978.us-east-1.elb.amazonaws.com:3000/?n=80000
Aggregated Function Time : count 103333 avg 0.0058063333 +/- 0.003047 min 0.002390459 max 0.064276417 sum 599.985839
# target 50% 0.00659811
# target 75% 0.00870198
# target 90% 0.0099643
# target 99% 0.0190777
# target 99.9% 0.0230585
Sockets used: 10 (for perfect keepalive, would be 10)
Jitter: false
Code 200 : 103333 (100.0 %)
All done 103333 calls (plus 10 warmup) 5.806 ms avg, 1722.0 qps
Successfully wrote 2577 bytes of Json data to 2022-06-05-022406_asg_taewa_3extra_performance_chunk_11_2.json
fortio exit code: 0
[2022-06-05T02:25:06]==============================[STATS]
jh CPU load avg:
0.14 0.06 0.08 1/167 3120
i-022525478bcb84d10
InService
Healthy
{}
i-02cdd29ce752ef186
InService
Healthy
{}
i-06958e96ef83a8b8b
InService
Healthy
{}
02:25:07 I logger.go:127> Log level is now 4 Error (was 2 Info)
Fortio 1.19.0 running at -1 queries per second, 2->2 procs, for 1m0s: http://asg-1-lb-1445789978.us-east-1.elb.amazonaws.com:3000/?n=80000
Aggregated Function Time : count 103559 avg 0.005793666 +/- 0.002951 min 0.002435719 max 0.048836026 sum 599.986256
# target 50% 0.00660794
# target 75% 0.00869409
# target 90% 0.00994578
# target 99% 0.0190171
# target 99.9% 0.019989
Sockets used: 10 (for perfect keepalive, would be 10)
Jitter: false
Code 200 : 103559 (100.0 %)
All done 103559 calls (plus 10 warmup) 5.794 ms avg, 1725.7 qps
Successfully wrote 2338 bytes of Json data to 2022-06-05-022507_asg_taewa_3extra_performance_chunk_11_3.json
fortio exit code: 0
[2022-06-05T02:26:07]==============================[STATS]
jh CPU load avg:
0.05 0.05 0.07 1/164 3137
i-022525478bcb84d10
InService
Healthy
{}
i-02cdd29ce752ef186
InService
Healthy
{}
i-06958e96ef83a8b8b
InService
Healthy
{}
02:26:08 I logger.go:127> Log level is now 4 Error (was 2 Info)
Fortio 1.19.0 running at -1 queries per second, 2->2 procs, for 1m0s: http://asg-1-lb-1445789978.us-east-1.elb.amazonaws.com:3000/?n=80000
Aggregated Function Time : count 103902 avg 0.0057744961 +/- 0.002963 min 0.002483342 max 0.036359488 sum 599.981693
# target 50% 0.00662832
# target 75% 0.00870085
# target 90% 0.00994437
# target 99% 0.0189996
# target 99.9% 0.019972
Sockets used: 10 (for perfect keepalive, would be 10)
Jitter: false
Code 200 : 103902 (100.0 %)
All done 103902 calls (plus 10 warmup) 5.774 ms avg, 1731.5 qps
Successfully wrote 2223 bytes of Json data to 2022-06-05-022608_asg_taewa_3extra_performance_chunk_11_4.json
fortio exit code: 0
[2022-06-05T02:27:08]==============================[STATS]
jh CPU load avg:
0.06 0.05 0.07 1/164 3203
i-022525478bcb84d10
InService
Healthy
{}
i-02cdd29ce752ef186
InService
Healthy
{}
i-06958e96ef83a8b8b
InService
Healthy
{}
02:27:08 I logger.go:127> Log level is now 4 Error (was 2 Info)
Fortio 1.19.0 running at -1 queries per second, 2->2 procs, for 1m0s: http://asg-1-lb-1445789978.us-east-1.elb.amazonaws.com:3000/?n=80000
Aggregated Function Time : count 103831 avg 0.0057784806 +/- 0.002928 min 0.002417083 max 0.036223291 sum 599.98542
# target 50% 0.00659992
# target 75% 0.00869138
# target 90% 0.00994625
# target 99% 0.0189906
# target 99.9% 0.0199587
Sockets used: 10 (for perfect keepalive, would be 10)
Jitter: false
Code 200 : 103831 (100.0 %)
All done 103831 calls (plus 10 warmup) 5.778 ms avg, 1730.3 qps
Successfully wrote 2221 bytes of Json data to 2022-06-05-022708_asg_taewa_3extra_performance_chunk_11_5.json
fortio exit code: 0
[2022-06-05T02:29:08]==============================[STATS]
jh CPU load avg:
0.08 0.08 0.08 1/164 3222
i-022525478bcb84d10
InService
Healthy
{}
i-02cdd29ce752ef186
InService
Healthy
{}
i-06958e96ef83a8b8b
InService
Healthy
{}
[2022-06-05T02:29:09]==============================[PERFORMANCE RUN 1]==============================
02:29:09 I logger.go:127> Log level is now 4 Error (was 2 Info)
Fortio 1.19.0 running at -1 queries per second, 2->2 procs, for 5m0s: http://asg-1-lb-1445789978.us-east-1.elb.amazonaws.com:3000/?n=80000
Aggregated Function Time : count 514005 avg 0.0058361327 +/- 0.002957 min 0.002435973 max 0.047708201 sum 2999.80138
# target 50% 0.00661106
# target 75% 0.00869861
# target 90% 0.00995114
# target 99% 0.0190097
# target 99.9% 0.0199733
Sockets used: 10 (for perfect keepalive, would be 10)
Jitter: false
Code 200 : 514005 (100.0 %)
All done 514005 calls (plus 10 warmup) 5.836 ms avg, 1713.3 qps
Successfully wrote 2337 bytes of Json data to 2022-06-05-022909_asg_taewa_3extra_performance_1.json
fortio exit code: 0
[2022-06-05T02:34:09]==============================[STATS]
jh CPU load avg:
0.03 0.10 0.09 1/166 3252
i-022525478bcb84d10
InService
Healthy
{}
i-02cdd29ce752ef186
InService
Healthy
{}
i-06958e96ef83a8b8b
InService
Healthy
{}
[2022-06-05T02:35:10]==============================[STATS]
jh CPU load avg:
0.05 0.10 0.09 1/164 3262
i-022525478bcb84d10
InService
Healthy
{}
i-02cdd29ce752ef186
InService
Healthy
{}
i-06958e96ef83a8b8b
InService
Healthy
{}
[2022-06-05T02:35:10]==============================[PERFORMANCE RUN 2]==============================
02:35:10 I logger.go:127> Log level is now 4 Error (was 2 Info)
Fortio 1.19.0 running at -1 queries per second, 2->2 procs, for 5m0s: http://asg-1-lb-1445789978.us-east-1.elb.amazonaws.com:3000/?n=80000
Aggregated Function Time : count 513822 avg 0.005838181 +/- 0.002993 min 0.002425822 max 0.215887114 sum 2999.78586
# target 50% 0.00660876
# target 75% 0.00870024
# target 90% 0.00995512
# target 99% 0.0190162
# target 99.9% 0.019975
Sockets used: 10 (for perfect keepalive, would be 10)
Jitter: false
Code 200 : 513822 (100.0 %)
All done 513822 calls (plus 10 warmup) 5.838 ms avg, 1712.7 qps
Successfully wrote 2807 bytes of Json data to 2022-06-05-023511_asg_taewa_3extra_performance_2.json
fortio exit code: 0
[2022-06-05T02:40:11]==============================[STATS]
jh CPU load avg:
0.15 0.12 0.09 1/165 3291
i-022525478bcb84d10
InService
Healthy
{}
i-02cdd29ce752ef186
InService
Healthy
{}
i-06958e96ef83a8b8b
InService
Healthy
{}
[2022-06-05T02:41:12]==============================[STATS]
jh CPU load avg:
0.08 0.11 0.09 1/165 3300
i-022525478bcb84d10
InService
Healthy
{}
i-02cdd29ce752ef186
InService
Healthy
{}
i-06958e96ef83a8b8b
InService
Healthy
{}
[2022-06-05T02:41:12]==============================[PERFORMANCE RUN 3]==============================
02:41:12 I logger.go:127> Log level is now 4 Error (was 2 Info)
Fortio 1.19.0 running at -1 queries per second, 2->2 procs, for 5m0s: http://asg-1-lb-1445789978.us-east-1.elb.amazonaws.com:3000/?n=80000
Aggregated Function Time : count 515592 avg 0.0058181934 +/- 0.002914 min 0.002427426 max 0.053640332 sum 2999.81396
# target 50% 0.00660417
# target 75% 0.00869255
# target 90% 0.00994557
# target 99% 0.0189782
# target 99.9% 0.0199461
Sockets used: 10 (for perfect keepalive, would be 10)
Jitter: false
Code 200 : 515592 (100.0 %)
All done 515592 calls (plus 10 warmup) 5.818 ms avg, 1718.6 qps
Successfully wrote 2457 bytes of Json data to 2022-06-05-024112_asg_taewa_3extra_performance_3.json
fortio exit code: 0
[2022-06-05T02:46:12]==============================[STATS]
jh CPU load avg:
0.03 0.08 0.08 1/164 3325
i-022525478bcb84d10
InService
Healthy
{}
i-02cdd29ce752ef186
InService
Healthy
{}
i-06958e96ef83a8b8b
InService
Healthy
{}
scaling to 0
{
    "Alarms": [
        {
            "AlarmName": "TargetTracking-asg-1-myASG-AlarmHigh-e2c10b31-46ae-43c2-a3f7-82a6db83230a", 
            "AlarmARN": "arn:aws:cloudwatch:us-east-1:729186614334:alarm:TargetTracking-asg-1-myASG-AlarmHigh-e2c10b31-46ae-43c2-a3f7-82a6db83230a"
        }, 
        {
            "AlarmName": "TargetTracking-asg-1-myASG-AlarmLow-a804feba-4cf1-4b79-b684-c3d599a81792", 
            "AlarmARN": "arn:aws:cloudwatch:us-east-1:729186614334:alarm:TargetTracking-asg-1-myASG-AlarmLow-a804feba-4cf1-4b79-b684-c3d599a81792"
        }
    ], 
    "PolicyARN": "arn:aws:autoscaling:us-east-1:729186614334:scalingPolicy:8384c805-0e6d-4947-b250-38e65f70e497:autoScalingGroupName/asg-1-myASG:policyName/asg-1-AppServerSP-1NNE6FJDQJ4XJ"
}
[2022-06-05T02:46:45]==============================[SCALING RUN 1: INIT]==============================
{
    "Alarms": [
        {
            "AlarmName": "TargetTracking-asg-1-myASG-AlarmHigh-e2c10b31-46ae-43c2-a3f7-82a6db83230a", 
            "AlarmARN": "arn:aws:cloudwatch:us-east-1:729186614334:alarm:TargetTracking-asg-1-myASG-AlarmHigh-e2c10b31-46ae-43c2-a3f7-82a6db83230a"
        }, 
        {
            "AlarmName": "TargetTracking-asg-1-myASG-AlarmLow-a804feba-4cf1-4b79-b684-c3d599a81792", 
            "AlarmARN": "arn:aws:cloudwatch:us-east-1:729186614334:alarm:TargetTracking-asg-1-myASG-AlarmLow-a804feba-4cf1-4b79-b684-c3d599a81792"
        }
    ], 
    "PolicyARN": "arn:aws:autoscaling:us-east-1:729186614334:scalingPolicy:8384c805-0e6d-4947-b250-38e65f70e497:autoScalingGroupName/asg-1-myASG:policyName/asg-1-AppServerSP-1NNE6FJDQJ4XJ"
}
scaling to 1
[2022-06-05T02:46:46]==============================[SCALING RUN 1: ENABLE SCALING - SLEEP]==============================
{
    "Alarms": [
        {
            "AlarmName": "TargetTracking-asg-1-myASG-AlarmHigh-df00dc23-ead0-413c-b937-04b47e1a471a", 
            "AlarmARN": "arn:aws:cloudwatch:us-east-1:729186614334:alarm:TargetTracking-asg-1-myASG-AlarmHigh-df00dc23-ead0-413c-b937-04b47e1a471a"
        }, 
        {
            "AlarmName": "TargetTracking-asg-1-myASG-AlarmLow-00cd622a-90e3-4f9c-b311-4d49ac0a1826", 
            "AlarmARN": "arn:aws:cloudwatch:us-east-1:729186614334:alarm:TargetTracking-asg-1-myASG-AlarmLow-00cd622a-90e3-4f9c-b311-4d49ac0a1826"
        }
    ], 
    "PolicyARN": "arn:aws:autoscaling:us-east-1:729186614334:scalingPolicy:8384c805-0e6d-4947-b250-38e65f70e497:autoScalingGroupName/asg-1-myASG:policyName/asg-1-AppServerSP-1NNE6FJDQJ4XJ"
}
[2022-06-05T02:49:47]==============================[SCALING RUN 1: FORTIO]==============================
[2022-06-05T02:49:47]==============================[STATS]
jh CPU load avg:
0.15 0.18 0.13 1/164 358
i-08ffe0fe3087b3eff
InService
Healthy
{}
[2022-06-05T02:49:48]==============================[SCALING RUN 1: CHUNK 1]==============================
02:49:48 I logger.go:127> Log level is now 4 Error (was 2 Info)
Fortio 1.19.0 running at -1 queries per second, 2->2 procs, for 1m0s: http://asg-1-lb-1445789978.us-east-1.elb.amazonaws.com:3000/?n=80000
Aggregated Function Time : count 32254 avg 0.01860464 +/- 0.00556 min 0.003809065 max 0.078828253 sum 600.074045
# target 50% 0.0158466
# target 75% 0.0187782
# target 90% 0.0310994
# target 99% 0.0392489
# target 99.9% 0.044642
Sockets used: 10 (for perfect keepalive, would be 10)
Jitter: false
Code 200 : 32254 (100.0 %)
All done 32254 calls (plus 10 warmup) 18.605 ms avg, 537.4 qps
Successfully wrote 2674 bytes of Json data to 2022-06-05-024948_asg_taewa_3extra_scaling_1_1.json
fortio exit code: 0
[2022-06-05T02:50:48]==============================[STATS]
jh CPU load avg:
0.06 0.15 0.12 1/166 434
i-08ffe0fe3087b3eff
InService
Healthy
{}
[2022-06-05T02:50:49]==============================[SCALING RUN 1: CHUNK 2]==============================
02:50:49 I logger.go:127> Log level is now 4 Error (was 2 Info)
Fortio 1.19.0 running at -1 queries per second, 2->2 procs, for 1m0s: http://asg-1-lb-1445789978.us-east-1.elb.amazonaws.com:3000/?n=80000
Aggregated Function Time : count 32634 avg 0.018388062 +/- 0.00554 min 0.004147786 max 0.243363351 sum 600.076011
# target 50% 0.0157711
# target 75% 0.0186663
# target 90% 0.030978
# target 99% 0.0391479
# target 99.9% 0.0399649
Sockets used: 10 (for perfect keepalive, would be 10)
Jitter: false
Code 200 : 32634 (100.0 %)
All done 32634 calls (plus 10 warmup) 18.388 ms avg, 543.7 qps
Successfully wrote 2438 bytes of Json data to 2022-06-05-025049_asg_taewa_3extra_scaling_1_2.json
fortio exit code: 0
[2022-06-05T02:51:49]==============================[STATS]
jh CPU load avg:
0.10 0.13 0.11 1/166 460
i-08ffe0fe3087b3eff
InService
Healthy
{}
[2022-06-05T02:51:50]==============================[SCALING RUN 1: CHUNK 3]==============================
02:51:50 I logger.go:127> Log level is now 4 Error (was 2 Info)
Fortio 1.19.0 running at -1 queries per second, 2->2 procs, for 1m0s: http://asg-1-lb-1445789978.us-east-1.elb.amazonaws.com:3000/?n=80000
Aggregated Function Time : count 32583 avg 0.018417311 +/- 0.005461 min 0.00299074 max 0.058206536 sum 600.091258
# target 50% 0.0158305
# target 75% 0.0187515
# target 90% 0.0309049
# target 99% 0.039231
# target 99.9% 0.0442296
Sockets used: 10 (for perfect keepalive, would be 10)
Jitter: false
Code 200 : 32583 (100.0 %)
All done 32583 calls (plus 10 warmup) 18.417 ms avg, 542.9 qps
Successfully wrote 2439 bytes of Json data to 2022-06-05-025150_asg_taewa_3extra_scaling_1_3.json
fortio exit code: 0
[2022-06-05T02:52:50]==============================[STATS]
jh CPU load avg:
0.03 0.11 0.10 1/166 479
i-08ffe0fe3087b3eff
InService
Healthy
{}
[2022-06-05T02:52:50]==============================[SCALING RUN 1: CHUNK 4]==============================
02:52:50 I logger.go:127> Log level is now 4 Error (was 2 Info)
Fortio 1.19.0 running at -1 queries per second, 2->2 procs, for 1m0s: http://asg-1-lb-1445789978.us-east-1.elb.amazonaws.com:3000/?n=80000
Aggregated Function Time : count 32692 avg 0.018355365 +/- 0.005381 min 0.003363337 max 0.044845837 sum 600.073606
# target 50% 0.0157622
# target 75% 0.0186516
# target 90% 0.0309258
# target 99% 0.0391353
# target 99.9% 0.0399562
Sockets used: 10 (for perfect keepalive, would be 10)
Jitter: false
Code 200 : 32692 (100.0 %)
All done 32692 calls (plus 10 warmup) 18.355 ms avg, 544.7 qps
Successfully wrote 2318 bytes of Json data to 2022-06-05-025250_asg_taewa_3extra_scaling_1_4.json
fortio exit code: 0
[2022-06-05T02:53:50]==============================[STATS]
jh CPU load avg:
0.08 0.10 0.09 1/166 500
i-08ffe0fe3087b3eff
InService
Healthy
{}
[2022-06-05T02:53:51]==============================[SCALING RUN 1: CHUNK 5]==============================
02:53:51 I logger.go:127> Log level is now 4 Error (was 2 Info)
Fortio 1.19.0 running at -1 queries per second, 2->2 procs, for 1m0s: http://asg-1-lb-1445789978.us-east-1.elb.amazonaws.com:3000/?n=80000
Aggregated Function Time : count 32652 avg 0.018377744 +/- 0.00541 min 0.003021982 max 0.054034162 sum 600.070086
# target 50% 0.015767
# target 75% 0.018658
# target 90% 0.0311087
# target 99% 0.0391776
# target 99.9% 0.0399845
Sockets used: 10 (for perfect keepalive, would be 10)
Jitter: false
Code 200 : 32652 (100.0 %)
All done 32652 calls (plus 10 warmup) 18.378 ms avg, 544.0 qps
Successfully wrote 2438 bytes of Json data to 2022-06-05-025351_asg_taewa_3extra_scaling_1_5.json
fortio exit code: 0
[2022-06-05T02:54:51]==============================[STATS]
jh CPU load avg:
0.03 0.08 0.09 1/166 517
i-01cda8cccc9fc6982
Pending
Healthy
{}
i-08ffe0fe3087b3eff
InService
Healthy
{}
[2022-06-05T02:54:52]==============================[SCALING RUN 1: CHUNK 6]==============================
02:54:52 I logger.go:127> Log level is now 4 Error (was 2 Info)
Fortio 1.19.0 running at -1 queries per second, 2->2 procs, for 1m0s: http://asg-1-lb-1445789978.us-east-1.elb.amazonaws.com:3000/?n=80000
Aggregated Function Time : count 32660 avg 0.018373404 +/- 0.006002 min 0.002872387 max 0.065697285 sum 600.075366
# target 50% 0.0162066
# target 75% 0.0193214
# target 90% 0.0297196
# target 99% 0.0390171
# target 99.9% 0.0399473
Sockets used: 15 (for perfect keepalive, would be 10)
Jitter: false
Code 200 : 32660 (100.0 %)
All done 32660 calls (plus 10 warmup) 18.373 ms avg, 544.2 qps
Successfully wrote 2553 bytes of Json data to 2022-06-05-025452_asg_taewa_3extra_scaling_1_6.json
fortio exit code: 0
[2022-06-05T02:55:52]==============================[STATS]
jh CPU load avg:
0.04 0.08 0.09 1/164 535
i-01cda8cccc9fc6982
InService
Healthy
{}
i-08ffe0fe3087b3eff
InService
Healthy
{}
[2022-06-05T02:55:52]==============================[SCALING RUN 1: CHUNK 7]==============================
02:55:52 I logger.go:127> Log level is now 4 Error (was 2 Info)
Fortio 1.19.0 running at -1 queries per second, 2->2 procs, for 1m0s: http://asg-1-lb-1445789978.us-east-1.elb.amazonaws.com:3000/?n=80000
Aggregated Function Time : count 68432 avg 0.0087680308 +/- 0.00316 min 0.002445725 max 0.032534473 sum 600.013886
# target 50% 0.00759503
# target 75% 0.0106216
# target 90% 0.0162777
# target 99% 0.0196714
# target 99.9% 0.0223576
Sockets used: 10 (for perfect keepalive, would be 10)
Jitter: false
Code 200 : 68432 (100.0 %)
All done 68432 calls (plus 10 warmup) 8.768 ms avg, 1140.4 qps
Successfully wrote 2205 bytes of Json data to 2022-06-05-025553_asg_taewa_3extra_scaling_1_7.json
fortio exit code: 0
[2022-06-05T02:56:53]==============================[STATS]
jh CPU load avg:
0.05 0.07 0.09 1/164 553
i-01cda8cccc9fc6982
InService
Healthy
{}
i-08ffe0fe3087b3eff
InService
Healthy
{}
[2022-06-05T02:56:53]==============================[SCALING RUN 1: CHUNK 8]==============================
02:56:53 I logger.go:127> Log level is now 4 Error (was 2 Info)
Fortio 1.19.0 running at -1 queries per second, 2->2 procs, for 1m0s: http://asg-1-lb-1445789978.us-east-1.elb.amazonaws.com:3000/?n=80000
Aggregated Function Time : count 68952 avg 0.0087018706 +/- 0.003113 min 0.002500746 max 0.028774627 sum 600.011379
# target 50% 0.00758575
# target 75% 0.0104818
# target 90% 0.0162093
# target 99% 0.0196459
# target 99.9% 0.0199895
Sockets used: 10 (for perfect keepalive, would be 10)
Jitter: false
Code 200 : 68952 (100.0 %)
All done 68952 calls (plus 10 warmup) 8.702 ms avg, 1149.0 qps
Successfully wrote 2086 bytes of Json data to 2022-06-05-025653_asg_taewa_3extra_scaling_1_8.json
fortio exit code: 0
[2022-06-05T02:57:53]==============================[STATS]
jh CPU load avg:
0.09 0.09 0.09 1/164 570
i-01cda8cccc9fc6982
InService
Healthy
{}
i-08ffe0fe3087b3eff
InService
Healthy
{}
[2022-06-05T02:57:54]==============================[SCALING RUN 1: CHUNK 9]==============================
02:57:54 I logger.go:127> Log level is now 4 Error (was 2 Info)
Fortio 1.19.0 running at -1 queries per second, 2->2 procs, for 1m0s: http://asg-1-lb-1445789978.us-east-1.elb.amazonaws.com:3000/?n=80000
Aggregated Function Time : count 68856 avg 0.0087139813 +/- 0.003135 min 0.002476977 max 0.02979378 sum 600.009894
# target 50% 0.00758849
# target 75% 0.0105371
# target 90% 0.0162443
# target 99% 0.0196687
# target 99.9% 0.0222167
Sockets used: 10 (for perfect keepalive, would be 10)
Jitter: false
Code 200 : 68856 (100.0 %)
All done 68856 calls (plus 10 warmup) 8.714 ms avg, 1147.4 qps
Successfully wrote 2085 bytes of Json data to 2022-06-05-025754_asg_taewa_3extra_scaling_1_9.json
fortio exit code: 0
[2022-06-05T02:58:54]==============================[STATS]
jh CPU load avg:
0.03 0.07 0.08 1/164 586
i-01cda8cccc9fc6982
InService
Healthy
{}
i-08ffe0fe3087b3eff
InService
Healthy
{}
[2022-06-05T02:58:55]==============================[SCALING RUN 1: CHUNK 10]==============================
02:58:55 I logger.go:127> Log level is now 4 Error (was 2 Info)
Fortio 1.19.0 running at -1 queries per second, 2->2 procs, for 1m0s: http://asg-1-lb-1445789978.us-east-1.elb.amazonaws.com:3000/?n=80000
Aggregated Function Time : count 68982 avg 0.0086980097 +/- 0.003216 min 0.002444836 max 0.220605401 sum 600.006104
# target 50% 0.0075547
# target 75% 0.0104129
# target 90% 0.0161826
# target 99% 0.0196444
# target 99.9% 0.0199905
Sockets used: 10 (for perfect keepalive, would be 10)
Jitter: false
Code 200 : 68982 (100.0 %)
All done 68982 calls (plus 10 warmup) 8.698 ms avg, 1149.5 qps
Successfully wrote 2205 bytes of Json data to 2022-06-05-025855_asg_taewa_3extra_scaling_1_10.json
fortio exit code: 0
[2022-06-05T02:59:55]==============================[STATS]
jh CPU load avg:
0.09 0.07 0.08 1/164 605
i-01cda8cccc9fc6982
InService
Healthy
{}
i-08ffe0fe3087b3eff
InService
Healthy
{}
[2022-06-05T02:59:55]==============================[SCALING RUN 1: CHUNK 11]==============================
02:59:55 I logger.go:127> Log level is now 4 Error (was 2 Info)
Fortio 1.19.0 running at -1 queries per second, 2->2 procs, for 1m0s: http://asg-1-lb-1445789978.us-east-1.elb.amazonaws.com:3000/?n=80000
Aggregated Function Time : count 67467 avg 0.0088932882 +/- 0.003497 min 0.00241246 max 0.053592508 sum 600.003477
# target 50% 0.00766631
# target 75% 0.0110267
# target 90% 0.0165438
# target 99% 0.0198541
# target 99.9% 0.0350038
Sockets used: 10 (for perfect keepalive, would be 10)
Jitter: false
Code 200 : 67467 (100.0 %)
All done 67467 calls (plus 10 warmup) 8.893 ms avg, 1124.3 qps
Successfully wrote 2445 bytes of Json data to 2022-06-05-025955_asg_taewa_3extra_scaling_1_11.json
fortio exit code: 0
[2022-06-05T03:00:55]==============================[STATS]
jh CPU load avg:
0.03 0.05 0.08 1/165 629
i-01cda8cccc9fc6982
InService
Healthy
{}
i-04f2498f52cd8589c
Pending
Healthy
{}
i-08ffe0fe3087b3eff
InService
Healthy
{}
[2022-06-05T03:00:56]==============================[SCALING RUN 1: CHUNK 12]==============================
03:00:56 I logger.go:127> Log level is now 4 Error (was 2 Info)
Fortio 1.19.0 running at -1 queries per second, 2->2 procs, for 1m0s: http://asg-1-lb-1445789978.us-east-1.elb.amazonaws.com:3000/?n=80000
Aggregated Function Time : count 68814 avg 0.0087192979 +/- 0.003132 min 0.002462091 max 0.041400069 sum 600.009768
# target 50% 0.00758302
# target 75% 0.0105325
# target 90% 0.0162309
# target 99% 0.0196499
# target 99.9% 0.0199918
Sockets used: 10 (for perfect keepalive, would be 10)
Jitter: false
Code 200 : 68814 (100.0 %)
All done 68814 calls (plus 10 warmup) 8.719 ms avg, 1146.7 qps
Successfully wrote 2207 bytes of Json data to 2022-06-05-030056_asg_taewa_3extra_scaling_1_12.json
fortio exit code: 0
[2022-06-05T03:01:56]==============================[STATS]
jh CPU load avg:
0.08 0.07 0.08 1/166 661
i-01cda8cccc9fc6982
InService
Healthy
{}
i-04f2498f52cd8589c
InService
Healthy
{}
i-08ffe0fe3087b3eff
InService
Healthy
{}
[2022-06-05T03:01:57]==============================[SCALING RUN 1: CHUNK 13]==============================
03:01:57 I logger.go:127> Log level is now 4 Error (was 2 Info)
Fortio 1.19.0 running at -1 queries per second, 2->2 procs, for 1m0s: http://asg-1-lb-1445789978.us-east-1.elb.amazonaws.com:3000/?n=80000
Aggregated Function Time : count 100930 avg 0.005944624 +/- 0.003309 min 0.002355151 max 0.034886829 sum 599.990897
# target 50% 0.00660417
# target 75% 0.00872872
# target 90% 0.0100408
# target 99% 0.0190802
# target 99.9% 0.0199841
Sockets used: 10 (for perfect keepalive, would be 10)
Jitter: false
Code 200 : 100930 (100.0 %)
All done 100930 calls (plus 10 warmup) 5.945 ms avg, 1681.9 qps
Successfully wrote 2215 bytes of Json data to 2022-06-05-030157_asg_taewa_3extra_scaling_1_13.json
fortio exit code: 0
[2022-06-05T03:02:57]==============================[STATS]
jh CPU load avg:
0.07 0.07 0.08 1/166 679
i-01cda8cccc9fc6982
InService
Healthy
{}
i-04f2498f52cd8589c
InService
Healthy
{}
i-08ffe0fe3087b3eff
InService
Healthy
{}
[2022-06-05T03:02:58]==============================[SCALING RUN 1: CHUNK 14]==============================
03:02:58 I logger.go:127> Log level is now 4 Error (was 2 Info)
Fortio 1.19.0 running at -1 queries per second, 2->2 procs, for 1m0s: http://asg-1-lb-1445789978.us-east-1.elb.amazonaws.com:3000/?n=80000
Aggregated Function Time : count 102891 avg 0.0058313169 +/- 0.003199 min 0.002408629 max 0.029908288 sum 599.99003
# target 50% 0.00657473
# target 75% 0.00865782
# target 90% 0.00990767
# target 99% 0.0189212
# target 99.9% 0.0199386
Sockets used: 10 (for perfect keepalive, would be 10)
Jitter: false
Code 200 : 102891 (100.0 %)
All done 102891 calls (plus 10 warmup) 5.831 ms avg, 1714.6 qps
Successfully wrote 2097 bytes of Json data to 2022-06-05-030258_asg_taewa_3extra_scaling_1_14.json
fortio exit code: 0
[2022-06-05T03:03:58]==============================[STATS]
jh CPU load avg:
0.12 0.09 0.09 1/166 697
i-01cda8cccc9fc6982
InService
Healthy
{}
i-04f2498f52cd8589c
InService
Healthy
{}
i-08ffe0fe3087b3eff
InService
Healthy
{}
[2022-06-05T03:03:58]==============================[SCALING RUN 2: INIT]==============================
{
    "Alarms": [
        {
            "AlarmName": "TargetTracking-asg-1-myASG-AlarmHigh-9339aa28-8b6e-4d25-ae8b-5144edd55f27", 
            "AlarmARN": "arn:aws:cloudwatch:us-east-1:729186614334:alarm:TargetTracking-asg-1-myASG-AlarmHigh-9339aa28-8b6e-4d25-ae8b-5144edd55f27"
        }, 
        {
            "AlarmName": "TargetTracking-asg-1-myASG-AlarmLow-e4e5bc29-f1e3-4bfb-9fc7-43433d7a89c1", 
            "AlarmARN": "arn:aws:cloudwatch:us-east-1:729186614334:alarm:TargetTracking-asg-1-myASG-AlarmLow-e4e5bc29-f1e3-4bfb-9fc7-43433d7a89c1"
        }
    ], 
    "PolicyARN": "arn:aws:autoscaling:us-east-1:729186614334:scalingPolicy:8384c805-0e6d-4947-b250-38e65f70e497:autoScalingGroupName/asg-1-myASG:policyName/asg-1-AppServerSP-1NNE6FJDQJ4XJ"
}
scaling to 1
[2022-06-05T03:04:00]==============================[SCALING RUN 2: ENABLE SCALING - SLEEP]==============================
{
    "Alarms": [
        {
            "AlarmName": "TargetTracking-asg-1-myASG-AlarmHigh-ed9d1226-dc74-4203-85d7-aefb60872b6b", 
            "AlarmARN": "arn:aws:cloudwatch:us-east-1:729186614334:alarm:TargetTracking-asg-1-myASG-AlarmHigh-ed9d1226-dc74-4203-85d7-aefb60872b6b"
        }, 
        {
            "AlarmName": "TargetTracking-asg-1-myASG-AlarmLow-ccc4dd76-0dff-4ffc-ac4c-72965f87bf41", 
            "AlarmARN": "arn:aws:cloudwatch:us-east-1:729186614334:alarm:TargetTracking-asg-1-myASG-AlarmLow-ccc4dd76-0dff-4ffc-ac4c-72965f87bf41"
        }
    ], 
    "PolicyARN": "arn:aws:autoscaling:us-east-1:729186614334:scalingPolicy:8384c805-0e6d-4947-b250-38e65f70e497:autoScalingGroupName/asg-1-myASG:policyName/asg-1-AppServerSP-1NNE6FJDQJ4XJ"
}
[2022-06-05T03:07:01]==============================[SCALING RUN 2: FORTIO]==============================
[2022-06-05T03:07:01]==============================[STATS]
jh CPU load avg:
0.00 0.04 0.07 1/164 728
i-04f2498f52cd8589c
InService
Healthy
{}
[2022-06-05T03:07:02]==============================[SCALING RUN 2: CHUNK 1]==============================
03:07:02 I logger.go:127> Log level is now 4 Error (was 2 Info)
Fortio 1.19.0 running at -1 queries per second, 2->2 procs, for 1m0s: http://asg-1-lb-1445789978.us-east-1.elb.amazonaws.com:3000/?n=80000
Aggregated Function Time : count 35184 avg 0.017055197 +/- 0.005853 min 0.005322589 max 0.244550478 sum 600.070038
# target 50% 0.0161122
# target 75% 0.0191855
# target 90% 0.0258453
# target 99% 0.0378547
# target 99.9% 0.0462674
Sockets used: 10 (for perfect keepalive, would be 10)
Jitter: false
Code 200 : 35184 (100.0 %)
All done 35184 calls (plus 10 warmup) 17.055 ms avg, 586.2 qps
Successfully wrote 2793 bytes of Json data to 2022-06-05-030702_asg_taewa_3extra_scaling_2_1.json
fortio exit code: 0
[2022-06-05T03:08:02]==============================[STATS]
jh CPU load avg:
0.13 0.06 0.08 1/164 745
i-04f2498f52cd8589c
InService
Healthy
{}
[2022-06-05T03:08:03]==============================[SCALING RUN 2: CHUNK 2]==============================
03:08:03 I logger.go:127> Log level is now 4 Error (was 2 Info)
Fortio 1.19.0 running at -1 queries per second, 2->2 procs, for 1m0s: http://asg-1-lb-1445789978.us-east-1.elb.amazonaws.com:3000/?n=80000
Aggregated Function Time : count 35408 avg 0.016946704 +/- 0.005634 min 0.002651213 max 0.069492673 sum 600.048878
# target 50% 0.0162431
# target 75% 0.0193894
# target 90% 0.0256302
# target 99% 0.0353412
# target 99.9% 0.0396187
Sockets used: 15 (for perfect keepalive, would be 10)
Jitter: false
Code 200 : 35408 (100.0 %)
All done 35408 calls (plus 10 warmup) 16.947 ms avg, 590.0 qps
Successfully wrote 2562 bytes of Json data to 2022-06-05-030803_asg_taewa_3extra_scaling_2_2.json
fortio exit code: 0
[2022-06-05T03:09:03]==============================[STATS]
jh CPU load avg:
0.22 0.09 0.09 1/164 782
i-04f2498f52cd8589c
InService
Healthy
{}
i-06eb31fbce6eafd2e
InService
Healthy
{}
[2022-06-05T03:09:04]==============================[SCALING RUN 2: CHUNK 3]==============================
03:09:04 I logger.go:127> Log level is now 4 Error (was 2 Info)
Fortio 1.19.0 running at -1 queries per second, 2->2 procs, for 1m0s: http://asg-1-lb-1445789978.us-east-1.elb.amazonaws.com:3000/?n=80000
Aggregated Function Time : count 35494 avg 0.016906285 +/- 0.005853 min 0.002575075 max 0.06372563 sum 600.071684
# target 50% 0.0164993
# target 75% 0.0198064
# target 90% 0.0260058
# target 99% 0.0299988
# target 99.9% 0.0392054
Sockets used: 10 (for perfect keepalive, would be 10)
Jitter: false
Code 200 : 35494 (100.0 %)
All done 35494 calls (plus 10 warmup) 16.906 ms avg, 591.4 qps
Successfully wrote 2419 bytes of Json data to 2022-06-05-030904_asg_taewa_3extra_scaling_2_3.json
fortio exit code: 0
[2022-06-05T03:10:04]==============================[STATS]
jh CPU load avg:
0.11 0.09 0.09 1/164 804
i-04f2498f52cd8589c
InService
Healthy
{}
i-06eb31fbce6eafd2e
InService
Healthy
{}
[2022-06-05T03:10:05]==============================[SCALING RUN 2: CHUNK 4]==============================
03:10:05 I logger.go:127> Log level is now 4 Error (was 2 Info)
Fortio 1.19.0 running at -1 queries per second, 2->2 procs, for 1m0s: http://asg-1-lb-1445789978.us-east-1.elb.amazonaws.com:3000/?n=80000
Aggregated Function Time : count 70478 avg 0.0085133668 +/- 0.003143 min 0.002471392 max 0.218269906 sum 600.005063
# target 50% 0.00757328
# target 75% 0.0104664
# target 90% 0.0162104
# target 99% 0.0196567
# target 99.9% 0.0203603
Sockets used: 10 (for perfect keepalive, would be 10)
Jitter: false
Code 200 : 70478 (100.0 %)
All done 70478 calls (plus 10 warmup) 8.513 ms avg, 1174.5 qps
Successfully wrote 2325 bytes of Json data to 2022-06-05-031005_asg_taewa_3extra_scaling_2_4.json
fortio exit code: 0
[2022-06-05T03:11:05]==============================[STATS]
jh CPU load avg:
0.09 0.08 0.09 1/164 821
i-04f2498f52cd8589c
InService
Healthy
{}
i-06eb31fbce6eafd2e
InService
Healthy
{}
[2022-06-05T03:11:06]==============================[SCALING RUN 2: CHUNK 5]==============================
03:11:06 I logger.go:127> Log level is now 4 Error (was 2 Info)
Fortio 1.19.0 running at -1 queries per second, 2->2 procs, for 1m0s: http://asg-1-lb-1445789978.us-east-1.elb.amazonaws.com:3000/?n=80000
Aggregated Function Time : count 70591 avg 0.0084997943 +/- 0.003003 min 0.002495385 max 0.027179794 sum 600.008979
# target 50% 0.0075679
# target 75% 0.0103954
# target 90% 0.0161676
# target 99% 0.019631
# target 99.9% 0.0199773
Sockets used: 10 (for perfect keepalive, would be 10)
Jitter: false
Code 200 : 70591 (100.0 %)
All done 70591 calls (plus 10 warmup) 8.500 ms avg, 1176.4 qps
Successfully wrote 2087 bytes of Json data to 2022-06-05-031106_asg_taewa_3extra_scaling_2_5.json
fortio exit code: 0
[2022-06-05T03:12:06]==============================[STATS]
jh CPU load avg:
0.16 0.10 0.09 1/164 841
i-04f2498f52cd8589c
InService
Healthy
{}
i-06eb31fbce6eafd2e
InService
Healthy
{}
[2022-06-05T03:12:06]==============================[SCALING RUN 2: CHUNK 6]==============================
03:12:06 I logger.go:127> Log level is now 4 Error (was 2 Info)
Fortio 1.19.0 running at -1 queries per second, 2->2 procs, for 1m0s: http://asg-1-lb-1445789978.us-east-1.elb.amazonaws.com:3000/?n=80000
Aggregated Function Time : count 70243 avg 0.0085418714 +/- 0.003028 min 0.002542392 max 0.03254497 sum 600.006675
# target 50% 0.00759749
# target 75% 0.0104727
# target 90% 0.0162028
# target 99% 0.0196408
# target 99.9% 0.0199846
Sockets used: 10 (for perfect keepalive, would be 10)
Jitter: false
Code 200 : 70243 (100.0 %)
All done 70243 calls (plus 10 warmup) 8.542 ms avg, 1170.6 qps
Successfully wrote 2201 bytes of Json data to 2022-06-05-031206_asg_taewa_3extra_scaling_2_6.json
fortio exit code: 0
[2022-06-05T03:13:06]==============================[STATS]
jh CPU load avg:
0.06 0.08 0.09 1/164 858
i-04f2498f52cd8589c
InService
Healthy
{}
i-06eb31fbce6eafd2e
InService
Healthy
{}
[2022-06-05T03:13:07]==============================[SCALING RUN 2: CHUNK 7]==============================
03:13:07 I logger.go:127> Log level is now 4 Error (was 2 Info)
Fortio 1.19.0 running at -1 queries per second, 2->2 procs, for 1m0s: http://asg-1-lb-1445789978.us-east-1.elb.amazonaws.com:3000/?n=80000
Aggregated Function Time : count 70325 avg 0.0085319277 +/- 0.003048 min 0.002449727 max 0.037298173 sum 600.007819
# target 50% 0.00756631
# target 75% 0.0104665
# target 90% 0.0162101
# target 99% 0.0196563
# target 99.9% 0.02025
Sockets used: 10 (for perfect keepalive, would be 10)
Jitter: false
Code 200 : 70325 (100.0 %)
All done 70325 calls (plus 10 warmup) 8.532 ms avg, 1171.9 qps
Successfully wrote 2208 bytes of Json data to 2022-06-05-031307_asg_taewa_3extra_scaling_2_7.json
fortio exit code: 0
[2022-06-05T03:14:07]==============================[STATS]
jh CPU load avg:
0.17 0.12 0.10 1/164 875
i-04f2498f52cd8589c
InService
Healthy
{}
i-06eb31fbce6eafd2e
InService
Healthy
{}
[2022-06-05T03:14:08]==============================[SCALING RUN 2: CHUNK 8]==============================
03:14:08 I logger.go:127> Log level is now 4 Error (was 2 Info)
Fortio 1.19.0 running at -1 queries per second, 2->2 procs, for 1m0s: http://asg-1-lb-1445789978.us-east-1.elb.amazonaws.com:3000/?n=80000
Aggregated Function Time : count 70244 avg 0.0085417226 +/- 0.003076 min 0.002477286 max 0.05021587 sum 600.004762
# target 50% 0.00756638
# target 75% 0.01042
# target 90% 0.0161966
# target 99% 0.0196626
# target 99.9% 0.0224641
Sockets used: 10 (for perfect keepalive, would be 10)
Jitter: false
Code 200 : 70244 (100.0 %)
All done 70244 calls (plus 10 warmup) 8.542 ms avg, 1170.6 qps
Successfully wrote 2443 bytes of Json data to 2022-06-05-031408_asg_taewa_3extra_scaling_2_8.json
fortio exit code: 0
[2022-06-05T03:15:08]==============================[STATS]
jh CPU load avg:
0.15 0.12 0.10 1/164 893
i-026d92010d2f3b5af
InService
Healthy
{}
i-04f2498f52cd8589c
InService
Healthy
{}
i-06eb31fbce6eafd2e
InService
Healthy
{}
[2022-06-05T03:15:08]==============================[SCALING RUN 2: CHUNK 9]==============================
03:15:08 I logger.go:127> Log level is now 4 Error (was 2 Info)
Fortio 1.19.0 running at -1 queries per second, 2->2 procs, for 1m0s: http://asg-1-lb-1445789978.us-east-1.elb.amazonaws.com:3000/?n=80000
Aggregated Function Time : count 70561 avg 0.0085034863 +/- 0.002998 min 0.002496392 max 0.027585084 sum 600.014496
# target 50% 0.00756598
# target 75% 0.0103831
# target 90% 0.0161614
# target 99% 0.0196284
# target 99.9% 0.0199751
Sockets used: 10 (for perfect keepalive, would be 10)
Jitter: false
Code 200 : 70561 (100.0 %)
All done 70561 calls (plus 10 warmup) 8.503 ms avg, 1175.8 qps
Successfully wrote 2087 bytes of Json data to 2022-06-05-031508_asg_taewa_3extra_scaling_2_9.json
fortio exit code: 0
[2022-06-05T03:16:08]==============================[STATS]
jh CPU load avg:
0.05 0.10 0.09 1/164 960
i-026d92010d2f3b5af
InService
Healthy
{}
i-04f2498f52cd8589c
InService
Healthy
{}
i-06eb31fbce6eafd2e
InService
Healthy
{}
[2022-06-05T03:16:09]==============================[SCALING RUN 2: CHUNK 10]==============================
03:16:09 I logger.go:127> Log level is now 4 Error (was 2 Info)
Fortio 1.19.0 running at -1 queries per second, 2->2 procs, for 1m0s: http://asg-1-lb-1445789978.us-east-1.elb.amazonaws.com:3000/?n=80000
Aggregated Function Time : count 104118 avg 0.0057627756 +/- 0.002941 min 0.002414295 max 0.044259886 sum 600.008667
# target 50% 0.00659093
# target 75% 0.00867929
# target 90% 0.0099323
# target 99% 0.0189502
# target 99.9% 0.0199337
Sockets used: 10 (for perfect keepalive, would be 10)
Jitter: false
Code 200 : 104118 (100.0 %)
All done 104118 calls (plus 10 warmup) 5.763 ms avg, 1735.1 qps
Successfully wrote 2332 bytes of Json data to 2022-06-05-031609_asg_taewa_3extra_scaling_2_10.json
fortio exit code: 0
[2022-06-05T03:17:09]==============================[STATS]
jh CPU load avg:
0.07 0.09 0.09 1/163 977
i-026d92010d2f3b5af
InService
Healthy
{}
i-04f2498f52cd8589c
InService
Healthy
{}
i-06eb31fbce6eafd2e
InService
Healthy
{}
[2022-06-05T03:17:10]==============================[SCALING RUN 2: CHUNK 11]==============================
03:17:10 I logger.go:127> Log level is now 4 Error (was 2 Info)
Fortio 1.19.0 running at -1 queries per second, 2->2 procs, for 1m0s: http://asg-1-lb-1445789978.us-east-1.elb.amazonaws.com:3000/?n=80000
Aggregated Function Time : count 104016 avg 0.0057682462 +/- 0.003056 min 0.002398812 max 0.048671289 sum 599.989892
# target 50% 0.00658226
# target 75% 0.00867403
# target 90% 0.00992908
# target 99% 0.01905
# target 99.9% 0.0240694
Sockets used: 10 (for perfect keepalive, would be 10)
Jitter: false
Code 200 : 104016 (100.0 %)
All done 104016 calls (plus 10 warmup) 5.768 ms avg, 1733.4 qps
Successfully wrote 2332 bytes of Json data to 2022-06-05-031710_asg_taewa_3extra_scaling_2_11.json
fortio exit code: 0
[2022-06-05T03:18:10]==============================[STATS]
jh CPU load avg:
0.18 0.12 0.10 1/164 995
i-026d92010d2f3b5af
InService
Healthy
{}
i-04f2498f52cd8589c
InService
Healthy
{}
i-06eb31fbce6eafd2e
InService
Healthy
{}
[2022-06-05T03:18:10]==============================[SCALING RUN 2: CHUNK 12]==============================
03:18:10 I logger.go:127> Log level is now 4 Error (was 2 Info)
Fortio 1.19.0 running at -1 queries per second, 2->2 procs, for 1m0s: http://asg-1-lb-1445789978.us-east-1.elb.amazonaws.com:3000/?n=80000
Aggregated Function Time : count 104585 avg 0.0057368494 +/- 0.002997 min 0.002425248 max 0.221371149 sum 599.988392
# target 50% 0.00659182
# target 75% 0.00867515
# target 90% 0.00992514
# target 99% 0.0189398
# target 99.9% 0.0199329
Sockets used: 10 (for perfect keepalive, would be 10)
Jitter: false
Code 200 : 104585 (100.0 %)
All done 104585 calls (plus 10 warmup) 5.737 ms avg, 1742.9 qps
Successfully wrote 2327 bytes of Json data to 2022-06-05-031810_asg_taewa_3extra_scaling_2_12.json
fortio exit code: 0
[2022-06-05T03:19:11]==============================[STATS]
jh CPU load avg:
0.06 0.10 0.09 1/164 1014
i-026d92010d2f3b5af
InService
Healthy
{}
i-04f2498f52cd8589c
InService
Healthy
{}
i-06eb31fbce6eafd2e
InService
Healthy
{}
[2022-06-05T03:19:11]==============================[SCALING RUN 2: CHUNK 13]==============================
03:19:11 I logger.go:127> Log level is now 4 Error (was 2 Info)
Fortio 1.19.0 running at -1 queries per second, 2->2 procs, for 1m0s: http://asg-1-lb-1445789978.us-east-1.elb.amazonaws.com:3000/?n=80000
Aggregated Function Time : count 104678 avg 0.0057317554 +/- 0.002946 min 0.002392229 max 0.027256405 sum 599.988692
# target 50% 0.00657853
# target 75% 0.00867172
# target 90% 0.00992763
# target 99% 0.0189381
# target 99.9% 0.0199269
Sockets used: 10 (for perfect keepalive, would be 10)
Jitter: false
Code 200 : 104678 (100.0 %)
All done 104678 calls (plus 10 warmup) 5.732 ms avg, 1744.4 qps
Successfully wrote 2095 bytes of Json data to 2022-06-05-031911_asg_taewa_3extra_scaling_2_13.json
fortio exit code: 0
[2022-06-05T03:20:11]==============================[STATS]
jh CPU load avg:
0.13 0.12 0.09 1/164 1037
i-026d92010d2f3b5af
InService
Healthy
{}
i-04f2498f52cd8589c
InService
Healthy
{}
i-06eb31fbce6eafd2e
InService
Healthy
{}
[2022-06-05T03:20:12]==============================[SCALING RUN 2: CHUNK 14]==============================
03:20:12 I logger.go:127> Log level is now 4 Error (was 2 Info)
Fortio 1.19.0 running at -1 queries per second, 2->2 procs, for 1m0s: http://asg-1-lb-1445789978.us-east-1.elb.amazonaws.com:3000/?n=80000
Aggregated Function Time : count 105214 avg 0.0057026475 +/- 0.002913 min 0.00242631 max 0.032725023 sum 599.998356
# target 50% 0.00658972
# target 75% 0.00867146
# target 90% 0.00992051
# target 99% 0.0189066
# target 99.9% 0.019903
Sockets used: 10 (for perfect keepalive, would be 10)
Jitter: false
Code 200 : 105214 (100.0 %)
All done 105214 calls (plus 10 warmup) 5.703 ms avg, 1753.4 qps
Successfully wrote 2213 bytes of Json data to 2022-06-05-032012_asg_taewa_3extra_scaling_2_14.json
fortio exit code: 0
[2022-06-05T03:21:12]==============================[STATS]
jh CPU load avg:
0.17 0.13 0.10 1/164 1054
i-026d92010d2f3b5af
InService
Healthy
{}
i-04f2498f52cd8589c
InService
Healthy
{}
i-06eb31fbce6eafd2e
InService
Healthy
{}
[2022-06-05T03:21:12]==============================[SCALING RUN 3: INIT]==============================
{
    "Alarms": [
        {
            "AlarmName": "TargetTracking-asg-1-myASG-AlarmHigh-e8524bf6-ac7b-452a-96ea-4d4592fe8519", 
            "AlarmARN": "arn:aws:cloudwatch:us-east-1:729186614334:alarm:TargetTracking-asg-1-myASG-AlarmHigh-e8524bf6-ac7b-452a-96ea-4d4592fe8519"
        }, 
        {
            "AlarmName": "TargetTracking-asg-1-myASG-AlarmLow-5ca2c588-ded7-4c53-a04a-db612ae7317f", 
            "AlarmARN": "arn:aws:cloudwatch:us-east-1:729186614334:alarm:TargetTracking-asg-1-myASG-AlarmLow-5ca2c588-ded7-4c53-a04a-db612ae7317f"
        }
    ], 
    "PolicyARN": "arn:aws:autoscaling:us-east-1:729186614334:scalingPolicy:8384c805-0e6d-4947-b250-38e65f70e497:autoScalingGroupName/asg-1-myASG:policyName/asg-1-AppServerSP-1NNE6FJDQJ4XJ"
}
scaling to 1
[2022-06-05T03:21:14]==============================[SCALING RUN 3: ENABLE SCALING - SLEEP]==============================
{
    "Alarms": [
        {
            "AlarmName": "TargetTracking-asg-1-myASG-AlarmHigh-881997ff-3b32-43b0-897f-5008f5792626", 
            "AlarmARN": "arn:aws:cloudwatch:us-east-1:729186614334:alarm:TargetTracking-asg-1-myASG-AlarmHigh-881997ff-3b32-43b0-897f-5008f5792626"
        }, 
        {
            "AlarmName": "TargetTracking-asg-1-myASG-AlarmLow-f81bbf7d-14cc-4833-b281-0246d2e5611d", 
            "AlarmARN": "arn:aws:cloudwatch:us-east-1:729186614334:alarm:TargetTracking-asg-1-myASG-AlarmLow-f81bbf7d-14cc-4833-b281-0246d2e5611d"
        }
    ], 
    "PolicyARN": "arn:aws:autoscaling:us-east-1:729186614334:scalingPolicy:8384c805-0e6d-4947-b250-38e65f70e497:autoScalingGroupName/asg-1-myASG:policyName/asg-1-AppServerSP-1NNE6FJDQJ4XJ"
}
[2022-06-05T03:24:15]==============================[SCALING RUN 3: FORTIO]==============================
[2022-06-05T03:24:15]==============================[STATS]
jh CPU load avg:
0.01 0.07 0.08 1/164 1082
i-026d92010d2f3b5af
InService
Healthy
{}
[2022-06-05T03:24:16]==============================[SCALING RUN 3: CHUNK 1]==============================
03:24:16 I logger.go:127> Log level is now 4 Error (was 2 Info)
Fortio 1.19.0 running at -1 queries per second, 2->2 procs, for 1m0s: http://asg-1-lb-1445789978.us-east-1.elb.amazonaws.com:3000/?n=80000
Aggregated Function Time : count 34782 avg 0.017252257 +/- 0.006965 min 0.00314028 max 0.19376757 sum 600.068006
# target 50% 0.0159437
# target 75% 0.0189359
# target 90% 0.0258486
# target 99% 0.0393175
# target 99.9% 0.0912322
Sockets used: 10 (for perfect keepalive, would be 10)
Jitter: false
Code 200 : 34782 (100.0 %)
All done 34782 calls (plus 10 warmup) 17.252 ms avg, 579.5 qps
Successfully wrote 3503 bytes of Json data to 2022-06-05-032416_asg_taewa_3extra_scaling_3_1.json
fortio exit code: 0
[2022-06-05T03:25:16]==============================[STATS]
jh CPU load avg:
0.00 0.06 0.07 1/164 1109
i-026d92010d2f3b5af
InService
Healthy
{}
[2022-06-05T03:25:17]==============================[SCALING RUN 3: CHUNK 2]==============================
03:25:17 I logger.go:127> Log level is now 4 Error (was 2 Info)
Fortio 1.19.0 running at -1 queries per second, 2->2 procs, for 1m0s: http://asg-1-lb-1445789978.us-east-1.elb.amazonaws.com:3000/?n=80000
Aggregated Function Time : count 35456 avg 0.016923907 +/- 0.005483 min 0.002671557 max 0.087572026 sum 600.054035
# target 50% 0.0159089
# target 75% 0.0188982
# target 90% 0.0251751
# target 99% 0.0382215
# target 99.9% 0.0477353
Sockets used: 10 (for perfect keepalive, would be 10)
Jitter: false
Code 200 : 35456 (100.0 %)
All done 35456 calls (plus 10 warmup) 16.924 ms avg, 590.8 qps
Successfully wrote 2796 bytes of Json data to 2022-06-05-032517_asg_taewa_3extra_scaling_3_2.json
fortio exit code: 0
[2022-06-05T03:26:17]==============================[STATS]
jh CPU load avg:
0.21 0.11 0.09 1/164 1126
i-026d92010d2f3b5af
InService
Healthy
{}
[2022-06-05T03:26:17]==============================[SCALING RUN 3: CHUNK 3]==============================
03:26:17 I logger.go:127> Log level is now 4 Error (was 2 Info)
Fortio 1.19.0 running at -1 queries per second, 2->2 procs, for 1m0s: http://asg-1-lb-1445789978.us-east-1.elb.amazonaws.com:3000/?n=80000
Aggregated Function Time : count 35702 avg 0.016807547 +/- 0.005345 min 0.002766607 max 0.095966754 sum 600.063026
# target 50% 0.0158414
# target 75% 0.0187992
# target 90% 0.0248949
# target 99% 0.038228
# target 99.9% 0.0459026
Sockets used: 10 (for perfect keepalive, would be 10)
Jitter: false
Code 200 : 35702 (100.0 %)
All done 35702 calls (plus 10 warmup) 16.808 ms avg, 594.9 qps
Successfully wrote 2792 bytes of Json data to 2022-06-05-032617_asg_taewa_3extra_scaling_3_3.json
fortio exit code: 0
[2022-06-05T03:27:18]==============================[STATS]
jh CPU load avg:
0.24 0.13 0.10 1/164 1146
i-026d92010d2f3b5af
InService
Healthy
{}
[2022-06-05T03:27:18]==============================[SCALING RUN 3: CHUNK 4]==============================
03:27:18 I logger.go:127> Log level is now 4 Error (was 2 Info)
Fortio 1.19.0 running at -1 queries per second, 2->2 procs, for 1m0s: http://asg-1-lb-1445789978.us-east-1.elb.amazonaws.com:3000/?n=80000
Aggregated Function Time : count 35764 avg 0.016778572 +/- 0.005173 min 0.00267388 max 0.064146596 sum 600.068845
# target 50% 0.0158312
# target 75% 0.0187751
# target 90% 0.0244174
# target 99% 0.0377628
# target 99.9% 0.039954
Sockets used: 10 (for perfect keepalive, would be 10)
Jitter: false
Code 200 : 35764 (100.0 %)
All done 35764 calls (plus 10 warmup) 16.779 ms avg, 595.9 qps
Successfully wrote 2555 bytes of Json data to 2022-06-05-032718_asg_taewa_3extra_scaling_3_4.json
fortio exit code: 0
[2022-06-05T03:28:18]==============================[STATS]
jh CPU load avg:
0.18 0.13 0.10 1/164 1164
i-026d92010d2f3b5af
InService
Healthy
{}
[2022-06-05T03:28:19]==============================[SCALING RUN 3: CHUNK 5]==============================
03:28:19 I logger.go:127> Log level is now 4 Error (was 2 Info)
Fortio 1.19.0 running at -1 queries per second, 2->2 procs, for 1m0s: http://asg-1-lb-1445789978.us-east-1.elb.amazonaws.com:3000/?n=80000
Aggregated Function Time : count 35854 avg 0.016736113 +/- 0.005051 min 0.00270812 max 0.047582587 sum 600.056607
# target 50% 0.0158069
# target 75% 0.018732
# target 90% 0.0245039
# target 99% 0.0380038
# target 99.9% 0.0398414
Sockets used: 10 (for perfect keepalive, would be 10)
Jitter: false
Code 200 : 35854 (100.0 %)
All done 35854 calls (plus 10 warmup) 16.736 ms avg, 597.4 qps
Successfully wrote 2319 bytes of Json data to 2022-06-05-032819_asg_taewa_3extra_scaling_3_5.json
fortio exit code: 0
[2022-06-05T03:29:19]==============================[STATS]
jh CPU load avg:
0.22 0.14 0.10 1/164 1183
i-026d92010d2f3b5af
InService
Healthy
{}
i-0568b50cd4171b98f
Pending
Healthy
{}
[2022-06-05T03:29:20]==============================[SCALING RUN 3: CHUNK 6]==============================
03:29:20 I logger.go:127> Log level is now 4 Error (was 2 Info)
Fortio 1.19.0 running at -1 queries per second, 2->2 procs, for 1m0s: http://asg-1-lb-1445789978.us-east-1.elb.amazonaws.com:3000/?n=80000
Aggregated Function Time : count 35109 avg 0.017091329 +/- 0.006793 min 0.002791221 max 0.152033229 sum 600.059457
# target 50% 0.0162925
# target 75% 0.0194905
# target 90% 0.0260392
# target 99% 0.0381426
# target 99.9% 0.0799481
Sockets used: 15 (for perfect keepalive, would be 10)
Jitter: false
Code 200 : 35109 (100.0 %)
All done 35109 calls (plus 10 warmup) 17.091 ms avg, 585.0 qps
Successfully wrote 3265 bytes of Json data to 2022-06-05-032920_asg_taewa_3extra_scaling_3_6.json
fortio exit code: 0
[2022-06-05T03:30:20]==============================[STATS]
jh CPU load avg:
0.22 0.16 0.10 1/166 1210
i-026d92010d2f3b5af
InService
Healthy
{}
i-0568b50cd4171b98f
InService
Healthy
{}
[2022-06-05T03:30:21]==============================[SCALING RUN 3: CHUNK 7]==============================
03:30:21 I logger.go:127> Log level is now 4 Error (was 2 Info)
Fortio 1.19.0 running at -1 queries per second, 2->2 procs, for 1m0s: http://asg-1-lb-1445789978.us-east-1.elb.amazonaws.com:3000/?n=80000
Aggregated Function Time : count 53697 avg 0.011174471 +/- 0.005773 min 0.002478997 max 0.237586893 sum 600.035587
# target 50% 0.0101481
# target 75% 0.0161089
# target 90% 0.0196853
# target 99% 0.0290598
# target 99.9% 0.0362138
Sockets used: 10 (for perfect keepalive, would be 10)
Jitter: false
Code 200 : 53697 (100.0 %)
All done 53697 calls (plus 10 warmup) 11.174 ms avg, 894.7 qps
Successfully wrote 2795 bytes of Json data to 2022-06-05-033021_asg_taewa_3extra_scaling_3_7.json
fortio exit code: 0
[2022-06-05T03:31:21]==============================[STATS]
jh CPU load avg:
0.08 0.13 0.09 1/166 1227
i-026d92010d2f3b5af
InService
Healthy
{}
i-0568b50cd4171b98f
InService
Healthy
{}
[2022-06-05T03:31:22]==============================[SCALING RUN 3: CHUNK 8]==============================
03:31:22 I logger.go:127> Log level is now 4 Error (was 2 Info)
Fortio 1.19.0 running at -1 queries per second, 2->2 procs, for 1m0s: http://asg-1-lb-1445789978.us-east-1.elb.amazonaws.com:3000/?n=80000
Aggregated Function Time : count 54019 avg 0.011107722 +/- 0.00564 min 0.002507138 max 0.237522067 sum 600.028058
# target 50% 0.0102102
# target 75% 0.0161316
# target 90% 0.0196844
# target 99% 0.0289225
# target 99.9% 0.0299698
Sockets used: 10 (for perfect keepalive, would be 10)
Jitter: false
Code 200 : 54019 (100.0 %)
All done 54019 calls (plus 10 warmup) 11.108 ms avg, 900.1 qps
Successfully wrote 2324 bytes of Json data to 2022-06-05-033122_asg_taewa_3extra_scaling_3_8.json
fortio exit code: 0
[2022-06-05T03:32:22]==============================[STATS]
jh CPU load avg:
0.03 0.10 0.09 1/165 1245
i-026d92010d2f3b5af
InService
Healthy
{}
i-0568b50cd4171b98f
InService
Healthy
{}
[2022-06-05T03:32:23]==============================[SCALING RUN 3: CHUNK 9]==============================
03:32:23 I logger.go:127> Log level is now 4 Error (was 2 Info)
Fortio 1.19.0 running at -1 queries per second, 2->2 procs, for 1m0s: http://asg-1-lb-1445789978.us-east-1.elb.amazonaws.com:3000/?n=80000
Aggregated Function Time : count 54088 avg 0.011093666 +/- 0.005668 min 0.002389518 max 0.072411972 sum 600.034232
# target 50% 0.0101525
# target 75% 0.0161307
# target 90% 0.0197176
# target 99% 0.029025
# target 99.9% 0.0346738
Sockets used: 10 (for perfect keepalive, would be 10)
Jitter: false
Code 200 : 54088 (100.0 %)
All done 54088 calls (plus 10 warmup) 11.094 ms avg, 901.2 qps
Successfully wrote 2680 bytes of Json data to 2022-06-05-033223_asg_taewa_3extra_scaling_3_9.json
fortio exit code: 0
[2022-06-05T03:33:23]==============================[STATS]
jh CPU load avg:
0.06 0.09 0.09 1/165 1262
i-026d92010d2f3b5af
InService
Healthy
{}
i-0568b50cd4171b98f
InService
Healthy
{}
[2022-06-05T03:33:24]==============================[SCALING RUN 3: CHUNK 10]==============================
03:33:24 I logger.go:127> Log level is now 4 Error (was 2 Info)
Fortio 1.19.0 running at -1 queries per second, 2->2 procs, for 1m0s: http://asg-1-lb-1445789978.us-east-1.elb.amazonaws.com:3000/?n=80000
Aggregated Function Time : count 54437 avg 0.011022608 +/- 0.005536 min 0.002498439 max 0.035970816 sum 600.037708
# target 50% 0.0101201
# target 75% 0.0160975
# target 90% 0.0196839
# target 99% 0.0289251
# target 99.9% 0.0299713
Sockets used: 10 (for perfect keepalive, would be 10)
Jitter: false
Code 200 : 54437 (100.0 %)
All done 54437 calls (plus 10 warmup) 11.023 ms avg, 907.0 qps
Successfully wrote 2210 bytes of Json data to 2022-06-05-033324_asg_taewa_3extra_scaling_3_10.json
fortio exit code: 0
[2022-06-05T03:34:24]==============================[STATS]
jh CPU load avg:
0.12 0.10 0.09 1/165 1280
i-026d92010d2f3b5af
InService
Healthy
{}
i-0568b50cd4171b98f
InService
Healthy
{}
[2022-06-05T03:34:25]==============================[SCALING RUN 3: CHUNK 11]==============================
03:34:25 I logger.go:127> Log level is now 4 Error (was 2 Info)
Fortio 1.19.0 running at -1 queries per second, 2->2 procs, for 1m0s: http://asg-1-lb-1445789978.us-east-1.elb.amazonaws.com:3000/?n=80000
Aggregated Function Time : count 54194 avg 0.01107184 +/- 0.005571 min 0.002548243 max 0.042822957 sum 600.027318
# target 50% 0.0101908
# target 75% 0.0161337
# target 90% 0.0196994
# target 99% 0.0289345
# target 99.9% 0.029974
Sockets used: 10 (for perfect keepalive, would be 10)
Jitter: false
Code 200 : 54194 (100.0 %)
All done 54194 calls (plus 10 warmup) 11.072 ms avg, 903.0 qps
Successfully wrote 2323 bytes of Json data to 2022-06-05-033425_asg_taewa_3extra_scaling_3_11.json
fortio exit code: 0
[2022-06-05T03:35:25]==============================[STATS]
jh CPU load avg:
0.04 0.08 0.08 1/163 1297
i-026d92010d2f3b5af
InService
Healthy
{}
i-0568b50cd4171b98f
InService
Healthy
{}
i-0923982f5ef77d425
InService
Healthy
{}
[2022-06-05T03:35:25]==============================[SCALING RUN 3: CHUNK 12]==============================
03:35:25 I logger.go:127> Log level is now 4 Error (was 2 Info)
Fortio 1.19.0 running at -1 queries per second, 2->2 procs, for 1m0s: http://asg-1-lb-1445789978.us-east-1.elb.amazonaws.com:3000/?n=80000
Aggregated Function Time : count 54598 avg 0.010990152 +/- 0.005541 min 0.002534691 max 0.04545207 sum 600.040314
# target 50% 0.010122
# target 75% 0.01609
# target 90% 0.0196708
# target 99% 0.0288911
# target 99.9% 0.029941
Sockets used: 10 (for perfect keepalive, would be 10)
Jitter: false
Code 200 : 54598 (100.0 %)
All done 54598 calls (plus 10 warmup) 10.990 ms avg, 909.7 qps
Successfully wrote 2322 bytes of Json data to 2022-06-05-033525_asg_taewa_3extra_scaling_3_12.json
fortio exit code: 0
[2022-06-05T03:36:25]==============================[STATS]
jh CPU load avg:
0.01 0.06 0.08 1/163 1314
i-026d92010d2f3b5af
InService
Healthy
{}
i-0568b50cd4171b98f
InService
Healthy
{}
i-0923982f5ef77d425
InService
Healthy
{}
[2022-06-05T03:36:26]==============================[SCALING RUN 3: CHUNK 13]==============================
03:36:26 I logger.go:127> Log level is now 4 Error (was 2 Info)
Fortio 1.19.0 running at -1 queries per second, 2->2 procs, for 1m0s: http://asg-1-lb-1445789978.us-east-1.elb.amazonaws.com:3000/?n=80000
Aggregated Function Time : count 88660 avg 0.0067676274 +/- 0.005685 min 0.002405562 max 0.03719378 sum 600.017844
# target 50% 0.00720476
# target 75% 0.00960441
# target 90% 0.0169594
# target 99% 0.0281467
# target 99.9% 0.0298731
Sockets used: 10 (for perfect keepalive, would be 10)
Jitter: false
Code 200 : 88660 (100.0 %)
All done 88660 calls (plus 10 warmup) 6.768 ms avg, 1477.3 qps
Successfully wrote 2208 bytes of Json data to 2022-06-05-033626_asg_taewa_3extra_scaling_3_13.json
fortio exit code: 0
[2022-06-05T03:37:26]==============================[STATS]
jh CPU load avg:
0.00 0.05 0.07 1/163 1331
i-026d92010d2f3b5af
InService
Healthy
{}
i-0568b50cd4171b98f
InService
Healthy
{}
i-0923982f5ef77d425
InService
Healthy
{}
[2022-06-05T03:37:27]==============================[SCALING RUN 3: CHUNK 14]==============================
03:37:27 I logger.go:127> Log level is now 4 Error (was 2 Info)
Fortio 1.19.0 running at -1 queries per second, 2->2 procs, for 1m0s: http://asg-1-lb-1445789978.us-east-1.elb.amazonaws.com:3000/?n=80000
Aggregated Function Time : count 88413 avg 0.0067864842 +/- 0.005696 min 0.00247098 max 0.035335921 sum 600.013425
# target 50% 0.00723412
# target 75% 0.00961574
# target 90% 0.0169819
# target 99% 0.028153
# target 99.9% 0.0298757
Sockets used: 10 (for perfect keepalive, would be 10)
Jitter: false
Code 200 : 88413 (100.0 %)
All done 88413 calls (plus 10 warmup) 6.786 ms avg, 1473.2 qps
Successfully wrote 2208 bytes of Json data to 2022-06-05-033727_asg_taewa_3extra_scaling_3_14.json
fortio exit code: 0
[2022-06-05T03:38:27]==============================[STATS]
jh CPU load avg:
0.00 0.04 0.07 1/163 1348
i-026d92010d2f3b5af
InService
Healthy
{}
i-0568b50cd4171b98f
InService
Healthy
{}
i-0923982f5ef77d425
InService
Healthy
{}
[2022-06-05T03:42:28]==============================[GET DATA]==============================
2022-06-05T02:02:49..2022-06-05T03:42:28
asg-1-myASG
asg-1-lb
32K alb_data.json
24K asg_data.json
[2022-06-05T03:42:29]==============================[UPLOAD /2022.06.05_02-01_asg_taewa_3extra_7945]==============================
Warning: Permanently added '35.185.210.97' (ECDSA) to the list of known hosts.
