2022-06-01T05:09:12
NAME                            CPU(cores)   CPU%   MEMORY(bytes)   MEMORY%   
ip-192-168-45-69.ec2.internal   52m          2%     1068Mi          32%       
2022-06-01T05:10:14
NAME                             CPU(cores)   CPU%   MEMORY(bytes)   MEMORY%     
ip-192-168-45-69.ec2.internal    53m          2%     938Mi           28%         
ip-192-168-24-118.ec2.internal   <unknown>                           <unknown>               <unknown>               <unknown>               
2022-06-01T05:11:16
NAME                             CPU(cores)   CPU%   MEMORY(bytes)   MEMORY%   
ip-192-168-12-107.ec2.internal   36m          1%     452Mi           13%       
ip-192-168-24-118.ec2.internal   38m          1%     450Mi           13%       
ip-192-168-45-69.ec2.internal    1058m        54%    648Mi           19%       
2022-06-01T05:12:17
NAME                             CPU(cores)   CPU%   MEMORY(bytes)   MEMORY%   
ip-192-168-12-107.ec2.internal   42m          2%     492Mi           14%       
ip-192-168-24-118.ec2.internal   52m          2%     492Mi           14%       
ip-192-168-45-69.ec2.internal    1064m        55%    647Mi           19%       
2022-06-01T05:13:19
NAME                             CPU(cores)   CPU%   MEMORY(bytes)   MEMORY%   
ip-192-168-12-107.ec2.internal   38m          1%     496Mi           14%       
ip-192-168-24-118.ec2.internal   46m          2%     495Mi           14%       
ip-192-168-45-69.ec2.internal    56m          2%     646Mi           19%       
2022-06-01T05:14:21
NAME                             CPU(cores)   CPU%   MEMORY(bytes)   MEMORY%   
ip-192-168-12-107.ec2.internal   1039m        53%    584Mi           17%       
ip-192-168-24-118.ec2.internal   1119m        57%    585Mi           17%       
ip-192-168-45-69.ec2.internal    1112m        57%    685Mi           20%       
2022-06-01T05:15:22
NAME                             CPU(cores)   CPU%   MEMORY(bytes)   MEMORY%   
ip-192-168-12-107.ec2.internal   45m          2%     585Mi           17%       
ip-192-168-24-118.ec2.internal   51m          2%     587Mi           17%       
ip-192-168-45-69.ec2.internal    61m          3%     686Mi           20%       
2022-06-01T05:16:24
NAME                             CPU(cores)   CPU%   MEMORY(bytes)   MEMORY%   
ip-192-168-12-107.ec2.internal   1453m        75%    631Mi           18%       
ip-192-168-24-118.ec2.internal   1983m        102%   643Mi           19%       
ip-192-168-45-69.ec2.internal    1734m        89%    730Mi           21%       
2022-06-01T05:17:26
NAME                             CPU(cores)   CPU%   MEMORY(bytes)   MEMORY%   
ip-192-168-12-107.ec2.internal   1473m        76%    632Mi           18%       
ip-192-168-24-118.ec2.internal   1761m        91%    635Mi           19%       
ip-192-168-45-69.ec2.internal    1737m        90%    731Mi           21%       
2022-06-01T05:18:28
NAME                             CPU(cores)   CPU%   MEMORY(bytes)   MEMORY%   
ip-192-168-12-107.ec2.internal   44m          2%     632Mi           18%       
ip-192-168-24-118.ec2.internal   49m          2%     637Mi           19%       
ip-192-168-45-69.ec2.internal    59m          3%     732Mi           21%       
2022-06-01T05:19:30
NAME                             CPU(cores)   CPU%   MEMORY(bytes)   MEMORY%   
ip-192-168-12-107.ec2.internal   1984m        102%   636Mi           19%       
ip-192-168-24-118.ec2.internal   1174m        60%    630Mi           18%       
ip-192-168-45-69.ec2.internal    1950m        101%   735Mi           22%       
2022-06-01T05:20:31
NAME                             CPU(cores)   CPU%   MEMORY(bytes)   MEMORY%   
ip-192-168-12-107.ec2.internal   41m          2%     638Mi           19%       
ip-192-168-24-118.ec2.internal   49m          2%     632Mi           18%       
ip-192-168-45-69.ec2.internal    58m          3%     752Mi           22%       
2022-06-01T05:21:33
NAME                             CPU(cores)   CPU%   MEMORY(bytes)   MEMORY%   
ip-192-168-12-107.ec2.internal   1905m        98%    637Mi           19%       
ip-192-168-24-118.ec2.internal   1369m        70%    633Mi           19%       
ip-192-168-45-69.ec2.internal    1582m        81%    753Mi           22%       
2022-06-01T05:22:35
NAME                             CPU(cores)   CPU%   MEMORY(bytes)   MEMORY%   
ip-192-168-12-107.ec2.internal   1885m        97%    635Mi           19%       
ip-192-168-24-118.ec2.internal   1368m        70%    634Mi           19%       
ip-192-168-45-69.ec2.internal    1911m        99%    754Mi           22%       
2022-06-01T05:23:37
NAME                             CPU(cores)   CPU%   MEMORY(bytes)   MEMORY%   
ip-192-168-12-107.ec2.internal   44m          2%     635Mi           19%       
ip-192-168-24-118.ec2.internal   47m          2%     634Mi           19%       
ip-192-168-45-69.ec2.internal    62m          3%     753Mi           22%       
2022-06-01T05:24:39
NAME                             CPU(cores)   CPU%   MEMORY(bytes)   MEMORY%   
ip-192-168-12-107.ec2.internal   1971m        102%   654Mi           19%       
ip-192-168-24-118.ec2.internal   1020m        52%    616Mi           18%       
ip-192-168-45-69.ec2.internal    1978m        102%   754Mi           22%       
2022-06-01T05:25:40
NAME                             CPU(cores)   CPU%   MEMORY(bytes)   MEMORY%   
ip-192-168-12-107.ec2.internal   44m          2%     656Mi           19%       
ip-192-168-24-118.ec2.internal   49m          2%     614Mi           18%       
ip-192-168-45-69.ec2.internal    65m          3%     754Mi           22%       
2022-06-01T05:26:42
NAME                             CPU(cores)   CPU%   MEMORY(bytes)   MEMORY%   
ip-192-168-12-107.ec2.internal   1286m        66%    655Mi           19%       
ip-192-168-24-118.ec2.internal   1682m        87%    652Mi           19%       
ip-192-168-45-69.ec2.internal    1981m        102%   752Mi           22%       
2022-06-01T05:27:44
NAME                             CPU(cores)   CPU%   MEMORY(bytes)   MEMORY%   
ip-192-168-12-107.ec2.internal   1372m        71%    653Mi           19%       
ip-192-168-24-118.ec2.internal   1982m        102%   655Mi           19%       
ip-192-168-45-69.ec2.internal    1985m        102%   753Mi           22%       
2022-06-01T05:28:46
NAME                             CPU(cores)   CPU%   MEMORY(bytes)   MEMORY%   
ip-192-168-12-107.ec2.internal   44m          2%     659Mi           19%       
ip-192-168-24-118.ec2.internal   46m          2%     655Mi           19%       
ip-192-168-45-69.ec2.internal    59m          3%     754Mi           22%       
2022-06-01T05:29:48
NAME                             CPU(cores)   CPU%   MEMORY(bytes)   MEMORY%   
ip-192-168-12-107.ec2.internal   1986m        102%   663Mi           19%       
ip-192-168-24-118.ec2.internal   1574m        81%    652Mi           19%       
ip-192-168-45-69.ec2.internal    1985m        102%   755Mi           22%       
2022-06-01T05:30:50
NAME                             CPU(cores)   CPU%   MEMORY(bytes)   MEMORY%   
ip-192-168-12-107.ec2.internal   768m         39%    655Mi           19%       
ip-192-168-24-118.ec2.internal   718m         37%    653Mi           19%       
ip-192-168-45-69.ec2.internal    384m         19%    755Mi           22%       
2022-06-01T05:31:51
NAME                             CPU(cores)   CPU%   MEMORY(bytes)   MEMORY%   
ip-192-168-12-107.ec2.internal   1248m        64%    652Mi           19%       
ip-192-168-24-118.ec2.internal   1988m        103%   657Mi           19%       
ip-192-168-45-69.ec2.internal    1992m        103%   756Mi           22%       
2022-06-01T05:32:53
NAME                             CPU(cores)   CPU%   MEMORY(bytes)   MEMORY%   
ip-192-168-12-107.ec2.internal   1271m        65%    653Mi           19%       
ip-192-168-24-118.ec2.internal   1994m        103%   657Mi           19%       
ip-192-168-45-69.ec2.internal    1994m        103%   755Mi           22%       
2022-06-01T05:33:55
NAME                             CPU(cores)   CPU%   MEMORY(bytes)   MEMORY%   
ip-192-168-12-107.ec2.internal   42m          2%     652Mi           19%       
ip-192-168-24-118.ec2.internal   47m          2%     658Mi           19%       
ip-192-168-45-69.ec2.internal    58m          3%     755Mi           22%       
2022-06-01T05:34:56
NAME                             CPU(cores)   CPU%   MEMORY(bytes)   MEMORY%   
ip-192-168-12-107.ec2.internal   1991m        103%   660Mi           19%       
ip-192-168-24-118.ec2.internal   1994m        103%   657Mi           19%       
ip-192-168-45-69.ec2.internal    1993m        103%   755Mi           22%       
2022-06-01T05:35:58
NAME                             CPU(cores)   CPU%   MEMORY(bytes)   MEMORY%   
ip-192-168-12-107.ec2.internal   95m          4%     656Mi           19%       
ip-192-168-24-118.ec2.internal   350m         18%    658Mi           19%       
ip-192-168-45-69.ec2.internal    466m         24%    755Mi           22%       
2022-06-01T05:37:00
NAME                             CPU(cores)   CPU%   MEMORY(bytes)   MEMORY%   
ip-192-168-12-107.ec2.internal   732m         37%    655Mi           19%       
ip-192-168-24-118.ec2.internal   456m         23%    636Mi           19%       
ip-192-168-45-69.ec2.internal    964m         49%    757Mi           22%       
2022-06-01T05:38:02
NAME                             CPU(cores)   CPU%   MEMORY(bytes)   MEMORY%   
ip-192-168-12-107.ec2.internal   1991m        103%   656Mi           19%       
ip-192-168-24-118.ec2.internal   1980m        102%   656Mi           19%       
ip-192-168-45-69.ec2.internal    1995m        103%   755Mi           22%       
2022-06-01T05:39:04
NAME                             CPU(cores)   CPU%   MEMORY(bytes)   MEMORY%   
ip-192-168-12-107.ec2.internal   44m          2%     658Mi           19%       
ip-192-168-24-118.ec2.internal   45m          2%     657Mi           19%       
ip-192-168-45-69.ec2.internal    59m          3%     755Mi           22%       
2022-06-01T05:40:06
NAME                             CPU(cores)   CPU%   MEMORY(bytes)   MEMORY%   
ip-192-168-12-107.ec2.internal   44m          2%     574Mi           17%       
ip-192-168-24-118.ec2.internal   46m          2%     575Mi           17%       
ip-192-168-45-69.ec2.internal    61m          3%     671Mi           20%       
2022-06-01T05:41:07
NAME                             CPU(cores)   CPU%   MEMORY(bytes)   MEMORY%   
ip-192-168-12-107.ec2.internal   1976m        102%   657Mi           19%       
ip-192-168-24-118.ec2.internal   1994m        103%   657Mi           19%       
ip-192-168-45-69.ec2.internal    1065m        55%    749Mi           22%       
2022-06-01T05:42:09
NAME                             CPU(cores)   CPU%   MEMORY(bytes)   MEMORY%   
ip-192-168-12-107.ec2.internal   1739m        90%    657Mi           19%       
ip-192-168-24-118.ec2.internal   1961m        101%   657Mi           19%       
ip-192-168-45-69.ec2.internal    1990m        103%   753Mi           22%       
2022-06-01T05:43:11
NAME                             CPU(cores)   CPU%   MEMORY(bytes)   MEMORY%   
ip-192-168-12-107.ec2.internal   1775m        91%    657Mi           19%       
ip-192-168-24-118.ec2.internal   1984m        102%   658Mi           19%       
ip-192-168-45-69.ec2.internal    1980m        102%   755Mi           22%       
2022-06-01T05:44:13
NAME                             CPU(cores)   CPU%   MEMORY(bytes)   MEMORY%   
ip-192-168-12-107.ec2.internal   1971m        102%   666Mi           20%       
ip-192-168-24-118.ec2.internal   1972m        102%   657Mi           19%       
ip-192-168-45-69.ec2.internal    1974m        102%   756Mi           22%       
2022-06-01T05:45:15
NAME                             CPU(cores)   CPU%   MEMORY(bytes)   MEMORY%   
ip-192-168-12-107.ec2.internal   1942m        100%   666Mi           20%       
ip-192-168-24-118.ec2.internal   1943m        100%   657Mi           19%       
ip-192-168-45-69.ec2.internal    1992m        103%   755Mi           22%       
2022-06-01T05:46:16
NAME                             CPU(cores)   CPU%   MEMORY(bytes)   MEMORY%   
ip-192-168-12-107.ec2.internal   42m          2%     657Mi           19%       
ip-192-168-24-118.ec2.internal   47m          2%     658Mi           19%       
ip-192-168-45-69.ec2.internal    60m          3%     755Mi           22%       
2022-06-01T05:47:18
NAME                             CPU(cores)   CPU%   MEMORY(bytes)   MEMORY%   
ip-192-168-12-107.ec2.internal   1751m        90%    656Mi           19%       
ip-192-168-24-118.ec2.internal   1992m        103%   658Mi           19%       
ip-192-168-45-69.ec2.internal    1756m        90%    754Mi           22%       
2022-06-01T05:48:20
NAME                             CPU(cores)   CPU%   MEMORY(bytes)   MEMORY%   
ip-192-168-12-107.ec2.internal   1740m        90%    655Mi           19%       
ip-192-168-24-118.ec2.internal   1996m        103%   658Mi           19%       
ip-192-168-45-69.ec2.internal    1772m        91%    755Mi           22%       
2022-06-01T05:49:22
NAME                             CPU(cores)   CPU%   MEMORY(bytes)   MEMORY%   
ip-192-168-12-107.ec2.internal   1762m        91%    655Mi           19%       
ip-192-168-24-118.ec2.internal   2000m        103%   659Mi           19%       
ip-192-168-45-69.ec2.internal    1714m        88%    754Mi           22%       
2022-06-01T05:50:24
NAME                             CPU(cores)   CPU%   MEMORY(bytes)   MEMORY%   
ip-192-168-12-107.ec2.internal   1762m        91%    656Mi           19%       
ip-192-168-24-118.ec2.internal   1997m        103%   657Mi           19%       
ip-192-168-45-69.ec2.internal    1704m        88%    754Mi           22%       
2022-06-01T05:51:26
NAME                             CPU(cores)   CPU%   MEMORY(bytes)   MEMORY%   
ip-192-168-12-107.ec2.internal   1750m        90%    656Mi           19%       
ip-192-168-24-118.ec2.internal   1999m        103%   659Mi           19%       
ip-192-168-45-69.ec2.internal    1715m        88%    755Mi           22%       
2022-06-01T05:52:27
NAME                             CPU(cores)   CPU%   MEMORY(bytes)   MEMORY%   
ip-192-168-12-107.ec2.internal   41m          2%     656Mi           19%       
ip-192-168-24-118.ec2.internal   52m          2%     658Mi           19%       
ip-192-168-45-69.ec2.internal    60m          3%     755Mi           22%       
2022-06-01T05:53:29
NAME                             CPU(cores)   CPU%   MEMORY(bytes)   MEMORY%   
ip-192-168-12-107.ec2.internal   1785m        92%    656Mi           19%       
ip-192-168-24-118.ec2.internal   2001m        103%   660Mi           19%       
ip-192-168-45-69.ec2.internal    1977m        102%   757Mi           22%       
2022-06-01T05:54:31
NAME                             CPU(cores)   CPU%   MEMORY(bytes)   MEMORY%   
ip-192-168-12-107.ec2.internal   1782m        92%    657Mi           19%       
ip-192-168-24-118.ec2.internal   2000m        103%   659Mi           19%       
ip-192-168-45-69.ec2.internal    1892m        98%    756Mi           22%       
2022-06-01T05:55:33
NAME                             CPU(cores)   CPU%   MEMORY(bytes)   MEMORY%   
ip-192-168-12-107.ec2.internal   1777m        92%    658Mi           19%       
ip-192-168-24-118.ec2.internal   1999m        103%   658Mi           19%       
ip-192-168-45-69.ec2.internal    1951m        101%   756Mi           22%       
2022-06-01T05:56:34
NAME                             CPU(cores)   CPU%   MEMORY(bytes)   MEMORY%   
ip-192-168-12-107.ec2.internal   1782m        92%    659Mi           19%       
ip-192-168-24-118.ec2.internal   2000m        103%   658Mi           19%       
ip-192-168-45-69.ec2.internal    1944m        100%   757Mi           22%       
2022-06-01T05:57:36
NAME                             CPU(cores)   CPU%   MEMORY(bytes)   MEMORY%   
ip-192-168-12-107.ec2.internal   1787m        92%    658Mi           19%       
ip-192-168-24-118.ec2.internal   2000m        103%   658Mi           19%       
ip-192-168-45-69.ec2.internal    1982m        102%   755Mi           22%       
2022-06-01T05:58:38
NAME                             CPU(cores)   CPU%   MEMORY(bytes)   MEMORY%   
ip-192-168-12-107.ec2.internal   44m          2%     658Mi           19%       
ip-192-168-24-118.ec2.internal   46m          2%     658Mi           19%       
ip-192-168-45-69.ec2.internal    58m          3%     756Mi           22%       
2022-06-01T05:59:40
NAME                             CPU(cores)   CPU%   MEMORY(bytes)   MEMORY%   
ip-192-168-12-107.ec2.internal   1603m        83%    656Mi           19%       
ip-192-168-24-118.ec2.internal   1995m        103%   658Mi           19%       
ip-192-168-45-69.ec2.internal    1994m        103%   758Mi           22%       
2022-06-01T06:00:42
NAME                             CPU(cores)   CPU%   MEMORY(bytes)   MEMORY%   
ip-192-168-12-107.ec2.internal   1611m        83%    656Mi           19%       
ip-192-168-24-118.ec2.internal   1994m        103%   658Mi           19%       
ip-192-168-45-69.ec2.internal    1994m        103%   757Mi           22%       
2022-06-01T06:01:44
NAME                             CPU(cores)   CPU%   MEMORY(bytes)   MEMORY%   
ip-192-168-12-107.ec2.internal   1601m        82%    657Mi           19%       
ip-192-168-24-118.ec2.internal   1993m        103%   659Mi           19%       
ip-192-168-45-69.ec2.internal    1991m        103%   758Mi           22%       
2022-06-01T06:02:45
NAME                             CPU(cores)   CPU%   MEMORY(bytes)   MEMORY%   
ip-192-168-12-107.ec2.internal   1595m        82%    656Mi           19%       
ip-192-168-24-118.ec2.internal   1993m        103%   659Mi           19%       
ip-192-168-45-69.ec2.internal    1993m        103%   756Mi           22%       
2022-06-01T06:03:47
NAME                             CPU(cores)   CPU%   MEMORY(bytes)   MEMORY%   
ip-192-168-12-107.ec2.internal   1598m        82%    656Mi           19%       
ip-192-168-24-118.ec2.internal   1994m        103%   662Mi           19%       
ip-192-168-45-69.ec2.internal    1995m        103%   757Mi           22%       
2022-06-01T06:04:49
2022-06-01T06:05:51
NAME                             CPU(cores)   CPU%   MEMORY(bytes)   MEMORY%   
ip-192-168-24-118.ec2.internal   162m         8%     1119Mi          33%       
ip-192-168-45-69.ec2.internal    48m          2%     568Mi           17%       
2022-06-01T06:06:53
NAME                             CPU(cores)   CPU%   MEMORY(bytes)   MEMORY%   
ip-192-168-24-118.ec2.internal   60m          3%     1128Mi          33%       
2022-06-01T06:07:54
NAME                             CPU(cores)   CPU%   MEMORY(bytes)   MEMORY%   
ip-192-168-24-118.ec2.internal   169m         8%     1048Mi          31%       
2022-06-01T06:08:56
NAME                             CPU(cores)   CPU%   MEMORY(bytes)   MEMORY%   
ip-192-168-24-118.ec2.internal   953m         49%    1083Mi          32%       
2022-06-01T06:09:58
NAME                             CPU(cores)   CPU%   MEMORY(bytes)   MEMORY%   
ip-192-168-24-118.ec2.internal   2000m        103%   793Mi           23%       
ip-192-168-39-241.ec2.internal   769m         39%    439Mi           13%       
2022-06-01T06:11:00
NAME                             CPU(cores)   CPU%   MEMORY(bytes)   MEMORY%   
ip-192-168-24-118.ec2.internal   2000m        103%   794Mi           23%       
ip-192-168-39-241.ec2.internal   41m          2%     532Mi           15%       
2022-06-01T06:12:01
NAME                             CPU(cores)   CPU%   MEMORY(bytes)   MEMORY%   
ip-192-168-24-118.ec2.internal   1994m        103%   794Mi           23%       
ip-192-168-39-241.ec2.internal   1991m        103%   631Mi           18%       
2022-06-01T06:13:03
NAME                             CPU(cores)   CPU%   MEMORY(bytes)   MEMORY%   
ip-192-168-24-118.ec2.internal   1998m        103%   793Mi           23%       
ip-192-168-39-241.ec2.internal   1968m        101%   635Mi           19%       
ip-192-168-43-25.ec2.internal    287m         14%    446Mi           13%       
2022-06-01T06:14:05
NAME                             CPU(cores)   CPU%   MEMORY(bytes)   MEMORY%   
ip-192-168-24-118.ec2.internal   1323m        68%    792Mi           23%       
ip-192-168-39-241.ec2.internal   1995m        103%   634Mi           19%       
ip-192-168-43-25.ec2.internal    1983m        102%   628Mi           18%       
2022-06-01T06:15:07
NAME                             CPU(cores)   CPU%   MEMORY(bytes)   MEMORY%   
ip-192-168-24-118.ec2.internal   1997m        103%   792Mi           23%       
ip-192-168-39-241.ec2.internal   1936m        100%   636Mi           19%       
ip-192-168-43-25.ec2.internal    1702m        88%    633Mi           19%       
2022-06-01T06:16:10
NAME                             CPU(cores)   CPU%   MEMORY(bytes)   MEMORY%   
ip-192-168-24-118.ec2.internal   1990m        103%   794Mi           23%       
ip-192-168-39-241.ec2.internal   1996m        103%   636Mi           19%       
ip-192-168-43-25.ec2.internal    1880m        97%    633Mi           19%       
2022-06-01T06:17:11
NAME                             CPU(cores)   CPU%   MEMORY(bytes)   MEMORY%   
ip-192-168-24-118.ec2.internal   1785m        92%    793Mi           23%       
ip-192-168-39-241.ec2.internal   1991m        103%   637Mi           19%       
ip-192-168-43-25.ec2.internal    1936m        100%   634Mi           19%       
2022-06-01T06:18:13
NAME                             CPU(cores)   CPU%   MEMORY(bytes)   MEMORY%   
ip-192-168-24-118.ec2.internal   1992m        103%   792Mi           23%       
ip-192-168-39-241.ec2.internal   1720m        89%    635Mi           19%       
ip-192-168-43-25.ec2.internal    1994m        103%   634Mi           19%       
2022-06-01T06:19:15
NAME                             CPU(cores)   CPU%   MEMORY(bytes)   MEMORY%   
ip-192-168-24-118.ec2.internal   1997m        103%   793Mi           23%       
ip-192-168-39-241.ec2.internal   1982m        102%   637Mi           19%       
ip-192-168-43-25.ec2.internal    1736m        89%    634Mi           19%       
2022-06-01T06:20:17
NAME                             CPU(cores)   CPU%   MEMORY(bytes)   MEMORY%   
ip-192-168-24-118.ec2.internal   1731m        89%    793Mi           23%       
ip-192-168-39-241.ec2.internal   1934m        100%   636Mi           19%       
ip-192-168-43-25.ec2.internal    1958m        101%   634Mi           19%       
2022-06-01T06:21:19
NAME                             CPU(cores)   CPU%   MEMORY(bytes)   MEMORY%   
ip-192-168-24-118.ec2.internal   1770m        91%    793Mi           23%       
ip-192-168-39-241.ec2.internal   1974m        102%   637Mi           19%       
ip-192-168-43-25.ec2.internal    1966m        101%   634Mi           19%       
2022-06-01T06:22:21
NAME                             CPU(cores)   CPU%   MEMORY(bytes)   MEMORY%   
ip-192-168-24-118.ec2.internal   1767m        91%    793Mi           23%       
ip-192-168-39-241.ec2.internal   1993m        103%   637Mi           19%       
ip-192-168-43-25.ec2.internal    1735m        89%    637Mi           19%       
2022-06-01T06:23:23
2022-06-01T06:24:25
NAME                             CPU(cores)   CPU%   MEMORY(bytes)   MEMORY%   
ip-192-168-24-118.ec2.internal   57m          2%     571Mi           17%       
ip-192-168-43-25.ec2.internal    107m         5%     755Mi           22%       
2022-06-01T06:25:26
NAME                            CPU(cores)   CPU%   MEMORY(bytes)   MEMORY%   
ip-192-168-43-25.ec2.internal   58m          3%     1104Mi          33%       
2022-06-01T06:26:28
NAME                            CPU(cores)   CPU%   MEMORY(bytes)   MEMORY%   
ip-192-168-43-25.ec2.internal   76m          3%     983Mi           29%       
2022-06-01T06:27:30
NAME                            CPU(cores)   CPU%   MEMORY(bytes)   MEMORY%   
ip-192-168-43-25.ec2.internal   1116m        57%    1080Mi          32%       
2022-06-01T06:28:31
NAME                             CPU(cores)   CPU%   MEMORY(bytes)   MEMORY%   
ip-192-168-29-236.ec2.internal   1033m        53%    623Mi           18%       
ip-192-168-43-25.ec2.internal    1255m        65%    796Mi           23%       
2022-06-01T06:29:33
NAME                             CPU(cores)   CPU%   MEMORY(bytes)   MEMORY%   
ip-192-168-29-236.ec2.internal   1675m        86%    633Mi           19%       
ip-192-168-43-25.ec2.internal    1764m        91%    793Mi           23%       
2022-06-01T06:30:35
NAME                             CPU(cores)   CPU%   MEMORY(bytes)   MEMORY%   
ip-192-168-29-236.ec2.internal   1776m        92%    634Mi           19%       
ip-192-168-43-25.ec2.internal    1990m        103%   794Mi           23%       
ip-192-168-43-253.ec2.internal   37m          1%     453Mi           13%       
2022-06-01T06:31:37
NAME                             CPU(cores)   CPU%   MEMORY(bytes)   MEMORY%   
ip-192-168-29-236.ec2.internal   1996m        103%   635Mi           19%       
ip-192-168-43-25.ec2.internal    1988m        103%   791Mi           23%       
ip-192-168-43-253.ec2.internal   44m          2%     536Mi           16%       
2022-06-01T06:32:39
NAME                             CPU(cores)   CPU%   MEMORY(bytes)   MEMORY%   
ip-192-168-29-236.ec2.internal   1744m        90%    634Mi           19%       
ip-192-168-43-25.ec2.internal    1784m        92%    791Mi           23%       
ip-192-168-43-253.ec2.internal   1999m        103%   630Mi           18%       
2022-06-01T06:33:41
NAME                             CPU(cores)   CPU%   MEMORY(bytes)   MEMORY%   
ip-192-168-29-236.ec2.internal   1988m        103%   635Mi           19%       
ip-192-168-43-25.ec2.internal    1991m        103%   791Mi           23%       
ip-192-168-43-253.ec2.internal   1981m        102%   633Mi           19%       
2022-06-01T06:34:42
NAME                             CPU(cores)   CPU%   MEMORY(bytes)   MEMORY%   
ip-192-168-29-236.ec2.internal   1982m        102%   636Mi           19%       
ip-192-168-43-25.ec2.internal    1544m        80%    791Mi           23%       
ip-192-168-43-253.ec2.internal   1995m        103%   633Mi           19%       
2022-06-01T06:35:45
NAME                             CPU(cores)   CPU%   MEMORY(bytes)   MEMORY%   
ip-192-168-29-236.ec2.internal   2000m        103%   634Mi           19%       
ip-192-168-43-25.ec2.internal    1780m        92%    791Mi           23%       
ip-192-168-43-253.ec2.internal   1792m        92%    634Mi           19%       
2022-06-01T06:36:47
NAME                             CPU(cores)   CPU%   MEMORY(bytes)   MEMORY%   
ip-192-168-29-236.ec2.internal   1752m        90%    636Mi           19%       
ip-192-168-43-25.ec2.internal    1996m        103%   793Mi           23%       
ip-192-168-43-253.ec2.internal   1422m        73%    635Mi           19%       
2022-06-01T06:37:49
NAME                             CPU(cores)   CPU%   MEMORY(bytes)   MEMORY%   
ip-192-168-29-236.ec2.internal   1985m        102%   644Mi           19%       
ip-192-168-43-25.ec2.internal    1197m        62%    792Mi           23%       
ip-192-168-43-253.ec2.internal   1996m        103%   635Mi           19%       
2022-06-01T06:38:50
NAME                             CPU(cores)   CPU%   MEMORY(bytes)   MEMORY%   
ip-192-168-29-236.ec2.internal   1982m        102%   646Mi           19%       
ip-192-168-43-25.ec2.internal    1980m        102%   792Mi           23%       
ip-192-168-43-253.ec2.internal   1991m        103%   637Mi           19%       
2022-06-01T06:39:52
NAME                             CPU(cores)   CPU%   MEMORY(bytes)   MEMORY%   
ip-192-168-29-236.ec2.internal   2000m        103%   645Mi           19%       
ip-192-168-43-25.ec2.internal    1573m        81%    792Mi           23%       
ip-192-168-43-253.ec2.internal   1050m        54%    636Mi           19%       
2022-06-01T06:40:54
NAME                             CPU(cores)   CPU%   MEMORY(bytes)   MEMORY%   
ip-192-168-29-236.ec2.internal   1975m        102%   638Mi           19%       
ip-192-168-43-25.ec2.internal    1978m        102%   792Mi           23%       
ip-192-168-43-253.ec2.internal   1984m        102%   636Mi           19%       
2022-06-01T06:41:56
2022-06-01T06:42:58
NAME                             CPU(cores)   CPU%   MEMORY(bytes)   MEMORY%   
ip-192-168-29-236.ec2.internal   46m          2%     526Mi           15%       
ip-192-168-43-25.ec2.internal    41m          2%     567Mi           17%       
ip-192-168-43-253.ec2.internal   168m         8%     1098Mi          32%       
2022-06-01T06:43:59
NAME                             CPU(cores)   CPU%   MEMORY(bytes)   MEMORY%   
ip-192-168-43-253.ec2.internal   56m          2%     1105Mi          33%       
2022-06-01T06:45:01
NAME                             CPU(cores)   CPU%   MEMORY(bytes)   MEMORY%   
ip-192-168-43-253.ec2.internal   87m          4%     1001Mi          30%       
2022-06-01T06:46:03
NAME                             CPU(cores)   CPU%   MEMORY(bytes)   MEMORY%   
ip-192-168-43-253.ec2.internal   1075m        55%    1081Mi          32%       
2022-06-01T06:47:05
NAME                             CPU(cores)   CPU%   MEMORY(bytes)   MEMORY%     
ip-192-168-43-253.ec2.internal   2000m        103%   792Mi           23%         
ip-192-168-17-217.ec2.internal   <unknown>                           <unknown>               <unknown>               <unknown>               
2022-06-01T06:48:07
NAME                             CPU(cores)   CPU%   MEMORY(bytes)   MEMORY%   
ip-192-168-17-217.ec2.internal   50m          2%     532Mi           15%       
ip-192-168-43-253.ec2.internal   1986m        102%   793Mi           23%       
2022-06-01T06:49:09
NAME                             CPU(cores)   CPU%   MEMORY(bytes)   MEMORY%   
ip-192-168-17-217.ec2.internal   1993m        103%   630Mi           18%       
ip-192-168-43-253.ec2.internal   1977m        102%   793Mi           23%       
2022-06-01T06:50:11
NAME                             CPU(cores)   CPU%   MEMORY(bytes)   MEMORY%     
ip-192-168-17-217.ec2.internal   1980m        102%   633Mi           19%         
ip-192-168-43-253.ec2.internal   1974m        102%   793Mi           23%         
ip-192-168-32-58.ec2.internal    <unknown>                           <unknown>               <unknown>               <unknown>               
2022-06-01T06:51:13
NAME                             CPU(cores)   CPU%   MEMORY(bytes)   MEMORY%   
ip-192-168-17-217.ec2.internal   1984m        102%   634Mi           19%       
ip-192-168-32-58.ec2.internal    41m          2%     528Mi           15%       
ip-192-168-43-253.ec2.internal   2000m        103%   793Mi           23%       
2022-06-01T06:52:15
NAME                             CPU(cores)   CPU%   MEMORY(bytes)   MEMORY%   
ip-192-168-17-217.ec2.internal   1983m        102%   634Mi           19%       
ip-192-168-32-58.ec2.internal    1721m        89%    626Mi           18%       
ip-192-168-43-253.ec2.internal   1775m        91%    791Mi           23%       
2022-06-01T06:53:16
NAME                             CPU(cores)   CPU%   MEMORY(bytes)   MEMORY%   
ip-192-168-17-217.ec2.internal   1997m        103%   634Mi           19%       
ip-192-168-32-58.ec2.internal    973m         50%    630Mi           18%       
ip-192-168-43-253.ec2.internal   1066m        55%    791Mi           23%       
2022-06-01T06:54:18
NAME                             CPU(cores)   CPU%   MEMORY(bytes)   MEMORY%   
ip-192-168-17-217.ec2.internal   1530m        79%    640Mi           19%       
ip-192-168-32-58.ec2.internal    1997m        103%   632Mi           18%       
ip-192-168-43-253.ec2.internal   1973m        102%   791Mi           23%       
2022-06-01T06:55:20
NAME                             CPU(cores)   CPU%   MEMORY(bytes)   MEMORY%   
ip-192-168-17-217.ec2.internal   1978m        102%   643Mi           19%       
ip-192-168-32-58.ec2.internal    1990m        103%   632Mi           18%       
ip-192-168-43-253.ec2.internal   1570m        81%    790Mi           23%       
2022-06-01T06:56:22
NAME                             CPU(cores)   CPU%   MEMORY(bytes)   MEMORY%   
ip-192-168-17-217.ec2.internal   1995m        103%   636Mi           19%       
ip-192-168-32-58.ec2.internal    1891m        97%    632Mi           18%       
ip-192-168-43-253.ec2.internal   1708m        88%    791Mi           23%       
2022-06-01T06:57:24
NAME                             CPU(cores)   CPU%   MEMORY(bytes)   MEMORY%   
ip-192-168-17-217.ec2.internal   1590m        82%    635Mi           19%       
ip-192-168-32-58.ec2.internal    1707m        88%    632Mi           18%       
ip-192-168-43-253.ec2.internal   1986m        102%   792Mi           23%       
2022-06-01T06:58:25
NAME                             CPU(cores)   CPU%   MEMORY(bytes)   MEMORY%   
ip-192-168-17-217.ec2.internal   1988m        103%   635Mi           19%       
ip-192-168-32-58.ec2.internal    1481m        76%    632Mi           18%       
ip-192-168-43-253.ec2.internal   1966m        101%   792Mi           23%       
2022-06-01T06:59:27
NAME                             CPU(cores)   CPU%   MEMORY(bytes)   MEMORY%   
ip-192-168-17-217.ec2.internal   1998m        103%   640Mi           19%       
ip-192-168-32-58.ec2.internal    1963m        101%   634Mi           19%       
ip-192-168-43-253.ec2.internal   1974m        102%   792Mi           23%       
2022-06-01T07:00:29
NAME                             CPU(cores)   CPU%   MEMORY(bytes)   MEMORY%   
ip-192-168-17-217.ec2.internal   46m          2%     636Mi           19%       
ip-192-168-32-58.ec2.internal    45m          2%     634Mi           19%       
ip-192-168-43-253.ec2.internal   59m          3%     793Mi           23%       
2022-06-01T07:01:31
NAME                             CPU(cores)   CPU%   MEMORY(bytes)   MEMORY%   
ip-192-168-17-217.ec2.internal   47m          2%     655Mi           19%       
ip-192-168-32-58.ec2.internal    51m          2%     553Mi           16%       
ip-192-168-43-253.ec2.internal   65m          3%     711Mi           21%       
2022-06-01T07:02:32
NAME                             CPU(cores)   CPU%   MEMORY(bytes)   MEMORY%   
ip-192-168-17-217.ec2.internal   47m          2%     572Mi           17%       
ip-192-168-32-58.ec2.internal    47m          2%     552Mi           16%       
ip-192-168-43-253.ec2.internal   59m          3%     712Mi           21%       
2022-06-01T07:03:34
NAME                             CPU(cores)   CPU%   MEMORY(bytes)   MEMORY%   
ip-192-168-17-217.ec2.internal   45m          2%     572Mi           17%       
ip-192-168-32-58.ec2.internal    46m          2%     553Mi           16%       
ip-192-168-43-253.ec2.internal   57m          2%     712Mi           21%       
