+ git log -3
commit 41cf33201aead23cba1f1e121e9d87237bf6cc23
Author: Your Name <you@example.com>
Date:   Tue Mar 29 08:52:16 2022 +1300

    more logging

commit 0c47b221b750550e4a95f529bba3d75a205557ea
Author: Your Name <you@example.com>
Date:   Sun Mar 27 08:46:05 2022 +1300

    adjust Taewa lite and add Tewa extra tests

commit 865b4d5a55b8bf5cca7934deda9a241b9cbff638
Author: Your Name <you@example.com>
Date:   Sat Mar 26 21:35:59 2022 +1300

    reduce apache2 deployment requests
++ cut -d _ -f 2
+ app=taewa
+ export AWS_DEFAULT_REGION=us-east-1
+ AWS_DEFAULT_REGION=us-east-1
+ line===============================
++ date +%FT%T
+ echo '[2022-04-03T07:21:25]==============================[starting' in '/tmp/k8s-vs-ASG/data/cli]=============================='
[2022-04-03T07:21:25]==============================[starting in /tmp/k8s-vs-ASG/data/cli]==============================
+ source 0.setup.sh
++ set -x
++ '[' asg_taewa_3lite == k8s_apache_3 ']'
++ '[' asg_taewa_3lite == asg_apache_3 ']'
++ '[' asg_taewa_3lite == k8s_apache2_3 ']'
++ '[' asg_taewa_3lite == k8s_taewa_3 ']'
++ '[' asg_taewa_3lite == asg_taewa_3 ']'
++ '[' asg_taewa_3lite == k8s_taewa_3lite ']'
++ '[' asg_taewa_3lite == asg_taewa_3lite ']'
++ warmup_url='3000/?n=1'
++ testing_url='3000/?n=1'
++ cpu_perc=35
++ warmup_min_threads=60
++ warmup_max_threads=70
++ warmup_cycle_sec=90
++ scaling_minutes=14
++ performance_sec=300
++ max_capacity=3
++ fortio_options='-a -qps -1 -r 0.01 -loglevel Error -allow-initial-errors'
++ '[' asg_taewa_3lite == k8s_taewa_3extra ']'
++ '[' asg_taewa_3lite == asg_taewa_3extra ']'
++ '[' asg_taewa_3lite == k8s_taewa_6 ']'
++ '[' asg_taewa_3lite == asg_taewa_6 ']'
++ '[' asg_taewa_3lite == k8s_riwai_3 ']'
++ '[' asg_taewa_3lite == asg_riwai_3 ']'
++ '[' asg_taewa_3lite == asg_raupi_3 ']'
++ '[' asg_taewa_3lite == k8s_raupi_3 ']'
++ set +x
{
    "Account": "638747492136", 
    "UserId": "AIDAZJOCRH4UPQZGBUE4E", 
    "Arn": "arn:aws:iam::638747492136:user/ad"
}
[2022-04-03T07:21:31] waiting for instances ...
scaling to 3
{
    "HealthCheck": {
        "HealthyThreshold": 2, 
        "Interval": 10, 
        "Target": "HTTP:3000/?n=1", 
        "Timeout": 5, 
        "UnhealthyThreshold": 6
    }
}
  % Total    % Received % Xferd  Average Speed   Time    Time     Time  Current
                                 Dload  Upload   Total   Spent    Left  Speed
  0     0    0     0    0     0      0      0 --:--:-- --:--:-- --:--:--     0100    44    0    44    0     0   6504      0 --:--:-- --:--:-- --:--:--  7333
The result of this run is :  0.5607739293716
[2022-04-03T07:26:35]==============================[STATS]
jh CPU load avg:
0.01 0.19 0.14 1/156 2874
i-03751c57ababb5ecd
InService
Healthy
{}
i-053904a69b7a58fae
InService
Healthy
{}
i-0a52c0a6594857af7
InService
Healthy
{}
[2022-04-03T07:26:35]==============================[WARMUP RUN c60]==============================
07:26:35 I logger.go:127> Log level is now 4 Error (was 2 Info)
Fortio 1.19.0 running at -1 queries per second, 2->2 procs, for 1m30s: http://asg-1-lb-910690454.us-east-1.elb.amazonaws.com:3000/?n=1
Aggregated Function Time : count 2544544 avg 0.0021218962 +/- 0.001053 min 0.001043145 max 0.216215337 sum 5399.25836
# target 50% 0.00552531
# target 75% 0.00776639
# target 90% 0.00911104
# target 99% 0.00991783
# target 99.9% 0.00999851
Sockets used: 60 (for perfect keepalive, would be 60)
Jitter: false
Code 200 : 2544544 (100.0 %)
All done 2544544 calls (plus 60 warmup) 2.122 ms avg, 28272.0 qps
Successfully wrote 2214 bytes of Json data to 2022-04-03-072635_asg_taewa_3lite_warmup_60.json
fortio exit code: 0
[2022-04-03T07:28:05]==============================[STATS]
jh CPU load avg:
0.75 0.38 0.21 1/157 2892
i-03751c57ababb5ecd
InService
Healthy
{}
i-053904a69b7a58fae
InService
Healthy
{}
i-0a52c0a6594857af7
InService
Healthy
{}
[2022-04-03T07:29:06]==============================[STATS]
jh CPU load avg:
0.27 0.31 0.19 1/157 2901
i-03751c57ababb5ecd
InService
Healthy
{}
i-053904a69b7a58fae
InService
Healthy
{}
i-0a52c0a6594857af7
InService
Healthy
{}
[2022-04-03T07:29:07]==============================[WARMUP RUN c61]==============================
07:29:07 I logger.go:127> Log level is now 4 Error (was 2 Info)
Fortio 1.19.0 running at -1 queries per second, 2->2 procs, for 1m30s: http://asg-1-lb-910690454.us-east-1.elb.amazonaws.com:3000/?n=1
Aggregated Function Time : count 3968874 avg 0.0013829721 +/- 0.0004066 min 0.000932012 max 0.208583398 sum 5488.84219
# target 50% 0.00546668
# target 75% 0.00773402
# target 90% 0.00909442
# target 99% 0.00991066
# target 99.9% 0.00999229
Sockets used: 61 (for perfect keepalive, would be 61)
Jitter: false
Code 200 : 3968874 (100.0 %)
All done 3968874 calls (plus 61 warmup) 1.383 ms avg, 44097.8 qps
Successfully wrote 2214 bytes of Json data to 2022-04-03-072907_asg_taewa_3lite_warmup_61.json
fortio exit code: 0
[2022-04-03T07:30:37]==============================[STATS]
jh CPU load avg:
1.57 0.73 0.35 1/158 2926
i-03751c57ababb5ecd
InService
Healthy
{}
i-053904a69b7a58fae
InService
Healthy
{}
i-0a52c0a6594857af7
InService
Healthy
{}
[2022-04-03T07:31:38]==============================[STATS]
jh CPU load avg:
0.57 0.60 0.33 1/158 2935
i-03751c57ababb5ecd
InService
Healthy
{}
i-053904a69b7a58fae
InService
Healthy
{}
i-0a52c0a6594857af7
InService
Healthy
{}
[2022-04-03T07:31:38]==============================[WARMUP RUN c62]==============================
07:31:38 I logger.go:127> Log level is now 4 Error (was 2 Info)
Fortio 1.19.0 running at -1 queries per second, 2->2 procs, for 1m30s: http://asg-1-lb-910690454.us-east-1.elb.amazonaws.com:3000/?n=1
Aggregated Function Time : count 3977829 avg 0.0014024828 +/- 0.0005072 min 0.000925849 max 0.211481817 sum 5578.83693
# target 50% 0.00546398
# target 75% 0.00773304
# target 90% 0.00909448
# target 99% 0.00991135
# target 99.9% 0.00999303
Sockets used: 62 (for perfect keepalive, would be 62)
Jitter: false
Code 200 : 3977829 (100.0 %)
All done 3977829 calls (plus 62 warmup) 1.402 ms avg, 44197.4 qps
Successfully wrote 2218 bytes of Json data to 2022-04-03-073139_asg_taewa_3lite_warmup_62.json
fortio exit code: 0
[2022-04-03T07:33:09]==============================[STATS]
jh CPU load avg:
1.34 0.86 0.45 1/158 2952
i-03751c57ababb5ecd
InService
Healthy
{}
i-053904a69b7a58fae
InService
Healthy
{}
i-0a52c0a6594857af7
InService
Healthy
{}
[2022-04-03T07:34:09]==============================[STATS]
jh CPU load avg:
0.49 0.70 0.42 1/158 2962
i-03751c57ababb5ecd
InService
Healthy
{}
i-053904a69b7a58fae
InService
Healthy
{}
i-0a52c0a6594857af7
InService
Healthy
{}
[2022-04-03T07:34:10]==============================[WARMUP RUN c63]==============================
07:34:10 I logger.go:127> Log level is now 4 Error (was 2 Info)
Fortio 1.19.0 running at -1 queries per second, 2->2 procs, for 1m30s: http://asg-1-lb-910690454.us-east-1.elb.amazonaws.com:3000/?n=1
Aggregated Function Time : count 4015899 avg 0.0014115905 +/- 0.0004447 min 0.000944396 max 0.209353191 sum 5668.80495
# target 50% 0.00547259
# target 75% 0.00773668
# target 90% 0.00909514
# target 99% 0.00991021
# target 99.9% 0.00999172
Sockets used: 63 (for perfect keepalive, would be 63)
Jitter: false
Code 200 : 4015899 (100.0 %)
All done 4015899 calls (plus 63 warmup) 1.412 ms avg, 44620.4 qps
Successfully wrote 2332 bytes of Json data to 2022-04-03-073410_asg_taewa_3lite_warmup_63.json
fortio exit code: 0
[2022-04-03T07:35:40]==============================[STATS]
jh CPU load avg:
1.23 0.90 0.52 1/158 2984
i-03751c57ababb5ecd
InService
Healthy
{}
i-053904a69b7a58fae
InService
Healthy
{}
i-0a52c0a6594857af7
InService
Healthy
{}
[2022-04-03T07:36:41]==============================[STATS]
jh CPU load avg:
0.45 0.73 0.48 1/158 2993
i-03751c57ababb5ecd
InService
Healthy
{}
i-053904a69b7a58fae
InService
Healthy
{}
i-0a52c0a6594857af7
InService
Healthy
{}
[2022-04-03T07:36:41]==============================[WARMUP RUN c64]==============================
07:36:41 I logger.go:127> Log level is now 4 Error (was 2 Info)
Fortio 1.19.0 running at -1 queries per second, 2->2 procs, for 1m30s: http://asg-1-lb-910690454.us-east-1.elb.amazonaws.com:3000/?n=1
Aggregated Function Time : count 4135934 avg 0.0013923721 +/- 0.0004077 min 0.000945496 max 0.209266355 sum 5758.75893
# target 50% 0.00547304
# target 75% 0.00773681
# target 90% 0.00909507
# target 99% 0.00991003
# target 99.9% 0.00999153
Sockets used: 64 (for perfect keepalive, would be 64)
Jitter: false
Code 200 : 4135934 (100.0 %)
All done 4135934 calls (plus 64 warmup) 1.392 ms avg, 45954.2 qps
Successfully wrote 2094 bytes of Json data to 2022-04-03-073641_asg_taewa_3lite_warmup_64.json
fortio exit code: 0
[2022-04-03T07:38:11]==============================[STATS]
jh CPU load avg:
1.06 0.86 0.56 1/158 3010
i-03751c57ababb5ecd
InService
Healthy
{}
i-053904a69b7a58fae
InService
Healthy
{}
i-0a52c0a6594857af7
InService
Healthy
{}
[2022-04-03T07:39:12]==============================[STATS]
jh CPU load avg:
0.36 0.69 0.52 1/158 3020
i-03751c57ababb5ecd
InService
Healthy
{}
i-053904a69b7a58fae
InService
Healthy
{}
i-0a52c0a6594857af7
InService
Healthy
{}
[2022-04-03T07:39:13]==============================[WARMUP RUN c65]==============================
07:39:13 I logger.go:127> Log level is now 4 Error (was 2 Info)
Fortio 1.19.0 running at -1 queries per second, 2->2 procs, for 1m30s: http://asg-1-lb-910690454.us-east-1.elb.amazonaws.com:3000/?n=1
Aggregated Function Time : count 3896619 avg 0.0015010146 +/- 0.0009413 min 0.000964026 max 0.209290383 sum 5848.8822
# target 50% 0.00549396
# target 75% 0.00775894
# target 90% 0.00911792
# target 99% 0.00993331
# target 99.9% 0.0171989
Sockets used: 65 (for perfect keepalive, would be 65)
Jitter: false
Code 200 : 3896619 (100.0 %)
All done 3896619 calls (plus 65 warmup) 1.501 ms avg, 43294.4 qps
Successfully wrote 2336 bytes of Json data to 2022-04-03-073913_asg_taewa_3lite_warmup_65.json
fortio exit code: 0
[2022-04-03T07:40:43]==============================[STATS]
jh CPU load avg:
1.36 0.91 0.61 1/159 3045
i-03751c57ababb5ecd
InService
Healthy
{}
i-053904a69b7a58fae
InService
Healthy
{}
i-0a52c0a6594857af7
InService
Healthy
{}
[2022-04-03T07:41:43]==============================[STATS]
jh CPU load avg:
0.50 0.74 0.57 1/159 3054
i-03751c57ababb5ecd
InService
Healthy
{}
i-053904a69b7a58fae
InService
Healthy
{}
i-0a52c0a6594857af7
InService
Healthy
{}
[2022-04-03T07:41:44]==============================[WARMUP RUN c66]==============================
07:41:44 I logger.go:127> Log level is now 4 Error (was 2 Info)
Fortio 1.19.0 running at -1 queries per second, 2->2 procs, for 1m30s: http://asg-1-lb-910690454.us-east-1.elb.amazonaws.com:3000/?n=1
Aggregated Function Time : count 3886612 avg 0.0015280221 +/- 0.0009036 min 0.00095159 max 0.208812876 sum 5938.82885
# target 50% 0.00548608
# target 75% 0.00775332
# target 90% 0.00911367
# target 99% 0.00992987
# target 99.9% 0.0163329
Sockets used: 66 (for perfect keepalive, would be 66)
Jitter: false
Code 200 : 3886612 (100.0 %)
All done 3886612 calls (plus 66 warmup) 1.528 ms avg, 43183.9 qps
Successfully wrote 2334 bytes of Json data to 2022-04-03-074144_asg_taewa_3lite_warmup_66.json
fortio exit code: 0
[2022-04-03T07:43:14]==============================[STATS]
jh CPU load avg:
0.98 0.86 0.63 1/159 3071
i-03751c57ababb5ecd
InService
Healthy
{}
i-053904a69b7a58fae
InService
Healthy
{}
i-0a52c0a6594857af7
InService
Healthy
{}
[2022-04-03T07:44:15]==============================[STATS]
jh CPU load avg:
0.36 0.70 0.59 1/159 3081
i-03751c57ababb5ecd
InService
Healthy
{}
i-053904a69b7a58fae
InService
Healthy
{}
i-0a52c0a6594857af7
InService
Healthy
{}
[2022-04-03T07:44:15]==============================[WARMUP RUN c67]==============================
07:44:15 I logger.go:127> Log level is now 4 Error (was 2 Info)
Fortio 1.19.0 running at -1 queries per second, 2->2 procs, for 1m30s: http://asg-1-lb-910690454.us-east-1.elb.amazonaws.com:3000/?n=1
Aggregated Function Time : count 3923133 avg 0.0015367534 +/- 0.0009456 min 0.000939828 max 0.211299378 sum 6028.88788
# target 50% 0.0054821
# target 75% 0.00775324
# target 90% 0.00911592
# target 99% 0.00993353
# target 99.9% 0.0171914
Sockets used: 67 (for perfect keepalive, would be 67)
Jitter: false
Code 200 : 3923133 (100.0 %)
All done 3923133 calls (plus 67 warmup) 1.537 ms avg, 43589.0 qps
Successfully wrote 2336 bytes of Json data to 2022-04-03-074415_asg_taewa_3lite_warmup_67.json
fortio exit code: 0
[2022-04-03T07:45:45]==============================[STATS]
jh CPU load avg:
0.88 0.76 0.62 1/156 3147
i-03751c57ababb5ecd
InService
Healthy
{}
i-053904a69b7a58fae
InService
Healthy
{}
i-0a52c0a6594857af7
InService
Healthy
{}
[2022-04-03T07:46:46]==============================[STATS]
jh CPU load avg:
0.32 0.62 0.58 1/157 3157
i-03751c57ababb5ecd
InService
Healthy
{}
i-053904a69b7a58fae
InService
Healthy
{}
i-0a52c0a6594857af7
InService
Healthy
{}
[2022-04-03T07:46:47]==============================[WARMUP RUN c68]==============================
07:46:47 I logger.go:127> Log level is now 4 Error (was 2 Info)
Fortio 1.19.0 running at -1 queries per second, 2->2 procs, for 1m30s: http://asg-1-lb-910690454.us-east-1.elb.amazonaws.com:3000/?n=1
Aggregated Function Time : count 4019254 avg 0.0015223717 +/- 0.0009201 min 0.000954199 max 0.209204723 sum 6118.79862
# target 50% 0.00548976
# target 75% 0.00775754
# target 90% 0.0091182
# target 99% 0.0099346
# target 99.9% 0.0171208
Sockets used: 68 (for perfect keepalive, would be 68)
Jitter: false
Code 200 : 4019254 (100.0 %)
All done 4019254 calls (plus 68 warmup) 1.522 ms avg, 44657.7 qps
Successfully wrote 2335 bytes of Json data to 2022-04-03-074647_asg_taewa_3lite_warmup_68.json
fortio exit code: 0
[2022-04-03T07:48:17]==============================[STATS]
jh CPU load avg:
1.17 0.82 0.66 1/157 3174
i-03751c57ababb5ecd
InService
Healthy
{}
i-053904a69b7a58fae
InService
Healthy
{}
i-0a52c0a6594857af7
InService
Healthy
{}
[2022-04-03T07:49:18]==============================[STATS]
jh CPU load avg:
0.42 0.67 0.62 1/157 3184
i-03751c57ababb5ecd
InService
Healthy
{}
i-053904a69b7a58fae
InService
Healthy
{}
i-0a52c0a6594857af7
InService
Healthy
{}
[2022-04-03T07:49:18]==============================[WARMUP RUN c69]==============================
07:49:18 I logger.go:127> Log level is now 4 Error (was 2 Info)
Fortio 1.19.0 running at -1 queries per second, 2->2 procs, for 1m30s: http://asg-1-lb-910690454.us-east-1.elb.amazonaws.com:3000/?n=1
Aggregated Function Time : count 4438790 avg 0.0013987411 +/- 0.000371 min 0.000909246 max 0.207873472 sum 6208.71798
# target 50% 0.00545515
# target 75% 0.0077281
# target 90% 0.00909187
# target 99% 0.00991014
# target 99.9% 0.00999196
Sockets used: 69 (for perfect keepalive, would be 69)
Jitter: false
Code 200 : 4438790 (100.0 %)
All done 4438790 calls (plus 69 warmup) 1.399 ms avg, 49319.1 qps
Successfully wrote 2214 bytes of Json data to 2022-04-03-074918_asg_taewa_3lite_warmup_69.json
fortio exit code: 0
[2022-04-03T07:50:48]==============================[STATS]
jh CPU load avg:
1.31 0.90 0.70 1/159 3209
i-03751c57ababb5ecd
InService
Healthy
{}
i-053904a69b7a58fae
InService
Healthy
{}
i-0a52c0a6594857af7
InService
Healthy
{}
[2022-04-03T07:51:49]==============================[STATS]
jh CPU load avg:
0.48 0.74 0.66 1/159 3219
i-03751c57ababb5ecd
InService
Healthy
{}
i-053904a69b7a58fae
InService
Healthy
{}
i-0a52c0a6594857af7
InService
Healthy
{}
[2022-04-03T07:51:50]==============================[WARMUP RUN c70]==============================
07:51:50 I logger.go:127> Log level is now 4 Error (was 2 Info)
Fortio 1.19.0 running at -1 queries per second, 2->2 procs, for 1m30s: http://asg-1-lb-910690454.us-east-1.elb.amazonaws.com:3000/?n=1
Aggregated Function Time : count 4513059 avg 0.001395643 +/- 0.0003647 min 0.000922831 max 0.209061323 sum 6298.61927
# target 50% 0.0054623
# target 75% 0.00773203
# target 90% 0.00909387
# target 99% 0.00991098
# target 99.9% 0.00999269
Sockets used: 70 (for perfect keepalive, would be 70)
Jitter: false
Code 200 : 4513059 (100.0 %)
All done 4513059 calls (plus 70 warmup) 1.396 ms avg, 50144.1 qps
Successfully wrote 2213 bytes of Json data to 2022-04-03-075150_asg_taewa_3lite_warmup_70.json
fortio exit code: 0
[2022-04-03T07:53:20]==============================[STATS]
jh CPU load avg:
1.18 0.88 0.72 1/159 3236
i-03751c57ababb5ecd
InService
Healthy
{}
i-053904a69b7a58fae
InService
Healthy
{}
i-0a52c0a6594857af7
InService
Healthy
{}
{
    "LoadBalancerDescriptions": [
        {
            "Subnets": [
                "subnet-025eabbdc6cec927f", 
                "subnet-0fefac896165d1942"
            ], 
            "CanonicalHostedZoneNameID": "Z35SXDOTRQ7X7K", 
            "CanonicalHostedZoneName": "asg-1-lb-910690454.us-east-1.elb.amazonaws.com", 
            "ListenerDescriptions": [
                {
                    "Listener": {
                        "InstancePort": 3000, 
                        "LoadBalancerPort": 3000, 
                        "Protocol": "TCP", 
                        "InstanceProtocol": "TCP"
                    }, 
                    "PolicyNames": []
                }, 
                {
                    "Listener": {
                        "InstancePort": 80, 
                        "LoadBalancerPort": 80, 
                        "Protocol": "TCP", 
                        "InstanceProtocol": "TCP"
                    }, 
                    "PolicyNames": []
                }
            ], 
            "HealthCheck": {
                "HealthyThreshold": 2, 
                "Interval": 10, 
                "Target": "HTTP:3000/?n=1", 
                "Timeout": 5, 
                "UnhealthyThreshold": 6
            }, 
            "VPCId": "vpc-040f3a348b274307e", 
            "BackendServerDescriptions": [], 
            "Instances": [
                {
                    "InstanceId": "i-03751c57ababb5ecd"
                }, 
                {
                    "InstanceId": "i-053904a69b7a58fae"
                }, 
                {
                    "InstanceId": "i-0a52c0a6594857af7"
                }
            ], 
            "DNSName": "asg-1-lb-910690454.us-east-1.elb.amazonaws.com", 
            "SecurityGroups": [
                "sg-0eb853237c85073ad"
            ], 
            "Policies": {
                "LBCookieStickinessPolicies": [], 
                "AppCookieStickinessPolicies": [], 
                "OtherPolicies": []
            }, 
            "LoadBalancerName": "asg-1-lb", 
            "CreatedTime": "2022-04-03T07:17:37.500Z", 
            "AvailabilityZones": [
                "us-east-1b", 
                "us-east-1a"
            ], 
            "Scheme": "internet-facing", 
            "SourceSecurityGroup": {
                "OwnerAlias": "638747492136", 
                "GroupName": "asg-1-ALBSecurityGroup-PXCESUXXYBVB"
            }
        }
    ]
}
{
    "AutoScalingGroups": [
        {
            "AutoScalingGroupARN": "arn:aws:autoscaling:us-east-1:638747492136:autoScalingGroup:fa3b255d-6d20-4f21-9573-41ab49928bea:autoScalingGroupName/asg-1-myASG", 
            "ServiceLinkedRoleARN": "arn:aws:iam::638747492136:role/aws-service-role/autoscaling.amazonaws.com/AWSServiceRoleForAutoScaling", 
            "TargetGroupARNs": [], 
            "SuspendedProcesses": [], 
            "LaunchTemplate": {
                "LaunchTemplateName": "asg-1-launch-template", 
                "Version": "1", 
                "LaunchTemplateId": "lt-049eea36ce690a020"
            }, 
            "Tags": [
                {
                    "ResourceType": "auto-scaling-group", 
                    "ResourceId": "asg-1-myASG", 
                    "PropagateAtLaunch": true, 
                    "Value": "asg-1-instance", 
                    "Key": "Name"
                }, 
                {
                    "ResourceType": "auto-scaling-group", 
                    "ResourceId": "asg-1-myASG", 
                    "PropagateAtLaunch": false, 
                    "Value": "WebServerGroup", 
                    "Key": "Purpose"
                }, 
                {
                    "ResourceType": "auto-scaling-group", 
                    "ResourceId": "asg-1-myASG", 
                    "PropagateAtLaunch": true, 
                    "Value": "myASG", 
                    "Key": "aws:cloudformation:logical-id"
                }, 
                {
                    "ResourceType": "auto-scaling-group", 
                    "ResourceId": "asg-1-myASG", 
                    "PropagateAtLaunch": true, 
                    "Value": "arn:aws:cloudformation:us-east-1:638747492136:stack/asg-1/1a6b8e90-b31e-11ec-9589-0e196272c605", 
                    "Key": "aws:cloudformation:stack-id"
                }, 
                {
                    "ResourceType": "auto-scaling-group", 
                    "ResourceId": "asg-1-myASG", 
                    "PropagateAtLaunch": true, 
                    "Value": "asg-1", 
                    "Key": "aws:cloudformation:stack-name"
                }
            ], 
            "EnabledMetrics": [
                {
                    "Metric": "GroupDesiredCapacity", 
                    "Granularity": "1Minute"
                }, 
                {
                    "Metric": "GroupPendingInstances", 
                    "Granularity": "1Minute"
                }, 
                {
                    "Metric": "WarmPoolTotalCapacity", 
                    "Granularity": "1Minute"
                }, 
                {
                    "Metric": "GroupTerminatingInstances", 
                    "Granularity": "1Minute"
                }, 
                {
                    "Metric": "GroupStandbyCapacity", 
                    "Granularity": "1Minute"
                }, 
                {
                    "Metric": "GroupPendingCapacity", 
                    "Granularity": "1Minute"
                }, 
                {
                    "Metric": "WarmPoolPendingCapacity", 
                    "Granularity": "1Minute"
                }, 
                {
                    "Metric": "GroupAndWarmPoolDesiredCapacity", 
                    "Granularity": "1Minute"
                }, 
                {
                    "Metric": "GroupAndWarmPoolTotalCapacity", 
                    "Granularity": "1Minute"
                }, 
                {
                    "Metric": "GroupTotalInstances", 
                    "Granularity": "1Minute"
                }, 
                {
                    "Metric": "GroupInServiceCapacity", 
                    "Granularity": "1Minute"
                }, 
                {
                    "Metric": "WarmPoolWarmedCapacity", 
                    "Granularity": "1Minute"
                }, 
                {
                    "Metric": "WarmPoolTerminatingCapacity", 
                    "Granularity": "1Minute"
                }, 
                {
                    "Metric": "GroupMinSize", 
                    "Granularity": "1Minute"
                }, 
                {
                    "Metric": "GroupMaxSize", 
                    "Granularity": "1Minute"
                }, 
                {
                    "Metric": "GroupInServiceInstances", 
                    "Granularity": "1Minute"
                }, 
                {
                    "Metric": "WarmPoolDesiredCapacity", 
                    "Granularity": "1Minute"
                }, 
                {
                    "Metric": "WarmPoolMinSize", 
                    "Granularity": "1Minute"
                }, 
                {
                    "Metric": "GroupTotalCapacity", 
                    "Granularity": "1Minute"
                }, 
                {
                    "Metric": "GroupTerminatingCapacity", 
                    "Granularity": "1Minute"
                }, 
                {
                    "Metric": "GroupStandbyInstances", 
                    "Granularity": "1Minute"
                }
            ], 
            "TerminationPolicies": [
                "Default"
            ], 
            "AutoScalingGroupName": "asg-1-myASG", 
            "DefaultCooldown": 300, 
            "MinSize": 1, 
            "Instances": [
                {
                    "ProtectedFromScaleIn": false, 
                    "AvailabilityZone": "us-east-1a", 
                    "LaunchTemplate": {
                        "LaunchTemplateName": "asg-1-launch-template", 
                        "Version": "1", 
                        "LaunchTemplateId": "lt-049eea36ce690a020"
                    }, 
                    "InstanceId": "i-03751c57ababb5ecd", 
                    "HealthStatus": "Healthy", 
                    "LifecycleState": "InService", 
                    "InstanceType": "t3.medium"
                }, 
                {
                    "ProtectedFromScaleIn": false, 
                    "AvailabilityZone": "us-east-1b", 
                    "LaunchTemplate": {
                        "LaunchTemplateName": "asg-1-launch-template", 
                        "Version": "1", 
                        "LaunchTemplateId": "lt-049eea36ce690a020"
                    }, 
                    "InstanceId": "i-053904a69b7a58fae", 
                    "HealthStatus": "Healthy", 
                    "LifecycleState": "InService", 
                    "InstanceType": "t3.medium"
                }, 
                {
                    "ProtectedFromScaleIn": false, 
                    "AvailabilityZone": "us-east-1b", 
                    "LaunchTemplate": {
                        "LaunchTemplateName": "asg-1-launch-template", 
                        "Version": "1", 
                        "LaunchTemplateId": "lt-049eea36ce690a020"
                    }, 
                    "InstanceId": "i-0a52c0a6594857af7", 
                    "HealthStatus": "Healthy", 
                    "LifecycleState": "InService", 
                    "InstanceType": "t3.medium"
                }
            ], 
            "MaxSize": 3, 
            "VPCZoneIdentifier": "subnet-0fefac896165d1942,subnet-025eabbdc6cec927f", 
            "HealthCheckGracePeriod": 300, 
            "LoadBalancerNames": [
                "asg-1-lb"
            ], 
            "CreatedTime": "2022-04-03T07:20:00.075Z", 
            "AvailabilityZones": [
                "us-east-1a", 
                "us-east-1b"
            ], 
            "HealthCheckType": "EC2", 
            "NewInstancesProtectedFromScaleIn": false, 
            "DesiredCapacity": 3
        }
    ]
}
[2022-04-03T07:54:23]==============================[PERFORMANCE CHUNK RUN 71]==============================
[2022-04-03T07:55:23]==============================[STATS]
jh CPU load avg:
0.16 0.59 0.62 1/157 3261
i-03751c57ababb5ecd
InService
Healthy
{}
i-053904a69b7a58fae
InService
Healthy
{}
i-0a52c0a6594857af7
InService
Healthy
{}
07:55:23 I logger.go:127> Log level is now 4 Error (was 2 Info)
Fortio 1.19.0 running at -1 queries per second, 2->2 procs, for 1m0s: http://asg-1-lb-910690454.us-east-1.elb.amazonaws.com:3000/?n=1
Aggregated Function Time : count 2943038 avg 0.001426797 +/- 0.0003501 min 0.000889335 max 0.206035103 sum 4199.11779
# target 50% 0.00544544
# target 75% 0.0077235
# target 90% 0.00909033
# target 99% 0.00991044
# target 99.9% 0.00999245
Sockets used: 70 (for perfect keepalive, would be 70)
Jitter: false
Code 200 : 2943038 (100.0 %)
All done 2943038 calls (plus 70 warmup) 1.427 ms avg, 49049.1 qps
Successfully wrote 2464 bytes of Json data to 2022-04-03-075523_asg_taewa_3lite_performance_chunk_71_1.json
fortio exit code: 0
[2022-04-03T07:56:23]==============================[STATS]
jh CPU load avg:
0.88 0.73 0.67 1/156 3277
i-03751c57ababb5ecd
InService
Healthy
{}
i-053904a69b7a58fae
InService
Healthy
{}
i-0a52c0a6594857af7
InService
Healthy
{}
07:56:24 I logger.go:127> Log level is now 4 Error (was 2 Info)
Fortio 1.19.0 running at -1 queries per second, 2->2 procs, for 1m0s: http://asg-1-lb-910690454.us-east-1.elb.amazonaws.com:3000/?n=1
Aggregated Function Time : count 2995082 avg 0.0014019937 +/- 0.0002194 min 0.000937086 max 0.012562699 sum 4199.08609
# target 50% 0.00546862
# target 75% 0.00773439
# target 90% 0.00909385
# target 99% 0.00990953
# target 99.9% 0.0099911
Sockets used: 70 (for perfect keepalive, would be 70)
Jitter: false
Code 200 : 2995082 (100.0 %)
All done 2995082 calls (plus 70 warmup) 1.402 ms avg, 49916.9 qps
Successfully wrote 1988 bytes of Json data to 2022-04-03-075624_asg_taewa_3lite_performance_chunk_71_2.json
fortio exit code: 0
[2022-04-03T07:57:24]==============================[STATS]
jh CPU load avg:
1.16 0.84 0.72 1/157 3294
i-03751c57ababb5ecd
InService
Healthy
{}
i-053904a69b7a58fae
InService
Healthy
{}
i-0a52c0a6594857af7
InService
Healthy
{}
07:57:25 I logger.go:127> Log level is now 4 Error (was 2 Info)
Fortio 1.19.0 running at -1 queries per second, 2->2 procs, for 1m0s: http://asg-1-lb-910690454.us-east-1.elb.amazonaws.com:3000/?n=1
Aggregated Function Time : count 2946882 avg 0.0014249331 +/- 0.0003139 min 0.00093637 max 0.20790159 sum 4199.10979
# target 50% 0.00546842
# target 75% 0.00773445
# target 90% 0.00909406
# target 99% 0.00990983
# target 99.9% 0.00999141
Sockets used: 70 (for perfect keepalive, would be 70)
Jitter: false
Code 200 : 2946882 (100.0 %)
All done 2946882 calls (plus 70 warmup) 1.425 ms avg, 49113.6 qps
Successfully wrote 2222 bytes of Json data to 2022-04-03-075725_asg_taewa_3lite_performance_chunk_71_3.json
fortio exit code: 0
[2022-04-03T07:58:25]==============================[STATS]
jh CPU load avg:
1.29 0.92 0.75 1/157 3310
i-03751c57ababb5ecd
InService
Healthy
{}
i-053904a69b7a58fae
InService
Healthy
{}
i-0a52c0a6594857af7
InService
Healthy
{}
07:58:25 I logger.go:127> Log level is now 4 Error (was 2 Info)
Fortio 1.19.0 running at -1 queries per second, 2->2 procs, for 1m0s: http://asg-1-lb-910690454.us-east-1.elb.amazonaws.com:3000/?n=1
Aggregated Function Time : count 2971632 avg 0.0014130644 +/- 0.0002236 min 0.000932081 max 0.011156625 sum 4199.10747
# target 50% 0.00546605
# target 75% 0.00773304
# target 90% 0.00909323
# target 99% 0.00990934
# target 99.9% 0.00999095
Sockets used: 70 (for perfect keepalive, would be 70)
Jitter: false
Code 200 : 2971632 (100.0 %)
All done 2971632 calls (plus 70 warmup) 1.413 ms avg, 49526.0 qps
Successfully wrote 1986 bytes of Json data to 2022-04-03-075826_asg_taewa_3lite_performance_chunk_71_4.json
fortio exit code: 0
[2022-04-03T07:59:26]==============================[STATS]
jh CPU load avg:
1.28 0.99 0.79 1/157 3331
i-03751c57ababb5ecd
InService
Healthy
{}
i-053904a69b7a58fae
InService
Healthy
{}
i-0a52c0a6594857af7
InService
Healthy
{}
07:59:26 I logger.go:127> Log level is now 4 Error (was 2 Info)
Fortio 1.19.0 running at -1 queries per second, 2->2 procs, for 1m0s: http://asg-1-lb-910690454.us-east-1.elb.amazonaws.com:3000/?n=1
Aggregated Function Time : count 2941066 avg 0.0014277533 +/- 0.0003108 min 0.000921467 max 0.207484516 sum 4199.11681
# target 50% 0.00546122
# target 75% 0.0077311
# target 90% 0.00909302
# target 99% 0.00991018
# target 99.9% 0.0099919
Sockets used: 70 (for perfect keepalive, would be 70)
Jitter: false
Code 200 : 2941066 (100.0 %)
All done 2941066 calls (plus 70 warmup) 1.428 ms avg, 49016.6 qps
Successfully wrote 2220 bytes of Json data to 2022-04-03-075926_asg_taewa_3lite_performance_chunk_71_5.json
fortio exit code: 0
[2022-04-03T08:01:26]==============================[STATS]
jh CPU load avg:
0.39 0.81 0.75 1/160 3370
i-03751c57ababb5ecd
InService
Healthy
{}
i-053904a69b7a58fae
InService
Healthy
{}
i-0a52c0a6594857af7
InService
Healthy
{}
[2022-04-03T08:01:27]==============================[PERFORMANCE RUN 1]==============================
08:01:27 I logger.go:127> Log level is now 4 Error (was 2 Info)
Fortio 1.19.0 running at -1 queries per second, 2->2 procs, for 5m0s: http://asg-1-lb-910690454.us-east-1.elb.amazonaws.com:3000/?n=1
Aggregated Function Time : count 14918201 avg 0.0014073875 +/- 0.0002934 min 0.000914733 max 0.209410068 sum 20995.6895
# target 50% 0.00545747
# target 75% 0.00772884
# target 90% 0.00909166
# target 99% 0.00990935
# target 99.9% 0.00999112
Sockets used: 70 (for perfect keepalive, would be 70)
Jitter: false
Code 200 : 14918201 (100.0 %)
All done 14918201 calls (plus 70 warmup) 1.407 ms avg, 49727.1 qps
Successfully wrote 2111 bytes of Json data to 2022-04-03-080127_asg_taewa_3lite_performance_1.json
fortio exit code: 0
[2022-04-03T08:06:27]==============================[STATS]
jh CPU load avg:
1.79 1.29 0.97 1/158 3394
i-03751c57ababb5ecd
InService
Healthy
{}
i-053904a69b7a58fae
InService
Healthy
{}
i-0a52c0a6594857af7
InService
Healthy
{}
[2022-04-03T08:07:28]==============================[STATS]
jh CPU load avg:
0.66 1.06 0.90 1/158 3403
i-03751c57ababb5ecd
InService
Healthy
{}
i-053904a69b7a58fae
InService
Healthy
{}
i-0a52c0a6594857af7
InService
Healthy
{}
[2022-04-03T08:07:28]==============================[PERFORMANCE RUN 2]==============================
08:07:28 I logger.go:127> Log level is now 4 Error (was 2 Info)
Fortio 1.19.0 running at -1 queries per second, 2->2 procs, for 5m0s: http://asg-1-lb-910690454.us-east-1.elb.amazonaws.com:3000/?n=1
Aggregated Function Time : count 15036591 avg 0.0013962906 +/- 0.0003673 min 0.000908405 max 0.209371613 sum 20995.4504
# target 50% 0.00545426
# target 75% 0.00772718
# target 90% 0.00909094
# target 99% 0.00990919
# target 99.9% 0.00999102
Sockets used: 70 (for perfect keepalive, would be 70)
Jitter: false
Code 200 : 15036591 (100.0 %)
All done 15036591 calls (plus 70 warmup) 1.396 ms avg, 50121.7 qps
Successfully wrote 2111 bytes of Json data to 2022-04-03-080729_asg_taewa_3lite_performance_2.json
fortio exit code: 0
[2022-04-03T08:12:29]==============================[STATS]
jh CPU load avg:
1.58 1.35 1.07 1/159 3432
i-03751c57ababb5ecd
InService
Healthy
{}
i-053904a69b7a58fae
InService
Healthy
{}
i-0a52c0a6594857af7
InService
Healthy
{}
[2022-04-03T08:13:29]==============================[STATS]
jh CPU load avg:
0.58 1.10 1.00 1/159 3441
i-03751c57ababb5ecd
InService
Healthy
{}
i-053904a69b7a58fae
InService
Healthy
{}
i-0a52c0a6594857af7
InService
Healthy
{}
[2022-04-03T08:13:30]==============================[PERFORMANCE RUN 3]==============================
08:13:30 I logger.go:127> Log level is now 4 Error (was 2 Info)
Fortio 1.19.0 running at -1 queries per second, 2->2 procs, for 5m0s: http://asg-1-lb-910690454.us-east-1.elb.amazonaws.com:3000/?n=1
Aggregated Function Time : count 14726141 avg 0.0014257374 +/- 0.0003093 min 0.0009138 max 0.208893771 sum 20995.6096
# target 50% 0.005457
# target 75% 0.0077286
# target 90% 0.00909156
# target 99% 0.00990934
# target 99.9% 0.00999111
Sockets used: 70 (for perfect keepalive, would be 70)
Jitter: false
Code 200 : 14726141 (100.0 %)
All done 14726141 calls (plus 70 warmup) 1.426 ms avg, 49086.9 qps
Successfully wrote 2225 bytes of Json data to 2022-04-03-081330_asg_taewa_3lite_performance_3.json
fortio exit code: 0
[2022-04-03T08:18:30]==============================[STATS]
jh CPU load avg:
1.62 1.33 1.12 1/158 3513
i-03751c57ababb5ecd
InService
Healthy
{}
i-053904a69b7a58fae
InService
Healthy
{}
i-0a52c0a6594857af7
InService
Healthy
{}
scaling to 0
{
    "Alarms": [
        {
            "AlarmName": "TargetTracking-asg-1-myASG-AlarmHigh-87cf24d0-56ab-43d3-9c4c-5b922bab695c", 
            "AlarmARN": "arn:aws:cloudwatch:us-east-1:638747492136:alarm:TargetTracking-asg-1-myASG-AlarmHigh-87cf24d0-56ab-43d3-9c4c-5b922bab695c"
        }, 
        {
            "AlarmName": "TargetTracking-asg-1-myASG-AlarmLow-65493388-f0f1-4db2-9a92-50f6a7b07380", 
            "AlarmARN": "arn:aws:cloudwatch:us-east-1:638747492136:alarm:TargetTracking-asg-1-myASG-AlarmLow-65493388-f0f1-4db2-9a92-50f6a7b07380"
        }
    ], 
    "PolicyARN": "arn:aws:autoscaling:us-east-1:638747492136:scalingPolicy:1d9eea9b-d015-402c-a355-134faf0c6aca:autoScalingGroupName/asg-1-myASG:policyName/asg-1-AppServerSP-6KYHYCH8BEOD"
}
[2022-04-03T08:19:02]==============================[SCALING RUN 1: INIT]==============================
{
    "Alarms": [
        {
            "AlarmName": "TargetTracking-asg-1-myASG-AlarmHigh-87cf24d0-56ab-43d3-9c4c-5b922bab695c", 
            "AlarmARN": "arn:aws:cloudwatch:us-east-1:638747492136:alarm:TargetTracking-asg-1-myASG-AlarmHigh-87cf24d0-56ab-43d3-9c4c-5b922bab695c"
        }, 
        {
            "AlarmName": "TargetTracking-asg-1-myASG-AlarmLow-65493388-f0f1-4db2-9a92-50f6a7b07380", 
            "AlarmARN": "arn:aws:cloudwatch:us-east-1:638747492136:alarm:TargetTracking-asg-1-myASG-AlarmLow-65493388-f0f1-4db2-9a92-50f6a7b07380"
        }
    ], 
    "PolicyARN": "arn:aws:autoscaling:us-east-1:638747492136:scalingPolicy:1d9eea9b-d015-402c-a355-134faf0c6aca:autoScalingGroupName/asg-1-myASG:policyName/asg-1-AppServerSP-6KYHYCH8BEOD"
}
scaling to 1
[2022-04-03T08:19:03]==============================[SCALING RUN 1: ENABLE SCALING - SLEEP]==============================
{
    "Alarms": [
        {
            "AlarmName": "TargetTracking-asg-1-myASG-AlarmHigh-b2811246-3449-4912-9c55-7942962dd2cd", 
            "AlarmARN": "arn:aws:cloudwatch:us-east-1:638747492136:alarm:TargetTracking-asg-1-myASG-AlarmHigh-b2811246-3449-4912-9c55-7942962dd2cd"
        }, 
        {
            "AlarmName": "TargetTracking-asg-1-myASG-AlarmLow-7d18e258-532c-4e7e-9581-02cd0627208b", 
            "AlarmARN": "arn:aws:cloudwatch:us-east-1:638747492136:alarm:TargetTracking-asg-1-myASG-AlarmLow-7d18e258-532c-4e7e-9581-02cd0627208b"
        }
    ], 
    "PolicyARN": "arn:aws:autoscaling:us-east-1:638747492136:scalingPolicy:1d9eea9b-d015-402c-a355-134faf0c6aca:autoScalingGroupName/asg-1-myASG:policyName/asg-1-AppServerSP-6KYHYCH8BEOD"
}
[2022-04-03T08:22:04]==============================[SCALING RUN 1: FORTIO]==============================
[2022-04-03T08:22:04]==============================[STATS]
jh CPU load avg:
0.04 0.64 0.88 1/159 3557
i-0141b8ba7572fa7e8
InService
Healthy
{}
[2022-04-03T08:22:05]==============================[SCALING RUN 1: CHUNK 1]==============================
08:22:05 I logger.go:127> Log level is now 4 Error (was 2 Info)
Fortio 1.19.0 running at -1 queries per second, 2->2 procs, for 1m0s: http://asg-1-lb-910690454.us-east-1.elb.amazonaws.com:3000/?n=1
Aggregated Function Time : count 1376204 avg 0.0030517468 +/- 0.001242 min 0.001178879 max 0.215323136 sum 4199.82615
# target 50% 0.00559868
# target 75% 0.00780859
# target 90% 0.00913453
# target 99% 0.0099301
# target 99.9% 0.0158956
Sockets used: 105 (for perfect keepalive, would be 70)
Jitter: false
Code 200 : 1376204 (100.0 %)
All done 1376204 calls (plus 70 warmup) 3.052 ms avg, 22874.4 qps
Successfully wrote 2338 bytes of Json data to 2022-04-03-082205_asg_taewa_3lite_scaling_1_1.json
fortio exit code: 0
[2022-04-03T08:23:05]==============================[STATS]
jh CPU load avg:
0.65 0.71 0.89 1/159 3574
i-0141b8ba7572fa7e8
InService
Healthy
{}
i-0eef1c0dd2ffaaa62
InService
Healthy
{}
[2022-04-03T08:23:06]==============================[SCALING RUN 1: CHUNK 2]==============================
08:23:06 I logger.go:127> Log level is now 4 Error (was 2 Info)
Fortio 1.19.0 running at -1 queries per second, 2->2 procs, for 1m0s: http://asg-1-lb-910690454.us-east-1.elb.amazonaws.com:3000/?n=1
Aggregated Function Time : count 1370523 avg 0.0030642908 +/- 0.001031 min 0.001106888 max 0.21108921 sum 4199.68099
# target 50% 0.00555525
# target 75% 0.00777944
# target 90% 0.00911395
# target 99% 0.00991465
# target 99.9% 0.00999473
Sockets used: 70 (for perfect keepalive, would be 70)
Jitter: false
Code 200 : 1370523 (100.0 %)
All done 1370523 calls (plus 70 warmup) 3.064 ms avg, 22840.9 qps
Successfully wrote 2095 bytes of Json data to 2022-04-03-082306_asg_taewa_3lite_scaling_1_2.json
fortio exit code: 0
[2022-04-03T08:24:06]==============================[STATS]
jh CPU load avg:
0.82 0.73 0.89 1/164 5239
i-0141b8ba7572fa7e8
InService
Healthy
{}
i-0eef1c0dd2ffaaa62
InService
Healthy
{}
[2022-04-03T08:24:07]==============================[SCALING RUN 1: CHUNK 3]==============================
08:24:07 I logger.go:127> Log level is now 4 Error (was 2 Info)
Fortio 1.19.0 running at -1 queries per second, 2->2 procs, for 1m0s: http://asg-1-lb-910690454.us-east-1.elb.amazonaws.com:3000/?n=1
Aggregated Function Time : count 3037008 avg 0.0013826433 +/- 0.0003301 min 0.00090806 max 0.206531231 sum 4199.09874
# target 50% 0.00545435
# target 75% 0.0077275
# target 90% 0.00909139
# target 99% 0.00990972
# target 99.9% 0.00999156
Sockets used: 70 (for perfect keepalive, would be 70)
Jitter: false
Code 200 : 3037008 (100.0 %)
All done 3037008 calls (plus 70 warmup) 1.383 ms avg, 50614.9 qps
Successfully wrote 2214 bytes of Json data to 2022-04-03-082407_asg_taewa_3lite_scaling_1_3.json
fortio exit code: 0
[2022-04-03T08:25:07]==============================[STATS]
jh CPU load avg:
1.90 1.07 1.00 1/159 689
i-0141b8ba7572fa7e8
InService
Healthy
{}
i-0eef1c0dd2ffaaa62
InService
Healthy
{}
[2022-04-03T08:25:08]==============================[SCALING RUN 1: CHUNK 4]==============================
08:25:08 I logger.go:127> Log level is now 4 Error (was 2 Info)
Fortio 1.19.0 running at -1 queries per second, 2->2 procs, for 1m0s: http://asg-1-lb-910690454.us-east-1.elb.amazonaws.com:3000/?n=1
Aggregated Function Time : count 3055417 avg 0.0013743066 +/- 0.0003415 min 0.000915333 max 0.208322413 sum 4199.0796
# target 50% 0.00545779
# target 75% 0.00772902
# target 90% 0.00909176
# target 99% 0.0099094
# target 99.9% 0.00999116
Sockets used: 70 (for perfect keepalive, would be 70)
Jitter: false
Code 200 : 3055417 (100.0 %)
All done 3055417 calls (plus 70 warmup) 1.374 ms avg, 50922.4 qps
Successfully wrote 2097 bytes of Json data to 2022-04-03-082508_asg_taewa_3lite_scaling_1_4.json
fortio exit code: 0
[2022-04-03T08:26:08]==============================[STATS]
jh CPU load avg:
1.77 1.19 1.05 1/158 707
i-0141b8ba7572fa7e8
InService
Healthy
{}
i-0eef1c0dd2ffaaa62
InService
Healthy
{}
[2022-04-03T08:26:08]==============================[SCALING RUN 1: CHUNK 5]==============================
08:26:08 I logger.go:127> Log level is now 4 Error (was 2 Info)
Fortio 1.19.0 running at -1 queries per second, 2->2 procs, for 1m0s: http://asg-1-lb-910690454.us-east-1.elb.amazonaws.com:3000/?n=1
Aggregated Function Time : count 3048786 avg 0.0013773006 +/- 0.0002848 min 0.000905335 max 0.208420005 sum 4199.09471
# target 50% 0.00545283
# target 75% 0.00772658
# target 90% 0.00909083
# target 99% 0.00990938
# target 99.9% 0.00999123
Sockets used: 70 (for perfect keepalive, would be 70)
Jitter: false
Code 200 : 3048786 (100.0 %)
All done 3048786 calls (plus 70 warmup) 1.377 ms avg, 50811.9 qps
Successfully wrote 2212 bytes of Json data to 2022-04-03-082608_asg_taewa_3lite_scaling_1_5.json
fortio exit code: 0
[2022-04-03T08:27:08]==============================[STATS]
jh CPU load avg:
1.63 1.25 1.08 2/158 724
i-0141b8ba7572fa7e8
InService
Healthy
{}
i-0eef1c0dd2ffaaa62
InService
Healthy
{}
[2022-04-03T08:27:09]==============================[SCALING RUN 1: CHUNK 6]==============================
08:27:09 I logger.go:127> Log level is now 4 Error (was 2 Info)
Fortio 1.19.0 running at -1 queries per second, 2->2 procs, for 1m0s: http://asg-1-lb-910690454.us-east-1.elb.amazonaws.com:3000/?n=1
Aggregated Function Time : count 3046729 avg 0.0013782179 +/- 0.0003271 min 0.00091298 max 0.208898996 sum 4199.05647
# target 50% 0.00545668
# target 75% 0.00772853
# target 90% 0.00909164
# target 99% 0.00990951
# target 99.9% 0.0099913
Sockets used: 70 (for perfect keepalive, would be 70)
Jitter: false
Code 200 : 3046729 (100.0 %)
All done 3046729 calls (plus 70 warmup) 1.378 ms avg, 50777.7 qps
Successfully wrote 2215 bytes of Json data to 2022-04-03-082709_asg_taewa_3lite_scaling_1_6.json
fortio exit code: 0
[2022-04-03T08:28:09]==============================[STATS]
jh CPU load avg:
1.39 1.25 1.09 1/158 741
i-0141b8ba7572fa7e8
InService
Healthy
{}
i-0eef1c0dd2ffaaa62
InService
Healthy
{}
[2022-04-03T08:28:10]==============================[SCALING RUN 1: CHUNK 7]==============================
08:28:10 I logger.go:127> Log level is now 4 Error (was 2 Info)
Fortio 1.19.0 running at -1 queries per second, 2->2 procs, for 1m0s: http://asg-1-lb-910690454.us-east-1.elb.amazonaws.com:3000/?n=1
Aggregated Function Time : count 3050017 avg 0.0013767405 +/- 0.0002695 min 0.000904144 max 0.023486058 sum 4199.08199
# target 50% 0.00545224
# target 75% 0.00772629
# target 90% 0.00909072
# target 99% 0.00990938
# target 99.9% 0.00999124
Sockets used: 70 (for perfect keepalive, would be 70)
Jitter: false
Code 200 : 3050017 (100.0 %)
All done 3050017 calls (plus 70 warmup) 1.377 ms avg, 50832.4 qps
Successfully wrote 2095 bytes of Json data to 2022-04-03-082810_asg_taewa_3lite_scaling_1_7.json
fortio exit code: 0
[2022-04-03T08:29:10]==============================[STATS]
jh CPU load avg:
0.97 1.17 1.07 1/158 759
i-0141b8ba7572fa7e8
InService
Healthy
{}
i-0577cadc7eeb5222f
InService
Healthy
{}
i-0eef1c0dd2ffaaa62
InService
Healthy
{}
[2022-04-03T08:29:10]==============================[SCALING RUN 1: CHUNK 8]==============================
08:29:10 I logger.go:127> Log level is now 4 Error (was 2 Info)
Fortio 1.19.0 running at -1 queries per second, 2->2 procs, for 1m0s: http://asg-1-lb-910690454.us-east-1.elb.amazonaws.com:3000/?n=1
Aggregated Function Time : count 3049621 avg 0.0013769064 +/- 0.0002399 min 0.000915549 max 0.009777963 sum 4199.0426
# target 50% 0.00534675
# target 75% 0.00756236
# target 90% 0.00889172
# target 99% 0.00968934
# target 99.9% 0.0097691
Sockets used: 70 (for perfect keepalive, would be 70)
Jitter: false
Code 200 : 3049621 (100.0 %)
All done 3049621 calls (plus 70 warmup) 1.377 ms avg, 50825.9 qps
Successfully wrote 1860 bytes of Json data to 2022-04-03-082911_asg_taewa_3lite_scaling_1_8.json
fortio exit code: 0
[2022-04-03T08:30:11]==============================[STATS]
jh CPU load avg:
1.39 1.26 1.11 1/160 783
i-0141b8ba7572fa7e8
InService
Healthy
{}
i-0577cadc7eeb5222f
InService
Healthy
{}
i-0eef1c0dd2ffaaa62
InService
Healthy
{}
[2022-04-03T08:30:12]==============================[SCALING RUN 1: CHUNK 9]==============================
08:30:12 I logger.go:127> Log level is now 4 Error (was 2 Info)
Fortio 1.19.0 running at -1 queries per second, 2->2 procs, for 1m0s: http://asg-1-lb-910690454.us-east-1.elb.amazonaws.com:3000/?n=1
Aggregated Function Time : count 3219447 avg 0.0013042686 +/- 0.0003154 min 0.000908175 max 0.208051335 sum 4199.02359
# target 50% 0.00545439
# target 75% 0.0077275
# target 90% 0.00909137
# target 99% 0.00990969
# target 99.9% 0.00999152
Sockets used: 70 (for perfect keepalive, would be 70)
Jitter: false
Code 200 : 3219447 (100.0 %)
All done 3219447 calls (plus 70 warmup) 1.304 ms avg, 53655.6 qps
Successfully wrote 2212 bytes of Json data to 2022-04-03-083012_asg_taewa_3lite_scaling_1_9.json
fortio exit code: 0
[2022-04-03T08:31:12]==============================[STATS]
jh CPU load avg:
1.54 1.32 1.14 1/160 801
i-0141b8ba7572fa7e8
InService
Healthy
{}
i-0577cadc7eeb5222f
InService
Healthy
{}
i-0eef1c0dd2ffaaa62
InService
Healthy
{}
[2022-04-03T08:31:13]==============================[SCALING RUN 1: CHUNK 10]==============================
08:31:13 I logger.go:127> Log level is now 4 Error (was 2 Info)
Fortio 1.19.0 running at -1 queries per second, 2->2 procs, for 1m0s: http://asg-1-lb-910690454.us-east-1.elb.amazonaws.com:3000/?n=1
Aggregated Function Time : count 3277006 avg 0.0012813479 +/- 0.0002971 min 0.000920785 max 0.209084093 sum 4198.98468
# target 50% 0.00546048
# target 75% 0.00773032
# target 90% 0.00909223
# target 99% 0.00990938
# target 99.9% 0.00999109
Sockets used: 70 (for perfect keepalive, would be 70)
Jitter: false
Code 200 : 3277006 (100.0 %)
All done 3277006 calls (plus 70 warmup) 1.281 ms avg, 54615.6 qps
Successfully wrote 2097 bytes of Json data to 2022-04-03-083113_asg_taewa_3lite_scaling_1_10.json
fortio exit code: 0
[2022-04-03T08:32:13]==============================[STATS]
jh CPU load avg:
1.39 1.31 1.15 1/160 818
i-0141b8ba7572fa7e8
InService
Healthy
{}
i-0577cadc7eeb5222f
InService
Healthy
{}
i-0eef1c0dd2ffaaa62
InService
Healthy
{}
[2022-04-03T08:32:13]==============================[SCALING RUN 1: CHUNK 11]==============================
08:32:13 I logger.go:127> Log level is now 4 Error (was 2 Info)
Fortio 1.19.0 running at -1 queries per second, 2->2 procs, for 1m0s: http://asg-1-lb-910690454.us-east-1.elb.amazonaws.com:3000/?n=1
Aggregated Function Time : count 3244202 avg 0.0012943227 +/- 0.0003404 min 0.0008954 max 0.209746162 sum 4199.04426
# target 50% 0.00544781
# target 75% 0.00772402
# target 90% 0.00908975
# target 99% 0.00990918
# target 99.9% 0.00999113
Sockets used: 70 (for perfect keepalive, would be 70)
Jitter: false
Code 200 : 3244202 (100.0 %)
All done 3244202 calls (plus 70 warmup) 1.294 ms avg, 54068.9 qps
Successfully wrote 2088 bytes of Json data to 2022-04-03-083214_asg_taewa_3lite_scaling_1_11.json
fortio exit code: 0
[2022-04-03T08:33:14]==============================[STATS]
jh CPU load avg:
1.62 1.39 1.19 1/160 836
i-0141b8ba7572fa7e8
InService
Healthy
{}
i-0577cadc7eeb5222f
InService
Healthy
{}
i-0eef1c0dd2ffaaa62
InService
Healthy
{}
[2022-04-03T08:33:14]==============================[SCALING RUN 1: CHUNK 12]==============================
08:33:14 I logger.go:127> Log level is now 4 Error (was 2 Info)
Fortio 1.19.0 running at -1 queries per second, 2->2 procs, for 1m0s: http://asg-1-lb-910690454.us-east-1.elb.amazonaws.com:3000/?n=1
Aggregated Function Time : count 3275500 avg 0.0012819462 +/- 0.0002491 min 0.000927846 max 0.208633389 sum 4199.01473
# target 50% 0.00546402
# target 75% 0.0077321
# target 90% 0.00909296
# target 99% 0.00990947
# target 99.9% 0.00999112
Sockets used: 70 (for perfect keepalive, would be 70)
Jitter: false
Code 200 : 3275500 (100.0 %)
All done 3275500 calls (plus 70 warmup) 1.282 ms avg, 54590.5 qps
Successfully wrote 2098 bytes of Json data to 2022-04-03-083314_asg_taewa_3lite_scaling_1_12.json
fortio exit code: 0
[2022-04-03T08:34:14]==============================[STATS]
jh CPU load avg:
1.62 1.42 1.21 1/160 854
i-0141b8ba7572fa7e8
InService
Healthy
{}
i-0577cadc7eeb5222f
InService
Healthy
{}
i-0eef1c0dd2ffaaa62
InService
Healthy
{}
[2022-04-03T08:34:15]==============================[SCALING RUN 1: CHUNK 13]==============================
08:34:15 I logger.go:127> Log level is now 4 Error (was 2 Info)
Fortio 1.19.0 running at -1 queries per second, 2->2 procs, for 1m0s: http://asg-1-lb-910690454.us-east-1.elb.amazonaws.com:3000/?n=1
Aggregated Function Time : count 3289106 avg 0.0012766409 +/- 0.0002513 min 0.000902641 max 0.209074494 sum 4199.00714
# target 50% 0.00545137
# target 75% 0.00772573
# target 90% 0.00909035
# target 99% 0.00990912
# target 99.9% 0.009991
Sockets used: 70 (for perfect keepalive, would be 70)
Jitter: false
Code 200 : 3289106 (100.0 %)
All done 3289106 calls (plus 70 warmup) 1.277 ms avg, 54817.3 qps
Successfully wrote 2096 bytes of Json data to 2022-04-03-083415_asg_taewa_3lite_scaling_1_13.json
fortio exit code: 0
[2022-04-03T08:35:15]==============================[STATS]
jh CPU load avg:
1.45 1.40 1.21 1/158 871
i-0141b8ba7572fa7e8
InService
Healthy
{}
i-0577cadc7eeb5222f
InService
Healthy
{}
i-0eef1c0dd2ffaaa62
InService
Healthy
{}
[2022-04-03T08:35:16]==============================[SCALING RUN 1: CHUNK 14]==============================
08:35:16 I logger.go:127> Log level is now 4 Error (was 2 Info)
Fortio 1.19.0 running at -1 queries per second, 2->2 procs, for 1m0s: http://asg-1-lb-910690454.us-east-1.elb.amazonaws.com:3000/?n=1
Aggregated Function Time : count 3263139 avg 0.0012867897 +/- 0.0002253 min 0.000916218 max 0.206209899 sum 4198.97373
# target 50% 0.00545818
# target 75% 0.00772917
# target 90% 0.00909176
# target 99% 0.00990931
# target 99.9% 0.00999107
Sockets used: 70 (for perfect keepalive, would be 70)
Jitter: false
Code 200 : 3263139 (100.0 %)
All done 3263139 calls (plus 70 warmup) 1.287 ms avg, 54384.5 qps
Successfully wrote 2097 bytes of Json data to 2022-04-03-083516_asg_taewa_3lite_scaling_1_14.json
fortio exit code: 0
[2022-04-03T08:36:16]==============================[STATS]
jh CPU load avg:
1.51 1.45 1.24 1/157 891
i-0141b8ba7572fa7e8
InService
Healthy
{}
i-0577cadc7eeb5222f
InService
Healthy
{}
i-0eef1c0dd2ffaaa62
InService
Healthy
{}
[2022-04-03T08:36:16]==============================[SCALING RUN 2: INIT]==============================
{
    "Alarms": [
        {
            "AlarmName": "TargetTracking-asg-1-myASG-AlarmHigh-6eb16a28-bbbb-4ea3-b893-b8a9c76173ed", 
            "AlarmARN": "arn:aws:cloudwatch:us-east-1:638747492136:alarm:TargetTracking-asg-1-myASG-AlarmHigh-6eb16a28-bbbb-4ea3-b893-b8a9c76173ed"
        }, 
        {
            "AlarmName": "TargetTracking-asg-1-myASG-AlarmLow-d2354000-47d6-4937-9355-f88e3c61740e", 
            "AlarmARN": "arn:aws:cloudwatch:us-east-1:638747492136:alarm:TargetTracking-asg-1-myASG-AlarmLow-d2354000-47d6-4937-9355-f88e3c61740e"
        }
    ], 
    "PolicyARN": "arn:aws:autoscaling:us-east-1:638747492136:scalingPolicy:1d9eea9b-d015-402c-a355-134faf0c6aca:autoScalingGroupName/asg-1-myASG:policyName/asg-1-AppServerSP-6KYHYCH8BEOD"
}
scaling to 1
[2022-04-03T08:36:18]==============================[SCALING RUN 2: ENABLE SCALING - SLEEP]==============================
{
    "Alarms": [
        {
            "AlarmName": "TargetTracking-asg-1-myASG-AlarmHigh-ccd65f66-db4c-4cbc-84de-d517cb35cc91", 
            "AlarmARN": "arn:aws:cloudwatch:us-east-1:638747492136:alarm:TargetTracking-asg-1-myASG-AlarmHigh-ccd65f66-db4c-4cbc-84de-d517cb35cc91"
        }, 
        {
            "AlarmName": "TargetTracking-asg-1-myASG-AlarmLow-40642eee-1554-4002-89bc-43ddbef940d6", 
            "AlarmARN": "arn:aws:cloudwatch:us-east-1:638747492136:alarm:TargetTracking-asg-1-myASG-AlarmLow-40642eee-1554-4002-89bc-43ddbef940d6"
        }
    ], 
    "PolicyARN": "arn:aws:autoscaling:us-east-1:638747492136:scalingPolicy:1d9eea9b-d015-402c-a355-134faf0c6aca:autoScalingGroupName/asg-1-myASG:policyName/asg-1-AppServerSP-6KYHYCH8BEOD"
}
[2022-04-03T08:39:19]==============================[SCALING RUN 2: FORTIO]==============================
[2022-04-03T08:39:19]==============================[STATS]
jh CPU load avg:
0.07 0.79 1.02 1/158 920
i-0577cadc7eeb5222f
InService
Healthy
{}
[2022-04-03T08:39:20]==============================[SCALING RUN 2: CHUNK 1]==============================
08:39:20 I logger.go:127> Log level is now 4 Error (was 2 Info)
Fortio 1.19.0 running at -1 queries per second, 2->2 procs, for 1m0s: http://asg-1-lb-910690454.us-east-1.elb.amazonaws.com:3000/?n=1
Aggregated Function Time : count 1210580 avg 0.0034691824 +/- 0.001261 min 0.001207625 max 0.213813083 sum 4199.72286
# target 50% 0.0056093
# target 75% 0.00781014
# target 90% 0.00913064
# target 99% 0.00992295
# target 99.9% 0.0120707
Sockets used: 70 (for perfect keepalive, would be 70)
Jitter: false
Code 200 : 1210580 (100.0 %)
All done 1210580 calls (plus 70 warmup) 3.469 ms avg, 20175.3 qps
Successfully wrote 2215 bytes of Json data to 2022-04-03-083920_asg_taewa_3lite_scaling_2_1.json
fortio exit code: 0
[2022-04-03T08:40:20]==============================[STATS]
jh CPU load avg:
0.41 0.74 0.98 1/160 944
i-0577cadc7eeb5222f
InService
Healthy
{}
[2022-04-03T08:40:21]==============================[SCALING RUN 2: CHUNK 2]==============================
08:40:21 I logger.go:127> Log level is now 4 Error (was 2 Info)
Fortio 1.19.0 running at -1 queries per second, 2->2 procs, for 1m0s: http://asg-1-lb-910690454.us-east-1.elb.amazonaws.com:3000/?n=1
Aggregated Function Time : count 1226484 avg 0.0034241995 +/- 0.001171 min 0.00125053 max 0.210293748 sum 4199.72593
# target 50% 0.00562684
# target 75% 0.007815
# target 90% 0.00912789
# target 99% 0.00991563
# target 99.9% 0.0099944
Sockets used: 70 (for perfect keepalive, would be 70)
Jitter: false
Code 200 : 1226484 (100.0 %)
All done 1226484 calls (plus 70 warmup) 3.424 ms avg, 20440.4 qps
Successfully wrote 2095 bytes of Json data to 2022-04-03-084021_asg_taewa_3lite_scaling_2_2.json
fortio exit code: 0
[2022-04-03T08:41:21]==============================[STATS]
jh CPU load avg:
0.38 0.66 0.94 1/160 961
i-0577cadc7eeb5222f
InService
Healthy
{}
[2022-04-03T08:41:21]==============================[SCALING RUN 2: CHUNK 3]==============================
08:41:21 I logger.go:127> Log level is now 4 Error (was 2 Info)
Fortio 1.19.0 running at -1 queries per second, 2->2 procs, for 1m0s: http://asg-1-lb-910690454.us-east-1.elb.amazonaws.com:3000/?n=1
Aggregated Function Time : count 1218199 avg 0.0034474942 +/- 0.001187 min 0.001299632 max 0.214699814 sum 4199.73403
# target 50% 0.00565165
# target 75% 0.00782766
# target 90% 0.00913327
# target 99% 0.00991663
# target 99.9% 0.00999497
Sockets used: 70 (for perfect keepalive, would be 70)
Jitter: false
Code 200 : 1218199 (100.0 %)
All done 1218199 calls (plus 70 warmup) 3.447 ms avg, 20302.3 qps
Successfully wrote 2096 bytes of Json data to 2022-04-03-084122_asg_taewa_3lite_scaling_2_3.json
fortio exit code: 0
[2022-04-03T08:42:22]==============================[STATS]
jh CPU load avg:
0.61 0.67 0.92 1/160 978
i-0577cadc7eeb5222f
InService
Healthy
{}
[2022-04-03T08:42:22]==============================[SCALING RUN 2: CHUNK 4]==============================
08:42:22 I logger.go:127> Log level is now 4 Error (was 2 Info)
Fortio 1.19.0 running at -1 queries per second, 2->2 procs, for 1m0s: http://asg-1-lb-910690454.us-east-1.elb.amazonaws.com:3000/?n=1
Aggregated Function Time : count 1218836 avg 0.0034456891 +/- 0.001223 min 0.001219421 max 0.213627898 sum 4199.72996
# target 50% 0.00561185
# target 75% 0.00780807
# target 90% 0.0091258
# target 99% 0.00991644
# target 99.9% 0.0099955
Sockets used: 70 (for perfect keepalive, would be 70)
Jitter: false
Code 200 : 1218836 (100.0 %)
All done 1218836 calls (plus 70 warmup) 3.446 ms avg, 20312.9 qps
Successfully wrote 2097 bytes of Json data to 2022-04-03-084222_asg_taewa_3lite_scaling_2_4.json
fortio exit code: 0
[2022-04-03T08:43:22]==============================[STATS]
jh CPU load avg:
0.49 0.63 0.89 1/160 995
i-0577cadc7eeb5222f
InService
Healthy
{}
[2022-04-03T08:43:23]==============================[SCALING RUN 2: CHUNK 5]==============================
08:43:23 I logger.go:127> Log level is now 4 Error (was 2 Info)
Fortio 1.19.0 running at -1 queries per second, 2->2 procs, for 1m0s: http://asg-1-lb-910690454.us-east-1.elb.amazonaws.com:3000/?n=1
Aggregated Function Time : count 1226751 avg 0.0034234651 +/- 0.001188 min 0.001195216 max 0.21371231 sum 4199.7392
# target 50% 0.0055999
# target 75% 0.00780224
# target 90% 0.00912364
# target 99% 0.00991649
# target 99.9% 0.00999577
Sockets used: 105 (for perfect keepalive, would be 70)
Jitter: false
Code 200 : 1226751 (100.0 %)
All done 1226751 calls (plus 70 warmup) 3.423 ms avg, 20444.8 qps
Successfully wrote 2090 bytes of Json data to 2022-04-03-084323_asg_taewa_3lite_scaling_2_5.json
fortio exit code: 0
[2022-04-03T08:44:23]==============================[STATS]
jh CPU load avg:
0.68 0.68 0.90 1/160 1063
i-00db264de397967e9
InService
Healthy
{}
i-0577cadc7eeb5222f
InService
Healthy
{}
[2022-04-03T08:44:24]==============================[SCALING RUN 2: CHUNK 6]==============================
08:44:24 I logger.go:127> Log level is now 4 Error (was 2 Info)
Fortio 1.19.0 running at -1 queries per second, 2->2 procs, for 1m0s: http://asg-1-lb-910690454.us-east-1.elb.amazonaws.com:3000/?n=1
Aggregated Function Time : count 1223480 avg 0.0034325882 +/- 0.001167 min 0.001237707 max 0.213421463 sum 4199.70298
# target 50% 0.005621
# target 75% 0.00781265
# target 90% 0.00912764
# target 99% 0.00991663
# target 99.9% 0.00999553
Sockets used: 70 (for perfect keepalive, would be 70)
Jitter: false
Code 200 : 1223480 (100.0 %)
All done 1223480 calls (plus 70 warmup) 3.433 ms avg, 20390.3 qps
Successfully wrote 2214 bytes of Json data to 2022-04-03-084424_asg_taewa_3lite_scaling_2_6.json
fortio exit code: 0
[2022-04-03T08:45:24]==============================[STATS]
jh CPU load avg:
0.67 0.68 0.88 1/157 1080
i-00db264de397967e9
InService
Healthy
{}
i-0577cadc7eeb5222f
InService
Healthy
{}
[2022-04-03T08:45:24]==============================[SCALING RUN 2: CHUNK 7]==============================
08:45:24 I logger.go:127> Log level is now 4 Error (was 2 Info)
Fortio 1.19.0 running at -1 queries per second, 2->2 procs, for 1m0s: http://asg-1-lb-910690454.us-east-1.elb.amazonaws.com:3000/?n=1
Aggregated Function Time : count 2866989 avg 0.0014646501 +/- 0.0004531 min 0.000909217 max 0.208680188 sum 4199.13563
# target 50% 0.0054553
# target 75% 0.00772834
# target 90% 0.00909216
# target 99% 0.00991045
# target 99.9% 0.00999228
Sockets used: 70 (for perfect keepalive, would be 70)
Jitter: false
Code 200 : 2866989 (100.0 %)
All done 2866989 calls (plus 70 warmup) 1.465 ms avg, 47781.9 qps
Successfully wrote 2212 bytes of Json data to 2022-04-03-084525_asg_taewa_3lite_scaling_2_7.json
fortio exit code: 0
[2022-04-03T08:46:25]==============================[STATS]
jh CPU load avg:
1.24 0.83 0.93 1/158 1108
i-00db264de397967e9
InService
Healthy
{}
i-0577cadc7eeb5222f
InService
Healthy
{}
[2022-04-03T08:46:25]==============================[SCALING RUN 2: CHUNK 8]==============================
08:46:25 I logger.go:127> Log level is now 4 Error (was 2 Info)
Fortio 1.19.0 running at -1 queries per second, 2->2 procs, for 1m0s: http://asg-1-lb-910690454.us-east-1.elb.amazonaws.com:3000/?n=1
Aggregated Function Time : count 2842316 avg 0.0014773703 +/- 0.0003785 min 0.000914323 max 0.209082105 sum 4199.15314
# target 50% 0.00545718
# target 75% 0.00772861
# target 90% 0.00909147
# target 99% 0.00990919
# target 99.9% 0.00999096
Sockets used: 70 (for perfect keepalive, would be 70)
Jitter: false
Code 200 : 2842316 (100.0 %)
All done 2842316 calls (plus 70 warmup) 1.477 ms avg, 47370.7 qps
Successfully wrote 2096 bytes of Json data to 2022-04-03-084625_asg_taewa_3lite_scaling_2_8.json
fortio exit code: 0
[2022-04-03T08:47:25]==============================[STATS]
jh CPU load avg:
0.95 0.84 0.92 1/158 1126
i-00db264de397967e9
InService
Healthy
{}
i-0577cadc7eeb5222f
InService
Healthy
{}
[2022-04-03T08:47:26]==============================[SCALING RUN 2: CHUNK 9]==============================
08:47:26 I logger.go:127> Log level is now 4 Error (was 2 Info)
Fortio 1.19.0 running at -1 queries per second, 2->2 procs, for 1m0s: http://asg-1-lb-910690454.us-east-1.elb.amazonaws.com:3000/?n=1
Aggregated Function Time : count 2849712 avg 0.001473528 +/- 0.0004318 min 0.000895019 max 0.020640514 sum 4199.13037
# target 50% 0.00545074
# target 75% 0.0077286
# target 90% 0.00909531
# target 99% 0.00991534
# target 99.9% 0.00999734
Sockets used: 70 (for perfect keepalive, would be 70)
Jitter: false
Code 200 : 2849712 (100.0 %)
All done 2849712 calls (plus 70 warmup) 1.474 ms avg, 47493.1 qps
Successfully wrote 2100 bytes of Json data to 2022-04-03-084726_asg_taewa_3lite_scaling_2_9.json
fortio exit code: 0
[2022-04-03T08:48:26]==============================[STATS]
jh CPU load avg:
1.09 0.88 0.93 1/158 1143
i-00db264de397967e9
InService
Healthy
{}
i-0577cadc7eeb5222f
InService
Healthy
{}
[2022-04-03T08:48:27]==============================[SCALING RUN 2: CHUNK 10]==============================
08:48:27 I logger.go:127> Log level is now 4 Error (was 2 Info)
Fortio 1.19.0 running at -1 queries per second, 2->2 procs, for 1m0s: http://asg-1-lb-910690454.us-east-1.elb.amazonaws.com:3000/?n=1
Aggregated Function Time : count 2856113 avg 0.0014703029 +/- 0.0003737 min 0.000889754 max 0.206960482 sum 4199.35116
# target 50% 0.0054452
# target 75% 0.00772292
# target 90% 0.00908956
# target 99% 0.00990954
# target 99.9% 0.00999154
Sockets used: 70 (for perfect keepalive, would be 70)
Jitter: false
Code 200 : 2856113 (100.0 %)
All done 2856113 calls (plus 70 warmup) 1.470 ms avg, 47596.6 qps
Successfully wrote 2092 bytes of Json data to 2022-04-03-084827_asg_taewa_3lite_scaling_2_10.json
fortio exit code: 0
[2022-04-03T08:49:27]==============================[STATS]
jh CPU load avg:
1.30 0.98 0.96 1/158 1161
i-00db264de397967e9
InService
Healthy
{}
i-0577cadc7eeb5222f
InService
Healthy
{}
[2022-04-03T08:49:28]==============================[SCALING RUN 2: CHUNK 11]==============================
08:49:28 I logger.go:127> Log level is now 4 Error (was 2 Info)
Fortio 1.19.0 running at -1 queries per second, 2->2 procs, for 1m0s: http://asg-1-lb-910690454.us-east-1.elb.amazonaws.com:3000/?n=1
Aggregated Function Time : count 2880976 avg 0.0014575482 +/- 0.0003124 min 0.000909581 max 0.020513841 sum 4199.16127
# target 50% 0.0054551
# target 75% 0.00772786
# target 90% 0.00909151
# target 99% 0.0099097
# target 99.9% 0.00999152
Sockets used: 70 (for perfect keepalive, would be 70)
Jitter: false
Code 200 : 2880976 (100.0 %)
All done 2880976 calls (plus 70 warmup) 1.458 ms avg, 48015.0 qps
Successfully wrote 2100 bytes of Json data to 2022-04-03-084928_asg_taewa_3lite_scaling_2_11.json
fortio exit code: 0
[2022-04-03T08:50:28]==============================[STATS]
jh CPU load avg:
1.25 1.01 0.97 1/160 1186
i-00db264de397967e9
InService
Healthy
{}
i-0577cadc7eeb5222f
InService
Healthy
{}
i-0ba321907634be753
InService
Healthy
{}
[2022-04-03T08:50:28]==============================[SCALING RUN 2: CHUNK 12]==============================
08:50:28 I logger.go:127> Log level is now 4 Error (was 2 Info)
Fortio 1.19.0 running at -1 queries per second, 2->2 procs, for 1m0s: http://asg-1-lb-910690454.us-east-1.elb.amazonaws.com:3000/?n=1
Aggregated Function Time : count 2857396 avg 0.001469564 +/- 0.0003996 min 0.000903517 max 0.209484791 sum 4199.12617
# target 50% 0.00545192
# target 75% 0.00772612
# target 90% 0.00909064
# target 99% 0.00990935
# target 99.9% 0.00999122
Sockets used: 70 (for perfect keepalive, would be 70)
Jitter: false
Code 200 : 2857396 (100.0 %)
All done 2857396 calls (plus 70 warmup) 1.470 ms avg, 47620.7 qps
Successfully wrote 2096 bytes of Json data to 2022-04-03-085029_asg_taewa_3lite_scaling_2_12.json
fortio exit code: 0
[2022-04-03T08:51:29]==============================[STATS]
jh CPU load avg:
1.83 1.22 1.05 1/160 1208
i-00db264de397967e9
InService
Healthy
{}
i-0577cadc7eeb5222f
InService
Healthy
{}
i-0ba321907634be753
InService
Healthy
{}
[2022-04-03T08:51:29]==============================[SCALING RUN 2: CHUNK 13]==============================
08:51:29 I logger.go:127> Log level is now 4 Error (was 2 Info)
Fortio 1.19.0 running at -1 queries per second, 2->2 procs, for 1m0s: http://asg-1-lb-910690454.us-east-1.elb.amazonaws.com:3000/?n=1
Aggregated Function Time : count 3127999 avg 0.001342405 +/- 0.0004692 min 0.000869192 max 0.209582669 sum 4199.04138
# target 50% 0.00543519
# target 75% 0.00771819
# target 90% 0.00908799
# target 99% 0.00990987
# target 99.9% 0.00999206
Sockets used: 70 (for perfect keepalive, would be 70)
Jitter: false
Code 200 : 3127999 (100.0 %)
All done 3127999 calls (plus 70 warmup) 1.342 ms avg, 52131.9 qps
Successfully wrote 2335 bytes of Json data to 2022-04-03-085129_asg_taewa_3lite_scaling_2_13.json
fortio exit code: 0
[2022-04-03T08:52:29]==============================[STATS]
jh CPU load avg:
1.51 1.23 1.06 1/166 1231
i-00db264de397967e9
InService
Healthy
{}
i-0577cadc7eeb5222f
InService
Healthy
{}
i-0ba321907634be753
InService
Healthy
{}
[2022-04-03T08:52:30]==============================[SCALING RUN 2: CHUNK 14]==============================
08:52:30 I logger.go:127> Log level is now 4 Error (was 2 Info)
Fortio 1.19.0 running at -1 queries per second, 2->2 procs, for 1m0s: http://asg-1-lb-910690454.us-east-1.elb.amazonaws.com:3000/?n=1
Aggregated Function Time : count 3165469 avg 0.0013265238 +/- 0.0003815 min 0.00088817 max 0.208025366 sum 4199.06987
# target 50% 0.00544414
# target 75% 0.00772213
# target 90% 0.00908892
# target 99% 0.009909
# target 99.9% 0.00999101
Sockets used: 70 (for perfect keepalive, would be 70)
Jitter: false
Code 200 : 3165469 (100.0 %)
All done 3165469 calls (plus 70 warmup) 1.327 ms avg, 52756.4 qps
Successfully wrote 2096 bytes of Json data to 2022-04-03-085230_asg_taewa_3lite_scaling_2_14.json
fortio exit code: 0
[2022-04-03T08:53:30]==============================[STATS]
jh CPU load avg:
1.38 1.23 1.07 1/166 1248
i-00db264de397967e9
InService
Healthy
{}
i-0577cadc7eeb5222f
InService
Healthy
{}
i-0ba321907634be753
InService
Healthy
{}
[2022-04-03T08:53:31]==============================[SCALING RUN 3: INIT]==============================
{
    "Alarms": [
        {
            "AlarmName": "TargetTracking-asg-1-myASG-AlarmHigh-5e26a206-7c99-4eb7-bf82-10119f2c2359", 
            "AlarmARN": "arn:aws:cloudwatch:us-east-1:638747492136:alarm:TargetTracking-asg-1-myASG-AlarmHigh-5e26a206-7c99-4eb7-bf82-10119f2c2359"
        }, 
        {
            "AlarmName": "TargetTracking-asg-1-myASG-AlarmLow-1f7231ba-d5f1-4118-ab27-57ce72b4594a", 
            "AlarmARN": "arn:aws:cloudwatch:us-east-1:638747492136:alarm:TargetTracking-asg-1-myASG-AlarmLow-1f7231ba-d5f1-4118-ab27-57ce72b4594a"
        }
    ], 
    "PolicyARN": "arn:aws:autoscaling:us-east-1:638747492136:scalingPolicy:1d9eea9b-d015-402c-a355-134faf0c6aca:autoScalingGroupName/asg-1-myASG:policyName/asg-1-AppServerSP-6KYHYCH8BEOD"
}
scaling to 1
[2022-04-03T08:53:32]==============================[SCALING RUN 3: ENABLE SCALING - SLEEP]==============================
{
    "Alarms": [
        {
            "AlarmName": "TargetTracking-asg-1-myASG-AlarmHigh-1c58d28d-133e-4d3a-9594-413e4a7ab3fa", 
            "AlarmARN": "arn:aws:cloudwatch:us-east-1:638747492136:alarm:TargetTracking-asg-1-myASG-AlarmHigh-1c58d28d-133e-4d3a-9594-413e4a7ab3fa"
        }, 
        {
            "AlarmName": "TargetTracking-asg-1-myASG-AlarmLow-341c3739-1525-4605-a7a2-b5264ed73882", 
            "AlarmARN": "arn:aws:cloudwatch:us-east-1:638747492136:alarm:TargetTracking-asg-1-myASG-AlarmLow-341c3739-1525-4605-a7a2-b5264ed73882"
        }
    ], 
    "PolicyARN": "arn:aws:autoscaling:us-east-1:638747492136:scalingPolicy:1d9eea9b-d015-402c-a355-134faf0c6aca:autoScalingGroupName/asg-1-myASG:policyName/asg-1-AppServerSP-6KYHYCH8BEOD"
}
[2022-04-03T08:56:34]==============================[SCALING RUN 3: FORTIO]==============================
[2022-04-03T08:56:34]==============================[STATS]
jh CPU load avg:
0.06 0.66 0.87 1/163 1276
i-0ba321907634be753
InService
Healthy
{}
[2022-04-03T08:56:34]==============================[SCALING RUN 3: CHUNK 1]==============================
08:56:34 I logger.go:127> Log level is now 4 Error (was 2 Info)
Fortio 1.19.0 running at -1 queries per second, 2->2 procs, for 1m0s: http://asg-1-lb-910690454.us-east-1.elb.amazonaws.com:3000/?n=1
Aggregated Function Time : count 1222251 avg 0.0034360631 +/- 0.00138 min 0.001082251 max 0.21154152 sum 4199.73158
# target 50% 0.00554781
# target 75% 0.00778059
# target 90% 0.00912026
# target 99% 0.00992406
# target 99.9% 0.0138465
Sockets used: 70 (for perfect keepalive, would be 70)
Jitter: false
Code 200 : 1222251 (100.0 %)
All done 1222251 calls (plus 70 warmup) 3.436 ms avg, 20369.8 qps
Successfully wrote 2453 bytes of Json data to 2022-04-03-085634_asg_taewa_3lite_scaling_3_1.json
fortio exit code: 0
[2022-04-03T08:57:34]==============================[STATS]
jh CPU load avg:
0.25 0.61 0.84 1/164 1294
i-0ba321907634be753
InService
Healthy
{}
[2022-04-03T08:57:35]==============================[SCALING RUN 3: CHUNK 2]==============================
08:57:35 I logger.go:127> Log level is now 4 Error (was 2 Info)
Fortio 1.19.0 running at -1 queries per second, 2->2 procs, for 1m0s: http://asg-1-lb-910690454.us-east-1.elb.amazonaws.com:3000/?n=1
Aggregated Function Time : count 1240476 avg 0.0033855596 +/- 0.001241 min 0.001104643 max 0.214727214 sum 4199.70548
# target 50% 0.00555394
# target 75% 0.00777859
# target 90% 0.00911338
# target 99% 0.00991425
# target 99.9% 0.00999434
Sockets used: 70 (for perfect keepalive, would be 70)
Jitter: false
Code 200 : 1240476 (100.0 %)
All done 1240476 calls (plus 70 warmup) 3.386 ms avg, 20673.6 qps
Successfully wrote 2095 bytes of Json data to 2022-04-03-085735_asg_taewa_3lite_scaling_3_2.json
fortio exit code: 0
[2022-04-03T08:58:35]==============================[STATS]
jh CPU load avg:
0.14 0.51 0.79 2/164 1311
i-0ba321907634be753
InService
Healthy
{}
[2022-04-03T08:58:36]==============================[SCALING RUN 3: CHUNK 3]==============================
08:58:36 I logger.go:127> Log level is now 4 Error (was 2 Info)
Fortio 1.19.0 running at -1 queries per second, 2->2 procs, for 1m0s: http://asg-1-lb-910690454.us-east-1.elb.amazonaws.com:3000/?n=1
Aggregated Function Time : count 1229321 avg 0.0034163023 +/- 0.001257 min 0.001022589 max 0.216180011 sum 4199.73213
# target 50% 0.00551287
# target 75% 0.00775801
# target 90% 0.0091051
# target 99% 0.00991335
# target 99.9% 0.00999418
Sockets used: 70 (for perfect keepalive, would be 70)
Jitter: false
Code 200 : 1229321 (100.0 %)
All done 1229321 calls (plus 70 warmup) 3.416 ms avg, 20487.6 qps
Successfully wrote 2098 bytes of Json data to 2022-04-03-085836_asg_taewa_3lite_scaling_3_3.json
fortio exit code: 0
[2022-04-03T08:59:36]==============================[STATS]
jh CPU load avg:
0.53 0.55 0.79 1/163 1329
i-0ba321907634be753
InService
Healthy
{}
[2022-04-03T08:59:36]==============================[SCALING RUN 3: CHUNK 4]==============================
08:59:36 I logger.go:127> Log level is now 4 Error (was 2 Info)
Fortio 1.19.0 running at -1 queries per second, 2->2 procs, for 1m0s: http://asg-1-lb-910690454.us-east-1.elb.amazonaws.com:3000/?n=1
Aggregated Function Time : count 1230915 avg 0.0034118707 +/- 0.001295 min 0.001034026 max 0.216143982 sum 4199.72284
# target 50% 0.00551889
# target 75% 0.00776132
# target 90% 0.00910679
# target 99% 0.00991406
# target 99.9% 0.00999479
Sockets used: 70 (for perfect keepalive, would be 70)
Jitter: false
Code 200 : 1230915 (100.0 %)
All done 1230915 calls (plus 70 warmup) 3.412 ms avg, 20514.2 qps
Successfully wrote 2096 bytes of Json data to 2022-04-03-085937_asg_taewa_3lite_scaling_3_4.json
fortio exit code: 0
[2022-04-03T09:00:37]==============================[STATS]
jh CPU load avg:
0.71 0.61 0.80 1/164 1352
i-0ba321907634be753
InService
Healthy
{}
[2022-04-03T09:00:37]==============================[SCALING RUN 3: CHUNK 5]==============================
09:00:37 I logger.go:127> Log level is now 4 Error (was 2 Info)
Fortio 1.19.0 running at -1 queries per second, 2->2 procs, for 1m0s: http://asg-1-lb-910690454.us-east-1.elb.amazonaws.com:3000/?n=1
Aggregated Function Time : count 1224344 avg 0.0034301794 +/- 0.001256 min 0.001003932 max 0.213263574 sum 4199.71957
# target 50% 0.00550367
# target 75% 0.00775354
# target 90% 0.00910346
# target 99% 0.00991342
# target 99.9% 0.00999441
Sockets used: 105 (for perfect keepalive, would be 70)
Jitter: false
Code 200 : 1224344 (100.0 %)
All done 1224344 calls (plus 70 warmup) 3.430 ms avg, 20404.7 qps
Successfully wrote 2093 bytes of Json data to 2022-04-03-090037_asg_taewa_3lite_scaling_3_5.json
fortio exit code: 0
[2022-04-03T09:01:37]==============================[STATS]
jh CPU load avg:
0.80 0.64 0.79 1/166 1383
i-0ba321907634be753
InService
Healthy
{}
i-0ff588637c1c5f287
InService
Healthy
{}
[2022-04-03T09:01:38]==============================[SCALING RUN 3: CHUNK 6]==============================
09:01:38 I logger.go:127> Log level is now 4 Error (was 2 Info)
Fortio 1.19.0 running at -1 queries per second, 2->2 procs, for 1m0s: http://asg-1-lb-910690454.us-east-1.elb.amazonaws.com:3000/?n=1
Aggregated Function Time : count 1210272 avg 0.0034700539 +/- 0.001526 min 0.000955138 max 0.215267847 sum 4199.70909
# target 50% 0.00550016
# target 75% 0.00777267
# target 90% 0.00913618
# target 99% 0.00995428
# target 99.9% 0.0187568
Sockets used: 70 (for perfect keepalive, would be 70)
Jitter: false
Code 200 : 1210272 (100.0 %)
All done 1210272 calls (plus 70 warmup) 3.470 ms avg, 20170.2 qps
Successfully wrote 2338 bytes of Json data to 2022-04-03-090138_asg_taewa_3lite_scaling_3_6.json
fortio exit code: 0
[2022-04-03T09:02:38]==============================[STATS]
jh CPU load avg:
0.79 0.67 0.80 1/166 1400
i-0ba321907634be753
InService
Healthy
{}
i-0ff588637c1c5f287
InService
Healthy
{}
[2022-04-03T09:02:39]==============================[SCALING RUN 3: CHUNK 7]==============================
09:02:39 I logger.go:127> Log level is now 4 Error (was 2 Info)
Fortio 1.19.0 running at -1 queries per second, 2->2 procs, for 1m0s: http://asg-1-lb-910690454.us-east-1.elb.amazonaws.com:3000/?n=1
Aggregated Function Time : count 2604326 avg 0.0016124002 +/- 0.0003968 min 0.000947354 max 0.209152823 sum 4199.21572
# target 50% 0.00547462
# target 75% 0.00773825
# target 90% 0.00909643
# target 99% 0.00991134
# target 99.9% 0.00999283
Sockets used: 70 (for perfect keepalive, would be 70)
Jitter: false
Code 200 : 2604326 (100.0 %)
All done 2604326 calls (plus 70 warmup) 1.612 ms avg, 43404.3 qps
Successfully wrote 2213 bytes of Json data to 2022-04-03-090239_asg_taewa_3lite_scaling_3_7.json
fortio exit code: 0
[2022-04-03T09:03:39]==============================[STATS]
jh CPU load avg:
1.11 0.80 0.83 1/166 1417
i-0ba321907634be753
InService
Healthy
{}
i-0ff588637c1c5f287
InService
Healthy
{}
[2022-04-03T09:03:39]==============================[SCALING RUN 3: CHUNK 8]==============================
09:03:39 I logger.go:127> Log level is now 4 Error (was 2 Info)
Fortio 1.19.0 running at -1 queries per second, 2->2 procs, for 1m0s: http://asg-1-lb-910690454.us-east-1.elb.amazonaws.com:3000/?n=1
Aggregated Function Time : count 2449454 avg 0.0017143748 +/- 0.0004076 min 0.000911982 max 0.208875103 sum 4199.28221
# target 50% 0.00545613
# target 75% 0.0077282
# target 90% 0.00909144
# target 99% 0.00990939
# target 99.9% 0.00999119
Sockets used: 70 (for perfect keepalive, would be 70)
Jitter: false
Code 200 : 2449454 (100.0 %)
All done 2449454 calls (plus 70 warmup) 1.714 ms avg, 40823.0 qps
Successfully wrote 2095 bytes of Json data to 2022-04-03-090340_asg_taewa_3lite_scaling_3_8.json
fortio exit code: 0
[2022-04-03T09:04:40]==============================[STATS]
jh CPU load avg:
1.53 0.98 0.90 1/165 1445
i-0ba321907634be753
InService
Healthy
{}
i-0ff588637c1c5f287
InService
Healthy
{}
[2022-04-03T09:04:40]==============================[SCALING RUN 3: CHUNK 9]==============================
09:04:40 I logger.go:127> Log level is now 4 Error (was 2 Info)
Fortio 1.19.0 running at -1 queries per second, 2->2 procs, for 1m0s: http://asg-1-lb-910690454.us-east-1.elb.amazonaws.com:3000/?n=1
Aggregated Function Time : count 2600755 avg 0.0016146272 +/- 0.0003961 min 0.000944948 max 0.209528792 sum 4199.24971
# target 50% 0.00547254
# target 75% 0.00773634
# target 90% 0.00909462
# target 99% 0.00990959
# target 99.9% 0.00999109
Sockets used: 70 (for perfect keepalive, would be 70)
Jitter: false
Code 200 : 2600755 (100.0 %)
All done 2600755 calls (plus 70 warmup) 1.615 ms avg, 43344.9 qps
Successfully wrote 2098 bytes of Json data to 2022-04-03-090440_asg_taewa_3lite_scaling_3_9.json
fortio exit code: 0
[2022-04-03T09:05:40]==============================[STATS]
jh CPU load avg:
1.27 1.01 0.92 1/165 1462
i-0ba321907634be753
InService
Healthy
{}
i-0ff588637c1c5f287
InService
Healthy
{}
[2022-04-03T09:05:41]==============================[SCALING RUN 3: CHUNK 10]==============================
09:05:41 I logger.go:127> Log level is now 4 Error (was 2 Info)
Fortio 1.19.0 running at -1 queries per second, 2->2 procs, for 1m0s: http://asg-1-lb-910690454.us-east-1.elb.amazonaws.com:3000/?n=1
Aggregated Function Time : count 2616819 avg 0.0016047012 +/- 0.0004231 min 0.000924046 max 0.209925645 sum 4199.21246
# target 50% 0.00546218
# target 75% 0.00773124
# target 90% 0.00909269
# target 99% 0.00990955
# target 99.9% 0.00999124
Sockets used: 70 (for perfect keepalive, would be 70)
Jitter: false
Code 200 : 2616819 (100.0 %)
All done 2616819 calls (plus 70 warmup) 1.605 ms avg, 43612.6 qps
Successfully wrote 2097 bytes of Json data to 2022-04-03-090541_asg_taewa_3lite_scaling_3_10.json
fortio exit code: 0
[2022-04-03T09:06:41]==============================[STATS]
jh CPU load avg:
1.49 1.13 0.97 1/162 1479
i-0ba321907634be753
InService
Healthy
{}
i-0ff588637c1c5f287
InService
Healthy
{}
[2022-04-03T09:06:42]==============================[SCALING RUN 3: CHUNK 11]==============================
09:06:42 I logger.go:127> Log level is now 4 Error (was 2 Info)
Fortio 1.19.0 running at -1 queries per second, 2->2 procs, for 1m0s: http://asg-1-lb-910690454.us-east-1.elb.amazonaws.com:3000/?n=1
Aggregated Function Time : count 2610822 avg 0.0016083966 +/- 0.0003494 min 0.000933061 max 0.209369847 sum 4199.23726
# target 50% 0.0054666
# target 75% 0.00773337
# target 90% 0.00909343
# target 99% 0.00990947
# target 99.9% 0.00999107
Sockets used: 70 (for perfect keepalive, would be 70)
Jitter: false
Code 200 : 2610822 (100.0 %)
All done 2610822 calls (plus 70 warmup) 1.608 ms avg, 43512.6 qps
Successfully wrote 2095 bytes of Json data to 2022-04-03-090642_asg_taewa_3lite_scaling_3_11.json
fortio exit code: 0
[2022-04-03T09:07:42]==============================[STATS]
jh CPU load avg:
1.33 1.14 0.98 1/163 1497
i-0475abf77bf032652
InService
Healthy
{}
i-0ba321907634be753
InService
Healthy
{}
i-0ff588637c1c5f287
InService
Healthy
{}
[2022-04-03T09:07:43]==============================[SCALING RUN 3: CHUNK 12]==============================
09:07:43 I logger.go:127> Log level is now 4 Error (was 2 Info)
Fortio 1.19.0 running at -1 queries per second, 2->2 procs, for 1m0s: http://asg-1-lb-910690454.us-east-1.elb.amazonaws.com:3000/?n=1
Aggregated Function Time : count 3297985 avg 0.0012732087 +/- 0.0004248 min 0.000873163 max 0.212883795 sum 4199.0233
# target 50% 0.00543687
# target 75% 0.00771873
# target 90% 0.00908784
# target 99% 0.00990931
# target 99.9% 0.00999145
Sockets used: 70 (for perfect keepalive, would be 70)
Jitter: false
Code 200 : 3297985 (100.0 %)
All done 3297985 calls (plus 70 warmup) 1.273 ms avg, 54964.8 qps
Successfully wrote 2098 bytes of Json data to 2022-04-03-090743_asg_taewa_3lite_scaling_3_12.json
fortio exit code: 0
[2022-04-03T09:08:43]==============================[STATS]
jh CPU load avg:
1.70 1.28 1.04 1/163 1562
i-0475abf77bf032652
InService
Healthy
{}
i-0ba321907634be753
InService
Healthy
{}
i-0ff588637c1c5f287
InService
Healthy
{}
[2022-04-03T09:08:43]==============================[SCALING RUN 3: CHUNK 13]==============================
09:08:43 I logger.go:127> Log level is now 4 Error (was 2 Info)
Fortio 1.19.0 running at -1 queries per second, 2->2 procs, for 1m0s: http://asg-1-lb-910690454.us-east-1.elb.amazonaws.com:3000/?n=1
Aggregated Function Time : count 3281456 avg 0.0012796258 +/- 0.0004367 min 0.000884786 max 0.208824573 sum 4199.03575
# target 50% 0.0054425
# target 75% 0.00772136
# target 90% 0.00908868
# target 99% 0.00990907
# target 99.9% 0.00999111
Sockets used: 70 (for perfect keepalive, would be 70)
Jitter: false
Code 200 : 3281456 (100.0 %)
All done 3281456 calls (plus 70 warmup) 1.280 ms avg, 54689.6 qps
Successfully wrote 2092 bytes of Json data to 2022-04-03-090844_asg_taewa_3lite_scaling_3_13.json
fortio exit code: 0
[2022-04-03T09:09:44]==============================[STATS]
jh CPU load avg:
1.78 1.38 1.09 1/163 1580
i-0475abf77bf032652
InService
Healthy
{}
i-0ba321907634be753
InService
Healthy
{}
i-0ff588637c1c5f287
InService
Healthy
{}
[2022-04-03T09:09:44]==============================[SCALING RUN 3: CHUNK 14]==============================
09:09:44 I logger.go:127> Log level is now 4 Error (was 2 Info)
Fortio 1.19.0 running at -1 queries per second, 2->2 procs, for 1m0s: http://asg-1-lb-910690454.us-east-1.elb.amazonaws.com:3000/?n=1
Aggregated Function Time : count 3298426 avg 0.0012730343 +/- 0.0004516 min 0.000886157 max 0.208724827 sum 4199.00948
# target 50% 0.00544324
# target 75% 0.00772178
# target 90% 0.00908891
# target 99% 0.00990918
# target 99.9% 0.00999121
Sockets used: 70 (for perfect keepalive, would be 70)
Jitter: false
Code 200 : 3298426 (100.0 %)
All done 3298426 calls (plus 70 warmup) 1.273 ms avg, 54972.5 qps
Successfully wrote 2094 bytes of Json data to 2022-04-03-090944_asg_taewa_3lite_scaling_3_14.json
fortio exit code: 0
[2022-04-03T09:10:44]==============================[STATS]
jh CPU load avg:
1.52 1.39 1.11 1/164 1604
i-0475abf77bf032652
InService
Healthy
{}
i-0ba321907634be753
InService
Healthy
{}
i-0ff588637c1c5f287
InService
Healthy
{}
[2022-04-03T09:14:45]==============================[GET DATA]==============================
2022-04-03T07:22:31..2022-04-03T09:14:45
asg-1-myASG
asg-1-lb
36K alb_data.json
24K asg_data.json
[2022-04-03T09:14:46]==============================[UPLOAD /2022.04.03_07-21_asg_taewa_3lite_41cf]==============================
Warning: Permanently added '34.125.40.213' (ECDSA) to the list of known hosts.
