+ git log -3
commit af09564eb9cd1ccbde5259114c22bc35a94bca03
Author: Your Name <you@example.com>
Date:   Thu Mar 17 15:53:29 2022 +1300

    asg riwai deployment

commit 223fed4f9e134c077728758ac10bff6b6822923d
Author: Your Name <you@example.com>
Date:   Thu Mar 17 15:44:29 2022 +1300

    riwai k8s app setup

commit 794514e4d08acc6d365302e30cf58c5e1c8e840e
Author: Your Name <you@example.com>
Date:   Wed Mar 16 16:04:59 2022 +1300

    swap the order of graphs
++ cut -d _ -f 2
+ app=riwai
+ export AWS_DEFAULT_REGION=us-east-1
+ AWS_DEFAULT_REGION=us-east-1
+ line===============================
++ date +%FT%T
+ echo '[2022-03-17T07:09:57]==============================[starting' in '/tmp/k8s-vs-ASG/data/cli]=============================='
[2022-03-17T07:09:57]==============================[starting in /tmp/k8s-vs-ASG/data/cli]==============================
+ source 0.setup.sh
++ set -x
++ '[' asg_riwai_3 == k8s_apache_3 ']'
++ '[' asg_riwai_3 == k8s_taewa_3 ']'
++ '[' asg_riwai_3 == asg_apache_3 ']'
++ '[' asg_riwai_3 == asg_taewa_3 ']'
++ '[' asg_riwai_3 == k8s_riwai_3 ']'
++ '[' asg_riwai_3 == asg_riwai_3 ']'
++ warmup_url='3000?n=20000'
++ testing_url='3000?n=20000'
++ cpu_perc=35
++ warmup_min_threads=15
++ warmup_max_threads=25
++ warmup_cycle_sec=90
++ scaling_minutes=14
++ performance_sec=300
++ max_capacity=3
++ fortio_options='-a -qps -1 -r 0.01 -loglevel Error -allow-initial-errors'
++ set +x
{
    "Account": "603549703927", 
    "UserId": "AIDAYZBS5T33Z4LN7LNZI", 
    "Arn": "arn:aws:iam::603549703927:user/ad"
}
[2022-03-17T07:10:09] waiting for instances ...
scaling to 3
{
    "HealthCheck": {
        "HealthyThreshold": 2, 
        "Interval": 10, 
        "Target": "HTTP:3000/", 
        "Timeout": 5, 
        "UnhealthyThreshold": 6
    }
}
  % Total    % Received % Xferd  Average Speed   Time    Time     Time  Current
                                 Dload  Upload   Total   Spent    Left  Speed
  0     0    0     0    0     0      0      0 --:--:-- --:--:-- --:--:--     0100    44  100    44    0     0   3967      0 --:--:-- --:--:-- --:--:--  4400
The result of xrss run is :  5044.0055591584
[2022-03-17T07:15:12]==============================[STATS]
jh CPU load avg:
0.09 0.27 0.18 1/156 2876
i-01f10c44d84f3a423
InService
Healthy
{}
i-0950e9eb643598998
InService
Healthy
{}
i-0e99f370eb5342b9d
InService
Healthy
{}
[2022-03-17T07:15:13]==============================[WARMUP RUN c15]==============================
07:15:13 I logger.go:127> Log level is now 4 Error (was 2 Info)
Fortio 1.19.0 running at -1 queries per second, 2->2 procs, for 1m30s: http://asg-1-lb-2323587.us-east-1.elb.amazonaws.com:3000?n=20000
Aggregated Function Time : count 425609 avg 0.0031721871 +/- 0.002432 min 0.001084609 max 0.415129143 sum 1350.11138
# target 50% 0.00555783
# target 75% 0.00779445
# target 90% 0.00913642
# target 99% 0.0099416
# target 99.9% 0.0174479
Sockets used: 15 (for perfect keepalive, would be 15)
Jitter: false
Code 200 : 425609 (100.0 %)
All done 425609 calls (plus 15 warmup) 3.172 ms avg, 4718.2 qps
Successfully wrote 2319 bytes of Json data to 2022-03-17-071513_asg_riwai_3_warmup_15.json
fortio exit code: 0
[2022-03-17T07:16:44]==============================[STATS]
jh CPU load avg:
0.15 0.24 0.18 1/156 2894
i-01f10c44d84f3a423
InService
Healthy
{}
i-0950e9eb643598998
InService
Healthy
{}
i-0e99f370eb5342b9d
InService
Healthy
{}
[2022-03-17T07:17:44]==============================[STATS]
jh CPU load avg:
0.05 0.20 0.16 1/156 2903
i-01f10c44d84f3a423
InService
Healthy
{}
i-0950e9eb643598998
InService
Healthy
{}
i-0e99f370eb5342b9d
InService
Healthy
{}
[2022-03-17T07:17:45]==============================[WARMUP RUN c16]==============================
07:17:45 I logger.go:127> Log level is now 4 Error (was 2 Info)
Fortio 1.19.0 running at -1 queries per second, 2->2 procs, for 1m30s: http://asg-1-lb-2323587.us-east-1.elb.amazonaws.com:3000?n=20000
Aggregated Function Time : count 431542 avg 0.0033366643 +/- 0.002498 min 0.001106741 max 0.210202905 sum 1439.91078
# target 50% 0.0055739
# target 75% 0.00780749
# target 90% 0.00914764
# target 99% 0.00995173
# target 99.9% 0.0181494
Sockets used: 16 (for perfect keepalive, would be 16)
Jitter: false
Code 200 : 431542 (100.0 %)
All done 431542 calls (plus 16 warmup) 3.337 ms avg, 4794.6 qps
Successfully wrote 2319 bytes of Json data to 2022-03-17-071745_asg_riwai_3_warmup_16.json
fortio exit code: 0
[2022-03-17T07:19:15]==============================[STATS]
jh CPU load avg:
0.23 0.20 0.17 1/156 2921
i-01f10c44d84f3a423
InService
Healthy
{}
i-0950e9eb643598998
InService
Healthy
{}
i-0e99f370eb5342b9d
InService
Healthy
{}
[2022-03-17T07:20:16]==============================[STATS]
jh CPU load avg:
0.08 0.16 0.16 1/157 2936
i-01f10c44d84f3a423
InService
Healthy
{}
i-0950e9eb643598998
InService
Healthy
{}
i-0e99f370eb5342b9d
InService
Healthy
{}
[2022-03-17T07:20:16]==============================[WARMUP RUN c17]==============================
07:20:16 I logger.go:127> Log level is now 4 Error (was 2 Info)
Fortio 1.19.0 running at -1 queries per second, 2->2 procs, for 1m30s: http://asg-1-lb-2323587.us-east-1.elb.amazonaws.com:3000?n=20000
Aggregated Function Time : count 436385 avg 0.0035058861 +/- 0.002308 min 0.001092875 max 0.211629781 sum 1529.91611
# target 50% 0.00557597
# target 75% 0.00781753
# target 90% 0.00916247
# target 99% 0.00996943
# target 99.9% 0.0188456
Sockets used: 17 (for perfect keepalive, would be 17)
Jitter: false
Code 200 : 436385 (100.0 %)
All done 436385 calls (plus 17 warmup) 3.506 ms avg, 4848.4 qps
Successfully wrote 2320 bytes of Json data to 2022-03-17-072016_asg_riwai_3_warmup_17.json
fortio exit code: 0
[2022-03-17T07:21:46]==============================[STATS]
jh CPU load avg:
0.22 0.18 0.16 1/157 2955
i-01f10c44d84f3a423
InService
Healthy
{}
i-0950e9eb643598998
InService
Healthy
{}
i-0e99f370eb5342b9d
InService
Healthy
{}
[2022-03-17T07:22:47]==============================[STATS]
jh CPU load avg:
0.08 0.14 0.15 1/157 2966
i-01f10c44d84f3a423
InService
Healthy
{}
i-0950e9eb643598998
InService
Healthy
{}
i-0e99f370eb5342b9d
InService
Healthy
{}
[2022-03-17T07:22:48]==============================[WARMUP RUN c18]==============================
07:22:48 I logger.go:127> Log level is now 4 Error (was 2 Info)
Fortio 1.19.0 running at -1 queries per second, 2->2 procs, for 1m30s: http://asg-1-lb-2323587.us-east-1.elb.amazonaws.com:3000?n=20000
Aggregated Function Time : count 431622 avg 0.0037530806 +/- 0.002275 min 0.001095507 max 0.210839892 sum 1619.91215
# target 50% 0.00559321
# target 75% 0.00784207
# target 90% 0.00919139
# target 99% 0.0101128
# target 99.9% 0.0194801
Sockets used: 18 (for perfect keepalive, would be 18)
Jitter: false
Code 200 : 431622 (100.0 %)
All done 431622 calls (plus 18 warmup) 3.753 ms avg, 4795.5 qps
Successfully wrote 2679 bytes of Json data to 2022-03-17-072248_asg_riwai_3_warmup_18.json
fortio exit code: 0
[2022-03-17T07:24:18]==============================[STATS]
jh CPU load avg:
0.06 0.13 0.15 1/157 2984
i-01f10c44d84f3a423
InService
Healthy
{}
i-0950e9eb643598998
InService
Healthy
{}
i-0e99f370eb5342b9d
InService
Healthy
{}
[2022-03-17T07:25:18]==============================[STATS]
jh CPU load avg:
0.02 0.10 0.13 1/156 2993
i-01f10c44d84f3a423
InService
Healthy
{}
i-0950e9eb643598998
InService
Healthy
{}
i-0e99f370eb5342b9d
InService
Healthy
{}
[2022-03-17T07:25:19]==============================[WARMUP RUN c19]==============================
07:25:19 I logger.go:127> Log level is now 4 Error (was 2 Info)
Fortio 1.19.0 running at -1 queries per second, 2->2 procs, for 1m30s: http://asg-1-lb-2323587.us-east-1.elb.amazonaws.com:3000?n=20000
Aggregated Function Time : count 433154 avg 0.0039475904 +/- 0.002366 min 0.001073635 max 0.217029596 sum 1709.91456
# target 50% 0.00558961
# target 75% 0.00784761
# target 90% 0.00920241
# target 99% 0.0115322
# target 99.9% 0.0196759
Sockets used: 19 (for perfect keepalive, would be 19)
Jitter: false
Code 200 : 433154 (100.0 %)
All done 433154 calls (plus 19 warmup) 3.948 ms avg, 4812.5 qps
Successfully wrote 2558 bytes of Json data to 2022-03-17-072519_asg_riwai_3_warmup_19.json
fortio exit code: 0
[2022-03-17T07:26:49]==============================[STATS]
jh CPU load avg:
0.15 0.12 0.13 1/156 3012
i-01f10c44d84f3a423
InService
Healthy
{}
i-0950e9eb643598998
InService
Healthy
{}
i-0e99f370eb5342b9d
InService
Healthy
{}
[2022-03-17T07:27:50]==============================[STATS]
jh CPU load avg:
0.09 0.11 0.13 1/156 3021
i-01f10c44d84f3a423
InService
Healthy
{}
i-0950e9eb643598998
InService
Healthy
{}
i-0e99f370eb5342b9d
InService
Healthy
{}
[2022-03-17T07:27:50]==============================[WARMUP RUN c20]==============================
07:27:50 I logger.go:127> Log level is now 4 Error (was 2 Info)
Fortio 1.19.0 running at -1 queries per second, 2->2 procs, for 1m30s: http://asg-1-lb-2323587.us-east-1.elb.amazonaws.com:3000?n=20000
Aggregated Function Time : count 433920 avg 0.0041480559 +/- 0.002743 min 0.001090878 max 0.21167168 sum 1799.92442
# target 50% 0.00573543
# target 75% 0.00805772
# target 90% 0.00945109
# target 99% 0.0176665
# target 99.9% 0.0198989
Sockets used: 20 (for perfect keepalive, would be 20)
Jitter: false
Code 200 : 433920 (100.0 %)
All done 433920 calls (plus 20 warmup) 4.148 ms avg, 4820.9 qps
Successfully wrote 2671 bytes of Json data to 2022-03-17-072751_asg_riwai_3_warmup_20.json
fortio exit code: 0
[2022-03-17T07:29:21]==============================[STATS]
jh CPU load avg:
0.14 0.12 0.13 1/156 3039
i-01f10c44d84f3a423
InService
Healthy
{}
i-0950e9eb643598998
InService
Healthy
{}
i-0e99f370eb5342b9d
InService
Healthy
{}
[2022-03-17T07:30:21]==============================[STATS]
jh CPU load avg:
0.08 0.11 0.12 1/158 3055
i-01f10c44d84f3a423
InService
Healthy
{}
i-0950e9eb643598998
InService
Healthy
{}
i-0e99f370eb5342b9d
InService
Healthy
{}
[2022-03-17T07:30:22]==============================[WARMUP RUN c21]==============================
07:30:22 I logger.go:127> Log level is now 4 Error (was 2 Info)
Fortio 1.19.0 running at -1 queries per second, 2->2 procs, for 1m30s: http://asg-1-lb-2323587.us-east-1.elb.amazonaws.com:3000?n=20000
Aggregated Function Time : count 436739 avg 0.0043273636 +/- 0.002761 min 0.0010979 max 0.216288878 sum 1889.92844
# target 50% 0.00583569
# target 75% 0.00820459
# target 90% 0.00962594
# target 99% 0.0184423
# target 99.9% 0.0199462
Sockets used: 21 (for perfect keepalive, would be 21)
Jitter: false
Code 200 : 436739 (100.0 %)
All done 436739 calls (plus 21 warmup) 4.327 ms avg, 4852.3 qps
Successfully wrote 2433 bytes of Json data to 2022-03-17-073022_asg_riwai_3_warmup_21.json
fortio exit code: 0
[2022-03-17T07:31:52]==============================[STATS]
jh CPU load avg:
0.51 0.24 0.16 1/158 3074
i-01f10c44d84f3a423
InService
Healthy
{}
i-0950e9eb643598998
InService
Healthy
{}
i-0e99f370eb5342b9d
InService
Healthy
{}
[2022-03-17T07:32:53]==============================[STATS]
jh CPU load avg:
0.18 0.19 0.15 1/159 3084
i-01f10c44d84f3a423
InService
Healthy
{}
i-0950e9eb643598998
InService
Healthy
{}
i-0e99f370eb5342b9d
InService
Healthy
{}
[2022-03-17T07:32:53]==============================[WARMUP RUN c22]==============================
07:32:53 I logger.go:127> Log level is now 4 Error (was 2 Info)
Fortio 1.19.0 running at -1 queries per second, 2->2 procs, for 1m30s: http://asg-1-lb-2323587.us-east-1.elb.amazonaws.com:3000?n=20000
Aggregated Function Time : count 437414 avg 0.0045264475 +/- 0.002664 min 0.001087167 max 0.220701165 sum 1979.93152
# target 50% 0.00585646
# target 75% 0.00824111
# target 90% 0.00967191
# target 99% 0.018552
# target 99.9% 0.0199362
Sockets used: 22 (for perfect keepalive, would be 22)
Jitter: false
Code 200 : 437414 (100.0 %)
All done 437414 calls (plus 22 warmup) 4.526 ms avg, 4859.8 qps
Successfully wrote 2443 bytes of Json data to 2022-03-17-073253_asg_riwai_3_warmup_22.json
fortio exit code: 0
[2022-03-17T07:34:23]==============================[STATS]
jh CPU load avg:
0.24 0.20 0.16 1/159 3103
i-01f10c44d84f3a423
InService
Healthy
{}
i-0950e9eb643598998
InService
Healthy
{}
i-0e99f370eb5342b9d
InService
Healthy
{}
[2022-03-17T07:35:24]==============================[STATS]
jh CPU load avg:
0.09 0.16 0.15 1/157 3124
i-01f10c44d84f3a423
InService
Healthy
{}
i-0950e9eb643598998
InService
Healthy
{}
i-0e99f370eb5342b9d
InService
Healthy
{}
[2022-03-17T07:35:25]==============================[WARMUP RUN c23]==============================
07:35:25 I logger.go:127> Log level is now 4 Error (was 2 Info)
Fortio 1.19.0 running at -1 queries per second, 2->2 procs, for 1m30s: http://asg-1-lb-2323587.us-east-1.elb.amazonaws.com:3000?n=20000
Aggregated Function Time : count 433898 avg 0.0047705592 +/- 0.002975 min 0.001089128 max 0.222822719 sum 2069.9361
# target 50% 0.00583218
# target 75% 0.00820371
# target 90% 0.00962663
# target 99% 0.0184714
# target 99.9% 0.0199769
Sockets used: 23 (for perfect keepalive, would be 23)
Jitter: false
Code 200 : 433898 (100.0 %)
All done 433898 calls (plus 23 warmup) 4.771 ms avg, 4820.7 qps
Successfully wrote 2557 bytes of Json data to 2022-03-17-073525_asg_riwai_3_warmup_23.json
fortio exit code: 0
[2022-03-17T07:36:55]==============================[STATS]
jh CPU load avg:
0.08 0.14 0.14 1/156 3208
i-01f10c44d84f3a423
InService
Healthy
{}
i-0950e9eb643598998
InService
Healthy
{}
i-0e99f370eb5342b9d
InService
Healthy
{}
[2022-03-17T07:37:56]==============================[STATS]
jh CPU load avg:
0.03 0.12 0.13 1/159 3232
i-01f10c44d84f3a423
InService
Healthy
{}
i-0950e9eb643598998
InService
Healthy
{}
i-0e99f370eb5342b9d
InService
Healthy
{}
[2022-03-17T07:37:56]==============================[WARMUP RUN c24]==============================
07:37:56 I logger.go:127> Log level is now 4 Error (was 2 Info)
Fortio 1.19.0 running at -1 queries per second, 2->2 procs, for 1m30s: http://asg-1-lb-2323587.us-east-1.elb.amazonaws.com:3000?n=20000
Aggregated Function Time : count 430089 avg 0.0050220638 +/- 0.003278 min 0.001119683 max 0.214010158 sum 2159.93442
# target 50% 0.00586028
# target 75% 0.00823059
# target 90% 0.00965277
# target 99% 0.0187519
# target 99.9% 0.027604
Sockets used: 24 (for perfect keepalive, would be 24)
Jitter: false
Code 200 : 430089 (100.0 %)
All done 430089 calls (plus 24 warmup) 5.022 ms avg, 4778.4 qps
Successfully wrote 3035 bytes of Json data to 2022-03-17-073756_asg_riwai_3_warmup_24.json
fortio exit code: 0
[2022-03-17T07:39:26]==============================[STATS]
jh CPU load avg:
0.04 0.10 0.12 1/157 3268
i-01f10c44d84f3a423
InService
Healthy
{}
i-0950e9eb643598998
InService
Healthy
{}
i-0e99f370eb5342b9d
InService
Healthy
{}
[2022-03-17T07:40:27]==============================[STATS]
jh CPU load avg:
0.07 0.10 0.12 1/158 3283
i-01f10c44d84f3a423
InService
Healthy
{}
i-0950e9eb643598998
InService
Healthy
{}
i-0e99f370eb5342b9d
InService
Healthy
{}
[2022-03-17T07:40:28]==============================[WARMUP RUN c25]==============================
07:40:28 I logger.go:127> Log level is now 4 Error (was 2 Info)
Fortio 1.19.0 running at -1 queries per second, 2->2 procs, for 1m30s: http://asg-1-lb-2323587.us-east-1.elb.amazonaws.com:3000?n=20000
Aggregated Function Time : count 437174 avg 0.0051466087 +/- 0.003165 min 0.00110103 max 0.213324822 sum 2249.9635
# target 50% 0.0058401
# target 75% 0.00820965
# target 90% 0.00963138
# target 99% 0.0184875
# target 99.9% 0.0199821
Sockets used: 25 (for perfect keepalive, would be 25)
Jitter: false
Code 200 : 437174 (100.0 %)
All done 437174 calls (plus 25 warmup) 5.147 ms avg, 4857.1 qps
Successfully wrote 2555 bytes of Json data to 2022-03-17-074028_asg_riwai_3_warmup_25.json
fortio exit code: 0
[2022-03-17T07:41:58]==============================[STATS]
jh CPU load avg:
0.34 0.19 0.14 1/158 3301
i-01f10c44d84f3a423
InService
Healthy
{}
i-0950e9eb643598998
InService
Healthy
{}
i-0e99f370eb5342b9d
InService
Healthy
{}
{
    "LoadBalancerDescriptions": [
        {
            "Subnets": [
                "subnet-025ea0abc17e0f9dc", 
                "subnet-0e1c35f4ae267d830"
            ], 
            "CanonicalHostedZoneNameID": "Z35SXDOTRQ7X7K", 
            "CanonicalHostedZoneName": "asg-1-lb-2323587.us-east-1.elb.amazonaws.com", 
            "ListenerDescriptions": [
                {
                    "Listener": {
                        "InstancePort": 3000, 
                        "LoadBalancerPort": 3000, 
                        "Protocol": "TCP", 
                        "InstanceProtocol": "TCP"
                    }, 
                    "PolicyNames": []
                }, 
                {
                    "Listener": {
                        "InstancePort": 80, 
                        "LoadBalancerPort": 80, 
                        "Protocol": "TCP", 
                        "InstanceProtocol": "TCP"
                    }, 
                    "PolicyNames": []
                }
            ], 
            "HealthCheck": {
                "HealthyThreshold": 2, 
                "Interval": 10, 
                "Target": "HTTP:3000/", 
                "Timeout": 5, 
                "UnhealthyThreshold": 6
            }, 
            "VPCId": "vpc-058a54436f4ae5351", 
            "BackendServerDescriptions": [], 
            "Instances": [
                {
                    "InstanceId": "i-0950e9eb643598998"
                }, 
                {
                    "InstanceId": "i-01f10c44d84f3a423"
                }, 
                {
                    "InstanceId": "i-0e99f370eb5342b9d"
                }
            ], 
            "DNSName": "asg-1-lb-2323587.us-east-1.elb.amazonaws.com", 
            "SecurityGroups": [
                "sg-00dec618471ba935c"
            ], 
            "Policies": {
                "LBCookieStickinessPolicies": [], 
                "AppCookieStickinessPolicies": [], 
                "OtherPolicies": []
            }, 
            "LoadBalancerName": "asg-1-lb", 
            "CreatedTime": "2022-03-17T07:05:17.340Z", 
            "AvailabilityZones": [
                "us-east-1b", 
                "us-east-1a"
            ], 
            "Scheme": "internet-facing", 
            "SourceSecurityGroup": {
                "OwnerAlias": "603549703927", 
                "GroupName": "asg-1-ALBSecurityGroup-1U7SKG96H6EUH"
            }
        }
    ]
}
{
    "AutoScalingGroups": [
        {
            "AutoScalingGroupARN": "arn:aws:autoscaling:us-east-1:603549703927:autoScalingGroup:87e8fd28-73bd-4a94-9563-d1d43fdbce32:autoScalingGroupName/asg-1-myASG", 
            "ServiceLinkedRoleARN": "arn:aws:iam::603549703927:role/aws-service-role/autoscaling.amazonaws.com/AWSServiceRoleForAutoScaling", 
            "TargetGroupARNs": [], 
            "SuspendedProcesses": [], 
            "LaunchTemplate": {
                "LaunchTemplateName": "asg-1-launch-template", 
                "Version": "1", 
                "LaunchTemplateId": "lt-00178ce34f8d807dc"
            }, 
            "Tags": [
                {
                    "ResourceType": "auto-scaling-group", 
                    "ResourceId": "asg-1-myASG", 
                    "PropagateAtLaunch": true, 
                    "Value": "asg-1-instance", 
                    "Key": "Name"
                }, 
                {
                    "ResourceType": "auto-scaling-group", 
                    "ResourceId": "asg-1-myASG", 
                    "PropagateAtLaunch": false, 
                    "Value": "WebServerGroup", 
                    "Key": "Purpose"
                }, 
                {
                    "ResourceType": "auto-scaling-group", 
                    "ResourceId": "asg-1-myASG", 
                    "PropagateAtLaunch": true, 
                    "Value": "myASG", 
                    "Key": "aws:cloudformation:logical-id"
                }, 
                {
                    "ResourceType": "auto-scaling-group", 
                    "ResourceId": "asg-1-myASG", 
                    "PropagateAtLaunch": true, 
                    "Value": "arn:aws:cloudformation:us-east-1:603549703927:stack/asg-1/8eb76410-a5c0-11ec-9b75-12a6b501983b", 
                    "Key": "aws:cloudformation:stack-id"
                }, 
                {
                    "ResourceType": "auto-scaling-group", 
                    "ResourceId": "asg-1-myASG", 
                    "PropagateAtLaunch": true, 
                    "Value": "asg-1", 
                    "Key": "aws:cloudformation:stack-name"
                }
            ], 
            "EnabledMetrics": [
                {
                    "Metric": "GroupStandbyInstances", 
                    "Granularity": "1Minute"
                }, 
                {
                    "Metric": "GroupPendingInstances", 
                    "Granularity": "1Minute"
                }, 
                {
                    "Metric": "GroupStandbyCapacity", 
                    "Granularity": "1Minute"
                }, 
                {
                    "Metric": "GroupTerminatingInstances", 
                    "Granularity": "1Minute"
                }, 
                {
                    "Metric": "WarmPoolWarmedCapacity", 
                    "Granularity": "1Minute"
                }, 
                {
                    "Metric": "GroupAndWarmPoolDesiredCapacity", 
                    "Granularity": "1Minute"
                }, 
                {
                    "Metric": "GroupPendingCapacity", 
                    "Granularity": "1Minute"
                }, 
                {
                    "Metric": "GroupAndWarmPoolTotalCapacity", 
                    "Granularity": "1Minute"
                }, 
                {
                    "Metric": "GroupDesiredCapacity", 
                    "Granularity": "1Minute"
                }, 
                {
                    "Metric": "WarmPoolDesiredCapacity", 
                    "Granularity": "1Minute"
                }, 
                {
                    "Metric": "GroupInServiceCapacity", 
                    "Granularity": "1Minute"
                }, 
                {
                    "Metric": "WarmPoolTerminatingCapacity", 
                    "Granularity": "1Minute"
                }, 
                {
                    "Metric": "WarmPoolPendingCapacity", 
                    "Granularity": "1Minute"
                }, 
                {
                    "Metric": "GroupInServiceInstances", 
                    "Granularity": "1Minute"
                }, 
                {
                    "Metric": "WarmPoolTotalCapacity", 
                    "Granularity": "1Minute"
                }, 
                {
                    "Metric": "GroupMinSize", 
                    "Granularity": "1Minute"
                }, 
                {
                    "Metric": "GroupTotalCapacity", 
                    "Granularity": "1Minute"
                }, 
                {
                    "Metric": "GroupMaxSize", 
                    "Granularity": "1Minute"
                }, 
                {
                    "Metric": "GroupTotalInstances", 
                    "Granularity": "1Minute"
                }, 
                {
                    "Metric": "WarmPoolMinSize", 
                    "Granularity": "1Minute"
                }, 
                {
                    "Metric": "GroupTerminatingCapacity", 
                    "Granularity": "1Minute"
                }
            ], 
            "TerminationPolicies": [
                "Default"
            ], 
            "AutoScalingGroupName": "asg-1-myASG", 
            "DefaultCooldown": 300, 
            "MinSize": 1, 
            "Instances": [
                {
                    "ProtectedFromScaleIn": false, 
                    "AvailabilityZone": "us-east-1b", 
                    "LaunchTemplate": {
                        "LaunchTemplateName": "asg-1-launch-template", 
                        "Version": "1", 
                        "LaunchTemplateId": "lt-00178ce34f8d807dc"
                    }, 
                    "InstanceId": "i-01f10c44d84f3a423", 
                    "HealthStatus": "Healthy", 
                    "LifecycleState": "InService", 
                    "InstanceType": "t3.medium"
                }, 
                {
                    "ProtectedFromScaleIn": false, 
                    "AvailabilityZone": "us-east-1a", 
                    "LaunchTemplate": {
                        "LaunchTemplateName": "asg-1-launch-template", 
                        "Version": "1", 
                        "LaunchTemplateId": "lt-00178ce34f8d807dc"
                    }, 
                    "InstanceId": "i-0950e9eb643598998", 
                    "HealthStatus": "Healthy", 
                    "LifecycleState": "InService", 
                    "InstanceType": "t3.medium"
                }, 
                {
                    "ProtectedFromScaleIn": false, 
                    "AvailabilityZone": "us-east-1a", 
                    "LaunchTemplate": {
                        "LaunchTemplateName": "asg-1-launch-template", 
                        "Version": "1", 
                        "LaunchTemplateId": "lt-00178ce34f8d807dc"
                    }, 
                    "InstanceId": "i-0e99f370eb5342b9d", 
                    "HealthStatus": "Healthy", 
                    "LifecycleState": "InService", 
                    "InstanceType": "t3.medium"
                }
            ], 
            "MaxSize": 3, 
            "VPCZoneIdentifier": "subnet-0e1c35f4ae267d830,subnet-025ea0abc17e0f9dc", 
            "HealthCheckGracePeriod": 300, 
            "LoadBalancerNames": [
                "asg-1-lb"
            ], 
            "CreatedTime": "2022-03-17T07:07:42.635Z", 
            "AvailabilityZones": [
                "us-east-1a", 
                "us-east-1b"
            ], 
            "HealthCheckType": "EC2", 
            "NewInstancesProtectedFromScaleIn": false, 
            "DesiredCapacity": 3
        }
    ]
}
[2022-03-17T07:43:01]==============================[PERFORMANCE CHUNK RUN 26]==============================
[2022-03-17T07:44:01]==============================[STATS]
jh CPU load avg:
0.04 0.12 0.12 1/158 3326
i-01f10c44d84f3a423
InService
Healthy
{}
i-0950e9eb643598998
InService
Healthy
{}
i-0e99f370eb5342b9d
InService
Healthy
{}
07:44:02 I logger.go:127> Log level is now 4 Error (was 2 Info)
Fortio 1.19.0 running at -1 queries per second, 2->2 procs, for 1m0s: http://asg-1-lb-2323587.us-east-1.elb.amazonaws.com:3000?n=20000
Aggregated Function Time : count 280562 avg 0.005346415 +/- 0.003248 min 0.001145375 max 0.212685776 sum 1500.00089
# target 50% 0.00585994
# target 75% 0.00821723
# target 90% 0.00963161
# target 99% 0.018685
# target 99.9% 0.0274065
Sockets used: 25 (for perfect keepalive, would be 25)
Jitter: false
Code 200 : 280562 (100.0 %)
All done 280562 calls (plus 25 warmup) 5.346 ms avg, 4675.4 qps
Successfully wrote 2810 bytes of Json data to 2022-03-17-074402_asg_riwai_3_performance_chunk_26_1.json
fortio exit code: 0
[2022-03-17T07:45:02]==============================[STATS]
jh CPU load avg:
0.16 0.13 0.12 1/158 3342
i-01f10c44d84f3a423
InService
Healthy
{}
i-0950e9eb643598998
InService
Healthy
{}
i-0e99f370eb5342b9d
InService
Healthy
{}
07:45:03 I logger.go:127> Log level is now 4 Error (was 2 Info)
Fortio 1.19.0 running at -1 queries per second, 2->2 procs, for 1m0s: http://asg-1-lb-2323587.us-east-1.elb.amazonaws.com:3000?n=20000
Aggregated Function Time : count 282865 avg 0.0053028463 +/- 0.003172 min 0.001156789 max 0.213299882 sum 1499.98961
# target 50% 0.00586206
# target 75% 0.00821472
# target 90% 0.00962631
# target 99% 0.018554
# target 99.9% 0.0241028
Sockets used: 25 (for perfect keepalive, would be 25)
Jitter: false
Code 200 : 282865 (100.0 %)
All done 282865 calls (plus 25 warmup) 5.303 ms avg, 4713.8 qps
Successfully wrote 2690 bytes of Json data to 2022-03-17-074503_asg_riwai_3_performance_chunk_26_2.json
fortio exit code: 0
[2022-03-17T07:46:03]==============================[STATS]
jh CPU load avg:
0.08 0.12 0.11 1/157 3358
i-01f10c44d84f3a423
InService
Healthy
{}
i-0950e9eb643598998
InService
Healthy
{}
i-0e99f370eb5342b9d
InService
Healthy
{}
07:46:03 I logger.go:127> Log level is now 4 Error (was 2 Info)
Fortio 1.19.0 running at -1 queries per second, 2->2 procs, for 1m0s: http://asg-1-lb-2323587.us-east-1.elb.amazonaws.com:3000?n=20000
Aggregated Function Time : count 283927 avg 0.0052829854 +/- 0.003214 min 0.001179356 max 0.213408612 sum 1499.98218
# target 50% 0.00587104
# target 75% 0.0082169
# target 90% 0.00962441
# target 99% 0.0184422
# target 99.9% 0.0199626
Sockets used: 25 (for perfect keepalive, would be 25)
Jitter: false
Code 200 : 283927 (100.0 %)
All done 283927 calls (plus 25 warmup) 5.283 ms avg, 4731.5 qps
Successfully wrote 2333 bytes of Json data to 2022-03-17-074604_asg_riwai_3_performance_chunk_26_3.json
fortio exit code: 0
[2022-03-17T07:47:04]==============================[STATS]
jh CPU load avg:
0.19 0.15 0.12 1/157 3374
i-01f10c44d84f3a423
InService
Healthy
{}
i-0950e9eb643598998
InService
Healthy
{}
i-0e99f370eb5342b9d
InService
Healthy
{}
07:47:04 I logger.go:127> Log level is now 4 Error (was 2 Info)
Fortio 1.19.0 running at -1 queries per second, 2->2 procs, for 1m0s: http://asg-1-lb-2323587.us-east-1.elb.amazonaws.com:3000?n=20000
Aggregated Function Time : count 284319 avg 0.005275692 +/- 0.003065 min 0.001138431 max 0.21339381 sum 1499.97947
# target 50% 0.0058697
# target 75% 0.00823535
# target 90% 0.00965474
# target 99% 0.0185626
# target 99.9% 0.0201753
Sockets used: 25 (for perfect keepalive, would be 25)
Jitter: false
Code 200 : 284319 (100.0 %)
All done 284319 calls (plus 25 warmup) 5.276 ms avg, 4738.1 qps
Successfully wrote 2331 bytes of Json data to 2022-03-17-074704_asg_riwai_3_performance_chunk_26_4.json
fortio exit code: 0
[2022-03-17T07:48:04]==============================[STATS]
jh CPU load avg:
0.22 0.17 0.13 1/157 3390
i-01f10c44d84f3a423
InService
Healthy
{}
i-0950e9eb643598998
InService
Healthy
{}
i-0e99f370eb5342b9d
InService
Healthy
{}
07:48:05 I logger.go:127> Log level is now 4 Error (was 2 Info)
Fortio 1.19.0 running at -1 queries per second, 2->2 procs, for 1m0s: http://asg-1-lb-2323587.us-east-1.elb.amazonaws.com:3000?n=20000
Aggregated Function Time : count 285051 avg 0.0052621923 +/- 0.003269 min 0.001117485 max 0.232613969 sum 1499.99317
# target 50% 0.0058261
# target 75% 0.00818042
# target 90% 0.00959301
# target 99% 0.0183608
# target 99.9% 0.0199692
Sockets used: 25 (for perfect keepalive, would be 25)
Jitter: false
Code 200 : 285051 (100.0 %)
All done 285051 calls (plus 25 warmup) 5.262 ms avg, 4750.2 qps
Successfully wrote 2334 bytes of Json data to 2022-03-17-074805_asg_riwai_3_performance_chunk_26_5.json
fortio exit code: 0
[2022-03-17T07:50:05]==============================[STATS]
jh CPU load avg:
0.03 0.11 0.11 1/157 3414
i-01f10c44d84f3a423
InService
Healthy
{}
i-0950e9eb643598998
InService
Healthy
{}
i-0e99f370eb5342b9d
InService
Healthy
{}
[2022-03-17T07:50:06]==============================[PERFORMANCE RUN 1]==============================
07:50:06 I logger.go:127> Log level is now 4 Error (was 2 Info)
Fortio 1.19.0 running at -1 queries per second, 2->2 procs, for 5m0s: http://asg-1-lb-2323587.us-east-1.elb.amazonaws.com:3000?n=20000
Aggregated Function Time : count 1422838 avg 0.0052709177 +/- 0.00325 min 0.001094948 max 0.216329257 sum 7499.66204
# target 50% 0.00580929
# target 75% 0.00816647
# target 90% 0.00958077
# target 99% 0.0183809
# target 99.9% 0.0220881
Sockets used: 25 (for perfect keepalive, would be 25)
Jitter: false
Code 200 : 1422838 (100.0 %)
All done 1422838 calls (plus 25 warmup) 5.271 ms avg, 4742.7 qps
Successfully wrote 2932 bytes of Json data to 2022-03-17-075006_asg_riwai_3_performance_1.json
fortio exit code: 0
[2022-03-17T07:55:06]==============================[STATS]
jh CPU load avg:
0.21 0.14 0.11 1/157 3436
i-01f10c44d84f3a423
InService
Healthy
{}
i-0950e9eb643598998
InService
Healthy
{}
i-0e99f370eb5342b9d
InService
Healthy
{}
[2022-03-17T07:56:07]==============================[STATS]
jh CPU load avg:
0.07 0.11 0.09 1/157 3446
i-01f10c44d84f3a423
InService
Healthy
{}
i-0950e9eb643598998
InService
Healthy
{}
i-0e99f370eb5342b9d
InService
Healthy
{}
[2022-03-17T07:56:07]==============================[PERFORMANCE RUN 2]==============================
07:56:07 I logger.go:127> Log level is now 4 Error (was 2 Info)
Fortio 1.19.0 running at -1 queries per second, 2->2 procs, for 5m0s: http://asg-1-lb-2323587.us-east-1.elb.amazonaws.com:3000?n=20000
Aggregated Function Time : count 1410641 avg 0.0053164758 +/- 0.003105 min 0.001112783 max 0.222258838 sum 7499.63868
# target 50% 0.00584418
# target 75% 0.00820988
# target 90% 0.00962931
# target 99% 0.0186239
# target 99.9% 0.026552
Sockets used: 25 (for perfect keepalive, would be 25)
Jitter: false
Code 200 : 1410641 (100.0 %)
All done 1410641 calls (plus 25 warmup) 5.316 ms avg, 4702.0 qps
Successfully wrote 3051 bytes of Json data to 2022-03-17-075607_asg_riwai_3_performance_2.json
fortio exit code: 0
[2022-03-17T08:01:07]==============================[STATS]
jh CPU load avg:
0.40 0.25 0.15 1/158 3486
i-01f10c44d84f3a423
InService
Healthy
{}
i-0950e9eb643598998
InService
Healthy
{}
i-0e99f370eb5342b9d
InService
Healthy
{}
[2022-03-17T08:02:08]==============================[STATS]
jh CPU load avg:
0.16 0.21 0.14 1/158 3496
i-01f10c44d84f3a423
InService
Healthy
{}
i-0950e9eb643598998
InService
Healthy
{}
i-0e99f370eb5342b9d
InService
Healthy
{}
[2022-03-17T08:02:09]==============================[PERFORMANCE RUN 3]==============================
08:02:09 I logger.go:127> Log level is now 4 Error (was 2 Info)
Fortio 1.19.0 running at -1 queries per second, 2->2 procs, for 5m0s: http://asg-1-lb-2323587.us-east-1.elb.amazonaws.com:3000?n=20000
Aggregated Function Time : count 1414820 avg 0.0053007744 +/- 0.003612 min 0.001107541 max 0.426408733 sum 7499.64162
# target 50% 0.00582679
# target 75% 0.00818642
# target 90% 0.00960219
# target 99% 0.018512
# target 99.9% 0.0251798
Sockets used: 25 (for perfect keepalive, would be 25)
Jitter: false
Code 200 : 1414820 (100.0 %)
All done 1414820 calls (plus 25 warmup) 5.301 ms avg, 4715.9 qps
Successfully wrote 2928 bytes of Json data to 2022-03-17-080209_asg_riwai_3_performance_3.json
fortio exit code: 0
[2022-03-17T08:07:09]==============================[STATS]
jh CPU load avg:
0.14 0.17 0.14 1/158 3567
i-01f10c44d84f3a423
InService
Healthy
{}
i-0950e9eb643598998
InService
Healthy
{}
i-0e99f370eb5342b9d
InService
Healthy
{}
scaling to 0
{
    "Alarms": [
        {
            "AlarmName": "TargetTracking-asg-1-myASG-AlarmHigh-be3c0ea1-b99c-44aa-abc1-e4e902e20a96", 
            "AlarmARN": "arn:aws:cloudwatch:us-east-1:603549703927:alarm:TargetTracking-asg-1-myASG-AlarmHigh-be3c0ea1-b99c-44aa-abc1-e4e902e20a96"
        }, 
        {
            "AlarmName": "TargetTracking-asg-1-myASG-AlarmLow-b8b5e45f-9e55-419d-aacc-41a2c1262f51", 
            "AlarmARN": "arn:aws:cloudwatch:us-east-1:603549703927:alarm:TargetTracking-asg-1-myASG-AlarmLow-b8b5e45f-9e55-419d-aacc-41a2c1262f51"
        }
    ], 
    "PolicyARN": "arn:aws:autoscaling:us-east-1:603549703927:scalingPolicy:3bfd7953-b6e1-4112-8a91-6850f9eee375:autoScalingGroupName/asg-1-myASG:policyName/asg-1-AppServerSP-9GIM57WP3YRU"
}
[2022-03-17T08:07:41]==============================[SCALING RUN 1: INIT]==============================
{
    "Alarms": [
        {
            "AlarmName": "TargetTracking-asg-1-myASG-AlarmHigh-be3c0ea1-b99c-44aa-abc1-e4e902e20a96", 
            "AlarmARN": "arn:aws:cloudwatch:us-east-1:603549703927:alarm:TargetTracking-asg-1-myASG-AlarmHigh-be3c0ea1-b99c-44aa-abc1-e4e902e20a96"
        }, 
        {
            "AlarmName": "TargetTracking-asg-1-myASG-AlarmLow-b8b5e45f-9e55-419d-aacc-41a2c1262f51", 
            "AlarmARN": "arn:aws:cloudwatch:us-east-1:603549703927:alarm:TargetTracking-asg-1-myASG-AlarmLow-b8b5e45f-9e55-419d-aacc-41a2c1262f51"
        }
    ], 
    "PolicyARN": "arn:aws:autoscaling:us-east-1:603549703927:scalingPolicy:3bfd7953-b6e1-4112-8a91-6850f9eee375:autoScalingGroupName/asg-1-myASG:policyName/asg-1-AppServerSP-9GIM57WP3YRU"
}
scaling to 1
[2022-03-17T08:07:43]==============================[SCALING RUN 1: ENABLE SCALING - SLEEP]==============================
{
    "Alarms": [
        {
            "AlarmName": "TargetTracking-asg-1-myASG-AlarmHigh-323758a1-e91a-4cc2-8012-6cd41f82425d", 
            "AlarmARN": "arn:aws:cloudwatch:us-east-1:603549703927:alarm:TargetTracking-asg-1-myASG-AlarmHigh-323758a1-e91a-4cc2-8012-6cd41f82425d"
        }, 
        {
            "AlarmName": "TargetTracking-asg-1-myASG-AlarmLow-7e62e412-b52f-4ab5-933f-1748511fe6e1", 
            "AlarmARN": "arn:aws:cloudwatch:us-east-1:603549703927:alarm:TargetTracking-asg-1-myASG-AlarmLow-7e62e412-b52f-4ab5-933f-1748511fe6e1"
        }
    ], 
    "PolicyARN": "arn:aws:autoscaling:us-east-1:603549703927:scalingPolicy:3bfd7953-b6e1-4112-8a91-6850f9eee375:autoScalingGroupName/asg-1-myASG:policyName/asg-1-AppServerSP-9GIM57WP3YRU"
}
[2022-03-17T08:10:44]==============================[SCALING RUN 1: FORTIO]==============================
[2022-03-17T08:10:44]==============================[STATS]
jh CPU load avg:
0.06 0.09 0.10 1/160 3613
i-018efcdb11c6e00ad
InService
Healthy
{}
[2022-03-17T08:10:45]==============================[SCALING RUN 1: CHUNK 1]==============================
08:10:45 I logger.go:127> Log level is now 4 Error (was 2 Info)
Fortio 1.19.0 running at -1 queries per second, 2->2 procs, for 1m0s: http://asg-1-lb-2323587.us-east-1.elb.amazonaws.com:3000?n=20000
Aggregated Function Time : count 96177 avg 0.015597695 +/- 0.004896 min 0.003224875 max 0.244715043 sum 1500.13954
# target 50% 0.0155839
# target 75% 0.0184282
# target 90% 0.0211534
# target 99% 0.0299162
# target 99.9% 0.0462538
Sockets used: 25 (for perfect keepalive, would be 25)
Jitter: false
Code 200 : 96177 (100.0 %)
All done 96177 calls (plus 25 warmup) 15.598 ms avg, 1602.5 qps
Successfully wrote 3020 bytes of Json data to 2022-03-17-081045_asg_riwai_3_scaling_1_1.json
fortio exit code: 0
[2022-03-17T08:11:45]==============================[STATS]
jh CPU load avg:
0.02 0.07 0.09 1/160 3630
i-018efcdb11c6e00ad
InService
Healthy
{}
[2022-03-17T08:11:46]==============================[SCALING RUN 1: CHUNK 2]==============================
08:11:46 I logger.go:127> Log level is now 4 Error (was 2 Info)
Fortio 1.19.0 running at -1 queries per second, 2->2 procs, for 1m0s: http://asg-1-lb-2323587.us-east-1.elb.amazonaws.com:3000?n=20000
Aggregated Function Time : count 97238 avg 0.015427553 +/- 0.004546 min 0.00137554 max 0.219947341 sum 1500.14443
# target 50% 0.0155517
# target 75% 0.0184063
# target 90% 0.0209931
# target 99% 0.0295629
# target 99.9% 0.0406002
Sockets used: 25 (for perfect keepalive, would be 25)
Jitter: false
Code 200 : 97238 (100.0 %)
All done 97238 calls (plus 25 warmup) 15.428 ms avg, 1619.6 qps
Successfully wrote 2670 bytes of Json data to 2022-03-17-081146_asg_riwai_3_scaling_1_2.json
fortio exit code: 0
[2022-03-17T08:12:46]==============================[STATS]
jh CPU load avg:
0.01 0.06 0.09 1/159 3647
i-018efcdb11c6e00ad
InService
Healthy
{}
[2022-03-17T08:12:46]==============================[SCALING RUN 1: CHUNK 3]==============================
08:12:46 I logger.go:127> Log level is now 4 Error (was 2 Info)
Fortio 1.19.0 running at -1 queries per second, 2->2 procs, for 1m0s: http://asg-1-lb-2323587.us-east-1.elb.amazonaws.com:3000?n=20000
Aggregated Function Time : count 96935 avg 0.015475637 +/- 0.004816 min 0.001238308 max 0.236317511 sum 1500.13085
# target 50% 0.0155281
# target 75% 0.0183994
# target 90% 0.0210402
# target 99% 0.0298462
# target 99.9% 0.0459426
Sockets used: 25 (for perfect keepalive, would be 25)
Jitter: false
Code 200 : 96935 (100.0 %)
All done 96935 calls (plus 25 warmup) 15.476 ms avg, 1615.2 qps
Successfully wrote 2792 bytes of Json data to 2022-03-17-081246_asg_riwai_3_scaling_1_3.json
fortio exit code: 0
[2022-03-17T08:13:46]==============================[STATS]
jh CPU load avg:
0.09 0.07 0.09 1/160 3665
i-018efcdb11c6e00ad
InService
Healthy
{}
[2022-03-17T08:13:47]==============================[SCALING RUN 1: CHUNK 4]==============================
08:13:47 I logger.go:127> Log level is now 4 Error (was 2 Info)
Fortio 1.19.0 running at -1 queries per second, 2->2 procs, for 1m0s: http://asg-1-lb-2323587.us-east-1.elb.amazonaws.com:3000?n=20000
Aggregated Function Time : count 97593 avg 0.015371398 +/- 0.004556 min 0.001347511 max 0.222576577 sum 1500.14086
# target 50% 0.015552
# target 75% 0.0184084
# target 90% 0.0210169
# target 99% 0.0295669
# target 99.9% 0.0402767
Sockets used: 25 (for perfect keepalive, would be 25)
Jitter: false
Code 200 : 97593 (100.0 %)
All done 97593 calls (plus 25 warmup) 15.371 ms avg, 1626.1 qps
Successfully wrote 2556 bytes of Json data to 2022-03-17-081347_asg_riwai_3_scaling_1_4.json
fortio exit code: 0
[2022-03-17T08:14:47]==============================[STATS]
jh CPU load avg:
0.03 0.06 0.08 1/160 3683
i-018efcdb11c6e00ad
InService
Healthy
{}
[2022-03-17T08:14:48]==============================[SCALING RUN 1: CHUNK 5]==============================
08:14:48 I logger.go:127> Log level is now 4 Error (was 2 Info)
Fortio 1.19.0 running at -1 queries per second, 2->2 procs, for 1m0s: http://asg-1-lb-2323587.us-east-1.elb.amazonaws.com:3000?n=20000
Aggregated Function Time : count 97302 avg 0.015417375 +/- 0.004665 min 0.001395131 max 0.2366901 sum 1500.14138
# target 50% 0.0155356
# target 75% 0.0183674
# target 90% 0.0205835
# target 99% 0.0295194
# target 99.9% 0.0410916
Sockets used: 38 (for perfect keepalive, would be 25)
Jitter: false
Code 200 : 97302 (100.0 %)
All done 97302 calls (plus 25 warmup) 15.417 ms avg, 1621.3 qps
Successfully wrote 2548 bytes of Json data to 2022-03-17-081448_asg_riwai_3_scaling_1_5.json
fortio exit code: 0
[2022-03-17T08:15:48]==============================[STATS]
jh CPU load avg:
0.07 0.07 0.09 1/158 3699
i-018efcdb11c6e00ad
InService
Healthy
{}
i-0e2dfe773b72503cc
InService
Healthy
{}
[2022-03-17T08:15:49]==============================[SCALING RUN 1: CHUNK 6]==============================
08:15:49 I logger.go:127> Log level is now 4 Error (was 2 Info)
Fortio 1.19.0 running at -1 queries per second, 2->2 procs, for 1m0s: http://asg-1-lb-2323587.us-east-1.elb.amazonaws.com:3000?n=20000
Aggregated Function Time : count 93279 avg 0.0160824 +/- 0.00501 min 0.001356729 max 0.229515865 sum 1500.1502
# target 50% 0.0158027
# target 75% 0.0187852
# target 90% 0.0234833
# target 99% 0.0299916
# target 99.9% 0.0443732
Sockets used: 25 (for perfect keepalive, would be 25)
Jitter: false
Code 200 : 93279 (100.0 %)
All done 93279 calls (plus 25 warmup) 16.082 ms avg, 1554.2 qps
Successfully wrote 2435 bytes of Json data to 2022-03-17-081549_asg_riwai_3_scaling_1_6.json
fortio exit code: 0
[2022-03-17T08:16:49]==============================[STATS]
jh CPU load avg:
0.12 0.09 0.09 1/158 3716
i-018efcdb11c6e00ad
InService
Healthy
{}
i-0e2dfe773b72503cc
InService
Healthy
{}
[2022-03-17T08:16:49]==============================[SCALING RUN 1: CHUNK 7]==============================
08:16:49 I logger.go:127> Log level is now 4 Error (was 2 Info)
Fortio 1.19.0 running at -1 queries per second, 2->2 procs, for 1m0s: http://asg-1-lb-2323587.us-east-1.elb.amazonaws.com:3000?n=20000
Aggregated Function Time : count 194463 avg 0.0077135904 +/- 0.003016 min 0.001166561 max 0.219983668 sum 1500.00793
# target 50% 0.00662892
# target 75% 0.00936013
# target 90% 0.0148378
# target 99% 0.0195999
# target 99.9% 0.0261168
Sockets used: 25 (for perfect keepalive, would be 25)
Jitter: false
Code 200 : 194463 (100.0 %)
All done 194463 calls (plus 25 warmup) 7.714 ms avg, 3240.7 qps
Successfully wrote 2320 bytes of Json data to 2022-03-17-081650_asg_riwai_3_scaling_1_7.json
fortio exit code: 0
[2022-03-17T08:17:50]==============================[STATS]
jh CPU load avg:
0.12 0.09 0.09 1/158 3733
i-018efcdb11c6e00ad
InService
Healthy
{}
i-0e2dfe773b72503cc
InService
Healthy
{}
[2022-03-17T08:17:50]==============================[SCALING RUN 1: CHUNK 8]==============================
08:17:50 I logger.go:127> Log level is now 4 Error (was 2 Info)
Fortio 1.19.0 running at -1 queries per second, 2->2 procs, for 1m0s: http://asg-1-lb-2323587.us-east-1.elb.amazonaws.com:3000?n=20000
Aggregated Function Time : count 196901 avg 0.0076181535 +/- 0.003067 min 0.001104092 max 0.219247842 sum 1500.02203
# target 50% 0.00656666
# target 75% 0.00929798
# target 90% 0.0146698
# target 99% 0.0195715
# target 99.9% 0.0256768
Sockets used: 25 (for perfect keepalive, would be 25)
Jitter: false
Code 200 : 196901 (100.0 %)
All done 196901 calls (plus 25 warmup) 7.618 ms avg, 3281.3 qps
Successfully wrote 2440 bytes of Json data to 2022-03-17-081750_asg_riwai_3_scaling_1_8.json
fortio exit code: 0
[2022-03-17T08:18:50]==============================[STATS]
jh CPU load avg:
0.04 0.07 0.08 1/158 3751
i-018efcdb11c6e00ad
InService
Healthy
{}
i-0e2dfe773b72503cc
InService
Healthy
{}
[2022-03-17T08:18:51]==============================[SCALING RUN 1: CHUNK 9]==============================
08:18:51 I logger.go:127> Log level is now 4 Error (was 2 Info)
Fortio 1.19.0 running at -1 queries per second, 2->2 procs, for 1m0s: http://asg-1-lb-2323587.us-east-1.elb.amazonaws.com:3000?n=20000
Aggregated Function Time : count 196605 avg 0.0076296296 +/- 0.002822 min 0.001105761 max 0.218729515 sum 1500.02333
# target 50% 0.00657298
# target 75% 0.00930661
# target 90% 0.014697
# target 99% 0.0195792
# target 99.9% 0.0255798
Sockets used: 25 (for perfect keepalive, would be 25)
Jitter: false
Code 200 : 196605 (100.0 %)
All done 196605 calls (plus 25 warmup) 7.630 ms avg, 3276.3 qps
Successfully wrote 2205 bytes of Json data to 2022-03-17-081851_asg_riwai_3_scaling_1_9.json
fortio exit code: 0
[2022-03-17T08:19:51]==============================[STATS]
jh CPU load avg:
0.09 0.07 0.08 1/158 3769
i-018efcdb11c6e00ad
InService
Healthy
{}
i-0e2dfe773b72503cc
InService
Healthy
{}
[2022-03-17T08:19:52]==============================[SCALING RUN 1: CHUNK 10]==============================
08:19:52 I logger.go:127> Log level is now 4 Error (was 2 Info)
Fortio 1.19.0 running at -1 queries per second, 2->2 procs, for 1m0s: http://asg-1-lb-2323587.us-east-1.elb.amazonaws.com:3000?n=20000
Aggregated Function Time : count 196364 avg 0.007639244 +/- 0.003089 min 0.001156778 max 0.229367002 sum 1500.07252
# target 50% 0.00665846
# target 75% 0.00940932
# target 90% 0.0149676
# target 99% 0.0196093
# target 99.9% 0.0259879
Sockets used: 25 (for perfect keepalive, would be 25)
Jitter: false
Code 200 : 196364 (100.0 %)
All done 196364 calls (plus 25 warmup) 7.639 ms avg, 3272.0 qps
Successfully wrote 2200 bytes of Json data to 2022-03-17-081952_asg_riwai_3_scaling_1_10.json
fortio exit code: 0
[2022-03-17T08:20:52]==============================[STATS]
jh CPU load avg:
0.11 0.07 0.08 1/158 3791
i-018efcdb11c6e00ad
InService
Healthy
{}
i-0e2dfe773b72503cc
InService
Healthy
{}
[2022-03-17T08:20:52]==============================[SCALING RUN 1: CHUNK 11]==============================
08:20:52 I logger.go:127> Log level is now 4 Error (was 2 Info)
Fortio 1.19.0 running at -1 queries per second, 2->2 procs, for 1m0s: http://asg-1-lb-2323587.us-east-1.elb.amazonaws.com:3000?n=20000
Aggregated Function Time : count 197018 avg 0.0076135696 +/- 0.003265 min 0.001111814 max 0.224700411 sum 1500.01025
# target 50% 0.00662703
# target 75% 0.00938467
# target 90% 0.0149062
# target 99% 0.0195929
# target 99.9% 0.0256687
Sockets used: 25 (for perfect keepalive, would be 25)
Jitter: false
Code 200 : 197018 (100.0 %)
All done 197018 calls (plus 25 warmup) 7.614 ms avg, 3283.3 qps
Successfully wrote 2324 bytes of Json data to 2022-03-17-082053_asg_riwai_3_scaling_1_11.json
fortio exit code: 0
[2022-03-17T08:21:53]==============================[STATS]
jh CPU load avg:
0.23 0.13 0.10 1/158 3807
i-018efcdb11c6e00ad
InService
Healthy
{}
i-08934fb6374f13171
InService
Healthy
{}
i-0e2dfe773b72503cc
InService
Healthy
{}
[2022-03-17T08:21:53]==============================[SCALING RUN 1: CHUNK 12]==============================
08:21:53 I logger.go:127> Log level is now 4 Error (was 2 Info)
Fortio 1.19.0 running at -1 queries per second, 2->2 procs, for 1m0s: http://asg-1-lb-2323587.us-east-1.elb.amazonaws.com:3000?n=20000
Aggregated Function Time : count 195861 avg 0.0076586048 +/- 0.003028 min 0.001149797 max 0.217352959 sum 1500.02199
# target 50% 0.00662548
# target 75% 0.00936334
# target 90% 0.0148594
# target 99% 0.0196201
# target 99.9% 0.0267965
Sockets used: 25 (for perfect keepalive, would be 25)
Jitter: false
Code 200 : 195861 (100.0 %)
All done 195861 calls (plus 25 warmup) 7.659 ms avg, 3264.0 qps
Successfully wrote 2440 bytes of Json data to 2022-03-17-082153_asg_riwai_3_scaling_1_12.json
fortio exit code: 0
[2022-03-17T08:22:53]==============================[STATS]
jh CPU load avg:
0.20 0.14 0.10 1/158 3824
i-018efcdb11c6e00ad
InService
Healthy
{}
i-08934fb6374f13171
InService
Healthy
{}
i-0e2dfe773b72503cc
InService
Healthy
{}
[2022-03-17T08:22:54]==============================[SCALING RUN 1: CHUNK 13]==============================
08:22:54 I logger.go:127> Log level is now 4 Error (was 2 Info)
Fortio 1.19.0 running at -1 queries per second, 2->2 procs, for 1m0s: http://asg-1-lb-2323587.us-east-1.elb.amazonaws.com:3000?n=20000
Aggregated Function Time : count 291273 avg 0.0051497396 +/- 0.002657 min 0.001082533 max 0.220929946 sum 1499.9801
# target 50% 0.00589251
# target 75% 0.00829752
# target 90% 0.00974053
# target 99% 0.0187379
# target 99.9% 0.0199856
Sockets used: 25 (for perfect keepalive, would be 25)
Jitter: false
Code 200 : 291273 (100.0 %)
All done 291273 calls (plus 25 warmup) 5.150 ms avg, 4854.0 qps
Successfully wrote 2558 bytes of Json data to 2022-03-17-082254_asg_riwai_3_scaling_1_13.json
fortio exit code: 0
[2022-03-17T08:23:54]==============================[STATS]
jh CPU load avg:
0.34 0.18 0.12 1/158 3842
i-018efcdb11c6e00ad
InService
Healthy
{}
i-08934fb6374f13171
InService
Healthy
{}
i-0e2dfe773b72503cc
InService
Healthy
{}
[2022-03-17T08:23:55]==============================[SCALING RUN 1: CHUNK 14]==============================
08:23:55 I logger.go:127> Log level is now 4 Error (was 2 Info)
Fortio 1.19.0 running at -1 queries per second, 2->2 procs, for 1m0s: http://asg-1-lb-2323587.us-east-1.elb.amazonaws.com:3000?n=20000
Aggregated Function Time : count 292725 avg 0.0051241776 +/- 0.003073 min 0.001045773 max 0.221086398 sum 1499.9749
# target 50% 0.00584852
# target 75% 0.00824991
# target 90% 0.00969074
# target 99% 0.0186348
# target 99.9% 0.0199792
Sockets used: 25 (for perfect keepalive, would be 25)
Jitter: false
Code 200 : 292725 (100.0 %)
All done 292725 calls (plus 25 warmup) 5.124 ms avg, 4878.1 qps
Successfully wrote 2437 bytes of Json data to 2022-03-17-082355_asg_riwai_3_scaling_1_14.json
fortio exit code: 0
[2022-03-17T08:24:55]==============================[STATS]
jh CPU load avg:
0.73 0.33 0.17 2/163 27867
i-018efcdb11c6e00ad
InService
Healthy
{}
i-08934fb6374f13171
InService
Healthy
{}
i-0e2dfe773b72503cc
InService
Healthy
{}
[2022-03-17T08:24:56]==============================[SCALING RUN 2: INIT]==============================
{
    "Alarms": [
        {
            "AlarmName": "TargetTracking-asg-1-myASG-AlarmHigh-a091cbfa-0edf-4153-9617-d52192f685f8", 
            "AlarmARN": "arn:aws:cloudwatch:us-east-1:603549703927:alarm:TargetTracking-asg-1-myASG-AlarmHigh-a091cbfa-0edf-4153-9617-d52192f685f8"
        }, 
        {
            "AlarmName": "TargetTracking-asg-1-myASG-AlarmLow-c8272f99-8dbd-4573-ae35-5f391050ef13", 
            "AlarmARN": "arn:aws:cloudwatch:us-east-1:603549703927:alarm:TargetTracking-asg-1-myASG-AlarmLow-c8272f99-8dbd-4573-ae35-5f391050ef13"
        }
    ], 
    "PolicyARN": "arn:aws:autoscaling:us-east-1:603549703927:scalingPolicy:3bfd7953-b6e1-4112-8a91-6850f9eee375:autoScalingGroupName/asg-1-myASG:policyName/asg-1-AppServerSP-9GIM57WP3YRU"
}
scaling to 1
[2022-03-17T08:24:58]==============================[SCALING RUN 2: ENABLE SCALING - SLEEP]==============================
{
    "Alarms": [
        {
            "AlarmName": "TargetTracking-asg-1-myASG-AlarmHigh-a344291c-9095-4fd6-9969-c7bbe5d48c31", 
            "AlarmARN": "arn:aws:cloudwatch:us-east-1:603549703927:alarm:TargetTracking-asg-1-myASG-AlarmHigh-a344291c-9095-4fd6-9969-c7bbe5d48c31"
        }, 
        {
            "AlarmName": "TargetTracking-asg-1-myASG-AlarmLow-40e80c8d-3675-409e-a801-86c12d1f5184", 
            "AlarmARN": "arn:aws:cloudwatch:us-east-1:603549703927:alarm:TargetTracking-asg-1-myASG-AlarmLow-40e80c8d-3675-409e-a801-86c12d1f5184"
        }
    ], 
    "PolicyARN": "arn:aws:autoscaling:us-east-1:603549703927:scalingPolicy:3bfd7953-b6e1-4112-8a91-6850f9eee375:autoScalingGroupName/asg-1-myASG:policyName/asg-1-AppServerSP-9GIM57WP3YRU"
}
[2022-03-17T08:27:59]==============================[SCALING RUN 2: FORTIO]==============================
[2022-03-17T08:27:59]==============================[STATS]
jh CPU load avg:
0.11 0.22 0.16 1/158 963
i-08934fb6374f13171
InService
Healthy
{}
[2022-03-17T08:28:00]==============================[SCALING RUN 2: CHUNK 1]==============================
08:28:00 I logger.go:127> Log level is now 4 Error (was 2 Info)
Fortio 1.19.0 running at -1 queries per second, 2->2 procs, for 1m0s: http://asg-1-lb-2323587.us-east-1.elb.amazonaws.com:3000?n=20000
Aggregated Function Time : count 95959 avg 0.015633055 +/- 0.004537 min 0.001497716 max 0.220879653 sum 1500.13229
# target 50% 0.0155283
# target 75% 0.0183503
# target 90% 0.0204077
# target 99% 0.0299211
# target 99.9% 0.0487528
Sockets used: 25 (for perfect keepalive, would be 25)
Jitter: false
Code 200 : 95959 (100.0 %)
All done 95959 calls (plus 25 warmup) 15.633 ms avg, 1598.9 qps
Successfully wrote 3026 bytes of Json data to 2022-03-17-082800_asg_riwai_3_scaling_2_1.json
fortio exit code: 0
[2022-03-17T08:29:00]==============================[STATS]
jh CPU load avg:
0.06 0.19 0.15 1/157 981
i-08934fb6374f13171
InService
Healthy
{}
[2022-03-17T08:29:00]==============================[SCALING RUN 2: CHUNK 2]==============================
08:29:00 I logger.go:127> Log level is now 4 Error (was 2 Info)
Fortio 1.19.0 running at -1 queries per second, 2->2 procs, for 1m0s: http://asg-1-lb-2323587.us-east-1.elb.amazonaws.com:3000?n=20000
Aggregated Function Time : count 97026 avg 0.015461157 +/- 0.004248 min 0.001321085 max 0.222756011 sum 1500.13419
# target 50% 0.0154832
# target 75% 0.0182746
# target 90% 0.0199495
# target 99% 0.0294108
# target 99.9% 0.0409683
Sockets used: 25 (for perfect keepalive, would be 25)
Jitter: false
Code 200 : 97026 (100.0 %)
All done 97026 calls (plus 25 warmup) 15.461 ms avg, 1616.7 qps
Successfully wrote 2438 bytes of Json data to 2022-03-17-082900_asg_riwai_3_scaling_2_2.json
fortio exit code: 0
[2022-03-17T08:30:00]==============================[STATS]
jh CPU load avg:
0.10 0.18 0.15 1/158 999
i-08934fb6374f13171
InService
Healthy
{}
[2022-03-17T08:30:01]==============================[SCALING RUN 2: CHUNK 3]==============================
08:30:01 I logger.go:127> Log level is now 4 Error (was 2 Info)
Fortio 1.19.0 running at -1 queries per second, 2->2 procs, for 1m0s: http://asg-1-lb-2323587.us-east-1.elb.amazonaws.com:3000?n=20000
Aggregated Function Time : count 96278 avg 0.015581223 +/- 0.004836 min 0.002879502 max 0.220497675 sum 1500.12895
# target 50% 0.0155254
# target 75% 0.0183492
# target 90% 0.0204056
# target 99% 0.0298724
# target 99.9% 0.055654
Sockets used: 25 (for perfect keepalive, would be 25)
Jitter: false
Code 200 : 96278 (100.0 %)
All done 96278 calls (plus 25 warmup) 15.581 ms avg, 1604.2 qps
Successfully wrote 3260 bytes of Json data to 2022-03-17-083002_asg_riwai_3_scaling_2_3.json
fortio exit code: 0
[2022-03-17T08:31:02]==============================[STATS]
jh CPU load avg:
0.11 0.16 0.15 1/160 1043
i-08934fb6374f13171
InService
Healthy
{}
[2022-03-17T08:31:03]==============================[SCALING RUN 2: CHUNK 4]==============================
08:31:03 I logger.go:127> Log level is now 4 Error (was 2 Info)
Fortio 1.19.0 running at -1 queries per second, 2->2 procs, for 1m0s: http://asg-1-lb-2323587.us-east-1.elb.amazonaws.com:3000?n=20000
Aggregated Function Time : count 96725 avg 0.015509162 +/- 0.00483 min 0.001349994 max 0.222479288 sum 1500.12371
# target 50% 0.0154972
# target 75% 0.018321
# target 90% 0.0201461
# target 99% 0.0298153
# target 99.9% 0.0575275
Sockets used: 25 (for perfect keepalive, would be 25)
Jitter: false
Code 200 : 96725 (100.0 %)
All done 96725 calls (plus 25 warmup) 15.509 ms avg, 1611.7 qps
Successfully wrote 3383 bytes of Json data to 2022-03-17-083103_asg_riwai_3_scaling_2_4.json
fortio exit code: 0
[2022-03-17T08:32:03]==============================[STATS]
jh CPU load avg:
0.11 0.16 0.15 1/160 1117
i-08934fb6374f13171
InService
Healthy
{}
[2022-03-17T08:32:04]==============================[SCALING RUN 2: CHUNK 5]==============================
08:32:04 I logger.go:127> Log level is now 4 Error (was 2 Info)
Fortio 1.19.0 running at -1 queries per second, 2->2 procs, for 1m0s: http://asg-1-lb-2323587.us-east-1.elb.amazonaws.com:3000?n=20000
Aggregated Function Time : count 97698 avg 0.015354734 +/- 0.004615 min 0.001364703 max 0.235185206 sum 1500.12679
# target 50% 0.0154873
# target 75% 0.0183025
# target 90% 0.0199916
# target 99% 0.0295259
# target 99.9% 0.039962
Sockets used: 25 (for perfect keepalive, would be 25)
Jitter: false
Code 200 : 97698 (100.0 %)
All done 97698 calls (plus 25 warmup) 15.355 ms avg, 1627.9 qps
Successfully wrote 2436 bytes of Json data to 2022-03-17-083204_asg_riwai_3_scaling_2_5.json
fortio exit code: 0
[2022-03-17T08:33:04]==============================[STATS]
jh CPU load avg:
0.04 0.13 0.13 1/160 1134
i-08934fb6374f13171
InService
Healthy
{}
[2022-03-17T08:33:05]==============================[SCALING RUN 2: CHUNK 6]==============================
08:33:05 I logger.go:127> Log level is now 4 Error (was 2 Info)
Fortio 1.19.0 running at -1 queries per second, 2->2 procs, for 1m0s: http://asg-1-lb-2323587.us-east-1.elb.amazonaws.com:3000?n=20000
Aggregated Function Time : count 97643 avg 0.015365413 +/- 0.004418 min 0.001284172 max 0.233835456 sum 1500.32507
# target 50% 0.0154933
# target 75% 0.0183022
# target 90% 0.0199875
# target 99% 0.0294456
# target 99.9% 0.0397713
Sockets used: 25 (for perfect keepalive, would be 25)
Jitter: false
Code 200 : 97643 (100.0 %)
All done 97643 calls (plus 25 warmup) 15.365 ms avg, 1622.0 qps
Successfully wrote 2431 bytes of Json data to 2022-03-17-083305_asg_riwai_3_scaling_2_6.json
fortio exit code: 0
[2022-03-17T08:34:05]==============================[STATS]
jh CPU load avg:
0.07 0.13 0.13 1/160 1153
i-08934fb6374f13171
InService
Healthy
{}
[2022-03-17T08:34:05]==============================[SCALING RUN 2: CHUNK 7]==============================
08:34:05 I logger.go:127> Log level is now 4 Error (was 2 Info)
Fortio 1.19.0 running at -1 queries per second, 2->2 procs, for 1m0s: http://asg-1-lb-2323587.us-east-1.elb.amazonaws.com:3000?n=20000
Aggregated Function Time : count 97641 avg 0.015363718 +/- 0.004099 min 0.00117026 max 0.221290168 sum 1500.1288
# target 50% 0.0154637
# target 75% 0.0182479
# target 90% 0.0199184
# target 99% 0.0293433
# target 99.9% 0.03973
Sockets used: 25 (for perfect keepalive, would be 25)
Jitter: false
Code 200 : 97641 (100.0 %)
All done 97641 calls (plus 25 warmup) 15.364 ms avg, 1627.0 qps
Successfully wrote 2435 bytes of Json data to 2022-03-17-083406_asg_riwai_3_scaling_2_7.json
fortio exit code: 0
[2022-03-17T08:35:06]==============================[STATS]
jh CPU load avg:
0.08 0.12 0.13 1/160 1172
i-08934fb6374f13171
InService
Healthy
{}
i-0d34987e352761501
InService
Healthy
{}
[2022-03-17T08:35:06]==============================[SCALING RUN 2: CHUNK 8]==============================
08:35:06 I logger.go:127> Log level is now 4 Error (was 2 Info)
Fortio 1.19.0 running at -1 queries per second, 2->2 procs, for 1m0s: http://asg-1-lb-2323587.us-east-1.elb.amazonaws.com:3000?n=20000
Aggregated Function Time : count 97089 avg 0.015451181 +/- 0.004874 min 0.001237453 max 0.232639302 sum 1500.13971
# target 50% 0.0157306
# target 75% 0.0187176
# target 90% 0.023137
# target 99% 0.0297532
# target 99.9% 0.0396975
Sockets used: 38 (for perfect keepalive, would be 25)
Jitter: false
Code 200 : 97089 (100.0 %)
All done 97089 calls (plus 25 warmup) 15.451 ms avg, 1617.7 qps
Successfully wrote 2554 bytes of Json data to 2022-03-17-083506_asg_riwai_3_scaling_2_8.json
fortio exit code: 0
[2022-03-17T08:36:06]==============================[STATS]
jh CPU load avg:
0.03 0.09 0.12 1/158 1189
i-08934fb6374f13171
InService
Healthy
{}
i-0d34987e352761501
InService
Healthy
{}
[2022-03-17T08:36:07]==============================[SCALING RUN 2: CHUNK 9]==============================
08:36:07 I logger.go:127> Log level is now 4 Error (was 2 Info)
Fortio 1.19.0 running at -1 queries per second, 2->2 procs, for 1m0s: http://asg-1-lb-2323587.us-east-1.elb.amazonaws.com:3000?n=20000
Aggregated Function Time : count 194318 avg 0.0077194084 +/- 0.003128 min 0.001102941 max 0.220149895 sum 1500.02
# target 50% 0.00648874
# target 75% 0.00918166
# target 90% 0.0143235
# target 99% 0.0195798
# target 99.9% 0.0267962
Sockets used: 25 (for perfect keepalive, would be 25)
Jitter: false
Code 200 : 194318 (100.0 %)
All done 194318 calls (plus 25 warmup) 7.719 ms avg, 3238.2 qps
Successfully wrote 2441 bytes of Json data to 2022-03-17-083607_asg_riwai_3_scaling_2_9.json
fortio exit code: 0
[2022-03-17T08:37:07]==============================[STATS]
jh CPU load avg:
0.20 0.13 0.13 1/158 1209
i-08934fb6374f13171
InService
Healthy
{}
i-0d34987e352761501
InService
Healthy
{}
[2022-03-17T08:37:08]==============================[SCALING RUN 2: CHUNK 10]==============================
08:37:08 I logger.go:127> Log level is now 4 Error (was 2 Info)
Fortio 1.19.0 running at -1 queries per second, 2->2 procs, for 1m0s: http://asg-1-lb-2323587.us-east-1.elb.amazonaws.com:3000?n=20000
Aggregated Function Time : count 195644 avg 0.007667075 +/- 0.002763 min 0.001084919 max 0.219462665 sum 1500.01723
# target 50% 0.00642081
# target 75% 0.00908878
# target 90% 0.0139844
# target 99% 0.019534
# target 99.9% 0.0259569
Sockets used: 25 (for perfect keepalive, would be 25)
Jitter: false
Code 200 : 195644 (100.0 %)
All done 195644 calls (plus 25 warmup) 7.667 ms avg, 3260.3 qps
Successfully wrote 2321 bytes of Json data to 2022-03-17-083708_asg_riwai_3_scaling_2_10.json
fortio exit code: 0
[2022-03-17T08:38:08]==============================[STATS]
jh CPU load avg:
0.07 0.11 0.12 1/158 1226
i-08934fb6374f13171
InService
Healthy
{}
i-0d34987e352761501
InService
Healthy
{}
[2022-03-17T08:38:08]==============================[SCALING RUN 2: CHUNK 11]==============================
08:38:08 I logger.go:127> Log level is now 4 Error (was 2 Info)
Fortio 1.19.0 running at -1 queries per second, 2->2 procs, for 1m0s: http://asg-1-lb-2323587.us-east-1.elb.amazonaws.com:3000?n=20000
Aggregated Function Time : count 194537 avg 0.0077107184 +/- 0.003037 min 0.00104653 max 0.219887611 sum 1500.02003
# target 50% 0.00649179
# target 75% 0.00921444
# target 90% 0.0144677
# target 99% 0.0196315
# target 99.9% 0.0282477
Sockets used: 25 (for perfect keepalive, would be 25)
Jitter: false
Code 200 : 194537 (100.0 %)
All done 194537 calls (plus 25 warmup) 7.711 ms avg, 3241.9 qps
Successfully wrote 2556 bytes of Json data to 2022-03-17-083809_asg_riwai_3_scaling_2_11.json
fortio exit code: 0
[2022-03-17T08:39:09]==============================[STATS]
jh CPU load avg:
0.08 0.10 0.11 1/158 1244
i-08934fb6374f13171
InService
Healthy
{}
i-0d34987e352761501
InService
Healthy
{}
[2022-03-17T08:39:09]==============================[SCALING RUN 2: CHUNK 12]==============================
08:39:09 I logger.go:127> Log level is now 4 Error (was 2 Info)
Fortio 1.19.0 running at -1 queries per second, 2->2 procs, for 1m0s: http://asg-1-lb-2323587.us-east-1.elb.amazonaws.com:3000?n=20000
Aggregated Function Time : count 195292 avg 0.0076809335 +/- 0.002774 min 0.001091311 max 0.229023256 sum 1500.02487
# target 50% 0.00641554
# target 75% 0.00907769
# target 90% 0.0139313
# target 99% 0.0195132
# target 99.9% 0.0256888
Sockets used: 25 (for perfect keepalive, would be 25)
Jitter: false
Code 200 : 195292 (100.0 %)
All done 195292 calls (plus 25 warmup) 7.681 ms avg, 3254.4 qps
Successfully wrote 2557 bytes of Json data to 2022-03-17-083909_asg_riwai_3_scaling_2_12.json
fortio exit code: 0
[2022-03-17T08:40:09]==============================[STATS]
jh CPU load avg:
0.22 0.14 0.12 1/159 1268
i-08934fb6374f13171
InService
Healthy
{}
i-0d34987e352761501
InService
Healthy
{}
[2022-03-17T08:40:10]==============================[SCALING RUN 2: CHUNK 13]==============================
08:40:10 I logger.go:127> Log level is now 4 Error (was 2 Info)
Fortio 1.19.0 running at -1 queries per second, 2->2 procs, for 1m0s: http://asg-1-lb-2323587.us-east-1.elb.amazonaws.com:3000?n=20000
Aggregated Function Time : count 196245 avg 0.0076435543 +/- 0.002951 min 0.001071889 max 0.223609712 sum 1500.00932
# target 50% 0.00653141
# target 75% 0.00926119
# target 90% 0.0145675
# target 99% 0.01956
# target 99.9% 0.0254624
Sockets used: 25 (for perfect keepalive, would be 25)
Jitter: false
Code 200 : 196245 (100.0 %)
All done 196245 calls (plus 25 warmup) 7.644 ms avg, 3270.3 qps
Successfully wrote 2444 bytes of Json data to 2022-03-17-084010_asg_riwai_3_scaling_2_13.json
fortio exit code: 0
[2022-03-17T08:41:10]==============================[STATS]
jh CPU load avg:
0.10 0.12 0.11 1/159 1285
i-08934fb6374f13171
InService
Healthy
{}
i-0d34987e352761501
InService
Healthy
{}
i-0ea7a5c97f374d502
Pending
Healthy
{}
[2022-03-17T08:41:11]==============================[SCALING RUN 2: CHUNK 14]==============================
08:41:11 I logger.go:127> Log level is now 4 Error (was 2 Info)
Fortio 1.19.0 running at -1 queries per second, 2->2 procs, for 1m0s: http://asg-1-lb-2323587.us-east-1.elb.amazonaws.com:3000?n=20000
Aggregated Function Time : count 195446 avg 0.0076749752 +/- 0.003051 min 0.001119755 max 0.224822721 sum 1500.0432
# target 50% 0.00649763
# target 75% 0.00918659
# target 90% 0.0143497
# target 99% 0.0196133
# target 99.9% 0.0285922
Sockets used: 25 (for perfect keepalive, would be 25)
Jitter: false
Code 200 : 195446 (100.0 %)
All done 195446 calls (plus 25 warmup) 7.675 ms avg, 3257.0 qps
Successfully wrote 2560 bytes of Json data to 2022-03-17-084111_asg_riwai_3_scaling_2_14.json
fortio exit code: 0
[2022-03-17T08:42:11]==============================[STATS]
jh CPU load avg:
0.04 0.10 0.10 1/159 1302
i-08934fb6374f13171
InService
Healthy
{}
i-0d34987e352761501
InService
Healthy
{}
i-0ea7a5c97f374d502
InService
Healthy
{}
[2022-03-17T08:42:11]==============================[SCALING RUN 3: INIT]==============================
{
    "Alarms": [
        {
            "AlarmName": "TargetTracking-asg-1-myASG-AlarmHigh-005ffbeb-df2a-4a48-8124-b980ce132171", 
            "AlarmARN": "arn:aws:cloudwatch:us-east-1:603549703927:alarm:TargetTracking-asg-1-myASG-AlarmHigh-005ffbeb-df2a-4a48-8124-b980ce132171"
        }, 
        {
            "AlarmName": "TargetTracking-asg-1-myASG-AlarmLow-fad55c08-662c-4fbe-96b0-ed48792fe28a", 
            "AlarmARN": "arn:aws:cloudwatch:us-east-1:603549703927:alarm:TargetTracking-asg-1-myASG-AlarmLow-fad55c08-662c-4fbe-96b0-ed48792fe28a"
        }
    ], 
    "PolicyARN": "arn:aws:autoscaling:us-east-1:603549703927:scalingPolicy:3bfd7953-b6e1-4112-8a91-6850f9eee375:autoScalingGroupName/asg-1-myASG:policyName/asg-1-AppServerSP-9GIM57WP3YRU"
}
scaling to 1
[2022-03-17T08:42:13]==============================[SCALING RUN 3: ENABLE SCALING - SLEEP]==============================
{
    "Alarms": [
        {
            "AlarmName": "TargetTracking-asg-1-myASG-AlarmHigh-7350cba4-00ad-45f1-9551-f52510bad904", 
            "AlarmARN": "arn:aws:cloudwatch:us-east-1:603549703927:alarm:TargetTracking-asg-1-myASG-AlarmHigh-7350cba4-00ad-45f1-9551-f52510bad904"
        }, 
        {
            "AlarmName": "TargetTracking-asg-1-myASG-AlarmLow-8ec9338b-74d6-45a8-9d8a-13fc95271827", 
            "AlarmARN": "arn:aws:cloudwatch:us-east-1:603549703927:alarm:TargetTracking-asg-1-myASG-AlarmLow-8ec9338b-74d6-45a8-9d8a-13fc95271827"
        }
    ], 
    "PolicyARN": "arn:aws:autoscaling:us-east-1:603549703927:scalingPolicy:3bfd7953-b6e1-4112-8a91-6850f9eee375:autoScalingGroupName/asg-1-myASG:policyName/asg-1-AppServerSP-9GIM57WP3YRU"
}
[2022-03-17T08:45:14]==============================[SCALING RUN 3: FORTIO]==============================
[2022-03-17T08:45:14]==============================[STATS]
jh CPU load avg:
0.00 0.05 0.08 1/158 1333
i-0ea7a5c97f374d502
InService
Healthy
{}
[2022-03-17T08:45:15]==============================[SCALING RUN 3: CHUNK 1]==============================
08:45:15 I logger.go:127> Log level is now 4 Error (was 2 Info)
Fortio 1.19.0 running at -1 queries per second, 2->2 procs, for 1m0s: http://asg-1-lb-2323587.us-east-1.elb.amazonaws.com:3000?n=20000
Aggregated Function Time : count 96665 avg 0.015518777 +/- 0.004645 min 0.002266416 max 0.221799541 sum 1500.12253
# target 50% 0.0155537
# target 75% 0.0184027
# target 90% 0.0209851
# target 99% 0.0299921
# target 99.9% 0.046374
Sockets used: 25 (for perfect keepalive, would be 25)
Jitter: false
Code 200 : 96665 (100.0 %)
All done 96665 calls (plus 25 warmup) 15.519 ms avg, 1610.7 qps
Successfully wrote 2911 bytes of Json data to 2022-03-17-084515_asg_riwai_3_scaling_3_1.json
fortio exit code: 0
[2022-03-17T08:46:15]==============================[STATS]
jh CPU load avg:
0.12 0.08 0.09 1/158 1350
i-0a8d411ec9aa5d523
InService
Healthy
{}
i-0ea7a5c97f374d502
InService
Healthy
{}
[2022-03-17T08:46:16]==============================[SCALING RUN 3: CHUNK 2]==============================
08:46:16 I logger.go:127> Log level is now 4 Error (was 2 Info)
Fortio 1.19.0 running at -1 queries per second, 2->2 procs, for 1m0s: http://asg-1-lb-2323587.us-east-1.elb.amazonaws.com:3000?n=20000
Aggregated Function Time : count 97583 avg 0.015372945 +/- 0.004894 min 0.001472773 max 0.22717182 sum 1500.13809
# target 50% 0.0157166
# target 75% 0.0187135
# target 90% 0.0231396
# target 99% 0.0297604
# target 99.9% 0.0399718
Sockets used: 38 (for perfect keepalive, would be 25)
Jitter: false
Code 200 : 97583 (100.0 %)
All done 97583 calls (plus 25 warmup) 15.373 ms avg, 1626.0 qps
Successfully wrote 2551 bytes of Json data to 2022-03-17-084616_asg_riwai_3_scaling_3_2.json
fortio exit code: 0
[2022-03-17T08:47:16]==============================[STATS]
jh CPU load avg:
0.08 0.08 0.09 1/158 1387
i-0a8d411ec9aa5d523
InService
Healthy
{}
i-0ea7a5c97f374d502
InService
Healthy
{}
[2022-03-17T08:47:16]==============================[SCALING RUN 3: CHUNK 3]==============================
08:47:16 I logger.go:127> Log level is now 4 Error (was 2 Info)
Fortio 1.19.0 running at -1 queries per second, 2->2 procs, for 1m0s: http://asg-1-lb-2323587.us-east-1.elb.amazonaws.com:3000?n=20000
Aggregated Function Time : count 191663 avg 0.0078262978 +/- 0.002992 min 0.001186012 max 0.216897422 sum 1500.01172
# target 50% 0.00670504
# target 75% 0.00946459
# target 90% 0.0151282
# target 99% 0.0196756
# target 99.9% 0.0283222
Sockets used: 25 (for perfect keepalive, would be 25)
Jitter: false
Code 200 : 191663 (100.0 %)
All done 191663 calls (plus 25 warmup) 7.826 ms avg, 3194.0 qps
Successfully wrote 2682 bytes of Json data to 2022-03-17-084717_asg_riwai_3_scaling_3_3.json
fortio exit code: 0
[2022-03-17T08:48:17]==============================[STATS]
jh CPU load avg:
0.14 0.11 0.09 1/157 1405
i-0a8d411ec9aa5d523
InService
Healthy
{}
i-0ea7a5c97f374d502
InService
Healthy
{}
[2022-03-17T08:48:17]==============================[SCALING RUN 3: CHUNK 4]==============================
08:48:17 I logger.go:127> Log level is now 4 Error (was 2 Info)
Fortio 1.19.0 running at -1 queries per second, 2->2 procs, for 1m0s: http://asg-1-lb-2323587.us-east-1.elb.amazonaws.com:3000?n=20000
Aggregated Function Time : count 194250 avg 0.0077221549 +/- 0.003009 min 0.001131165 max 0.231386417 sum 1500.02858
# target 50% 0.00664031
# target 75% 0.00939491
# target 90% 0.0149302
# target 99% 0.0195968
# target 99.9% 0.0256339
Sockets used: 25 (for perfect keepalive, would be 25)
Jitter: false
Code 200 : 194250 (100.0 %)
All done 194250 calls (plus 25 warmup) 7.722 ms avg, 3237.1 qps
Successfully wrote 2320 bytes of Json data to 2022-03-17-084817_asg_riwai_3_scaling_3_4.json
fortio exit code: 0
[2022-03-17T08:49:17]==============================[STATS]
jh CPU load avg:
0.05 0.08 0.09 1/158 1424
i-0a8d411ec9aa5d523
InService
Healthy
{}
i-0ea7a5c97f374d502
InService
Healthy
{}
[2022-03-17T08:49:18]==============================[SCALING RUN 3: CHUNK 5]==============================
08:49:18 I logger.go:127> Log level is now 4 Error (was 2 Info)
Fortio 1.19.0 running at -1 queries per second, 2->2 procs, for 1m0s: http://asg-1-lb-2323587.us-east-1.elb.amazonaws.com:3000?n=20000
Aggregated Function Time : count 193451 avg 0.0077540407 +/- 0.002885 min 0.001112722 max 0.219085269 sum 1500.02693
# target 50% 0.00666548
# target 75% 0.00944189
# target 90% 0.0150692
# target 99% 0.0196431
# target 99.9% 0.0269052
Sockets used: 25 (for perfect keepalive, would be 25)
Jitter: false
Code 200 : 193451 (100.0 %)
All done 193451 calls (plus 25 warmup) 7.754 ms avg, 3223.8 qps
Successfully wrote 2444 bytes of Json data to 2022-03-17-084918_asg_riwai_3_scaling_3_5.json
fortio exit code: 0
[2022-03-17T08:50:18]==============================[STATS]
jh CPU load avg:
0.08 0.08 0.09 1/158 1446
i-0a8d411ec9aa5d523
InService
Healthy
{}
i-0ea7a5c97f374d502
InService
Healthy
{}
[2022-03-17T08:50:19]==============================[SCALING RUN 3: CHUNK 6]==============================
08:50:19 I logger.go:127> Log level is now 4 Error (was 2 Info)
Fortio 1.19.0 running at -1 queries per second, 2->2 procs, for 1m0s: http://asg-1-lb-2323587.us-east-1.elb.amazonaws.com:3000?n=20000
Aggregated Function Time : count 194154 avg 0.0077256812 +/- 0.002881 min 0.001164091 max 0.217881588 sum 1499.97191
# target 50% 0.00666181
# target 75% 0.0094107
# target 90% 0.0149594
# target 99% 0.0195892
# target 99.9% 0.0251129
Sockets used: 25 (for perfect keepalive, would be 25)
Jitter: false
Code 200 : 194154 (100.0 %)
All done 194154 calls (plus 25 warmup) 7.726 ms avg, 3235.6 qps
Successfully wrote 2318 bytes of Json data to 2022-03-17-085019_asg_riwai_3_scaling_3_6.json
fortio exit code: 0
[2022-03-17T08:51:19]==============================[STATS]
jh CPU load avg:
0.19 0.10 0.09 1/158 1464
i-0a8d411ec9aa5d523
InService
Healthy
{}
i-0ea7a5c97f374d502
InService
Healthy
{}
[2022-03-17T08:51:19]==============================[SCALING RUN 3: CHUNK 7]==============================
08:51:19 I logger.go:127> Log level is now 4 Error (was 2 Info)
Fortio 1.19.0 running at -1 queries per second, 2->2 procs, for 1m0s: http://asg-1-lb-2323587.us-east-1.elb.amazonaws.com:3000?n=20000
Aggregated Function Time : count 192236 avg 0.0078030225 +/- 0.003184 min 0.001157243 max 0.226882921 sum 1500.02184
# target 50% 0.0066938
# target 75% 0.00946211
# target 90% 0.0151333
# target 99% 0.0196884
# target 99.9% 0.0289195
Sockets used: 25 (for perfect keepalive, would be 25)
Jitter: false
Code 200 : 192236 (100.0 %)
All done 192236 calls (plus 25 warmup) 7.803 ms avg, 3203.5 qps
Successfully wrote 2560 bytes of Json data to 2022-03-17-085120_asg_riwai_3_scaling_3_7.json
fortio exit code: 0
[2022-03-17T08:52:20]==============================[STATS]
jh CPU load avg:
0.12 0.09 0.09 1/158 1480
i-07fc38467d38aadee
InService
Healthy
{}
i-0a8d411ec9aa5d523
InService
Healthy
{}
i-0ea7a5c97f374d502
InService
Healthy
{}
[2022-03-17T08:52:20]==============================[SCALING RUN 3: CHUNK 8]==============================
08:52:20 I logger.go:127> Log level is now 4 Error (was 2 Info)
Fortio 1.19.0 running at -1 queries per second, 2->2 procs, for 1m0s: http://asg-1-lb-2323587.us-east-1.elb.amazonaws.com:3000?n=20000
Aggregated Function Time : count 193994 avg 0.0077323434 +/- 0.003011 min 0.001152056 max 0.218775012 sum 1500.02823
# target 50% 0.0066657
# target 75% 0.00942255
# target 90% 0.0149963
# target 99% 0.019602
# target 99.9% 0.025603
Sockets used: 25 (for perfect keepalive, would be 25)
Jitter: false
Code 200 : 193994 (100.0 %)
All done 193994 calls (plus 25 warmup) 7.732 ms avg, 3232.9 qps
Successfully wrote 2319 bytes of Json data to 2022-03-17-085220_asg_riwai_3_scaling_3_8.json
fortio exit code: 0
[2022-03-17T08:53:20]==============================[STATS]
jh CPU load avg:
0.13 0.10 0.09 1/158 1497
i-07fc38467d38aadee
InService
Healthy
{}
i-0a8d411ec9aa5d523
InService
Healthy
{}
i-0ea7a5c97f374d502
InService
Healthy
{}
[2022-03-17T08:53:21]==============================[SCALING RUN 3: CHUNK 9]==============================
08:53:21 I logger.go:127> Log level is now 4 Error (was 2 Info)
Fortio 1.19.0 running at -1 queries per second, 2->2 procs, for 1m0s: http://asg-1-lb-2323587.us-east-1.elb.amazonaws.com:3000?n=20000
Aggregated Function Time : count 251737 avg 0.0059585932 +/- 0.003224 min 0.001150508 max 0.219815407 sum 1499.99839
# target 50% 0.00604625
# target 75% 0.00849413
# target 90% 0.00996287
# target 99% 0.0190885
# target 99.9% 0.023078
Sockets used: 25 (for perfect keepalive, would be 25)
Jitter: false
Code 200 : 251737 (100.0 %)
All done 251737 calls (plus 25 warmup) 5.959 ms avg, 4195.1 qps
Successfully wrote 2678 bytes of Json data to 2022-03-17-085321_asg_riwai_3_scaling_3_9.json
fortio exit code: 0
[2022-03-17T08:54:21]==============================[STATS]
jh CPU load avg:
0.04 0.08 0.08 1/158 1515
i-07fc38467d38aadee
InService
Healthy
{}
i-0a8d411ec9aa5d523
InService
Healthy
{}
i-0ea7a5c97f374d502
InService
Healthy
{}
[2022-03-17T08:54:22]==============================[SCALING RUN 3: CHUNK 10]==============================
08:54:22 I logger.go:127> Log level is now 4 Error (was 2 Info)
Fortio 1.19.0 running at -1 queries per second, 2->2 procs, for 1m0s: http://asg-1-lb-2323587.us-east-1.elb.amazonaws.com:3000?n=20000
Aggregated Function Time : count 253678 avg 0.0059129937 +/- 0.002988 min 0.001088647 max 0.214062263 sum 1499.99642
# target 50% 0.00615466
# target 75% 0.00868768
# target 90% 0.0117169
# target 99% 0.0192618
# target 99.9% 0.0217367
Sockets used: 25 (for perfect keepalive, would be 25)
Jitter: false
Code 200 : 253678 (100.0 %)
All done 253678 calls (plus 25 warmup) 5.913 ms avg, 4227.4 qps
Successfully wrote 2323 bytes of Json data to 2022-03-17-085422_asg_riwai_3_scaling_3_10.json
fortio exit code: 0
[2022-03-17T08:55:22]==============================[STATS]
jh CPU load avg:
0.25 0.13 0.10 1/158 1532
i-07fc38467d38aadee
InService
Healthy
{}
i-0a8d411ec9aa5d523
InService
Healthy
{}
i-0ea7a5c97f374d502
InService
Healthy
{}
[2022-03-17T08:55:22]==============================[SCALING RUN 3: CHUNK 11]==============================
08:55:22 I logger.go:127> Log level is now 4 Error (was 2 Info)
Fortio 1.19.0 running at -1 queries per second, 2->2 procs, for 1m0s: http://asg-1-lb-2323587.us-east-1.elb.amazonaws.com:3000?n=20000
Aggregated Function Time : count 251944 avg 0.0059536826 +/- 0.002878 min 0.001087162 max 0.21664189 sum 1499.99461
# target 50% 0.00604037
# target 75% 0.008517
# target 90% 0.0100304
# target 99% 0.019139
# target 99.9% 0.0236063
Sockets used: 25 (for perfect keepalive, would be 25)
Jitter: false
Code 200 : 251944 (100.0 %)
All done 251944 calls (plus 25 warmup) 5.954 ms avg, 4198.5 qps
Successfully wrote 2437 bytes of Json data to 2022-03-17-085522_asg_riwai_3_scaling_3_11.json
fortio exit code: 0
[2022-03-17T08:56:22]==============================[STATS]
jh CPU load avg:
0.43 0.18 0.12 1/158 1550
i-07fc38467d38aadee
InService
Healthy
{}
i-0a8d411ec9aa5d523
InService
Healthy
{}
i-0ea7a5c97f374d502
InService
Healthy
{}
[2022-03-17T08:56:23]==============================[SCALING RUN 3: CHUNK 12]==============================
08:56:23 I logger.go:127> Log level is now 4 Error (was 2 Info)
Fortio 1.19.0 running at -1 queries per second, 2->2 procs, for 1m0s: http://asg-1-lb-2323587.us-east-1.elb.amazonaws.com:3000?n=20000
Aggregated Function Time : count 252908 avg 0.0059310188 +/- 0.003105 min 0.001133637 max 0.223122802 sum 1500.0021
# target 50% 0.00602054
# target 75% 0.00846401
# target 90% 0.0099301
# target 99% 0.0190272
# target 99.9% 0.0206905
Sockets used: 25 (for perfect keepalive, would be 25)
Jitter: false
Code 200 : 252908 (100.0 %)
All done 252908 calls (plus 25 warmup) 5.931 ms avg, 4214.6 qps
Successfully wrote 2325 bytes of Json data to 2022-03-17-085623_asg_riwai_3_scaling_3_12.json
fortio exit code: 0
[2022-03-17T08:57:23]==============================[STATS]
jh CPU load avg:
0.33 0.19 0.12 1/158 1570
i-07fc38467d38aadee
InService
Healthy
{}
i-0a8d411ec9aa5d523
InService
Healthy
{}
i-0ea7a5c97f374d502
InService
Healthy
{}
[2022-03-17T08:57:24]==============================[SCALING RUN 3: CHUNK 13]==============================
08:57:24 I logger.go:127> Log level is now 4 Error (was 2 Info)
Fortio 1.19.0 running at -1 queries per second, 2->2 procs, for 1m0s: http://asg-1-lb-2323587.us-east-1.elb.amazonaws.com:3000?n=20000
Aggregated Function Time : count 251902 avg 0.0059546658 +/- 0.002861 min 0.001131218 max 0.216979049 sum 1499.99223
# target 50% 0.00617866
# target 75% 0.00870239
# target 90% 0.0117834
# target 99% 0.0192627
# target 99.9% 0.0211888
Sockets used: 25 (for perfect keepalive, would be 25)
Jitter: false
Code 200 : 251902 (100.0 %)
All done 251902 calls (plus 25 warmup) 5.955 ms avg, 4197.9 qps
Successfully wrote 2321 bytes of Json data to 2022-03-17-085724_asg_riwai_3_scaling_3_13.json
fortio exit code: 0
[2022-03-17T08:58:24]==============================[STATS]
jh CPU load avg:
0.27 0.20 0.13 1/158 1635
i-07fc38467d38aadee
InService
Healthy
{}
i-0a8d411ec9aa5d523
InService
Healthy
{}
i-0ea7a5c97f374d502
InService
Healthy
{}
[2022-03-17T08:58:25]==============================[SCALING RUN 3: CHUNK 14]==============================
08:58:25 I logger.go:127> Log level is now 4 Error (was 2 Info)
Fortio 1.19.0 running at -1 queries per second, 2->2 procs, for 1m0s: http://asg-1-lb-2323587.us-east-1.elb.amazonaws.com:3000?n=20000
Aggregated Function Time : count 252991 avg 0.0059290487 +/- 0.002721 min 0.001138654 max 0.218237804 sum 1499.99596
# target 50% 0.0060494
# target 75% 0.00850479
# target 90% 0.00997802
# target 99% 0.0190643
# target 99.9% 0.0199939
Sockets used: 25 (for perfect keepalive, would be 25)
Jitter: false
Code 200 : 252991 (100.0 %)
All done 252991 calls (plus 25 warmup) 5.929 ms avg, 4216.0 qps
Successfully wrote 2323 bytes of Json data to 2022-03-17-085825_asg_riwai_3_scaling_3_14.json
fortio exit code: 0
[2022-03-17T08:59:25]==============================[STATS]
jh CPU load avg:
0.24 0.20 0.13 1/164 1680
i-07fc38467d38aadee
InService
Healthy
{}
i-0a8d411ec9aa5d523
InService
Healthy
{}
i-0ea7a5c97f374d502
InService
Healthy
{}
[2022-03-17T09:03:26]==============================[GET DATA]==============================
2022-03-17T07:11:09..2022-03-17T09:03:26
asg-1-myASG
asg-1-lb
36K alb_data.json
24K asg_data.json
[2022-03-17T09:03:27]==============================[UPLOAD 17_07-09_asg_riwai_3_af09 "}]}']==============================
Warning: Permanently added '34.125.40.213' (ECDSA) to the list of known hosts.
