2022-05-29T02:22:36
NAME                             CPU(cores)   CPU%   MEMORY(bytes)   MEMORY%   
ip-192-168-48-236.ec2.internal   59m          3%     924Mi           27%       
2022-05-29T02:23:38
NAME                             CPU(cores)   CPU%   MEMORY(bytes)   MEMORY%   
ip-192-168-48-236.ec2.internal   57m          2%     923Mi           27%       
2022-05-29T02:24:40
NAME                             CPU(cores)   CPU%   MEMORY(bytes)   MEMORY%     
ip-192-168-19-107.ec2.internal   999m         51%    436Mi           13%         
ip-192-168-48-236.ec2.internal   59m          3%     581Mi           17%         
ip-192-168-10-166.ec2.internal   <unknown>                           <unknown>               <unknown>               <unknown>               
2022-05-29T02:25:42
NAME                             CPU(cores)   CPU%   MEMORY(bytes)   MEMORY%   
ip-192-168-10-166.ec2.internal   35m          1%     452Mi           13%       
ip-192-168-19-107.ec2.internal   36m          1%     450Mi           13%       
ip-192-168-48-236.ec2.internal   1246m        64%    582Mi           17%       
2022-05-29T02:26:43
NAME                             CPU(cores)   CPU%   MEMORY(bytes)   MEMORY%   
ip-192-168-10-166.ec2.internal   43m          2%     486Mi           14%       
ip-192-168-19-107.ec2.internal   42m          2%     451Mi           13%       
ip-192-168-48-236.ec2.internal   372m         19%    584Mi           17%       
2022-05-29T02:27:45
NAME                             CPU(cores)   CPU%   MEMORY(bytes)   MEMORY%   
ip-192-168-10-166.ec2.internal   45m          2%     481Mi           14%       
ip-192-168-19-107.ec2.internal   38m          1%     453Mi           13%       
ip-192-168-48-236.ec2.internal   186m         9%     589Mi           17%       
2022-05-29T02:28:47
NAME                             CPU(cores)   CPU%   MEMORY(bytes)   MEMORY%   
ip-192-168-10-166.ec2.internal   1250m        64%    483Mi           14%       
ip-192-168-19-107.ec2.internal   47m          2%     478Mi           14%       
ip-192-168-48-236.ec2.internal   1278m        66%    583Mi           17%       
2022-05-29T02:29:49
NAME                             CPU(cores)   CPU%   MEMORY(bytes)   MEMORY%   
ip-192-168-10-166.ec2.internal   43m          2%     482Mi           14%       
ip-192-168-19-107.ec2.internal   44m          2%     481Mi           14%       
ip-192-168-48-236.ec2.internal   61m          3%     584Mi           17%       
2022-05-29T02:30:50
NAME                             CPU(cores)   CPU%   MEMORY(bytes)   MEMORY%   
ip-192-168-10-166.ec2.internal   1242m        64%    482Mi           14%       
ip-192-168-19-107.ec2.internal   1227m        63%    481Mi           14%       
ip-192-168-48-236.ec2.internal   1182m        61%    584Mi           17%       
2022-05-29T02:31:52
NAME                             CPU(cores)   CPU%   MEMORY(bytes)   MEMORY%   
ip-192-168-10-166.ec2.internal   516m         26%    483Mi           14%       
ip-192-168-19-107.ec2.internal   320m         16%    482Mi           14%       
ip-192-168-48-236.ec2.internal   663m         34%    586Mi           17%       
2022-05-29T02:32:54
NAME                             CPU(cores)   CPU%   MEMORY(bytes)   MEMORY%   
ip-192-168-10-166.ec2.internal   369m         19%    483Mi           14%       
ip-192-168-19-107.ec2.internal   195m         10%    484Mi           14%       
ip-192-168-48-236.ec2.internal   63m          3%     584Mi           17%       
2022-05-29T02:33:56
NAME                             CPU(cores)   CPU%   MEMORY(bytes)   MEMORY%   
ip-192-168-10-166.ec2.internal   1232m        63%    484Mi           14%       
ip-192-168-19-107.ec2.internal   1267m        65%    483Mi           14%       
ip-192-168-48-236.ec2.internal   1230m        63%    602Mi           18%       
2022-05-29T02:34:58
NAME                             CPU(cores)   CPU%   MEMORY(bytes)   MEMORY%   
ip-192-168-10-166.ec2.internal   41m          2%     484Mi           14%       
ip-192-168-19-107.ec2.internal   41m          2%     483Mi           14%       
ip-192-168-48-236.ec2.internal   62m          3%     601Mi           18%       
2022-05-29T02:36:00
NAME                             CPU(cores)   CPU%   MEMORY(bytes)   MEMORY%   
ip-192-168-10-166.ec2.internal   1230m        63%    486Mi           14%       
ip-192-168-19-107.ec2.internal   1237m        64%    485Mi           14%       
ip-192-168-48-236.ec2.internal   1248m        64%    602Mi           18%       
2022-05-29T02:37:01
NAME                             CPU(cores)   CPU%   MEMORY(bytes)   MEMORY%   
ip-192-168-10-166.ec2.internal   1233m        63%    484Mi           14%       
ip-192-168-19-107.ec2.internal   1235m        63%    485Mi           14%       
ip-192-168-48-236.ec2.internal   1247m        64%    603Mi           18%       
2022-05-29T02:38:03
NAME                             CPU(cores)   CPU%   MEMORY(bytes)   MEMORY%   
ip-192-168-10-166.ec2.internal   425m         22%    486Mi           14%       
ip-192-168-19-107.ec2.internal   575m         29%    484Mi           14%       
ip-192-168-48-236.ec2.internal   418m         21%    602Mi           18%       
2022-05-29T02:39:05
NAME                             CPU(cores)   CPU%   MEMORY(bytes)   MEMORY%   
ip-192-168-10-166.ec2.internal   1222m        63%    503Mi           15%       
ip-192-168-19-107.ec2.internal   1230m        63%    504Mi           15%       
ip-192-168-48-236.ec2.internal   1230m        63%    603Mi           18%       
2022-05-29T02:40:07
NAME                             CPU(cores)   CPU%   MEMORY(bytes)   MEMORY%   
ip-192-168-10-166.ec2.internal   40m          2%     502Mi           15%       
ip-192-168-19-107.ec2.internal   43m          2%     504Mi           15%       
ip-192-168-48-236.ec2.internal   60m          3%     604Mi           18%       
2022-05-29T02:41:09
NAME                             CPU(cores)   CPU%   MEMORY(bytes)   MEMORY%   
ip-192-168-10-166.ec2.internal   1219m        63%    504Mi           15%       
ip-192-168-19-107.ec2.internal   1227m        63%    503Mi           15%       
ip-192-168-48-236.ec2.internal   1227m        63%    604Mi           18%       
2022-05-29T02:42:11
NAME                             CPU(cores)   CPU%   MEMORY(bytes)   MEMORY%   
ip-192-168-10-166.ec2.internal   1215m        62%    503Mi           15%       
ip-192-168-19-107.ec2.internal   1045m        54%    504Mi           15%       
ip-192-168-48-236.ec2.internal   1216m        63%    602Mi           18%       
2022-05-29T02:43:12
NAME                             CPU(cores)   CPU%   MEMORY(bytes)   MEMORY%   
ip-192-168-10-166.ec2.internal   44m          2%     503Mi           15%       
ip-192-168-19-107.ec2.internal   43m          2%     503Mi           15%       
ip-192-168-48-236.ec2.internal   58m          3%     602Mi           18%       
2022-05-29T02:44:14
NAME                             CPU(cores)   CPU%   MEMORY(bytes)   MEMORY%   
ip-192-168-10-166.ec2.internal   1247m        64%    503Mi           15%       
ip-192-168-19-107.ec2.internal   1222m        63%    504Mi           15%       
ip-192-168-48-236.ec2.internal   1224m        63%    603Mi           18%       
2022-05-29T02:45:16
NAME                             CPU(cores)   CPU%   MEMORY(bytes)   MEMORY%   
ip-192-168-10-166.ec2.internal   42m          2%     504Mi           15%       
ip-192-168-19-107.ec2.internal   41m          2%     503Mi           15%       
ip-192-168-48-236.ec2.internal   59m          3%     603Mi           18%       
2022-05-29T02:46:18
NAME                             CPU(cores)   CPU%   MEMORY(bytes)   MEMORY%   
ip-192-168-10-166.ec2.internal   1225m        63%    504Mi           15%       
ip-192-168-19-107.ec2.internal   1211m        62%    504Mi           15%       
ip-192-168-48-236.ec2.internal   1050m        54%    604Mi           18%       
2022-05-29T02:47:20
NAME                             CPU(cores)   CPU%   MEMORY(bytes)   MEMORY%   
ip-192-168-10-166.ec2.internal   973m         50%    503Mi           15%       
ip-192-168-19-107.ec2.internal   1209m        62%    505Mi           15%       
ip-192-168-48-236.ec2.internal   1219m        63%    604Mi           18%       
2022-05-29T02:48:21
NAME                             CPU(cores)   CPU%   MEMORY(bytes)   MEMORY%   
ip-192-168-10-166.ec2.internal   40m          2%     504Mi           15%       
ip-192-168-19-107.ec2.internal   46m          2%     505Mi           15%       
ip-192-168-48-236.ec2.internal   58m          3%     604Mi           18%       
2022-05-29T02:49:23
NAME                             CPU(cores)   CPU%   MEMORY(bytes)   MEMORY%   
ip-192-168-10-166.ec2.internal   1240m        64%    504Mi           15%       
ip-192-168-19-107.ec2.internal   1232m        63%    505Mi           15%       
ip-192-168-48-236.ec2.internal   1223m        63%    604Mi           18%       
2022-05-29T02:50:25
NAME                             CPU(cores)   CPU%   MEMORY(bytes)   MEMORY%   
ip-192-168-10-166.ec2.internal   42m          2%     504Mi           15%       
ip-192-168-19-107.ec2.internal   43m          2%     504Mi           15%       
ip-192-168-48-236.ec2.internal   61m          3%     604Mi           18%       
2022-05-29T02:51:27
NAME                             CPU(cores)   CPU%   MEMORY(bytes)   MEMORY%   
ip-192-168-10-166.ec2.internal   1235m        63%    504Mi           15%       
ip-192-168-19-107.ec2.internal   1226m        63%    504Mi           15%       
ip-192-168-48-236.ec2.internal   1228m        63%    606Mi           18%       
2022-05-29T02:52:29
NAME                             CPU(cores)   CPU%   MEMORY(bytes)   MEMORY%   
ip-192-168-10-166.ec2.internal   1228m        63%    505Mi           15%       
ip-192-168-19-107.ec2.internal   1218m        63%    504Mi           15%       
ip-192-168-48-236.ec2.internal   1217m        63%    606Mi           18%       
2022-05-29T02:53:31
NAME                             CPU(cores)   CPU%   MEMORY(bytes)   MEMORY%   
ip-192-168-10-166.ec2.internal   42m          2%     505Mi           15%       
ip-192-168-19-107.ec2.internal   43m          2%     503Mi           15%       
ip-192-168-48-236.ec2.internal   61m          3%     605Mi           18%       
2022-05-29T02:54:34
NAME                             CPU(cores)   CPU%   MEMORY(bytes)   MEMORY%   
ip-192-168-10-166.ec2.internal   46m          2%     506Mi           15%       
ip-192-168-19-107.ec2.internal   46m          2%     503Mi           15%       
ip-192-168-48-236.ec2.internal   57m          2%     605Mi           18%       
2022-05-29T02:55:36
NAME                             CPU(cores)   CPU%   MEMORY(bytes)   MEMORY%   
ip-192-168-10-166.ec2.internal   1252m        64%    506Mi           15%       
ip-192-168-19-107.ec2.internal   1236m        64%    503Mi           15%       
ip-192-168-48-236.ec2.internal   1232m        63%    604Mi           18%       
2022-05-29T02:56:38
NAME                             CPU(cores)   CPU%   MEMORY(bytes)   MEMORY%   
ip-192-168-10-166.ec2.internal   1223m        63%    505Mi           15%       
ip-192-168-19-107.ec2.internal   1232m        63%    505Mi           15%       
ip-192-168-48-236.ec2.internal   1221m        63%    604Mi           18%       
2022-05-29T02:57:39
NAME                             CPU(cores)   CPU%   MEMORY(bytes)   MEMORY%   
ip-192-168-10-166.ec2.internal   1245m        64%    505Mi           15%       
ip-192-168-19-107.ec2.internal   1225m        63%    504Mi           15%       
ip-192-168-48-236.ec2.internal   1229m        63%    605Mi           18%       
2022-05-29T02:58:41
NAME                             CPU(cores)   CPU%   MEMORY(bytes)   MEMORY%   
ip-192-168-10-166.ec2.internal   1251m        64%    505Mi           15%       
ip-192-168-19-107.ec2.internal   1224m        63%    504Mi           15%       
ip-192-168-48-236.ec2.internal   1227m        63%    604Mi           18%       
2022-05-29T02:59:43
NAME                             CPU(cores)   CPU%   MEMORY(bytes)   MEMORY%   
ip-192-168-10-166.ec2.internal   1232m        63%    504Mi           15%       
ip-192-168-19-107.ec2.internal   1235m        63%    504Mi           15%       
ip-192-168-48-236.ec2.internal   1230m        63%    605Mi           18%       
2022-05-29T03:00:45
NAME                             CPU(cores)   CPU%   MEMORY(bytes)   MEMORY%   
ip-192-168-10-166.ec2.internal   42m          2%     504Mi           15%       
ip-192-168-19-107.ec2.internal   47m          2%     504Mi           15%       
ip-192-168-48-236.ec2.internal   61m          3%     604Mi           18%       
2022-05-29T03:01:47
NAME                             CPU(cores)   CPU%   MEMORY(bytes)   MEMORY%   
ip-192-168-10-166.ec2.internal   1208m        62%    507Mi           15%       
ip-192-168-19-107.ec2.internal   1227m        63%    505Mi           15%       
ip-192-168-48-236.ec2.internal   1217m        63%    605Mi           18%       
2022-05-29T03:02:49
NAME                             CPU(cores)   CPU%   MEMORY(bytes)   MEMORY%   
ip-192-168-10-166.ec2.internal   1217m        63%    505Mi           15%       
ip-192-168-19-107.ec2.internal   1226m        63%    506Mi           15%       
ip-192-168-48-236.ec2.internal   1219m        63%    605Mi           18%       
2022-05-29T03:03:51
NAME                             CPU(cores)   CPU%   MEMORY(bytes)   MEMORY%   
ip-192-168-10-166.ec2.internal   1214m        62%    505Mi           15%       
ip-192-168-19-107.ec2.internal   1227m        63%    508Mi           15%       
ip-192-168-48-236.ec2.internal   1226m        63%    606Mi           18%       
2022-05-29T03:04:53
NAME                             CPU(cores)   CPU%   MEMORY(bytes)   MEMORY%   
ip-192-168-10-166.ec2.internal   1214m        62%    505Mi           15%       
ip-192-168-19-107.ec2.internal   1224m        63%    507Mi           15%       
ip-192-168-48-236.ec2.internal   1225m        63%    604Mi           18%       
2022-05-29T03:05:55
NAME                             CPU(cores)   CPU%   MEMORY(bytes)   MEMORY%   
ip-192-168-10-166.ec2.internal   1221m        63%    510Mi           15%       
ip-192-168-19-107.ec2.internal   1224m        63%    507Mi           15%       
ip-192-168-48-236.ec2.internal   1219m        63%    604Mi           18%       
2022-05-29T03:06:57
NAME                             CPU(cores)   CPU%   MEMORY(bytes)   MEMORY%   
ip-192-168-10-166.ec2.internal   42m          2%     506Mi           15%       
ip-192-168-19-107.ec2.internal   41m          2%     505Mi           15%       
ip-192-168-48-236.ec2.internal   58m          3%     605Mi           18%       
2022-05-29T03:07:59
NAME                             CPU(cores)   CPU%   MEMORY(bytes)   MEMORY%   
ip-192-168-10-166.ec2.internal   1224m        63%    506Mi           15%       
ip-192-168-19-107.ec2.internal   1223m        63%    506Mi           15%       
ip-192-168-48-236.ec2.internal   1225m        63%    606Mi           18%       
2022-05-29T03:09:01
NAME                             CPU(cores)   CPU%   MEMORY(bytes)   MEMORY%   
ip-192-168-10-166.ec2.internal   1223m        63%    505Mi           15%       
ip-192-168-19-107.ec2.internal   1224m        63%    506Mi           15%       
ip-192-168-48-236.ec2.internal   1229m        63%    605Mi           18%       
2022-05-29T03:10:03
NAME                             CPU(cores)   CPU%   MEMORY(bytes)   MEMORY%   
ip-192-168-10-166.ec2.internal   1220m        63%    507Mi           15%       
ip-192-168-19-107.ec2.internal   1222m        63%    506Mi           15%       
ip-192-168-48-236.ec2.internal   1221m        63%    606Mi           18%       
2022-05-29T03:11:05
NAME                             CPU(cores)   CPU%   MEMORY(bytes)   MEMORY%   
ip-192-168-10-166.ec2.internal   1220m        63%    506Mi           15%       
ip-192-168-19-107.ec2.internal   1224m        63%    505Mi           15%       
ip-192-168-48-236.ec2.internal   1219m        63%    606Mi           18%       
2022-05-29T03:12:07
NAME                             CPU(cores)   CPU%   MEMORY(bytes)   MEMORY%   
ip-192-168-10-166.ec2.internal   1221m        63%    507Mi           15%       
ip-192-168-19-107.ec2.internal   1224m        63%    505Mi           15%       
ip-192-168-48-236.ec2.internal   1044m        54%    609Mi           18%       
2022-05-29T03:13:09
NAME                             CPU(cores)   CPU%   MEMORY(bytes)   MEMORY%   
ip-192-168-10-166.ec2.internal   41m          2%     506Mi           15%       
ip-192-168-19-107.ec2.internal   42m          2%     506Mi           15%       
ip-192-168-48-236.ec2.internal   57m          2%     606Mi           18%       
2022-05-29T03:14:11
NAME                             CPU(cores)   CPU%   MEMORY(bytes)   MEMORY%   
ip-192-168-10-166.ec2.internal   1224m        63%    507Mi           15%       
ip-192-168-19-107.ec2.internal   1229m        63%    507Mi           15%       
ip-192-168-48-236.ec2.internal   1219m        63%    607Mi           18%       
2022-05-29T03:15:13
NAME                             CPU(cores)   CPU%   MEMORY(bytes)   MEMORY%   
ip-192-168-10-166.ec2.internal   1224m        63%    506Mi           15%       
ip-192-168-19-107.ec2.internal   1231m        63%    506Mi           15%       
ip-192-168-48-236.ec2.internal   1213m        62%    606Mi           18%       
2022-05-29T03:16:15
NAME                             CPU(cores)   CPU%   MEMORY(bytes)   MEMORY%   
ip-192-168-10-166.ec2.internal   1223m        63%    507Mi           15%       
ip-192-168-19-107.ec2.internal   1232m        63%    505Mi           15%       
ip-192-168-48-236.ec2.internal   1222m        63%    607Mi           18%       
2022-05-29T03:17:17
NAME                             CPU(cores)   CPU%   MEMORY(bytes)   MEMORY%   
ip-192-168-10-166.ec2.internal   1224m        63%    507Mi           15%       
ip-192-168-19-107.ec2.internal   1235m        63%    506Mi           15%       
ip-192-168-48-236.ec2.internal   1223m        63%    606Mi           18%       
2022-05-29T03:18:18
NAME                             CPU(cores)   CPU%   MEMORY(bytes)   MEMORY%   
ip-192-168-10-166.ec2.internal   810m         41%    506Mi           15%       
ip-192-168-19-107.ec2.internal   669m         34%    507Mi           15%       
ip-192-168-48-236.ec2.internal   375m         19%    606Mi           18%       
2022-05-29T03:19:20
NAME                             CPU(cores)   CPU%   MEMORY(bytes)   MEMORY%   
ip-192-168-10-166.ec2.internal   57m          2%     487Mi           14%       
ip-192-168-19-107.ec2.internal   806m         41%    563Mi           16%       
ip-192-168-48-236.ec2.internal   103m         5%     553Mi           16%       
2022-05-29T03:20:22
NAME                             CPU(cores)   CPU%   MEMORY(bytes)   MEMORY%     
ip-192-168-19-107.ec2.internal   110m         5%     1075Mi          32%         
ip-192-168-48-236.ec2.internal   <unknown>                           <unknown>               <unknown>               <unknown>               
ip-192-168-10-166.ec2.internal   <unknown>                           <unknown>               <unknown>               <unknown>               
2022-05-29T03:21:23
NAME                             CPU(cores)   CPU%   MEMORY(bytes)   MEMORY%   
ip-192-168-19-107.ec2.internal   58m          3%     1079Mi          32%       
2022-05-29T03:22:25
NAME                             CPU(cores)   CPU%   MEMORY(bytes)   MEMORY%   
ip-192-168-19-107.ec2.internal   758m         39%    956Mi           28%       
2022-05-29T03:23:27
NAME                             CPU(cores)   CPU%   MEMORY(bytes)   MEMORY%   
ip-192-168-19-107.ec2.internal   1043m        54%    617Mi           18%       
2022-05-29T03:24:29
NAME                             CPU(cores)   CPU%   MEMORY(bytes)   MEMORY%   
ip-192-168-19-107.ec2.internal   1200m        62%    627Mi           18%       
ip-192-168-34-152.ec2.internal   676m         35%    477Mi           14%       
2022-05-29T03:25:30
NAME                             CPU(cores)   CPU%   MEMORY(bytes)   MEMORY%   
ip-192-168-19-107.ec2.internal   1018m        52%    624Mi           18%       
ip-192-168-34-152.ec2.internal   959m         49%    480Mi           14%       
2022-05-29T03:26:32
NAME                             CPU(cores)   CPU%   MEMORY(bytes)   MEMORY%   
ip-192-168-19-107.ec2.internal   1057m        54%    625Mi           18%       
ip-192-168-34-152.ec2.internal   1224m        63%    480Mi           14%       
ip-192-168-34-203.ec2.internal   997m         51%    407Mi           12%       
2022-05-29T03:27:34
NAME                             CPU(cores)   CPU%   MEMORY(bytes)   MEMORY%   
ip-192-168-19-107.ec2.internal   1227m        63%    624Mi           18%       
ip-192-168-34-152.ec2.internal   1218m        63%    483Mi           14%       
ip-192-168-34-203.ec2.internal   45m          2%     474Mi           14%       
2022-05-29T03:28:36
NAME                             CPU(cores)   CPU%   MEMORY(bytes)   MEMORY%   
ip-192-168-19-107.ec2.internal   1239m        64%    624Mi           18%       
ip-192-168-34-152.ec2.internal   1228m        63%    484Mi           14%       
ip-192-168-34-203.ec2.internal   1229m        63%    480Mi           14%       
2022-05-29T03:29:38
NAME                             CPU(cores)   CPU%   MEMORY(bytes)   MEMORY%   
ip-192-168-19-107.ec2.internal   862m         44%    627Mi           18%       
ip-192-168-34-152.ec2.internal   1041m        53%    483Mi           14%       
ip-192-168-34-203.ec2.internal   1033m        53%    482Mi           14%       
2022-05-29T03:30:39
NAME                             CPU(cores)   CPU%   MEMORY(bytes)   MEMORY%   
ip-192-168-19-107.ec2.internal   1112m        57%    623Mi           18%       
ip-192-168-34-152.ec2.internal   1058m        54%    484Mi           14%       
ip-192-168-34-203.ec2.internal   1033m        53%    482Mi           14%       
2022-05-29T03:31:41
NAME                             CPU(cores)   CPU%   MEMORY(bytes)   MEMORY%   
ip-192-168-19-107.ec2.internal   1218m        63%    625Mi           18%       
ip-192-168-34-152.ec2.internal   1039m        53%    483Mi           14%       
ip-192-168-34-203.ec2.internal   1200m        62%    484Mi           14%       
2022-05-29T03:32:43
NAME                             CPU(cores)   CPU%   MEMORY(bytes)   MEMORY%   
ip-192-168-19-107.ec2.internal   1225m        63%    625Mi           18%       
ip-192-168-34-152.ec2.internal   1180m        61%    484Mi           14%       
ip-192-168-34-203.ec2.internal   1232m        63%    484Mi           14%       
2022-05-29T03:33:45
NAME                             CPU(cores)   CPU%   MEMORY(bytes)   MEMORY%   
ip-192-168-19-107.ec2.internal   1232m        63%    623Mi           18%       
ip-192-168-34-152.ec2.internal   1239m        64%    484Mi           14%       
ip-192-168-34-203.ec2.internal   1242m        64%    485Mi           14%       
2022-05-29T03:34:47
NAME                             CPU(cores)   CPU%   MEMORY(bytes)   MEMORY%   
ip-192-168-19-107.ec2.internal   1236m        64%    623Mi           18%       
ip-192-168-34-152.ec2.internal   1233m        63%    485Mi           14%       
ip-192-168-34-203.ec2.internal   1210m        62%    486Mi           14%       
2022-05-29T03:35:48
NAME                             CPU(cores)   CPU%   MEMORY(bytes)   MEMORY%   
ip-192-168-19-107.ec2.internal   1224m        63%    624Mi           18%       
ip-192-168-34-152.ec2.internal   1235m        63%    485Mi           14%       
ip-192-168-34-203.ec2.internal   1221m        63%    485Mi           14%       
2022-05-29T03:36:51
NAME                             CPU(cores)   CPU%   MEMORY(bytes)   MEMORY%   
ip-192-168-19-107.ec2.internal   1225m        63%    624Mi           18%       
ip-192-168-34-152.ec2.internal   1216m        63%    484Mi           14%       
ip-192-168-34-203.ec2.internal   1232m        63%    486Mi           14%       
2022-05-29T03:37:53
2022-05-29T03:38:54
NAME                             CPU(cores)   CPU%   MEMORY(bytes)   MEMORY%     
ip-192-168-34-203.ec2.internal   158m         8%     1050Mi          31%         
ip-192-168-19-107.ec2.internal   <unknown>                           <unknown>               <unknown>               <unknown>               
2022-05-29T03:39:56
NAME                             CPU(cores)   CPU%   MEMORY(bytes)   MEMORY%   
ip-192-168-34-203.ec2.internal   54m          2%     1055Mi          31%       
2022-05-29T03:40:58
NAME                             CPU(cores)   CPU%   MEMORY(bytes)   MEMORY%   
ip-192-168-34-203.ec2.internal   57m          2%     953Mi           28%       
2022-05-29T03:41:59
NAME                             CPU(cores)   CPU%   MEMORY(bytes)   MEMORY%   
ip-192-168-34-203.ec2.internal   1220m        63%    951Mi           28%       
2022-05-29T03:43:01
NAME                             CPU(cores)   CPU%   MEMORY(bytes)   MEMORY%   
ip-192-168-21-118.ec2.internal   981m         50%    435Mi           13%       
ip-192-168-34-203.ec2.internal   1223m        63%    612Mi           18%       
2022-05-29T03:44:03
NAME                             CPU(cores)   CPU%   MEMORY(bytes)   MEMORY%   
ip-192-168-21-118.ec2.internal   1226m        63%    479Mi           14%       
ip-192-168-34-203.ec2.internal   1227m        63%    613Mi           18%       
2022-05-29T03:45:05
NAME                             CPU(cores)   CPU%   MEMORY(bytes)   MEMORY%   
ip-192-168-21-118.ec2.internal   1207m        62%    483Mi           14%       
ip-192-168-32-98.ec2.internal    658m         34%    401Mi           12%       
ip-192-168-34-203.ec2.internal   1235m        63%    612Mi           18%       
2022-05-29T03:46:07
NAME                             CPU(cores)   CPU%   MEMORY(bytes)   MEMORY%   
ip-192-168-21-118.ec2.internal   1220m        63%    483Mi           14%       
ip-192-168-32-98.ec2.internal    37m          1%     479Mi           14%       
ip-192-168-34-203.ec2.internal   1222m        63%    613Mi           18%       
2022-05-29T03:47:09
NAME                             CPU(cores)   CPU%   MEMORY(bytes)   MEMORY%   
ip-192-168-21-118.ec2.internal   1217m        63%    483Mi           14%       
ip-192-168-32-98.ec2.internal    1226m        63%    483Mi           14%       
ip-192-168-34-203.ec2.internal   1231m        63%    613Mi           18%       
2022-05-29T03:48:11
NAME                             CPU(cores)   CPU%   MEMORY(bytes)   MEMORY%   
ip-192-168-21-118.ec2.internal   1213m        62%    485Mi           14%       
ip-192-168-32-98.ec2.internal    1218m        63%    482Mi           14%       
ip-192-168-34-203.ec2.internal   1227m        63%    610Mi           18%       
2022-05-29T03:49:13
NAME                             CPU(cores)   CPU%   MEMORY(bytes)   MEMORY%   
ip-192-168-21-118.ec2.internal   1216m        63%    485Mi           14%       
ip-192-168-32-98.ec2.internal    1250m        64%    486Mi           14%       
ip-192-168-34-203.ec2.internal   1227m        63%    610Mi           18%       
2022-05-29T03:50:15
NAME                             CPU(cores)   CPU%   MEMORY(bytes)   MEMORY%   
ip-192-168-21-118.ec2.internal   1228m        63%    486Mi           14%       
ip-192-168-32-98.ec2.internal    1218m        63%    484Mi           14%       
ip-192-168-34-203.ec2.internal   1239m        64%    611Mi           18%       
2022-05-29T03:51:17
NAME                             CPU(cores)   CPU%   MEMORY(bytes)   MEMORY%   
ip-192-168-21-118.ec2.internal   1219m        63%    485Mi           14%       
ip-192-168-32-98.ec2.internal    1224m        63%    484Mi           14%       
ip-192-168-34-203.ec2.internal   1230m        63%    612Mi           18%       
2022-05-29T03:52:18
NAME                             CPU(cores)   CPU%   MEMORY(bytes)   MEMORY%   
ip-192-168-21-118.ec2.internal   1214m        62%    486Mi           14%       
ip-192-168-32-98.ec2.internal    1235m        63%    485Mi           14%       
ip-192-168-34-203.ec2.internal   1221m        63%    610Mi           18%       
2022-05-29T03:53:20
NAME                             CPU(cores)   CPU%   MEMORY(bytes)   MEMORY%   
ip-192-168-21-118.ec2.internal   1212m        62%    486Mi           14%       
ip-192-168-32-98.ec2.internal    1245m        64%    485Mi           14%       
ip-192-168-34-203.ec2.internal   1237m        64%    611Mi           18%       
2022-05-29T03:54:22
NAME                             CPU(cores)   CPU%   MEMORY(bytes)   MEMORY%   
ip-192-168-21-118.ec2.internal   1213m        62%    486Mi           14%       
ip-192-168-32-98.ec2.internal    1230m        63%    485Mi           14%       
ip-192-168-34-203.ec2.internal   1226m        63%    612Mi           18%       
2022-05-29T03:55:24
NAME                             CPU(cores)   CPU%   MEMORY(bytes)   MEMORY%   
ip-192-168-21-118.ec2.internal   1211m        62%    486Mi           14%       
ip-192-168-32-98.ec2.internal    1219m        63%    485Mi           14%       
ip-192-168-34-203.ec2.internal   1217m        63%    611Mi           18%       
2022-05-29T03:56:26
NAME                             CPU(cores)   CPU%   MEMORY(bytes)   MEMORY%   
ip-192-168-21-118.ec2.internal   40m          2%     486Mi           14%       
ip-192-168-32-98.ec2.internal    42m          2%     486Mi           14%       
ip-192-168-34-203.ec2.internal   63m          3%     610Mi           18%       
2022-05-29T03:57:28
2022-05-29T03:58:29
NAME                             CPU(cores)   CPU%   MEMORY(bytes)   MEMORY%     
ip-192-168-32-98.ec2.internal    140m         7%     1047Mi          31%         
ip-192-168-34-203.ec2.internal   <unknown>                           <unknown>               <unknown>               <unknown>               
2022-05-29T03:59:31
NAME                            CPU(cores)   CPU%   MEMORY(bytes)   MEMORY%   
ip-192-168-32-98.ec2.internal   61m          3%     1073Mi          32%       
2022-05-29T04:00:33
NAME                            CPU(cores)   CPU%   MEMORY(bytes)   MEMORY%   
ip-192-168-32-98.ec2.internal   623m         32%    950Mi           28%       
2022-05-29T04:01:34
NAME                            CPU(cores)   CPU%   MEMORY(bytes)   MEMORY%     
ip-192-168-32-98.ec2.internal   1046m        54%    951Mi           28%         
ip-192-168-1-14.ec2.internal    <unknown>                           <unknown>               <unknown>               <unknown>               
2022-05-29T04:02:36
NAME                            CPU(cores)   CPU%   MEMORY(bytes)   MEMORY%   
ip-192-168-1-14.ec2.internal    420m         21%    486Mi           14%       
ip-192-168-32-98.ec2.internal   977m         50%    616Mi           18%       
2022-05-29T04:03:38
NAME                            CPU(cores)   CPU%   MEMORY(bytes)   MEMORY%   
ip-192-168-1-14.ec2.internal    1026m        53%    482Mi           14%       
ip-192-168-32-98.ec2.internal   1123m        58%    616Mi           18%       
2022-05-29T04:04:40
NAME                             CPU(cores)   CPU%   MEMORY(bytes)   MEMORY%   
ip-192-168-1-14.ec2.internal     1017m        52%    484Mi           14%       
ip-192-168-23-220.ec2.internal   712m         36%    435Mi           13%       
ip-192-168-32-98.ec2.internal    806m         41%    610Mi           18%       
2022-05-29T04:05:42
NAME                             CPU(cores)   CPU%   MEMORY(bytes)   MEMORY%   
ip-192-168-1-14.ec2.internal     1019m        52%    486Mi           14%       
ip-192-168-23-220.ec2.internal   254m         13%    479Mi           14%       
ip-192-168-32-98.ec2.internal    808m         41%    610Mi           18%       
2022-05-29T04:06:43
NAME                             CPU(cores)   CPU%   MEMORY(bytes)   MEMORY%   
ip-192-168-1-14.ec2.internal     1026m        53%    485Mi           14%       
ip-192-168-23-220.ec2.internal   978m         50%    482Mi           14%       
ip-192-168-32-98.ec2.internal    885m         45%    611Mi           18%       
2022-05-29T04:07:45
NAME                             CPU(cores)   CPU%   MEMORY(bytes)   MEMORY%   
ip-192-168-1-14.ec2.internal     1056m        54%    485Mi           14%       
ip-192-168-23-220.ec2.internal   1229m        63%    482Mi           14%       
ip-192-168-32-98.ec2.internal    1225m        63%    611Mi           18%       
2022-05-29T04:08:47
NAME                             CPU(cores)   CPU%   MEMORY(bytes)   MEMORY%   
ip-192-168-1-14.ec2.internal     1262m        65%    485Mi           14%       
ip-192-168-23-220.ec2.internal   1219m        63%    484Mi           14%       
ip-192-168-32-98.ec2.internal    1225m        63%    610Mi           18%       
2022-05-29T04:09:49
NAME                             CPU(cores)   CPU%   MEMORY(bytes)   MEMORY%   
ip-192-168-1-14.ec2.internal     1236m        64%    486Mi           14%       
ip-192-168-23-220.ec2.internal   1229m        63%    484Mi           14%       
ip-192-168-32-98.ec2.internal    1232m        63%    611Mi           18%       
2022-05-29T04:10:51
NAME                             CPU(cores)   CPU%   MEMORY(bytes)   MEMORY%   
ip-192-168-1-14.ec2.internal     1245m        64%    487Mi           14%       
ip-192-168-23-220.ec2.internal   1232m        63%    486Mi           14%       
ip-192-168-32-98.ec2.internal    1227m        63%    611Mi           18%       
2022-05-29T04:11:53
NAME                             CPU(cores)   CPU%   MEMORY(bytes)   MEMORY%   
ip-192-168-1-14.ec2.internal     1169m        60%    488Mi           14%       
ip-192-168-23-220.ec2.internal   1036m        53%    485Mi           14%       
ip-192-168-32-98.ec2.internal    1045m        54%    611Mi           18%       
2022-05-29T04:12:54
NAME                             CPU(cores)   CPU%   MEMORY(bytes)   MEMORY%   
ip-192-168-1-14.ec2.internal     1220m        63%    487Mi           14%       
ip-192-168-23-220.ec2.internal   1025m        53%    486Mi           14%       
ip-192-168-32-98.ec2.internal    1043m        54%    610Mi           18%       
2022-05-29T04:13:56
NAME                             CPU(cores)   CPU%   MEMORY(bytes)   MEMORY%   
ip-192-168-1-14.ec2.internal     1236m        64%    486Mi           14%       
ip-192-168-23-220.ec2.internal   1206m        62%    486Mi           14%       
ip-192-168-32-98.ec2.internal    1180m        61%    611Mi           18%       
2022-05-29T04:14:58
NAME                             CPU(cores)   CPU%   MEMORY(bytes)   MEMORY%   
ip-192-168-1-14.ec2.internal     1228m        63%    487Mi           14%       
ip-192-168-23-220.ec2.internal   1228m        63%    486Mi           14%       
ip-192-168-32-98.ec2.internal    1234m        63%    612Mi           18%       
2022-05-29T04:16:00
NAME                             CPU(cores)   CPU%   MEMORY(bytes)   MEMORY%   
ip-192-168-1-14.ec2.internal     42m          2%     505Mi           15%       
ip-192-168-23-220.ec2.internal   42m          2%     487Mi           14%       
ip-192-168-32-98.ec2.internal    59m          3%     611Mi           18%       
2022-05-29T04:17:02
NAME                             CPU(cores)   CPU%   MEMORY(bytes)   MEMORY%   
ip-192-168-1-14.ec2.internal     41m          2%     504Mi           15%       
ip-192-168-23-220.ec2.internal   42m          2%     485Mi           14%       
ip-192-168-32-98.ec2.internal    59m          3%     611Mi           18%       
2022-05-29T04:18:04
NAME                             CPU(cores)   CPU%   MEMORY(bytes)   MEMORY%   
ip-192-168-1-14.ec2.internal     40m          2%     505Mi           15%       
ip-192-168-23-220.ec2.internal   42m          2%     486Mi           14%       
ip-192-168-32-98.ec2.internal    59m          3%     612Mi           18%       
