+ git log -3
commit 41cf33201aead23cba1f1e121e9d87237bf6cc23
Author: Your Name <you@example.com>
Date:   Tue Mar 29 08:52:16 2022 +1300

    more logging

commit 0c47b221b750550e4a95f529bba3d75a205557ea
Author: Your Name <you@example.com>
Date:   Sun Mar 27 08:46:05 2022 +1300

    adjust Taewa lite and add Tewa extra tests

commit 865b4d5a55b8bf5cca7934deda9a241b9cbff638
Author: Your Name <you@example.com>
Date:   Sat Mar 26 21:35:59 2022 +1300

    reduce apache2 deployment requests
++ cut -d _ -f 2
+ app=taewa
+ export AWS_DEFAULT_REGION=us-east-1
+ AWS_DEFAULT_REGION=us-east-1
+ line===============================
++ date +%FT%T
+ echo '[2022-04-03T23:20:58]==============================[starting' in '/tmp/k8s-vs-ASG/data/cli]=============================='
[2022-04-03T23:20:58]==============================[starting in /tmp/k8s-vs-ASG/data/cli]==============================
+ source 0.setup.sh
++ set -x
++ '[' asg_taewa_3extra == k8s_apache_3 ']'
++ '[' asg_taewa_3extra == asg_apache_3 ']'
++ '[' asg_taewa_3extra == k8s_apache2_3 ']'
++ '[' asg_taewa_3extra == k8s_taewa_3 ']'
++ '[' asg_taewa_3extra == asg_taewa_3 ']'
++ '[' asg_taewa_3extra == k8s_taewa_3lite ']'
++ '[' asg_taewa_3extra == asg_taewa_3lite ']'
++ '[' asg_taewa_3extra == k8s_taewa_3extra ']'
++ '[' asg_taewa_3extra == asg_taewa_3extra ']'
++ warmup_url='3000/?n=80000'
++ testing_url='3000/?n=80000'
++ cpu_perc=35
++ warmup_min_threads=5
++ warmup_max_threads=10
++ warmup_cycle_sec=90
++ scaling_minutes=14
++ performance_sec=300
++ max_capacity=3
++ fortio_options='-a -qps -1 -r 0.01 -loglevel Error -allow-initial-errors'
++ '[' asg_taewa_3extra == k8s_taewa_6 ']'
++ '[' asg_taewa_3extra == asg_taewa_6 ']'
++ '[' asg_taewa_3extra == k8s_riwai_3 ']'
++ '[' asg_taewa_3extra == asg_riwai_3 ']'
++ '[' asg_taewa_3extra == asg_raupi_3 ']'
++ '[' asg_taewa_3extra == k8s_raupi_3 ']'
++ set +x
{
    "Account": "332941323401", 
    "UserId": "AIDAU3BGZNSEYRXR3H3YC", 
    "Arn": "arn:aws:iam::332941323401:user/ad"
}
[2022-04-03T23:21:03] waiting for instances ...
scaling to 3
{
    "HealthCheck": {
        "HealthyThreshold": 2, 
        "Interval": 10, 
        "Target": "HTTP:3000/?n=80000", 
        "Timeout": 5, 
        "UnhealthyThreshold": 6
    }
}
  % Total    % Received % Xferd  Average Speed   Time    Time     Time  Current
                                 Dload  Upload   Total   Spent    Left  Speed
  0     0    0     0    0     0      0      0 --:--:-- --:--:-- --:--:--     0100    44    0    44    0     0   1691      0 --:--:-- --:--:-- --:--:--  1833
The result of this run is :  19976.684232349
[2022-04-03T23:26:08]==============================[STATS]
jh CPU load avg:
0.00 0.11 0.07 1/157 2885
i-02dcc193984636e6e
InService
Healthy
{}
i-0950e43e67a1af4b7
InService
Healthy
{}
i-0e7fa5a4fd13c6cd0
InService
Healthy
{}
[2022-04-03T23:26:08]==============================[WARMUP RUN c5]==============================
23:26:08 I logger.go:127> Log level is now 4 Error (was 2 Info)
Fortio 1.19.0 running at -1 queries per second, 2->2 procs, for 1m30s: http://asg-1-lb-835003499.us-east-1.elb.amazonaws.com:3000/?n=80000
Aggregated Function Time : count 77839 avg 0.0057808607 +/- 0.001826 min 0.002468934 max 0.033934409 sum 449.976415
# target 50% 0.0062872
# target 75% 0.00819638
# target 90% 0.00934189
# target 99% 0.0128699
# target 99.9% 0.0196255
Sockets used: 5 (for perfect keepalive, would be 5)
Jitter: false
Code 200 : 77839 (100.0 %)
All done 77839 calls (plus 5 warmup) 5.781 ms avg, 864.8 qps
Successfully wrote 2197 bytes of Json data to 2022-04-03-232608_asg_taewa_3extra_warmup_5.json
fortio exit code: 0
[2022-04-03T23:27:38]==============================[STATS]
jh CPU load avg:
0.05 0.09 0.07 1/158 2905
i-02dcc193984636e6e
InService
Healthy
{}
i-0950e43e67a1af4b7
InService
Healthy
{}
i-0e7fa5a4fd13c6cd0
InService
Healthy
{}
[2022-04-03T23:28:39]==============================[STATS]
jh CPU load avg:
0.04 0.08 0.07 1/158 2914
i-02dcc193984636e6e
InService
Healthy
{}
i-0950e43e67a1af4b7
InService
Healthy
{}
i-0e7fa5a4fd13c6cd0
InService
Healthy
{}
[2022-04-03T23:28:40]==============================[WARMUP RUN c6]==============================
23:28:40 I logger.go:127> Log level is now 4 Error (was 2 Info)
Fortio 1.19.0 running at -1 queries per second, 2->2 procs, for 1m30s: http://asg-1-lb-835003499.us-east-1.elb.amazonaws.com:3000/?n=80000
Aggregated Function Time : count 110151 avg 0.0049020462 +/- 0.002343 min 0.002315419 max 0.065648033 sum 539.965292
# target 50% 0.00620188
# target 75% 0.00814515
# target 90% 0.00931111
# target 99% 0.0114001
# target 99.9% 0.0263384
Sockets used: 6 (for perfect keepalive, would be 6)
Jitter: false
Code 200 : 110151 (100.0 %)
All done 110151 calls (plus 6 warmup) 4.902 ms avg, 1223.8 qps
Successfully wrote 2564 bytes of Json data to 2022-04-03-232840_asg_taewa_3extra_warmup_6.json
fortio exit code: 0
[2022-04-03T23:30:10]==============================[STATS]
jh CPU load avg:
0.22 0.12 0.08 1/159 2938
i-02dcc193984636e6e
InService
Healthy
{}
i-0950e43e67a1af4b7
InService
Healthy
{}
i-0e7fa5a4fd13c6cd0
InService
Healthy
{}
[2022-04-03T23:31:10]==============================[STATS]
jh CPU load avg:
0.08 0.09 0.08 1/159 2948
i-02dcc193984636e6e
InService
Healthy
{}
i-0950e43e67a1af4b7
InService
Healthy
{}
i-0e7fa5a4fd13c6cd0
InService
Healthy
{}
[2022-04-03T23:31:11]==============================[WARMUP RUN c7]==============================
23:31:11 I logger.go:127> Log level is now 4 Error (was 2 Info)
Fortio 1.19.0 running at -1 queries per second, 2->2 procs, for 1m30s: http://asg-1-lb-835003499.us-east-1.elb.amazonaws.com:3000/?n=80000
Aggregated Function Time : count 122860 avg 0.0051275516 +/- 0.002359 min 0.002352013 max 0.220507688 sum 629.970985
# target 50% 0.00636414
# target 75% 0.00837024
# target 90% 0.0095739
# target 99% 0.0179464
# target 99.9% 0.0198846
Sockets used: 7 (for perfect keepalive, would be 7)
Jitter: false
Code 200 : 122860 (100.0 %)
All done 122860 calls (plus 7 warmup) 5.128 ms avg, 1365.0 qps
Successfully wrote 2439 bytes of Json data to 2022-04-03-233111_asg_taewa_3extra_warmup_7.json
fortio exit code: 0
[2022-04-03T23:32:41]==============================[STATS]
jh CPU load avg:
0.05 0.08 0.08 1/159 2966
i-02dcc193984636e6e
InService
Healthy
{}
i-0950e43e67a1af4b7
InService
Healthy
{}
i-0e7fa5a4fd13c6cd0
InService
Healthy
{}
[2022-04-03T23:33:42]==============================[STATS]
jh CPU load avg:
0.02 0.06 0.07 1/159 2975
i-02dcc193984636e6e
InService
Healthy
{}
i-0950e43e67a1af4b7
InService
Healthy
{}
i-0e7fa5a4fd13c6cd0
InService
Healthy
{}
[2022-04-03T23:33:42]==============================[WARMUP RUN c8]==============================
23:33:42 I logger.go:127> Log level is now 4 Error (was 2 Info)
Fortio 1.19.0 running at -1 queries per second, 2->2 procs, for 1m30s: http://asg-1-lb-835003499.us-east-1.elb.amazonaws.com:3000/?n=80000
Aggregated Function Time : count 127799 avg 0.0056336421 +/- 0.002417 min 0.002426667 max 0.06445683 sum 719.973826
# target 50% 0.00671317
# target 75% 0.00885645
# target 90% 0.0114338
# target 99% 0.0192011
# target 99.9% 0.0199779
Sockets used: 8 (for perfect keepalive, would be 8)
Jitter: false
Code 200 : 127799 (100.0 %)
All done 127799 calls (plus 8 warmup) 5.634 ms avg, 1419.9 qps
Successfully wrote 2556 bytes of Json data to 2022-04-03-233342_asg_taewa_3extra_warmup_8.json
fortio exit code: 0
[2022-04-03T23:35:12]==============================[STATS]
jh CPU load avg:
0.02 0.06 0.07 1/158 2995
i-02dcc193984636e6e
InService
Healthy
{}
i-0950e43e67a1af4b7
InService
Healthy
{}
i-0e7fa5a4fd13c6cd0
InService
Healthy
{}
[2022-04-03T23:36:13]==============================[STATS]
jh CPU load avg:
0.01 0.04 0.06 1/158 3005
i-02dcc193984636e6e
InService
Healthy
{}
i-0950e43e67a1af4b7
InService
Healthy
{}
i-0e7fa5a4fd13c6cd0
InService
Healthy
{}
[2022-04-03T23:36:14]==============================[WARMUP RUN c9]==============================
23:36:14 I logger.go:127> Log level is now 4 Error (was 2 Info)
Fortio 1.19.0 running at -1 queries per second, 2->2 procs, for 1m30s: http://asg-1-lb-835003499.us-east-1.elb.amazonaws.com:3000/?n=80000
Aggregated Function Time : count 128892 avg 0.0062840812 +/- 0.003007 min 0.002419513 max 0.039736473 sum 809.967795
# target 50% 0.00668573
# target 75% 0.00881887
# target 90% 0.0110423
# target 99% 0.019147
# target 99.9% 0.0199575
Sockets used: 9 (for perfect keepalive, would be 9)
Jitter: false
Code 200 : 128892 (100.0 %)
All done 128892 calls (plus 9 warmup) 6.284 ms avg, 1432.0 qps
Successfully wrote 2208 bytes of Json data to 2022-04-03-233614_asg_taewa_3extra_warmup_9.json
fortio exit code: 0
[2022-04-03T23:37:44]==============================[STATS]
jh CPU load avg:
0.24 0.11 0.08 1/158 3023
i-02dcc193984636e6e
InService
Healthy
{}
i-0950e43e67a1af4b7
InService
Healthy
{}
i-0e7fa5a4fd13c6cd0
InService
Healthy
{}
[2022-04-03T23:38:44]==============================[STATS]
jh CPU load avg:
0.11 0.10 0.08 1/158 3032
i-02dcc193984636e6e
InService
Healthy
{}
i-0950e43e67a1af4b7
InService
Healthy
{}
i-0e7fa5a4fd13c6cd0
InService
Healthy
{}
[2022-04-03T23:38:45]==============================[WARMUP RUN c10]==============================
23:38:45 I logger.go:127> Log level is now 4 Error (was 2 Info)
Fortio 1.19.0 running at -1 queries per second, 2->2 procs, for 1m30s: http://asg-1-lb-835003499.us-east-1.elb.amazonaws.com:3000/?n=80000
Aggregated Function Time : count 127510 avg 0.0070581735 +/- 0.004059 min 0.002413366 max 0.227615617 sum 899.987705
# target 50% 0.00725112
# target 75% 0.00967003
# target 90% 0.0154562
# target 99% 0.0196932
# target 99.9% 0.0312489
Sockets used: 10 (for perfect keepalive, would be 10)
Jitter: false
Code 200 : 127510 (100.0 %)
All done 127510 calls (plus 10 warmup) 7.058 ms avg, 1416.6 qps
Successfully wrote 3153 bytes of Json data to 2022-04-03-233845_asg_taewa_3extra_warmup_10.json
fortio exit code: 0
[2022-04-03T23:40:15]==============================[STATS]
jh CPU load avg:
0.09 0.08 0.08 1/159 3056
i-02dcc193984636e6e
InService
Healthy
{}
i-0950e43e67a1af4b7
InService
Healthy
{}
i-0e7fa5a4fd13c6cd0
InService
Healthy
{}
{
    "LoadBalancerDescriptions": [
        {
            "Subnets": [
                "subnet-023735f63af0f4268", 
                "subnet-05534264e7b8b654e"
            ], 
            "CanonicalHostedZoneNameID": "Z35SXDOTRQ7X7K", 
            "CanonicalHostedZoneName": "asg-1-lb-835003499.us-east-1.elb.amazonaws.com", 
            "ListenerDescriptions": [
                {
                    "Listener": {
                        "InstancePort": 3000, 
                        "LoadBalancerPort": 3000, 
                        "Protocol": "TCP", 
                        "InstanceProtocol": "TCP"
                    }, 
                    "PolicyNames": []
                }, 
                {
                    "Listener": {
                        "InstancePort": 80, 
                        "LoadBalancerPort": 80, 
                        "Protocol": "TCP", 
                        "InstanceProtocol": "TCP"
                    }, 
                    "PolicyNames": []
                }
            ], 
            "HealthCheck": {
                "HealthyThreshold": 2, 
                "Interval": 10, 
                "Target": "HTTP:3000/?n=80000", 
                "Timeout": 5, 
                "UnhealthyThreshold": 6
            }, 
            "VPCId": "vpc-0e349206a44a0b93e", 
            "BackendServerDescriptions": [], 
            "Instances": [
                {
                    "InstanceId": "i-0950e43e67a1af4b7"
                }, 
                {
                    "InstanceId": "i-02dcc193984636e6e"
                }, 
                {
                    "InstanceId": "i-0e7fa5a4fd13c6cd0"
                }
            ], 
            "DNSName": "asg-1-lb-835003499.us-east-1.elb.amazonaws.com", 
            "SecurityGroups": [
                "sg-0c9ca73c14dd3a78f"
            ], 
            "Policies": {
                "LBCookieStickinessPolicies": [], 
                "AppCookieStickinessPolicies": [], 
                "OtherPolicies": []
            }, 
            "LoadBalancerName": "asg-1-lb", 
            "CreatedTime": "2022-04-03T23:17:07.520Z", 
            "AvailabilityZones": [
                "us-east-1b", 
                "us-east-1a"
            ], 
            "Scheme": "internet-facing", 
            "SourceSecurityGroup": {
                "OwnerAlias": "332941323401", 
                "GroupName": "asg-1-ALBSecurityGroup-1A7CZQVRVQXTD"
            }
        }
    ]
}
{
    "AutoScalingGroups": [
        {
            "AutoScalingGroupARN": "arn:aws:autoscaling:us-east-1:332941323401:autoScalingGroup:7ae4bdae-c11b-47de-9415-6375a0a378e2:autoScalingGroupName/asg-1-myASG", 
            "ServiceLinkedRoleARN": "arn:aws:iam::332941323401:role/aws-service-role/autoscaling.amazonaws.com/AWSServiceRoleForAutoScaling", 
            "TargetGroupARNs": [], 
            "SuspendedProcesses": [], 
            "LaunchTemplate": {
                "LaunchTemplateName": "asg-1-launch-template", 
                "Version": "1", 
                "LaunchTemplateId": "lt-0f1b6cec372b2fb1d"
            }, 
            "Tags": [
                {
                    "ResourceType": "auto-scaling-group", 
                    "ResourceId": "asg-1-myASG", 
                    "PropagateAtLaunch": true, 
                    "Value": "asg-1-instance", 
                    "Key": "Name"
                }, 
                {
                    "ResourceType": "auto-scaling-group", 
                    "ResourceId": "asg-1-myASG", 
                    "PropagateAtLaunch": false, 
                    "Value": "WebServerGroup", 
                    "Key": "Purpose"
                }, 
                {
                    "ResourceType": "auto-scaling-group", 
                    "ResourceId": "asg-1-myASG", 
                    "PropagateAtLaunch": true, 
                    "Value": "myASG", 
                    "Key": "aws:cloudformation:logical-id"
                }, 
                {
                    "ResourceType": "auto-scaling-group", 
                    "ResourceId": "asg-1-myASG", 
                    "PropagateAtLaunch": true, 
                    "Value": "arn:aws:cloudformation:us-east-1:332941323401:stack/asg-1/2451c5b0-b3a4-11ec-ae85-0a869beb2f0f", 
                    "Key": "aws:cloudformation:stack-id"
                }, 
                {
                    "ResourceType": "auto-scaling-group", 
                    "ResourceId": "asg-1-myASG", 
                    "PropagateAtLaunch": true, 
                    "Value": "asg-1", 
                    "Key": "aws:cloudformation:stack-name"
                }
            ], 
            "EnabledMetrics": [
                {
                    "Metric": "WarmPoolMinSize", 
                    "Granularity": "1Minute"
                }, 
                {
                    "Metric": "WarmPoolTotalCapacity", 
                    "Granularity": "1Minute"
                }, 
                {
                    "Metric": "GroupStandbyCapacity", 
                    "Granularity": "1Minute"
                }, 
                {
                    "Metric": "WarmPoolPendingCapacity", 
                    "Granularity": "1Minute"
                }, 
                {
                    "Metric": "GroupDesiredCapacity", 
                    "Granularity": "1Minute"
                }, 
                {
                    "Metric": "GroupAndWarmPoolTotalCapacity", 
                    "Granularity": "1Minute"
                }, 
                {
                    "Metric": "GroupInServiceInstances", 
                    "Granularity": "1Minute"
                }, 
                {
                    "Metric": "GroupTerminatingCapacity", 
                    "Granularity": "1Minute"
                }, 
                {
                    "Metric": "GroupTotalCapacity", 
                    "Granularity": "1Minute"
                }, 
                {
                    "Metric": "WarmPoolDesiredCapacity", 
                    "Granularity": "1Minute"
                }, 
                {
                    "Metric": "WarmPoolWarmedCapacity", 
                    "Granularity": "1Minute"
                }, 
                {
                    "Metric": "GroupTerminatingInstances", 
                    "Granularity": "1Minute"
                }, 
                {
                    "Metric": "GroupPendingInstances", 
                    "Granularity": "1Minute"
                }, 
                {
                    "Metric": "GroupPendingCapacity", 
                    "Granularity": "1Minute"
                }, 
                {
                    "Metric": "GroupInServiceCapacity", 
                    "Granularity": "1Minute"
                }, 
                {
                    "Metric": "GroupStandbyInstances", 
                    "Granularity": "1Minute"
                }, 
                {
                    "Metric": "GroupMaxSize", 
                    "Granularity": "1Minute"
                }, 
                {
                    "Metric": "GroupMinSize", 
                    "Granularity": "1Minute"
                }, 
                {
                    "Metric": "GroupTotalInstances", 
                    "Granularity": "1Minute"
                }, 
                {
                    "Metric": "GroupAndWarmPoolDesiredCapacity", 
                    "Granularity": "1Minute"
                }, 
                {
                    "Metric": "WarmPoolTerminatingCapacity", 
                    "Granularity": "1Minute"
                }
            ], 
            "TerminationPolicies": [
                "Default"
            ], 
            "AutoScalingGroupName": "asg-1-myASG", 
            "DefaultCooldown": 300, 
            "MinSize": 1, 
            "Instances": [
                {
                    "ProtectedFromScaleIn": false, 
                    "AvailabilityZone": "us-east-1a", 
                    "LaunchTemplate": {
                        "LaunchTemplateName": "asg-1-launch-template", 
                        "Version": "1", 
                        "LaunchTemplateId": "lt-0f1b6cec372b2fb1d"
                    }, 
                    "InstanceId": "i-02dcc193984636e6e", 
                    "HealthStatus": "Healthy", 
                    "LifecycleState": "InService", 
                    "InstanceType": "t3.medium"
                }, 
                {
                    "ProtectedFromScaleIn": false, 
                    "AvailabilityZone": "us-east-1b", 
                    "LaunchTemplate": {
                        "LaunchTemplateName": "asg-1-launch-template", 
                        "Version": "1", 
                        "LaunchTemplateId": "lt-0f1b6cec372b2fb1d"
                    }, 
                    "InstanceId": "i-0950e43e67a1af4b7", 
                    "HealthStatus": "Healthy", 
                    "LifecycleState": "InService", 
                    "InstanceType": "t3.medium"
                }, 
                {
                    "ProtectedFromScaleIn": false, 
                    "AvailabilityZone": "us-east-1b", 
                    "LaunchTemplate": {
                        "LaunchTemplateName": "asg-1-launch-template", 
                        "Version": "1", 
                        "LaunchTemplateId": "lt-0f1b6cec372b2fb1d"
                    }, 
                    "InstanceId": "i-0e7fa5a4fd13c6cd0", 
                    "HealthStatus": "Healthy", 
                    "LifecycleState": "InService", 
                    "InstanceType": "t3.medium"
                }
            ], 
            "MaxSize": 3, 
            "VPCZoneIdentifier": "subnet-05534264e7b8b654e,subnet-023735f63af0f4268", 
            "HealthCheckGracePeriod": 300, 
            "LoadBalancerNames": [
                "asg-1-lb"
            ], 
            "CreatedTime": "2022-04-03T23:19:28.410Z", 
            "AvailabilityZones": [
                "us-east-1a", 
                "us-east-1b"
            ], 
            "HealthCheckType": "EC2", 
            "NewInstancesProtectedFromScaleIn": false, 
            "DesiredCapacity": 3
        }
    ]
}
[2022-04-03T23:41:18]==============================[PERFORMANCE CHUNK RUN 11]==============================
[2022-04-03T23:42:18]==============================[STATS]
jh CPU load avg:
0.01 0.05 0.07 1/159 3081
i-02dcc193984636e6e
InService
Healthy
{}
i-0950e43e67a1af4b7
InService
Healthy
{}
i-0e7fa5a4fd13c6cd0
InService
Healthy
{}
23:42:18 I logger.go:127> Log level is now 4 Error (was 2 Info)
Fortio 1.19.0 running at -1 queries per second, 2->2 procs, for 1m0s: http://asg-1-lb-835003499.us-east-1.elb.amazonaws.com:3000/?n=80000
Aggregated Function Time : count 86732 avg 0.0069177434 +/- 0.002708 min 0.002418041 max 0.037740555 sum 599.989723
# target 50% 0.00669679
# target 75% 0.00883621
# target 90% 0.0112372
# target 99% 0.019187
# target 99.9% 0.0199819
Sockets used: 10 (for perfect keepalive, would be 10)
Jitter: false
Code 200 : 86732 (100.0 %)
All done 86732 calls (plus 10 warmup) 6.918 ms avg, 1445.4 qps
Successfully wrote 2216 bytes of Json data to 2022-04-03-234218_asg_taewa_3extra_performance_chunk_11_1.json
fortio exit code: 0
[2022-04-03T23:43:18]==============================[STATS]
jh CPU load avg:
0.06 0.06 0.07 1/159 3099
i-02dcc193984636e6e
InService
Healthy
{}
i-0950e43e67a1af4b7
InService
Healthy
{}
i-0e7fa5a4fd13c6cd0
InService
Healthy
{}
23:43:19 I logger.go:127> Log level is now 4 Error (was 2 Info)
Fortio 1.19.0 running at -1 queries per second, 2->2 procs, for 1m0s: http://asg-1-lb-835003499.us-east-1.elb.amazonaws.com:3000/?n=80000
Aggregated Function Time : count 87266 avg 0.0068756047 +/- 0.00363 min 0.002449477 max 0.037220884 sum 600.006521
# target 50% 0.00721657
# target 75% 0.00960017
# target 90% 0.0152064
# target 99% 0.0195425
# target 99.9% 0.0199761
Sockets used: 10 (for perfect keepalive, would be 10)
Jitter: false
Code 200 : 87266 (100.0 %)
All done 87266 calls (plus 10 warmup) 6.876 ms avg, 1454.2 qps
Successfully wrote 2215 bytes of Json data to 2022-04-03-234319_asg_taewa_3extra_performance_chunk_11_2.json
fortio exit code: 0
[2022-04-03T23:44:19]==============================[STATS]
jh CPU load avg:
0.02 0.04 0.06 1/159 3115
i-02dcc193984636e6e
InService
Healthy
{}
i-0950e43e67a1af4b7
InService
Healthy
{}
i-0e7fa5a4fd13c6cd0
InService
Healthy
{}
23:44:20 I logger.go:127> Log level is now 4 Error (was 2 Info)
Fortio 1.19.0 running at -1 queries per second, 2->2 procs, for 1m0s: http://asg-1-lb-835003499.us-east-1.elb.amazonaws.com:3000/?n=80000
Aggregated Function Time : count 86979 avg 0.0068981966 +/- 0.002776 min 0.00245249 max 0.062226982 sum 599.998244
# target 50% 0.00671566
# target 75% 0.00884729
# target 90% 0.0113035
# target 99% 0.0192251
# target 99.9% 0.0221546
Sockets used: 10 (for perfect keepalive, would be 10)
Jitter: false
Code 200 : 86979 (100.0 %)
All done 86979 calls (plus 10 warmup) 6.898 ms avg, 1449.5 qps
Successfully wrote 2569 bytes of Json data to 2022-04-03-234420_asg_taewa_3extra_performance_chunk_11_3.json
fortio exit code: 0
[2022-04-03T23:45:20]==============================[STATS]
jh CPU load avg:
0.11 0.06 0.06 1/157 3181
i-02dcc193984636e6e
InService
Healthy
{}
i-0950e43e67a1af4b7
InService
Healthy
{}
i-0e7fa5a4fd13c6cd0
InService
Healthy
{}
23:45:20 I logger.go:127> Log level is now 4 Error (was 2 Info)
Fortio 1.19.0 running at -1 queries per second, 2->2 procs, for 1m0s: http://asg-1-lb-835003499.us-east-1.elb.amazonaws.com:3000/?n=80000
Aggregated Function Time : count 87064 avg 0.0068914527 +/- 0.003653 min 0.002441933 max 0.046711654 sum 599.997437
# target 50% 0.00721774
# target 75% 0.0096057
# target 90% 0.0152264
# target 99% 0.019553
# target 99.9% 0.0199856
Sockets used: 10 (for perfect keepalive, would be 10)
Jitter: false
Code 200 : 87064 (100.0 %)
All done 87064 calls (plus 10 warmup) 6.891 ms avg, 1450.9 qps
Successfully wrote 2336 bytes of Json data to 2022-04-03-234520_asg_taewa_3extra_performance_chunk_11_4.json
fortio exit code: 0
[2022-04-03T23:46:20]==============================[STATS]
jh CPU load avg:
0.04 0.05 0.06 1/158 3198
i-02dcc193984636e6e
InService
Healthy
{}
i-0950e43e67a1af4b7
InService
Healthy
{}
i-0e7fa5a4fd13c6cd0
InService
Healthy
{}
23:46:21 I logger.go:127> Log level is now 4 Error (was 2 Info)
Fortio 1.19.0 running at -1 queries per second, 2->2 procs, for 1m0s: http://asg-1-lb-835003499.us-east-1.elb.amazonaws.com:3000/?n=80000
Aggregated Function Time : count 87610 avg 0.0068486314 +/- 0.002661 min 0.002508024 max 0.043836511 sum 600.008595
# target 50% 0.0067268
# target 75% 0.00883623
# target 90% 0.0110818
# target 99% 0.0191441
# target 99.9% 0.0199503
Sockets used: 10 (for perfect keepalive, would be 10)
Jitter: false
Code 200 : 87610 (100.0 %)
All done 87610 calls (plus 10 warmup) 6.849 ms avg, 1459.9 qps
Successfully wrote 2333 bytes of Json data to 2022-04-03-234621_asg_taewa_3extra_performance_chunk_11_5.json
fortio exit code: 0
[2022-04-03T23:48:21]==============================[STATS]
jh CPU load avg:
0.00 0.03 0.05 1/158 3216
i-02dcc193984636e6e
InService
Healthy
{}
i-0950e43e67a1af4b7
InService
Healthy
{}
i-0e7fa5a4fd13c6cd0
InService
Healthy
{}
[2022-04-03T23:48:22]==============================[PERFORMANCE RUN 1]==============================
23:48:22 I logger.go:127> Log level is now 4 Error (was 2 Info)
Fortio 1.19.0 running at -1 queries per second, 2->2 procs, for 5m0s: http://asg-1-lb-835003499.us-east-1.elb.amazonaws.com:3000/?n=80000
Aggregated Function Time : count 433089 avg 0.0069266392 +/- 0.003683 min 0.002341733 max 0.220426315 sum 2999.85123
# target 50% 0.00719738
# target 75% 0.00962521
# target 90% 0.0152978
# target 99% 0.0195776
# target 99.9% 0.0213469
Sockets used: 10 (for perfect keepalive, would be 10)
Jitter: false
Code 200 : 433089 (100.0 %)
All done 433089 calls (plus 10 warmup) 6.927 ms avg, 1443.6 qps
Successfully wrote 2574 bytes of Json data to 2022-04-03-234822_asg_taewa_3extra_performance_1.json
fortio exit code: 0
[2022-04-03T23:53:22]==============================[STATS]
jh CPU load avg:
0.21 0.07 0.05 1/159 3253
i-02dcc193984636e6e
InService
Healthy
{}
i-0950e43e67a1af4b7
InService
Healthy
{}
i-0e7fa5a4fd13c6cd0
InService
Healthy
{}
[2022-04-03T23:54:23]==============================[STATS]
jh CPU load avg:
0.07 0.06 0.05 1/159 3262
i-02dcc193984636e6e
InService
Healthy
{}
i-0950e43e67a1af4b7
InService
Healthy
{}
i-0e7fa5a4fd13c6cd0
InService
Healthy
{}
[2022-04-03T23:54:23]==============================[PERFORMANCE RUN 2]==============================
23:54:23 I logger.go:127> Log level is now 4 Error (was 2 Info)
Fortio 1.19.0 running at -1 queries per second, 2->2 procs, for 5m0s: http://asg-1-lb-835003499.us-east-1.elb.amazonaws.com:3000/?n=80000
Aggregated Function Time : count 436129 avg 0.0068783465 +/- 0.002791 min 0.002377252 max 0.223344735 sum 2999.84637
# target 50% 0.00667827
# target 75% 0.00882878
# target 90% 0.0112265
# target 99% 0.0191994
# target 99.9% 0.0199967
Sockets used: 10 (for perfect keepalive, would be 10)
Jitter: false
Code 200 : 436129 (100.0 %)
All done 436129 calls (plus 10 warmup) 6.878 ms avg, 1453.7 qps
Successfully wrote 2573 bytes of Json data to 2022-04-03-235423_asg_taewa_3extra_performance_2.json
fortio exit code: 0
[2022-04-03T23:59:23]==============================[STATS]
jh CPU load avg:
0.01 0.04 0.04 1/158 3286
i-02dcc193984636e6e
InService
Healthy
{}
i-0950e43e67a1af4b7
InService
Healthy
{}
i-0e7fa5a4fd13c6cd0
InService
Healthy
{}
[2022-04-04T00:00:24]==============================[STATS]
jh CPU load avg:
0.00 0.03 0.03 1/159 3302
i-02dcc193984636e6e
InService
Healthy
{}
i-0950e43e67a1af4b7
InService
Healthy
{}
i-0e7fa5a4fd13c6cd0
InService
Healthy
{}
[2022-04-04T00:00:25]==============================[PERFORMANCE RUN 3]==============================
00:00:25 I logger.go:127> Log level is now 4 Error (was 2 Info)
Fortio 1.19.0 running at -1 queries per second, 2->2 procs, for 5m0s: http://asg-1-lb-835003499.us-east-1.elb.amazonaws.com:3000/?n=80000
Aggregated Function Time : count 432983 avg 0.0069283262 +/- 0.003705 min 0.00238549 max 0.228224541 sum 2999.84745
# target 50% 0.00720821
# target 75% 0.00961958
# target 90% 0.0152735
# target 99% 0.0195663
# target 99.9% 0.0199956
Sockets used: 10 (for perfect keepalive, would be 10)
Jitter: false
Code 200 : 432983 (100.0 %)
All done 432983 calls (plus 10 warmup) 6.928 ms avg, 1443.2 qps
Successfully wrote 2571 bytes of Json data to 2022-04-04-000025_asg_taewa_3extra_performance_3.json
fortio exit code: 0
[2022-04-04T00:05:25]==============================[STATS]
jh CPU load avg:
0.11 0.06 0.02 1/159 3339
i-02dcc193984636e6e
InService
Healthy
{}
i-0950e43e67a1af4b7
InService
Healthy
{}
i-0e7fa5a4fd13c6cd0
InService
Healthy
{}
scaling to 0
{
    "Alarms": [
        {
            "AlarmName": "TargetTracking-asg-1-myASG-AlarmHigh-ea378903-cddc-4376-a159-9abdc25036ea", 
            "AlarmARN": "arn:aws:cloudwatch:us-east-1:332941323401:alarm:TargetTracking-asg-1-myASG-AlarmHigh-ea378903-cddc-4376-a159-9abdc25036ea"
        }, 
        {
            "AlarmName": "TargetTracking-asg-1-myASG-AlarmLow-0e3e9550-a2e4-4e91-8cfb-fd58b2c392e9", 
            "AlarmARN": "arn:aws:cloudwatch:us-east-1:332941323401:alarm:TargetTracking-asg-1-myASG-AlarmLow-0e3e9550-a2e4-4e91-8cfb-fd58b2c392e9"
        }
    ], 
    "PolicyARN": "arn:aws:autoscaling:us-east-1:332941323401:scalingPolicy:6058c944-f796-4920-8d62-2a102fcaa337:autoScalingGroupName/asg-1-myASG:policyName/asg-1-AppServerSP-NTWSD7LDVHAN"
}
[2022-04-04T00:05:57]==============================[SCALING RUN 1: INIT]==============================
{
    "Alarms": [
        {
            "AlarmName": "TargetTracking-asg-1-myASG-AlarmHigh-ea378903-cddc-4376-a159-9abdc25036ea", 
            "AlarmARN": "arn:aws:cloudwatch:us-east-1:332941323401:alarm:TargetTracking-asg-1-myASG-AlarmHigh-ea378903-cddc-4376-a159-9abdc25036ea"
        }, 
        {
            "AlarmName": "TargetTracking-asg-1-myASG-AlarmLow-0e3e9550-a2e4-4e91-8cfb-fd58b2c392e9", 
            "AlarmARN": "arn:aws:cloudwatch:us-east-1:332941323401:alarm:TargetTracking-asg-1-myASG-AlarmLow-0e3e9550-a2e4-4e91-8cfb-fd58b2c392e9"
        }
    ], 
    "PolicyARN": "arn:aws:autoscaling:us-east-1:332941323401:scalingPolicy:6058c944-f796-4920-8d62-2a102fcaa337:autoScalingGroupName/asg-1-myASG:policyName/asg-1-AppServerSP-NTWSD7LDVHAN"
}
scaling to 1
[2022-04-04T00:05:59]==============================[SCALING RUN 1: ENABLE SCALING - SLEEP]==============================
{
    "Alarms": [
        {
            "AlarmName": "TargetTracking-asg-1-myASG-AlarmHigh-7c6a5d64-ad7c-4e84-848e-92b5b8a45796", 
            "AlarmARN": "arn:aws:cloudwatch:us-east-1:332941323401:alarm:TargetTracking-asg-1-myASG-AlarmHigh-7c6a5d64-ad7c-4e84-848e-92b5b8a45796"
        }, 
        {
            "AlarmName": "TargetTracking-asg-1-myASG-AlarmLow-94f2be84-b0ce-4982-afa3-d64c5da48111", 
            "AlarmARN": "arn:aws:cloudwatch:us-east-1:332941323401:alarm:TargetTracking-asg-1-myASG-AlarmLow-94f2be84-b0ce-4982-afa3-d64c5da48111"
        }
    ], 
    "PolicyARN": "arn:aws:autoscaling:us-east-1:332941323401:scalingPolicy:6058c944-f796-4920-8d62-2a102fcaa337:autoScalingGroupName/asg-1-myASG:policyName/asg-1-AppServerSP-NTWSD7LDVHAN"
}
[2022-04-04T00:09:00]==============================[SCALING RUN 1: FORTIO]==============================
[2022-04-04T00:09:00]==============================[STATS]
jh CPU load avg:
0.00 0.03 0.01 1/159 3377
i-02e78f7d9ff70836c
InService
Healthy
{}
[2022-04-04T00:09:01]==============================[SCALING RUN 1: CHUNK 1]==============================
00:09:01 I logger.go:127> Log level is now 4 Error (was 2 Info)
Fortio 1.19.0 running at -1 queries per second, 2->2 procs, for 1m0s: http://asg-1-lb-835003499.us-east-1.elb.amazonaws.com:3000/?n=80000
Aggregated Function Time : count 34844 avg 0.017223047 +/- 0.006554 min 0.005204014 max 0.148882938 sum 600.119843
# target 50% 0.0159408
# target 75% 0.0189341
# target 90% 0.0256747
# target 99% 0.0395803
# target 99.9% 0.0767707
Sockets used: 10 (for perfect keepalive, would be 10)
Jitter: false
Code 200 : 34844 (100.0 %)
All done 34844 calls (plus 10 warmup) 17.223 ms avg, 580.5 qps
Successfully wrote 3386 bytes of Json data to 2022-04-04-000901_asg_taewa_3extra_scaling_1_1.json
fortio exit code: 0
[2022-04-04T00:10:01]==============================[STATS]
jh CPU load avg:
0.03 0.03 0.01 3/161 3398
i-02e78f7d9ff70836c
InService
Healthy
{}
[2022-04-04T00:10:02]==============================[SCALING RUN 1: CHUNK 2]==============================
00:10:02 I logger.go:127> Log level is now 4 Error (was 2 Info)
Fortio 1.19.0 running at -1 queries per second, 2->2 procs, for 1m0s: http://asg-1-lb-835003499.us-east-1.elb.amazonaws.com:3000/?n=80000
Aggregated Function Time : count 35448 avg 0.01692888 +/- 0.005528 min 0.003138853 max 0.084599071 sum 600.094948
# target 50% 0.0160223
# target 75% 0.0190609
# target 90% 0.0255914
# target 99% 0.0378529
# target 99.9% 0.04116
Sockets used: 10 (for perfect keepalive, would be 10)
Jitter: false
Code 200 : 35448 (100.0 %)
All done 35448 calls (plus 10 warmup) 16.929 ms avg, 590.6 qps
Successfully wrote 2791 bytes of Json data to 2022-04-04-001002_asg_taewa_3extra_scaling_1_2.json
fortio exit code: 0
[2022-04-04T00:11:02]==============================[STATS]
jh CPU load avg:
0.08 0.04 0.01 1/159 3420
i-02e78f7d9ff70836c
InService
Healthy
{}
[2022-04-04T00:11:03]==============================[SCALING RUN 1: CHUNK 3]==============================
00:11:03 I logger.go:127> Log level is now 4 Error (was 2 Info)
Fortio 1.19.0 running at -1 queries per second, 2->2 procs, for 1m0s: http://asg-1-lb-835003499.us-east-1.elb.amazonaws.com:3000/?n=80000
Aggregated Function Time : count 35453 avg 0.016925408 +/- 0.005657 min 0.002636242 max 0.258102803 sum 600.05648
# target 50% 0.0159653
# target 75% 0.0189868
# target 90% 0.025369
# target 99% 0.0380128
# target 99.9% 0.0467152
Sockets used: 10 (for perfect keepalive, would be 10)
Jitter: false
Code 200 : 35453 (100.0 %)
All done 35453 calls (plus 10 warmup) 16.925 ms avg, 590.7 qps
Successfully wrote 2796 bytes of Json data to 2022-04-04-001103_asg_taewa_3extra_scaling_1_3.json
fortio exit code: 0
[2022-04-04T00:12:03]==============================[STATS]
jh CPU load avg:
0.03 0.03 0.00 1/159 3437
i-02e78f7d9ff70836c
InService
Healthy
{}
[2022-04-04T00:12:04]==============================[SCALING RUN 1: CHUNK 4]==============================
00:12:04 I logger.go:127> Log level is now 4 Error (was 2 Info)
Fortio 1.19.0 running at -1 queries per second, 2->2 procs, for 1m0s: http://asg-1-lb-835003499.us-east-1.elb.amazonaws.com:3000/?n=80000
Aggregated Function Time : count 35305 avg 0.016996814 +/- 0.006162 min 0.002923362 max 0.252526524 sum 600.072534
# target 50% 0.0160062
# target 75% 0.0190425
# target 90% 0.0256805
# target 99% 0.0384803
# target 99.9% 0.0586547
Sockets used: 10 (for perfect keepalive, would be 10)
Jitter: false
Code 200 : 35305 (100.0 %)
All done 35305 calls (plus 10 warmup) 16.997 ms avg, 588.2 qps
Successfully wrote 3265 bytes of Json data to 2022-04-04-001204_asg_taewa_3extra_scaling_1_4.json
fortio exit code: 0
[2022-04-04T00:13:04]==============================[STATS]
jh CPU load avg:
0.01 0.02 0.00 1/159 3454
i-02e78f7d9ff70836c
InService
Healthy
{}
[2022-04-04T00:13:04]==============================[SCALING RUN 1: CHUNK 5]==============================
00:13:04 I logger.go:127> Log level is now 4 Error (was 2 Info)
Fortio 1.19.0 running at -1 queries per second, 2->2 procs, for 1m0s: http://asg-1-lb-835003499.us-east-1.elb.amazonaws.com:3000/?n=80000
Aggregated Function Time : count 35465 avg 0.016919929 +/- 0.005512 min 0.00268572 max 0.076255941 sum 600.065276
# target 50% 0.0159442
# target 75% 0.0189442
# target 90% 0.0253128
# target 99% 0.0380473
# target 99.9% 0.0467543
Sockets used: 10 (for perfect keepalive, would be 10)
Jitter: false
Code 200 : 35465 (100.0 %)
All done 35465 calls (plus 10 warmup) 16.920 ms avg, 590.9 qps
Successfully wrote 2674 bytes of Json data to 2022-04-04-001304_asg_taewa_3extra_scaling_1_5.json
fortio exit code: 0
[2022-04-04T00:14:04]==============================[STATS]
jh CPU load avg:
0.00 0.02 0.00 1/159 3471
i-02e78f7d9ff70836c
InService
Healthy
{}
[2022-04-04T00:14:05]==============================[SCALING RUN 1: CHUNK 6]==============================
00:14:05 I logger.go:127> Log level is now 4 Error (was 2 Info)
Fortio 1.19.0 running at -1 queries per second, 2->2 procs, for 1m0s: http://asg-1-lb-835003499.us-east-1.elb.amazonaws.com:3000/?n=80000
Aggregated Function Time : count 35791 avg 0.016765583 +/- 0.005748 min 0.002699278 max 0.255939042 sum 600.056976
# target 50% 0.016075
# target 75% 0.0191564
# target 90% 0.0253081
# target 99% 0.0365618
# target 99.9% 0.0398588
Sockets used: 15 (for perfect keepalive, would be 10)
Jitter: false
Code 200 : 35791 (100.0 %)
All done 35791 calls (plus 10 warmup) 16.766 ms avg, 596.4 qps
Successfully wrote 2673 bytes of Json data to 2022-04-04-001405_asg_taewa_3extra_scaling_1_6.json
fortio exit code: 0
[2022-04-04T00:15:05]==============================[STATS]
jh CPU load avg:
0.00 0.01 0.00 1/159 3536
i-02e78f7d9ff70836c
InService
Healthy
{}
i-065e513a1a6bb12a9
InService
Healthy
{}
[2022-04-04T00:15:06]==============================[SCALING RUN 1: CHUNK 7]==============================
00:15:06 I logger.go:127> Log level is now 4 Error (was 2 Info)
Fortio 1.19.0 running at -1 queries per second, 2->2 procs, for 1m0s: http://asg-1-lb-835003499.us-east-1.elb.amazonaws.com:3000/?n=80000
Aggregated Function Time : count 70376 avg 0.008525685 +/- 0.003215 min 0.002495435 max 0.220972305 sum 600.003606
# target 50% 0.00760769
# target 75% 0.0106066
# target 90% 0.0162836
# target 99% 0.0196898
# target 99.9% 0.0253928
Sockets used: 10 (for perfect keepalive, would be 10)
Jitter: false
Code 200 : 70376 (100.0 %)
All done 70376 calls (plus 10 warmup) 8.526 ms avg, 1172.8 qps
Successfully wrote 2441 bytes of Json data to 2022-04-04-001506_asg_taewa_3extra_scaling_1_7.json
fortio exit code: 0
[2022-04-04T00:16:06]==============================[STATS]
jh CPU load avg:
0.03 0.02 0.00 1/159 3555
i-02e78f7d9ff70836c
InService
Healthy
{}
i-065e513a1a6bb12a9
InService
Healthy
{}
[2022-04-04T00:16:07]==============================[SCALING RUN 1: CHUNK 8]==============================
00:16:07 I logger.go:127> Log level is now 4 Error (was 2 Info)
Fortio 1.19.0 running at -1 queries per second, 2->2 procs, for 1m0s: http://asg-1-lb-835003499.us-east-1.elb.amazonaws.com:3000/?n=80000
Aggregated Function Time : count 71071 avg 0.0084424613 +/- 0.003216 min 0.002457702 max 0.225997451 sum 600.01417
# target 50% 0.00757321
# target 75% 0.0104893
# target 90% 0.0162196
# target 99% 0.0196578
# target 99.9% 0.0204125
Sockets used: 10 (for perfect keepalive, would be 10)
Jitter: false
Code 200 : 71071 (100.0 %)
All done 71071 calls (plus 10 warmup) 8.442 ms avg, 1184.4 qps
Successfully wrote 2320 bytes of Json data to 2022-04-04-001607_asg_taewa_3extra_scaling_1_8.json
fortio exit code: 0
[2022-04-04T00:17:07]==============================[STATS]
jh CPU load avg:
0.01 0.02 0.00 1/161 3574
i-02e78f7d9ff70836c
InService
Healthy
{}
i-065e513a1a6bb12a9
InService
Healthy
{}
[2022-04-04T00:17:07]==============================[SCALING RUN 1: CHUNK 9]==============================
00:17:07 I logger.go:127> Log level is now 4 Error (was 2 Info)
Fortio 1.19.0 running at -1 queries per second, 2->2 procs, for 1m0s: http://asg-1-lb-835003499.us-east-1.elb.amazonaws.com:3000/?n=80000
Aggregated Function Time : count 70657 avg 0.0084918239 +/- 0.003183 min 0.002518571 max 0.213745113 sum 600.0068
# target 50% 0.00759502
# target 75% 0.0105032
# target 90% 0.0162514
# target 99% 0.0197003
# target 99.9% 0.0261736
Sockets used: 10 (for perfect keepalive, would be 10)
Jitter: false
Code 200 : 70657 (100.0 %)
All done 70657 calls (plus 10 warmup) 8.492 ms avg, 1177.5 qps
Successfully wrote 2440 bytes of Json data to 2022-04-04-001707_asg_taewa_3extra_scaling_1_9.json
fortio exit code: 0
[2022-04-04T00:18:07]==============================[STATS]
jh CPU load avg:
0.05 0.03 0.00 1/159 3591
i-02e78f7d9ff70836c
InService
Healthy
{}
i-065e513a1a6bb12a9
InService
Healthy
{}
[2022-04-04T00:18:08]==============================[SCALING RUN 1: CHUNK 10]==============================
00:18:08 I logger.go:127> Log level is now 4 Error (was 2 Info)
Fortio 1.19.0 running at -1 queries per second, 2->2 procs, for 1m0s: http://asg-1-lb-835003499.us-east-1.elb.amazonaws.com:3000/?n=80000
Aggregated Function Time : count 71181 avg 0.0084293185 +/- 0.003192 min 0.002489695 max 0.22727285 sum 600.007317
# target 50% 0.00756417
# target 75% 0.0103856
# target 90% 0.0161705
# target 99% 0.0196414
# target 99.9% 0.0199885
Sockets used: 10 (for perfect keepalive, would be 10)
Jitter: false
Code 200 : 71181 (100.0 %)
All done 71181 calls (plus 10 warmup) 8.429 ms avg, 1186.2 qps
Successfully wrote 2202 bytes of Json data to 2022-04-04-001808_asg_taewa_3extra_scaling_1_10.json
fortio exit code: 0
[2022-04-04T00:19:08]==============================[STATS]
jh CPU load avg:
0.02 0.02 0.00 1/159 3608
i-02e78f7d9ff70836c
InService
Healthy
{}
i-065e513a1a6bb12a9
InService
Healthy
{}
[2022-04-04T00:19:09]==============================[SCALING RUN 1: CHUNK 11]==============================
00:19:09 I logger.go:127> Log level is now 4 Error (was 2 Info)
Fortio 1.19.0 running at -1 queries per second, 2->2 procs, for 1m0s: http://asg-1-lb-835003499.us-east-1.elb.amazonaws.com:3000/?n=80000
Aggregated Function Time : count 70025 avg 0.0085684737 +/- 0.003357 min 0.002498822 max 0.071633887 sum 600.007372
# target 50% 0.00763007
# target 75% 0.0107227
# target 90% 0.0164053
# target 99% 0.0198148
# target 99.9% 0.0343388
Sockets used: 10 (for perfect keepalive, would be 10)
Jitter: false
Code 200 : 70025 (100.0 %)
All done 70025 calls (plus 10 warmup) 8.568 ms avg, 1166.9 qps
Successfully wrote 2677 bytes of Json data to 2022-04-04-001909_asg_taewa_3extra_scaling_1_11.json
fortio exit code: 0
[2022-04-04T00:20:09]==============================[STATS]
jh CPU load avg:
0.00 0.02 0.00 1/160 3631
i-02e78f7d9ff70836c
InService
Healthy
{}
i-03fdc06b920be3eba
Pending
Healthy
{}
i-065e513a1a6bb12a9
InService
Healthy
{}
[2022-04-04T00:20:09]==============================[SCALING RUN 1: CHUNK 12]==============================
00:20:09 I logger.go:127> Log level is now 4 Error (was 2 Info)
Fortio 1.19.0 running at -1 queries per second, 2->2 procs, for 1m0s: http://asg-1-lb-835003499.us-east-1.elb.amazonaws.com:3000/?n=80000
Aggregated Function Time : count 70588 avg 0.008500258 +/- 0.003222 min 0.002513424 max 0.220985197 sum 600.01621
# target 50% 0.00760003
# target 75% 0.0105384
# target 90% 0.0162673
# target 99% 0.0197046
# target 99.9% 0.0267227
Sockets used: 10 (for perfect keepalive, would be 10)
Jitter: false
Code 200 : 70588 (100.0 %)
All done 70588 calls (plus 10 warmup) 8.500 ms avg, 1176.3 qps
Successfully wrote 2561 bytes of Json data to 2022-04-04-002009_asg_taewa_3extra_scaling_1_12.json
fortio exit code: 0
[2022-04-04T00:21:09]==============================[STATS]
jh CPU load avg:
0.19 0.06 0.01 1/160 3650
i-02e78f7d9ff70836c
InService
Healthy
{}
i-03fdc06b920be3eba
InService
Healthy
{}
i-065e513a1a6bb12a9
InService
Healthy
{}
[2022-04-04T00:21:10]==============================[SCALING RUN 1: CHUNK 13]==============================
00:21:10 I logger.go:127> Log level is now 4 Error (was 2 Info)
Fortio 1.19.0 running at -1 queries per second, 2->2 procs, for 1m0s: http://asg-1-lb-835003499.us-east-1.elb.amazonaws.com:3000/?n=80000
Aggregated Function Time : count 102694 avg 0.0058425458 +/- 0.003035 min 0.002407311 max 0.044866097 sum 599.994403
# target 50% 0.00661036
# target 75% 0.00871193
# target 90% 0.00997287
# target 99% 0.0190698
# target 99.9% 0.021158
Sockets used: 10 (for perfect keepalive, would be 10)
Jitter: false
Code 200 : 102694 (100.0 %)
All done 102694 calls (plus 10 warmup) 5.843 ms avg, 1711.3 qps
Successfully wrote 2331 bytes of Json data to 2022-04-04-002110_asg_taewa_3extra_scaling_1_13.json
fortio exit code: 0
[2022-04-04T00:22:10]==============================[STATS]
jh CPU load avg:
0.21 0.09 0.03 1/160 3667
i-02e78f7d9ff70836c
InService
Healthy
{}
i-03fdc06b920be3eba
InService
Healthy
{}
i-065e513a1a6bb12a9
InService
Healthy
{}
[2022-04-04T00:22:11]==============================[SCALING RUN 1: CHUNK 14]==============================
00:22:11 I logger.go:127> Log level is now 4 Error (was 2 Info)
Fortio 1.19.0 running at -1 queries per second, 2->2 procs, for 1m0s: http://asg-1-lb-835003499.us-east-1.elb.amazonaws.com:3000/?n=80000
Aggregated Function Time : count 103336 avg 0.0058061843 +/- 0.002921 min 0.002436611 max 0.02770077 sum 599.98786
# target 50% 0.00660931
# target 75% 0.0086957
# target 90% 0.00994754
# target 99% 0.0189542
# target 99.9% 0.0199168
Sockets used: 10 (for perfect keepalive, would be 10)
Jitter: false
Code 200 : 103336 (100.0 %)
All done 103336 calls (plus 10 warmup) 5.806 ms avg, 1722.1 qps
Successfully wrote 2091 bytes of Json data to 2022-04-04-002211_asg_taewa_3extra_scaling_1_14.json
fortio exit code: 0
[2022-04-04T00:23:11]==============================[STATS]
jh CPU load avg:
0.11 0.09 0.03 1/160 3684
i-02e78f7d9ff70836c
InService
Healthy
{}
i-03fdc06b920be3eba
InService
Healthy
{}
i-065e513a1a6bb12a9
InService
Healthy
{}
[2022-04-04T00:23:11]==============================[SCALING RUN 2: INIT]==============================
{
    "Alarms": [
        {
            "AlarmName": "TargetTracking-asg-1-myASG-AlarmHigh-5021f3fa-8dbd-4752-ab5d-7d0b8f3c5022", 
            "AlarmARN": "arn:aws:cloudwatch:us-east-1:332941323401:alarm:TargetTracking-asg-1-myASG-AlarmHigh-5021f3fa-8dbd-4752-ab5d-7d0b8f3c5022"
        }, 
        {
            "AlarmName": "TargetTracking-asg-1-myASG-AlarmLow-de8108af-fa0a-499f-b977-2ff2ad50321f", 
            "AlarmARN": "arn:aws:cloudwatch:us-east-1:332941323401:alarm:TargetTracking-asg-1-myASG-AlarmLow-de8108af-fa0a-499f-b977-2ff2ad50321f"
        }
    ], 
    "PolicyARN": "arn:aws:autoscaling:us-east-1:332941323401:scalingPolicy:6058c944-f796-4920-8d62-2a102fcaa337:autoScalingGroupName/asg-1-myASG:policyName/asg-1-AppServerSP-NTWSD7LDVHAN"
}
scaling to 1
[2022-04-04T00:23:13]==============================[SCALING RUN 2: ENABLE SCALING - SLEEP]==============================
{
    "Alarms": [
        {
            "AlarmName": "TargetTracking-asg-1-myASG-AlarmHigh-8c4b0b64-edd4-4b40-a00f-3e6c47050611", 
            "AlarmARN": "arn:aws:cloudwatch:us-east-1:332941323401:alarm:TargetTracking-asg-1-myASG-AlarmHigh-8c4b0b64-edd4-4b40-a00f-3e6c47050611"
        }, 
        {
            "AlarmName": "TargetTracking-asg-1-myASG-AlarmLow-5f39e232-3b5d-4660-8c54-5870e122481a", 
            "AlarmARN": "arn:aws:cloudwatch:us-east-1:332941323401:alarm:TargetTracking-asg-1-myASG-AlarmLow-5f39e232-3b5d-4660-8c54-5870e122481a"
        }
    ], 
    "PolicyARN": "arn:aws:autoscaling:us-east-1:332941323401:scalingPolicy:6058c944-f796-4920-8d62-2a102fcaa337:autoScalingGroupName/asg-1-myASG:policyName/asg-1-AppServerSP-NTWSD7LDVHAN"
}
[2022-04-04T00:26:14]==============================[SCALING RUN 2: FORTIO]==============================
[2022-04-04T00:26:14]==============================[STATS]
jh CPU load avg:
0.01 0.05 0.01 1/158 3712
i-03fdc06b920be3eba
InService
Healthy
{}
[2022-04-04T00:26:15]==============================[SCALING RUN 2: CHUNK 1]==============================
00:26:15 I logger.go:127> Log level is now 4 Error (was 2 Info)
Fortio 1.19.0 running at -1 queries per second, 2->2 procs, for 1m0s: http://asg-1-lb-835003499.us-east-1.elb.amazonaws.com:3000/?n=80000
Aggregated Function Time : count 34369 avg 0.017459483 +/- 0.005662 min 0.002787338 max 0.223947837 sum 600.064985
# target 50% 0.0160322
# target 75% 0.0190747
# target 90% 0.0266339
# target 99% 0.0384662
# target 99.9% 0.0399185
Sockets used: 15 (for perfect keepalive, would be 10)
Jitter: false
Code 200 : 34369 (100.0 %)
All done 34369 calls (plus 10 warmup) 17.459 ms avg, 572.7 qps
Successfully wrote 2437 bytes of Json data to 2022-04-04-002615_asg_taewa_3extra_scaling_2_1.json
fortio exit code: 0
[2022-04-04T00:27:15]==============================[STATS]
jh CPU load avg:
0.00 0.04 0.01 1/159 3729
i-03fdc06b920be3eba
InService
Healthy
{}
i-05daf1e9e5284184b
InService
Healthy
{}
[2022-04-04T00:27:16]==============================[SCALING RUN 2: CHUNK 2]==============================
00:27:16 I logger.go:127> Log level is now 4 Error (was 2 Info)
Fortio 1.19.0 running at -1 queries per second, 2->2 procs, for 1m0s: http://asg-1-lb-835003499.us-east-1.elb.amazonaws.com:3000/?n=80000
Aggregated Function Time : count 34456 avg 0.0174156 +/- 0.00617 min 0.002866757 max 0.246904135 sum 600.07193
# target 50% 0.0165825
# target 75% 0.0199183
# target 90% 0.0262617
# target 99% 0.0330615
# target 99.9% 0.0397737
Sockets used: 10 (for perfect keepalive, would be 10)
Jitter: false
Code 200 : 34456 (100.0 %)
All done 34456 calls (plus 10 warmup) 17.416 ms avg, 574.1 qps
Successfully wrote 2554 bytes of Json data to 2022-04-04-002716_asg_taewa_3extra_scaling_2_2.json
fortio exit code: 0
[2022-04-04T00:28:16]==============================[STATS]
jh CPU load avg:
0.04 0.04 0.01 1/159 3746
i-03fdc06b920be3eba
InService
Healthy
{}
i-05daf1e9e5284184b
InService
Healthy
{}
[2022-04-04T00:28:16]==============================[SCALING RUN 2: CHUNK 3]==============================
00:28:16 I logger.go:127> Log level is now 4 Error (was 2 Info)
Fortio 1.19.0 running at -1 queries per second, 2->2 procs, for 1m0s: http://asg-1-lb-835003499.us-east-1.elb.amazonaws.com:3000/?n=80000
Aggregated Function Time : count 69691 avg 0.0086095575 +/- 0.003583 min 0.002459225 max 0.230391471 sum 600.008671
# target 50% 0.00759486
# target 75% 0.0106013
# target 90% 0.0162938
# target 99% 0.0197093
# target 99.9% 0.0276483
Sockets used: 10 (for perfect keepalive, would be 10)
Jitter: false
Code 200 : 69691 (100.0 %)
All done 69691 calls (plus 10 warmup) 8.610 ms avg, 1161.4 qps
Successfully wrote 2796 bytes of Json data to 2022-04-04-002817_asg_taewa_3extra_scaling_2_3.json
fortio exit code: 0
[2022-04-04T00:29:17]==============================[STATS]
jh CPU load avg:
0.09 0.06 0.01 1/159 3763
i-03fdc06b920be3eba
InService
Healthy
{}
i-05daf1e9e5284184b
InService
Healthy
{}
[2022-04-04T00:29:17]==============================[SCALING RUN 2: CHUNK 4]==============================
00:29:17 I logger.go:127> Log level is now 4 Error (was 2 Info)
Fortio 1.19.0 running at -1 queries per second, 2->2 procs, for 1m0s: http://asg-1-lb-835003499.us-east-1.elb.amazonaws.com:3000/?n=80000
Aggregated Function Time : count 69160 avg 0.0086759477 +/- 0.003671 min 0.00245439 max 0.225089605 sum 600.028545
# target 50% 0.0076203
# target 75% 0.0107449
# target 90% 0.0164224
# target 99% 0.0198289
# target 99.9% 0.0382242
Sockets used: 10 (for perfect keepalive, would be 10)
Jitter: false
Code 200 : 69160 (100.0 %)
All done 69160 calls (plus 10 warmup) 8.676 ms avg, 1152.5 qps
Successfully wrote 2676 bytes of Json data to 2022-04-04-002917_asg_taewa_3extra_scaling_2_4.json
fortio exit code: 0
[2022-04-04T00:30:17]==============================[STATS]
jh CPU load avg:
0.03 0.05 0.01 1/161 3787
i-03fdc06b920be3eba
InService
Healthy
{}
i-05daf1e9e5284184b
InService
Healthy
{}
[2022-04-04T00:30:18]==============================[SCALING RUN 2: CHUNK 5]==============================
00:30:18 I logger.go:127> Log level is now 4 Error (was 2 Info)
Fortio 1.19.0 running at -1 queries per second, 2->2 procs, for 1m0s: http://asg-1-lb-835003499.us-east-1.elb.amazonaws.com:3000/?n=80000
Aggregated Function Time : count 70167 avg 0.008551172 +/- 0.00315 min 0.002386465 max 0.226998669 sum 600.010088
# target 50% 0.00755205
# target 75% 0.010498
# target 90% 0.0162184
# target 99% 0.0196507
# target 99.9% 0.0199939
Sockets used: 10 (for perfect keepalive, would be 10)
Jitter: false
Code 200 : 70167 (100.0 %)
All done 70167 calls (plus 10 warmup) 8.551 ms avg, 1169.3 qps
Successfully wrote 2203 bytes of Json data to 2022-04-04-003018_asg_taewa_3extra_scaling_2_5.json
fortio exit code: 0
[2022-04-04T00:31:18]==============================[STATS]
jh CPU load avg:
0.01 0.04 0.00 1/161 3805
i-03fdc06b920be3eba
InService
Healthy
{}
i-05daf1e9e5284184b
InService
Healthy
{}
[2022-04-04T00:31:19]==============================[SCALING RUN 2: CHUNK 6]==============================
00:31:19 I logger.go:127> Log level is now 4 Error (was 2 Info)
Fortio 1.19.0 running at -1 queries per second, 2->2 procs, for 1m0s: http://asg-1-lb-835003499.us-east-1.elb.amazonaws.com:3000/?n=80000
Aggregated Function Time : count 70319 avg 0.0085326294 +/- 0.004079 min 0.002344676 max 0.226115048 sum 600.005965
# target 50% 0.00755349
# target 75% 0.0105744
# target 90% 0.0162566
# target 99% 0.0196659
# target 99.9% 0.0219214
Sockets used: 10 (for perfect keepalive, would be 10)
Jitter: false
Code 200 : 70319 (100.0 %)
All done 70319 calls (plus 10 warmup) 8.533 ms avg, 1171.8 qps
Successfully wrote 2322 bytes of Json data to 2022-04-04-003119_asg_taewa_3extra_scaling_2_6.json
fortio exit code: 0
[2022-04-04T00:32:19]==============================[STATS]
jh CPU load avg:
0.35 0.12 0.03 1/161 3823
i-03fdc06b920be3eba
InService
Healthy
{}
i-05daf1e9e5284184b
InService
Healthy
{}
[2022-04-04T00:32:19]==============================[SCALING RUN 2: CHUNK 7]==============================
00:32:19 I logger.go:127> Log level is now 4 Error (was 2 Info)
Fortio 1.19.0 running at -1 queries per second, 2->2 procs, for 1m0s: http://asg-1-lb-835003499.us-east-1.elb.amazonaws.com:3000/?n=80000
Aggregated Function Time : count 70563 avg 0.0085031307 +/- 0.003011 min 0.002442541 max 0.024592691 sum 600.006409
# target 50% 0.00757134
# target 75% 0.0105042
# target 90% 0.0162159
# target 99% 0.019643
# target 99.9% 0.0199857
Sockets used: 10 (for perfect keepalive, would be 10)
Jitter: false
Code 200 : 70563 (100.0 %)
All done 70563 calls (plus 10 warmup) 8.503 ms avg, 1175.9 qps
Successfully wrote 2086 bytes of Json data to 2022-04-04-003219_asg_taewa_3extra_scaling_2_7.json
fortio exit code: 0
[2022-04-04T00:33:19]==============================[STATS]
jh CPU load avg:
0.17 0.11 0.03 1/161 3840
i-03fdc06b920be3eba
InService
Healthy
{}
i-05daf1e9e5284184b
InService
Healthy
{}
i-0870a98bbac3dd214
InService
Healthy
{}
[2022-04-04T00:33:20]==============================[SCALING RUN 2: CHUNK 8]==============================
00:33:20 I logger.go:127> Log level is now 4 Error (was 2 Info)
Fortio 1.19.0 running at -1 queries per second, 2->2 procs, for 1m0s: http://asg-1-lb-835003499.us-east-1.elb.amazonaws.com:3000/?n=80000
Aggregated Function Time : count 103618 avg 0.0057903495 +/- 0.002969 min 0.002395131 max 0.218689933 sum 599.98443
# target 50% 0.0065907
# target 75% 0.00868852
# target 90% 0.00994722
# target 99% 0.018981
# target 99.9% 0.0199466
Sockets used: 10 (for perfect keepalive, would be 10)
Jitter: false
Code 200 : 103618 (100.0 %)
All done 103618 calls (plus 10 warmup) 5.790 ms avg, 1726.8 qps
Successfully wrote 2208 bytes of Json data to 2022-04-04-003320_asg_taewa_3extra_scaling_2_8.json
fortio exit code: 0
[2022-04-04T00:34:20]==============================[STATS]
jh CPU load avg:
0.41 0.17 0.05 1/161 3857
i-03fdc06b920be3eba
InService
Healthy
{}
i-05daf1e9e5284184b
InService
Healthy
{}
i-0870a98bbac3dd214
InService
Healthy
{}
[2022-04-04T00:34:21]==============================[SCALING RUN 2: CHUNK 9]==============================
00:34:21 I logger.go:127> Log level is now 4 Error (was 2 Info)
Fortio 1.19.0 running at -1 queries per second, 2->2 procs, for 1m0s: http://asg-1-lb-835003499.us-east-1.elb.amazonaws.com:3000/?n=80000
Aggregated Function Time : count 103110 avg 0.0058189158 +/- 0.003299 min 0.002401188 max 0.226914964 sum 599.988406
# target 50% 0.0065987
# target 75% 0.00869749
# target 90% 0.00995677
# target 99% 0.0190186
# target 99.9% 0.0199751
Sockets used: 10 (for perfect keepalive, would be 10)
Jitter: false
Code 200 : 103110 (100.0 %)
All done 103110 calls (plus 10 warmup) 5.819 ms avg, 1718.3 qps
Successfully wrote 2329 bytes of Json data to 2022-04-04-003421_asg_taewa_3extra_scaling_2_9.json
fortio exit code: 0
[2022-04-04T00:35:21]==============================[STATS]
jh CPU load avg:
0.29 0.17 0.06 1/159 3875
i-03fdc06b920be3eba
InService
Healthy
{}
i-05daf1e9e5284184b
InService
Healthy
{}
i-0870a98bbac3dd214
InService
Healthy
{}
[2022-04-04T00:35:21]==============================[SCALING RUN 2: CHUNK 10]==============================
00:35:21 I logger.go:127> Log level is now 4 Error (was 2 Info)
Fortio 1.19.0 running at -1 queries per second, 2->2 procs, for 1m0s: http://asg-1-lb-835003499.us-east-1.elb.amazonaws.com:3000/?n=80000
Aggregated Function Time : count 102982 avg 0.0058262058 +/- 0.003063 min 0.002424965 max 0.218907922 sum 599.994325
# target 50% 0.00660706
# target 75% 0.00869814
# target 90% 0.00995279
# target 99% 0.0190051
# target 99.9% 0.0199658
Sockets used: 10 (for perfect keepalive, would be 10)
Jitter: false
Code 200 : 102982 (100.0 %)
All done 102982 calls (plus 10 warmup) 5.826 ms avg, 1716.1 qps
Successfully wrote 2564 bytes of Json data to 2022-04-04-003521_asg_taewa_3extra_scaling_2_10.json
fortio exit code: 0
[2022-04-04T00:36:21]==============================[STATS]
jh CPU load avg:
0.10 0.13 0.05 1/159 3897
i-03fdc06b920be3eba
InService
Healthy
{}
i-05daf1e9e5284184b
InService
Healthy
{}
i-0870a98bbac3dd214
InService
Healthy
{}
[2022-04-04T00:36:22]==============================[SCALING RUN 2: CHUNK 11]==============================
00:36:22 I logger.go:127> Log level is now 4 Error (was 2 Info)
Fortio 1.19.0 running at -1 queries per second, 2->2 procs, for 1m0s: http://asg-1-lb-835003499.us-east-1.elb.amazonaws.com:3000/?n=80000
Aggregated Function Time : count 103357 avg 0.005804997 +/- 0.002965 min 0.002424291 max 0.210282221 sum 599.987079
# target 50% 0.00660415
# target 75% 0.00869412
# target 90% 0.0099481
# target 99% 0.0189662
# target 99.9% 0.0199292
Sockets used: 10 (for perfect keepalive, would be 10)
Jitter: false
Code 200 : 103357 (100.0 %)
All done 103357 calls (plus 10 warmup) 5.805 ms avg, 1722.4 qps
Successfully wrote 2327 bytes of Json data to 2022-04-04-003622_asg_taewa_3extra_scaling_2_11.json
fortio exit code: 0
[2022-04-04T00:37:22]==============================[STATS]
jh CPU load avg:
0.06 0.12 0.05 1/159 3915
i-03fdc06b920be3eba
InService
Healthy
{}
i-05daf1e9e5284184b
InService
Healthy
{}
i-0870a98bbac3dd214
InService
Healthy
{}
[2022-04-04T00:37:23]==============================[SCALING RUN 2: CHUNK 12]==============================
00:37:23 I logger.go:127> Log level is now 4 Error (was 2 Info)
Fortio 1.19.0 running at -1 queries per second, 2->2 procs, for 1m0s: http://asg-1-lb-835003499.us-east-1.elb.amazonaws.com:3000/?n=80000
Aggregated Function Time : count 103582 avg 0.0057923794 +/- 0.003134 min 0.002407607 max 0.22069784 sum 599.986246
# target 50% 0.00659452
# target 75% 0.00868802
# target 90% 0.00994412
# target 99% 0.0189946
# target 99.9% 0.019966
Sockets used: 10 (for perfect keepalive, would be 10)
Jitter: false
Code 200 : 103582 (100.0 %)
All done 103582 calls (plus 10 warmup) 5.792 ms avg, 1726.2 qps
Successfully wrote 2558 bytes of Json data to 2022-04-04-003723_asg_taewa_3extra_scaling_2_12.json
fortio exit code: 0
[2022-04-04T00:38:23]==============================[STATS]
jh CPU load avg:
0.02 0.10 0.05 1/159 3932
i-03fdc06b920be3eba
InService
Healthy
{}
i-05daf1e9e5284184b
InService
Healthy
{}
i-0870a98bbac3dd214
InService
Healthy
{}
[2022-04-04T00:38:24]==============================[SCALING RUN 2: CHUNK 13]==============================
00:38:24 I logger.go:127> Log level is now 4 Error (was 2 Info)
Fortio 1.19.0 running at -1 queries per second, 2->2 procs, for 1m0s: http://asg-1-lb-835003499.us-east-1.elb.amazonaws.com:3000/?n=80000
Aggregated Function Time : count 103229 avg 0.0058122692 +/- 0.00309 min 0.002466017 max 0.053126526 sum 599.994739
# target 50% 0.00663323
# target 75% 0.00871688
# target 90% 0.00996707
# target 99% 0.0191405
# target 99.9% 0.0273835
Sockets used: 10 (for perfect keepalive, would be 10)
Jitter: false
Code 200 : 103229 (100.0 %)
All done 103229 calls (plus 10 warmup) 5.812 ms avg, 1720.2 qps
Successfully wrote 2450 bytes of Json data to 2022-04-04-003824_asg_taewa_3extra_scaling_2_13.json
fortio exit code: 0
[2022-04-04T00:39:24]==============================[STATS]
jh CPU load avg:
0.01 0.08 0.04 1/159 3949
i-03fdc06b920be3eba
InService
Healthy
{}
i-05daf1e9e5284184b
InService
Healthy
{}
i-0870a98bbac3dd214
InService
Healthy
{}
[2022-04-04T00:39:24]==============================[SCALING RUN 2: CHUNK 14]==============================
00:39:24 I logger.go:127> Log level is now 4 Error (was 2 Info)
Fortio 1.19.0 running at -1 queries per second, 2->2 procs, for 1m0s: http://asg-1-lb-835003499.us-east-1.elb.amazonaws.com:3000/?n=80000
Aggregated Function Time : count 103431 avg 0.0058008909 +/- 0.003006 min 0.002390652 max 0.228794028 sum 599.991944
# target 50% 0.00659248
# target 75% 0.00869343
# target 90% 0.009954
# target 99% 0.0190233
# target 99.9% 0.0199841
Sockets used: 10 (for perfect keepalive, would be 10)
Jitter: false
Code 200 : 103431 (100.0 %)
All done 103431 calls (plus 10 warmup) 5.801 ms avg, 1723.6 qps
Successfully wrote 2328 bytes of Json data to 2022-04-04-003924_asg_taewa_3extra_scaling_2_14.json
fortio exit code: 0
[2022-04-04T00:40:24]==============================[STATS]
jh CPU load avg:
0.06 0.09 0.04 1/160 3973
i-03fdc06b920be3eba
InService
Healthy
{}
i-05daf1e9e5284184b
InService
Healthy
{}
i-0870a98bbac3dd214
InService
Healthy
{}
[2022-04-04T00:40:25]==============================[SCALING RUN 3: INIT]==============================
{
    "Alarms": [
        {
            "AlarmName": "TargetTracking-asg-1-myASG-AlarmHigh-5aa52230-894f-4667-ae92-4cb916c74dbb", 
            "AlarmARN": "arn:aws:cloudwatch:us-east-1:332941323401:alarm:TargetTracking-asg-1-myASG-AlarmHigh-5aa52230-894f-4667-ae92-4cb916c74dbb"
        }, 
        {
            "AlarmName": "TargetTracking-asg-1-myASG-AlarmLow-2ef33408-0b06-4923-abfb-d7901698d2db", 
            "AlarmARN": "arn:aws:cloudwatch:us-east-1:332941323401:alarm:TargetTracking-asg-1-myASG-AlarmLow-2ef33408-0b06-4923-abfb-d7901698d2db"
        }
    ], 
    "PolicyARN": "arn:aws:autoscaling:us-east-1:332941323401:scalingPolicy:6058c944-f796-4920-8d62-2a102fcaa337:autoScalingGroupName/asg-1-myASG:policyName/asg-1-AppServerSP-NTWSD7LDVHAN"
}
scaling to 1
[2022-04-04T00:40:27]==============================[SCALING RUN 3: ENABLE SCALING - SLEEP]==============================
{
    "Alarms": [
        {
            "AlarmName": "TargetTracking-asg-1-myASG-AlarmHigh-c32efe0a-167e-4652-a120-09c8d9563b4a", 
            "AlarmARN": "arn:aws:cloudwatch:us-east-1:332941323401:alarm:TargetTracking-asg-1-myASG-AlarmHigh-c32efe0a-167e-4652-a120-09c8d9563b4a"
        }, 
        {
            "AlarmName": "TargetTracking-asg-1-myASG-AlarmLow-91da9561-8938-4817-a1fe-5dd1605ce1f8", 
            "AlarmARN": "arn:aws:cloudwatch:us-east-1:332941323401:alarm:TargetTracking-asg-1-myASG-AlarmLow-91da9561-8938-4817-a1fe-5dd1605ce1f8"
        }
    ], 
    "PolicyARN": "arn:aws:autoscaling:us-east-1:332941323401:scalingPolicy:6058c944-f796-4920-8d62-2a102fcaa337:autoScalingGroupName/asg-1-myASG:policyName/asg-1-AppServerSP-NTWSD7LDVHAN"
}
[2022-04-04T00:43:28]==============================[SCALING RUN 3: FORTIO]==============================
[2022-04-04T00:43:28]==============================[STATS]
jh CPU load avg:
0.06 0.06 0.03 1/160 4005
i-0870a98bbac3dd214
InService
Healthy
{}
[2022-04-04T00:43:29]==============================[SCALING RUN 3: CHUNK 1]==============================
00:43:29 I logger.go:127> Log level is now 4 Error (was 2 Info)
Fortio 1.19.0 running at -1 queries per second, 2->2 procs, for 1m0s: http://asg-1-lb-835003499.us-east-1.elb.amazonaws.com:3000/?n=80000
Aggregated Function Time : count 35180 avg 0.017056973 +/- 0.005392 min 0.00340441 max 0.219133691 sum 600.064301
# target 50% 0.0159002
# target 75% 0.0188738
# target 90% 0.0261621
# target 99% 0.0385861
# target 99.9% 0.0399772
Sockets used: 10 (for perfect keepalive, would be 10)
Jitter: false
Code 200 : 35180 (100.0 %)
All done 35180 calls (plus 10 warmup) 17.057 ms avg, 586.2 qps
Successfully wrote 2557 bytes of Json data to 2022-04-04-004329_asg_taewa_3extra_scaling_3_1.json
fortio exit code: 0
[2022-04-04T00:44:29]==============================[STATS]
jh CPU load avg:
0.18 0.09 0.04 1/160 4069
i-0870a98bbac3dd214
InService
Healthy
{}
[2022-04-04T00:44:30]==============================[SCALING RUN 3: CHUNK 2]==============================
00:44:30 I logger.go:127> Log level is now 4 Error (was 2 Info)
Fortio 1.19.0 running at -1 queries per second, 2->2 procs, for 1m0s: http://asg-1-lb-835003499.us-east-1.elb.amazonaws.com:3000/?n=80000
Aggregated Function Time : count 35369 avg 0.016965679 +/- 0.005188 min 0.002861258 max 0.043887255 sum 600.059085
# target 50% 0.0158568
# target 75% 0.0188116
# target 90% 0.0260733
# target 99% 0.0385406
# target 99.9% 0.0398653
Sockets used: 10 (for perfect keepalive, would be 10)
Jitter: false
Code 200 : 35369 (100.0 %)
All done 35369 calls (plus 10 warmup) 16.966 ms avg, 589.3 qps
Successfully wrote 2319 bytes of Json data to 2022-04-04-004430_asg_taewa_3extra_scaling_3_2.json
fortio exit code: 0
[2022-04-04T00:45:30]==============================[STATS]
jh CPU load avg:
0.07 0.07 0.04 1/159 4087
i-0870a98bbac3dd214
InService
Healthy
{}
[2022-04-04T00:45:31]==============================[SCALING RUN 3: CHUNK 3]==============================
00:45:31 I logger.go:127> Log level is now 4 Error (was 2 Info)
Fortio 1.19.0 running at -1 queries per second, 2->2 procs, for 1m0s: http://asg-1-lb-835003499.us-east-1.elb.amazonaws.com:3000/?n=80000
Aggregated Function Time : count 35341 avg 0.016978997 +/- 0.005279 min 0.002772333 max 0.21954515 sum 600.054733
# target 50% 0.015841
# target 75% 0.0187827
# target 90% 0.0259555
# target 99% 0.0385555
# target 99.9% 0.0398742
Sockets used: 10 (for perfect keepalive, would be 10)
Jitter: false
Code 200 : 35341 (100.0 %)
All done 35341 calls (plus 10 warmup) 16.979 ms avg, 588.9 qps
Successfully wrote 2435 bytes of Json data to 2022-04-04-004531_asg_taewa_3extra_scaling_3_3.json
fortio exit code: 0
[2022-04-04T00:46:31]==============================[STATS]
jh CPU load avg:
0.63 0.20 0.08 1/166 24495
i-0870a98bbac3dd214
InService
Healthy
{}
[2022-04-04T00:46:32]==============================[SCALING RUN 3: CHUNK 4]==============================
00:46:32 I logger.go:127> Log level is now 4 Error (was 2 Info)
Fortio 1.19.0 running at -1 queries per second, 2->2 procs, for 1m0s: http://asg-1-lb-835003499.us-east-1.elb.amazonaws.com:3000/?n=80000
Aggregated Function Time : count 35465 avg 0.016919967 +/- 0.00539 min 0.002892535 max 0.244596332 sum 600.066637
# target 50% 0.0159156
# target 75% 0.0188945
# target 90% 0.0257008
# target 99% 0.0382449
# target 99.9% 0.039829
Sockets used: 10 (for perfect keepalive, would be 10)
Jitter: false
Code 200 : 35465 (100.0 %)
All done 35465 calls (plus 10 warmup) 16.920 ms avg, 590.9 qps
Successfully wrote 2321 bytes of Json data to 2022-04-04-004632_asg_taewa_3extra_scaling_3_4.json
fortio exit code: 0
[2022-04-04T00:47:32]==============================[STATS]
jh CPU load avg:
0.44 0.25 0.11 1/159 1210
i-0870a98bbac3dd214
InService
Healthy
{}
[2022-04-04T00:47:32]==============================[SCALING RUN 3: CHUNK 5]==============================
00:47:32 I logger.go:127> Log level is now 4 Error (was 2 Info)
Fortio 1.19.0 running at -1 queries per second, 2->2 procs, for 1m0s: http://asg-1-lb-835003499.us-east-1.elb.amazonaws.com:3000/?n=80000
Aggregated Function Time : count 35349 avg 0.016975571 +/- 0.005728 min 0.002831374 max 0.248544758 sum 600.069461
# target 50% 0.0160988
# target 75% 0.0191982
# target 90% 0.0260322
# target 99% 0.0378887
# target 99.9% 0.0399845
Sockets used: 14 (for perfect keepalive, would be 10)
Jitter: false
Code 200 : 35349 (100.0 %)
All done 35349 calls (plus 10 warmup) 16.976 ms avg, 589.0 qps
Successfully wrote 2796 bytes of Json data to 2022-04-04-004732_asg_taewa_3extra_scaling_3_5.json
fortio exit code: 0
[2022-04-04T00:48:33]==============================[STATS]
jh CPU load avg:
0.21 0.23 0.11 1/158 1227
i-0870a98bbac3dd214
InService
Healthy
{}
i-0d64214f3cfd294b3
InService
Healthy
{}
[2022-04-04T00:48:33]==============================[SCALING RUN 3: CHUNK 6]==============================
00:48:33 I logger.go:127> Log level is now 4 Error (was 2 Info)
Fortio 1.19.0 running at -1 queries per second, 2->2 procs, for 1m0s: http://asg-1-lb-835003499.us-east-1.elb.amazonaws.com:3000/?n=80000
Aggregated Function Time : count 35337 avg 0.016981157 +/- 0.005153 min 0.002803156 max 0.252216282 sum 600.063128
# target 50% 0.0157318
# target 75% 0.0186311
# target 90% 0.0278206
# target 99% 0.0389078
# target 99.9% 0.0398964
Sockets used: 10 (for perfect keepalive, would be 10)
Jitter: false
Code 200 : 35337 (100.0 %)
All done 35337 calls (plus 10 warmup) 16.981 ms avg, 588.8 qps
Successfully wrote 2436 bytes of Json data to 2022-04-04-004833_asg_taewa_3extra_scaling_3_6.json
fortio exit code: 0
[2022-04-04T00:49:33]==============================[STATS]
jh CPU load avg:
0.17 0.21 0.11 1/159 1244
i-0870a98bbac3dd214
InService
Healthy
{}
i-0d64214f3cfd294b3
InService
Healthy
{}
[2022-04-04T00:49:34]==============================[SCALING RUN 3: CHUNK 7]==============================
00:49:34 I logger.go:127> Log level is now 4 Error (was 2 Info)
Fortio 1.19.0 running at -1 queries per second, 2->2 procs, for 1m0s: http://asg-1-lb-835003499.us-east-1.elb.amazonaws.com:3000/?n=80000
Aggregated Function Time : count 70203 avg 0.0085467329 +/- 0.003302 min 0.002481009 max 0.221694927 sum 600.006291
# target 50% 0.0076014
# target 75% 0.0105978
# target 90% 0.0162783
# target 99% 0.0196866
# target 99.9% 0.0254039
Sockets used: 10 (for perfect keepalive, would be 10)
Jitter: false
Code 200 : 70203 (100.0 %)
All done 70203 calls (plus 10 warmup) 8.547 ms avg, 1169.9 qps
Successfully wrote 2439 bytes of Json data to 2022-04-04-004934_asg_taewa_3extra_scaling_3_7.json
fortio exit code: 0
[2022-04-04T00:50:34]==============================[STATS]
jh CPU load avg:
0.09 0.19 0.10 1/160 1270
i-0870a98bbac3dd214
InService
Healthy
{}
i-0d64214f3cfd294b3
InService
Healthy
{}
[2022-04-04T00:50:35]==============================[SCALING RUN 3: CHUNK 8]==============================
00:50:35 I logger.go:127> Log level is now 4 Error (was 2 Info)
Fortio 1.19.0 running at -1 queries per second, 2->2 procs, for 1m0s: http://asg-1-lb-835003499.us-east-1.elb.amazonaws.com:3000/?n=80000
Aggregated Function Time : count 70717 avg 0.0084846241 +/- 0.003207 min 0.002420887 max 0.212428084 sum 600.007164
# target 50% 0.0075668
# target 75% 0.0105171
# target 90% 0.0162262
# target 99% 0.0196517
# target 99.9% 0.0199942
Sockets used: 10 (for perfect keepalive, would be 10)
Jitter: false
Code 200 : 70717 (100.0 %)
All done 70717 calls (plus 10 warmup) 8.485 ms avg, 1178.5 qps
Successfully wrote 2201 bytes of Json data to 2022-04-04-005035_asg_taewa_3extra_scaling_3_8.json
fortio exit code: 0
[2022-04-04T00:51:35]==============================[STATS]
jh CPU load avg:
0.06 0.16 0.09 1/160 1287
i-0870a98bbac3dd214
InService
Healthy
{}
i-0d64214f3cfd294b3
InService
Healthy
{}
[2022-04-04T00:51:35]==============================[SCALING RUN 3: CHUNK 9]==============================
00:51:35 I logger.go:127> Log level is now 4 Error (was 2 Info)
Fortio 1.19.0 running at -1 queries per second, 2->2 procs, for 1m0s: http://asg-1-lb-835003499.us-east-1.elb.amazonaws.com:3000/?n=80000
Aggregated Function Time : count 70542 avg 0.0085057357 +/- 0.003481 min 0.002553807 max 0.043200768 sum 600.01161
# target 50% 0.00752132
# target 75% 0.0100209
# target 90% 0.0160715
# target 99% 0.0197018
# target 99.9% 0.026674
Sockets used: 10 (for perfect keepalive, would be 10)
Jitter: false
Code 200 : 70542 (100.0 %)
All done 70542 calls (plus 10 warmup) 8.506 ms avg, 1175.5 qps
Successfully wrote 2318 bytes of Json data to 2022-04-04-005135_asg_taewa_3extra_scaling_3_9.json
fortio exit code: 0
[2022-04-04T00:52:35]==============================[STATS]
jh CPU load avg:
0.02 0.13 0.09 1/160 1304
i-0870a98bbac3dd214
InService
Healthy
{}
i-0d64214f3cfd294b3
InService
Healthy
{}
[2022-04-04T00:52:36]==============================[SCALING RUN 3: CHUNK 10]==============================
00:52:36 I logger.go:127> Log level is now 4 Error (was 2 Info)
Fortio 1.19.0 running at -1 queries per second, 2->2 procs, for 1m0s: http://asg-1-lb-835003499.us-east-1.elb.amazonaws.com:3000/?n=80000
Aggregated Function Time : count 70582 avg 0.008500803 +/- 0.003522 min 0.002497825 max 0.23120556 sum 600.003681
# target 50% 0.00758989
# target 75% 0.0105096
# target 90% 0.016234
# target 99% 0.0196687
# target 99.9% 0.0228023
Sockets used: 10 (for perfect keepalive, would be 10)
Jitter: false
Code 200 : 70582 (100.0 %)
All done 70582 calls (plus 10 warmup) 8.501 ms avg, 1176.2 qps
Successfully wrote 2441 bytes of Json data to 2022-04-04-005236_asg_taewa_3extra_scaling_3_10.json
fortio exit code: 0
[2022-04-04T00:53:36]==============================[STATS]
jh CPU load avg:
0.06 0.12 0.09 1/160 1321
i-0870a98bbac3dd214
InService
Healthy
{}
i-0d64214f3cfd294b3
InService
Healthy
{}
[2022-04-04T00:53:37]==============================[SCALING RUN 3: CHUNK 11]==============================
00:53:37 I logger.go:127> Log level is now 4 Error (was 2 Info)
Fortio 1.19.0 running at -1 queries per second, 2->2 procs, for 1m0s: http://asg-1-lb-835003499.us-east-1.elb.amazonaws.com:3000/?n=80000
Aggregated Function Time : count 70663 avg 0.008491171 +/- 0.003321 min 0.002474193 max 0.217968366 sum 600.011619
# target 50% 0.00757531
# target 75% 0.0104728
# target 90% 0.0162181
# target 99% 0.0196652
# target 99.9% 0.0223211
Sockets used: 10 (for perfect keepalive, would be 10)
Jitter: false
Code 200 : 70663 (100.0 %)
All done 70663 calls (plus 10 warmup) 8.491 ms avg, 1177.6 qps
Successfully wrote 2439 bytes of Json data to 2022-04-04-005337_asg_taewa_3extra_scaling_3_11.json
fortio exit code: 0
[2022-04-04T00:54:37]==============================[STATS]
jh CPU load avg:
0.11 0.12 0.09 1/160 1339
i-02caa69c31c2beffe
InService
Healthy
{}
i-0870a98bbac3dd214
InService
Healthy
{}
i-0d64214f3cfd294b3
InService
Healthy
{}
[2022-04-04T00:54:37]==============================[SCALING RUN 3: CHUNK 12]==============================
00:54:37 I logger.go:127> Log level is now 4 Error (was 2 Info)
Fortio 1.19.0 running at -1 queries per second, 2->2 procs, for 1m0s: http://asg-1-lb-835003499.us-east-1.elb.amazonaws.com:3000/?n=80000
Aggregated Function Time : count 103982 avg 0.0057701246 +/- 0.003043 min 0.002367067 max 0.075354407 sum 599.989098
# target 50% 0.00657909
# target 75% 0.00868515
# target 90% 0.00994878
# target 99% 0.0190174
# target 99.9% 0.0199845
Sockets used: 10 (for perfect keepalive, would be 10)
Jitter: false
Code 200 : 103982 (100.0 %)
All done 103982 calls (plus 10 warmup) 5.770 ms avg, 1732.8 qps
Successfully wrote 2447 bytes of Json data to 2022-04-04-005437_asg_taewa_3extra_scaling_3_12.json
fortio exit code: 0
[2022-04-04T00:55:37]==============================[STATS]
jh CPU load avg:
0.11 0.12 0.09 1/159 1357
i-02caa69c31c2beffe
InService
Healthy
{}
i-0870a98bbac3dd214
InService
Healthy
{}
i-0d64214f3cfd294b3
InService
Healthy
{}
[2022-04-04T00:55:38]==============================[SCALING RUN 3: CHUNK 13]==============================
00:55:38 I logger.go:127> Log level is now 4 Error (was 2 Info)
Fortio 1.19.0 running at -1 queries per second, 2->2 procs, for 1m0s: http://asg-1-lb-835003499.us-east-1.elb.amazonaws.com:3000/?n=80000
Aggregated Function Time : count 103471 avg 0.0057985732 +/- 0.003335 min 0.002305957 max 0.225250979 sum 599.984171
# target 50% 0.00656734
# target 75% 0.00869808
# target 90% 0.00997652
# target 99% 0.0191277
# target 99.9% 0.0258572
Sockets used: 10 (for perfect keepalive, would be 10)
Jitter: false
Code 200 : 103471 (100.0 %)
All done 103471 calls (plus 10 warmup) 5.799 ms avg, 1724.3 qps
Successfully wrote 2684 bytes of Json data to 2022-04-04-005538_asg_taewa_3extra_scaling_3_13.json
fortio exit code: 0
[2022-04-04T00:56:38]==============================[STATS]
jh CPU load avg:
0.13 0.13 0.09 1/159 1374
i-02caa69c31c2beffe
InService
Healthy
{}
i-0870a98bbac3dd214
InService
Healthy
{}
i-0d64214f3cfd294b3
InService
Healthy
{}
[2022-04-04T00:56:39]==============================[SCALING RUN 3: CHUNK 14]==============================
00:56:39 I logger.go:127> Log level is now 4 Error (was 2 Info)
Fortio 1.19.0 running at -1 queries per second, 2->2 procs, for 1m0s: http://asg-1-lb-835003499.us-east-1.elb.amazonaws.com:3000/?n=80000
Aggregated Function Time : count 104426 avg 0.0057455797 +/- 0.002944 min 0.002356505 max 0.035751037 sum 599.987906
# target 50% 0.00656668
# target 75% 0.0086718
# target 90% 0.00993488
# target 99% 0.0189524
# target 99.9% 0.0199318
Sockets used: 10 (for perfect keepalive, would be 10)
Jitter: false
Code 200 : 104426 (100.0 %)
All done 104426 calls (plus 10 warmup) 5.746 ms avg, 1740.2 qps
Successfully wrote 2208 bytes of Json data to 2022-04-04-005639_asg_taewa_3extra_scaling_3_14.json
fortio exit code: 0
[2022-04-04T00:57:39]==============================[STATS]
jh CPU load avg:
0.09 0.12 0.09 1/159 1391
i-02caa69c31c2beffe
InService
Healthy
{}
i-0870a98bbac3dd214
InService
Healthy
{}
i-0d64214f3cfd294b3
InService
Healthy
{}
[2022-04-04T01:01:40]==============================[GET DATA]==============================
2022-04-03T23:22:03..2022-04-04T01:01:40
asg-1-myASG
asg-1-lb
32K alb_data.json
24K asg_data.json
[2022-04-04T01:01:41]==============================[UPLOAD /2022.04.03_23-20_asg_taewa_3extra_41cf]==============================
Warning: Permanently added '34.125.40.213' (ECDSA) to the list of known hosts.
