2022-05-31T23:12:00
NAME                             CPU(cores)   CPU%   MEMORY(bytes)   MEMORY%   
ip-192-168-57-219.ec2.internal   55m          2%     1059Mi          31%       
2022-05-31T23:13:01
NAME                             CPU(cores)   CPU%   MEMORY(bytes)   MEMORY%     
ip-192-168-57-219.ec2.internal   53m          2%     935Mi           28%         
ip-192-168-30-74.ec2.internal    <unknown>                           <unknown>               <unknown>               <unknown>               
2022-05-31T23:14:03
NAME                             CPU(cores)   CPU%   MEMORY(bytes)   MEMORY%   
ip-192-168-30-74.ec2.internal    377m         19%    466Mi           14%       
ip-192-168-5-98.ec2.internal     722m         37%    362Mi           10%       
ip-192-168-57-219.ec2.internal   1059m        54%    642Mi           19%       
2022-05-31T23:15:05
NAME                             CPU(cores)   CPU%   MEMORY(bytes)   MEMORY%   
ip-192-168-30-74.ec2.internal    44m          2%     493Mi           14%       
ip-192-168-5-98.ec2.internal     33m          1%     447Mi           13%       
ip-192-168-57-219.ec2.internal   1063m        55%    642Mi           19%       
2022-05-31T23:16:07
NAME                             CPU(cores)   CPU%   MEMORY(bytes)   MEMORY%   
ip-192-168-30-74.ec2.internal    42m          2%     494Mi           14%       
ip-192-168-5-98.ec2.internal     38m          1%     451Mi           13%       
ip-192-168-57-219.ec2.internal   56m          2%     640Mi           19%       
2022-05-31T23:17:09
NAME                             CPU(cores)   CPU%   MEMORY(bytes)   MEMORY%   
ip-192-168-30-74.ec2.internal    1209m        62%    593Mi           17%       
ip-192-168-5-98.ec2.internal     440m         22%    497Mi           14%       
ip-192-168-57-219.ec2.internal   1081m        56%    646Mi           19%       
2022-05-31T23:18:10
NAME                             CPU(cores)   CPU%   MEMORY(bytes)   MEMORY%   
ip-192-168-30-74.ec2.internal    51m          2%     584Mi           17%       
ip-192-168-5-98.ec2.internal     40m          2%     493Mi           14%       
ip-192-168-57-219.ec2.internal   59m          3%     683Mi           20%       
2022-05-31T23:19:12
NAME                             CPU(cores)   CPU%   MEMORY(bytes)   MEMORY%   
ip-192-168-30-74.ec2.internal    1893m        98%    640Mi           19%       
ip-192-168-5-98.ec2.internal     974m         50%    541Mi           16%       
ip-192-168-57-219.ec2.internal   1829m        94%    729Mi           21%       
2022-05-31T23:20:14
NAME                             CPU(cores)   CPU%   MEMORY(bytes)   MEMORY%   
ip-192-168-30-74.ec2.internal    1895m        98%    636Mi           19%       
ip-192-168-5-98.ec2.internal     966m         50%    584Mi           17%       
ip-192-168-57-219.ec2.internal   1871m        96%    730Mi           21%       
2022-05-31T23:21:15
NAME                             CPU(cores)   CPU%   MEMORY(bytes)   MEMORY%   
ip-192-168-30-74.ec2.internal    45m          2%     634Mi           19%       
ip-192-168-5-98.ec2.internal     42m          2%     585Mi           17%       
ip-192-168-57-219.ec2.internal   56m          2%     731Mi           21%       
2022-05-31T23:22:18
NAME                             CPU(cores)   CPU%   MEMORY(bytes)   MEMORY%   
ip-192-168-30-74.ec2.internal    1782m        92%    632Mi           19%       
ip-192-168-5-98.ec2.internal     1604m        83%    629Mi           18%       
ip-192-168-57-219.ec2.internal   1339m        69%    729Mi           21%       
2022-05-31T23:23:20
NAME                             CPU(cores)   CPU%   MEMORY(bytes)   MEMORY%   
ip-192-168-30-74.ec2.internal    50m          2%     633Mi           19%       
ip-192-168-5-98.ec2.internal     42m          2%     631Mi           18%       
ip-192-168-57-219.ec2.internal   63m          3%     747Mi           22%       
2022-05-31T23:24:21
NAME                             CPU(cores)   CPU%   MEMORY(bytes)   MEMORY%   
ip-192-168-30-74.ec2.internal    1393m        72%    629Mi           18%       
ip-192-168-5-98.ec2.internal     1652m        85%    632Mi           18%       
ip-192-168-57-219.ec2.internal   1701m        88%    747Mi           22%       
2022-05-31T23:25:23
NAME                             CPU(cores)   CPU%   MEMORY(bytes)   MEMORY%   
ip-192-168-30-74.ec2.internal    1625m        84%    632Mi           18%       
ip-192-168-5-98.ec2.internal     1619m        83%    633Mi           19%       
ip-192-168-57-219.ec2.internal   1710m        88%    749Mi           22%       
2022-05-31T23:26:25
NAME                             CPU(cores)   CPU%   MEMORY(bytes)   MEMORY%   
ip-192-168-30-74.ec2.internal    47m          2%     632Mi           18%       
ip-192-168-5-98.ec2.internal     42m          2%     605Mi           18%       
ip-192-168-57-219.ec2.internal   58m          3%     748Mi           22%       
2022-05-31T23:27:26
NAME                             CPU(cores)   CPU%   MEMORY(bytes)   MEMORY%   
ip-192-168-30-74.ec2.internal    913m         47%    647Mi           19%       
ip-192-168-5-98.ec2.internal     1984m        102%   636Mi           19%       
ip-192-168-57-219.ec2.internal   1648m        85%    747Mi           22%       
2022-05-31T23:28:28
NAME                             CPU(cores)   CPU%   MEMORY(bytes)   MEMORY%   
ip-192-168-30-74.ec2.internal    43m          2%     647Mi           19%       
ip-192-168-5-98.ec2.internal     43m          2%     653Mi           19%       
ip-192-168-57-219.ec2.internal   61m          3%     747Mi           22%       
2022-05-31T23:29:30
NAME                             CPU(cores)   CPU%   MEMORY(bytes)   MEMORY%   
ip-192-168-30-74.ec2.internal    1209m        62%    653Mi           19%       
ip-192-168-5-98.ec2.internal     1866m        96%    652Mi           19%       
ip-192-168-57-219.ec2.internal   1749m        90%    750Mi           22%       
2022-05-31T23:30:32
NAME                             CPU(cores)   CPU%   MEMORY(bytes)   MEMORY%   
ip-192-168-30-74.ec2.internal    1164m        60%    650Mi           19%       
ip-192-168-5-98.ec2.internal     1758m        91%    653Mi           19%       
ip-192-168-57-219.ec2.internal   1552m        80%    749Mi           22%       
2022-05-31T23:31:34
NAME                             CPU(cores)   CPU%   MEMORY(bytes)   MEMORY%   
ip-192-168-30-74.ec2.internal    46m          2%     651Mi           19%       
ip-192-168-5-98.ec2.internal     45m          2%     653Mi           19%       
ip-192-168-57-219.ec2.internal   59m          3%     748Mi           22%       
2022-05-31T23:32:37
NAME                             CPU(cores)   CPU%   MEMORY(bytes)   MEMORY%   
ip-192-168-30-74.ec2.internal    1781m        92%    650Mi           19%       
ip-192-168-5-98.ec2.internal     1992m        103%   654Mi           19%       
ip-192-168-57-219.ec2.internal   1285m        66%    747Mi           22%       
2022-05-31T23:33:39
NAME                             CPU(cores)   CPU%   MEMORY(bytes)   MEMORY%   
ip-192-168-30-74.ec2.internal    202m         10%    652Mi           19%       
ip-192-168-5-98.ec2.internal     523m         27%    654Mi           19%       
ip-192-168-57-219.ec2.internal   325m         16%    745Mi           22%       
2022-05-31T23:34:41
NAME                             CPU(cores)   CPU%   MEMORY(bytes)   MEMORY%   
ip-192-168-30-74.ec2.internal    1383m        71%    650Mi           19%       
ip-192-168-5-98.ec2.internal     1994m        103%   653Mi           19%       
ip-192-168-57-219.ec2.internal   1985m        102%   758Mi           22%       
2022-05-31T23:35:43
NAME                             CPU(cores)   CPU%   MEMORY(bytes)   MEMORY%   
ip-192-168-30-74.ec2.internal    1378m        71%    649Mi           19%       
ip-192-168-5-98.ec2.internal     1993m        103%   654Mi           19%       
ip-192-168-57-219.ec2.internal   1989m        103%   758Mi           22%       
2022-05-31T23:36:44
NAME                             CPU(cores)   CPU%   MEMORY(bytes)   MEMORY%   
ip-192-168-30-74.ec2.internal    45m          2%     651Mi           19%       
ip-192-168-5-98.ec2.internal     45m          2%     655Mi           19%       
ip-192-168-57-219.ec2.internal   59m          3%     751Mi           22%       
2022-05-31T23:37:46
NAME                             CPU(cores)   CPU%   MEMORY(bytes)   MEMORY%   
ip-192-168-30-74.ec2.internal    1956m        101%   655Mi           19%       
ip-192-168-5-98.ec2.internal     1968m        101%   654Mi           19%       
ip-192-168-57-219.ec2.internal   1367m        70%    747Mi           22%       
2022-05-31T23:38:48
NAME                             CPU(cores)   CPU%   MEMORY(bytes)   MEMORY%   
ip-192-168-30-74.ec2.internal    367m         19%    653Mi           19%       
ip-192-168-5-98.ec2.internal     506m         26%    653Mi           19%       
ip-192-168-57-219.ec2.internal   59m          3%     747Mi           22%       
2022-05-31T23:39:49
NAME                             CPU(cores)   CPU%   MEMORY(bytes)   MEMORY%   
ip-192-168-30-74.ec2.internal    917m         47%    651Mi           19%       
ip-192-168-5-98.ec2.internal     872m         45%    652Mi           19%       
ip-192-168-57-219.ec2.internal   1397m        72%    758Mi           22%       
2022-05-31T23:40:51
NAME                             CPU(cores)   CPU%   MEMORY(bytes)   MEMORY%   
ip-192-168-30-74.ec2.internal    1772m        91%    654Mi           19%       
ip-192-168-5-98.ec2.internal     1955m        101%   653Mi           19%       
ip-192-168-57-219.ec2.internal   1994m        103%   760Mi           22%       
2022-05-31T23:41:53
NAME                             CPU(cores)   CPU%   MEMORY(bytes)   MEMORY%   
ip-192-168-30-74.ec2.internal    44m          2%     653Mi           19%       
ip-192-168-5-98.ec2.internal     46m          2%     652Mi           19%       
ip-192-168-57-219.ec2.internal   59m          3%     752Mi           22%       
2022-05-31T23:42:55
NAME                             CPU(cores)   CPU%   MEMORY(bytes)   MEMORY%   
ip-192-168-30-74.ec2.internal    46m          2%     576Mi           17%       
ip-192-168-5-98.ec2.internal     46m          2%     571Mi           17%       
ip-192-168-57-219.ec2.internal   59m          3%     668Mi           20%       
2022-05-31T23:43:57
NAME                             CPU(cores)   CPU%   MEMORY(bytes)   MEMORY%   
ip-192-168-30-74.ec2.internal    1999m        103%   655Mi           19%       
ip-192-168-5-98.ec2.internal     1440m        74%    650Mi           19%       
ip-192-168-57-219.ec2.internal   1947m        100%   749Mi           22%       
2022-05-31T23:44:58
NAME                             CPU(cores)   CPU%   MEMORY(bytes)   MEMORY%   
ip-192-168-30-74.ec2.internal    1422m        73%    655Mi           19%       
ip-192-168-5-98.ec2.internal     1991m        103%   656Mi           19%       
ip-192-168-57-219.ec2.internal   1996m        103%   754Mi           22%       
2022-05-31T23:46:00
NAME                             CPU(cores)   CPU%   MEMORY(bytes)   MEMORY%   
ip-192-168-30-74.ec2.internal    1996m        103%   655Mi           19%       
ip-192-168-5-98.ec2.internal     1044m        54%    656Mi           19%       
ip-192-168-57-219.ec2.internal   1992m        103%   752Mi           22%       
2022-05-31T23:47:02
NAME                             CPU(cores)   CPU%   MEMORY(bytes)   MEMORY%   
ip-192-168-30-74.ec2.internal    1992m        103%   655Mi           19%       
ip-192-168-5-98.ec2.internal     1955m        101%   655Mi           19%       
ip-192-168-57-219.ec2.internal   1984m        102%   755Mi           22%       
2022-05-31T23:48:04
NAME                             CPU(cores)   CPU%   MEMORY(bytes)   MEMORY%   
ip-192-168-30-74.ec2.internal    1984m        102%   656Mi           19%       
ip-192-168-5-98.ec2.internal     1993m        103%   654Mi           19%       
ip-192-168-57-219.ec2.internal   1650m        85%    752Mi           22%       
2022-05-31T23:49:06
NAME                             CPU(cores)   CPU%   MEMORY(bytes)   MEMORY%   
ip-192-168-30-74.ec2.internal    42m          2%     654Mi           19%       
ip-192-168-5-98.ec2.internal     45m          2%     654Mi           19%       
ip-192-168-57-219.ec2.internal   53m          2%     751Mi           22%       
2022-05-31T23:50:08
NAME                             CPU(cores)   CPU%   MEMORY(bytes)   MEMORY%   
ip-192-168-30-74.ec2.internal    1961m        101%   654Mi           19%       
ip-192-168-5-98.ec2.internal     1888m        97%    652Mi           19%       
ip-192-168-57-219.ec2.internal   1976m        102%   752Mi           22%       
2022-05-31T23:51:10
NAME                             CPU(cores)   CPU%   MEMORY(bytes)   MEMORY%   
ip-192-168-30-74.ec2.internal    1954m        101%   655Mi           19%       
ip-192-168-5-98.ec2.internal     1903m        98%    654Mi           19%       
ip-192-168-57-219.ec2.internal   1942m        100%   752Mi           22%       
2022-05-31T23:52:11
NAME                             CPU(cores)   CPU%   MEMORY(bytes)   MEMORY%   
ip-192-168-30-74.ec2.internal    1962m        101%   655Mi           19%       
ip-192-168-5-98.ec2.internal     1916m        99%    655Mi           19%       
ip-192-168-57-219.ec2.internal   1958m        101%   752Mi           22%       
2022-05-31T23:53:14
NAME                             CPU(cores)   CPU%   MEMORY(bytes)   MEMORY%   
ip-192-168-30-74.ec2.internal    1913m        99%    654Mi           19%       
ip-192-168-5-98.ec2.internal     1835m        95%    655Mi           19%       
ip-192-168-57-219.ec2.internal   1906m        98%    752Mi           22%       
2022-05-31T23:54:15
NAME                             CPU(cores)   CPU%   MEMORY(bytes)   MEMORY%   
ip-192-168-30-74.ec2.internal    1924m        99%    655Mi           19%       
ip-192-168-5-98.ec2.internal     1782m        92%    654Mi           19%       
ip-192-168-57-219.ec2.internal   1926m        99%    752Mi           22%       
2022-05-31T23:55:17
NAME                             CPU(cores)   CPU%   MEMORY(bytes)   MEMORY%   
ip-192-168-30-74.ec2.internal    47m          2%     655Mi           19%       
ip-192-168-5-98.ec2.internal     42m          2%     655Mi           19%       
ip-192-168-57-219.ec2.internal   57m          2%     751Mi           22%       
2022-05-31T23:56:19
NAME                             CPU(cores)   CPU%   MEMORY(bytes)   MEMORY%   
ip-192-168-30-74.ec2.internal    1949m        100%   656Mi           19%       
ip-192-168-5-98.ec2.internal     1734m        89%    654Mi           19%       
ip-192-168-57-219.ec2.internal   1973m        102%   753Mi           22%       
2022-05-31T23:57:21
NAME                             CPU(cores)   CPU%   MEMORY(bytes)   MEMORY%   
ip-192-168-30-74.ec2.internal    1922m        99%    656Mi           19%       
ip-192-168-5-98.ec2.internal     1695m        87%    654Mi           19%       
ip-192-168-57-219.ec2.internal   1954m        101%   753Mi           22%       
2022-05-31T23:58:23
NAME                             CPU(cores)   CPU%   MEMORY(bytes)   MEMORY%   
ip-192-168-30-74.ec2.internal    1930m        100%   654Mi           19%       
ip-192-168-5-98.ec2.internal     1705m        88%    653Mi           19%       
ip-192-168-57-219.ec2.internal   1961m        101%   752Mi           22%       
2022-05-31T23:59:25
NAME                             CPU(cores)   CPU%   MEMORY(bytes)   MEMORY%   
ip-192-168-30-74.ec2.internal    1959m        101%   656Mi           19%       
ip-192-168-5-98.ec2.internal     1717m        88%    654Mi           19%       
ip-192-168-57-219.ec2.internal   1972m        102%   753Mi           22%       
2022-06-01T00:00:27
NAME                             CPU(cores)   CPU%   MEMORY(bytes)   MEMORY%   
ip-192-168-30-74.ec2.internal    1953m        101%   656Mi           19%       
ip-192-168-5-98.ec2.internal     1706m        88%    653Mi           19%       
ip-192-168-57-219.ec2.internal   1972m        102%   753Mi           22%       
2022-06-01T00:01:28
NAME                             CPU(cores)   CPU%   MEMORY(bytes)   MEMORY%   
ip-192-168-30-74.ec2.internal    44m          2%     658Mi           19%       
ip-192-168-5-98.ec2.internal     42m          2%     663Mi           19%       
ip-192-168-57-219.ec2.internal   60m          3%     754Mi           22%       
2022-06-01T00:02:30
NAME                             CPU(cores)   CPU%   MEMORY(bytes)   MEMORY%   
ip-192-168-30-74.ec2.internal    1989m        103%   657Mi           19%       
ip-192-168-5-98.ec2.internal     1991m        103%   665Mi           19%       
ip-192-168-57-219.ec2.internal   1201m        62%    748Mi           22%       
2022-06-01T00:03:32
NAME                             CPU(cores)   CPU%   MEMORY(bytes)   MEMORY%   
ip-192-168-30-74.ec2.internal    1989m        103%   657Mi           19%       
ip-192-168-5-98.ec2.internal     1988m        103%   668Mi           20%       
ip-192-168-57-219.ec2.internal   1228m        63%    748Mi           22%       
2022-06-01T00:04:34
NAME                             CPU(cores)   CPU%   MEMORY(bytes)   MEMORY%   
ip-192-168-30-74.ec2.internal    1990m        103%   657Mi           19%       
ip-192-168-5-98.ec2.internal     1991m        103%   664Mi           19%       
ip-192-168-57-219.ec2.internal   1237m        64%    749Mi           22%       
2022-06-01T00:05:36
NAME                             CPU(cores)   CPU%   MEMORY(bytes)   MEMORY%   
ip-192-168-30-74.ec2.internal    1989m        103%   658Mi           19%       
ip-192-168-5-98.ec2.internal     1992m        103%   656Mi           19%       
ip-192-168-57-219.ec2.internal   1222m        63%    749Mi           22%       
2022-06-01T00:06:38
NAME                             CPU(cores)   CPU%   MEMORY(bytes)   MEMORY%   
ip-192-168-30-74.ec2.internal    1986m        102%   656Mi           19%       
ip-192-168-5-98.ec2.internal     1987m        102%   660Mi           19%       
ip-192-168-57-219.ec2.internal   1252m        64%    749Mi           22%       
2022-06-01T00:07:40
NAME                             CPU(cores)   CPU%   MEMORY(bytes)   MEMORY%   
ip-192-168-30-74.ec2.internal    39m          2%     526Mi           15%       
ip-192-168-5-98.ec2.internal     42m          2%     523Mi           15%       
ip-192-168-57-219.ec2.internal   59m          3%     699Mi           21%       
2022-06-01T00:08:41
NAME                             CPU(cores)   CPU%   MEMORY(bytes)   MEMORY%     
ip-192-168-30-74.ec2.internal    78m          4%     644Mi           19%         
ip-192-168-57-219.ec2.internal   58m          3%     567Mi           17%         
ip-192-168-5-98.ec2.internal     <unknown>                           <unknown>               <unknown>               <unknown>               
2022-06-01T00:09:43
NAME                            CPU(cores)   CPU%   MEMORY(bytes)   MEMORY%   
ip-192-168-30-74.ec2.internal   56m          2%     1125Mi          33%       
2022-06-01T00:10:45
NAME                            CPU(cores)   CPU%   MEMORY(bytes)   MEMORY%   
ip-192-168-30-74.ec2.internal   81m          4%     1003Mi          30%       
2022-06-01T00:11:46
NAME                            CPU(cores)   CPU%   MEMORY(bytes)   MEMORY%   
ip-192-168-30-74.ec2.internal   1060m        54%    1050Mi          31%       
2022-06-01T00:12:48
NAME                            CPU(cores)   CPU%   MEMORY(bytes)   MEMORY%     
ip-192-168-30-74.ec2.internal   2000m        103%   791Mi           23%         
ip-192-168-34-24.ec2.internal   <unknown>                           <unknown>               <unknown>               <unknown>               
2022-06-01T00:13:50
NAME                            CPU(cores)   CPU%   MEMORY(bytes)   MEMORY%   
ip-192-168-30-74.ec2.internal   2000m        103%   794Mi           23%       
ip-192-168-34-24.ec2.internal   36m          1%     447Mi           13%       
2022-06-01T00:14:51
NAME                            CPU(cores)   CPU%   MEMORY(bytes)   MEMORY%   
ip-192-168-30-74.ec2.internal   1994m        103%   793Mi           23%       
ip-192-168-34-24.ec2.internal   1969m        102%   625Mi           18%       
2022-06-01T00:15:53
NAME                             CPU(cores)   CPU%   MEMORY(bytes)   MEMORY%   
ip-192-168-30-74.ec2.internal    1998m        103%   795Mi           23%       
ip-192-168-32-249.ec2.internal   946m         49%    436Mi           13%       
ip-192-168-34-24.ec2.internal    1983m        102%   631Mi           18%       
2022-06-01T00:16:55
NAME                             CPU(cores)   CPU%   MEMORY(bytes)   MEMORY%   
ip-192-168-30-74.ec2.internal    1994m        103%   794Mi           23%       
ip-192-168-32-249.ec2.internal   1457m        75%    629Mi           18%       
ip-192-168-34-24.ec2.internal    1760m        91%    633Mi           19%       
2022-06-01T00:17:57
NAME                             CPU(cores)   CPU%   MEMORY(bytes)   MEMORY%   
ip-192-168-30-74.ec2.internal    1975m        102%   802Mi           24%       
ip-192-168-32-249.ec2.internal   1956m        101%   630Mi           18%       
ip-192-168-34-24.ec2.internal    1955m        101%   632Mi           18%       
2022-06-01T00:18:59
NAME                             CPU(cores)   CPU%   MEMORY(bytes)   MEMORY%   
ip-192-168-30-74.ec2.internal    1942m        100%   793Mi           23%       
ip-192-168-32-249.ec2.internal   1978m        102%   635Mi           19%       
ip-192-168-34-24.ec2.internal    1969m        102%   633Mi           19%       
2022-06-01T00:20:01
NAME                             CPU(cores)   CPU%   MEMORY(bytes)   MEMORY%   
ip-192-168-30-74.ec2.internal    1961m        101%   793Mi           23%       
ip-192-168-32-249.ec2.internal   1996m        103%   634Mi           19%       
ip-192-168-34-24.ec2.internal    1330m        68%    635Mi           19%       
2022-06-01T00:21:02
NAME                             CPU(cores)   CPU%   MEMORY(bytes)   MEMORY%   
ip-192-168-30-74.ec2.internal    1466m        75%    794Mi           23%       
ip-192-168-32-249.ec2.internal   1965m        101%   634Mi           19%       
ip-192-168-34-24.ec2.internal    1974m        102%   633Mi           19%       
2022-06-01T00:22:04
NAME                             CPU(cores)   CPU%   MEMORY(bytes)   MEMORY%   
ip-192-168-30-74.ec2.internal    1736m        89%    793Mi           23%       
ip-192-168-32-249.ec2.internal   1777m        92%    634Mi           19%       
ip-192-168-34-24.ec2.internal    1558m        80%    633Mi           19%       
2022-06-01T00:23:06
NAME                             CPU(cores)   CPU%   MEMORY(bytes)   MEMORY%   
ip-192-168-30-74.ec2.internal    1960m        101%   793Mi           23%       
ip-192-168-32-249.ec2.internal   1926m        99%    635Mi           19%       
ip-192-168-34-24.ec2.internal    1619m        83%    633Mi           19%       
2022-06-01T00:24:09
NAME                             CPU(cores)   CPU%   MEMORY(bytes)   MEMORY%   
ip-192-168-30-74.ec2.internal    1943m        100%   794Mi           23%       
ip-192-168-32-249.ec2.internal   1877m        97%    637Mi           19%       
ip-192-168-34-24.ec2.internal    1917m        99%    634Mi           19%       
2022-06-01T00:25:10
NAME                             CPU(cores)   CPU%   MEMORY(bytes)   MEMORY%   
ip-192-168-30-74.ec2.internal    1708m        88%    794Mi           23%       
ip-192-168-32-249.ec2.internal   1978m        102%   637Mi           19%       
ip-192-168-34-24.ec2.internal    1981m        102%   635Mi           19%       
2022-06-01T00:26:12
NAME                             CPU(cores)   CPU%   MEMORY(bytes)   MEMORY%   
ip-192-168-30-74.ec2.internal    63m          3%     794Mi           23%       
ip-192-168-32-249.ec2.internal   46m          2%     636Mi           19%       
ip-192-168-34-24.ec2.internal    53m          2%     634Mi           19%       
2022-06-01T00:27:14
NAME                             CPU(cores)   CPU%   MEMORY(bytes)   MEMORY%   
ip-192-168-30-74.ec2.internal    55m          2%     655Mi           19%       
ip-192-168-32-249.ec2.internal   102m         5%     1022Mi          30%       
ip-192-168-34-24.ec2.internal    43m          2%     571Mi           17%       
2022-06-01T00:28:16
NAME                             CPU(cores)   CPU%   MEMORY(bytes)   MEMORY%     
ip-192-168-32-249.ec2.internal   67m          3%     1096Mi          32%         
ip-192-168-34-24.ec2.internal    65m          3%     563Mi           16%         
ip-192-168-30-74.ec2.internal    <unknown>                           <unknown>               <unknown>               <unknown>               
2022-06-01T00:29:18
NAME                             CPU(cores)   CPU%   MEMORY(bytes)   MEMORY%     
ip-192-168-32-249.ec2.internal   55m          2%     1103Mi          33%         
ip-192-168-34-24.ec2.internal    <unknown>                           <unknown>               <unknown>               <unknown>               
2022-06-01T00:30:19
NAME                             CPU(cores)   CPU%   MEMORY(bytes)   MEMORY%   
ip-192-168-32-249.ec2.internal   303m         15%    1048Mi          31%       
2022-06-01T00:31:21
NAME                             CPU(cores)   CPU%   MEMORY(bytes)   MEMORY%   
ip-192-168-32-249.ec2.internal   987m         51%    1104Mi          33%       
2022-06-01T00:32:23
NAME                             CPU(cores)   CPU%   MEMORY(bytes)   MEMORY%   
ip-192-168-32-249.ec2.internal   1799m        93%    790Mi           23%       
2022-06-01T00:33:24
NAME                             CPU(cores)   CPU%   MEMORY(bytes)   MEMORY%   
ip-192-168-1-73.ec2.internal     965m         50%    422Mi           12%       
ip-192-168-32-249.ec2.internal   1999m        103%   791Mi           23%       
2022-06-01T00:34:26
NAME                             CPU(cores)   CPU%   MEMORY(bytes)   MEMORY%   
ip-192-168-1-73.ec2.internal     72m          3%     543Mi           16%       
ip-192-168-32-249.ec2.internal   1332m        69%    792Mi           23%       
2022-06-01T00:35:28
NAME                             CPU(cores)   CPU%   MEMORY(bytes)   MEMORY%   
ip-192-168-1-73.ec2.internal     1943m        100%   631Mi           18%       
ip-192-168-32-249.ec2.internal   1576m        81%    793Mi           23%       
2022-06-01T00:36:29
NAME                             CPU(cores)   CPU%   MEMORY(bytes)   MEMORY%   
ip-192-168-1-73.ec2.internal     1994m        103%   635Mi           19%       
ip-192-168-32-249.ec2.internal   1995m        103%   794Mi           23%       
ip-192-168-4-103.ec2.internal    531m         27%    535Mi           16%       
2022-06-01T00:37:31
NAME                             CPU(cores)   CPU%   MEMORY(bytes)   MEMORY%   
ip-192-168-1-73.ec2.internal     1965m        101%   636Mi           19%       
ip-192-168-32-249.ec2.internal   1947m        100%   794Mi           23%       
ip-192-168-4-103.ec2.internal    1922m        99%    630Mi           18%       
2022-06-01T00:38:33
NAME                             CPU(cores)   CPU%   MEMORY(bytes)   MEMORY%   
ip-192-168-1-73.ec2.internal     1965m        101%   636Mi           19%       
ip-192-168-32-249.ec2.internal   1356m        70%    793Mi           23%       
ip-192-168-4-103.ec2.internal    1918m        99%    634Mi           19%       
2022-06-01T00:39:35
NAME                             CPU(cores)   CPU%   MEMORY(bytes)   MEMORY%   
ip-192-168-1-73.ec2.internal     1920m        99%    636Mi           19%       
ip-192-168-32-249.ec2.internal   1966m        101%   790Mi           23%       
ip-192-168-4-103.ec2.internal    1659m        85%    635Mi           19%       
2022-06-01T00:40:37
NAME                             CPU(cores)   CPU%   MEMORY(bytes)   MEMORY%   
ip-192-168-1-73.ec2.internal     1714m        88%    636Mi           19%       
ip-192-168-32-249.ec2.internal   1548m        80%    792Mi           23%       
ip-192-168-4-103.ec2.internal    1925m        99%    634Mi           19%       
2022-06-01T00:41:39
NAME                             CPU(cores)   CPU%   MEMORY(bytes)   MEMORY%   
ip-192-168-1-73.ec2.internal     1954m        101%   635Mi           19%       
ip-192-168-32-249.ec2.internal   1890m        97%    793Mi           23%       
ip-192-168-4-103.ec2.internal    1922m        99%    635Mi           19%       
2022-06-01T00:42:41
NAME                             CPU(cores)   CPU%   MEMORY(bytes)   MEMORY%   
ip-192-168-1-73.ec2.internal     1759m        91%    637Mi           19%       
ip-192-168-32-249.ec2.internal   1987m        102%   792Mi           23%       
ip-192-168-4-103.ec2.internal    1943m        100%   635Mi           19%       
2022-06-01T00:43:43
NAME                             CPU(cores)   CPU%   MEMORY(bytes)   MEMORY%   
ip-192-168-1-73.ec2.internal     1432m        74%    637Mi           19%       
ip-192-168-32-249.ec2.internal   1929m        99%    793Mi           23%       
ip-192-168-4-103.ec2.internal    1961m        101%   635Mi           19%       
2022-06-01T00:44:45
NAME                             CPU(cores)   CPU%   MEMORY(bytes)   MEMORY%   
ip-192-168-1-73.ec2.internal     1991m        103%   635Mi           19%       
ip-192-168-32-249.ec2.internal   1427m        73%    793Mi           23%       
ip-192-168-4-103.ec2.internal    1750m        90%    635Mi           19%       
2022-06-01T00:45:47
NAME                             CPU(cores)   CPU%   MEMORY(bytes)   MEMORY%   
ip-192-168-1-73.ec2.internal     46m          2%     508Mi           15%       
ip-192-168-32-249.ec2.internal   62m          3%     568Mi           17%       
ip-192-168-4-103.ec2.internal    183m         9%     1104Mi          33%       
2022-06-01T00:46:49
NAME                             CPU(cores)   CPU%   MEMORY(bytes)   MEMORY%     
ip-192-168-4-103.ec2.internal    55m          2%     1098Mi          32%         
ip-192-168-1-73.ec2.internal     <unknown>                           <unknown>               <unknown>               <unknown>               
ip-192-168-32-249.ec2.internal   <unknown>                           <unknown>               <unknown>               <unknown>               
2022-06-01T00:47:51
NAME                            CPU(cores)   CPU%   MEMORY(bytes)   MEMORY%   
ip-192-168-4-103.ec2.internal   68m          3%     1013Mi          30%       
2022-06-01T00:48:53
NAME                            CPU(cores)   CPU%   MEMORY(bytes)   MEMORY%   
ip-192-168-4-103.ec2.internal   1148m        59%    1068Mi          32%       
2022-06-01T00:49:54
NAME                            CPU(cores)   CPU%   MEMORY(bytes)   MEMORY%   
ip-192-168-4-103.ec2.internal   2000m        103%   783Mi           23%       
2022-06-01T00:50:56
NAME                            CPU(cores)   CPU%   MEMORY(bytes)   MEMORY%   
ip-192-168-4-103.ec2.internal   2000m        103%   787Mi           23%       
2022-06-01T00:51:57
NAME                            CPU(cores)   CPU%   MEMORY(bytes)   MEMORY%   
ip-192-168-4-103.ec2.internal   1921m        99%    786Mi           23%       
ip-192-168-61-61.ec2.internal   39m          2%     445Mi           13%       
2022-06-01T00:52:59
NAME                            CPU(cores)   CPU%   MEMORY(bytes)   MEMORY%   
ip-192-168-4-103.ec2.internal   1985m        102%   786Mi           23%       
ip-192-168-61-61.ec2.internal   1986m        102%   627Mi           18%       
2022-06-01T00:54:01
NAME                            CPU(cores)   CPU%   MEMORY(bytes)   MEMORY%     
ip-192-168-4-103.ec2.internal   1778m        92%    787Mi           23%         
ip-192-168-61-61.ec2.internal   1999m        103%   633Mi           19%         
ip-192-168-14-13.ec2.internal   <unknown>                           <unknown>               <unknown>               <unknown>               
2022-06-01T00:55:03
NAME                            CPU(cores)   CPU%   MEMORY(bytes)   MEMORY%   
ip-192-168-14-13.ec2.internal   67m          3%     534Mi           16%       
ip-192-168-4-103.ec2.internal   1942m        100%   787Mi           23%       
ip-192-168-61-61.ec2.internal   1996m        103%   633Mi           19%       
2022-06-01T00:56:05
NAME                            CPU(cores)   CPU%   MEMORY(bytes)   MEMORY%   
ip-192-168-14-13.ec2.internal   1770m        91%    626Mi           18%       
ip-192-168-4-103.ec2.internal   1435m        74%    788Mi           23%       
ip-192-168-61-61.ec2.internal   1980m        102%   634Mi           19%       
2022-06-01T00:57:07
NAME                            CPU(cores)   CPU%   MEMORY(bytes)   MEMORY%   
ip-192-168-14-13.ec2.internal   1961m        101%   632Mi           19%       
ip-192-168-4-103.ec2.internal   1587m        82%    785Mi           23%       
ip-192-168-61-61.ec2.internal   1929m        99%    633Mi           19%       
2022-06-01T00:58:09
NAME                            CPU(cores)   CPU%   MEMORY(bytes)   MEMORY%   
ip-192-168-14-13.ec2.internal   1000m        51%    634Mi           19%       
ip-192-168-4-103.ec2.internal   1648m        85%    786Mi           23%       
ip-192-168-61-61.ec2.internal   1687m        87%    634Mi           19%       
2022-06-01T00:59:11
NAME                            CPU(cores)   CPU%   MEMORY(bytes)   MEMORY%   
ip-192-168-14-13.ec2.internal   1363m        70%    636Mi           19%       
ip-192-168-4-103.ec2.internal   1658m        85%    786Mi           23%       
ip-192-168-61-61.ec2.internal   662m         34%    634Mi           19%       
2022-06-01T01:00:12
NAME                            CPU(cores)   CPU%   MEMORY(bytes)   MEMORY%   
ip-192-168-14-13.ec2.internal   1373m        71%    636Mi           19%       
ip-192-168-4-103.ec2.internal   1587m        82%    786Mi           23%       
ip-192-168-61-61.ec2.internal   742m         38%    619Mi           18%       
2022-06-01T01:01:14
NAME                            CPU(cores)   CPU%   MEMORY(bytes)   MEMORY%   
ip-192-168-14-13.ec2.internal   1369m        70%    634Mi           19%       
ip-192-168-4-103.ec2.internal   1799m        93%    788Mi           23%       
ip-192-168-61-61.ec2.internal   1866m        96%    633Mi           19%       
2022-06-01T01:02:16
NAME                            CPU(cores)   CPU%   MEMORY(bytes)   MEMORY%   
ip-192-168-14-13.ec2.internal   1444m        74%    635Mi           19%       
ip-192-168-4-103.ec2.internal   1233m        63%    790Mi           23%       
ip-192-168-61-61.ec2.internal   1590m        82%    636Mi           19%       
2022-06-01T01:03:18
NAME                            CPU(cores)   CPU%   MEMORY(bytes)   MEMORY%   
ip-192-168-14-13.ec2.internal   240m         12%    635Mi           19%       
ip-192-168-4-103.ec2.internal   178m         9%     788Mi           23%       
ip-192-168-61-61.ec2.internal   396m         20%    635Mi           19%       
2022-06-01T01:04:20
NAME                            CPU(cores)   CPU%   MEMORY(bytes)   MEMORY%   
ip-192-168-14-13.ec2.internal   46m          2%     635Mi           19%       
ip-192-168-4-103.ec2.internal   58m          3%     789Mi           23%       
ip-192-168-61-61.ec2.internal   44m          2%     636Mi           19%       
2022-06-01T01:05:22
NAME                            CPU(cores)   CPU%   MEMORY(bytes)   MEMORY%   
ip-192-168-14-13.ec2.internal   51m          2%     553Mi           16%       
ip-192-168-4-103.ec2.internal   59m          3%     706Mi           21%       
ip-192-168-61-61.ec2.internal   45m          2%     570Mi           17%       
2022-06-01T01:06:24
NAME                            CPU(cores)   CPU%   MEMORY(bytes)   MEMORY%   
ip-192-168-14-13.ec2.internal   45m          2%     552Mi           16%       
ip-192-168-4-103.ec2.internal   60m          3%     707Mi           21%       
ip-192-168-61-61.ec2.internal   46m          2%     572Mi           17%       
