2022-05-29T07:05:25
NAME                             CPU(cores)   CPU%   MEMORY(bytes)   MEMORY%   
ip-192-168-26-142.ec2.internal   53m          2%     1048Mi          31%       
2022-05-29T07:06:27
NAME                             CPU(cores)   CPU%   MEMORY(bytes)   MEMORY%   
ip-192-168-26-142.ec2.internal   53m          2%     923Mi           27%       
2022-05-29T07:07:28
NAME                             CPU(cores)   CPU%   MEMORY(bytes)   MEMORY%   
ip-192-168-26-142.ec2.internal   1234m        63%    585Mi           17%       
ip-192-168-42-37.ec2.internal    37m          1%     453Mi           13%       
ip-192-168-58-108.ec2.internal   39m          2%     446Mi           13%       
2022-05-29T07:08:30
NAME                             CPU(cores)   CPU%   MEMORY(bytes)   MEMORY%   
ip-192-168-26-142.ec2.internal   1243m        64%    584Mi           17%       
ip-192-168-42-37.ec2.internal    45m          2%     479Mi           14%       
ip-192-168-58-108.ec2.internal   42m          2%     451Mi           13%       
2022-05-29T07:09:32
NAME                             CPU(cores)   CPU%   MEMORY(bytes)   MEMORY%   
ip-192-168-26-142.ec2.internal   506m         26%    583Mi           17%       
ip-192-168-42-37.ec2.internal    57m          2%     482Mi           14%       
ip-192-168-58-108.ec2.internal   38m          1%     453Mi           13%       
2022-05-29T07:10:33
NAME                             CPU(cores)   CPU%   MEMORY(bytes)   MEMORY%   
ip-192-168-26-142.ec2.internal   1233m        63%    585Mi           17%       
ip-192-168-42-37.ec2.internal    1235m        63%    484Mi           14%       
ip-192-168-58-108.ec2.internal   47m          2%     478Mi           14%       
2022-05-29T07:11:35
NAME                             CPU(cores)   CPU%   MEMORY(bytes)   MEMORY%   
ip-192-168-26-142.ec2.internal   53m          2%     585Mi           17%       
ip-192-168-42-37.ec2.internal    44m          2%     483Mi           14%       
ip-192-168-58-108.ec2.internal   45m          2%     481Mi           14%       
2022-05-29T07:12:37
NAME                             CPU(cores)   CPU%   MEMORY(bytes)   MEMORY%   
ip-192-168-26-142.ec2.internal   1209m        62%    585Mi           17%       
ip-192-168-42-37.ec2.internal    1226m        63%    485Mi           14%       
ip-192-168-58-108.ec2.internal   1236m        64%    482Mi           14%       
2022-05-29T07:13:38
NAME                             CPU(cores)   CPU%   MEMORY(bytes)   MEMORY%   
ip-192-168-26-142.ec2.internal   1081m        56%    585Mi           17%       
ip-192-168-42-37.ec2.internal    1228m        63%    484Mi           14%       
ip-192-168-58-108.ec2.internal   1231m        63%    482Mi           14%       
2022-05-29T07:14:40
NAME                             CPU(cores)   CPU%   MEMORY(bytes)   MEMORY%   
ip-192-168-26-142.ec2.internal   52m          2%     585Mi           17%       
ip-192-168-42-37.ec2.internal    46m          2%     484Mi           14%       
ip-192-168-58-108.ec2.internal   41m          2%     483Mi           14%       
2022-05-29T07:15:42
NAME                             CPU(cores)   CPU%   MEMORY(bytes)   MEMORY%   
ip-192-168-26-142.ec2.internal   761m         39%    586Mi           17%       
ip-192-168-42-37.ec2.internal    1227m        63%    485Mi           14%       
ip-192-168-58-108.ec2.internal   1222m        63%    483Mi           14%       
2022-05-29T07:16:44
NAME                             CPU(cores)   CPU%   MEMORY(bytes)   MEMORY%   
ip-192-168-26-142.ec2.internal   54m          2%     603Mi           18%       
ip-192-168-42-37.ec2.internal    44m          2%     486Mi           14%       
ip-192-168-58-108.ec2.internal   42m          2%     483Mi           14%       
2022-05-29T07:17:45
NAME                             CPU(cores)   CPU%   MEMORY(bytes)   MEMORY%   
ip-192-168-26-142.ec2.internal   1199m        62%    603Mi           18%       
ip-192-168-42-37.ec2.internal    1225m        63%    485Mi           14%       
ip-192-168-58-108.ec2.internal   1198m        62%    483Mi           14%       
2022-05-29T07:18:47
NAME                             CPU(cores)   CPU%   MEMORY(bytes)   MEMORY%   
ip-192-168-26-142.ec2.internal   1161m        60%    603Mi           18%       
ip-192-168-42-37.ec2.internal    1060m        54%    486Mi           14%       
ip-192-168-58-108.ec2.internal   930m         48%    485Mi           14%       
2022-05-29T07:19:49
NAME                             CPU(cores)   CPU%   MEMORY(bytes)   MEMORY%   
ip-192-168-26-142.ec2.internal   56m          2%     604Mi           18%       
ip-192-168-42-37.ec2.internal    44m          2%     486Mi           14%       
ip-192-168-58-108.ec2.internal   45m          2%     484Mi           14%       
2022-05-29T07:20:51
NAME                             CPU(cores)   CPU%   MEMORY(bytes)   MEMORY%   
ip-192-168-26-142.ec2.internal   1196m        61%    604Mi           18%       
ip-192-168-42-37.ec2.internal    1225m        63%    504Mi           15%       
ip-192-168-58-108.ec2.internal   1222m        63%    502Mi           15%       
2022-05-29T07:21:52
NAME                             CPU(cores)   CPU%   MEMORY(bytes)   MEMORY%   
ip-192-168-26-142.ec2.internal   58m          3%     603Mi           18%       
ip-192-168-42-37.ec2.internal    47m          2%     504Mi           15%       
ip-192-168-58-108.ec2.internal   45m          2%     503Mi           15%       
2022-05-29T07:22:54
NAME                             CPU(cores)   CPU%   MEMORY(bytes)   MEMORY%   
ip-192-168-26-142.ec2.internal   1197m        62%    604Mi           18%       
ip-192-168-42-37.ec2.internal    1214m        62%    505Mi           15%       
ip-192-168-58-108.ec2.internal   1237m        64%    505Mi           15%       
2022-05-29T07:23:56
NAME                             CPU(cores)   CPU%   MEMORY(bytes)   MEMORY%   
ip-192-168-26-142.ec2.internal   1182m        61%    605Mi           18%       
ip-192-168-42-37.ec2.internal    1211m        62%    506Mi           15%       
ip-192-168-58-108.ec2.internal   1231m        63%    503Mi           15%       
2022-05-29T07:24:58
NAME                             CPU(cores)   CPU%   MEMORY(bytes)   MEMORY%   
ip-192-168-26-142.ec2.internal   58m          3%     605Mi           18%       
ip-192-168-42-37.ec2.internal    43m          2%     503Mi           15%       
ip-192-168-58-108.ec2.internal   43m          2%     504Mi           15%       
2022-05-29T07:26:00
NAME                             CPU(cores)   CPU%   MEMORY(bytes)   MEMORY%   
ip-192-168-26-142.ec2.internal   1194m        61%    604Mi           18%       
ip-192-168-42-37.ec2.internal    1223m        63%    504Mi           15%       
ip-192-168-58-108.ec2.internal   1212m        62%    503Mi           15%       
2022-05-29T07:27:02
NAME                             CPU(cores)   CPU%   MEMORY(bytes)   MEMORY%   
ip-192-168-26-142.ec2.internal   52m          2%     604Mi           18%       
ip-192-168-42-37.ec2.internal    43m          2%     503Mi           15%       
ip-192-168-58-108.ec2.internal   40m          2%     503Mi           15%       
2022-05-29T07:28:03
NAME                             CPU(cores)   CPU%   MEMORY(bytes)   MEMORY%   
ip-192-168-26-142.ec2.internal   1219m        63%    604Mi           18%       
ip-192-168-42-37.ec2.internal    1213m        62%    506Mi           15%       
ip-192-168-58-108.ec2.internal   1198m        62%    502Mi           15%       
2022-05-29T07:29:05
NAME                             CPU(cores)   CPU%   MEMORY(bytes)   MEMORY%   
ip-192-168-26-142.ec2.internal   1217m        63%    604Mi           18%       
ip-192-168-42-37.ec2.internal    1210m        62%    505Mi           15%       
ip-192-168-58-108.ec2.internal   1196m        61%    503Mi           15%       
2022-05-29T07:30:07
NAME                             CPU(cores)   CPU%   MEMORY(bytes)   MEMORY%   
ip-192-168-26-142.ec2.internal   58m          3%     605Mi           18%       
ip-192-168-42-37.ec2.internal    44m          2%     505Mi           15%       
ip-192-168-58-108.ec2.internal   42m          2%     503Mi           15%       
2022-05-29T07:31:09
NAME                             CPU(cores)   CPU%   MEMORY(bytes)   MEMORY%   
ip-192-168-26-142.ec2.internal   1209m        62%    604Mi           18%       
ip-192-168-42-37.ec2.internal    1232m        63%    505Mi           15%       
ip-192-168-58-108.ec2.internal   1226m        63%    504Mi           15%       
2022-05-29T07:32:11
NAME                             CPU(cores)   CPU%   MEMORY(bytes)   MEMORY%   
ip-192-168-26-142.ec2.internal   117m         6%     605Mi           18%       
ip-192-168-42-37.ec2.internal    45m          2%     505Mi           15%       
ip-192-168-58-108.ec2.internal   40m          2%     505Mi           15%       
2022-05-29T07:33:12
NAME                             CPU(cores)   CPU%   MEMORY(bytes)   MEMORY%   
ip-192-168-26-142.ec2.internal   435m         22%    605Mi           18%       
ip-192-168-42-37.ec2.internal    682m         35%    506Mi           15%       
ip-192-168-58-108.ec2.internal   877m         45%    505Mi           15%       
2022-05-29T07:34:14
NAME                             CPU(cores)   CPU%   MEMORY(bytes)   MEMORY%   
ip-192-168-26-142.ec2.internal   1192m        61%    607Mi           18%       
ip-192-168-42-37.ec2.internal    1228m        63%    505Mi           15%       
ip-192-168-58-108.ec2.internal   1215m        62%    504Mi           15%       
2022-05-29T07:35:16
NAME                             CPU(cores)   CPU%   MEMORY(bytes)   MEMORY%   
ip-192-168-26-142.ec2.internal   54m          2%     607Mi           18%       
ip-192-168-42-37.ec2.internal    42m          2%     507Mi           15%       
ip-192-168-58-108.ec2.internal   42m          2%     505Mi           15%       
2022-05-29T07:36:18
NAME                             CPU(cores)   CPU%   MEMORY(bytes)   MEMORY%   
ip-192-168-26-142.ec2.internal   53m          2%     606Mi           18%       
ip-192-168-42-37.ec2.internal    42m          2%     507Mi           15%       
ip-192-168-58-108.ec2.internal   45m          2%     504Mi           15%       
2022-05-29T07:37:19
NAME                             CPU(cores)   CPU%   MEMORY(bytes)   MEMORY%   
ip-192-168-26-142.ec2.internal   1222m        63%    606Mi           18%       
ip-192-168-42-37.ec2.internal    1023m        53%    507Mi           15%       
ip-192-168-58-108.ec2.internal   1225m        63%    503Mi           15%       
2022-05-29T07:38:21
NAME                             CPU(cores)   CPU%   MEMORY(bytes)   MEMORY%   
ip-192-168-26-142.ec2.internal   1209m        62%    606Mi           18%       
ip-192-168-42-37.ec2.internal    1218m        63%    506Mi           15%       
ip-192-168-58-108.ec2.internal   1179m        61%    503Mi           15%       
2022-05-29T07:39:23
NAME                             CPU(cores)   CPU%   MEMORY(bytes)   MEMORY%   
ip-192-168-26-142.ec2.internal   1215m        62%    605Mi           18%       
ip-192-168-42-37.ec2.internal    1207m        62%    507Mi           15%       
ip-192-168-58-108.ec2.internal   1219m        63%    504Mi           15%       
2022-05-29T07:40:25
NAME                             CPU(cores)   CPU%   MEMORY(bytes)   MEMORY%   
ip-192-168-26-142.ec2.internal   1209m        62%    606Mi           18%       
ip-192-168-42-37.ec2.internal    1206m        62%    507Mi           15%       
ip-192-168-58-108.ec2.internal   1166m        60%    504Mi           15%       
2022-05-29T07:41:27
NAME                             CPU(cores)   CPU%   MEMORY(bytes)   MEMORY%   
ip-192-168-26-142.ec2.internal   1221m        63%    608Mi           18%       
ip-192-168-42-37.ec2.internal    1134m        58%    506Mi           15%       
ip-192-168-58-108.ec2.internal   1212m        62%    504Mi           15%       
2022-05-29T07:42:28
NAME                             CPU(cores)   CPU%   MEMORY(bytes)   MEMORY%   
ip-192-168-26-142.ec2.internal   54m          2%     607Mi           18%       
ip-192-168-42-37.ec2.internal    44m          2%     505Mi           15%       
ip-192-168-58-108.ec2.internal   43m          2%     505Mi           15%       
2022-05-29T07:43:30
NAME                             CPU(cores)   CPU%   MEMORY(bytes)   MEMORY%   
ip-192-168-26-142.ec2.internal   1214m        62%    606Mi           18%       
ip-192-168-42-37.ec2.internal    1211m        62%    513Mi           15%       
ip-192-168-58-108.ec2.internal   1183m        61%    505Mi           15%       
2022-05-29T07:44:32
NAME                             CPU(cores)   CPU%   MEMORY(bytes)   MEMORY%   
ip-192-168-26-142.ec2.internal   1224m        63%    607Mi           18%       
ip-192-168-42-37.ec2.internal    1214m        62%    507Mi           15%       
ip-192-168-58-108.ec2.internal   1202m        62%    504Mi           15%       
2022-05-29T07:45:34
NAME                             CPU(cores)   CPU%   MEMORY(bytes)   MEMORY%   
ip-192-168-26-142.ec2.internal   1221m        63%    607Mi           18%       
ip-192-168-42-37.ec2.internal    1212m        62%    508Mi           15%       
ip-192-168-58-108.ec2.internal   1201m        62%    504Mi           15%       
2022-05-29T07:46:36
NAME                             CPU(cores)   CPU%   MEMORY(bytes)   MEMORY%   
ip-192-168-26-142.ec2.internal   1214m        62%    607Mi           18%       
ip-192-168-42-37.ec2.internal    1217m        63%    506Mi           15%       
ip-192-168-58-108.ec2.internal   1201m        62%    504Mi           15%       
2022-05-29T07:47:38
NAME                             CPU(cores)   CPU%   MEMORY(bytes)   MEMORY%   
ip-192-168-26-142.ec2.internal   1220m        63%    606Mi           18%       
ip-192-168-42-37.ec2.internal    1212m        62%    507Mi           15%       
ip-192-168-58-108.ec2.internal   1201m        62%    505Mi           15%       
2022-05-29T07:48:39
NAME                             CPU(cores)   CPU%   MEMORY(bytes)   MEMORY%   
ip-192-168-26-142.ec2.internal   54m          2%     607Mi           18%       
ip-192-168-42-37.ec2.internal    42m          2%     507Mi           15%       
ip-192-168-58-108.ec2.internal   43m          2%     503Mi           15%       
2022-05-29T07:49:41
NAME                             CPU(cores)   CPU%   MEMORY(bytes)   MEMORY%   
ip-192-168-26-142.ec2.internal   1213m        62%    607Mi           18%       
ip-192-168-42-37.ec2.internal    1223m        63%    506Mi           15%       
ip-192-168-58-108.ec2.internal   1043m        54%    504Mi           15%       
2022-05-29T07:50:43
NAME                             CPU(cores)   CPU%   MEMORY(bytes)   MEMORY%   
ip-192-168-26-142.ec2.internal   1218m        63%    607Mi           18%       
ip-192-168-42-37.ec2.internal    1218m        63%    507Mi           15%       
ip-192-168-58-108.ec2.internal   1056m        54%    504Mi           15%       
2022-05-29T07:51:45
NAME                             CPU(cores)   CPU%   MEMORY(bytes)   MEMORY%   
ip-192-168-26-142.ec2.internal   1214m        62%    609Mi           18%       
ip-192-168-42-37.ec2.internal    1224m        63%    507Mi           15%       
ip-192-168-58-108.ec2.internal   1066m        55%    505Mi           15%       
2022-05-29T07:52:46
NAME                             CPU(cores)   CPU%   MEMORY(bytes)   MEMORY%   
ip-192-168-26-142.ec2.internal   1218m        63%    607Mi           18%       
ip-192-168-42-37.ec2.internal    1222m        63%    507Mi           15%       
ip-192-168-58-108.ec2.internal   1064m        55%    505Mi           15%       
2022-05-29T07:53:48
NAME                             CPU(cores)   CPU%   MEMORY(bytes)   MEMORY%   
ip-192-168-26-142.ec2.internal   1210m        62%    607Mi           18%       
ip-192-168-42-37.ec2.internal    1224m        63%    507Mi           15%       
ip-192-168-58-108.ec2.internal   1045m        54%    504Mi           15%       
2022-05-29T07:54:50
NAME                             CPU(cores)   CPU%   MEMORY(bytes)   MEMORY%   
ip-192-168-26-142.ec2.internal   55m          2%     606Mi           18%       
ip-192-168-42-37.ec2.internal    43m          2%     507Mi           15%       
ip-192-168-58-108.ec2.internal   49m          2%     505Mi           15%       
2022-05-29T07:55:52
NAME                             CPU(cores)   CPU%   MEMORY(bytes)   MEMORY%   
ip-192-168-26-142.ec2.internal   1216m        63%    609Mi           18%       
ip-192-168-42-37.ec2.internal    1190m        61%    506Mi           15%       
ip-192-168-58-108.ec2.internal   1212m        62%    505Mi           15%       
2022-05-29T07:56:54
NAME                             CPU(cores)   CPU%   MEMORY(bytes)   MEMORY%   
ip-192-168-26-142.ec2.internal   1216m        63%    607Mi           18%       
ip-192-168-42-37.ec2.internal    1185m        61%    507Mi           15%       
ip-192-168-58-108.ec2.internal   1215m        62%    505Mi           15%       
2022-05-29T07:57:56
NAME                             CPU(cores)   CPU%   MEMORY(bytes)   MEMORY%   
ip-192-168-26-142.ec2.internal   1218m        63%    608Mi           18%       
ip-192-168-42-37.ec2.internal    1202m        62%    507Mi           15%       
ip-192-168-58-108.ec2.internal   1215m        62%    505Mi           15%       
2022-05-29T07:58:57
NAME                             CPU(cores)   CPU%   MEMORY(bytes)   MEMORY%   
ip-192-168-26-142.ec2.internal   1212m        62%    608Mi           18%       
ip-192-168-42-37.ec2.internal    1193m        61%    507Mi           15%       
ip-192-168-58-108.ec2.internal   1217m        63%    506Mi           15%       
2022-05-29T07:59:59
NAME                             CPU(cores)   CPU%   MEMORY(bytes)   MEMORY%   
ip-192-168-26-142.ec2.internal   1216m        63%    607Mi           18%       
ip-192-168-42-37.ec2.internal    1197m        62%    506Mi           15%       
ip-192-168-58-108.ec2.internal   1211m        62%    505Mi           15%       
2022-05-29T08:01:01
NAME                             CPU(cores)   CPU%   MEMORY(bytes)   MEMORY%   
ip-192-168-26-142.ec2.internal   49m          2%     552Mi           16%       
ip-192-168-42-37.ec2.internal    44m          2%     489Mi           14%       
ip-192-168-58-108.ec2.internal   211m         10%    740Mi           22%       
2022-05-29T08:02:03
NAME                             CPU(cores)   CPU%   MEMORY(bytes)   MEMORY%     
ip-192-168-58-108.ec2.internal   98m          5%     1072Mi          32%         
ip-192-168-26-142.ec2.internal   <unknown>                           <unknown>               <unknown>               <unknown>               
ip-192-168-42-37.ec2.internal    <unknown>                           <unknown>               <unknown>               <unknown>               
2022-05-29T08:03:05
NAME                             CPU(cores)   CPU%   MEMORY(bytes)   MEMORY%   
ip-192-168-58-108.ec2.internal   59m          3%     1075Mi          32%       
2022-05-29T08:04:07
NAME                             CPU(cores)   CPU%   MEMORY(bytes)   MEMORY%   
ip-192-168-58-108.ec2.internal   1232m        63%    953Mi           28%       
2022-05-29T08:05:08
NAME                             CPU(cores)   CPU%   MEMORY(bytes)   MEMORY%     
ip-192-168-58-108.ec2.internal   1230m        63%    615Mi           18%         
ip-192-168-15-192.ec2.internal   <unknown>                           <unknown>               <unknown>               <unknown>               
2022-05-29T08:06:10
NAME                             CPU(cores)   CPU%   MEMORY(bytes)   MEMORY%   
ip-192-168-15-192.ec2.internal   36m          1%     474Mi           14%       
ip-192-168-58-108.ec2.internal   1229m        63%    616Mi           18%       
2022-05-29T08:07:12
NAME                             CPU(cores)   CPU%   MEMORY(bytes)   MEMORY%   
ip-192-168-15-192.ec2.internal   1216m        63%    482Mi           14%       
ip-192-168-58-108.ec2.internal   1225m        63%    614Mi           18%       
2022-05-29T08:08:14
NAME                             CPU(cores)   CPU%   MEMORY(bytes)   MEMORY%     
ip-192-168-15-192.ec2.internal   1213m        62%    481Mi           14%         
ip-192-168-58-108.ec2.internal   1212m        62%    614Mi           18%         
ip-192-168-60-36.ec2.internal    <unknown>                           <unknown>               <unknown>               <unknown>               
2022-05-29T08:09:15
NAME                             CPU(cores)   CPU%   MEMORY(bytes)   MEMORY%   
ip-192-168-15-192.ec2.internal   854m         44%    482Mi           14%       
ip-192-168-58-108.ec2.internal   1223m        63%    615Mi           18%       
ip-192-168-60-36.ec2.internal    1215m        62%    478Mi           14%       
2022-05-29T08:10:17
NAME                             CPU(cores)   CPU%   MEMORY(bytes)   MEMORY%   
ip-192-168-15-192.ec2.internal   1027m        53%    482Mi           14%       
ip-192-168-58-108.ec2.internal   1223m        63%    613Mi           18%       
ip-192-168-60-36.ec2.internal    1205m        62%    481Mi           14%       
2022-05-29T08:11:19
NAME                             CPU(cores)   CPU%   MEMORY(bytes)   MEMORY%   
ip-192-168-15-192.ec2.internal   1196m        61%    482Mi           14%       
ip-192-168-58-108.ec2.internal   1212m        62%    613Mi           18%       
ip-192-168-60-36.ec2.internal    1204m        62%    482Mi           14%       
2022-05-29T08:12:21
NAME                             CPU(cores)   CPU%   MEMORY(bytes)   MEMORY%   
ip-192-168-15-192.ec2.internal   1187m        61%    483Mi           14%       
ip-192-168-58-108.ec2.internal   1175m        60%    613Mi           18%       
ip-192-168-60-36.ec2.internal    1201m        62%    483Mi           14%       
2022-05-29T08:13:23
NAME                             CPU(cores)   CPU%   MEMORY(bytes)   MEMORY%   
ip-192-168-15-192.ec2.internal   1185m        61%    482Mi           14%       
ip-192-168-58-108.ec2.internal   1218m        63%    614Mi           18%       
ip-192-168-60-36.ec2.internal    1219m        63%    483Mi           14%       
2022-05-29T08:14:24
NAME                             CPU(cores)   CPU%   MEMORY(bytes)   MEMORY%   
ip-192-168-15-192.ec2.internal   1209m        62%    483Mi           14%       
ip-192-168-58-108.ec2.internal   1221m        63%    613Mi           18%       
ip-192-168-60-36.ec2.internal    1197m        62%    485Mi           14%       
2022-05-29T08:15:26
NAME                             CPU(cores)   CPU%   MEMORY(bytes)   MEMORY%   
ip-192-168-15-192.ec2.internal   1206m        62%    484Mi           14%       
ip-192-168-58-108.ec2.internal   1187m        61%    614Mi           18%       
ip-192-168-60-36.ec2.internal    1219m        63%    484Mi           14%       
2022-05-29T08:16:28
NAME                             CPU(cores)   CPU%   MEMORY(bytes)   MEMORY%   
ip-192-168-15-192.ec2.internal   1201m        62%    485Mi           14%       
ip-192-168-58-108.ec2.internal   1194m        61%    614Mi           18%       
ip-192-168-60-36.ec2.internal    1210m        62%    485Mi           14%       
2022-05-29T08:17:30
NAME                             CPU(cores)   CPU%   MEMORY(bytes)   MEMORY%   
ip-192-168-15-192.ec2.internal   1202m        62%    484Mi           14%       
ip-192-168-58-108.ec2.internal   1325m        68%    623Mi           18%       
ip-192-168-60-36.ec2.internal    1218m        63%    485Mi           14%       
2022-05-29T08:18:32
2022-05-29T08:19:34
NAME                             CPU(cores)   CPU%   MEMORY(bytes)   MEMORY%     
ip-192-168-58-108.ec2.internal   41m          2%     548Mi           16%         
ip-192-168-60-36.ec2.internal    157m         8%     1047Mi          31%         
ip-192-168-15-192.ec2.internal   <unknown>                           <unknown>               <unknown>               <unknown>               
2022-05-29T08:20:35
NAME                             CPU(cores)   CPU%   MEMORY(bytes)   MEMORY%     
ip-192-168-60-36.ec2.internal    62m          3%     1056Mi          31%         
ip-192-168-58-108.ec2.internal   <unknown>                           <unknown>               <unknown>               <unknown>               
2022-05-29T08:21:37
NAME                            CPU(cores)   CPU%   MEMORY(bytes)   MEMORY%   
ip-192-168-60-36.ec2.internal   56m          2%     934Mi           28%       
2022-05-29T08:22:39
NAME                            CPU(cores)   CPU%   MEMORY(bytes)   MEMORY%   
ip-192-168-60-36.ec2.internal   1233m        63%    953Mi           28%       
2022-05-29T08:23:40
NAME                            CPU(cores)   CPU%   MEMORY(bytes)   MEMORY%     
ip-192-168-60-36.ec2.internal   1231m        63%    613Mi           18%         
ip-192-168-16-95.ec2.internal   <unknown>                           <unknown>               <unknown>               <unknown>               
2022-05-29T08:24:42
NAME                            CPU(cores)   CPU%   MEMORY(bytes)   MEMORY%   
ip-192-168-16-95.ec2.internal   1214m        62%    477Mi           14%       
ip-192-168-60-36.ec2.internal   1225m        63%    614Mi           18%       
2022-05-29T08:25:44
NAME                            CPU(cores)   CPU%   MEMORY(bytes)   MEMORY%   
ip-192-168-16-95.ec2.internal   1077m        55%    480Mi           14%       
ip-192-168-3-29.ec2.internal    257m         13%    434Mi           13%       
ip-192-168-60-36.ec2.internal   1224m        63%    613Mi           18%       
2022-05-29T08:26:46
NAME                            CPU(cores)   CPU%   MEMORY(bytes)   MEMORY%   
ip-192-168-16-95.ec2.internal   1220m        63%    480Mi           14%       
ip-192-168-3-29.ec2.internal    41m          2%     419Mi           12%       
ip-192-168-60-36.ec2.internal   1221m        63%    614Mi           18%       
2022-05-29T08:27:47
NAME                            CPU(cores)   CPU%   MEMORY(bytes)   MEMORY%   
ip-192-168-16-95.ec2.internal   1221m        63%    480Mi           14%       
ip-192-168-3-29.ec2.internal    43m          2%     497Mi           14%       
ip-192-168-60-36.ec2.internal   1231m        63%    613Mi           18%       
2022-05-29T08:28:49
NAME                            CPU(cores)   CPU%   MEMORY(bytes)   MEMORY%   
ip-192-168-16-95.ec2.internal   1210m        62%    482Mi           14%       
ip-192-168-3-29.ec2.internal    1212m        62%    502Mi           15%       
ip-192-168-60-36.ec2.internal   1211m        62%    612Mi           18%       
2022-05-29T08:29:51
NAME                            CPU(cores)   CPU%   MEMORY(bytes)   MEMORY%   
ip-192-168-16-95.ec2.internal   1229m        63%    482Mi           14%       
ip-192-168-3-29.ec2.internal    1103m        57%    503Mi           15%       
ip-192-168-60-36.ec2.internal   1213m        62%    614Mi           18%       
2022-05-29T08:30:53
NAME                            CPU(cores)   CPU%   MEMORY(bytes)   MEMORY%   
ip-192-168-16-95.ec2.internal   1217m        63%    482Mi           14%       
ip-192-168-3-29.ec2.internal    1216m        63%    503Mi           15%       
ip-192-168-60-36.ec2.internal   1210m        62%    613Mi           18%       
2022-05-29T08:31:55
NAME                            CPU(cores)   CPU%   MEMORY(bytes)   MEMORY%   
ip-192-168-16-95.ec2.internal   1223m        63%    484Mi           14%       
ip-192-168-3-29.ec2.internal    1219m        63%    505Mi           15%       
ip-192-168-60-36.ec2.internal   1211m        62%    614Mi           18%       
2022-05-29T08:32:57
NAME                            CPU(cores)   CPU%   MEMORY(bytes)   MEMORY%   
ip-192-168-16-95.ec2.internal   1215m        62%    484Mi           14%       
ip-192-168-3-29.ec2.internal    1218m        63%    505Mi           15%       
ip-192-168-60-36.ec2.internal   1193m        61%    613Mi           18%       
2022-05-29T08:33:59
NAME                            CPU(cores)   CPU%   MEMORY(bytes)   MEMORY%   
ip-192-168-16-95.ec2.internal   1206m        62%    483Mi           14%       
ip-192-168-3-29.ec2.internal    1221m        63%    504Mi           15%       
ip-192-168-60-36.ec2.internal   1217m        63%    612Mi           18%       
2022-05-29T08:35:00
NAME                            CPU(cores)   CPU%   MEMORY(bytes)   MEMORY%   
ip-192-168-16-95.ec2.internal   1199m        62%    485Mi           14%       
ip-192-168-3-29.ec2.internal    1212m        62%    504Mi           15%       
ip-192-168-60-36.ec2.internal   1213m        62%    613Mi           18%       
2022-05-29T08:36:02
NAME                            CPU(cores)   CPU%   MEMORY(bytes)   MEMORY%   
ip-192-168-16-95.ec2.internal   1228m        63%    484Mi           14%       
ip-192-168-3-29.ec2.internal    1044m        54%    504Mi           15%       
ip-192-168-60-36.ec2.internal   1224m        63%    612Mi           18%       
2022-05-29T08:37:04
NAME                            CPU(cores)   CPU%   MEMORY(bytes)   MEMORY%   
ip-192-168-16-95.ec2.internal   51m          2%     464Mi           13%       
ip-192-168-3-29.ec2.internal    61m          3%     483Mi           14%       
ip-192-168-60-36.ec2.internal   60m          3%     613Mi           18%       
2022-05-29T08:38:06
NAME                            CPU(cores)   CPU%   MEMORY(bytes)   MEMORY%     
ip-192-168-3-29.ec2.internal    104m         5%     1065Mi          31%         
ip-192-168-60-36.ec2.internal   53m          2%     536Mi           16%         
ip-192-168-16-95.ec2.internal   <unknown>                           <unknown>               <unknown>               <unknown>               
2022-05-29T08:39:07
NAME                           CPU(cores)   CPU%   MEMORY(bytes)   MEMORY%   
ip-192-168-3-29.ec2.internal   58m          3%     1075Mi          32%       
2022-05-29T08:40:09
NAME                           CPU(cores)   CPU%   MEMORY(bytes)   MEMORY%   
ip-192-168-3-29.ec2.internal   85m          4%     970Mi           29%       
2022-05-29T08:41:11
NAME                           CPU(cores)   CPU%   MEMORY(bytes)   MEMORY%   
ip-192-168-3-29.ec2.internal   1230m        63%    970Mi           29%       
2022-05-29T08:42:12
NAME                             CPU(cores)   CPU%   MEMORY(bytes)   MEMORY%     
ip-192-168-3-29.ec2.internal     1227m        63%    633Mi           19%         
ip-192-168-57-116.ec2.internal   <unknown>                           <unknown>               <unknown>               <unknown>               
2022-05-29T08:43:14
NAME                             CPU(cores)   CPU%   MEMORY(bytes)   MEMORY%   
ip-192-168-3-29.ec2.internal     1227m        63%    632Mi           19%       
ip-192-168-57-116.ec2.internal   33m          1%     411Mi           12%       
2022-05-29T08:44:16
NAME                             CPU(cores)   CPU%   MEMORY(bytes)   MEMORY%   
ip-192-168-3-29.ec2.internal     1234m        63%    631Mi           18%       
ip-192-168-57-116.ec2.internal   63m          3%     452Mi           13%       
2022-05-29T08:45:17
NAME                             CPU(cores)   CPU%   MEMORY(bytes)   MEMORY%   
ip-192-168-3-29.ec2.internal     1219m        63%    632Mi           18%       
ip-192-168-57-116.ec2.internal   1148m        59%    499Mi           14%       
2022-05-29T08:46:19
NAME                             CPU(cores)   CPU%   MEMORY(bytes)   MEMORY%   
ip-192-168-26-174.ec2.internal   851m         44%    422Mi           12%       
ip-192-168-3-29.ec2.internal     1212m        62%    631Mi           18%       
ip-192-168-57-116.ec2.internal   1192m        61%    503Mi           15%       
2022-05-29T08:47:21
NAME                             CPU(cores)   CPU%   MEMORY(bytes)   MEMORY%   
ip-192-168-26-174.ec2.internal   1208m        62%    476Mi           14%       
ip-192-168-3-29.ec2.internal     1224m        63%    632Mi           18%       
ip-192-168-57-116.ec2.internal   1160m        60%    502Mi           15%       
2022-05-29T08:48:23
NAME                             CPU(cores)   CPU%   MEMORY(bytes)   MEMORY%   
ip-192-168-26-174.ec2.internal   1189m        61%    481Mi           14%       
ip-192-168-3-29.ec2.internal     1228m        63%    634Mi           19%       
ip-192-168-57-116.ec2.internal   1148m        59%    503Mi           15%       
2022-05-29T08:49:24
NAME                             CPU(cores)   CPU%   MEMORY(bytes)   MEMORY%   
ip-192-168-26-174.ec2.internal   1186m        61%    483Mi           14%       
ip-192-168-3-29.ec2.internal     1212m        62%    631Mi           18%       
ip-192-168-57-116.ec2.internal   1147m        59%    503Mi           15%       
2022-05-29T08:50:26
NAME                             CPU(cores)   CPU%   MEMORY(bytes)   MEMORY%   
ip-192-168-26-174.ec2.internal   1062m        55%    482Mi           14%       
ip-192-168-3-29.ec2.internal     1026m        53%    630Mi           18%       
ip-192-168-57-116.ec2.internal   1055m        54%    505Mi           15%       
2022-05-29T08:51:28
NAME                             CPU(cores)   CPU%   MEMORY(bytes)   MEMORY%   
ip-192-168-26-174.ec2.internal   990m         51%    484Mi           14%       
ip-192-168-3-29.ec2.internal     995m         51%    631Mi           18%       
ip-192-168-57-116.ec2.internal   959m         49%    504Mi           15%       
2022-05-29T08:52:30
NAME                             CPU(cores)   CPU%   MEMORY(bytes)   MEMORY%   
ip-192-168-26-174.ec2.internal   982m         50%    483Mi           14%       
ip-192-168-3-29.ec2.internal     1014m        52%    630Mi           18%       
ip-192-168-57-116.ec2.internal   944m         48%    503Mi           15%       
2022-05-29T08:53:32
NAME                             CPU(cores)   CPU%   MEMORY(bytes)   MEMORY%   
ip-192-168-26-174.ec2.internal   992m         51%    484Mi           14%       
ip-192-168-3-29.ec2.internal     1020m        52%    631Mi           18%       
ip-192-168-57-116.ec2.internal   947m         49%    504Mi           15%       
2022-05-29T08:54:33
NAME                             CPU(cores)   CPU%   MEMORY(bytes)   MEMORY%   
ip-192-168-26-174.ec2.internal   1214m        62%    485Mi           14%       
ip-192-168-3-29.ec2.internal     1216m        63%    631Mi           18%       
ip-192-168-57-116.ec2.internal   1196m        61%    505Mi           15%       
2022-05-29T08:55:35
NAME                             CPU(cores)   CPU%   MEMORY(bytes)   MEMORY%   
ip-192-168-26-174.ec2.internal   42m          2%     485Mi           14%       
ip-192-168-3-29.ec2.internal     62m          3%     632Mi           18%       
ip-192-168-57-116.ec2.internal   45m          2%     506Mi           15%       
2022-05-29T08:56:37
NAME                             CPU(cores)   CPU%   MEMORY(bytes)   MEMORY%   
ip-192-168-26-174.ec2.internal   42m          2%     485Mi           14%       
ip-192-168-3-29.ec2.internal     59m          3%     632Mi           18%       
ip-192-168-57-116.ec2.internal   43m          2%     524Mi           15%       
2022-05-29T08:57:38
NAME                             CPU(cores)   CPU%   MEMORY(bytes)   MEMORY%   
ip-192-168-26-174.ec2.internal   41m          2%     486Mi           14%       
ip-192-168-3-29.ec2.internal     58m          3%     633Mi           19%       
ip-192-168-57-116.ec2.internal   42m          2%     523Mi           15%       
2022-05-29T08:58:40
NAME                             CPU(cores)   CPU%   MEMORY(bytes)   MEMORY%   
ip-192-168-26-174.ec2.internal   41m          2%     486Mi           14%       
ip-192-168-3-29.ec2.internal     60m          3%     632Mi           19%       
ip-192-168-57-116.ec2.internal   41m          2%     524Mi           15%       
