+ git log -3
commit 41cf33201aead23cba1f1e121e9d87237bf6cc23
Author: Your Name <you@example.com>
Date:   Tue Mar 29 08:52:16 2022 +1300

    more logging

commit 0c47b221b750550e4a95f529bba3d75a205557ea
Author: Your Name <you@example.com>
Date:   Sun Mar 27 08:46:05 2022 +1300

    adjust Taewa lite and add Tewa extra tests

commit 865b4d5a55b8bf5cca7934deda9a241b9cbff638
Author: Your Name <you@example.com>
Date:   Sat Mar 26 21:35:59 2022 +1300

    reduce apache2 deployment requests
++ cut -d _ -f 2
+ app=taewa
+ export AWS_DEFAULT_REGION=us-east-1
+ AWS_DEFAULT_REGION=us-east-1
+ line===============================
++ date +%FT%T
+ echo '[2022-04-07T07:40:26]==============================[starting' in '/tmp/k8s-vs-ASG/data/cli]=============================='
[2022-04-07T07:40:26]==============================[starting in /tmp/k8s-vs-ASG/data/cli]==============================
+ source 0.setup.sh
++ set -x
++ '[' asg_taewa_3extra == k8s_apache_3 ']'
++ '[' asg_taewa_3extra == asg_apache_3 ']'
++ '[' asg_taewa_3extra == k8s_apache2_3 ']'
++ '[' asg_taewa_3extra == k8s_taewa_3 ']'
++ '[' asg_taewa_3extra == asg_taewa_3 ']'
++ '[' asg_taewa_3extra == k8s_taewa_3lite ']'
++ '[' asg_taewa_3extra == asg_taewa_3lite ']'
++ '[' asg_taewa_3extra == k8s_taewa_3extra ']'
++ '[' asg_taewa_3extra == asg_taewa_3extra ']'
++ warmup_url='3000/?n=80000'
++ testing_url='3000/?n=80000'
++ cpu_perc=35
++ warmup_min_threads=5
++ warmup_max_threads=10
++ warmup_cycle_sec=90
++ scaling_minutes=14
++ performance_sec=300
++ max_capacity=3
++ fortio_options='-a -qps -1 -r 0.01 -loglevel Error -allow-initial-errors'
++ '[' asg_taewa_3extra == k8s_taewa_6 ']'
++ '[' asg_taewa_3extra == asg_taewa_6 ']'
++ '[' asg_taewa_3extra == k8s_riwai_3 ']'
++ '[' asg_taewa_3extra == asg_riwai_3 ']'
++ '[' asg_taewa_3extra == asg_raupi_3 ']'
++ '[' asg_taewa_3extra == k8s_raupi_3 ']'
++ set +x
{
    "Account": "616987080657", 
    "UserId": "AIDAY7J2LW7I4WZTKK2ZP", 
    "Arn": "arn:aws:iam::616987080657:user/ad"
}
[2022-04-07T07:40:34] waiting for instances ...
scaling to 3
{
    "HealthCheck": {
        "HealthyThreshold": 2, 
        "Interval": 10, 
        "Target": "HTTP:3000/?n=80000", 
        "Timeout": 5, 
        "UnhealthyThreshold": 6
    }
}
  % Total    % Received % Xferd  Average Speed   Time    Time     Time  Current
                                 Dload  Upload   Total   Spent    Left  Speed
  0     0    0     0    0     0      0      0 --:--:-- --:--:-- --:--:--     0100    44    0    44    0     0   3619      0 --:--:-- --:--:-- --:--:--  3666
The result of this run is :  19972.415462878
[2022-04-07T07:45:38]==============================[STATS]
jh CPU load avg:
0.04 0.25 0.18 1/156 2879
i-0174400752c8013ac
InService
Healthy
{}
i-0935d000b1d0ab39a
InService
Healthy
{}
i-0f539454a16ee2b7d
InService
Healthy
{}
[2022-04-07T07:45:39]==============================[WARMUP RUN c5]==============================
07:45:39 I logger.go:127> Log level is now 4 Error (was 2 Info)
Fortio 1.19.0 running at -1 queries per second, 2->2 procs, for 1m30s: http://asg-1-lb-651490904.us-east-1.elb.amazonaws.com:3000/?n=80000
Aggregated Function Time : count 51801 avg 0.0086868209 +/- 0.003106 min 0.002597086 max 0.031964156 sum 449.986009
# target 50% 0.00800758
# target 75% 0.0120918
# target 90% 0.0168544
# target 99% 0.0197119
# target 99.9% 0.0199977
Sockets used: 5 (for perfect keepalive, would be 5)
Jitter: false
Code 200 : 51801 (100.0 %)
All done 51801 calls (plus 5 warmup) 8.687 ms avg, 575.5 qps
Successfully wrote 2197 bytes of Json data to 2022-04-07-074539_asg_taewa_3extra_warmup_5.json
fortio exit code: 0
[2022-04-07T07:47:09]==============================[STATS]
jh CPU load avg:
0.07 0.20 0.16 1/157 2899
i-0174400752c8013ac
InService
Healthy
{}
i-0935d000b1d0ab39a
InService
Healthy
{}
i-0f539454a16ee2b7d
InService
Healthy
{}
[2022-04-07T07:48:09]==============================[STATS]
jh CPU load avg:
0.02 0.16 0.15 1/157 2908
i-0174400752c8013ac
InService
Healthy
{}
i-0935d000b1d0ab39a
InService
Healthy
{}
i-0f539454a16ee2b7d
InService
Healthy
{}
[2022-04-07T07:48:10]==============================[WARMUP RUN c6]==============================
07:48:10 I logger.go:127> Log level is now 4 Error (was 2 Info)
Fortio 1.19.0 running at -1 queries per second, 2->2 procs, for 1m30s: http://asg-1-lb-651490904.us-east-1.elb.amazonaws.com:3000/?n=80000
Aggregated Function Time : count 138150 avg 0.0039084573 +/- 0.001652 min 0.002209793 max 0.211667445 sum 539.953382
# target 50% 0.00611675
# target 75% 0.00807025
# target 90% 0.00924235
# target 99% 0.00994562
# target 99.9% 0.0170639
Sockets used: 6 (for perfect keepalive, would be 6)
Jitter: false
Code 200 : 138150 (100.0 %)
All done 138150 calls (plus 6 warmup) 3.908 ms avg, 1534.9 qps
Successfully wrote 2206 bytes of Json data to 2022-04-07-074810_asg_taewa_3extra_warmup_6.json
fortio exit code: 0
[2022-04-07T07:49:40]==============================[STATS]
jh CPU load avg:
0.07 0.14 0.15 1/157 2925
i-0174400752c8013ac
InService
Healthy
{}
i-0935d000b1d0ab39a
InService
Healthy
{}
i-0f539454a16ee2b7d
InService
Healthy
{}
[2022-04-07T07:50:41]==============================[STATS]
jh CPU load avg:
0.02 0.11 0.13 1/158 2940
i-0174400752c8013ac
InService
Healthy
{}
i-0935d000b1d0ab39a
InService
Healthy
{}
i-0f539454a16ee2b7d
InService
Healthy
{}
[2022-04-07T07:50:41]==============================[WARMUP RUN c7]==============================
07:50:41 I logger.go:127> Log level is now 4 Error (was 2 Info)
Fortio 1.19.0 running at -1 queries per second, 2->2 procs, for 1m30s: http://asg-1-lb-651490904.us-east-1.elb.amazonaws.com:3000/?n=80000
Aggregated Function Time : count 135727 avg 0.0046412786 +/- 0.002363 min 0.002264578 max 0.033343853 sum 629.94682
# target 50% 0.00627995
# target 75% 0.00828766
# target 90% 0.00949229
# target 99% 0.0173429
# target 99.9% 0.0198107
Sockets used: 7 (for perfect keepalive, would be 7)
Jitter: false
Code 200 : 135727 (100.0 %)
All done 135727 calls (plus 7 warmup) 4.641 ms avg, 1508.0 qps
Successfully wrote 2208 bytes of Json data to 2022-04-07-075042_asg_taewa_3extra_warmup_7.json
fortio exit code: 0
[2022-04-07T07:52:12]==============================[STATS]
jh CPU load avg:
0.28 0.16 0.14 1/158 2959
i-0174400752c8013ac
InService
Healthy
{}
i-0935d000b1d0ab39a
InService
Healthy
{}
i-0f539454a16ee2b7d
InService
Healthy
{}
[2022-04-07T07:53:12]==============================[STATS]
jh CPU load avg:
0.12 0.14 0.14 1/158 2968
i-0174400752c8013ac
InService
Healthy
{}
i-0935d000b1d0ab39a
InService
Healthy
{}
i-0f539454a16ee2b7d
InService
Healthy
{}
[2022-04-07T07:53:13]==============================[WARMUP RUN c8]==============================
07:53:13 I logger.go:127> Log level is now 4 Error (was 2 Info)
Fortio 1.19.0 running at -1 queries per second, 2->2 procs, for 1m30s: http://asg-1-lb-651490904.us-east-1.elb.amazonaws.com:3000/?n=80000
Aggregated Function Time : count 155679 avg 0.0046245873 +/- 0.002269 min 0.002258455 max 0.21007453 sum 719.951123
# target 50% 0.00646564
# target 75% 0.00856925
# target 90% 0.00983142
# target 99% 0.0187713
# target 99.9% 0.0198996
Sockets used: 8 (for perfect keepalive, would be 8)
Jitter: false
Code 200 : 155679 (100.0 %)
All done 155679 calls (plus 8 warmup) 4.625 ms avg, 1729.6 qps
Successfully wrote 2324 bytes of Json data to 2022-04-07-075313_asg_taewa_3extra_warmup_8.json
fortio exit code: 0
[2022-04-07T07:54:43]==============================[STATS]
jh CPU load avg:
0.02 0.10 0.12 1/158 2987
i-0174400752c8013ac
InService
Healthy
{}
i-0935d000b1d0ab39a
InService
Healthy
{}
i-0f539454a16ee2b7d
InService
Healthy
{}
[2022-04-07T07:55:44]==============================[STATS]
jh CPU load avg:
0.01 0.08 0.11 1/156 2996
i-0174400752c8013ac
InService
Healthy
{}
i-0935d000b1d0ab39a
InService
Healthy
{}
i-0f539454a16ee2b7d
InService
Healthy
{}
[2022-04-07T07:55:44]==============================[WARMUP RUN c9]==============================
07:55:44 I logger.go:127> Log level is now 4 Error (was 2 Info)
Fortio 1.19.0 running at -1 queries per second, 2->2 procs, for 1m30s: http://asg-1-lb-651490904.us-east-1.elb.amazonaws.com:3000/?n=80000
Aggregated Function Time : count 152981 avg 0.0052944497 +/- 0.003198 min 0.002300584 max 0.2091511 sum 809.950212
# target 50% 0.00653006
# target 75% 0.00864482
# target 90% 0.00991368
# target 99% 0.0189765
# target 99.9% 0.019989
Sockets used: 9 (for perfect keepalive, would be 9)
Jitter: false
Code 200 : 152981 (100.0 %)
All done 152981 calls (plus 9 warmup) 5.294 ms avg, 1699.6 qps
Successfully wrote 2444 bytes of Json data to 2022-04-07-075545_asg_taewa_3extra_warmup_9.json
fortio exit code: 0
[2022-04-07T07:57:15]==============================[STATS]
jh CPU load avg:
0.00 0.05 0.09 1/157 3015
i-0174400752c8013ac
InService
Healthy
{}
i-0935d000b1d0ab39a
InService
Healthy
{}
i-0f539454a16ee2b7d
InService
Healthy
{}
[2022-04-07T07:58:15]==============================[STATS]
jh CPU load avg:
0.00 0.04 0.08 1/157 3024
i-0174400752c8013ac
InService
Healthy
{}
i-0935d000b1d0ab39a
InService
Healthy
{}
i-0f539454a16ee2b7d
InService
Healthy
{}
[2022-04-07T07:58:16]==============================[WARMUP RUN c10]==============================
07:58:16 I logger.go:127> Log level is now 4 Error (was 2 Info)
Fortio 1.19.0 running at -1 queries per second, 2->2 procs, for 1m30s: http://asg-1-lb-651490904.us-east-1.elb.amazonaws.com:3000/?n=80000
Aggregated Function Time : count 155370 avg 0.0057923202 +/- 0.003271 min 0.00233699 max 0.220323283 sum 899.95279
# target 50% 0.00654886
# target 75% 0.00865482
# target 90% 0.0099184
# target 99% 0.0189463
# target 99.9% 0.0199488
Sockets used: 10 (for perfect keepalive, would be 10)
Jitter: false
Code 200 : 155370 (100.0 %)
All done 155370 calls (plus 10 warmup) 5.792 ms avg, 1726.2 qps
Successfully wrote 2447 bytes of Json data to 2022-04-07-075816_asg_taewa_3extra_warmup_10.json
fortio exit code: 0
[2022-04-07T07:59:46]==============================[STATS]
jh CPU load avg:
0.04 0.04 0.08 1/157 3041
i-0174400752c8013ac
InService
Healthy
{}
i-0935d000b1d0ab39a
InService
Healthy
{}
i-0f539454a16ee2b7d
InService
Healthy
{}
{
    "LoadBalancerDescriptions": [
        {
            "Subnets": [
                "subnet-0408ec27729f96784", 
                "subnet-082262cbfc43ab7b9"
            ], 
            "CanonicalHostedZoneNameID": "Z35SXDOTRQ7X7K", 
            "CanonicalHostedZoneName": "asg-1-lb-651490904.us-east-1.elb.amazonaws.com", 
            "ListenerDescriptions": [
                {
                    "Listener": {
                        "InstancePort": 3000, 
                        "LoadBalancerPort": 3000, 
                        "Protocol": "TCP", 
                        "InstanceProtocol": "TCP"
                    }, 
                    "PolicyNames": []
                }, 
                {
                    "Listener": {
                        "InstancePort": 80, 
                        "LoadBalancerPort": 80, 
                        "Protocol": "TCP", 
                        "InstanceProtocol": "TCP"
                    }, 
                    "PolicyNames": []
                }
            ], 
            "HealthCheck": {
                "HealthyThreshold": 2, 
                "Interval": 10, 
                "Target": "HTTP:3000/?n=80000", 
                "Timeout": 5, 
                "UnhealthyThreshold": 6
            }, 
            "VPCId": "vpc-050c6742b3b381a95", 
            "BackendServerDescriptions": [], 
            "Instances": [
                {
                    "InstanceId": "i-0f539454a16ee2b7d"
                }, 
                {
                    "InstanceId": "i-0174400752c8013ac"
                }, 
                {
                    "InstanceId": "i-0935d000b1d0ab39a"
                }
            ], 
            "DNSName": "asg-1-lb-651490904.us-east-1.elb.amazonaws.com", 
            "SecurityGroups": [
                "sg-0f50e843193f01e95"
            ], 
            "Policies": {
                "LBCookieStickinessPolicies": [], 
                "AppCookieStickinessPolicies": [], 
                "OtherPolicies": []
            }, 
            "LoadBalancerName": "asg-1-lb", 
            "CreatedTime": "2022-04-07T07:36:00.760Z", 
            "AvailabilityZones": [
                "us-east-1b", 
                "us-east-1a"
            ], 
            "Scheme": "internet-facing", 
            "SourceSecurityGroup": {
                "OwnerAlias": "616987080657", 
                "GroupName": "asg-1-ALBSecurityGroup-1JIF2ASO9IFPS"
            }
        }
    ]
}
{
    "AutoScalingGroups": [
        {
            "AutoScalingGroupARN": "arn:aws:autoscaling:us-east-1:616987080657:autoScalingGroup:a341cdc4-82ad-4418-baa5-fac9a1672e85:autoScalingGroupName/asg-1-myASG", 
            "ServiceLinkedRoleARN": "arn:aws:iam::616987080657:role/aws-service-role/autoscaling.amazonaws.com/AWSServiceRoleForAutoScaling", 
            "TargetGroupARNs": [], 
            "SuspendedProcesses": [], 
            "LaunchTemplate": {
                "LaunchTemplateName": "asg-1-launch-template", 
                "Version": "1", 
                "LaunchTemplateId": "lt-0207760569c99901e"
            }, 
            "Tags": [
                {
                    "ResourceType": "auto-scaling-group", 
                    "ResourceId": "asg-1-myASG", 
                    "PropagateAtLaunch": true, 
                    "Value": "asg-1-instance", 
                    "Key": "Name"
                }, 
                {
                    "ResourceType": "auto-scaling-group", 
                    "ResourceId": "asg-1-myASG", 
                    "PropagateAtLaunch": false, 
                    "Value": "WebServerGroup", 
                    "Key": "Purpose"
                }, 
                {
                    "ResourceType": "auto-scaling-group", 
                    "ResourceId": "asg-1-myASG", 
                    "PropagateAtLaunch": true, 
                    "Value": "myASG", 
                    "Key": "aws:cloudformation:logical-id"
                }, 
                {
                    "ResourceType": "auto-scaling-group", 
                    "ResourceId": "asg-1-myASG", 
                    "PropagateAtLaunch": true, 
                    "Value": "arn:aws:cloudformation:us-east-1:616987080657:stack/asg-1/550c7080-b645-11ec-896c-0af7f0596405", 
                    "Key": "aws:cloudformation:stack-id"
                }, 
                {
                    "ResourceType": "auto-scaling-group", 
                    "ResourceId": "asg-1-myASG", 
                    "PropagateAtLaunch": true, 
                    "Value": "asg-1", 
                    "Key": "aws:cloudformation:stack-name"
                }
            ], 
            "EnabledMetrics": [
                {
                    "Metric": "GroupInServiceInstances", 
                    "Granularity": "1Minute"
                }, 
                {
                    "Metric": "WarmPoolPendingCapacity", 
                    "Granularity": "1Minute"
                }, 
                {
                    "Metric": "GroupAndWarmPoolDesiredCapacity", 
                    "Granularity": "1Minute"
                }, 
                {
                    "Metric": "GroupPendingCapacity", 
                    "Granularity": "1Minute"
                }, 
                {
                    "Metric": "GroupMinSize", 
                    "Granularity": "1Minute"
                }, 
                {
                    "Metric": "GroupTerminatingInstances", 
                    "Granularity": "1Minute"
                }, 
                {
                    "Metric": "WarmPoolMinSize", 
                    "Granularity": "1Minute"
                }, 
                {
                    "Metric": "WarmPoolTerminatingCapacity", 
                    "Granularity": "1Minute"
                }, 
                {
                    "Metric": "GroupMaxSize", 
                    "Granularity": "1Minute"
                }, 
                {
                    "Metric": "GroupStandbyInstances", 
                    "Granularity": "1Minute"
                }, 
                {
                    "Metric": "WarmPoolDesiredCapacity", 
                    "Granularity": "1Minute"
                }, 
                {
                    "Metric": "WarmPoolTotalCapacity", 
                    "Granularity": "1Minute"
                }, 
                {
                    "Metric": "GroupTerminatingCapacity", 
                    "Granularity": "1Minute"
                }, 
                {
                    "Metric": "GroupPendingInstances", 
                    "Granularity": "1Minute"
                }, 
                {
                    "Metric": "WarmPoolWarmedCapacity", 
                    "Granularity": "1Minute"
                }, 
                {
                    "Metric": "GroupDesiredCapacity", 
                    "Granularity": "1Minute"
                }, 
                {
                    "Metric": "GroupTotalInstances", 
                    "Granularity": "1Minute"
                }, 
                {
                    "Metric": "GroupAndWarmPoolTotalCapacity", 
                    "Granularity": "1Minute"
                }, 
                {
                    "Metric": "GroupInServiceCapacity", 
                    "Granularity": "1Minute"
                }, 
                {
                    "Metric": "GroupStandbyCapacity", 
                    "Granularity": "1Minute"
                }, 
                {
                    "Metric": "GroupTotalCapacity", 
                    "Granularity": "1Minute"
                }
            ], 
            "TerminationPolicies": [
                "Default"
            ], 
            "AutoScalingGroupName": "asg-1-myASG", 
            "DefaultCooldown": 300, 
            "MinSize": 1, 
            "Instances": [
                {
                    "ProtectedFromScaleIn": false, 
                    "AvailabilityZone": "us-east-1a", 
                    "LaunchTemplate": {
                        "LaunchTemplateName": "asg-1-launch-template", 
                        "Version": "1", 
                        "LaunchTemplateId": "lt-0207760569c99901e"
                    }, 
                    "InstanceId": "i-0174400752c8013ac", 
                    "HealthStatus": "Healthy", 
                    "LifecycleState": "InService", 
                    "InstanceType": "t3.medium"
                }, 
                {
                    "ProtectedFromScaleIn": false, 
                    "AvailabilityZone": "us-east-1a", 
                    "LaunchTemplate": {
                        "LaunchTemplateName": "asg-1-launch-template", 
                        "Version": "1", 
                        "LaunchTemplateId": "lt-0207760569c99901e"
                    }, 
                    "InstanceId": "i-0935d000b1d0ab39a", 
                    "HealthStatus": "Healthy", 
                    "LifecycleState": "InService", 
                    "InstanceType": "t3.medium"
                }, 
                {
                    "ProtectedFromScaleIn": false, 
                    "AvailabilityZone": "us-east-1b", 
                    "LaunchTemplate": {
                        "LaunchTemplateName": "asg-1-launch-template", 
                        "Version": "1", 
                        "LaunchTemplateId": "lt-0207760569c99901e"
                    }, 
                    "InstanceId": "i-0f539454a16ee2b7d", 
                    "HealthStatus": "Healthy", 
                    "LifecycleState": "InService", 
                    "InstanceType": "t3.medium"
                }
            ], 
            "MaxSize": 3, 
            "VPCZoneIdentifier": "subnet-082262cbfc43ab7b9,subnet-0408ec27729f96784", 
            "HealthCheckGracePeriod": 300, 
            "LoadBalancerNames": [
                "asg-1-lb"
            ], 
            "CreatedTime": "2022-04-07T07:38:23.594Z", 
            "AvailabilityZones": [
                "us-east-1a", 
                "us-east-1b"
            ], 
            "HealthCheckType": "EC2", 
            "NewInstancesProtectedFromScaleIn": false, 
            "DesiredCapacity": 3
        }
    ]
}
[2022-04-07T08:00:49]==============================[PERFORMANCE CHUNK RUN 11]==============================
[2022-04-07T08:01:49]==============================[STATS]
jh CPU load avg:
0.03 0.04 0.08 1/159 3085
i-0174400752c8013ac
InService
Healthy
{}
i-0935d000b1d0ab39a
InService
Healthy
{}
i-0f539454a16ee2b7d
InService
Healthy
{}
08:01:50 I logger.go:127> Log level is now 4 Error (was 2 Info)
Fortio 1.19.0 running at -1 queries per second, 2->2 procs, for 1m0s: http://asg-1-lb-651490904.us-east-1.elb.amazonaws.com:3000/?n=80000
Aggregated Function Time : count 102353 avg 0.0058619473 +/- 0.003164 min 0.002291038 max 0.213934721 sum 599.987895
# target 50% 0.00654814
# target 75% 0.00867673
# target 90% 0.00995389
# target 99% 0.0190116
# target 99.9% 0.0199705
Sockets used: 10 (for perfect keepalive, would be 10)
Jitter: false
Code 200 : 102353 (100.0 %)
All done 102353 calls (plus 10 warmup) 5.862 ms avg, 1705.7 qps
Successfully wrote 2459 bytes of Json data to 2022-04-07-080150_asg_taewa_3extra_performance_chunk_11_1.json
fortio exit code: 0
[2022-04-07T08:02:50]==============================[STATS]
jh CPU load avg:
0.16 0.06 0.08 1/159 3102
i-0174400752c8013ac
InService
Healthy
{}
i-0935d000b1d0ab39a
InService
Healthy
{}
i-0f539454a16ee2b7d
InService
Healthy
{}
08:02:51 I logger.go:127> Log level is now 4 Error (was 2 Info)
Fortio 1.19.0 running at -1 queries per second, 2->2 procs, for 1m0s: http://asg-1-lb-651490904.us-east-1.elb.amazonaws.com:3000/?n=80000
Aggregated Function Time : count 104059 avg 0.0057657358 +/- 0.003304 min 0.002303948 max 0.215570432 sum 599.976699
# target 50% 0.0065358
# target 75% 0.00865177
# target 90% 0.00992135
# target 99% 0.0189507
# target 99.9% 0.0199488
Sockets used: 10 (for perfect keepalive, would be 10)
Jitter: false
Code 200 : 104059 (100.0 %)
All done 104059 calls (plus 10 warmup) 5.766 ms avg, 1734.1 qps
Successfully wrote 2458 bytes of Json data to 2022-04-07-080251_asg_taewa_3extra_performance_chunk_11_2.json
fortio exit code: 0
[2022-04-07T08:03:51]==============================[STATS]
jh CPU load avg:
0.06 0.05 0.08 1/159 3118
i-0174400752c8013ac
InService
Healthy
{}
i-0935d000b1d0ab39a
InService
Healthy
{}
i-0f539454a16ee2b7d
InService
Healthy
{}
08:03:51 I logger.go:127> Log level is now 4 Error (was 2 Info)
Fortio 1.19.0 running at -1 queries per second, 2->2 procs, for 1m0s: http://asg-1-lb-651490904.us-east-1.elb.amazonaws.com:3000/?n=80000
Aggregated Function Time : count 104401 avg 0.0057469166 +/- 0.003087 min 0.002337459 max 0.220359611 sum 599.983844
# target 50% 0.00654544
# target 75% 0.00864946
# target 90% 0.00991188
# target 99% 0.018905
# target 99.9% 0.0199127
Sockets used: 10 (for perfect keepalive, would be 10)
Jitter: false
Code 200 : 104401 (100.0 %)
All done 104401 calls (plus 10 warmup) 5.747 ms avg, 1739.8 qps
Successfully wrote 2338 bytes of Json data to 2022-04-07-080351_asg_taewa_3extra_performance_chunk_11_3.json
fortio exit code: 0
[2022-04-07T08:04:52]==============================[STATS]
jh CPU load avg:
0.17 0.07 0.08 1/159 3134
i-0174400752c8013ac
InService
Healthy
{}
i-0935d000b1d0ab39a
InService
Healthy
{}
i-0f539454a16ee2b7d
InService
Healthy
{}
08:04:52 I logger.go:127> Log level is now 4 Error (was 2 Info)
Fortio 1.19.0 running at -1 queries per second, 2->2 procs, for 1m0s: http://asg-1-lb-651490904.us-east-1.elb.amazonaws.com:3000/?n=80000
Aggregated Function Time : count 104292 avg 0.0057529199 +/- 0.003204 min 0.002327515 max 0.220170934 sum 599.983523
# target 50% 0.00654481
# target 75% 0.00865349
# target 90% 0.0099187
# target 99% 0.0189075
# target 99.9% 0.0199051
Sockets used: 10 (for perfect keepalive, would be 10)
Jitter: false
Code 200 : 104292 (100.0 %)
All done 104292 calls (plus 10 warmup) 5.753 ms avg, 1738.0 qps
Successfully wrote 2223 bytes of Json data to 2022-04-07-080452_asg_taewa_3extra_performance_chunk_11_4.json
fortio exit code: 0
[2022-04-07T08:05:52]==============================[STATS]
jh CPU load avg:
0.13 0.07 0.08 1/158 3199
i-0174400752c8013ac
InService
Healthy
{}
i-0935d000b1d0ab39a
InService
Healthy
{}
i-0f539454a16ee2b7d
InService
Healthy
{}
08:05:53 I logger.go:127> Log level is now 4 Error (was 2 Info)
Fortio 1.19.0 running at -1 queries per second, 2->2 procs, for 1m0s: http://asg-1-lb-651490904.us-east-1.elb.amazonaws.com:3000/?n=80000
Aggregated Function Time : count 103681 avg 0.00578691 +/- 0.003382 min 0.002244667 max 0.220836155 sum 599.992618
# target 50% 0.00651852
# target 75% 0.00865548
# target 90% 0.00993766
# target 99% 0.018983
# target 99.9% 0.0199605
Sockets used: 10 (for perfect keepalive, would be 10)
Jitter: false
Code 200 : 103681 (100.0 %)
All done 103681 calls (plus 10 warmup) 5.787 ms avg, 1727.8 qps
Successfully wrote 2339 bytes of Json data to 2022-04-07-080553_asg_taewa_3extra_performance_chunk_11_5.json
fortio exit code: 0
[2022-04-07T08:07:53]==============================[STATS]
jh CPU load avg:
0.06 0.09 0.09 1/158 3218
i-0174400752c8013ac
InService
Healthy
{}
i-0935d000b1d0ab39a
InService
Healthy
{}
i-0f539454a16ee2b7d
InService
Healthy
{}
[2022-04-07T08:07:54]==============================[PERFORMANCE RUN 1]==============================
08:07:54 I logger.go:127> Log level is now 4 Error (was 2 Info)
Fortio 1.19.0 running at -1 queries per second, 2->2 procs, for 5m0s: http://asg-1-lb-651490904.us-east-1.elb.amazonaws.com:3000/?n=80000
Aggregated Function Time : count 519751 avg 0.0057715972 +/- 0.003236 min 0.00229745 max 0.223542234 sum 2999.79341
# target 50% 0.00653364
# target 75% 0.00865174
# target 90% 0.0099226
# target 99% 0.0189284
# target 99.9% 0.0199221
Sockets used: 10 (for perfect keepalive, would be 10)
Jitter: false
Code 200 : 519751 (100.0 %)
All done 519751 calls (plus 10 warmup) 5.772 ms avg, 1732.5 qps
Successfully wrote 2333 bytes of Json data to 2022-04-07-080754_asg_taewa_3extra_performance_1.json
fortio exit code: 0
[2022-04-07T08:12:54]==============================[STATS]
jh CPU load avg:
0.06 0.09 0.09 1/159 3246
i-0174400752c8013ac
InService
Healthy
{}
i-0935d000b1d0ab39a
InService
Healthy
{}
i-0f539454a16ee2b7d
InService
Healthy
{}
[2022-04-07T08:13:54]==============================[STATS]
jh CPU load avg:
0.02 0.07 0.08 1/159 3255
i-0174400752c8013ac
InService
Healthy
{}
i-0935d000b1d0ab39a
InService
Healthy
{}
i-0f539454a16ee2b7d
InService
Healthy
{}
[2022-04-07T08:13:55]==============================[PERFORMANCE RUN 2]==============================
08:13:55 I logger.go:127> Log level is now 4 Error (was 2 Info)
Fortio 1.19.0 running at -1 queries per second, 2->2 procs, for 5m0s: http://asg-1-lb-651490904.us-east-1.elb.amazonaws.com:3000/?n=80000
Aggregated Function Time : count 519617 avg 0.0057731132 +/- 0.003166 min 0.002262845 max 0.221164575 sum 2999.80774
# target 50% 0.0065211
# target 75% 0.00865023
# target 90% 0.00992771
# target 99% 0.0189619
# target 99.9% 0.0199514
Sockets used: 10 (for perfect keepalive, would be 10)
Jitter: false
Code 200 : 519617 (100.0 %)
All done 519617 calls (plus 10 warmup) 5.773 ms avg, 1732.0 qps
Successfully wrote 2456 bytes of Json data to 2022-04-07-081355_asg_taewa_3extra_performance_2.json
fortio exit code: 0
[2022-04-07T08:18:55]==============================[STATS]
jh CPU load avg:
0.07 0.07 0.08 1/158 3278
i-0174400752c8013ac
InService
Healthy
{}
i-0935d000b1d0ab39a
InService
Healthy
{}
i-0f539454a16ee2b7d
InService
Healthy
{}
[2022-04-07T08:19:56]==============================[STATS]
jh CPU load avg:
0.02 0.05 0.07 1/158 3287
i-0174400752c8013ac
InService
Healthy
{}
i-0935d000b1d0ab39a
InService
Healthy
{}
i-0f539454a16ee2b7d
InService
Healthy
{}
[2022-04-07T08:19:57]==============================[PERFORMANCE RUN 3]==============================
08:19:57 I logger.go:127> Log level is now 4 Error (was 2 Info)
Fortio 1.19.0 running at -1 queries per second, 2->2 procs, for 5m0s: http://asg-1-lb-651490904.us-east-1.elb.amazonaws.com:3000/?n=80000
Aggregated Function Time : count 519751 avg 0.0057716003 +/- 0.002999 min 0.002308322 max 0.223106485 sum 2999.79504
# target 50% 0.00654044
# target 75% 0.0086565
# target 90% 0.00992614
# target 99% 0.0189317
# target 99.9% 0.0199208
Sockets used: 10 (for perfect keepalive, would be 10)
Jitter: false
Code 200 : 519751 (100.0 %)
All done 519751 calls (plus 10 warmup) 5.772 ms avg, 1732.5 qps
Successfully wrote 2455 bytes of Json data to 2022-04-07-081957_asg_taewa_3extra_performance_3.json
fortio exit code: 0
[2022-04-07T08:24:57]==============================[STATS]
jh CPU load avg:
0.17 0.08 0.07 1/159 3315
i-0174400752c8013ac
InService
Healthy
{}
i-0935d000b1d0ab39a
InService
Healthy
{}
i-0f539454a16ee2b7d
InService
Healthy
{}
scaling to 0
{
    "Alarms": [
        {
            "AlarmName": "TargetTracking-asg-1-myASG-AlarmHigh-2fdd6feb-ad6a-4d81-82e8-b631df1bbb43", 
            "AlarmARN": "arn:aws:cloudwatch:us-east-1:616987080657:alarm:TargetTracking-asg-1-myASG-AlarmHigh-2fdd6feb-ad6a-4d81-82e8-b631df1bbb43"
        }, 
        {
            "AlarmName": "TargetTracking-asg-1-myASG-AlarmLow-32f70bc7-8645-4d26-b605-9d280fb6df59", 
            "AlarmARN": "arn:aws:cloudwatch:us-east-1:616987080657:alarm:TargetTracking-asg-1-myASG-AlarmLow-32f70bc7-8645-4d26-b605-9d280fb6df59"
        }
    ], 
    "PolicyARN": "arn:aws:autoscaling:us-east-1:616987080657:scalingPolicy:6f8dc634-a993-4fcf-9dab-fa13e474460c:autoScalingGroupName/asg-1-myASG:policyName/asg-1-AppServerSP-19K43O8TQJJZK"
}
[2022-04-07T08:25:29]==============================[SCALING RUN 1: INIT]==============================
{
    "Alarms": [
        {
            "AlarmName": "TargetTracking-asg-1-myASG-AlarmHigh-2fdd6feb-ad6a-4d81-82e8-b631df1bbb43", 
            "AlarmARN": "arn:aws:cloudwatch:us-east-1:616987080657:alarm:TargetTracking-asg-1-myASG-AlarmHigh-2fdd6feb-ad6a-4d81-82e8-b631df1bbb43"
        }, 
        {
            "AlarmName": "TargetTracking-asg-1-myASG-AlarmLow-32f70bc7-8645-4d26-b605-9d280fb6df59", 
            "AlarmARN": "arn:aws:cloudwatch:us-east-1:616987080657:alarm:TargetTracking-asg-1-myASG-AlarmLow-32f70bc7-8645-4d26-b605-9d280fb6df59"
        }
    ], 
    "PolicyARN": "arn:aws:autoscaling:us-east-1:616987080657:scalingPolicy:6f8dc634-a993-4fcf-9dab-fa13e474460c:autoScalingGroupName/asg-1-myASG:policyName/asg-1-AppServerSP-19K43O8TQJJZK"
}
scaling to 1
[2022-04-07T08:25:31]==============================[SCALING RUN 1: ENABLE SCALING - SLEEP]==============================
{
    "Alarms": [
        {
            "AlarmName": "TargetTracking-asg-1-myASG-AlarmHigh-894f951b-1e0d-4e3a-90ca-a2561e3bf2b0", 
            "AlarmARN": "arn:aws:cloudwatch:us-east-1:616987080657:alarm:TargetTracking-asg-1-myASG-AlarmHigh-894f951b-1e0d-4e3a-90ca-a2561e3bf2b0"
        }, 
        {
            "AlarmName": "TargetTracking-asg-1-myASG-AlarmLow-57d0a8c6-e00f-424f-b3b2-0c82de1afee5", 
            "AlarmARN": "arn:aws:cloudwatch:us-east-1:616987080657:alarm:TargetTracking-asg-1-myASG-AlarmLow-57d0a8c6-e00f-424f-b3b2-0c82de1afee5"
        }
    ], 
    "PolicyARN": "arn:aws:autoscaling:us-east-1:616987080657:scalingPolicy:6f8dc634-a993-4fcf-9dab-fa13e474460c:autoScalingGroupName/asg-1-myASG:policyName/asg-1-AppServerSP-19K43O8TQJJZK"
}
[2022-04-07T08:28:32]==============================[SCALING RUN 1: FORTIO]==============================
[2022-04-07T08:28:32]==============================[STATS]
jh CPU load avg:
0.02 0.04 0.06 1/158 3354
i-04058ec69e50eefe5
InService
Healthy
{}
[2022-04-07T08:28:33]==============================[SCALING RUN 1: CHUNK 1]==============================
08:28:33 I logger.go:127> Log level is now 4 Error (was 2 Info)
Fortio 1.19.0 running at -1 queries per second, 2->2 procs, for 1m0s: http://asg-1-lb-651490904.us-east-1.elb.amazonaws.com:3000/?n=80000
Aggregated Function Time : count 35075 avg 0.017107614 +/- 0.005768 min 0.003520525 max 0.22001565 sum 600.049556
# target 50% 0.0157553
# target 75% 0.0186551
# target 90% 0.0260512
# target 99% 0.0391999
# target 99.9% 0.0581343
Sockets used: 10 (for perfect keepalive, would be 10)
Jitter: false
Code 200 : 35075 (100.0 %)
All done 35075 calls (plus 10 warmup) 17.108 ms avg, 584.4 qps
Successfully wrote 3144 bytes of Json data to 2022-04-07-082833_asg_taewa_3extra_scaling_1_1.json
fortio exit code: 0
[2022-04-07T08:29:33]==============================[STATS]
jh CPU load avg:
0.05 0.05 0.06 1/158 3371
i-04058ec69e50eefe5
InService
Healthy
{}
[2022-04-07T08:29:34]==============================[SCALING RUN 1: CHUNK 2]==============================
08:29:34 I logger.go:127> Log level is now 4 Error (was 2 Info)
Fortio 1.19.0 running at -1 queries per second, 2->2 procs, for 1m0s: http://asg-1-lb-651490904.us-east-1.elb.amazonaws.com:3000/?n=80000
Aggregated Function Time : count 35350 avg 0.016974712 +/- 0.005291 min 0.002661912 max 0.0750914 sum 600.056064
# target 50% 0.0157724
# target 75% 0.0186926
# target 90% 0.0258117
# target 99% 0.0387897
# target 99.9% 0.0450556
Sockets used: 10 (for perfect keepalive, would be 10)
Jitter: false
Code 200 : 35350 (100.0 %)
All done 35350 calls (plus 10 warmup) 16.975 ms avg, 589.0 qps
Successfully wrote 2673 bytes of Json data to 2022-04-07-082934_asg_taewa_3extra_scaling_1_2.json
fortio exit code: 0
[2022-04-07T08:30:34]==============================[STATS]
jh CPU load avg:
0.07 0.05 0.06 1/159 3394
i-04058ec69e50eefe5
InService
Healthy
{}
[2022-04-07T08:30:34]==============================[SCALING RUN 1: CHUNK 3]==============================
08:30:34 I logger.go:127> Log level is now 4 Error (was 2 Info)
Fortio 1.19.0 running at -1 queries per second, 2->2 procs, for 1m0s: http://asg-1-lb-651490904.us-east-1.elb.amazonaws.com:3000/?n=80000
Aggregated Function Time : count 35863 avg 0.016731831 +/- 0.005285 min 0.002997595 max 0.221264299 sum 600.053656
# target 50% 0.0157394
# target 75% 0.0186303
# target 90% 0.0238559
# target 99% 0.0380201
# target 99.9% 0.0398375
Sockets used: 10 (for perfect keepalive, would be 10)
Jitter: false
Code 200 : 35863 (100.0 %)
All done 35863 calls (plus 10 warmup) 16.732 ms avg, 597.6 qps
Successfully wrote 2441 bytes of Json data to 2022-04-07-083034_asg_taewa_3extra_scaling_1_3.json
fortio exit code: 0
[2022-04-07T08:31:34]==============================[STATS]
jh CPU load avg:
0.02 0.04 0.05 1/160 3459
i-04058ec69e50eefe5
InService
Healthy
{}
[2022-04-07T08:31:35]==============================[SCALING RUN 1: CHUNK 4]==============================
08:31:35 I logger.go:127> Log level is now 4 Error (was 2 Info)
Fortio 1.19.0 running at -1 queries per second, 2->2 procs, for 1m0s: http://asg-1-lb-651490904.us-east-1.elb.amazonaws.com:3000/?n=80000
Aggregated Function Time : count 35916 avg 0.016707252 +/- 0.004893 min 0.00280545 max 0.0403147 sum 600.057668
# target 50% 0.0157097
# target 75% 0.0185787
# target 90% 0.023591
# target 99% 0.0381287
# target 99.9% 0.0398176
Sockets used: 10 (for perfect keepalive, would be 10)
Jitter: false
Code 200 : 35916 (100.0 %)
All done 35916 calls (plus 10 warmup) 16.707 ms avg, 598.4 qps
Successfully wrote 2317 bytes of Json data to 2022-04-07-083135_asg_taewa_3extra_scaling_1_4.json
fortio exit code: 0
[2022-04-07T08:32:35]==============================[STATS]
jh CPU load avg:
0.50 0.16 0.09 1/165 21335
i-04058ec69e50eefe5
InService
Healthy
{}
[2022-04-07T08:32:36]==============================[SCALING RUN 1: CHUNK 5]==============================
08:32:36 I logger.go:127> Log level is now 4 Error (was 2 Info)
Fortio 1.19.0 running at -1 queries per second, 2->2 procs, for 1m0s: http://asg-1-lb-651490904.us-east-1.elb.amazonaws.com:3000/?n=80000
Aggregated Function Time : count 35815 avg 0.0167542 +/- 0.005121 min 0.002599285 max 0.222180206 sum 600.051681
# target 50% 0.0157156
# target 75% 0.0186005
# target 90% 0.0238695
# target 99% 0.0382583
# target 99.9% 0.0399284
Sockets used: 10 (for perfect keepalive, would be 10)
Jitter: false
Code 200 : 35815 (100.0 %)
All done 35815 calls (plus 10 warmup) 16.754 ms avg, 596.8 qps
Successfully wrote 2788 bytes of Json data to 2022-04-07-083236_asg_taewa_3extra_scaling_1_5.json
fortio exit code: 0
[2022-04-07T08:33:36]==============================[STATS]
jh CPU load avg:
0.45 0.23 0.12 1/160 565
i-04058ec69e50eefe5
InService
Healthy
{}
[2022-04-07T08:33:37]==============================[SCALING RUN 1: CHUNK 6]==============================
08:33:37 I logger.go:127> Log level is now 4 Error (was 2 Info)
Fortio 1.19.0 running at -1 queries per second, 2->2 procs, for 1m0s: http://asg-1-lb-651490904.us-east-1.elb.amazonaws.com:3000/?n=80000
Aggregated Function Time : count 35849 avg 0.016738969 +/- 0.004939 min 0.002801292 max 0.068847318 sum 600.075282
# target 50% 0.0157166
# target 75% 0.0185944
# target 90% 0.0242359
# target 99% 0.0384108
# target 99.9% 0.0398654
Sockets used: 15 (for perfect keepalive, would be 10)
Jitter: false
Code 200 : 35849 (100.0 %)
All done 35849 calls (plus 10 warmup) 16.739 ms avg, 597.3 qps
Successfully wrote 2556 bytes of Json data to 2022-04-07-083337_asg_taewa_3extra_scaling_1_6.json
fortio exit code: 0
[2022-04-07T08:34:37]==============================[STATS]
jh CPU load avg:
0.16 0.19 0.11 1/160 581
i-021bc78c4fce2454c
InService
Healthy
{}
i-04058ec69e50eefe5
InService
Healthy
{}
[2022-04-07T08:34:38]==============================[SCALING RUN 1: CHUNK 7]==============================
08:34:38 I logger.go:127> Log level is now 4 Error (was 2 Info)
Fortio 1.19.0 running at -1 queries per second, 2->2 procs, for 1m0s: http://asg-1-lb-651490904.us-east-1.elb.amazonaws.com:3000/?n=80000
Aggregated Function Time : count 35764 avg 0.016778432 +/- 0.005566 min 0.002809897 max 0.071845261 sum 600.063857
# target 50% 0.0161373
# target 75% 0.0192532
# target 90% 0.0253559
# target 99% 0.0356489
# target 99.9% 0.0399235
Sockets used: 10 (for perfect keepalive, would be 10)
Jitter: false
Code 200 : 35764 (100.0 %)
All done 35764 calls (plus 10 warmup) 16.778 ms avg, 595.9 qps
Successfully wrote 2677 bytes of Json data to 2022-04-07-083438_asg_taewa_3extra_scaling_1_7.json
fortio exit code: 0
[2022-04-07T08:35:38]==============================[STATS]
jh CPU load avg:
0.06 0.15 0.10 1/158 598
i-021bc78c4fce2454c
InService
Healthy
{}
i-04058ec69e50eefe5
InService
Healthy
{}
[2022-04-07T08:35:38]==============================[SCALING RUN 1: CHUNK 8]==============================
08:35:38 I logger.go:127> Log level is now 4 Error (was 2 Info)
Fortio 1.19.0 running at -1 queries per second, 2->2 procs, for 1m0s: http://asg-1-lb-651490904.us-east-1.elb.amazonaws.com:3000/?n=80000
Aggregated Function Time : count 71648 avg 0.0083743184 +/- 0.002975 min 0.002288851 max 0.028622458 sum 600.003167
# target 50% 0.00748156
# target 75% 0.0102924
# target 90% 0.0161343
# target 99% 0.0196394
# target 99.9% 0.0199899
Sockets used: 10 (for perfect keepalive, would be 10)
Jitter: false
Code 200 : 71648 (100.0 %)
All done 71648 calls (plus 10 warmup) 8.374 ms avg, 1194.0 qps
Successfully wrote 2084 bytes of Json data to 2022-04-07-083539_asg_taewa_3extra_scaling_1_8.json
fortio exit code: 0
[2022-04-07T08:36:39]==============================[STATS]
jh CPU load avg:
0.02 0.12 0.09 1/158 617
i-021bc78c4fce2454c
InService
Healthy
{}
i-04058ec69e50eefe5
InService
Healthy
{}
[2022-04-07T08:36:39]==============================[SCALING RUN 1: CHUNK 9]==============================
08:36:39 I logger.go:127> Log level is now 4 Error (was 2 Info)
Fortio 1.19.0 running at -1 queries per second, 2->2 procs, for 1m0s: http://asg-1-lb-651490904.us-east-1.elb.amazonaws.com:3000/?n=80000
Aggregated Function Time : count 71972 avg 0.0083367235 +/- 0.003238 min 0.002293786 max 0.217873057 sum 600.010663
# target 50% 0.00747431
# target 75% 0.0102439
# target 90% 0.0161086
# target 99% 0.0196275
# target 99.9% 0.0199794
Sockets used: 10 (for perfect keepalive, would be 10)
Jitter: false
Code 200 : 71972 (100.0 %)
All done 71972 calls (plus 10 warmup) 8.337 ms avg, 1199.4 qps
Successfully wrote 2200 bytes of Json data to 2022-04-07-083639_asg_taewa_3extra_scaling_1_9.json
fortio exit code: 0
[2022-04-07T08:37:39]==============================[STATS]
jh CPU load avg:
0.12 0.15 0.10 1/158 636
i-021bc78c4fce2454c
InService
Healthy
{}
i-04058ec69e50eefe5
InService
Healthy
{}
[2022-04-07T08:37:40]==============================[SCALING RUN 1: CHUNK 10]==============================
08:37:40 I logger.go:127> Log level is now 4 Error (was 2 Info)
Fortio 1.19.0 running at -1 queries per second, 2->2 procs, for 1m0s: http://asg-1-lb-651490904.us-east-1.elb.amazonaws.com:3000/?n=80000
Aggregated Function Time : count 71893 avg 0.0083457029 +/- 0.003168 min 0.002260431 max 0.213548177 sum 599.997615
# target 50% 0.00746944
# target 75% 0.0102773
# target 90% 0.0161314
# target 99% 0.0196439
# target 99.9% 0.0199952
Sockets used: 10 (for perfect keepalive, would be 10)
Jitter: false
Code 200 : 71893 (100.0 %)
All done 71893 calls (plus 10 warmup) 8.346 ms avg, 1198.1 qps
Successfully wrote 2441 bytes of Json data to 2022-04-07-083740_asg_taewa_3extra_scaling_1_10.json
fortio exit code: 0
[2022-04-07T08:38:40]==============================[STATS]
jh CPU load avg:
0.20 0.15 0.10 1/158 652
i-021bc78c4fce2454c
InService
Healthy
{}
i-04058ec69e50eefe5
InService
Healthy
{}
[2022-04-07T08:38:41]==============================[SCALING RUN 1: CHUNK 11]==============================
08:38:41 I logger.go:127> Log level is now 4 Error (was 2 Info)
Fortio 1.19.0 running at -1 queries per second, 2->2 procs, for 1m0s: http://asg-1-lb-651490904.us-east-1.elb.amazonaws.com:3000/?n=80000
Aggregated Function Time : count 71612 avg 0.0083784177 +/- 0.003244 min 0.002262358 max 0.218172354 sum 599.99525
# target 50% 0.00748295
# target 75% 0.0103477
# target 90% 0.0161841
# target 99% 0.0196859
# target 99.9% 0.026147
Sockets used: 10 (for perfect keepalive, would be 10)
Jitter: false
Code 200 : 71612 (100.0 %)
All done 71612 calls (plus 10 warmup) 8.378 ms avg, 1193.4 qps
Successfully wrote 2444 bytes of Json data to 2022-04-07-083841_asg_taewa_3extra_scaling_1_11.json
fortio exit code: 0
[2022-04-07T08:39:41]==============================[STATS]
jh CPU load avg:
0.11 0.14 0.09 1/158 671
i-021bc78c4fce2454c
InService
Healthy
{}
i-04058ec69e50eefe5
InService
Healthy
{}
[2022-04-07T08:39:42]==============================[SCALING RUN 1: CHUNK 12]==============================
08:39:42 I logger.go:127> Log level is now 4 Error (was 2 Info)
Fortio 1.19.0 running at -1 queries per second, 2->2 procs, for 1m0s: http://asg-1-lb-651490904.us-east-1.elb.amazonaws.com:3000/?n=80000
Aggregated Function Time : count 71438 avg 0.0083987983 +/- 0.003433 min 0.002312044 max 0.112840793 sum 599.993354
# target 50% 0.00749716
# target 75% 0.0103377
# target 90% 0.0161881
# target 99% 0.0196984
# target 99.9% 0.0351561
Sockets used: 10 (for perfect keepalive, would be 10)
Jitter: false
Code 200 : 71438 (100.0 %)
All done 71438 calls (plus 10 warmup) 8.399 ms avg, 1190.5 qps
Successfully wrote 3150 bytes of Json data to 2022-04-07-083942_asg_taewa_3extra_scaling_1_12.json
fortio exit code: 0
[2022-04-07T08:40:42]==============================[STATS]
jh CPU load avg:
0.04 0.11 0.09 1/159 694
i-021bc78c4fce2454c
InService
Healthy
{}
i-02619c97bb40103e9
InService
Healthy
{}
i-04058ec69e50eefe5
InService
Healthy
{}
[2022-04-07T08:40:43]==============================[SCALING RUN 1: CHUNK 13]==============================
08:40:43 I logger.go:127> Log level is now 4 Error (was 2 Info)
Fortio 1.19.0 running at -1 queries per second, 2->2 procs, for 1m0s: http://asg-1-lb-651490904.us-east-1.elb.amazonaws.com:3000/?n=80000
Aggregated Function Time : count 72032 avg 0.0083296348 +/- 0.003158 min 0.002303712 max 0.219555493 sum 600.000255
# target 50% 0.00747579
# target 75% 0.0102345
# target 90% 0.0161131
# target 99% 0.0196402
# target 99.9% 0.0199929
Sockets used: 10 (for perfect keepalive, would be 10)
Jitter: false
Code 200 : 72032 (100.0 %)
All done 72032 calls (plus 10 warmup) 8.330 ms avg, 1200.4 qps
Successfully wrote 2440 bytes of Json data to 2022-04-07-084043_asg_taewa_3extra_scaling_1_13.json
fortio exit code: 0
[2022-04-07T08:41:43]==============================[STATS]
jh CPU load avg:
0.05 0.10 0.09 1/159 710
i-021bc78c4fce2454c
InService
Healthy
{}
i-02619c97bb40103e9
InService
Healthy
{}
i-04058ec69e50eefe5
InService
Healthy
{}
[2022-04-07T08:41:43]==============================[SCALING RUN 1: CHUNK 14]==============================
08:41:43 I logger.go:127> Log level is now 4 Error (was 2 Info)
Fortio 1.19.0 running at -1 queries per second, 2->2 procs, for 1m0s: http://asg-1-lb-651490904.us-east-1.elb.amazonaws.com:3000/?n=80000
Aggregated Function Time : count 105933 avg 0.0056638388 +/- 0.003149 min 0.002194502 max 0.218884776 sum 599.987436
# target 50% 0.00648984
# target 75% 0.00863755
# target 90% 0.00992618
# target 99% 0.0190881
# target 99.9% 0.0265722
Sockets used: 10 (for perfect keepalive, would be 10)
Jitter: false
Code 200 : 105933 (100.0 %)
All done 105933 calls (plus 10 warmup) 5.664 ms avg, 1765.3 qps
Successfully wrote 2684 bytes of Json data to 2022-04-07-084143_asg_taewa_3extra_scaling_1_14.json
fortio exit code: 0
[2022-04-07T08:42:43]==============================[STATS]
jh CPU load avg:
0.07 0.10 0.09 1/159 729
i-021bc78c4fce2454c
InService
Healthy
{}
i-02619c97bb40103e9
InService
Healthy
{}
i-04058ec69e50eefe5
InService
Healthy
{}
[2022-04-07T08:42:44]==============================[SCALING RUN 2: INIT]==============================
{
    "Alarms": [
        {
            "AlarmName": "TargetTracking-asg-1-myASG-AlarmHigh-12898119-3452-498e-a812-6d5ac98c2eab", 
            "AlarmARN": "arn:aws:cloudwatch:us-east-1:616987080657:alarm:TargetTracking-asg-1-myASG-AlarmHigh-12898119-3452-498e-a812-6d5ac98c2eab"
        }, 
        {
            "AlarmName": "TargetTracking-asg-1-myASG-AlarmLow-21c9743d-4fff-4a6f-b693-974368c950ab", 
            "AlarmARN": "arn:aws:cloudwatch:us-east-1:616987080657:alarm:TargetTracking-asg-1-myASG-AlarmLow-21c9743d-4fff-4a6f-b693-974368c950ab"
        }
    ], 
    "PolicyARN": "arn:aws:autoscaling:us-east-1:616987080657:scalingPolicy:6f8dc634-a993-4fcf-9dab-fa13e474460c:autoScalingGroupName/asg-1-myASG:policyName/asg-1-AppServerSP-19K43O8TQJJZK"
}
scaling to 1
[2022-04-07T08:42:46]==============================[SCALING RUN 2: ENABLE SCALING - SLEEP]==============================
{
    "Alarms": [
        {
            "AlarmName": "TargetTracking-asg-1-myASG-AlarmHigh-0601f242-ba82-4122-9af2-a4dad8d3f8a1", 
            "AlarmARN": "arn:aws:cloudwatch:us-east-1:616987080657:alarm:TargetTracking-asg-1-myASG-AlarmHigh-0601f242-ba82-4122-9af2-a4dad8d3f8a1"
        }, 
        {
            "AlarmName": "TargetTracking-asg-1-myASG-AlarmLow-6f7d523f-80dc-4fb9-b34c-4d4341dff942", 
            "AlarmARN": "arn:aws:cloudwatch:us-east-1:616987080657:alarm:TargetTracking-asg-1-myASG-AlarmLow-6f7d523f-80dc-4fb9-b34c-4d4341dff942"
        }
    ], 
    "PolicyARN": "arn:aws:autoscaling:us-east-1:616987080657:scalingPolicy:6f8dc634-a993-4fcf-9dab-fa13e474460c:autoScalingGroupName/asg-1-myASG:policyName/asg-1-AppServerSP-19K43O8TQJJZK"
}
[2022-04-07T08:45:47]==============================[SCALING RUN 2: FORTIO]==============================
[2022-04-07T08:45:47]==============================[STATS]
jh CPU load avg:
0.00 0.05 0.07 1/158 757
i-02619c97bb40103e9
InService
Healthy
{}
[2022-04-07T08:45:48]==============================[SCALING RUN 2: CHUNK 1]==============================
08:45:48 I logger.go:127> Log level is now 4 Error (was 2 Info)
Fortio 1.19.0 running at -1 queries per second, 2->2 procs, for 1m0s: http://asg-1-lb-651490904.us-east-1.elb.amazonaws.com:3000/?n=80000
Aggregated Function Time : count 35741 avg 0.016789369 +/- 0.005531 min 0.004561075 max 0.236890316 sum 600.068822
# target 50% 0.0158851
# target 75% 0.0188491
# target 90% 0.0246656
# target 99% 0.0376625
# target 99.9% 0.0401295
Sockets used: 10 (for perfect keepalive, would be 10)
Jitter: false
Code 200 : 35741 (100.0 %)
All done 35741 calls (plus 10 warmup) 16.789 ms avg, 595.5 qps
Successfully wrote 3029 bytes of Json data to 2022-04-07-084548_asg_taewa_3extra_scaling_2_1.json
fortio exit code: 0
[2022-04-07T08:46:48]==============================[STATS]
jh CPU load avg:
0.00 0.04 0.07 1/158 774
i-02619c97bb40103e9
InService
Healthy
{}
[2022-04-07T08:46:49]==============================[SCALING RUN 2: CHUNK 2]==============================
08:46:49 I logger.go:127> Log level is now 4 Error (was 2 Info)
Fortio 1.19.0 running at -1 queries per second, 2->2 procs, for 1m0s: http://asg-1-lb-651490904.us-east-1.elb.amazonaws.com:3000/?n=80000
Aggregated Function Time : count 35990 avg 0.016672695 +/- 0.00507 min 0.002337817 max 0.041134165 sum 600.050306
# target 50% 0.01582
# target 75% 0.0187504
# target 90% 0.0239425
# target 99% 0.0370042
# target 99.9% 0.0397079
Sockets used: 10 (for perfect keepalive, would be 10)
Jitter: false
Code 200 : 35990 (100.0 %)
All done 35990 calls (plus 10 warmup) 16.673 ms avg, 599.7 qps
Successfully wrote 2319 bytes of Json data to 2022-04-07-084649_asg_taewa_3extra_scaling_2_2.json
fortio exit code: 0
[2022-04-07T08:47:49]==============================[STATS]
jh CPU load avg:
0.03 0.05 0.07 1/158 792
i-02619c97bb40103e9
InService
Healthy
{}
[2022-04-07T08:47:49]==============================[SCALING RUN 2: CHUNK 3]==============================
08:47:49 I logger.go:127> Log level is now 4 Error (was 2 Info)
Fortio 1.19.0 running at -1 queries per second, 2->2 procs, for 1m0s: http://asg-1-lb-651490904.us-east-1.elb.amazonaws.com:3000/?n=80000
Aggregated Function Time : count 36026 avg 0.016656198 +/- 0.005062 min 0.002479189 max 0.04507836 sum 600.056186
# target 50% 0.0158143
# target 75% 0.0187485
# target 90% 0.0239197
# target 99% 0.0369562
# target 99.9% 0.0397109
Sockets used: 10 (for perfect keepalive, would be 10)
Jitter: false
Code 200 : 36026 (100.0 %)
All done 36026 calls (plus 10 warmup) 16.656 ms avg, 600.3 qps
Successfully wrote 2324 bytes of Json data to 2022-04-07-084749_asg_taewa_3extra_scaling_2_3.json
fortio exit code: 0
[2022-04-07T08:48:49]==============================[STATS]
jh CPU load avg:
0.04 0.05 0.07 1/158 809
i-02619c97bb40103e9
InService
Healthy
{}
[2022-04-07T08:48:50]==============================[SCALING RUN 2: CHUNK 4]==============================
08:48:50 I logger.go:127> Log level is now 4 Error (was 2 Info)
Fortio 1.19.0 running at -1 queries per second, 2->2 procs, for 1m0s: http://asg-1-lb-651490904.us-east-1.elb.amazonaws.com:3000/?n=80000
Aggregated Function Time : count 36060 avg 0.016640554 +/- 0.004943 min 0.002594124 max 0.03995477 sum 600.058375
# target 50% 0.0157504
# target 75% 0.0186483
# target 90% 0.0233454
# target 99% 0.0369905
# target 99.9% 0.0396583
Sockets used: 10 (for perfect keepalive, would be 10)
Jitter: false
Code 200 : 36060 (100.0 %)
All done 36060 calls (plus 10 warmup) 16.641 ms avg, 600.8 qps
Successfully wrote 2201 bytes of Json data to 2022-04-07-084850_asg_taewa_3extra_scaling_2_4.json
fortio exit code: 0
[2022-04-07T08:49:50]==============================[STATS]
jh CPU load avg:
0.07 0.05 0.07 1/158 826
i-02619c97bb40103e9
InService
Healthy
{}
[2022-04-07T08:49:51]==============================[SCALING RUN 2: CHUNK 5]==============================
08:49:51 I logger.go:127> Log level is now 4 Error (was 2 Info)
Fortio 1.19.0 running at -1 queries per second, 2->2 procs, for 1m0s: http://asg-1-lb-651490904.us-east-1.elb.amazonaws.com:3000/?n=80000
Aggregated Function Time : count 36013 avg 0.016662041 +/- 0.005221 min 0.002526893 max 0.237053187 sum 600.050084
# target 50% 0.0157545
# target 75% 0.0186576
# target 90% 0.0236135
# target 99% 0.0374866
# target 99.9% 0.0397935
Sockets used: 10 (for perfect keepalive, would be 10)
Jitter: false
Code 200 : 36013 (100.0 %)
All done 36013 calls (plus 10 warmup) 16.662 ms avg, 600.1 qps
Successfully wrote 2440 bytes of Json data to 2022-04-07-084951_asg_taewa_3extra_scaling_2_5.json
fortio exit code: 0
[2022-04-07T08:50:51]==============================[STATS]
jh CPU load avg:
0.20 0.09 0.08 1/160 850
i-02619c97bb40103e9
InService
Healthy
{}
[2022-04-07T08:50:52]==============================[SCALING RUN 2: CHUNK 6]==============================
08:50:52 I logger.go:127> Log level is now 4 Error (was 2 Info)
Fortio 1.19.0 running at -1 queries per second, 2->2 procs, for 1m0s: http://asg-1-lb-651490904.us-east-1.elb.amazonaws.com:3000/?n=80000
Aggregated Function Time : count 36029 avg 0.016654926 +/- 0.005591 min 0.00238203 max 0.236855155 sum 600.060322
# target 50% 0.0159789
# target 75% 0.018998
# target 90% 0.0247115
# target 99% 0.036008
# target 99.9% 0.039672
Sockets used: 15 (for perfect keepalive, would be 10)
Jitter: false
Code 200 : 36029 (100.0 %)
All done 36029 calls (plus 10 warmup) 16.655 ms avg, 600.3 qps
Successfully wrote 2554 bytes of Json data to 2022-04-07-085052_asg_taewa_3extra_scaling_2_6.json
fortio exit code: 0
[2022-04-07T08:51:52]==============================[STATS]
jh CPU load avg:
0.07 0.07 0.07 1/160 867
i-02619c97bb40103e9
InService
Healthy
{}
i-05f80452c94173ea3
InService
Healthy
{}
[2022-04-07T08:51:52]==============================[SCALING RUN 2: CHUNK 7]==============================
08:51:52 I logger.go:127> Log level is now 4 Error (was 2 Info)
Fortio 1.19.0 running at -1 queries per second, 2->2 procs, for 1m0s: http://asg-1-lb-651490904.us-east-1.elb.amazonaws.com:3000/?n=80000
Aggregated Function Time : count 36086 avg 0.016628626 +/- 0.005714 min 0.002373388 max 0.074718601 sum 600.060597
# target 50% 0.0162584
# target 75% 0.0194698
# target 90% 0.0255714
# target 99% 0.0328634
# target 99.9% 0.0410793
Sockets used: 10 (for perfect keepalive, would be 10)
Jitter: false
Code 200 : 36086 (100.0 %)
All done 36086 calls (plus 10 warmup) 16.629 ms avg, 601.3 qps
Successfully wrote 2675 bytes of Json data to 2022-04-07-085152_asg_taewa_3extra_scaling_2_7.json
fortio exit code: 0
[2022-04-07T08:52:53]==============================[STATS]
jh CPU load avg:
0.02 0.06 0.07 1/160 887
i-02619c97bb40103e9
InService
Healthy
{}
i-05f80452c94173ea3
InService
Healthy
{}
[2022-04-07T08:52:53]==============================[SCALING RUN 2: CHUNK 8]==============================
08:52:53 I logger.go:127> Log level is now 4 Error (was 2 Info)
Fortio 1.19.0 running at -1 queries per second, 2->2 procs, for 1m0s: http://asg-1-lb-651490904.us-east-1.elb.amazonaws.com:3000/?n=80000
Aggregated Function Time : count 71250 avg 0.0084209348 +/- 0.003601 min 0.002293693 max 0.220701223 sum 599.991603
# target 50% 0.00749637
# target 75% 0.0103646
# target 90% 0.0161854
# target 99% 0.0196778
# target 99.9% 0.0250253
Sockets used: 10 (for perfect keepalive, would be 10)
Jitter: false
Code 200 : 71250 (100.0 %)
All done 71250 calls (plus 10 warmup) 8.421 ms avg, 1187.4 qps
Successfully wrote 2440 bytes of Json data to 2022-04-07-085253_asg_taewa_3extra_scaling_2_8.json
fortio exit code: 0
[2022-04-07T08:53:53]==============================[STATS]
jh CPU load avg:
0.01 0.04 0.06 1/160 904
i-02619c97bb40103e9
InService
Healthy
{}
i-05f80452c94173ea3
InService
Healthy
{}
[2022-04-07T08:53:54]==============================[SCALING RUN 2: CHUNK 9]==============================
08:53:54 I logger.go:127> Log level is now 4 Error (was 2 Info)
Fortio 1.19.0 running at -1 queries per second, 2->2 procs, for 1m0s: http://asg-1-lb-651490904.us-east-1.elb.amazonaws.com:3000/?n=80000
Aggregated Function Time : count 71656 avg 0.0083734062 +/- 0.003502 min 0.002297428 max 0.214216133 sum 600.004794
# target 50% 0.00748767
# target 75% 0.0103122
# target 90% 0.0161782
# target 99% 0.0196979
# target 99.9% 0.0297174
Sockets used: 10 (for perfect keepalive, would be 10)
Jitter: false
Code 200 : 71656 (100.0 %)
All done 71656 calls (plus 10 warmup) 8.373 ms avg, 1194.1 qps
Successfully wrote 2563 bytes of Json data to 2022-04-07-085354_asg_taewa_3extra_scaling_2_9.json
fortio exit code: 0
[2022-04-07T08:54:54]==============================[STATS]
jh CPU load avg:
0.00 0.03 0.05 1/160 921
i-02619c97bb40103e9
InService
Healthy
{}
i-05f80452c94173ea3
InService
Healthy
{}
[2022-04-07T08:54:55]==============================[SCALING RUN 2: CHUNK 10]==============================
08:54:55 I logger.go:127> Log level is now 4 Error (was 2 Info)
Fortio 1.19.0 running at -1 queries per second, 2->2 procs, for 1m0s: http://asg-1-lb-651490904.us-east-1.elb.amazonaws.com:3000/?n=80000
Aggregated Function Time : count 71790 avg 0.0083577462 +/- 0.002967 min 0.002307289 max 0.027820299 sum 600.002596
# target 50% 0.00748432
# target 75% 0.0102746
# target 90% 0.0161245
# target 99% 0.0196345
# target 99.9% 0.0199854
Sockets used: 10 (for perfect keepalive, would be 10)
Jitter: false
Code 200 : 71790 (100.0 %)
All done 71790 calls (plus 10 warmup) 8.358 ms avg, 1196.3 qps
Successfully wrote 2086 bytes of Json data to 2022-04-07-085455_asg_taewa_3extra_scaling_2_10.json
fortio exit code: 0
[2022-04-07T08:55:55]==============================[STATS]
jh CPU load avg:
0.06 0.04 0.05 1/158 939
i-02619c97bb40103e9
InService
Healthy
{}
i-05f80452c94173ea3
InService
Healthy
{}
[2022-04-07T08:55:55]==============================[SCALING RUN 2: CHUNK 11]==============================
08:55:55 I logger.go:127> Log level is now 4 Error (was 2 Info)
Fortio 1.19.0 running at -1 queries per second, 2->2 procs, for 1m0s: http://asg-1-lb-651490904.us-east-1.elb.amazonaws.com:3000/?n=80000
Aggregated Function Time : count 71216 avg 0.0084251869 +/- 0.003724 min 0.002347193 max 0.2220686 sum 600.008113
# target 50% 0.00716727
# target 75% 0.00957738
# target 90% 0.0152198
# target 99% 0.019645
# target 99.9% 0.0270829
Sockets used: 10 (for perfect keepalive, would be 10)
Jitter: false
Code 200 : 71216 (100.0 %)
All done 71216 calls (plus 10 warmup) 8.425 ms avg, 1186.7 qps
Successfully wrote 2440 bytes of Json data to 2022-04-07-085555_asg_taewa_3extra_scaling_2_11.json
fortio exit code: 0
[2022-04-07T08:56:55]==============================[STATS]
jh CPU load avg:
0.08 0.06 0.06 1/164 963
i-02619c97bb40103e9
InService
Healthy
{}
i-05f80452c94173ea3
InService
Healthy
{}
[2022-04-07T08:56:56]==============================[SCALING RUN 2: CHUNK 12]==============================
08:56:56 I logger.go:127> Log level is now 4 Error (was 2 Info)
Fortio 1.19.0 running at -1 queries per second, 2->2 procs, for 1m0s: http://asg-1-lb-651490904.us-east-1.elb.amazonaws.com:3000/?n=80000
Aggregated Function Time : count 71768 avg 0.0083601915 +/- 0.003249 min 0.002295488 max 0.220954529 sum 599.994223
# target 50% 0.00747907
# target 75% 0.010267
# target 90% 0.0161208
# target 99% 0.0196331
# target 99.9% 0.0199844
Sockets used: 10 (for perfect keepalive, would be 10)
Jitter: false
Code 200 : 71768 (100.0 %)
All done 71768 calls (plus 10 warmup) 8.360 ms avg, 1196.0 qps
Successfully wrote 2323 bytes of Json data to 2022-04-07-085656_asg_taewa_3extra_scaling_2_12.json
fortio exit code: 0
[2022-04-07T08:57:56]==============================[STATS]
jh CPU load avg:
0.11 0.06 0.06 1/164 980
i-02619c97bb40103e9
InService
Healthy
{}
i-05f80452c94173ea3
InService
Healthy
{}
i-0dda8096c00b1734a
InService
Healthy
{}
[2022-04-07T08:57:57]==============================[SCALING RUN 2: CHUNK 13]==============================
08:57:57 I logger.go:127> Log level is now 4 Error (was 2 Info)
Fortio 1.19.0 running at -1 queries per second, 2->2 procs, for 1m0s: http://asg-1-lb-651490904.us-east-1.elb.amazonaws.com:3000/?n=80000
Aggregated Function Time : count 105354 avg 0.0056949134 +/- 0.002962 min 0.002330773 max 0.21600549 sum 599.981902
# target 50% 0.00654671
# target 75% 0.00865473
# target 90% 0.00991953
# target 99% 0.0189151
# target 99.9% 0.0199123
Sockets used: 10 (for perfect keepalive, would be 10)
Jitter: false
Code 200 : 105354 (100.0 %)
All done 105354 calls (plus 10 warmup) 5.695 ms avg, 1755.7 qps
Successfully wrote 2208 bytes of Json data to 2022-04-07-085757_asg_taewa_3extra_scaling_2_13.json
fortio exit code: 0
[2022-04-07T08:58:57]==============================[STATS]
jh CPU load avg:
0.26 0.10 0.07 1/164 1045
i-02619c97bb40103e9
InService
Healthy
{}
i-05f80452c94173ea3
InService
Healthy
{}
i-0dda8096c00b1734a
InService
Healthy
{}
[2022-04-07T08:58:58]==============================[SCALING RUN 2: CHUNK 14]==============================
08:58:58 I logger.go:127> Log level is now 4 Error (was 2 Info)
Fortio 1.19.0 running at -1 queries per second, 2->2 procs, for 1m0s: http://asg-1-lb-651490904.us-east-1.elb.amazonaws.com:3000/?n=80000
Aggregated Function Time : count 105961 avg 0.005662258 +/- 0.002875 min 0.002266645 max 0.025239939 sum 599.978524
# target 50% 0.0065097
# target 75% 0.00863127
# target 90% 0.00990421
# target 99% 0.0188888
# target 99.9% 0.0199052
Sockets used: 10 (for perfect keepalive, would be 10)
Jitter: false
Code 200 : 105961 (100.0 %)
All done 105961 calls (plus 10 warmup) 5.662 ms avg, 1765.8 qps
Successfully wrote 2094 bytes of Json data to 2022-04-07-085858_asg_taewa_3extra_scaling_2_14.json
fortio exit code: 0
[2022-04-07T08:59:58]==============================[STATS]
jh CPU load avg:
0.25 0.11 0.08 1/164 1062
i-02619c97bb40103e9
InService
Healthy
{}
i-05f80452c94173ea3
InService
Healthy
{}
i-0dda8096c00b1734a
InService
Healthy
{}
[2022-04-07T08:59:58]==============================[SCALING RUN 3: INIT]==============================
{
    "Alarms": [
        {
            "AlarmName": "TargetTracking-asg-1-myASG-AlarmHigh-91903aa7-8355-453d-9011-b5fb7c7c51a0", 
            "AlarmARN": "arn:aws:cloudwatch:us-east-1:616987080657:alarm:TargetTracking-asg-1-myASG-AlarmHigh-91903aa7-8355-453d-9011-b5fb7c7c51a0"
        }, 
        {
            "AlarmName": "TargetTracking-asg-1-myASG-AlarmLow-70a43a41-70b3-4752-9689-177622545c50", 
            "AlarmARN": "arn:aws:cloudwatch:us-east-1:616987080657:alarm:TargetTracking-asg-1-myASG-AlarmLow-70a43a41-70b3-4752-9689-177622545c50"
        }
    ], 
    "PolicyARN": "arn:aws:autoscaling:us-east-1:616987080657:scalingPolicy:6f8dc634-a993-4fcf-9dab-fa13e474460c:autoScalingGroupName/asg-1-myASG:policyName/asg-1-AppServerSP-19K43O8TQJJZK"
}
scaling to 1
[2022-04-07T09:00:00]==============================[SCALING RUN 3: ENABLE SCALING - SLEEP]==============================
{
    "Alarms": [
        {
            "AlarmName": "TargetTracking-asg-1-myASG-AlarmHigh-0746f347-1333-4b7a-bab8-902788402477", 
            "AlarmARN": "arn:aws:cloudwatch:us-east-1:616987080657:alarm:TargetTracking-asg-1-myASG-AlarmHigh-0746f347-1333-4b7a-bab8-902788402477"
        }, 
        {
            "AlarmName": "TargetTracking-asg-1-myASG-AlarmLow-df32fc8d-2eaf-490f-97cf-c20f75d90a2a", 
            "AlarmARN": "arn:aws:cloudwatch:us-east-1:616987080657:alarm:TargetTracking-asg-1-myASG-AlarmLow-df32fc8d-2eaf-490f-97cf-c20f75d90a2a"
        }
    ], 
    "PolicyARN": "arn:aws:autoscaling:us-east-1:616987080657:scalingPolicy:6f8dc634-a993-4fcf-9dab-fa13e474460c:autoScalingGroupName/asg-1-myASG:policyName/asg-1-AppServerSP-19K43O8TQJJZK"
}
[2022-04-07T09:03:01]==============================[SCALING RUN 3: FORTIO]==============================
[2022-04-07T09:03:01]==============================[STATS]
jh CPU load avg:
0.07 0.07 0.06 1/166 1119
i-0dda8096c00b1734a
InService
Healthy
{}
[2022-04-07T09:03:02]==============================[SCALING RUN 3: CHUNK 1]==============================
09:03:02 I logger.go:127> Log level is now 4 Error (was 2 Info)
Fortio 1.19.0 running at -1 queries per second, 2->2 procs, for 1m0s: http://asg-1-lb-651490904.us-east-1.elb.amazonaws.com:3000/?n=80000
Aggregated Function Time : count 34590 avg 0.017347713 +/- 0.005525 min 0.005532929 max 0.219318972 sum 600.0574
# target 50% 0.0157782
# target 75% 0.0186796
# target 90% 0.0294924
# target 99% 0.0391667
# target 99.9% 0.0541615
Sockets used: 10 (for perfect keepalive, would be 10)
Jitter: false
Code 200 : 34590 (100.0 %)
All done 34590 calls (plus 10 warmup) 17.348 ms avg, 576.3 qps
Successfully wrote 3031 bytes of Json data to 2022-04-07-090302_asg_taewa_3extra_scaling_3_1.json
fortio exit code: 0
[2022-04-07T09:04:02]==============================[STATS]
jh CPU load avg:
0.09 0.08 0.07 1/166 1136
i-0dda8096c00b1734a
InService
Healthy
{}
[2022-04-07T09:04:03]==============================[SCALING RUN 3: CHUNK 2]==============================
09:04:03 I logger.go:127> Log level is now 4 Error (was 2 Info)
Fortio 1.19.0 running at -1 queries per second, 2->2 procs, for 1m0s: http://asg-1-lb-651490904.us-east-1.elb.amazonaws.com:3000/?n=80000
Aggregated Function Time : count 35139 avg 0.017076759 +/- 0.005259 min 0.002841576 max 0.234716253 sum 600.060236
# target 50% 0.0157284
# target 75% 0.0186064
# target 90% 0.0276531
# target 99% 0.0389165
# target 99.9% 0.0399057
Sockets used: 10 (for perfect keepalive, would be 10)
Jitter: false
Code 200 : 35139 (100.0 %)
All done 35139 calls (plus 10 warmup) 17.077 ms avg, 585.5 qps
Successfully wrote 2557 bytes of Json data to 2022-04-07-090403_asg_taewa_3extra_scaling_3_2.json
fortio exit code: 0
[2022-04-07T09:05:03]==============================[STATS]
jh CPU load avg:
0.03 0.06 0.06 1/166 1155
i-0dda8096c00b1734a
InService
Healthy
{}
[2022-04-07T09:05:04]==============================[SCALING RUN 3: CHUNK 3]==============================
09:05:04 I logger.go:127> Log level is now 4 Error (was 2 Info)
Fortio 1.19.0 running at -1 queries per second, 2->2 procs, for 1m0s: http://asg-1-lb-651490904.us-east-1.elb.amazonaws.com:3000/?n=80000
Aggregated Function Time : count 35114 avg 0.017088741 +/- 0.005637 min 0.002770808 max 0.235204802 sum 600.054055
# target 50% 0.0157266
# target 75% 0.0186354
# target 90% 0.0278833
# target 99% 0.0390135
# target 99.9% 0.043886
Sockets used: 10 (for perfect keepalive, would be 10)
Jitter: false
Code 200 : 35114 (100.0 %)
All done 35114 calls (plus 10 warmup) 17.089 ms avg, 585.1 qps
Successfully wrote 3148 bytes of Json data to 2022-04-07-090504_asg_taewa_3extra_scaling_3_3.json
fortio exit code: 0
[2022-04-07T09:06:04]==============================[STATS]
jh CPU load avg:
0.06 0.07 0.06 1/163 1178
i-0dda8096c00b1734a
InService
Healthy
{}
[2022-04-07T09:06:05]==============================[SCALING RUN 3: CHUNK 4]==============================
09:06:05 I logger.go:127> Log level is now 4 Error (was 2 Info)
Fortio 1.19.0 running at -1 queries per second, 2->2 procs, for 1m0s: http://asg-1-lb-651490904.us-east-1.elb.amazonaws.com:3000/?n=80000
Aggregated Function Time : count 34994 avg 0.017147025 +/- 0.005387 min 0.002805693 max 0.220894802 sum 600.043003
# target 50% 0.0157345
# target 75% 0.0186154
# target 90% 0.0278189
# target 99% 0.0389314
# target 99.9% 0.0399156
Sockets used: 10 (for perfect keepalive, would be 10)
Jitter: false
Code 200 : 34994 (100.0 %)
All done 34994 calls (plus 10 warmup) 17.147 ms avg, 583.1 qps
Successfully wrote 2547 bytes of Json data to 2022-04-07-090605_asg_taewa_3extra_scaling_3_4.json
fortio exit code: 0
[2022-04-07T09:07:05]==============================[STATS]
jh CPU load avg:
0.02 0.05 0.06 1/164 1199
i-0dda8096c00b1734a
InService
Healthy
{}
[2022-04-07T09:07:05]==============================[SCALING RUN 3: CHUNK 5]==============================
09:07:05 I logger.go:127> Log level is now 4 Error (was 2 Info)
Fortio 1.19.0 running at -1 queries per second, 2->2 procs, for 1m0s: http://asg-1-lb-651490904.us-east-1.elb.amazonaws.com:3000/?n=80000
Aggregated Function Time : count 34220 avg 0.017535843 +/- 0.005939 min 0.002717229 max 0.235577021 sum 600.076558
# target 50% 0.0161645
# target 75% 0.0192656
# target 90% 0.0278599
# target 99% 0.0395015
# target 99.9% 0.0487514
Sockets used: 15 (for perfect keepalive, would be 10)
Jitter: false
Code 200 : 34220 (100.0 %)
All done 34220 calls (plus 10 warmup) 17.536 ms avg, 570.1 qps
Successfully wrote 2560 bytes of Json data to 2022-04-07-090705_asg_taewa_3extra_scaling_3_5.json
fortio exit code: 0
[2022-04-07T09:08:05]==============================[STATS]
jh CPU load avg:
0.04 0.05 0.06 1/164 1217
i-0885b3cc59f7f4673
InService
Healthy
{}
i-0dda8096c00b1734a
InService
Healthy
{}
[2022-04-07T09:08:06]==============================[SCALING RUN 3: CHUNK 6]==============================
09:08:06 I logger.go:127> Log level is now 4 Error (was 2 Info)
Fortio 1.19.0 running at -1 queries per second, 2->2 procs, for 1m0s: http://asg-1-lb-651490904.us-east-1.elb.amazonaws.com:3000/?n=80000
Aggregated Function Time : count 32897 avg 0.018240948 +/- 0.006766 min 0.003701454 max 0.235432102 sum 600.072451
# target 50% 0.017013
# target 75% 0.021623
# target 90% 0.0279107
# target 99% 0.0438148
# target 99.9% 0.0496661
Sockets used: 10 (for perfect keepalive, would be 10)
Jitter: false
Code 200 : 32897 (100.0 %)
All done 32897 calls (plus 10 warmup) 18.241 ms avg, 548.1 qps
Successfully wrote 2677 bytes of Json data to 2022-04-07-090806_asg_taewa_3extra_scaling_3_6.json
fortio exit code: 0
[2022-04-07T09:09:06]==============================[STATS]
jh CPU load avg:
0.06 0.06 0.06 1/164 1234
i-0885b3cc59f7f4673
InService
Healthy
{}
i-0dda8096c00b1734a
InService
Healthy
{}
[2022-04-07T09:09:07]==============================[SCALING RUN 3: CHUNK 7]==============================
09:09:07 I logger.go:127> Log level is now 4 Error (was 2 Info)
Fortio 1.19.0 running at -1 queries per second, 2->2 procs, for 1m0s: http://asg-1-lb-651490904.us-east-1.elb.amazonaws.com:3000/?n=80000
Aggregated Function Time : count 35046 avg 0.017122268 +/- 0.005132 min 0.002986701 max 0.07173885 sum 600.066995
# target 50% 0.0157268
# target 75% 0.0186134
# target 90% 0.029237
# target 99% 0.0390435
# target 99.9% 0.0399733
Sockets used: 10 (for perfect keepalive, would be 10)
Jitter: false
Code 200 : 35046 (100.0 %)
All done 35046 calls (plus 10 warmup) 17.122 ms avg, 583.9 qps
Successfully wrote 2557 bytes of Json data to 2022-04-07-090907_asg_taewa_3extra_scaling_3_7.json
fortio exit code: 0
[2022-04-07T09:10:07]==============================[STATS]
jh CPU load avg:
0.09 0.06 0.06 1/165 1257
i-0885b3cc59f7f4673
InService
Healthy
{}
i-0dda8096c00b1734a
InService
Healthy
{}
[2022-04-07T09:10:08]==============================[SCALING RUN 3: CHUNK 8]==============================
09:10:08 I logger.go:127> Log level is now 4 Error (was 2 Info)
Fortio 1.19.0 running at -1 queries per second, 2->2 procs, for 1m0s: http://asg-1-lb-651490904.us-east-1.elb.amazonaws.com:3000/?n=80000
Aggregated Function Time : count 71231 avg 0.0084233036 +/- 0.003193 min 0.00224355 max 0.215247147 sum 600.00034
# target 50% 0.00748444
# target 75% 0.0103861
# target 90% 0.0161697
# target 99% 0.0196399
# target 99.9% 0.0199869
Sockets used: 10 (for perfect keepalive, would be 10)
Jitter: false
Code 200 : 71231 (100.0 %)
All done 71231 calls (plus 10 warmup) 8.423 ms avg, 1187.0 qps
Successfully wrote 2320 bytes of Json data to 2022-04-07-091008_asg_taewa_3extra_scaling_3_8.json
fortio exit code: 0
[2022-04-07T09:11:08]==============================[STATS]
jh CPU load avg:
0.07 0.06 0.06 1/165 1274
i-0885b3cc59f7f4673
InService
Healthy
{}
i-0dda8096c00b1734a
InService
Healthy
{}
[2022-04-07T09:11:09]==============================[SCALING RUN 3: CHUNK 9]==============================
09:11:09 I logger.go:127> Log level is now 4 Error (was 2 Info)
Fortio 1.19.0 running at -1 queries per second, 2->2 procs, for 1m0s: http://asg-1-lb-651490904.us-east-1.elb.amazonaws.com:3000/?n=80000
Aggregated Function Time : count 71643 avg 0.0083749325 +/- 0.003529 min 0.002254481 max 0.220305335 sum 600.00529
# target 50% 0.00746801
# target 75% 0.0102796
# target 90% 0.0161233
# target 99% 0.0196295
# target 99.9% 0.0199801
Sockets used: 10 (for perfect keepalive, would be 10)
Jitter: false
Code 200 : 71643 (100.0 %)
All done 71643 calls (plus 10 warmup) 8.375 ms avg, 1193.9 qps
Successfully wrote 2321 bytes of Json data to 2022-04-07-091109_asg_taewa_3extra_scaling_3_9.json
fortio exit code: 0
[2022-04-07T09:12:09]==============================[STATS]
jh CPU load avg:
0.08 0.06 0.06 1/164 1296
i-0885b3cc59f7f4673
InService
Healthy
{}
i-0dda8096c00b1734a
InService
Healthy
{}
[2022-04-07T09:12:09]==============================[SCALING RUN 3: CHUNK 10]==============================
09:12:09 I logger.go:127> Log level is now 4 Error (was 2 Info)
Fortio 1.19.0 running at -1 queries per second, 2->2 procs, for 1m0s: http://asg-1-lb-651490904.us-east-1.elb.amazonaws.com:3000/?n=80000
Aggregated Function Time : count 71360 avg 0.0084080434 +/- 0.003233 min 0.002254986 max 0.211728951 sum 599.997978
# target 50% 0.0074879
# target 75% 0.0103862
# target 90% 0.0161919
# target 99% 0.0196753
# target 99.9% 0.024364
Sockets used: 10 (for perfect keepalive, would be 10)
Jitter: false
Code 200 : 71360 (100.0 %)
All done 71360 calls (plus 10 warmup) 8.408 ms avg, 1189.2 qps
Successfully wrote 2443 bytes of Json data to 2022-04-07-091209_asg_taewa_3extra_scaling_3_10.json
fortio exit code: 0
[2022-04-07T09:13:09]==============================[STATS]
jh CPU load avg:
0.10 0.07 0.06 1/165 1314
i-0885b3cc59f7f4673
InService
Healthy
{}
i-0dda8096c00b1734a
InService
Healthy
{}
[2022-04-07T09:13:10]==============================[SCALING RUN 3: CHUNK 11]==============================
09:13:10 I logger.go:127> Log level is now 4 Error (was 2 Info)
Fortio 1.19.0 running at -1 queries per second, 2->2 procs, for 1m0s: http://asg-1-lb-651490904.us-east-1.elb.amazonaws.com:3000/?n=80000
Aggregated Function Time : count 71599 avg 0.0083799479 +/- 0.003365 min 0.002266331 max 0.220129645 sum 599.995893
# target 50% 0.00746527
# target 75% 0.0102439
# target 90% 0.0161136
# target 99% 0.0196355
# target 99.9% 0.0199876
Sockets used: 10 (for perfect keepalive, would be 10)
Jitter: false
Code 200 : 71599 (100.0 %)
All done 71599 calls (plus 10 warmup) 8.380 ms avg, 1193.2 qps
Successfully wrote 2321 bytes of Json data to 2022-04-07-091310_asg_taewa_3extra_scaling_3_11.json
fortio exit code: 0
[2022-04-07T09:14:10]==============================[STATS]
jh CPU load avg:
0.03 0.05 0.05 1/165 1331
i-07a60a166097b58c4
InService
Healthy
{}
i-0885b3cc59f7f4673
InService
Healthy
{}
i-0dda8096c00b1734a
InService
Healthy
{}
[2022-04-07T09:14:11]==============================[SCALING RUN 3: CHUNK 12]==============================
09:14:11 I logger.go:127> Log level is now 4 Error (was 2 Info)
Fortio 1.19.0 running at -1 queries per second, 2->2 procs, for 1m0s: http://asg-1-lb-651490904.us-east-1.elb.amazonaws.com:3000/?n=80000
Aggregated Function Time : count 87934 avg 0.006823189 +/- 0.003719 min 0.002284227 max 0.047999315 sum 599.990298
# target 50% 0.00714449
# target 75% 0.00957467
# target 90% 0.0151728
# target 99% 0.0195547
# target 99.9% 0.0199928
Sockets used: 10 (for perfect keepalive, would be 10)
Jitter: false
Code 200 : 87934 (100.0 %)
All done 87934 calls (plus 10 warmup) 6.823 ms avg, 1465.3 qps
Successfully wrote 2325 bytes of Json data to 2022-04-07-091411_asg_taewa_3extra_scaling_3_12.json
fortio exit code: 0
[2022-04-07T09:15:11]==============================[STATS]
jh CPU load avg:
0.08 0.07 0.06 1/165 1348
i-07a60a166097b58c4
InService
Healthy
{}
i-0885b3cc59f7f4673
InService
Healthy
{}
i-0dda8096c00b1734a
InService
Healthy
{}
[2022-04-07T09:15:12]==============================[SCALING RUN 3: CHUNK 13]==============================
09:15:12 I logger.go:127> Log level is now 4 Error (was 2 Info)
Fortio 1.19.0 running at -1 queries per second, 2->2 procs, for 1m0s: http://asg-1-lb-651490904.us-east-1.elb.amazonaws.com:3000/?n=80000
Aggregated Function Time : count 88500 avg 0.0067795137 +/- 0.003013 min 0.002275946 max 0.220296125 sum 599.98696
# target 50% 0.00661119
# target 75% 0.00877886
# target 90% 0.0108449
# target 99% 0.0191426
# target 99.9% 0.0199724
Sockets used: 10 (for perfect keepalive, would be 10)
Jitter: false
Code 200 : 88500 (100.0 %)
All done 88500 calls (plus 10 warmup) 6.780 ms avg, 1474.8 qps
Successfully wrote 2441 bytes of Json data to 2022-04-07-091512_asg_taewa_3extra_scaling_3_13.json
fortio exit code: 0
[2022-04-07T09:16:12]==============================[STATS]
jh CPU load avg:
0.16 0.08 0.06 1/165 1365
i-07a60a166097b58c4
InService
Healthy
{}
i-0885b3cc59f7f4673
InService
Healthy
{}
i-0dda8096c00b1734a
InService
Healthy
{}
[2022-04-07T09:16:13]==============================[SCALING RUN 3: CHUNK 14]==============================
09:16:13 I logger.go:127> Log level is now 4 Error (was 2 Info)
Fortio 1.19.0 running at -1 queries per second, 2->2 procs, for 1m0s: http://asg-1-lb-651490904.us-east-1.elb.amazonaws.com:3000/?n=80000
Aggregated Function Time : count 87610 avg 0.0068485367 +/- 0.003876 min 0.002220838 max 0.22014921 sum 600.000301
# target 50% 0.00710612
# target 75% 0.00954882
# target 90% 0.0151087
# target 99% 0.0195372
# target 99.9% 0.01998
Sockets used: 10 (for perfect keepalive, would be 10)
Jitter: false
Code 200 : 87610 (100.0 %)
All done 87610 calls (plus 10 warmup) 6.849 ms avg, 1459.9 qps
Successfully wrote 2425 bytes of Json data to 2022-04-07-091613_asg_taewa_3extra_scaling_3_14.json
fortio exit code: 0
[2022-04-07T09:17:13]==============================[STATS]
jh CPU load avg:
0.16 0.10 0.07 1/162 1383
i-07a60a166097b58c4
InService
Healthy
{}
i-0885b3cc59f7f4673
InService
Healthy
{}
i-0dda8096c00b1734a
InService
Healthy
{}
[2022-04-07T09:21:14]==============================[GET DATA]==============================
2022-04-07T07:41:34..2022-04-07T09:21:14
asg-1-myASG
asg-1-lb
32K alb_data.json
24K asg_data.json
[2022-04-07T09:21:15]==============================[UPLOAD /2022.04.07_07-40_asg_taewa_3extra_41cf]==============================
Warning: Permanently added '34.125.40.213' (ECDSA) to the list of known hosts.
