2022-05-29T21:35:08
NAME                             CPU(cores)   CPU%   MEMORY(bytes)   MEMORY%   
ip-192-168-45-208.ec2.internal   58m          3%     1062Mi          31%       
2022-05-29T21:36:10
NAME                             CPU(cores)   CPU%   MEMORY(bytes)   MEMORY%   
ip-192-168-45-208.ec2.internal   62m          3%     936Mi           28%       
2022-05-29T21:37:12
NAME                             CPU(cores)   CPU%   MEMORY(bytes)   MEMORY%   
ip-192-168-26-29.ec2.internal    575m         29%    435Mi           13%       
ip-192-168-34-191.ec2.internal   648m         33%    435Mi           13%       
ip-192-168-45-208.ec2.internal   66m          3%     600Mi           18%       
2022-05-29T21:38:13
NAME                             CPU(cores)   CPU%   MEMORY(bytes)   MEMORY%   
ip-192-168-26-29.ec2.internal    401m         20%    497Mi           14%       
ip-192-168-34-191.ec2.internal   40m          2%     453Mi           13%       
ip-192-168-45-208.ec2.internal   1072m        55%    645Mi           19%       
2022-05-29T21:39:15
NAME                             CPU(cores)   CPU%   MEMORY(bytes)   MEMORY%   
ip-192-168-26-29.ec2.internal    41m          2%     494Mi           14%       
ip-192-168-34-191.ec2.internal   38m          1%     454Mi           13%       
ip-192-168-45-208.ec2.internal   56m          2%     643Mi           19%       
2022-05-29T21:40:17
NAME                             CPU(cores)   CPU%   MEMORY(bytes)   MEMORY%   
ip-192-168-26-29.ec2.internal    658m         34%    542Mi           16%       
ip-192-168-34-191.ec2.internal   37m          1%     455Mi           13%       
ip-192-168-45-208.ec2.internal   527m         27%    644Mi           19%       
2022-05-29T21:41:19
NAME                             CPU(cores)   CPU%   MEMORY(bytes)   MEMORY%   
ip-192-168-26-29.ec2.internal    1015m        52%    584Mi           17%       
ip-192-168-34-191.ec2.internal   51m          2%     536Mi           16%       
ip-192-168-45-208.ec2.internal   1063m        55%    644Mi           19%       
2022-05-29T21:42:20
NAME                             CPU(cores)   CPU%   MEMORY(bytes)   MEMORY%   
ip-192-168-26-29.ec2.internal    44m          2%     585Mi           17%       
ip-192-168-34-191.ec2.internal   44m          2%     537Mi           16%       
ip-192-168-45-208.ec2.internal   60m          3%     643Mi           19%       
2022-05-29T21:43:22
NAME                             CPU(cores)   CPU%   MEMORY(bytes)   MEMORY%   
ip-192-168-26-29.ec2.internal    1470m        76%    630Mi           18%       
ip-192-168-34-191.ec2.internal   1905m        98%    631Mi           18%       
ip-192-168-45-208.ec2.internal   893m         46%    697Mi           20%       
2022-05-29T21:44:24
NAME                             CPU(cores)   CPU%   MEMORY(bytes)   MEMORY%   
ip-192-168-26-29.ec2.internal    953m         49%    630Mi           18%       
ip-192-168-34-191.ec2.internal   1233m        63%    631Mi           18%       
ip-192-168-45-208.ec2.internal   659m         34%    681Mi           20%       
2022-05-29T21:45:26
NAME                             CPU(cores)   CPU%   MEMORY(bytes)   MEMORY%   
ip-192-168-26-29.ec2.internal    140m         7%     600Mi           18%       
ip-192-168-34-191.ec2.internal   120m         6%     587Mi           17%       
ip-192-168-45-208.ec2.internal   66m          3%     701Mi           21%       
2022-05-29T21:46:27
NAME                             CPU(cores)   CPU%   MEMORY(bytes)   MEMORY%   
ip-192-168-26-29.ec2.internal    1930m        100%   634Mi           19%       
ip-192-168-34-191.ec2.internal   1932m        100%   635Mi           19%       
ip-192-168-45-208.ec2.internal   1602m        83%    747Mi           22%       
2022-05-29T21:47:29
NAME                             CPU(cores)   CPU%   MEMORY(bytes)   MEMORY%   
ip-192-168-26-29.ec2.internal    39m          2%     634Mi           19%       
ip-192-168-34-191.ec2.internal   44m          2%     636Mi           19%       
ip-192-168-45-208.ec2.internal   59m          3%     747Mi           22%       
2022-05-29T21:48:31
NAME                             CPU(cores)   CPU%   MEMORY(bytes)   MEMORY%   
ip-192-168-26-29.ec2.internal    1340m        69%    632Mi           18%       
ip-192-168-34-191.ec2.internal   1710m        88%    635Mi           19%       
ip-192-168-45-208.ec2.internal   1731m        89%    748Mi           22%       
2022-05-29T21:49:32
NAME                             CPU(cores)   CPU%   MEMORY(bytes)   MEMORY%   
ip-192-168-26-29.ec2.internal    677m         35%    632Mi           18%       
ip-192-168-34-191.ec2.internal   864m         44%    636Mi           19%       
ip-192-168-45-208.ec2.internal   1364m        70%    748Mi           22%       
2022-05-29T21:50:34
NAME                             CPU(cores)   CPU%   MEMORY(bytes)   MEMORY%   
ip-192-168-26-29.ec2.internal    42m          2%     631Mi           18%       
ip-192-168-34-191.ec2.internal   45m          2%     636Mi           19%       
ip-192-168-45-208.ec2.internal   63m          3%     749Mi           22%       
2022-05-29T21:51:36
NAME                             CPU(cores)   CPU%   MEMORY(bytes)   MEMORY%   
ip-192-168-26-29.ec2.internal    1996m        103%   654Mi           19%       
ip-192-168-34-191.ec2.internal   1569m        81%    651Mi           19%       
ip-192-168-45-208.ec2.internal   1578m        81%    749Mi           22%       
2022-05-29T21:52:38
NAME                             CPU(cores)   CPU%   MEMORY(bytes)   MEMORY%   
ip-192-168-26-29.ec2.internal    40m          2%     654Mi           19%       
ip-192-168-34-191.ec2.internal   41m          2%     654Mi           19%       
ip-192-168-45-208.ec2.internal   61m          3%     749Mi           22%       
2022-05-29T21:53:40
NAME                             CPU(cores)   CPU%   MEMORY(bytes)   MEMORY%   
ip-192-168-26-29.ec2.internal    1982m        102%   653Mi           19%       
ip-192-168-34-191.ec2.internal   1621m        83%    650Mi           19%       
ip-192-168-45-208.ec2.internal   1982m        102%   751Mi           22%       
2022-05-29T21:54:41
NAME                             CPU(cores)   CPU%   MEMORY(bytes)   MEMORY%   
ip-192-168-26-29.ec2.internal    1978m        102%   653Mi           19%       
ip-192-168-34-191.ec2.internal   1603m        83%    651Mi           19%       
ip-192-168-45-208.ec2.internal   1972m        102%   753Mi           22%       
2022-05-29T21:55:43
NAME                             CPU(cores)   CPU%   MEMORY(bytes)   MEMORY%   
ip-192-168-26-29.ec2.internal    557m         28%    653Mi           19%       
ip-192-168-34-191.ec2.internal   641m         33%    653Mi           19%       
ip-192-168-45-208.ec2.internal   409m         21%    750Mi           22%       
2022-05-29T21:56:45
NAME                             CPU(cores)   CPU%   MEMORY(bytes)   MEMORY%   
ip-192-168-26-29.ec2.internal    1656m        85%    649Mi           19%       
ip-192-168-34-191.ec2.internal   1970m        102%   654Mi           19%       
ip-192-168-45-208.ec2.internal   1944m        100%   752Mi           22%       
2022-05-29T21:57:46
NAME                             CPU(cores)   CPU%   MEMORY(bytes)   MEMORY%   
ip-192-168-26-29.ec2.internal    43m          2%     652Mi           19%       
ip-192-168-34-191.ec2.internal   46m          2%     655Mi           19%       
ip-192-168-45-208.ec2.internal   60m          3%     751Mi           22%       
2022-05-29T21:58:48
NAME                             CPU(cores)   CPU%   MEMORY(bytes)   MEMORY%   
ip-192-168-26-29.ec2.internal    1545m        80%    649Mi           19%       
ip-192-168-34-191.ec2.internal   1718m        89%    652Mi           19%       
ip-192-168-45-208.ec2.internal   1981m        102%   753Mi           22%       
2022-05-29T21:59:50
NAME                             CPU(cores)   CPU%   MEMORY(bytes)   MEMORY%   
ip-192-168-26-29.ec2.internal    1551m        80%    651Mi           19%       
ip-192-168-34-191.ec2.internal   1679m        86%    654Mi           19%       
ip-192-168-45-208.ec2.internal   1968m        101%   757Mi           22%       
2022-05-29T22:00:51
NAME                             CPU(cores)   CPU%   MEMORY(bytes)   MEMORY%   
ip-192-168-26-29.ec2.internal    44m          2%     651Mi           19%       
ip-192-168-34-191.ec2.internal   43m          2%     654Mi           19%       
ip-192-168-45-208.ec2.internal   60m          3%     754Mi           22%       
2022-05-29T22:01:53
NAME                             CPU(cores)   CPU%   MEMORY(bytes)   MEMORY%   
ip-192-168-26-29.ec2.internal    1980m        102%   655Mi           19%       
ip-192-168-34-191.ec2.internal   1996m        103%   656Mi           19%       
ip-192-168-45-208.ec2.internal   1136m        58%    749Mi           22%       
2022-05-29T22:02:55
NAME                             CPU(cores)   CPU%   MEMORY(bytes)   MEMORY%   
ip-192-168-26-29.ec2.internal    46m          2%     654Mi           19%       
ip-192-168-34-191.ec2.internal   45m          2%     657Mi           19%       
ip-192-168-45-208.ec2.internal   58m          3%     750Mi           22%       
2022-05-29T22:03:57
NAME                             CPU(cores)   CPU%   MEMORY(bytes)   MEMORY%   
ip-192-168-26-29.ec2.internal    1444m        74%    656Mi           19%       
ip-192-168-34-191.ec2.internal   1640m        84%    657Mi           19%       
ip-192-168-45-208.ec2.internal   1567m        81%    752Mi           22%       
2022-05-29T22:04:59
NAME                             CPU(cores)   CPU%   MEMORY(bytes)   MEMORY%   
ip-192-168-26-29.ec2.internal    1736m        89%    654Mi           19%       
ip-192-168-34-191.ec2.internal   1968m        101%   656Mi           19%       
ip-192-168-45-208.ec2.internal   1956m        101%   754Mi           22%       
2022-05-29T22:06:02
NAME                             CPU(cores)   CPU%   MEMORY(bytes)   MEMORY%   
ip-192-168-26-29.ec2.internal    44m          2%     653Mi           19%       
ip-192-168-34-191.ec2.internal   42m          2%     657Mi           19%       
ip-192-168-45-208.ec2.internal   56m          2%     754Mi           22%       
2022-05-29T22:07:04
NAME                             CPU(cores)   CPU%   MEMORY(bytes)   MEMORY%   
ip-192-168-26-29.ec2.internal    43m          2%     572Mi           17%       
ip-192-168-34-191.ec2.internal   45m          2%     574Mi           17%       
ip-192-168-45-208.ec2.internal   59m          3%     671Mi           20%       
2022-05-29T22:08:06
NAME                             CPU(cores)   CPU%   MEMORY(bytes)   MEMORY%   
ip-192-168-26-29.ec2.internal    1940m        100%   654Mi           19%       
ip-192-168-34-191.ec2.internal   1400m        72%    653Mi           19%       
ip-192-168-45-208.ec2.internal   1993m        103%   753Mi           22%       
2022-05-29T22:09:08
NAME                             CPU(cores)   CPU%   MEMORY(bytes)   MEMORY%   
ip-192-168-26-29.ec2.internal    1558m        80%    654Mi           19%       
ip-192-168-34-191.ec2.internal   1916m        99%    657Mi           19%       
ip-192-168-45-208.ec2.internal   1999m        103%   755Mi           22%       
2022-05-29T22:10:10
NAME                             CPU(cores)   CPU%   MEMORY(bytes)   MEMORY%   
ip-192-168-26-29.ec2.internal    1732m        89%    655Mi           19%       
ip-192-168-34-191.ec2.internal   1996m        103%   657Mi           19%       
ip-192-168-45-208.ec2.internal   1966m        101%   755Mi           22%       
2022-05-29T22:11:12
NAME                             CPU(cores)   CPU%   MEMORY(bytes)   MEMORY%   
ip-192-168-26-29.ec2.internal    1479m        76%    655Mi           19%       
ip-192-168-34-191.ec2.internal   1927m        99%    657Mi           19%       
ip-192-168-45-208.ec2.internal   1969m        102%   755Mi           22%       
2022-05-29T22:12:14
NAME                             CPU(cores)   CPU%   MEMORY(bytes)   MEMORY%   
ip-192-168-26-29.ec2.internal    1842m        95%    655Mi           19%       
ip-192-168-34-191.ec2.internal   1893m        98%    657Mi           19%       
ip-192-168-45-208.ec2.internal   1695m        87%    754Mi           22%       
2022-05-29T22:13:16
NAME                             CPU(cores)   CPU%   MEMORY(bytes)   MEMORY%   
ip-192-168-26-29.ec2.internal    42m          2%     655Mi           19%       
ip-192-168-34-191.ec2.internal   48m          2%     657Mi           19%       
ip-192-168-45-208.ec2.internal   62m          3%     753Mi           22%       
2022-05-29T22:14:17
NAME                             CPU(cores)   CPU%   MEMORY(bytes)   MEMORY%   
ip-192-168-26-29.ec2.internal    1486m        76%    652Mi           19%       
ip-192-168-34-191.ec2.internal   1393m        72%    657Mi           19%       
ip-192-168-45-208.ec2.internal   1966m        101%   754Mi           22%       
2022-05-29T22:15:19
NAME                             CPU(cores)   CPU%   MEMORY(bytes)   MEMORY%   
ip-192-168-26-29.ec2.internal    1416m        73%    652Mi           19%       
ip-192-168-34-191.ec2.internal   1364m        70%    659Mi           19%       
ip-192-168-45-208.ec2.internal   1933m        100%   754Mi           22%       
2022-05-29T22:16:21
NAME                             CPU(cores)   CPU%   MEMORY(bytes)   MEMORY%   
ip-192-168-26-29.ec2.internal    1487m        77%    656Mi           19%       
ip-192-168-34-191.ec2.internal   1415m        73%    654Mi           19%       
ip-192-168-45-208.ec2.internal   1973m        102%   757Mi           22%       
2022-05-29T22:17:23
NAME                             CPU(cores)   CPU%   MEMORY(bytes)   MEMORY%   
ip-192-168-26-29.ec2.internal    1484m        76%    652Mi           19%       
ip-192-168-34-191.ec2.internal   1391m        72%    654Mi           19%       
ip-192-168-45-208.ec2.internal   1905m        98%    755Mi           22%       
2022-05-29T22:18:25
NAME                             CPU(cores)   CPU%   MEMORY(bytes)   MEMORY%   
ip-192-168-26-29.ec2.internal    1474m        76%    652Mi           19%       
ip-192-168-34-191.ec2.internal   1365m        70%    654Mi           19%       
ip-192-168-45-208.ec2.internal   1913m        99%    755Mi           22%       
2022-05-29T22:19:27
NAME                             CPU(cores)   CPU%   MEMORY(bytes)   MEMORY%   
ip-192-168-26-29.ec2.internal    46m          2%     652Mi           19%       
ip-192-168-34-191.ec2.internal   44m          2%     653Mi           19%       
ip-192-168-45-208.ec2.internal   66m          3%     754Mi           22%       
2022-05-29T22:20:29
NAME                             CPU(cores)   CPU%   MEMORY(bytes)   MEMORY%   
ip-192-168-26-29.ec2.internal    1336m        69%    655Mi           19%       
ip-192-168-34-191.ec2.internal   1947m        100%   657Mi           19%       
ip-192-168-45-208.ec2.internal   1957m        101%   754Mi           22%       
2022-05-29T22:21:31
NAME                             CPU(cores)   CPU%   MEMORY(bytes)   MEMORY%   
ip-192-168-26-29.ec2.internal    1336m        69%    653Mi           19%       
ip-192-168-34-191.ec2.internal   1952m        101%   658Mi           19%       
ip-192-168-45-208.ec2.internal   1961m        101%   755Mi           22%       
2022-05-29T22:22:32
NAME                             CPU(cores)   CPU%   MEMORY(bytes)   MEMORY%   
ip-192-168-26-29.ec2.internal    1337m        69%    653Mi           19%       
ip-192-168-34-191.ec2.internal   1948m        100%   657Mi           19%       
ip-192-168-45-208.ec2.internal   1966m        101%   755Mi           22%       
2022-05-29T22:23:34
NAME                             CPU(cores)   CPU%   MEMORY(bytes)   MEMORY%   
ip-192-168-26-29.ec2.internal    1335m        69%    652Mi           19%       
ip-192-168-34-191.ec2.internal   1950m        101%   657Mi           19%       
ip-192-168-45-208.ec2.internal   1960m        101%   755Mi           22%       
2022-05-29T22:24:36
NAME                             CPU(cores)   CPU%   MEMORY(bytes)   MEMORY%   
ip-192-168-26-29.ec2.internal    1330m        68%    653Mi           19%       
ip-192-168-34-191.ec2.internal   1946m        100%   656Mi           19%       
ip-192-168-45-208.ec2.internal   1955m        101%   755Mi           22%       
2022-05-29T22:25:38
NAME                             CPU(cores)   CPU%   MEMORY(bytes)   MEMORY%   
ip-192-168-26-29.ec2.internal    41m          2%     653Mi           19%       
ip-192-168-34-191.ec2.internal   44m          2%     657Mi           19%       
ip-192-168-45-208.ec2.internal   136m         7%     765Mi           22%       
2022-05-29T22:26:40
NAME                             CPU(cores)   CPU%   MEMORY(bytes)   MEMORY%   
ip-192-168-26-29.ec2.internal    1994m        103%   659Mi           19%       
ip-192-168-34-191.ec2.internal   1696m        87%    655Mi           19%       
ip-192-168-45-208.ec2.internal   1962m        101%   765Mi           22%       
2022-05-29T22:27:42
NAME                             CPU(cores)   CPU%   MEMORY(bytes)   MEMORY%   
ip-192-168-26-29.ec2.internal    1992m        103%   657Mi           19%       
ip-192-168-34-191.ec2.internal   1696m        87%    654Mi           19%       
ip-192-168-45-208.ec2.internal   1951m        101%   766Mi           23%       
2022-05-29T22:28:44
NAME                             CPU(cores)   CPU%   MEMORY(bytes)   MEMORY%   
ip-192-168-26-29.ec2.internal    1992m        103%   657Mi           19%       
ip-192-168-34-191.ec2.internal   1707m        88%    655Mi           19%       
ip-192-168-45-208.ec2.internal   1960m        101%   765Mi           22%       
2022-05-29T22:29:46
NAME                             CPU(cores)   CPU%   MEMORY(bytes)   MEMORY%   
ip-192-168-26-29.ec2.internal    1993m        103%   657Mi           19%       
ip-192-168-34-191.ec2.internal   1716m        88%    655Mi           19%       
ip-192-168-45-208.ec2.internal   1959m        101%   765Mi           22%       
2022-05-29T22:30:47
NAME                             CPU(cores)   CPU%   MEMORY(bytes)   MEMORY%   
ip-192-168-26-29.ec2.internal    1761m        91%    656Mi           19%       
ip-192-168-34-191.ec2.internal   1491m        77%    655Mi           19%       
ip-192-168-45-208.ec2.internal   1925m        99%    766Mi           23%       
2022-05-29T22:31:49
2022-05-29T22:32:51
NAME                             CPU(cores)   CPU%   MEMORY(bytes)   MEMORY%     
ip-192-168-34-191.ec2.internal   165m         8%     1121Mi          33%         
ip-192-168-45-208.ec2.internal   50m          2%     578Mi           17%         
ip-192-168-26-29.ec2.internal    <unknown>                           <unknown>               <unknown>               <unknown>               
2022-05-29T22:33:53
NAME                             CPU(cores)   CPU%   MEMORY(bytes)   MEMORY%     
ip-192-168-34-191.ec2.internal   54m          2%     1127Mi          33%         
ip-192-168-45-208.ec2.internal   <unknown>                           <unknown>               <unknown>               <unknown>               
2022-05-29T22:34:55
NAME                             CPU(cores)   CPU%   MEMORY(bytes)   MEMORY%   
ip-192-168-34-191.ec2.internal   55m          2%     1004Mi          30%       
2022-05-29T22:35:57
NAME                             CPU(cores)   CPU%   MEMORY(bytes)   MEMORY%   
ip-192-168-34-191.ec2.internal   1085m        56%    1094Mi          32%       
2022-05-29T22:36:59
NAME                             CPU(cores)   CPU%   MEMORY(bytes)   MEMORY%   
ip-192-168-34-191.ec2.internal   2000m        103%   804Mi           24%       
2022-05-29T22:38:00
NAME                             CPU(cores)   CPU%   MEMORY(bytes)   MEMORY%   
ip-192-168-31-251.ec2.internal   34m          1%     447Mi           13%       
ip-192-168-34-191.ec2.internal   1999m        103%   804Mi           24%       
2022-05-29T22:39:02
NAME                             CPU(cores)   CPU%   MEMORY(bytes)   MEMORY%   
ip-192-168-31-251.ec2.internal   1993m        103%   628Mi           18%       
ip-192-168-34-191.ec2.internal   1999m        103%   804Mi           24%       
2022-05-29T22:40:04
NAME                             CPU(cores)   CPU%   MEMORY(bytes)   MEMORY%   
ip-192-168-14-41.ec2.internal    512m         26%    558Mi           16%       
ip-192-168-31-251.ec2.internal   1967m        101%   630Mi           18%       
ip-192-168-34-191.ec2.internal   1975m        102%   804Mi           24%       
2022-05-29T22:41:06
NAME                             CPU(cores)   CPU%   MEMORY(bytes)   MEMORY%   
ip-192-168-14-41.ec2.internal    1978m        102%   625Mi           18%       
ip-192-168-31-251.ec2.internal   1919m        99%    632Mi           18%       
ip-192-168-34-191.ec2.internal   1746m        90%    804Mi           24%       
2022-05-29T22:42:08
NAME                             CPU(cores)   CPU%   MEMORY(bytes)   MEMORY%   
ip-192-168-14-41.ec2.internal    1556m        80%    630Mi           18%       
ip-192-168-31-251.ec2.internal   1962m        101%   632Mi           18%       
ip-192-168-34-191.ec2.internal   1389m        71%    804Mi           24%       
2022-05-29T22:43:10
NAME                             CPU(cores)   CPU%   MEMORY(bytes)   MEMORY%   
ip-192-168-14-41.ec2.internal    1971m        102%   630Mi           18%       
ip-192-168-31-251.ec2.internal   1711m        88%    632Mi           18%       
ip-192-168-34-191.ec2.internal   1991m        103%   803Mi           24%       
2022-05-29T22:44:12
NAME                             CPU(cores)   CPU%   MEMORY(bytes)   MEMORY%   
ip-192-168-14-41.ec2.internal    1884m        97%    630Mi           18%       
ip-192-168-31-251.ec2.internal   1944m        100%   632Mi           18%       
ip-192-168-34-191.ec2.internal   1938m        100%   802Mi           24%       
2022-05-29T22:45:13
NAME                             CPU(cores)   CPU%   MEMORY(bytes)   MEMORY%   
ip-192-168-14-41.ec2.internal    1473m        76%    631Mi           18%       
ip-192-168-31-251.ec2.internal   1592m        82%    633Mi           19%       
ip-192-168-34-191.ec2.internal   1885m        97%    802Mi           24%       
2022-05-29T22:46:15
NAME                             CPU(cores)   CPU%   MEMORY(bytes)   MEMORY%   
ip-192-168-14-41.ec2.internal    1979m        102%   631Mi           18%       
ip-192-168-31-251.ec2.internal   1844m        95%    632Mi           18%       
ip-192-168-34-191.ec2.internal   996m         51%    802Mi           24%       
2022-05-29T22:47:17
NAME                             CPU(cores)   CPU%   MEMORY(bytes)   MEMORY%   
ip-192-168-14-41.ec2.internal    1797m        93%    632Mi           18%       
ip-192-168-31-251.ec2.internal   1865m        96%    634Mi           19%       
ip-192-168-34-191.ec2.internal   1949m        100%   802Mi           24%       
2022-05-29T22:48:19
NAME                             CPU(cores)   CPU%   MEMORY(bytes)   MEMORY%   
ip-192-168-14-41.ec2.internal    1808m        93%    633Mi           19%       
ip-192-168-31-251.ec2.internal   1950m        101%   632Mi           19%       
ip-192-168-34-191.ec2.internal   1632m        84%    802Mi           24%       
2022-05-29T22:49:21
NAME                             CPU(cores)   CPU%   MEMORY(bytes)   MEMORY%   
ip-192-168-14-41.ec2.internal    1901m        98%    633Mi           19%       
ip-192-168-31-251.ec2.internal   1277m        66%    634Mi           19%       
ip-192-168-34-191.ec2.internal   1942m        100%   803Mi           24%       
2022-05-29T22:50:22
2022-05-29T22:51:24
NAME                             CPU(cores)   CPU%   MEMORY(bytes)   MEMORY%     
ip-192-168-14-41.ec2.internal    124m         6%     1092Mi          32%         
ip-192-168-31-251.ec2.internal   <unknown>                           <unknown>               <unknown>               <unknown>               
ip-192-168-34-191.ec2.internal   <unknown>                           <unknown>               <unknown>               <unknown>               
2022-05-29T22:52:26
NAME                            CPU(cores)   CPU%   MEMORY(bytes)   MEMORY%   
ip-192-168-14-41.ec2.internal   61m          3%     1101Mi          33%       
2022-05-29T22:53:28
NAME                            CPU(cores)   CPU%   MEMORY(bytes)   MEMORY%   
ip-192-168-14-41.ec2.internal   652m         33%    1028Mi          30%       
2022-05-29T22:54:29
NAME                            CPU(cores)   CPU%   MEMORY(bytes)   MEMORY%   
ip-192-168-14-41.ec2.internal   1325m        68%    1126Mi          33%       
2022-05-29T22:55:31
NAME                             CPU(cores)   CPU%   MEMORY(bytes)   MEMORY%     
ip-192-168-14-41.ec2.internal    1663m        86%    788Mi           23%         
ip-192-168-48-134.ec2.internal   <unknown>                           <unknown>               <unknown>               <unknown>               
2022-05-29T22:56:33
NAME                             CPU(cores)   CPU%   MEMORY(bytes)   MEMORY%   
ip-192-168-14-41.ec2.internal    1677m        86%    788Mi           23%       
ip-192-168-48-134.ec2.internal   1009m        52%    562Mi           16%       
2022-05-29T22:57:35
NAME                             CPU(cores)   CPU%   MEMORY(bytes)   MEMORY%     
ip-192-168-14-41.ec2.internal    1778m        92%    788Mi           23%         
ip-192-168-48-134.ec2.internal   1438m        74%    630Mi           18%         
ip-192-168-62-65.ec2.internal    <unknown>                           <unknown>               <unknown>               <unknown>               
2022-05-29T22:58:37
NAME                             CPU(cores)   CPU%   MEMORY(bytes)   MEMORY%   
ip-192-168-14-41.ec2.internal    1516m        78%    788Mi           23%       
ip-192-168-48-134.ec2.internal   1497m        77%    638Mi           19%       
ip-192-168-62-65.ec2.internal    928m         48%    618Mi           18%       
2022-05-29T22:59:39
NAME                             CPU(cores)   CPU%   MEMORY(bytes)   MEMORY%   
ip-192-168-14-41.ec2.internal    1276m        66%    791Mi           23%       
ip-192-168-48-134.ec2.internal   1624m        84%    641Mi           19%       
ip-192-168-62-65.ec2.internal    1353m        70%    631Mi           18%       
2022-05-29T23:00:41
NAME                             CPU(cores)   CPU%   MEMORY(bytes)   MEMORY%   
ip-192-168-14-41.ec2.internal    1609m        83%    790Mi           23%       
ip-192-168-48-134.ec2.internal   1615m        83%    634Mi           19%       
ip-192-168-62-65.ec2.internal    1668m        86%    630Mi           18%       
2022-05-29T23:01:43
NAME                             CPU(cores)   CPU%   MEMORY(bytes)   MEMORY%   
ip-192-168-14-41.ec2.internal    1165m        60%    789Mi           23%       
ip-192-168-48-134.ec2.internal   1814m        93%    635Mi           19%       
ip-192-168-62-65.ec2.internal    1993m        103%   633Mi           19%       
2022-05-29T23:02:44
NAME                             CPU(cores)   CPU%   MEMORY(bytes)   MEMORY%   
ip-192-168-14-41.ec2.internal    1844m        95%    790Mi           23%       
ip-192-168-48-134.ec2.internal   1961m        101%   634Mi           19%       
ip-192-168-62-65.ec2.internal    1782m        92%    633Mi           19%       
2022-05-29T23:03:46
NAME                             CPU(cores)   CPU%   MEMORY(bytes)   MEMORY%   
ip-192-168-14-41.ec2.internal    1957m        101%   790Mi           23%       
ip-192-168-48-134.ec2.internal   1716m        88%    634Mi           19%       
ip-192-168-62-65.ec2.internal    1985m        102%   634Mi           19%       
2022-05-29T23:04:48
NAME                             CPU(cores)   CPU%   MEMORY(bytes)   MEMORY%   
ip-192-168-14-41.ec2.internal    1388m        71%    789Mi           23%       
ip-192-168-48-134.ec2.internal   810m         41%    634Mi           19%       
ip-192-168-62-65.ec2.internal    1653m        85%    634Mi           19%       
2022-05-29T23:05:50
NAME                             CPU(cores)   CPU%   MEMORY(bytes)   MEMORY%   
ip-192-168-14-41.ec2.internal    1986m        102%   789Mi           23%       
ip-192-168-48-134.ec2.internal   1418m        73%    635Mi           19%       
ip-192-168-62-65.ec2.internal    1668m        86%    634Mi           19%       
2022-05-29T23:06:52
NAME                             CPU(cores)   CPU%   MEMORY(bytes)   MEMORY%   
ip-192-168-14-41.ec2.internal    1991m        103%   790Mi           23%       
ip-192-168-48-134.ec2.internal   1742m        90%    635Mi           19%       
ip-192-168-62-65.ec2.internal    1684m        87%    634Mi           19%       
2022-05-29T23:07:55
NAME                             CPU(cores)   CPU%   MEMORY(bytes)   MEMORY%   
ip-192-168-14-41.ec2.internal    1928m        99%    791Mi           23%       
ip-192-168-48-134.ec2.internal   1982m        102%   635Mi           19%       
ip-192-168-62-65.ec2.internal    1903m        98%    634Mi           19%       
2022-05-29T23:08:56
2022-05-29T23:09:58
NAME                             CPU(cores)   CPU%   MEMORY(bytes)   MEMORY%     
ip-192-168-62-65.ec2.internal    171m         8%     1098Mi          32%         
ip-192-168-14-41.ec2.internal    <unknown>                           <unknown>               <unknown>               <unknown>               
ip-192-168-48-134.ec2.internal   <unknown>                           <unknown>               <unknown>               <unknown>               
2022-05-29T23:11:00
NAME                            CPU(cores)   CPU%   MEMORY(bytes)   MEMORY%   
ip-192-168-62-65.ec2.internal   58m          3%     1104Mi          33%       
2022-05-29T23:12:02
NAME                            CPU(cores)   CPU%   MEMORY(bytes)   MEMORY%   
ip-192-168-62-65.ec2.internal   489m         25%    1045Mi          31%       
2022-05-29T23:13:03
NAME                            CPU(cores)   CPU%   MEMORY(bytes)   MEMORY%   
ip-192-168-62-65.ec2.internal   1154m        59%    786Mi           23%       
2022-05-29T23:14:05
NAME                            CPU(cores)   CPU%   MEMORY(bytes)   MEMORY%   
ip-192-168-0-166.ec2.internal   1185m        61%    584Mi           17%       
ip-192-168-62-65.ec2.internal   1657m        85%    789Mi           23%       
2022-05-29T23:15:07
NAME                             CPU(cores)   CPU%   MEMORY(bytes)   MEMORY%     
ip-192-168-0-166.ec2.internal    1977m        102%   628Mi           18%         
ip-192-168-62-65.ec2.internal    1770m        91%    789Mi           23%         
ip-192-168-60-198.ec2.internal   <unknown>                           <unknown>               <unknown>               <unknown>               
2022-05-29T23:16:09
NAME                             CPU(cores)   CPU%   MEMORY(bytes)   MEMORY%   
ip-192-168-0-166.ec2.internal    1625m        84%    631Mi           18%       
ip-192-168-60-198.ec2.internal   52m          2%     448Mi           13%       
ip-192-168-62-65.ec2.internal    1321m        68%    799Mi           24%       
2022-05-29T23:17:10
NAME                             CPU(cores)   CPU%   MEMORY(bytes)   MEMORY%   
ip-192-168-0-166.ec2.internal    1623m        84%    633Mi           19%       
ip-192-168-60-198.ec2.internal   579m         30%    625Mi           18%       
ip-192-168-62-65.ec2.internal    1205m        62%    799Mi           24%       
2022-05-29T23:18:12
NAME                             CPU(cores)   CPU%   MEMORY(bytes)   MEMORY%   
ip-192-168-0-166.ec2.internal    1619m        83%    634Mi           19%       
ip-192-168-60-198.ec2.internal   1605m        83%    630Mi           18%       
ip-192-168-62-65.ec2.internal    1058m        54%    798Mi           23%       
2022-05-29T23:19:14
NAME                             CPU(cores)   CPU%   MEMORY(bytes)   MEMORY%   
ip-192-168-0-166.ec2.internal    1609m        83%    633Mi           19%       
ip-192-168-60-198.ec2.internal   1687m        87%    633Mi           19%       
ip-192-168-62-65.ec2.internal    1375m        71%    800Mi           24%       
2022-05-29T23:20:16
NAME                             CPU(cores)   CPU%   MEMORY(bytes)   MEMORY%   
ip-192-168-0-166.ec2.internal    1823m        94%    633Mi           19%       
ip-192-168-60-198.ec2.internal   1896m        98%    634Mi           19%       
ip-192-168-62-65.ec2.internal    1048m        54%    798Mi           23%       
2022-05-29T23:21:17
NAME                             CPU(cores)   CPU%   MEMORY(bytes)   MEMORY%   
ip-192-168-0-166.ec2.internal    1944m        100%   633Mi           19%       
ip-192-168-60-198.ec2.internal   1928m        99%    634Mi           19%       
ip-192-168-62-65.ec2.internal    1471m        76%    799Mi           23%       
2022-05-29T23:22:19
NAME                             CPU(cores)   CPU%   MEMORY(bytes)   MEMORY%   
ip-192-168-0-166.ec2.internal    1488m        77%    633Mi           19%       
ip-192-168-60-198.ec2.internal   1955m        101%   635Mi           19%       
ip-192-168-62-65.ec2.internal    1961m        101%   799Mi           23%       
2022-05-29T23:23:21
NAME                             CPU(cores)   CPU%   MEMORY(bytes)   MEMORY%   
ip-192-168-0-166.ec2.internal    1987m        102%   633Mi           19%       
ip-192-168-60-198.ec2.internal   1250m        64%    636Mi           19%       
ip-192-168-62-65.ec2.internal    1705m        88%    799Mi           23%       
2022-05-29T23:24:23
NAME                             CPU(cores)   CPU%   MEMORY(bytes)   MEMORY%   
ip-192-168-0-166.ec2.internal    1898m        98%    634Mi           19%       
ip-192-168-60-198.ec2.internal   1967m        101%   635Mi           19%       
ip-192-168-62-65.ec2.internal    1574m        81%    798Mi           23%       
2022-05-29T23:25:25
NAME                             CPU(cores)   CPU%   MEMORY(bytes)   MEMORY%   
ip-192-168-0-166.ec2.internal    1963m        101%   633Mi           19%       
ip-192-168-60-198.ec2.internal   1738m        90%    634Mi           19%       
ip-192-168-62-65.ec2.internal    1793m        92%    798Mi           23%       
2022-05-29T23:26:27
NAME                             CPU(cores)   CPU%   MEMORY(bytes)   MEMORY%   
ip-192-168-0-166.ec2.internal    1961m        101%   634Mi           19%       
ip-192-168-60-198.ec2.internal   1945m        100%   636Mi           19%       
ip-192-168-62-65.ec2.internal    1939m        100%   799Mi           24%       
2022-05-29T23:27:28
NAME                             CPU(cores)   CPU%   MEMORY(bytes)   MEMORY%   
ip-192-168-0-166.ec2.internal    47m          2%     651Mi           19%       
ip-192-168-60-198.ec2.internal   48m          2%     635Mi           19%       
ip-192-168-62-65.ec2.internal    61m          3%     798Mi           23%       
2022-05-29T23:28:30
NAME                             CPU(cores)   CPU%   MEMORY(bytes)   MEMORY%   
ip-192-168-0-166.ec2.internal    48m          2%     569Mi           17%       
ip-192-168-60-198.ec2.internal   44m          2%     553Mi           16%       
ip-192-168-62-65.ec2.internal    60m          3%     715Mi           21%       
2022-05-29T23:29:32
NAME                             CPU(cores)   CPU%   MEMORY(bytes)   MEMORY%   
ip-192-168-0-166.ec2.internal    42m          2%     569Mi           17%       
ip-192-168-60-198.ec2.internal   47m          2%     571Mi           17%       
ip-192-168-62-65.ec2.internal    62m          3%     716Mi           21%       
