+ git log -3
commit a9b821fa65835b8d47604dac5a329a9dcea79047
Author: Your Name <you@example.com>
Date:   Thu Apr 21 19:28:52 2022 +1200

    randomize plot colors

commit 0a320cb4dcb40f798b6f5016d2095e77f306e3c6
Author: Your Name <you@example.com>
Date:   Wed Apr 20 07:52:49 2022 +1200

    better menu

commit 7e4c4a527df005bacba561626bc6652af8ffc4c0
Author: Your Name <you@example.com>
Date:   Mon Apr 18 10:10:14 2022 +1200

    use relative paths
++ cut -d _ -f 2
+ app=taewa
+ export AWS_DEFAULT_REGION=us-east-1
+ AWS_DEFAULT_REGION=us-east-1
+ line===============================
++ date +%FT%T
+ echo '[2022-04-22T08:38:16]==============================[starting' in '/tmp/k8s-vs-ASG/data/cli]=============================='
[2022-04-22T08:38:16]==============================[starting in /tmp/k8s-vs-ASG/data/cli]==============================
+ source 0.setup.sh
++ set -x
++ '[' asg_taewa_3extra == k8s_apache_3 ']'
++ '[' asg_taewa_3extra == asg_apache_3 ']'
++ '[' asg_taewa_3extra == k8s_apache2_3 ']'
++ '[' asg_taewa_3extra == k8s_taewa_3 ']'
++ '[' asg_taewa_3extra == asg_taewa_3 ']'
++ '[' asg_taewa_3extra == k8s_taewa_3lite ']'
++ '[' asg_taewa_3extra == asg_taewa_3lite ']'
++ '[' asg_taewa_3extra == k8s_taewa_3extra ']'
++ '[' asg_taewa_3extra == asg_taewa_3extra ']'
++ warmup_url='3000/?n=80000'
++ testing_url='3000/?n=80000'
++ cpu_perc=35
++ warmup_min_threads=5
++ warmup_max_threads=10
++ warmup_cycle_sec=90
++ scaling_minutes=14
++ performance_sec=300
++ max_capacity=3
++ fortio_options='-a -qps -1 -r 0.01 -loglevel Error -allow-initial-errors'
++ '[' asg_taewa_3extra == k8s_taewa_6 ']'
++ '[' asg_taewa_3extra == asg_taewa_6 ']'
++ '[' asg_taewa_3extra == k8s_riwai_3 ']'
++ '[' asg_taewa_3extra == asg_riwai_3 ']'
++ '[' asg_taewa_3extra == asg_raupi_3 ']'
++ '[' asg_taewa_3extra == k8s_raupi_3 ']'
++ set +x
{
    "Account": "652226248268", 
    "UserId": "AIDAZPW5WXZGJRCKKUPPN", 
    "Arn": "arn:aws:iam::652226248268:user/ad"
}
[2022-04-22T08:38:22] waiting for instances ...
scaling to 3
{
    "HealthCheck": {
        "HealthyThreshold": 2, 
        "Interval": 10, 
        "Target": "HTTP:3000/?n=80000", 
        "Timeout": 5, 
        "UnhealthyThreshold": 6
    }
}
  % Total    % Received % Xferd  Average Speed   Time    Time     Time  Current
                                 Dload  Upload   Total   Spent    Left  Speed
  0     0    0     0    0     0      0      0 --:--:-- --:--:-- --:--:--     0100    44    0    44    0     0   3569      0 --:--:-- --:--:-- --:--:--  3384100    44    0    44    0     0   3542      0 --:--:-- --:--:-- --:--:--  3384
The result of this run is :  19931.983291805
[2022-04-22T08:43:25]==============================[STATS]
jh CPU load avg:
0.00 0.15 0.10 1/157 2876
i-02c949b26c0b3e595
InService
Healthy
{}
i-0463da1427bcf028c
InService
Healthy
{}
i-0d916f83d9e3a1ffd
InService
Healthy
{}
[2022-04-22T08:43:26]==============================[WARMUP RUN c5]==============================
08:43:26 I logger.go:127> Log level is now 4 Error (was 2 Info)
Fortio 1.19.0 running at -1 queries per second, 2->2 procs, for 1m30s: http://asg-1-lb-1794825636.us-east-1.elb.amazonaws.com:3000/?n=80000
Aggregated Function Time : count 103230 avg 0.004358968 +/- 0.001642 min 0.002606441 max 0.028190194 sum 449.976262
# target 50% 0.00631919
# target 75% 0.0081756
# target 90% 0.00928945
# target 99% 0.00995775
# target 99.9% 0.0179113
Sockets used: 5 (for perfect keepalive, would be 5)
Jitter: false
Code 200 : 103230 (100.0 %)
All done 103230 calls (plus 5 warmup) 4.359 ms avg, 1146.9 qps
Successfully wrote 2088 bytes of Json data to 2022-04-22-084326_asg_taewa_3extra_warmup_5.json
fortio exit code: 0
[2022-04-22T08:44:56]==============================[STATS]
jh CPU load avg:
0.11 0.15 0.10 1/157 2893
i-02c949b26c0b3e595
InService
Healthy
{}
i-0463da1427bcf028c
InService
Healthy
{}
i-0d916f83d9e3a1ffd
InService
Healthy
{}
[2022-04-22T08:45:56]==============================[STATS]
jh CPU load avg:
0.04 0.12 0.09 1/157 2903
i-02c949b26c0b3e595
InService
Healthy
{}
i-0463da1427bcf028c
InService
Healthy
{}
i-0d916f83d9e3a1ffd
InService
Healthy
{}
[2022-04-22T08:45:57]==============================[WARMUP RUN c6]==============================
08:45:57 I logger.go:127> Log level is now 4 Error (was 2 Info)
Fortio 1.19.0 running at -1 queries per second, 2->2 procs, for 1m30s: http://asg-1-lb-1794825636.us-east-1.elb.amazonaws.com:3000/?n=80000
Aggregated Function Time : count 109451 avg 0.0049334926 +/- 0.003479 min 0.002601337 max 0.070616816 sum 539.975695
# target 50% 0.00682235
# target 75% 0.0089329
# target 90% 0.0119323
# target 99% 0.0193016
# target 99.9% 0.0245218
Sockets used: 6 (for perfect keepalive, would be 6)
Jitter: false
Code 200 : 109451 (100.0 %)
All done 109451 calls (plus 6 warmup) 4.933 ms avg, 1216.0 qps
Successfully wrote 2565 bytes of Json data to 2022-04-22-084557_asg_taewa_3extra_warmup_6.json
fortio exit code: 0
[2022-04-22T08:47:27]==============================[STATS]
jh CPU load avg:
0.13 0.12 0.09 1/157 2922
i-02c949b26c0b3e595
InService
Healthy
{}
i-0463da1427bcf028c
InService
Healthy
{}
i-0d916f83d9e3a1ffd
InService
Healthy
{}
[2022-04-22T08:48:28]==============================[STATS]
jh CPU load avg:
0.05 0.09 0.09 1/157 2931
i-02c949b26c0b3e595
InService
Healthy
{}
i-0463da1427bcf028c
InService
Healthy
{}
i-0d916f83d9e3a1ffd
InService
Healthy
{}
[2022-04-22T08:48:28]==============================[WARMUP RUN c7]==============================
08:48:28 I logger.go:127> Log level is now 4 Error (was 2 Info)
Fortio 1.19.0 running at -1 queries per second, 2->2 procs, for 1m30s: http://asg-1-lb-1794825636.us-east-1.elb.amazonaws.com:3000/?n=80000
Aggregated Function Time : count 129886 avg 0.0048501923 +/- 0.003082 min 0.002647764 max 0.041873591 sum 629.972078
# target 50% 0.00675125
# target 75% 0.00880302
# target 90% 0.0104009
# target 99% 0.0190882
# target 99.9% 0.019957
Sockets used: 7 (for perfect keepalive, would be 7)
Jitter: false
Code 200 : 129886 (100.0 %)
All done 129886 calls (plus 7 warmup) 4.850 ms avg, 1443.1 qps
Successfully wrote 2326 bytes of Json data to 2022-04-22-084828_asg_taewa_3extra_warmup_7.json
fortio exit code: 0
[2022-04-22T08:49:58]==============================[STATS]
jh CPU load avg:
0.17 0.14 0.10 1/157 2951
i-02c949b26c0b3e595
InService
Healthy
{}
i-0463da1427bcf028c
InService
Healthy
{}
i-0d916f83d9e3a1ffd
InService
Healthy
{}
[2022-04-22T08:50:59]==============================[STATS]
jh CPU load avg:
0.06 0.11 0.09 1/158 2966
i-02c949b26c0b3e595
InService
Healthy
{}
i-0463da1427bcf028c
InService
Healthy
{}
i-0d916f83d9e3a1ffd
InService
Healthy
{}
[2022-04-22T08:50:59]==============================[WARMUP RUN c8]==============================
08:50:59 I logger.go:127> Log level is now 4 Error (was 2 Info)
Fortio 1.19.0 running at -1 queries per second, 2->2 procs, for 1m30s: http://asg-1-lb-1794825636.us-east-1.elb.amazonaws.com:3000/?n=80000
Aggregated Function Time : count 127510 avg 0.0056466065 +/- 0.004599 min 0.002683696 max 0.069072075 sum 719.998799
# target 50% 0.00677129
# target 75% 0.00881512
# target 90% 0.01052
# target 99% 0.0197576
# target 99.9% 0.029201
Sockets used: 8 (for perfect keepalive, would be 8)
Jitter: false
Code 200 : 127510 (100.0 %)
All done 127510 calls (plus 8 warmup) 5.647 ms avg, 1416.6 qps
Successfully wrote 2564 bytes of Json data to 2022-04-22-085059_asg_taewa_3extra_warmup_8.json
fortio exit code: 0
[2022-04-22T08:52:29]==============================[STATS]
jh CPU load avg:
0.07 0.09 0.09 1/159 2988
i-02c949b26c0b3e595
InService
Healthy
{}
i-0463da1427bcf028c
InService
Healthy
{}
i-0d916f83d9e3a1ffd
InService
Healthy
{}
[2022-04-22T08:53:30]==============================[STATS]
jh CPU load avg:
0.02 0.07 0.08 1/159 2997
i-02c949b26c0b3e595
InService
Healthy
{}
i-0463da1427bcf028c
InService
Healthy
{}
i-0d916f83d9e3a1ffd
InService
Healthy
{}
[2022-04-22T08:53:31]==============================[WARMUP RUN c9]==============================
08:53:31 I logger.go:127> Log level is now 4 Error (was 2 Info)
Fortio 1.19.0 running at -1 queries per second, 2->2 procs, for 1m30s: http://asg-1-lb-1794825636.us-east-1.elb.amazonaws.com:3000/?n=80000
Aggregated Function Time : count 126524 avg 0.0064021 +/- 0.006525 min 0.002623496 max 0.145982881 sum 810.019296
# target 50% 0.00721981
# target 75% 0.009518
# target 90% 0.0166426
# target 99% 0.0285839
# target 99.9% 0.0378449
Sockets used: 9 (for perfect keepalive, would be 9)
Jitter: false
Code 200 : 126524 (100.0 %)
All done 126524 calls (plus 9 warmup) 6.402 ms avg, 1405.5 qps
Successfully wrote 3388 bytes of Json data to 2022-04-22-085331_asg_taewa_3extra_warmup_9.json
fortio exit code: 0
[2022-04-22T08:55:01]==============================[STATS]
jh CPU load avg:
0.04 0.06 0.08 1/159 3014
i-02c949b26c0b3e595
InService
Healthy
{}
i-0463da1427bcf028c
InService
Healthy
{}
i-0d916f83d9e3a1ffd
InService
Healthy
{}
[2022-04-22T08:56:01]==============================[STATS]
jh CPU load avg:
0.04 0.06 0.08 1/158 3024
i-02c949b26c0b3e595
InService
Healthy
{}
i-0463da1427bcf028c
InService
Healthy
{}
i-0d916f83d9e3a1ffd
InService
Healthy
{}
[2022-04-22T08:56:02]==============================[WARMUP RUN c10]==============================
08:56:02 I logger.go:127> Log level is now 4 Error (was 2 Info)
Fortio 1.19.0 running at -1 queries per second, 2->2 procs, for 1m30s: http://asg-1-lb-1794825636.us-east-1.elb.amazonaws.com:3000/?n=80000
Aggregated Function Time : count 127208 avg 0.0070751008 +/- 0.00633 min 0.002610242 max 0.095560749 sum 900.009418
# target 50% 0.00722951
# target 75% 0.00953918
# target 90% 0.0167416
# target 99% 0.028591
# target 99.9% 0.0381171
Sockets used: 10 (for perfect keepalive, would be 10)
Jitter: false
Code 200 : 127208 (100.0 %)
All done 127208 calls (plus 10 warmup) 7.075 ms avg, 1413.2 qps
Successfully wrote 2924 bytes of Json data to 2022-04-22-085602_asg_taewa_3extra_warmup_10.json
fortio exit code: 0
[2022-04-22T08:57:32]==============================[STATS]
jh CPU load avg:
0.04 0.06 0.07 1/157 3043
i-02c949b26c0b3e595
InService
Healthy
{}
i-0463da1427bcf028c
InService
Healthy
{}
i-0d916f83d9e3a1ffd
InService
Healthy
{}
{
    "LoadBalancerDescriptions": [
        {
            "Subnets": [
                "subnet-0006c2cc095a985ee", 
                "subnet-03a4af6045bbfc940"
            ], 
            "CanonicalHostedZoneNameID": "Z35SXDOTRQ7X7K", 
            "CanonicalHostedZoneName": "asg-1-lb-1794825636.us-east-1.elb.amazonaws.com", 
            "ListenerDescriptions": [
                {
                    "Listener": {
                        "InstancePort": 3000, 
                        "LoadBalancerPort": 3000, 
                        "Protocol": "TCP", 
                        "InstanceProtocol": "TCP"
                    }, 
                    "PolicyNames": []
                }, 
                {
                    "Listener": {
                        "InstancePort": 80, 
                        "LoadBalancerPort": 80, 
                        "Protocol": "TCP", 
                        "InstanceProtocol": "TCP"
                    }, 
                    "PolicyNames": []
                }
            ], 
            "HealthCheck": {
                "HealthyThreshold": 2, 
                "Interval": 10, 
                "Target": "HTTP:3000/?n=80000", 
                "Timeout": 5, 
                "UnhealthyThreshold": 6
            }, 
            "VPCId": "vpc-0dcc471dad07f89b4", 
            "BackendServerDescriptions": [], 
            "Instances": [
                {
                    "InstanceId": "i-02c949b26c0b3e595"
                }, 
                {
                    "InstanceId": "i-0d916f83d9e3a1ffd"
                }, 
                {
                    "InstanceId": "i-0463da1427bcf028c"
                }
            ], 
            "DNSName": "asg-1-lb-1794825636.us-east-1.elb.amazonaws.com", 
            "SecurityGroups": [
                "sg-05aac81ee089c201e"
            ], 
            "Policies": {
                "LBCookieStickinessPolicies": [], 
                "AppCookieStickinessPolicies": [], 
                "OtherPolicies": []
            }, 
            "LoadBalancerName": "asg-1-lb", 
            "CreatedTime": "2022-04-22T08:34:14.990Z", 
            "AvailabilityZones": [
                "us-east-1b", 
                "us-east-1a"
            ], 
            "Scheme": "internet-facing", 
            "SourceSecurityGroup": {
                "OwnerAlias": "652226248268", 
                "GroupName": "asg-1-ALBSecurityGroup-1PIW327XXASRW"
            }
        }
    ]
}
{
    "AutoScalingGroups": [
        {
            "AutoScalingGroupARN": "arn:aws:autoscaling:us-east-1:652226248268:autoScalingGroup:bf0dc085-113a-4a65-858e-f68b1eff9b66:autoScalingGroupName/asg-1-myASG", 
            "ServiceLinkedRoleARN": "arn:aws:iam::652226248268:role/aws-service-role/autoscaling.amazonaws.com/AWSServiceRoleForAutoScaling", 
            "TargetGroupARNs": [], 
            "SuspendedProcesses": [], 
            "LaunchTemplate": {
                "LaunchTemplateName": "asg-1-launch-template", 
                "Version": "1", 
                "LaunchTemplateId": "lt-08781d797e55d209f"
            }, 
            "Tags": [
                {
                    "ResourceType": "auto-scaling-group", 
                    "ResourceId": "asg-1-myASG", 
                    "PropagateAtLaunch": true, 
                    "Value": "asg-1-instance", 
                    "Key": "Name"
                }, 
                {
                    "ResourceType": "auto-scaling-group", 
                    "ResourceId": "asg-1-myASG", 
                    "PropagateAtLaunch": false, 
                    "Value": "WebServerGroup", 
                    "Key": "Purpose"
                }, 
                {
                    "ResourceType": "auto-scaling-group", 
                    "ResourceId": "asg-1-myASG", 
                    "PropagateAtLaunch": true, 
                    "Value": "myASG", 
                    "Key": "aws:cloudformation:logical-id"
                }, 
                {
                    "ResourceType": "auto-scaling-group", 
                    "ResourceId": "asg-1-myASG", 
                    "PropagateAtLaunch": true, 
                    "Value": "arn:aws:cloudformation:us-east-1:652226248268:stack/asg-1/f41c57d0-c216-11ec-a15f-12dac617434f", 
                    "Key": "aws:cloudformation:stack-id"
                }, 
                {
                    "ResourceType": "auto-scaling-group", 
                    "ResourceId": "asg-1-myASG", 
                    "PropagateAtLaunch": true, 
                    "Value": "asg-1", 
                    "Key": "aws:cloudformation:stack-name"
                }
            ], 
            "EnabledMetrics": [
                {
                    "Metric": "WarmPoolDesiredCapacity", 
                    "Granularity": "1Minute"
                }, 
                {
                    "Metric": "GroupPendingCapacity", 
                    "Granularity": "1Minute"
                }, 
                {
                    "Metric": "GroupInServiceCapacity", 
                    "Granularity": "1Minute"
                }, 
                {
                    "Metric": "WarmPoolWarmedCapacity", 
                    "Granularity": "1Minute"
                }, 
                {
                    "Metric": "GroupPendingInstances", 
                    "Granularity": "1Minute"
                }, 
                {
                    "Metric": "GroupTotalCapacity", 
                    "Granularity": "1Minute"
                }, 
                {
                    "Metric": "GroupStandbyCapacity", 
                    "Granularity": "1Minute"
                }, 
                {
                    "Metric": "GroupStandbyInstances", 
                    "Granularity": "1Minute"
                }, 
                {
                    "Metric": "WarmPoolMinSize", 
                    "Granularity": "1Minute"
                }, 
                {
                    "Metric": "GroupTerminatingCapacity", 
                    "Granularity": "1Minute"
                }, 
                {
                    "Metric": "GroupAndWarmPoolTotalCapacity", 
                    "Granularity": "1Minute"
                }, 
                {
                    "Metric": "GroupInServiceInstances", 
                    "Granularity": "1Minute"
                }, 
                {
                    "Metric": "GroupDesiredCapacity", 
                    "Granularity": "1Minute"
                }, 
                {
                    "Metric": "GroupMaxSize", 
                    "Granularity": "1Minute"
                }, 
                {
                    "Metric": "GroupTerminatingInstances", 
                    "Granularity": "1Minute"
                }, 
                {
                    "Metric": "WarmPoolTotalCapacity", 
                    "Granularity": "1Minute"
                }, 
                {
                    "Metric": "WarmPoolTerminatingCapacity", 
                    "Granularity": "1Minute"
                }, 
                {
                    "Metric": "GroupAndWarmPoolDesiredCapacity", 
                    "Granularity": "1Minute"
                }, 
                {
                    "Metric": "WarmPoolPendingCapacity", 
                    "Granularity": "1Minute"
                }, 
                {
                    "Metric": "GroupMinSize", 
                    "Granularity": "1Minute"
                }, 
                {
                    "Metric": "GroupTotalInstances", 
                    "Granularity": "1Minute"
                }
            ], 
            "TerminationPolicies": [
                "Default"
            ], 
            "AutoScalingGroupName": "asg-1-myASG", 
            "DefaultCooldown": 300, 
            "MinSize": 1, 
            "Instances": [
                {
                    "ProtectedFromScaleIn": false, 
                    "AvailabilityZone": "us-east-1b", 
                    "LaunchTemplate": {
                        "LaunchTemplateName": "asg-1-launch-template", 
                        "Version": "1", 
                        "LaunchTemplateId": "lt-08781d797e55d209f"
                    }, 
                    "InstanceId": "i-02c949b26c0b3e595", 
                    "HealthStatus": "Healthy", 
                    "LifecycleState": "InService", 
                    "InstanceType": "t3.medium"
                }, 
                {
                    "ProtectedFromScaleIn": false, 
                    "AvailabilityZone": "us-east-1b", 
                    "LaunchTemplate": {
                        "LaunchTemplateName": "asg-1-launch-template", 
                        "Version": "1", 
                        "LaunchTemplateId": "lt-08781d797e55d209f"
                    }, 
                    "InstanceId": "i-0463da1427bcf028c", 
                    "HealthStatus": "Healthy", 
                    "LifecycleState": "InService", 
                    "InstanceType": "t3.medium"
                }, 
                {
                    "ProtectedFromScaleIn": false, 
                    "AvailabilityZone": "us-east-1a", 
                    "LaunchTemplate": {
                        "LaunchTemplateName": "asg-1-launch-template", 
                        "Version": "1", 
                        "LaunchTemplateId": "lt-08781d797e55d209f"
                    }, 
                    "InstanceId": "i-0d916f83d9e3a1ffd", 
                    "HealthStatus": "Healthy", 
                    "LifecycleState": "InService", 
                    "InstanceType": "t3.medium"
                }
            ], 
            "MaxSize": 3, 
            "VPCZoneIdentifier": "subnet-03a4af6045bbfc940,subnet-0006c2cc095a985ee", 
            "HealthCheckGracePeriod": 300, 
            "LoadBalancerNames": [
                "asg-1-lb"
            ], 
            "CreatedTime": "2022-04-22T08:36:39.127Z", 
            "AvailabilityZones": [
                "us-east-1a", 
                "us-east-1b"
            ], 
            "HealthCheckType": "EC2", 
            "NewInstancesProtectedFromScaleIn": false, 
            "DesiredCapacity": 3
        }
    ]
}
[2022-04-22T08:58:35]==============================[PERFORMANCE CHUNK RUN 11]==============================
[2022-04-22T08:59:35]==============================[STATS]
jh CPU load avg:
0.00 0.03 0.06 1/157 3067
i-02c949b26c0b3e595
InService
Healthy
{}
i-0463da1427bcf028c
InService
Healthy
{}
i-0d916f83d9e3a1ffd
InService
Healthy
{}
08:59:36 I logger.go:127> Log level is now 4 Error (was 2 Info)
Fortio 1.19.0 running at -1 queries per second, 2->2 procs, for 1m0s: http://asg-1-lb-1794825636.us-east-1.elb.amazonaws.com:3000/?n=80000
Aggregated Function Time : count 79563 avg 0.0075416504 +/- 0.00682 min 0.002678145 max 0.095385573 sum 600.03633
# target 50% 0.00736859
# target 75% 0.00971387
# target 90% 0.017594
# target 99% 0.0295146
# target 99.9% 0.0473819
Sockets used: 10 (for perfect keepalive, would be 10)
Jitter: false
Code 200 : 79563 (100.0 %)
All done 79563 calls (plus 10 warmup) 7.542 ms avg, 1325.7 qps
Successfully wrote 2932 bytes of Json data to 2022-04-22-085936_asg_taewa_3extra_performance_chunk_11_1.json
fortio exit code: 0
[2022-04-22T09:00:36]==============================[STATS]
jh CPU load avg:
0.00 0.02 0.06 1/159 3090
i-02c949b26c0b3e595
InService
Healthy
{}
i-0463da1427bcf028c
InService
Healthy
{}
i-0d916f83d9e3a1ffd
InService
Healthy
{}
09:00:36 I logger.go:127> Log level is now 4 Error (was 2 Info)
Fortio 1.19.0 running at -1 queries per second, 2->2 procs, for 1m0s: http://asg-1-lb-1794825636.us-east-1.elb.amazonaws.com:3000/?n=80000
Aggregated Function Time : count 85835 avg 0.006990266 +/- 0.004564 min 0.002610871 max 0.051328073 sum 600.009483
# target 50% 0.00720462
# target 75% 0.00950155
# target 90% 0.0171527
# target 99% 0.0283999
# target 99.9% 0.029857
Sockets used: 10 (for perfect keepalive, would be 10)
Jitter: false
Code 200 : 85835 (100.0 %)
All done 85835 calls (plus 10 warmup) 6.990 ms avg, 1430.3 qps
Successfully wrote 2453 bytes of Json data to 2022-04-22-090036_asg_taewa_3extra_performance_chunk_11_2.json
fortio exit code: 0
[2022-04-22T09:01:36]==============================[STATS]
jh CPU load avg:
0.00 0.02 0.05 1/160 3121
i-02c949b26c0b3e595
InService
Healthy
{}
i-0463da1427bcf028c
InService
Healthy
{}
i-0d916f83d9e3a1ffd
InService
Healthy
{}
09:01:37 I logger.go:127> Log level is now 4 Error (was 2 Info)
Fortio 1.19.0 running at -1 queries per second, 2->2 procs, for 1m0s: http://asg-1-lb-1794825636.us-east-1.elb.amazonaws.com:3000/?n=80000
Aggregated Function Time : count 85450 avg 0.0070219727 +/- 0.006195 min 0.002623836 max 0.040631208 sum 600.027564
# target 50% 0.00723134
# target 75% 0.00953514
# target 90% 0.0166795
# target 99% 0.0282319
# target 99.9% 0.0323227
Sockets used: 10 (for perfect keepalive, would be 10)
Jitter: false
Code 200 : 85450 (100.0 %)
All done 85450 calls (plus 10 warmup) 7.022 ms avg, 1423.8 qps
Successfully wrote 2340 bytes of Json data to 2022-04-22-090137_asg_taewa_3extra_performance_chunk_11_3.json
fortio exit code: 0
[2022-04-22T09:02:37]==============================[STATS]
jh CPU load avg:
0.07 0.03 0.05 1/160 3138
i-02c949b26c0b3e595
InService
Healthy
{}
i-0463da1427bcf028c
InService
Healthy
{}
i-0d916f83d9e3a1ffd
InService
Healthy
{}
09:02:38 I logger.go:127> Log level is now 4 Error (was 2 Info)
Fortio 1.19.0 running at -1 queries per second, 2->2 procs, for 1m0s: http://asg-1-lb-1794825636.us-east-1.elb.amazonaws.com:3000/?n=80000
Aggregated Function Time : count 85308 avg 0.0070337608 +/- 0.006197 min 0.002649617 max 0.040535823 sum 600.036065
# target 50% 0.00723996
# target 75% 0.00953519
# target 90% 0.0166961
# target 99% 0.0282681
# target 99.9% 0.0329743
Sockets used: 10 (for perfect keepalive, would be 10)
Jitter: false
Code 200 : 85308 (100.0 %)
All done 85308 calls (plus 10 warmup) 7.034 ms avg, 1421.4 qps
Successfully wrote 2336 bytes of Json data to 2022-04-22-090238_asg_taewa_3extra_performance_chunk_11_4.json
fortio exit code: 0
[2022-04-22T09:03:38]==============================[STATS]
jh CPU load avg:
0.02 0.02 0.04 1/160 3154
i-02c949b26c0b3e595
InService
Healthy
{}
i-0463da1427bcf028c
InService
Healthy
{}
i-0d916f83d9e3a1ffd
InService
Healthy
{}
09:03:38 I logger.go:127> Log level is now 4 Error (was 2 Info)
Fortio 1.19.0 running at -1 queries per second, 2->2 procs, for 1m0s: http://asg-1-lb-1794825636.us-east-1.elb.amazonaws.com:3000/?n=80000
Aggregated Function Time : count 85408 avg 0.0070254286 +/- 0.006192 min 0.002603087 max 0.041220375 sum 600.027806
# target 50% 0.00722601
# target 75% 0.00953752
# target 90% 0.0167021
# target 99% 0.0282386
# target 99.9% 0.0321844
Sockets used: 10 (for perfect keepalive, would be 10)
Jitter: false
Code 200 : 85408 (100.0 %)
All done 85408 calls (plus 10 warmup) 7.025 ms avg, 1423.1 qps
Successfully wrote 2336 bytes of Json data to 2022-04-22-090338_asg_taewa_3extra_performance_chunk_11_5.json
fortio exit code: 0
[2022-04-22T09:05:38]==============================[STATS]
jh CPU load avg:
0.00 0.01 0.03 1/158 3172
i-02c949b26c0b3e595
InService
Healthy
{}
i-0463da1427bcf028c
InService
Healthy
{}
i-0d916f83d9e3a1ffd
InService
Healthy
{}
[2022-04-22T09:05:39]==============================[PERFORMANCE RUN 1]==============================
09:05:39 I logger.go:127> Log level is now 4 Error (was 2 Info)
Fortio 1.19.0 running at -1 queries per second, 2->2 procs, for 5m0s: http://asg-1-lb-1794825636.us-east-1.elb.amazonaws.com:3000/?n=80000
Aggregated Function Time : count 425673 avg 0.0070474052 +/- 0.006178 min 0.002611034 max 0.067393215 sum 2999.89013
# target 50% 0.0072388
# target 75% 0.00955269
# target 90% 0.0167625
# target 99% 0.028341
# target 99.9% 0.0346873
Sockets used: 10 (for perfect keepalive, would be 10)
Jitter: false
Code 200 : 425673 (100.0 %)
All done 425673 calls (plus 10 warmup) 7.047 ms avg, 1418.8 qps
Successfully wrote 2575 bytes of Json data to 2022-04-22-090539_asg_taewa_3extra_performance_1.json
fortio exit code: 0
[2022-04-22T09:10:39]==============================[STATS]
jh CPU load avg:
0.02 0.02 0.01 1/159 3253
i-02c949b26c0b3e595
InService
Healthy
{}
i-0463da1427bcf028c
InService
Healthy
{}
i-0d916f83d9e3a1ffd
InService
Healthy
{}
[2022-04-22T09:11:40]==============================[STATS]
jh CPU load avg:
0.01 0.01 0.01 1/159 3262
i-02c949b26c0b3e595
InService
Healthy
{}
i-0463da1427bcf028c
InService
Healthy
{}
i-0d916f83d9e3a1ffd
InService
Healthy
{}
[2022-04-22T09:11:40]==============================[PERFORMANCE RUN 2]==============================
09:11:40 I logger.go:127> Log level is now 4 Error (was 2 Info)
Fortio 1.19.0 running at -1 queries per second, 2->2 procs, for 5m0s: http://asg-1-lb-1794825636.us-east-1.elb.amazonaws.com:3000/?n=80000
Aggregated Function Time : count 419674 avg 0.0071481448 +/- 0.006329 min 0.002597184 max 0.215314426 sum 2999.89051
# target 50% 0.00728752
# target 75% 0.00963269
# target 90% 0.0169845
# target 99% 0.0283857
# target 99.9% 0.0355654
Sockets used: 10 (for perfect keepalive, would be 10)
Jitter: false
Code 200 : 419674 (100.0 %)
All done 419674 calls (plus 10 warmup) 7.148 ms avg, 1398.8 qps
Successfully wrote 2810 bytes of Json data to 2022-04-22-091140_asg_taewa_3extra_performance_2.json
fortio exit code: 0
[2022-04-22T09:16:40]==============================[STATS]
jh CPU load avg:
0.01 0.02 0.00 1/158 3285
i-02c949b26c0b3e595
InService
Healthy
{}
i-0463da1427bcf028c
InService
Healthy
{}
i-0d916f83d9e3a1ffd
InService
Healthy
{}
[2022-04-22T09:17:41]==============================[STATS]
jh CPU load avg:
0.00 0.02 0.00 1/158 3295
i-02c949b26c0b3e595
InService
Healthy
{}
i-0463da1427bcf028c
InService
Healthy
{}
i-0d916f83d9e3a1ffd
InService
Healthy
{}
[2022-04-22T09:17:42]==============================[PERFORMANCE RUN 3]==============================
09:17:42 I logger.go:127> Log level is now 4 Error (was 2 Info)
Fortio 1.19.0 running at -1 queries per second, 2->2 procs, for 5m0s: http://asg-1-lb-1794825636.us-east-1.elb.amazonaws.com:3000/?n=80000
Aggregated Function Time : count 425115 avg 0.0070566392 +/- 0.006249 min 0.002615617 max 0.212023039 sum 2999.88318
# target 50% 0.00722895
# target 75% 0.00953563
# target 90% 0.0166922
# target 99% 0.0283278
# target 99.9% 0.0346088
Sockets used: 10 (for perfect keepalive, would be 10)
Jitter: false
Code 200 : 425115 (100.0 %)
All done 425115 calls (plus 10 warmup) 7.057 ms avg, 1417.0 qps
Successfully wrote 2456 bytes of Json data to 2022-04-22-091742_asg_taewa_3extra_performance_3.json
fortio exit code: 0
[2022-04-22T09:22:42]==============================[STATS]
jh CPU load avg:
0.11 0.07 0.01 1/159 3323
i-02c949b26c0b3e595
InService
Healthy
{}
i-0463da1427bcf028c
InService
Healthy
{}
i-0d916f83d9e3a1ffd
InService
Healthy
{}
scaling to 0
{
    "Alarms": [
        {
            "AlarmName": "TargetTracking-asg-1-myASG-AlarmHigh-f677e2b3-f4f9-42ca-8a58-2bec030acda5", 
            "AlarmARN": "arn:aws:cloudwatch:us-east-1:652226248268:alarm:TargetTracking-asg-1-myASG-AlarmHigh-f677e2b3-f4f9-42ca-8a58-2bec030acda5"
        }, 
        {
            "AlarmName": "TargetTracking-asg-1-myASG-AlarmLow-e4d75a06-b6b7-42bb-996d-f1daf54e5a2e", 
            "AlarmARN": "arn:aws:cloudwatch:us-east-1:652226248268:alarm:TargetTracking-asg-1-myASG-AlarmLow-e4d75a06-b6b7-42bb-996d-f1daf54e5a2e"
        }
    ], 
    "PolicyARN": "arn:aws:autoscaling:us-east-1:652226248268:scalingPolicy:a13af42d-75e7-4ed6-837d-a84bdf753c74:autoScalingGroupName/asg-1-myASG:policyName/asg-1-AppServerSP-1GK5RUVGDLCCD"
}
[2022-04-22T09:23:14]==============================[SCALING RUN 1: INIT]==============================
{
    "Alarms": [
        {
            "AlarmName": "TargetTracking-asg-1-myASG-AlarmHigh-f677e2b3-f4f9-42ca-8a58-2bec030acda5", 
            "AlarmARN": "arn:aws:cloudwatch:us-east-1:652226248268:alarm:TargetTracking-asg-1-myASG-AlarmHigh-f677e2b3-f4f9-42ca-8a58-2bec030acda5"
        }, 
        {
            "AlarmName": "TargetTracking-asg-1-myASG-AlarmLow-e4d75a06-b6b7-42bb-996d-f1daf54e5a2e", 
            "AlarmARN": "arn:aws:cloudwatch:us-east-1:652226248268:alarm:TargetTracking-asg-1-myASG-AlarmLow-e4d75a06-b6b7-42bb-996d-f1daf54e5a2e"
        }
    ], 
    "PolicyARN": "arn:aws:autoscaling:us-east-1:652226248268:scalingPolicy:a13af42d-75e7-4ed6-837d-a84bdf753c74:autoScalingGroupName/asg-1-myASG:policyName/asg-1-AppServerSP-1GK5RUVGDLCCD"
}
scaling to 1
[2022-04-22T09:23:15]==============================[SCALING RUN 1: ENABLE SCALING - SLEEP]==============================
{
    "Alarms": [
        {
            "AlarmName": "TargetTracking-asg-1-myASG-AlarmHigh-9e17e245-e1e0-49fb-8801-f2d055e3fbe6", 
            "AlarmARN": "arn:aws:cloudwatch:us-east-1:652226248268:alarm:TargetTracking-asg-1-myASG-AlarmHigh-9e17e245-e1e0-49fb-8801-f2d055e3fbe6"
        }, 
        {
            "AlarmName": "TargetTracking-asg-1-myASG-AlarmLow-53425436-d028-4ef7-9ce3-83e8898d70ed", 
            "AlarmARN": "arn:aws:cloudwatch:us-east-1:652226248268:alarm:TargetTracking-asg-1-myASG-AlarmLow-53425436-d028-4ef7-9ce3-83e8898d70ed"
        }
    ], 
    "PolicyARN": "arn:aws:autoscaling:us-east-1:652226248268:scalingPolicy:a13af42d-75e7-4ed6-837d-a84bdf753c74:autoScalingGroupName/asg-1-myASG:policyName/asg-1-AppServerSP-1GK5RUVGDLCCD"
}
[2022-04-22T09:26:16]==============================[SCALING RUN 1: FORTIO]==============================
[2022-04-22T09:26:16]==============================[STATS]
jh CPU load avg:
0.00 0.03 0.00 1/158 3361
i-0791cd4e292a1b8d8
InService
Healthy
{}
[2022-04-22T09:26:17]==============================[SCALING RUN 1: CHUNK 1]==============================
09:26:17 I logger.go:127> Log level is now 4 Error (was 2 Info)
Fortio 1.19.0 running at -1 queries per second, 2->2 procs, for 1m0s: http://asg-1-lb-1794825636.us-east-1.elb.amazonaws.com:3000/?n=80000
Aggregated Function Time : count 35642 avg 0.016835649 +/- 0.005182 min 0.003193003 max 0.262440147 sum 600.056201
# target 50% 0.0157412
# target 75% 0.0186296
# target 90% 0.0240158
# target 99% 0.0381859
# target 99.9% 0.0398903
Sockets used: 10 (for perfect keepalive, would be 10)
Jitter: false
Code 200 : 35642 (100.0 %)
All done 35642 calls (plus 10 warmup) 16.836 ms avg, 593.9 qps
Successfully wrote 2675 bytes of Json data to 2022-04-22-092617_asg_taewa_3extra_scaling_1_1.json
fortio exit code: 0
[2022-04-22T09:27:17]==============================[STATS]
jh CPU load avg:
0.00 0.03 0.00 1/158 3379
i-0791cd4e292a1b8d8
InService
Healthy
{}
[2022-04-22T09:27:18]==============================[SCALING RUN 1: CHUNK 2]==============================
09:27:18 I logger.go:127> Log level is now 4 Error (was 2 Info)
Fortio 1.19.0 running at -1 queries per second, 2->2 procs, for 1m0s: http://asg-1-lb-1794825636.us-east-1.elb.amazonaws.com:3000/?n=80000
Aggregated Function Time : count 35853 avg 0.016736701 +/- 0.005065 min 0.00282336 max 0.060357901 sum 600.060934
# target 50% 0.0157345
# target 75% 0.018648
# target 90% 0.0243003
# target 99% 0.0382597
# target 99.9% 0.0399136
Sockets used: 10 (for perfect keepalive, would be 10)
Jitter: false
Code 200 : 35853 (100.0 %)
All done 35853 calls (plus 10 warmup) 16.737 ms avg, 597.4 qps
Successfully wrote 2559 bytes of Json data to 2022-04-22-092718_asg_taewa_3extra_scaling_1_2.json
fortio exit code: 0
[2022-04-22T09:28:18]==============================[STATS]
jh CPU load avg:
0.00 0.02 0.00 1/158 3396
i-0791cd4e292a1b8d8
InService
Healthy
{}
[2022-04-22T09:28:18]==============================[SCALING RUN 1: CHUNK 3]==============================
09:28:18 I logger.go:127> Log level is now 4 Error (was 2 Info)
Fortio 1.19.0 running at -1 queries per second, 2->2 procs, for 1m0s: http://asg-1-lb-1794825636.us-east-1.elb.amazonaws.com:3000/?n=80000
Aggregated Function Time : count 35966 avg 0.016684251 +/- 0.004915 min 0.002735652 max 0.042058865 sum 600.065759
# target 50% 0.0157194
# target 75% 0.0186072
# target 90% 0.0234498
# target 99% 0.0377435
# target 99.9% 0.0397857
Sockets used: 10 (for perfect keepalive, would be 10)
Jitter: false
Code 200 : 35966 (100.0 %)
All done 35966 calls (plus 10 warmup) 16.684 ms avg, 599.3 qps
Successfully wrote 2321 bytes of Json data to 2022-04-22-092818_asg_taewa_3extra_scaling_1_3.json
fortio exit code: 0
[2022-04-22T09:29:18]==============================[STATS]
jh CPU load avg:
0.00 0.01 0.00 1/158 3413
i-0791cd4e292a1b8d8
InService
Healthy
{}
[2022-04-22T09:29:19]==============================[SCALING RUN 1: CHUNK 4]==============================
09:29:19 I logger.go:127> Log level is now 4 Error (was 2 Info)
Fortio 1.19.0 running at -1 queries per second, 2->2 procs, for 1m0s: http://asg-1-lb-1794825636.us-east-1.elb.amazonaws.com:3000/?n=80000
Aggregated Function Time : count 35876 avg 0.016726237 +/- 0.005284 min 0.002616848 max 0.129123498 sum 600.070466
# target 50% 0.0157222
# target 75% 0.0186426
# target 90% 0.0237935
# target 99% 0.0379926
# target 99.9% 0.0442183
Sockets used: 10 (for perfect keepalive, would be 10)
Jitter: false
Code 200 : 35876 (100.0 %)
All done 35876 calls (plus 10 warmup) 16.726 ms avg, 597.8 qps
Successfully wrote 3031 bytes of Json data to 2022-04-22-092919_asg_taewa_3extra_scaling_1_4.json
fortio exit code: 0
[2022-04-22T09:30:19]==============================[STATS]
jh CPU load avg:
0.00 0.01 0.00 1/159 3438
i-0791cd4e292a1b8d8
InService
Healthy
{}
[2022-04-22T09:30:20]==============================[SCALING RUN 1: CHUNK 5]==============================
09:30:20 I logger.go:127> Log level is now 4 Error (was 2 Info)
Fortio 1.19.0 running at -1 queries per second, 2->2 procs, for 1m0s: http://asg-1-lb-1794825636.us-east-1.elb.amazonaws.com:3000/?n=80000
Aggregated Function Time : count 35849 avg 0.016738398 +/- 0.004923 min 0.002775729 max 0.040668645 sum 600.054818
# target 50% 0.0157204
# target 75% 0.0186045
# target 90% 0.0244778
# target 99% 0.0384457
# target 99.9% 0.0398485
Sockets used: 10 (for perfect keepalive, would be 10)
Jitter: false
Code 200 : 35849 (100.0 %)
All done 35849 calls (plus 10 warmup) 16.738 ms avg, 597.3 qps
Successfully wrote 2325 bytes of Json data to 2022-04-22-093020_asg_taewa_3extra_scaling_1_5.json
fortio exit code: 0
[2022-04-22T09:31:20]==============================[STATS]
jh CPU load avg:
0.00 0.00 0.00 1/159 3455
i-0791cd4e292a1b8d8
InService
Healthy
{}
i-0d145fe3d0a54653f
Pending
Healthy
{}
[2022-04-22T09:31:20]==============================[SCALING RUN 1: CHUNK 6]==============================
09:31:20 I logger.go:127> Log level is now 4 Error (was 2 Info)
Fortio 1.19.0 running at -1 queries per second, 2->2 procs, for 1m0s: http://asg-1-lb-1794825636.us-east-1.elb.amazonaws.com:3000/?n=80000
Aggregated Function Time : count 35873 avg 0.016727385 +/- 0.005332 min 0.002832612 max 0.253544249 sum 600.061482
# target 50% 0.0158941
# target 75% 0.0188787
# target 90% 0.0249428
# target 99% 0.0376789
# target 99.9% 0.0397974
Sockets used: 15 (for perfect keepalive, would be 10)
Jitter: false
Code 200 : 35873 (100.0 %)
All done 35873 calls (plus 10 warmup) 16.727 ms avg, 597.7 qps
Successfully wrote 2438 bytes of Json data to 2022-04-22-093120_asg_taewa_3extra_scaling_1_6.json
fortio exit code: 0
[2022-04-22T09:32:20]==============================[STATS]
jh CPU load avg:
0.04 0.01 0.00 1/159 3473
i-0791cd4e292a1b8d8
InService
Healthy
{}
i-0d145fe3d0a54653f
InService
Healthy
{}
[2022-04-22T09:32:21]==============================[SCALING RUN 1: CHUNK 7]==============================
09:32:21 I logger.go:127> Log level is now 4 Error (was 2 Info)
Fortio 1.19.0 running at -1 queries per second, 2->2 procs, for 1m0s: http://asg-1-lb-1794825636.us-east-1.elb.amazonaws.com:3000/?n=80000
Aggregated Function Time : count 35883 avg 0.016723365 +/- 0.004916 min 0.002800838 max 0.043995792 sum 600.084501
# target 50% 0.0157052
# target 75% 0.0185945
# target 90% 0.0240879
# target 99% 0.0383113
# target 99.9% 0.0398396
Sockets used: 10 (for perfect keepalive, would be 10)
Jitter: false
Code 200 : 35883 (100.0 %)
All done 35883 calls (plus 10 warmup) 16.723 ms avg, 597.9 qps
Successfully wrote 2320 bytes of Json data to 2022-04-22-093221_asg_taewa_3extra_scaling_1_7.json
fortio exit code: 0
[2022-04-22T09:33:21]==============================[STATS]
jh CPU load avg:
0.01 0.01 0.00 1/159 3490
i-0791cd4e292a1b8d8
InService
Healthy
{}
i-0d145fe3d0a54653f
InService
Healthy
{}
[2022-04-22T09:33:22]==============================[SCALING RUN 1: CHUNK 8]==============================
09:33:22 I logger.go:127> Log level is now 4 Error (was 2 Info)
Fortio 1.19.0 running at -1 queries per second, 2->2 procs, for 1m0s: http://asg-1-lb-1794825636.us-east-1.elb.amazonaws.com:3000/?n=80000
Aggregated Function Time : count 70947 avg 0.0084571614 +/- 0.003033 min 0.002606945 max 0.029717735 sum 600.010229
# target 50% 0.00761822
# target 75% 0.0104739
# target 90% 0.0162223
# target 99% 0.0196713
# target 99.9% 0.0228916
Sockets used: 10 (for perfect keepalive, would be 10)
Jitter: false
Code 200 : 70947 (100.0 %)
All done 70947 calls (plus 10 warmup) 8.457 ms avg, 1182.3 qps
Successfully wrote 2091 bytes of Json data to 2022-04-22-093322_asg_taewa_3extra_scaling_1_8.json
fortio exit code: 0
[2022-04-22T09:34:22]==============================[STATS]
jh CPU load avg:
0.00 0.00 0.00 1/159 3507
i-0791cd4e292a1b8d8
InService
Healthy
{}
i-0d145fe3d0a54653f
InService
Healthy
{}
[2022-04-22T09:34:22]==============================[SCALING RUN 1: CHUNK 9]==============================
09:34:22 I logger.go:127> Log level is now 4 Error (was 2 Info)
Fortio 1.19.0 running at -1 queries per second, 2->2 procs, for 1m0s: http://asg-1-lb-1794825636.us-east-1.elb.amazonaws.com:3000/?n=80000
Aggregated Function Time : count 71292 avg 0.0084161518 +/- 0.003003 min 0.002545414 max 0.036472788 sum 600.004296
# target 50% 0.00759614
# target 75% 0.0104611
# target 90% 0.016208
# target 99% 0.0196561
# target 99.9% 0.0202512
Sockets used: 10 (for perfect keepalive, would be 10)
Jitter: false
Code 200 : 71292 (100.0 %)
All done 71292 calls (plus 10 warmup) 8.416 ms avg, 1188.1 qps
Successfully wrote 2205 bytes of Json data to 2022-04-22-093422_asg_taewa_3extra_scaling_1_9.json
fortio exit code: 0
[2022-04-22T09:35:22]==============================[STATS]
jh CPU load avg:
0.00 0.00 0.00 1/158 3525
i-0791cd4e292a1b8d8
InService
Healthy
{}
i-0d145fe3d0a54653f
InService
Healthy
{}
[2022-04-22T09:35:23]==============================[SCALING RUN 1: CHUNK 10]==============================
09:35:23 I logger.go:127> Log level is now 4 Error (was 2 Info)
Fortio 1.19.0 running at -1 queries per second, 2->2 procs, for 1m0s: http://asg-1-lb-1794825636.us-east-1.elb.amazonaws.com:3000/?n=80000
Aggregated Function Time : count 71494 avg 0.0083925001 +/- 0.002987 min 0.00259558 max 0.030404621 sum 600.013404
# target 50% 0.00760217
# target 75% 0.0104062
# target 90% 0.0161871
# target 99% 0.0196556
# target 99.9% 0.0206008
Sockets used: 10 (for perfect keepalive, would be 10)
Jitter: false
Code 200 : 71494 (100.0 %)
All done 71494 calls (plus 10 warmup) 8.393 ms avg, 1191.4 qps
Successfully wrote 2204 bytes of Json data to 2022-04-22-093523_asg_taewa_3extra_scaling_1_10.json
fortio exit code: 0
[2022-04-22T09:36:23]==============================[STATS]
jh CPU load avg:
0.16 0.04 0.01 1/158 3592
i-0791cd4e292a1b8d8
InService
Healthy
{}
i-0d145fe3d0a54653f
InService
Healthy
{}
[2022-04-22T09:36:24]==============================[SCALING RUN 1: CHUNK 11]==============================
09:36:24 I logger.go:127> Log level is now 4 Error (was 2 Info)
Fortio 1.19.0 running at -1 queries per second, 2->2 procs, for 1m0s: http://asg-1-lb-1794825636.us-east-1.elb.amazonaws.com:3000/?n=80000
Aggregated Function Time : count 71533 avg 0.0083879118 +/- 0.002973 min 0.002637175 max 0.02730951 sum 600.012495
# target 50% 0.00760773
# target 75% 0.0103622
# target 90% 0.0161647
# target 99% 0.0196462
# target 99.9% 0.0199943
Sockets used: 10 (for perfect keepalive, would be 10)
Jitter: false
Code 200 : 71533 (100.0 %)
All done 71533 calls (plus 10 warmup) 8.388 ms avg, 1192.0 qps
Successfully wrote 2089 bytes of Json data to 2022-04-22-093624_asg_taewa_3extra_scaling_1_11.json
fortio exit code: 0
[2022-04-22T09:37:24]==============================[STATS]
jh CPU load avg:
0.18 0.08 0.02 1/158 3610
i-0791cd4e292a1b8d8
InService
Healthy
{}
i-0d145fe3d0a54653f
InService
Healthy
{}
[2022-04-22T09:37:24]==============================[SCALING RUN 1: CHUNK 12]==============================
09:37:24 I logger.go:127> Log level is now 4 Error (was 2 Info)
Fortio 1.19.0 running at -1 queries per second, 2->2 procs, for 1m0s: http://asg-1-lb-1794825636.us-east-1.elb.amazonaws.com:3000/?n=80000
Aggregated Function Time : count 71595 avg 0.00838054 +/- 0.003405 min 0.002598318 max 0.030662363 sum 600.004759
# target 50% 0.00727288
# target 75% 0.00961023
# target 90% 0.0152392
# target 99% 0.0195926
# target 99.9% 0.0237302
Sockets used: 10 (for perfect keepalive, would be 10)
Jitter: false
Code 200 : 71595 (100.0 %)
All done 71595 calls (plus 10 warmup) 8.381 ms avg, 1193.1 qps
Successfully wrote 2208 bytes of Json data to 2022-04-22-093724_asg_taewa_3extra_scaling_1_12.json
fortio exit code: 0
[2022-04-22T09:38:24]==============================[STATS]
jh CPU load avg:
0.20 0.09 0.03 1/158 3627
i-004f5b19f196ef320
InService
Healthy
{}
i-0791cd4e292a1b8d8
InService
Healthy
{}
i-0d145fe3d0a54653f
InService
Healthy
{}
[2022-04-22T09:38:25]==============================[SCALING RUN 1: CHUNK 13]==============================
09:38:25 I logger.go:127> Log level is now 4 Error (was 2 Info)
Fortio 1.19.0 running at -1 queries per second, 2->2 procs, for 1m0s: http://asg-1-lb-1794825636.us-east-1.elb.amazonaws.com:3000/?n=80000
Aggregated Function Time : count 104384 avg 0.0057479268 +/- 0.002974 min 0.002586182 max 0.049260314 sum 599.991594
# target 50% 0.00667592
# target 75% 0.00872083
# target 90% 0.00994778
# target 99% 0.0190186
# target 99.9% 0.0199893
Sockets used: 10 (for perfect keepalive, would be 10)
Jitter: false
Code 200 : 104384 (100.0 %)
All done 104384 calls (plus 10 warmup) 5.748 ms avg, 1739.5 qps
Successfully wrote 2326 bytes of Json data to 2022-04-22-093825_asg_taewa_3extra_scaling_1_13.json
fortio exit code: 0
[2022-04-22T09:39:25]==============================[STATS]
jh CPU load avg:
0.07 0.07 0.02 1/158 3644
i-004f5b19f196ef320
InService
Healthy
{}
i-0791cd4e292a1b8d8
InService
Healthy
{}
i-0d145fe3d0a54653f
InService
Healthy
{}
[2022-04-22T09:39:26]==============================[SCALING RUN 1: CHUNK 14]==============================
09:39:26 I logger.go:127> Log level is now 4 Error (was 2 Info)
Fortio 1.19.0 running at -1 queries per second, 2->2 procs, for 1m0s: http://asg-1-lb-1794825636.us-east-1.elb.amazonaws.com:3000/?n=80000
Aggregated Function Time : count 104285 avg 0.0057534265 +/- 0.003089 min 0.002555757 max 0.079141682 sum 599.996083
# target 50% 0.00666843
# target 75% 0.0087248
# target 90% 0.00995863
# target 99% 0.0190716
# target 99.9% 0.0234102
Sockets used: 10 (for perfect keepalive, would be 10)
Jitter: false
Code 200 : 104285 (100.0 %)
All done 104285 calls (plus 10 warmup) 5.753 ms avg, 1737.8 qps
Successfully wrote 2685 bytes of Json data to 2022-04-22-093926_asg_taewa_3extra_scaling_1_14.json
fortio exit code: 0
[2022-04-22T09:40:26]==============================[STATS]
jh CPU load avg:
0.02 0.06 0.02 1/159 3668
i-004f5b19f196ef320
InService
Healthy
{}
i-0791cd4e292a1b8d8
InService
Healthy
{}
i-0d145fe3d0a54653f
InService
Healthy
{}
[2022-04-22T09:40:26]==============================[SCALING RUN 2: INIT]==============================
{
    "Alarms": [
        {
            "AlarmName": "TargetTracking-asg-1-myASG-AlarmHigh-3ead4496-adb1-4df0-aef3-ad537333e31d", 
            "AlarmARN": "arn:aws:cloudwatch:us-east-1:652226248268:alarm:TargetTracking-asg-1-myASG-AlarmHigh-3ead4496-adb1-4df0-aef3-ad537333e31d"
        }, 
        {
            "AlarmName": "TargetTracking-asg-1-myASG-AlarmLow-2d32fa3c-5d9f-4b44-b496-17a0fe65c6a4", 
            "AlarmARN": "arn:aws:cloudwatch:us-east-1:652226248268:alarm:TargetTracking-asg-1-myASG-AlarmLow-2d32fa3c-5d9f-4b44-b496-17a0fe65c6a4"
        }
    ], 
    "PolicyARN": "arn:aws:autoscaling:us-east-1:652226248268:scalingPolicy:a13af42d-75e7-4ed6-837d-a84bdf753c74:autoScalingGroupName/asg-1-myASG:policyName/asg-1-AppServerSP-1GK5RUVGDLCCD"
}
scaling to 1
[2022-04-22T09:40:28]==============================[SCALING RUN 2: ENABLE SCALING - SLEEP]==============================
{
    "Alarms": [
        {
            "AlarmName": "TargetTracking-asg-1-myASG-AlarmHigh-1b6c7c27-9c96-4165-a12d-9276b62702fc", 
            "AlarmARN": "arn:aws:cloudwatch:us-east-1:652226248268:alarm:TargetTracking-asg-1-myASG-AlarmHigh-1b6c7c27-9c96-4165-a12d-9276b62702fc"
        }, 
        {
            "AlarmName": "TargetTracking-asg-1-myASG-AlarmLow-d45dec47-34c2-4bcf-8009-19e96c466320", 
            "AlarmARN": "arn:aws:cloudwatch:us-east-1:652226248268:alarm:TargetTracking-asg-1-myASG-AlarmLow-d45dec47-34c2-4bcf-8009-19e96c466320"
        }
    ], 
    "PolicyARN": "arn:aws:autoscaling:us-east-1:652226248268:scalingPolicy:a13af42d-75e7-4ed6-837d-a84bdf753c74:autoScalingGroupName/asg-1-myASG:policyName/asg-1-AppServerSP-1GK5RUVGDLCCD"
}
[2022-04-22T09:43:29]==============================[SCALING RUN 2: FORTIO]==============================
[2022-04-22T09:43:29]==============================[STATS]
jh CPU load avg:
0.06 0.04 0.00 1/160 3698
i-004f5b19f196ef320
InService
Healthy
{}
[2022-04-22T09:43:30]==============================[SCALING RUN 2: CHUNK 1]==============================
09:43:30 I logger.go:127> Log level is now 4 Error (was 2 Info)
Fortio 1.19.0 running at -1 queries per second, 2->2 procs, for 1m0s: http://asg-1-lb-1794825636.us-east-1.elb.amazonaws.com:3000/?n=80000
Aggregated Function Time : count 35493 avg 0.016906614 +/- 0.005179 min 0.003547228 max 0.081949706 sum 600.066433
# target 50% 0.0158159
# target 75% 0.018757
# target 90% 0.0259363
# target 99% 0.0387122
# target 99.9% 0.042169
Sockets used: 15 (for perfect keepalive, would be 10)
Jitter: false
Code 200 : 35493 (100.0 %)
All done 35493 calls (plus 10 warmup) 16.907 ms avg, 591.4 qps
Successfully wrote 2556 bytes of Json data to 2022-04-22-094330_asg_taewa_3extra_scaling_2_1.json
fortio exit code: 0
[2022-04-22T09:44:30]==============================[STATS]
jh CPU load avg:
0.10 0.06 0.01 1/160 3715
i-004f5b19f196ef320
InService
Healthy
{}
i-03364bffde18e4be8
InService
Healthy
{}
[2022-04-22T09:44:30]==============================[SCALING RUN 2: CHUNK 2]==============================
09:44:30 I logger.go:127> Log level is now 4 Error (was 2 Info)
Fortio 1.19.0 running at -1 queries per second, 2->2 procs, for 1m0s: http://asg-1-lb-1794825636.us-east-1.elb.amazonaws.com:3000/?n=80000
Aggregated Function Time : count 35603 avg 0.016854158 +/- 0.005147 min 0.002987564 max 0.046010725 sum 600.058582
# target 50% 0.0158462
# target 75% 0.0188062
# target 90% 0.0258357
# target 99% 0.0384741
# target 99.9% 0.039863
Sockets used: 10 (for perfect keepalive, would be 10)
Jitter: false
Code 200 : 35603 (100.0 %)
All done 35603 calls (plus 10 warmup) 16.854 ms avg, 593.2 qps
Successfully wrote 2318 bytes of Json data to 2022-04-22-094430_asg_taewa_3extra_scaling_2_2.json
fortio exit code: 0
[2022-04-22T09:45:30]==============================[STATS]
jh CPU load avg:
0.43 0.14 0.04 1/163 22441
i-004f5b19f196ef320
InService
Healthy
{}
i-03364bffde18e4be8
InService
Healthy
{}
[2022-04-22T09:45:31]==============================[SCALING RUN 2: CHUNK 3]==============================
09:45:31 I logger.go:127> Log level is now 4 Error (was 2 Info)
Fortio 1.19.0 running at -1 queries per second, 2->2 procs, for 1m0s: http://asg-1-lb-1794825636.us-east-1.elb.amazonaws.com:3000/?n=80000
Aggregated Function Time : count 71369 avg 0.0084071271 +/- 0.002987 min 0.002598239 max 0.03835655 sum 600.008257
# target 50% 0.00759844
# target 75% 0.0103804
# target 90% 0.0161667
# target 99% 0.0196386
# target 99.9% 0.0199857
Sockets used: 10 (for perfect keepalive, would be 10)
Jitter: false
Code 200 : 71369 (100.0 %)
All done 71369 calls (plus 10 warmup) 8.407 ms avg, 1189.3 qps
Successfully wrote 2204 bytes of Json data to 2022-04-22-094531_asg_taewa_3extra_scaling_2_3.json
fortio exit code: 0
[2022-04-22T09:46:31]==============================[STATS]
jh CPU load avg:
0.38 0.19 0.06 1/158 783
i-004f5b19f196ef320
InService
Healthy
{}
i-03364bffde18e4be8
InService
Healthy
{}
[2022-04-22T09:46:32]==============================[SCALING RUN 2: CHUNK 4]==============================
09:46:32 I logger.go:127> Log level is now 4 Error (was 2 Info)
Fortio 1.19.0 running at -1 queries per second, 2->2 procs, for 1m0s: http://asg-1-lb-1794825636.us-east-1.elb.amazonaws.com:3000/?n=80000
Aggregated Function Time : count 71848 avg 0.0083510272 +/- 0.002955 min 0.002668873 max 0.029874418 sum 600.004602
# target 50% 0.00762122
# target 75% 0.0103796
# target 90% 0.0161654
# target 99% 0.0196368
# target 99.9% 0.019984
Sockets used: 10 (for perfect keepalive, would be 10)
Jitter: false
Code 200 : 71848 (100.0 %)
All done 71848 calls (plus 10 warmup) 8.351 ms avg, 1197.3 qps
Successfully wrote 2084 bytes of Json data to 2022-04-22-094632_asg_taewa_3extra_scaling_2_4.json
fortio exit code: 0
[2022-04-22T09:47:32]==============================[STATS]
jh CPU load avg:
0.26 0.19 0.07 1/158 801
i-004f5b19f196ef320
InService
Healthy
{}
i-03364bffde18e4be8
InService
Healthy
{}
[2022-04-22T09:47:32]==============================[SCALING RUN 2: CHUNK 5]==============================
09:47:32 I logger.go:127> Log level is now 4 Error (was 2 Info)
Fortio 1.19.0 running at -1 queries per second, 2->2 procs, for 1m0s: http://asg-1-lb-1794825636.us-east-1.elb.amazonaws.com:3000/?n=80000
Aggregated Function Time : count 71912 avg 0.0083436877 +/- 0.002948 min 0.002524979 max 0.029434436 sum 600.011272
# target 50% 0.00756491
# target 75% 0.0103268
# target 90% 0.016143
# target 99% 0.0196327
# target 99.9% 0.0199817
Sockets used: 10 (for perfect keepalive, would be 10)
Jitter: false
Code 200 : 71912 (100.0 %)
All done 71912 calls (plus 10 warmup) 8.344 ms avg, 1198.4 qps
Successfully wrote 2087 bytes of Json data to 2022-04-22-094732_asg_taewa_3extra_scaling_2_5.json
fortio exit code: 0
[2022-04-22T09:48:32]==============================[STATS]
jh CPU load avg:
0.09 0.15 0.06 1/158 818
i-004f5b19f196ef320
InService
Healthy
{}
i-03364bffde18e4be8
InService
Healthy
{}
[2022-04-22T09:48:33]==============================[SCALING RUN 2: CHUNK 6]==============================
09:48:33 I logger.go:127> Log level is now 4 Error (was 2 Info)
Fortio 1.19.0 running at -1 queries per second, 2->2 procs, for 1m0s: http://asg-1-lb-1794825636.us-east-1.elb.amazonaws.com:3000/?n=80000
Aggregated Function Time : count 71822 avg 0.0083540594 +/- 0.002956 min 0.002605174 max 0.029076279 sum 600.005252
# target 50% 0.007589
# target 75% 0.0103153
# target 90% 0.0161358
# target 99% 0.0196282
# target 99.9% 0.0199774
Sockets used: 10 (for perfect keepalive, would be 10)
Jitter: false
Code 200 : 71822 (100.0 %)
All done 71822 calls (plus 10 warmup) 8.354 ms avg, 1196.9 qps
Successfully wrote 2090 bytes of Json data to 2022-04-22-094833_asg_taewa_3extra_scaling_2_6.json
fortio exit code: 0
[2022-04-22T09:49:33]==============================[STATS]
jh CPU load avg:
0.14 0.15 0.07 1/158 834
i-004f5b19f196ef320
InService
Healthy
{}
i-03364bffde18e4be8
InService
Healthy
{}
[2022-04-22T09:49:34]==============================[SCALING RUN 2: CHUNK 7]==============================
09:49:34 I logger.go:127> Log level is now 4 Error (was 2 Info)
Fortio 1.19.0 running at -1 queries per second, 2->2 procs, for 1m0s: http://asg-1-lb-1794825636.us-east-1.elb.amazonaws.com:3000/?n=80000
Aggregated Function Time : count 71570 avg 0.008383578 +/- 0.003028 min 0.002591991 max 0.059341916 sum 600.012675
# target 50% 0.00760368
# target 75% 0.0104212
# target 90% 0.0162005
# target 99% 0.019668
# target 99.9% 0.0232655
Sockets used: 10 (for perfect keepalive, would be 10)
Jitter: false
Code 200 : 71570 (100.0 %)
All done 71570 calls (plus 10 warmup) 8.384 ms avg, 1192.7 qps
Successfully wrote 2436 bytes of Json data to 2022-04-22-094934_asg_taewa_3extra_scaling_2_7.json
fortio exit code: 0
[2022-04-22T09:50:34]==============================[STATS]
jh CPU load avg:
0.04 0.12 0.06 1/160 858
i-004f5b19f196ef320
InService
Healthy
{}
i-03364bffde18e4be8
InService
Healthy
{}
i-090715cb3dc5a786b
InService
Healthy
{}
[2022-04-22T09:50:34]==============================[SCALING RUN 2: CHUNK 8]==============================
09:50:34 I logger.go:127> Log level is now 4 Error (was 2 Info)
Fortio 1.19.0 running at -1 queries per second, 2->2 procs, for 1m0s: http://asg-1-lb-1794825636.us-east-1.elb.amazonaws.com:3000/?n=80000
Aggregated Function Time : count 71826 avg 0.0083536158 +/- 0.002961 min 0.002641847 max 0.03538513 sum 600.006811
# target 50% 0.00760496
# target 75% 0.010338
# target 90% 0.0161501
# target 99% 0.0196373
# target 99.9% 0.0199861
Sockets used: 10 (for perfect keepalive, would be 10)
Jitter: false
Code 200 : 71826 (100.0 %)
All done 71826 calls (plus 10 warmup) 8.354 ms avg, 1196.9 qps
Successfully wrote 2205 bytes of Json data to 2022-04-22-095034_asg_taewa_3extra_scaling_2_8.json
fortio exit code: 0
[2022-04-22T09:51:34]==============================[STATS]
jh CPU load avg:
0.05 0.11 0.06 1/160 875
i-004f5b19f196ef320
InService
Healthy
{}
i-03364bffde18e4be8
InService
Healthy
{}
i-090715cb3dc5a786b
InService
Healthy
{}
[2022-04-22T09:51:35]==============================[SCALING RUN 2: CHUNK 9]==============================
09:51:35 I logger.go:127> Log level is now 4 Error (was 2 Info)
Fortio 1.19.0 running at -1 queries per second, 2->2 procs, for 1m0s: http://asg-1-lb-1794825636.us-east-1.elb.amazonaws.com:3000/?n=80000
Aggregated Function Time : count 86949 avg 0.006900539 +/- 0.003887 min 0.00258343 max 0.06797892 sum 599.994963
# target 50% 0.00727447
# target 75% 0.00962004
# target 90% 0.0153066
# target 99% 0.0196681
# target 99.9% 0.0290801
Sockets used: 10 (for perfect keepalive, would be 10)
Jitter: false
Code 200 : 86949 (100.0 %)
All done 86949 calls (plus 10 warmup) 6.901 ms avg, 1448.9 qps
Successfully wrote 2555 bytes of Json data to 2022-04-22-095135_asg_taewa_3extra_scaling_2_9.json
fortio exit code: 0
[2022-04-22T09:52:35]==============================[STATS]
jh CPU load avg:
0.25 0.15 0.08 1/160 893
i-004f5b19f196ef320
InService
Healthy
{}
i-03364bffde18e4be8
InService
Healthy
{}
i-090715cb3dc5a786b
InService
Healthy
{}
[2022-04-22T09:52:36]==============================[SCALING RUN 2: CHUNK 10]==============================
09:52:36 I logger.go:127> Log level is now 4 Error (was 2 Info)
Fortio 1.19.0 running at -1 queries per second, 2->2 procs, for 1m0s: http://asg-1-lb-1794825636.us-east-1.elb.amazonaws.com:3000/?n=80000
Aggregated Function Time : count 88863 avg 0.0067519105 +/- 0.002725 min 0.002599261 max 0.212393209 sum 599.995021
# target 50% 0.0067561
# target 75% 0.00883457
# target 90% 0.0108977
# target 99% 0.019124
# target 99.9% 0.0199467
Sockets used: 10 (for perfect keepalive, would be 10)
Jitter: false
Code 200 : 88863 (100.0 %)
All done 88863 calls (plus 10 warmup) 6.752 ms avg, 1480.8 qps
Successfully wrote 2318 bytes of Json data to 2022-04-22-095236_asg_taewa_3extra_scaling_2_10.json
fortio exit code: 0
[2022-04-22T09:53:36]==============================[STATS]
jh CPU load avg:
0.18 0.16 0.09 1/160 909
i-004f5b19f196ef320
InService
Healthy
{}
i-03364bffde18e4be8
InService
Healthy
{}
i-090715cb3dc5a786b
InService
Healthy
{}
[2022-04-22T09:53:37]==============================[SCALING RUN 2: CHUNK 11]==============================
09:53:37 I logger.go:127> Log level is now 4 Error (was 2 Info)
Fortio 1.19.0 running at -1 queries per second, 2->2 procs, for 1m0s: http://asg-1-lb-1794825636.us-east-1.elb.amazonaws.com:3000/?n=80000
Aggregated Function Time : count 88643 avg 0.0067686983 +/- 0.003628 min 0.00260834 max 0.030354773 sum 599.997728
# target 50% 0.00726416
# target 75% 0.00959212
# target 90% 0.0151704
# target 99% 0.0195521
# target 99.9% 0.0199903
Sockets used: 10 (for perfect keepalive, would be 10)
Jitter: false
Code 200 : 88643 (100.0 %)
All done 88643 calls (plus 10 warmup) 6.769 ms avg, 1477.2 qps
Successfully wrote 2201 bytes of Json data to 2022-04-22-095337_asg_taewa_3extra_scaling_2_11.json
fortio exit code: 0
[2022-04-22T09:54:37]==============================[STATS]
jh CPU load avg:
0.11 0.14 0.09 1/160 926
i-004f5b19f196ef320
InService
Healthy
{}
i-03364bffde18e4be8
InService
Healthy
{}
i-090715cb3dc5a786b
InService
Healthy
{}
[2022-04-22T09:54:37]==============================[SCALING RUN 2: CHUNK 12]==============================
09:54:37 I logger.go:127> Log level is now 4 Error (was 2 Info)
Fortio 1.19.0 running at -1 queries per second, 2->2 procs, for 1m0s: http://asg-1-lb-1794825636.us-east-1.elb.amazonaws.com:3000/?n=80000
Aggregated Function Time : count 88359 avg 0.0067903913 +/- 0.002802 min 0.002592587 max 0.215142841 sum 599.992182
# target 50% 0.00676545
# target 75% 0.00885193
# target 90% 0.0111158
# target 99% 0.0191892
# target 99.9% 0.0199966
Sockets used: 10 (for perfect keepalive, would be 10)
Jitter: false
Code 200 : 88359 (100.0 %)
All done 88359 calls (plus 10 warmup) 6.790 ms avg, 1472.5 qps
Successfully wrote 2441 bytes of Json data to 2022-04-22-095437_asg_taewa_3extra_scaling_2_12.json
fortio exit code: 0
[2022-04-22T09:55:37]==============================[STATS]
jh CPU load avg:
0.04 0.11 0.08 1/158 943
i-004f5b19f196ef320
InService
Healthy
{}
i-03364bffde18e4be8
InService
Healthy
{}
i-090715cb3dc5a786b
InService
Healthy
{}
[2022-04-22T09:55:38]==============================[SCALING RUN 2: CHUNK 13]==============================
09:55:38 I logger.go:127> Log level is now 4 Error (was 2 Info)
Fortio 1.19.0 running at -1 queries per second, 2->2 procs, for 1m0s: http://asg-1-lb-1794825636.us-east-1.elb.amazonaws.com:3000/?n=80000
Aggregated Function Time : count 88493 avg 0.0067801664 +/- 0.003629 min 0.002548496 max 0.051136593 sum 599.997264
# target 50% 0.00724642
# target 75% 0.00959543
# target 90% 0.0151904
# target 99% 0.0195585
# target 99.9% 0.0199953
Sockets used: 10 (for perfect keepalive, would be 10)
Jitter: false
Code 200 : 88493 (100.0 %)
All done 88493 calls (plus 10 warmup) 6.780 ms avg, 1474.7 qps
Successfully wrote 2445 bytes of Json data to 2022-04-22-095538_asg_taewa_3extra_scaling_2_13.json
fortio exit code: 0
[2022-04-22T09:56:38]==============================[STATS]
jh CPU load avg:
0.01 0.09 0.08 1/157 960
i-004f5b19f196ef320
InService
Healthy
{}
i-03364bffde18e4be8
InService
Healthy
{}
i-090715cb3dc5a786b
InService
Healthy
{}
[2022-04-22T09:56:39]==============================[SCALING RUN 2: CHUNK 14]==============================
09:56:39 I logger.go:127> Log level is now 4 Error (was 2 Info)
Fortio 1.19.0 running at -1 queries per second, 2->2 procs, for 1m0s: http://asg-1-lb-1794825636.us-east-1.elb.amazonaws.com:3000/?n=80000
Aggregated Function Time : count 89003 avg 0.0067413378 +/- 0.002611 min 0.002650364 max 0.028060054 sum 599.999285
# target 50% 0.00677734
# target 75% 0.00884087
# target 90% 0.0108752
# target 99% 0.0191069
# target 99.9% 0.0199301
Sockets used: 10 (for perfect keepalive, would be 10)
Jitter: false
Code 200 : 89003 (100.0 %)
All done 89003 calls (plus 10 warmup) 6.741 ms avg, 1483.2 qps
Successfully wrote 2083 bytes of Json data to 2022-04-22-095639_asg_taewa_3extra_scaling_2_14.json
fortio exit code: 0
[2022-04-22T09:57:39]==============================[STATS]
jh CPU load avg:
0.00 0.07 0.07 1/158 979
i-004f5b19f196ef320
InService
Healthy
{}
i-03364bffde18e4be8
InService
Healthy
{}
i-090715cb3dc5a786b
InService
Healthy
{}
[2022-04-22T09:57:39]==============================[SCALING RUN 3: INIT]==============================
{
    "Alarms": [
        {
            "AlarmName": "TargetTracking-asg-1-myASG-AlarmHigh-6d3cd50f-4fa2-44bc-951b-f775060d84c0", 
            "AlarmARN": "arn:aws:cloudwatch:us-east-1:652226248268:alarm:TargetTracking-asg-1-myASG-AlarmHigh-6d3cd50f-4fa2-44bc-951b-f775060d84c0"
        }, 
        {
            "AlarmName": "TargetTracking-asg-1-myASG-AlarmLow-9642dc84-84a1-4d68-9d0e-76200e249b25", 
            "AlarmARN": "arn:aws:cloudwatch:us-east-1:652226248268:alarm:TargetTracking-asg-1-myASG-AlarmLow-9642dc84-84a1-4d68-9d0e-76200e249b25"
        }
    ], 
    "PolicyARN": "arn:aws:autoscaling:us-east-1:652226248268:scalingPolicy:a13af42d-75e7-4ed6-837d-a84bdf753c74:autoScalingGroupName/asg-1-myASG:policyName/asg-1-AppServerSP-1GK5RUVGDLCCD"
}
scaling to 1
[2022-04-22T09:57:41]==============================[SCALING RUN 3: ENABLE SCALING - SLEEP]==============================
{
    "Alarms": [
        {
            "AlarmName": "TargetTracking-asg-1-myASG-AlarmHigh-02798418-9435-4c45-8f6f-0a2f475e5fcc", 
            "AlarmARN": "arn:aws:cloudwatch:us-east-1:652226248268:alarm:TargetTracking-asg-1-myASG-AlarmHigh-02798418-9435-4c45-8f6f-0a2f475e5fcc"
        }, 
        {
            "AlarmName": "TargetTracking-asg-1-myASG-AlarmLow-df7d9eba-ccfa-424b-9566-19fe43fedba0", 
            "AlarmARN": "arn:aws:cloudwatch:us-east-1:652226248268:alarm:TargetTracking-asg-1-myASG-AlarmLow-df7d9eba-ccfa-424b-9566-19fe43fedba0"
        }
    ], 
    "PolicyARN": "arn:aws:autoscaling:us-east-1:652226248268:scalingPolicy:a13af42d-75e7-4ed6-837d-a84bdf753c74:autoScalingGroupName/asg-1-myASG:policyName/asg-1-AppServerSP-1GK5RUVGDLCCD"
}
[2022-04-22T10:00:42]==============================[SCALING RUN 3: FORTIO]==============================
[2022-04-22T10:00:42]==============================[STATS]
jh CPU load avg:
0.00 0.04 0.06 1/159 1013
i-090715cb3dc5a786b
InService
Healthy
{}
[2022-04-22T10:00:43]==============================[SCALING RUN 3: CHUNK 1]==============================
10:00:43 I logger.go:127> Log level is now 4 Error (was 2 Info)
Fortio 1.19.0 running at -1 queries per second, 2->2 procs, for 1m0s: http://asg-1-lb-1794825636.us-east-1.elb.amazonaws.com:3000/?n=80000
Aggregated Function Time : count 18156 avg 0.033054509 +/- 0.009764 min 0.009470076 max 0.141591997 sum 600.137667
# target 50% 0.0264174
# target 75% 0.0296343
# target 90% 0.0516507
# target 99% 0.0608245
# target 99.9% 0.0762927
Sockets used: 10 (for perfect keepalive, would be 10)
Jitter: false
Code 200 : 18156 (100.0 %)
All done 18156 calls (plus 10 warmup) 33.055 ms avg, 302.4 qps
Successfully wrote 3272 bytes of Json data to 2022-04-22-100043_asg_taewa_3extra_scaling_3_1.json
fortio exit code: 0
[2022-04-22T10:01:43]==============================[STATS]
jh CPU load avg:
0.00 0.03 0.05 1/159 1042
i-090715cb3dc5a786b
InService
Healthy
{}
[2022-04-22T10:01:44]==============================[SCALING RUN 3: CHUNK 2]==============================
10:01:44 I logger.go:127> Log level is now 4 Error (was 2 Info)
Fortio 1.19.0 running at -1 queries per second, 2->2 procs, for 1m0s: http://asg-1-lb-1794825636.us-east-1.elb.amazonaws.com:3000/?n=80000
Aggregated Function Time : count 18267 avg 0.0328539 +/- 0.009381 min 0.004546915 max 0.080887488 sum 600.142184
# target 50% 0.0261435
# target 75% 0.0292179
# target 90% 0.0512098
# target 99% 0.0595214
# target 99.9% 0.0682039
Sockets used: 10 (for perfect keepalive, would be 10)
Jitter: false
Code 200 : 18267 (100.0 %)
All done 18267 calls (plus 10 warmup) 32.854 ms avg, 304.3 qps
Successfully wrote 2794 bytes of Json data to 2022-04-22-100144_asg_taewa_3extra_scaling_3_2.json
fortio exit code: 0
[2022-04-22T10:02:44]==============================[STATS]
jh CPU load avg:
0.00 0.02 0.05 1/161 1128
i-090715cb3dc5a786b
InService
Healthy
{}
[2022-04-22T10:02:45]==============================[SCALING RUN 3: CHUNK 3]==============================
10:02:45 I logger.go:127> Log level is now 4 Error (was 2 Info)
Fortio 1.19.0 running at -1 queries per second, 2->2 procs, for 1m0s: http://asg-1-lb-1794825636.us-east-1.elb.amazonaws.com:3000/?n=80000
Aggregated Function Time : count 18233 avg 0.032915692 +/- 0.009446 min 0.004710475 max 0.091270604 sum 600.151814
# target 50% 0.0262552
# target 75% 0.0293875
# target 90% 0.0512504
# target 99% 0.0597396
# target 99.9% 0.0697237
Sockets used: 10 (for perfect keepalive, would be 10)
Jitter: false
Code 200 : 18233 (100.0 %)
All done 18233 calls (plus 10 warmup) 32.916 ms avg, 303.7 qps
Successfully wrote 2800 bytes of Json data to 2022-04-22-100245_asg_taewa_3extra_scaling_3_3.json
fortio exit code: 0
[2022-04-22T10:03:45]==============================[STATS]
jh CPU load avg:
0.03 0.03 0.04 1/161 1194
i-090715cb3dc5a786b
InService
Healthy
{}
[2022-04-22T10:03:45]==============================[SCALING RUN 3: CHUNK 4]==============================
10:03:45 I logger.go:127> Log level is now 4 Error (was 2 Info)
Fortio 1.19.0 running at -1 queries per second, 2->2 procs, for 1m0s: http://asg-1-lb-1794825636.us-east-1.elb.amazonaws.com:3000/?n=80000
Aggregated Function Time : count 18184 avg 0.033002 +/- 0.009546 min 0.004430615 max 0.096631682 sum 600.108371
# target 50% 0.0262035
# target 75% 0.0293076
# target 90% 0.05122
# target 99% 0.0595527
# target 99.9% 0.0797371
Sockets used: 10 (for perfect keepalive, would be 10)
Jitter: false
Code 200 : 18184 (100.0 %)
All done 18184 calls (plus 10 warmup) 33.002 ms avg, 302.9 qps
Successfully wrote 2913 bytes of Json data to 2022-04-22-100346_asg_taewa_3extra_scaling_3_4.json
fortio exit code: 0
[2022-04-22T10:04:46]==============================[STATS]
jh CPU load avg:
0.09 0.05 0.05 1/161 1258
i-090715cb3dc5a786b
InService
Healthy
{}
[2022-04-22T10:04:46]==============================[SCALING RUN 3: CHUNK 5]==============================
10:04:46 I logger.go:127> Log level is now 4 Error (was 2 Info)
Fortio 1.19.0 running at -1 queries per second, 2->2 procs, for 1m0s: http://asg-1-lb-1794825636.us-east-1.elb.amazonaws.com:3000/?n=80000
Aggregated Function Time : count 18208 avg 0.032961311 +/- 0.00961 min 0.004912751 max 0.097966888 sum 600.159542
# target 50% 0.0262017
# target 75% 0.0293204
# target 90% 0.0513447
# target 99% 0.0598135
# target 99.9% 0.0759938
Sockets used: 15 (for perfect keepalive, would be 10)
Jitter: false
Code 200 : 18208 (100.0 %)
All done 18208 calls (plus 10 warmup) 32.961 ms avg, 303.3 qps
Successfully wrote 2913 bytes of Json data to 2022-04-22-100446_asg_taewa_3extra_scaling_3_5.json
fortio exit code: 0
[2022-04-22T10:05:46]==============================[STATS]
jh CPU load avg:
0.03 0.04 0.04 1/160 1337
i-090715cb3dc5a786b
InService
Healthy
{}
i-0b0cbee835d09f2e0
InService
Healthy
{}
[2022-04-22T10:05:47]==============================[SCALING RUN 3: CHUNK 6]==============================
10:05:47 I logger.go:127> Log level is now 4 Error (was 2 Info)
Fortio 1.19.0 running at -1 queries per second, 2->2 procs, for 1m0s: http://asg-1-lb-1794825636.us-east-1.elb.amazonaws.com:3000/?n=80000
Aggregated Function Time : count 18349 avg 0.032706953 +/- 0.009588 min 0.004610949 max 0.106654788 sum 600.13988
# target 50% 0.0261014
# target 75% 0.0291729
# target 90% 0.0516213
# target 99% 0.0597324
# target 99.9% 0.068996
Sockets used: 10 (for perfect keepalive, would be 10)
Jitter: false
Code 200 : 18349 (100.0 %)
All done 18349 calls (plus 10 warmup) 32.707 ms avg, 305.7 qps
Successfully wrote 2801 bytes of Json data to 2022-04-22-100547_asg_taewa_3extra_scaling_3_6.json
fortio exit code: 0
[2022-04-22T10:06:47]==============================[STATS]
jh CPU load avg:
0.01 0.03 0.04 2/159 1412
i-090715cb3dc5a786b
InService
Healthy
{}
i-0b0cbee835d09f2e0
InService
Healthy
{}
[2022-04-22T10:06:48]==============================[SCALING RUN 3: CHUNK 7]==============================
10:06:48 I logger.go:127> Log level is now 4 Error (was 2 Info)
Fortio 1.19.0 running at -1 queries per second, 2->2 procs, for 1m0s: http://asg-1-lb-1794825636.us-east-1.elb.amazonaws.com:3000/?n=80000
Aggregated Function Time : count 53986 avg 0.01111451 +/- 0.005562 min 0.002743956 max 0.03509487 sum 600.027931
# target 50% 0.0102096
# target 75% 0.0161403
# target 90% 0.0196987
# target 99% 0.0289265
# target 99.9% 0.0299658
Sockets used: 10 (for perfect keepalive, would be 10)
Jitter: false
Code 200 : 53986 (100.0 %)
All done 53986 calls (plus 10 warmup) 11.115 ms avg, 899.6 qps
Successfully wrote 2205 bytes of Json data to 2022-04-22-100648_asg_taewa_3extra_scaling_3_7.json
fortio exit code: 0
[2022-04-22T10:07:48]==============================[STATS]
jh CPU load avg:
0.00 0.02 0.03 1/160 1482
i-090715cb3dc5a786b
InService
Healthy
{}
i-0b0cbee835d09f2e0
InService
Healthy
{}
[2022-04-22T10:07:48]==============================[SCALING RUN 3: CHUNK 8]==============================
10:07:48 I logger.go:127> Log level is now 4 Error (was 2 Info)
Fortio 1.19.0 running at -1 queries per second, 2->2 procs, for 1m0s: http://asg-1-lb-1794825636.us-east-1.elb.amazonaws.com:3000/?n=80000
Aggregated Function Time : count 54425 avg 0.011024936 +/- 0.005587 min 0.002713997 max 0.043019243 sum 600.032169
# target 50% 0.0100772
# target 75% 0.016063
# target 90% 0.0196544
# target 99% 0.0289563
# target 99.9% 0.0316523
Sockets used: 10 (for perfect keepalive, would be 10)
Jitter: false
Code 200 : 54425 (100.0 %)
All done 54425 calls (plus 10 warmup) 11.025 ms avg, 906.8 qps
Successfully wrote 2326 bytes of Json data to 2022-04-22-100748_asg_taewa_3extra_scaling_3_8.json
fortio exit code: 0
[2022-04-22T10:08:48]==============================[STATS]
jh CPU load avg:
0.08 0.05 0.04 1/160 1544
i-090715cb3dc5a786b
InService
Healthy
{}
i-0b0cbee835d09f2e0
InService
Healthy
{}
[2022-04-22T10:08:49]==============================[SCALING RUN 3: CHUNK 9]==============================
10:08:49 I logger.go:127> Log level is now 4 Error (was 2 Info)
Fortio 1.19.0 running at -1 queries per second, 2->2 procs, for 1m0s: http://asg-1-lb-1794825636.us-east-1.elb.amazonaws.com:3000/?n=80000
Aggregated Function Time : count 54372 avg 0.011035592 +/- 0.005681 min 0.002766589 max 0.090345222 sum 600.027226
# target 50% 0.0100407
# target 75% 0.0160575
# target 90% 0.0196675
# target 99% 0.0290561
# target 99.9% 0.0364031
Sockets used: 10 (for perfect keepalive, would be 10)
Jitter: false
Code 200 : 54372 (100.0 %)
All done 54372 calls (plus 10 warmup) 11.036 ms avg, 906.0 qps
Successfully wrote 2914 bytes of Json data to 2022-04-22-100849_asg_taewa_3extra_scaling_3_9.json
fortio exit code: 0
[2022-04-22T10:09:49]==============================[STATS]
jh CPU load avg:
0.03 0.03 0.03 1/160 1605
i-090715cb3dc5a786b
InService
Healthy
{}
i-0b0cbee835d09f2e0
InService
Healthy
{}
[2022-04-22T10:09:50]==============================[SCALING RUN 3: CHUNK 10]==============================
10:09:50 I logger.go:127> Log level is now 4 Error (was 2 Info)
Fortio 1.19.0 running at -1 queries per second, 2->2 procs, for 1m0s: http://asg-1-lb-1794825636.us-east-1.elb.amazonaws.com:3000/?n=80000
Aggregated Function Time : count 54063 avg 0.011098631 +/- 0.005562 min 0.002758777 max 0.045826538 sum 600.025269
# target 50% 0.010249
# target 75% 0.016148
# target 90% 0.0196874
# target 99% 0.028933
# target 99.9% 0.0299805
Sockets used: 10 (for perfect keepalive, would be 10)
Jitter: false
Code 200 : 54063 (100.0 %)
All done 54063 calls (plus 10 warmup) 11.099 ms avg, 900.8 qps
Successfully wrote 2327 bytes of Json data to 2022-04-22-100950_asg_taewa_3extra_scaling_3_10.json
fortio exit code: 0
[2022-04-22T10:10:50]==============================[STATS]
jh CPU load avg:
0.04 0.04 0.03 1/162 1659
i-090715cb3dc5a786b
InService
Healthy
{}
i-0b0cbee835d09f2e0
InService
Healthy
{}
[2022-04-22T10:10:51]==============================[SCALING RUN 3: CHUNK 11]==============================
10:10:51 I logger.go:127> Log level is now 4 Error (was 2 Info)
Fortio 1.19.0 running at -1 queries per second, 2->2 procs, for 1m0s: http://asg-1-lb-1794825636.us-east-1.elb.amazonaws.com:3000/?n=80000
Aggregated Function Time : count 54020 avg 0.011107708 +/- 0.005623 min 0.002756455 max 0.066545476 sum 600.038377
# target 50% 0.010156
# target 75% 0.0161091
# target 90% 0.0196809
# target 99% 0.0290227
# target 99.9% 0.0348076
Sockets used: 10 (for perfect keepalive, would be 10)
Jitter: false
Code 200 : 54020 (100.0 %)
All done 54020 calls (plus 10 warmup) 11.108 ms avg, 900.1 qps
Successfully wrote 2561 bytes of Json data to 2022-04-22-101051_asg_taewa_3extra_scaling_3_11.json
fortio exit code: 0
[2022-04-22T10:11:51]==============================[STATS]
jh CPU load avg:
0.01 0.03 0.03 1/162 1706
i-090715cb3dc5a786b
InService
Healthy
{}
i-0a3d6ea6918cd41b0
InService
Healthy
{}
i-0b0cbee835d09f2e0
InService
Healthy
{}
[2022-04-22T10:11:52]==============================[SCALING RUN 3: CHUNK 12]==============================
10:11:52 I logger.go:127> Log level is now 4 Error (was 2 Info)
Fortio 1.19.0 running at -1 queries per second, 2->2 procs, for 1m0s: http://asg-1-lb-1794825636.us-east-1.elb.amazonaws.com:3000/?n=80000
Aggregated Function Time : count 54837 avg 0.010942015 +/- 0.005449 min 0.002704761 max 0.22501026 sum 600.0273
# target 50% 0.0102616
# target 75% 0.0161542
# target 90% 0.0196898
# target 99% 0.0289614
# target 99.9% 0.0309058
Sockets used: 10 (for perfect keepalive, would be 10)
Jitter: false
Code 200 : 54837 (100.0 %)
All done 54837 calls (plus 10 warmup) 10.942 ms avg, 913.7 qps
Successfully wrote 2442 bytes of Json data to 2022-04-22-101152_asg_taewa_3extra_scaling_3_12.json
fortio exit code: 0
[2022-04-22T10:12:52]==============================[STATS]
jh CPU load avg:
0.06 0.04 0.03 1/161 1795
i-090715cb3dc5a786b
InService
Healthy
{}
i-0a3d6ea6918cd41b0
InService
Healthy
{}
i-0b0cbee835d09f2e0
InService
Healthy
{}
[2022-04-22T10:12:53]==============================[SCALING RUN 3: CHUNK 13]==============================
10:12:53 I logger.go:127> Log level is now 4 Error (was 2 Info)
Fortio 1.19.0 running at -1 queries per second, 2->2 procs, for 1m0s: http://asg-1-lb-1794825636.us-east-1.elb.amazonaws.com:3000/?n=80000
Aggregated Function Time : count 70343 avg 0.0085299169 +/- 0.006641 min 0.002721478 max 0.21084418 sum 600.019944
# target 50% 0.00859683
# target 75% 0.014195
# target 90% 0.0190135
# target 99% 0.0289574
# target 99.9% 0.0448662
Sockets used: 10 (for perfect keepalive, would be 10)
Jitter: false
Code 200 : 70343 (100.0 %)
All done 70343 calls (plus 10 warmup) 8.530 ms avg, 1172.1 qps
Successfully wrote 3038 bytes of Json data to 2022-04-22-101253_asg_taewa_3extra_scaling_3_13.json
fortio exit code: 0
[2022-04-22T10:13:53]==============================[STATS]
jh CPU load avg:
0.21 0.08 0.04 1/162 1859
i-090715cb3dc5a786b
InService
Healthy
{}
i-0a3d6ea6918cd41b0
InService
Healthy
{}
i-0b0cbee835d09f2e0
InService
Healthy
{}
[2022-04-22T10:13:53]==============================[SCALING RUN 3: CHUNK 14]==============================
10:13:53 I logger.go:127> Log level is now 4 Error (was 2 Info)
Fortio 1.19.0 running at -1 queries per second, 2->2 procs, for 1m0s: http://asg-1-lb-1794825636.us-east-1.elb.amazonaws.com:3000/?n=80000
Aggregated Function Time : count 71941 avg 0.0083402961 +/- 0.005774 min 0.00266788 max 0.059514273 sum 600.009243
# target 50% 0.00758799
# target 75% 0.0102574
# target 90% 0.0181555
# target 99% 0.0286364
# target 99.9% 0.0332941
Sockets used: 10 (for perfect keepalive, would be 10)
Jitter: false
Code 200 : 71941 (100.0 %)
All done 71941 calls (plus 10 warmup) 8.340 ms avg, 1198.8 qps
Successfully wrote 2445 bytes of Json data to 2022-04-22-101353_asg_taewa_3extra_scaling_3_14.json
fortio exit code: 0
[2022-04-22T10:14:54]==============================[STATS]
jh CPU load avg:
0.08 0.06 0.03 1/162 1908
i-090715cb3dc5a786b
InService
Healthy
{}
i-0a3d6ea6918cd41b0
InService
Healthy
{}
i-0b0cbee835d09f2e0
InService
Healthy
{}
[2022-04-22T10:18:55]==============================[GET DATA]==============================
2022-04-22T08:39:22..2022-04-22T10:18:55
asg-1-myASG
asg-1-lb
32K alb_data.json
24K asg_data.json
[2022-04-22T10:18:56]==============================[UPLOAD /2022.04.22_08-38_asg_taewa_3extra_41cf]==============================
Warning: Permanently added '34.125.40.213' (ECDSA) to the list of known hosts.
