+ git log -3
commit 7945b8227d8ba038fc3077642d3fb2aee6517aa0
Author: Your Name <you@example.com>
Date:   Wed Jun 1 18:50:58 2022 +1200

    consistent naming

commit 803b63352b968694a3ce9314c8a255f7e35dadd6
Author: Your Name <you@example.com>
Date:   Wed Jun 1 01:34:58 2022 +1200

    add CPU decimals

commit 82c9094cf7ee967b6b89cc1bbab7b484cca1a4e9
Author: Your Name <you@example.com>
Date:   Tue May 31 09:41:10 2022 +1200

    more tests, backup old csv
++ cut -d _ -f 2
+ app=raupi
+ export AWS_DEFAULT_REGION=us-east-1
+ AWS_DEFAULT_REGION=us-east-1
+ line===============================
++ date +%FT%T
+ echo '[2022-06-03T21:07:31]==============================[starting' in '/tmp/k8s-vs-ASG/data/cli]=============================='
[2022-06-03T21:07:31]==============================[starting in /tmp/k8s-vs-ASG/data/cli]==============================
+ source 0.setup.sh
++ set -x
++ '[' asg_raupi_3_70 == k8s_apache_3 ']'
++ '[' asg_raupi_3_70 == asg_apache_3 ']'
++ '[' asg_raupi_3_70 == k8s_apache2_3 ']'
++ '[' asg_raupi_3_70 == k8s_apache2_3new ']'
++ '[' asg_raupi_3_70 == k8s_taewa_3 ']'
++ '[' asg_raupi_3_70 == k8s_taewa2_3 ']'
++ '[' asg_raupi_3_70 == asg_taewa_3 ']'
++ '[' asg_raupi_3_70 == k8s_taewa_3lite ']'
++ '[' asg_raupi_3_70 == asg_taewa_3lite ']'
++ '[' asg_raupi_3_70 == k8s_taewa_3extra ']'
++ '[' asg_raupi_3_70 == asg_taewa_3extra ']'
++ '[' asg_raupi_3_70 == k8s_taewa_6 ']'
++ '[' asg_raupi_3_70 == asg_taewa_6 ']'
++ '[' asg_raupi_3_70 == k8s_riwai_3 ']'
++ '[' asg_raupi_3_70 == asg_riwai_3 ']'
++ '[' asg_raupi_3_70 == asg_raupi_3 ']'
++ '[' asg_raupi_3_70 == asg_raupi_3_70 ']'
++ warmup_url='3000/?n=200'
++ testing_url='3000/?n=200'
++ cpu_perc=70
++ warmup_min_threads=15
++ warmup_max_threads=25
++ warmup_cycle_sec=90
++ scaling_minutes=14
++ performance_sec=300
++ max_capacity=3
++ fortio_options='-a -qps -1 -r 0.01 -loglevel Error -allow-initial-errors'
++ '[' asg_raupi_3_70 == k8s_raupi_3 ']'
++ '[' asg_raupi_3_70 == k8s_raupi2_3 ']'
++ set +x
{
    "Account": "186104823600", 
    "UserId": "AIDASWVFWH4YBP7S45QAK", 
    "Arn": "arn:aws:iam::186104823600:user/ad1"
}
[2022-06-03T21:07:39] waiting for instances ...
scaling to 3
{
    "HealthCheck": {
        "HealthyThreshold": 2, 
        "Interval": 10, 
        "Target": "HTTP:3000/?n=200", 
        "Timeout": 5, 
        "UnhealthyThreshold": 6
    }
}
  % Total    % Received % Xferd  Average Speed   Time    Time     Time  Current
                                 Dload  Upload   Total   Spent    Left  Speed
  0     0    0     0    0     0      0      0 --:--:-- --:--:-- --:--:--     0100    44  100    44    0     0   3979      0 --:--:-- --:--:-- --:--:--  4400
The result of flsk run is : 50.2021861089261
[2022-06-03T21:12:43]==============================[STATS]
jh CPU load avg:
0.04 0.31 0.22 1/155 2881
i-0853e4fc75862e775
InService
Healthy
{}
i-0b02e3d100ed69c5b
InService
Healthy
{}
i-0b7060048aa90849f
InService
Healthy
{}
[2022-06-03T21:12:44]==============================[WARMUP RUN c15]==============================
21:12:44 I logger.go:127> Log level is now 4 Error (was 2 Info)
Fortio 1.19.0 running at -1 queries per second, 2->2 procs, for 1m30s: http://asg-1-lb-597650187.us-east-1.elb.amazonaws.com:3000/?n=200
Aggregated Function Time : count 201214 avg 0.0067091735 +/- 0.005286 min 0.001317672 max 0.215674441 sum 1349.97963
# target 50% 0.00628316
# target 75% 0.00876593
# target 90% 0.0123442
# target 99% 0.0270988
# target 99.9% 0.0652406
Sockets used: 15 (for perfect keepalive, would be 15)
Jitter: false
Code 200 : 201214 (100.0 %)
All done 201214 calls (plus 15 warmup) 6.709 ms avg, 2235.5 qps
Successfully wrote 3627 bytes of Json data to 2022-06-03-211244_asg_raupi_3_70_warmup_15.json
fortio exit code: 0
[2022-06-03T21:14:14]==============================[STATS]
jh CPU load avg:
0.08 0.25 0.21 1/156 2899
i-0853e4fc75862e775
InService
Healthy
{}
i-0b02e3d100ed69c5b
InService
Healthy
{}
i-0b7060048aa90849f
InService
Healthy
{}
[2022-06-03T21:15:14]==============================[STATS]
jh CPU load avg:
0.03 0.20 0.19 1/156 2908
i-0853e4fc75862e775
InService
Healthy
{}
i-0b02e3d100ed69c5b
InService
Healthy
{}
i-0b7060048aa90849f
InService
Healthy
{}
[2022-06-03T21:15:15]==============================[WARMUP RUN c16]==============================
21:15:15 I logger.go:127> Log level is now 4 Error (was 2 Info)
Fortio 1.19.0 running at -1 queries per second, 2->2 procs, for 1m30s: http://asg-1-lb-597650187.us-east-1.elb.amazonaws.com:3000/?n=200
Aggregated Function Time : count 154374 avg 0.0093282478 +/- 0.01382 min 0.00129552 max 0.367124547 sum 1440.03892
# target 50% 0.00680585
# target 75% 0.00956106
# target 90% 0.0188195
# target 99% 0.0706634
# target 99.9% 0.144052
Sockets used: 16 (for perfect keepalive, would be 16)
Jitter: false
Code 200 : 154374 (100.0 %)
All done 154374 calls (plus 16 warmup) 9.328 ms avg, 1714.6 qps
Successfully wrote 4142 bytes of Json data to 2022-06-03-211515_asg_raupi_3_70_warmup_16.json
fortio exit code: 0
[2022-06-03T21:16:45]==============================[STATS]
jh CPU load avg:
0.03 0.16 0.17 1/156 2926
i-0853e4fc75862e775
InService
Healthy
{}
i-0b02e3d100ed69c5b
InService
Healthy
{}
i-0b7060048aa90849f
InService
Healthy
{}
[2022-06-03T21:17:46]==============================[STATS]
jh CPU load avg:
0.04 0.14 0.17 1/156 2935
i-0853e4fc75862e775
InService
Healthy
{}
i-0b02e3d100ed69c5b
InService
Healthy
{}
i-0b7060048aa90849f
InService
Healthy
{}
[2022-06-03T21:17:47]==============================[WARMUP RUN c17]==============================
21:17:47 I logger.go:127> Log level is now 4 Error (was 2 Info)
Fortio 1.19.0 running at -1 queries per second, 2->2 procs, for 1m30s: http://asg-1-lb-597650187.us-east-1.elb.amazonaws.com:3000/?n=200
Aggregated Function Time : count 151389 avg 0.010117229 +/- 0.01618 min 0.001269454 max 0.421439457 sum 1531.63716
# target 50% 0.0068965
# target 75% 0.00971006
# target 90% 0.0197235
# target 99% 0.0814173
# target 99.9% 0.173659
Sockets used: 17 (for perfect keepalive, would be 17)
Jitter: false
Code 200 : 151389 (100.0 %)
All done 151389 calls (plus 17 warmup) 10.117 ms avg, 1679.0 qps
Successfully wrote 4125 bytes of Json data to 2022-06-03-211747_asg_raupi_3_70_warmup_17.json
fortio exit code: 0
[2022-06-03T21:19:17]==============================[STATS]
jh CPU load avg:
0.09 0.15 0.17 1/156 2954
i-0853e4fc75862e775
InService
Healthy
{}
i-0b02e3d100ed69c5b
InService
Healthy
{}
i-0b7060048aa90849f
InService
Healthy
{}
[2022-06-03T21:20:17]==============================[STATS]
jh CPU load avg:
0.03 0.12 0.16 1/158 2972
i-0853e4fc75862e775
InService
Healthy
{}
i-0b02e3d100ed69c5b
InService
Healthy
{}
i-0b7060048aa90849f
InService
Healthy
{}
[2022-06-03T21:20:18]==============================[WARMUP RUN c18]==============================
21:20:18 I logger.go:127> Log level is now 4 Error (was 2 Info)
Fortio 1.19.0 running at -1 queries per second, 2->2 procs, for 1m30s: http://asg-1-lb-597650187.us-east-1.elb.amazonaws.com:3000/?n=200
Aggregated Function Time : count 216632 avg 0.0074788279 +/- 0.01095 min 0.001283699 max 0.427709821 sum 1620.15344
# target 50% 0.00636634
# target 75% 0.00890769
# target 90% 0.0144579
# target 99% 0.0524991
# target 99.9% 0.127549
Sockets used: 18 (for perfect keepalive, would be 18)
Jitter: false
Code 200 : 216632 (100.0 %)
All done 216632 calls (plus 18 warmup) 7.479 ms avg, 2404.0 qps
Successfully wrote 4127 bytes of Json data to 2022-06-03-212018_asg_raupi_3_70_warmup_18.json
fortio exit code: 0
[2022-06-03T21:21:48]==============================[STATS]
jh CPU load avg:
0.08 0.13 0.16 1/158 2990
i-0853e4fc75862e775
InService
Healthy
{}
i-0b02e3d100ed69c5b
InService
Healthy
{}
i-0b7060048aa90849f
InService
Healthy
{}
[2022-06-03T21:22:49]==============================[STATS]
jh CPU load avg:
0.03 0.10 0.15 1/159 3000
i-0853e4fc75862e775
InService
Healthy
{}
i-0b02e3d100ed69c5b
InService
Healthy
{}
i-0b7060048aa90849f
InService
Healthy
{}
[2022-06-03T21:22:50]==============================[WARMUP RUN c19]==============================
21:22:50 I logger.go:127> Log level is now 4 Error (was 2 Info)
Fortio 1.19.0 running at -1 queries per second, 2->2 procs, for 1m30s: http://asg-1-lb-597650187.us-east-1.elb.amazonaws.com:3000/?n=200
Aggregated Function Time : count 279977 avg 0.0061074872 +/- 0.008238 min 0.00124216 max 0.282600815 sum 1709.95595
# target 50% 0.00607219
# target 75% 0.00848723
# target 90% 0.00993625
# target 99% 0.0325182
# target 99.9% 0.11427
Sockets used: 19 (for perfect keepalive, would be 19)
Jitter: false
Code 200 : 279977 (100.0 %)
All done 279977 calls (plus 19 warmup) 6.107 ms avg, 3110.6 qps
Successfully wrote 3872 bytes of Json data to 2022-06-03-212250_asg_raupi_3_70_warmup_19.json
fortio exit code: 0
[2022-06-03T21:24:20]==============================[STATS]
jh CPU load avg:
0.35 0.16 0.16 1/159 3019
i-0853e4fc75862e775
InService
Healthy
{}
i-0b02e3d100ed69c5b
InService
Healthy
{}
i-0b7060048aa90849f
InService
Healthy
{}
[2022-06-03T21:25:21]==============================[STATS]
jh CPU load avg:
0.13 0.13 0.15 1/157 3028
i-0853e4fc75862e775
InService
Healthy
{}
i-0b02e3d100ed69c5b
InService
Healthy
{}
i-0b7060048aa90849f
InService
Healthy
{}
[2022-06-03T21:25:21]==============================[WARMUP RUN c20]==============================
21:25:21 I logger.go:127> Log level is now 4 Error (was 2 Info)
Fortio 1.19.0 running at -1 queries per second, 2->2 procs, for 1m30s: http://asg-1-lb-597650187.us-east-1.elb.amazonaws.com:3000/?n=200
Aggregated Function Time : count 265523 avg 0.0067795071 +/- 0.0129 min 0.001284927 max 0.926731319 sum 1800.11507
# target 50% 0.00620328
# target 75% 0.00866247
# target 90% 0.0116262
# target 99% 0.0384847
# target 99.9% 0.164993
Sockets used: 20 (for perfect keepalive, would be 20)
Jitter: false
Code 200 : 265523 (100.0 %)
All done 265523 calls (plus 20 warmup) 6.780 ms avg, 2949.6 qps
Successfully wrote 4871 bytes of Json data to 2022-06-03-212521_asg_raupi_3_70_warmup_20.json
fortio exit code: 0
[2022-06-03T21:26:51]==============================[STATS]
jh CPU load avg:
0.20 0.15 0.15 1/157 3046
i-0853e4fc75862e775
InService
Healthy
{}
i-0b02e3d100ed69c5b
InService
Healthy
{}
i-0b7060048aa90849f
InService
Healthy
{}
[2022-06-03T21:27:52]==============================[STATS]
jh CPU load avg:
0.07 0.12 0.14 1/157 3055
i-0853e4fc75862e775
InService
Healthy
{}
i-0b02e3d100ed69c5b
InService
Healthy
{}
i-0b7060048aa90849f
InService
Healthy
{}
[2022-06-03T21:27:53]==============================[WARMUP RUN c21]==============================
21:27:53 I logger.go:127> Log level is now 4 Error (was 2 Info)
Fortio 1.19.0 running at -1 queries per second, 2->2 procs, for 1m30s: http://asg-1-lb-597650187.us-east-1.elb.amazonaws.com:3000/?n=200
Aggregated Function Time : count 268397 avg 0.0070417528 +/- 0.01634 min 0.00130347 max 1.012732264 sum 1889.98534
# target 50% 0.00627481
# target 75% 0.0087605
# target 90% 0.0125469
# target 99% 0.0374149
# target 99.9% 0.229695
Sockets used: 21 (for perfect keepalive, would be 21)
Jitter: false
Code 200 : 268397 (100.0 %)
All done 268397 calls (plus 21 warmup) 7.042 ms avg, 2981.8 qps
Successfully wrote 4976 bytes of Json data to 2022-06-03-212753_asg_raupi_3_70_warmup_21.json
fortio exit code: 0
[2022-06-03T21:29:23]==============================[STATS]
jh CPU load avg:
0.30 0.16 0.15 1/157 3074
i-0853e4fc75862e775
InService
Healthy
{}
i-0b02e3d100ed69c5b
InService
Healthy
{}
i-0b7060048aa90849f
InService
Healthy
{}
[2022-06-03T21:30:23]==============================[STATS]
jh CPU load avg:
0.11 0.13 0.14 1/159 3090
i-0853e4fc75862e775
InService
Healthy
{}
i-0b02e3d100ed69c5b
InService
Healthy
{}
i-0b7060048aa90849f
InService
Healthy
{}
[2022-06-03T21:30:24]==============================[WARMUP RUN c22]==============================
21:30:24 I logger.go:127> Log level is now 4 Error (was 2 Info)
Fortio 1.19.0 running at -1 queries per second, 2->2 procs, for 1m30s: http://asg-1-lb-597650187.us-east-1.elb.amazonaws.com:3000/?n=200
Aggregated Function Time : count 274052 avg 0.0072247468 +/- 0.02374 min 0.001305545 max 1.4163883130000001 sum 1979.95631
# target 50% 0.00632479
# target 75% 0.00883443
# target 90% 0.013199
# target 99% 0.0378407
# target 99.9% 0.263981
Sockets used: 22 (for perfect keepalive, would be 22)
Jitter: false
Code 200 : 274052 (100.0 %)
All done 274052 calls (plus 22 warmup) 7.225 ms avg, 3044.7 qps
Successfully wrote 5377 bytes of Json data to 2022-06-03-213024_asg_raupi_3_70_warmup_22.json
fortio exit code: 0
[2022-06-03T21:31:54]==============================[STATS]
jh CPU load avg:
0.50 0.24 0.18 1/160 3110
i-0853e4fc75862e775
InService
Healthy
{}
i-0b02e3d100ed69c5b
InService
Healthy
{}
i-0b7060048aa90849f
InService
Healthy
{}
[2022-06-03T21:32:55]==============================[STATS]
jh CPU load avg:
0.18 0.20 0.17 1/159 3172
i-0853e4fc75862e775
InService
Healthy
{}
i-0b02e3d100ed69c5b
InService
Healthy
{}
i-0b7060048aa90849f
InService
Healthy
{}
[2022-06-03T21:32:56]==============================[WARMUP RUN c23]==============================
21:32:56 I logger.go:127> Log level is now 4 Error (was 2 Info)
Fortio 1.19.0 running at -1 queries per second, 2->2 procs, for 1m30s: http://asg-1-lb-597650187.us-east-1.elb.amazonaws.com:3000/?n=200
Aggregated Function Time : count 262867 avg 0.0078776412 +/- 0.02781 min 0.00133175 max 1.650078344 sum 2070.77191
# target 50% 0.00641668
# target 75% 0.00895917
# target 90% 0.0139554
# target 99% 0.0378019
# target 99.9% 0.419738
Sockets used: 23 (for perfect keepalive, would be 23)
Jitter: false
Code 200 : 262867 (100.0 %)
All done 262867 calls (plus 23 warmup) 7.878 ms avg, 2918.1 qps
Successfully wrote 5362 bytes of Json data to 2022-06-03-213256_asg_raupi_3_70_warmup_23.json
fortio exit code: 0
[2022-06-03T21:34:26]==============================[STATS]
jh CPU load avg:
0.28 0.20 0.18 1/159 3191
i-0853e4fc75862e775
InService
Healthy
{}
i-0b02e3d100ed69c5b
InService
Healthy
{}
i-0b7060048aa90849f
InService
Healthy
{}
[2022-06-03T21:35:26]==============================[STATS]
jh CPU load avg:
0.10 0.16 0.16 1/157 3200
i-0853e4fc75862e775
InService
Healthy
{}
i-0b02e3d100ed69c5b
InService
Healthy
{}
i-0b7060048aa90849f
InService
Healthy
{}
[2022-06-03T21:35:27]==============================[WARMUP RUN c24]==============================
21:35:27 I logger.go:127> Log level is now 4 Error (was 2 Info)
Fortio 1.19.0 running at -1 queries per second, 2->2 procs, for 1m30s: http://asg-1-lb-597650187.us-east-1.elb.amazonaws.com:3000/?n=200
Aggregated Function Time : count 257088 avg 0.0084771478 +/- 0.04543 min 0.001271431 max 3.8890478330000002 sum 2179.37298
# target 50% 0.00649782
# target 75% 0.00911104
# target 90% 0.0148011
# target 99% 0.0414474
# target 99.9% 0.502854
Sockets used: 36 (for perfect keepalive, would be 24)
Jitter: false
Code 200 : 257088 (100.0 %)
All done 257088 calls (plus 24 warmup) 8.477 ms avg, 2805.8 qps
Successfully wrote 5837 bytes of Json data to 2022-06-03-213527_asg_raupi_3_70_warmup_24.json
fortio exit code: 0
[2022-06-03T21:36:59]==============================[STATS]
jh CPU load avg:
0.14 0.16 0.16 1/157 3218
i-0853e4fc75862e775
InService
Healthy
{}
i-0b02e3d100ed69c5b
InService
Healthy
{}
i-0b7060048aa90849f
InService
Healthy
{}
[2022-06-03T21:38:00]==============================[STATS]
jh CPU load avg:
0.05 0.13 0.15 1/157 3227
i-0853e4fc75862e775
InService
Healthy
{}
i-0b02e3d100ed69c5b
InService
Healthy
{}
i-0b7060048aa90849f
InService
Healthy
{}
[2022-06-03T21:38:01]==============================[WARMUP RUN c25]==============================
21:38:01 I logger.go:127> Log level is now 4 Error (was 2 Info)
Fortio 1.19.0 running at -1 queries per second, 2->2 procs, for 1m30s: http://asg-1-lb-597650187.us-east-1.elb.amazonaws.com:3000/?n=200
Aggregated Function Time : count 243228 avg 0.0092506492 +/- 0.03217 min 0.001331679 max 1.7633716769999999 sum 2250.01689
# target 50% 0.00685923
# target 75% 0.00962302
# target 90% 0.0165507
# target 99% 0.0435068
# target 99.9% 0.506197
Sockets used: 25 (for perfect keepalive, would be 25)
Jitter: false
Code 200 : 243228 (100.0 %)
All done 243228 calls (plus 25 warmup) 9.251 ms avg, 2702.0 qps
Successfully wrote 5501 bytes of Json data to 2022-06-03-213801_asg_raupi_3_70_warmup_25.json
fortio exit code: 0
[2022-06-03T21:39:31]==============================[STATS]
jh CPU load avg:
0.11 0.12 0.14 1/157 3245
i-0853e4fc75862e775
InService
Healthy
{}
i-0b02e3d100ed69c5b
InService
Healthy
{}
i-0b7060048aa90849f
InService
Healthy
{}
{
    "LoadBalancerDescriptions": [
        {
            "Subnets": [
                "subnet-0861c2d18e91448fc", 
                "subnet-0f0a4da1e3b7cdd48"
            ], 
            "CanonicalHostedZoneNameID": "Z35SXDOTRQ7X7K", 
            "CanonicalHostedZoneName": "asg-1-lb-597650187.us-east-1.elb.amazonaws.com", 
            "ListenerDescriptions": [
                {
                    "Listener": {
                        "InstancePort": 3000, 
                        "LoadBalancerPort": 3000, 
                        "Protocol": "TCP", 
                        "InstanceProtocol": "TCP"
                    }, 
                    "PolicyNames": []
                }, 
                {
                    "Listener": {
                        "InstancePort": 80, 
                        "LoadBalancerPort": 80, 
                        "Protocol": "TCP", 
                        "InstanceProtocol": "TCP"
                    }, 
                    "PolicyNames": []
                }
            ], 
            "HealthCheck": {
                "HealthyThreshold": 2, 
                "Interval": 10, 
                "Target": "HTTP:3000/?n=200", 
                "Timeout": 5, 
                "UnhealthyThreshold": 6
            }, 
            "VPCId": "vpc-05675543bba9b3f4b", 
            "BackendServerDescriptions": [], 
            "Instances": [
                {
                    "InstanceId": "i-0853e4fc75862e775"
                }, 
                {
                    "InstanceId": "i-0b02e3d100ed69c5b"
                }, 
                {
                    "InstanceId": "i-0b7060048aa90849f"
                }
            ], 
            "DNSName": "asg-1-lb-597650187.us-east-1.elb.amazonaws.com", 
            "SecurityGroups": [
                "sg-03f3e2e38ddcb527a"
            ], 
            "Policies": {
                "LBCookieStickinessPolicies": [], 
                "AppCookieStickinessPolicies": [], 
                "OtherPolicies": []
            }, 
            "LoadBalancerName": "asg-1-lb", 
            "CreatedTime": "2022-06-03T21:02:36.670Z", 
            "AvailabilityZones": [
                "us-east-1b", 
                "us-east-1a"
            ], 
            "Scheme": "internet-facing", 
            "SourceSecurityGroup": {
                "OwnerAlias": "186104823600", 
                "GroupName": "asg-1-ALBSecurityGroup-10KQL42NXUGJ9"
            }
        }
    ]
}
{
    "AutoScalingGroups": [
        {
            "AutoScalingGroupARN": "arn:aws:autoscaling:us-east-1:186104823600:autoScalingGroup:19c6c69e-86b0-463e-aec7-b2665fe2ab6c:autoScalingGroupName/asg-1-myASG", 
            "ServiceLinkedRoleARN": "arn:aws:iam::186104823600:role/aws-service-role/autoscaling.amazonaws.com/AWSServiceRoleForAutoScaling", 
            "TargetGroupARNs": [], 
            "SuspendedProcesses": [], 
            "LaunchTemplate": {
                "LaunchTemplateName": "asg-1-launch-template", 
                "Version": "1", 
                "LaunchTemplateId": "lt-046caf80daec29134"
            }, 
            "Tags": [
                {
                    "ResourceType": "auto-scaling-group", 
                    "ResourceId": "asg-1-myASG", 
                    "PropagateAtLaunch": true, 
                    "Value": "asg-1-instance", 
                    "Key": "Name"
                }, 
                {
                    "ResourceType": "auto-scaling-group", 
                    "ResourceId": "asg-1-myASG", 
                    "PropagateAtLaunch": false, 
                    "Value": "WebServerGroup", 
                    "Key": "Purpose"
                }, 
                {
                    "ResourceType": "auto-scaling-group", 
                    "ResourceId": "asg-1-myASG", 
                    "PropagateAtLaunch": true, 
                    "Value": "myASG", 
                    "Key": "aws:cloudformation:logical-id"
                }, 
                {
                    "ResourceType": "auto-scaling-group", 
                    "ResourceId": "asg-1-myASG", 
                    "PropagateAtLaunch": true, 
                    "Value": "arn:aws:cloudformation:us-east-1:186104823600:stack/asg-1/75254aa0-e380-11ec-9be9-0ee7d75f45bb", 
                    "Key": "aws:cloudformation:stack-id"
                }, 
                {
                    "ResourceType": "auto-scaling-group", 
                    "ResourceId": "asg-1-myASG", 
                    "PropagateAtLaunch": true, 
                    "Value": "asg-1", 
                    "Key": "aws:cloudformation:stack-name"
                }
            ], 
            "EnabledMetrics": [
                {
                    "Metric": "GroupPendingCapacity", 
                    "Granularity": "1Minute"
                }, 
                {
                    "Metric": "GroupStandbyCapacity", 
                    "Granularity": "1Minute"
                }, 
                {
                    "Metric": "GroupMaxSize", 
                    "Granularity": "1Minute"
                }, 
                {
                    "Metric": "GroupTerminatingCapacity", 
                    "Granularity": "1Minute"
                }, 
                {
                    "Metric": "GroupInServiceCapacity", 
                    "Granularity": "1Minute"
                }, 
                {
                    "Metric": "GroupMinSize", 
                    "Granularity": "1Minute"
                }, 
                {
                    "Metric": "GroupTotalInstances", 
                    "Granularity": "1Minute"
                }, 
                {
                    "Metric": "WarmPoolTerminatingCapacity", 
                    "Granularity": "1Minute"
                }, 
                {
                    "Metric": "WarmPoolDesiredCapacity", 
                    "Granularity": "1Minute"
                }, 
                {
                    "Metric": "GroupAndWarmPoolDesiredCapacity", 
                    "Granularity": "1Minute"
                }, 
                {
                    "Metric": "GroupTotalCapacity", 
                    "Granularity": "1Minute"
                }, 
                {
                    "Metric": "GroupTerminatingInstances", 
                    "Granularity": "1Minute"
                }, 
                {
                    "Metric": "GroupDesiredCapacity", 
                    "Granularity": "1Minute"
                }, 
                {
                    "Metric": "GroupAndWarmPoolTotalCapacity", 
                    "Granularity": "1Minute"
                }, 
                {
                    "Metric": "WarmPoolTotalCapacity", 
                    "Granularity": "1Minute"
                }, 
                {
                    "Metric": "WarmPoolMinSize", 
                    "Granularity": "1Minute"
                }, 
                {
                    "Metric": "GroupStandbyInstances", 
                    "Granularity": "1Minute"
                }, 
                {
                    "Metric": "GroupInServiceInstances", 
                    "Granularity": "1Minute"
                }, 
                {
                    "Metric": "WarmPoolWarmedCapacity", 
                    "Granularity": "1Minute"
                }, 
                {
                    "Metric": "GroupPendingInstances", 
                    "Granularity": "1Minute"
                }, 
                {
                    "Metric": "WarmPoolPendingCapacity", 
                    "Granularity": "1Minute"
                }
            ], 
            "TerminationPolicies": [
                "Default"
            ], 
            "AutoScalingGroupName": "asg-1-myASG", 
            "DefaultCooldown": 300, 
            "MinSize": 1, 
            "Instances": [
                {
                    "ProtectedFromScaleIn": false, 
                    "AvailabilityZone": "us-east-1b", 
                    "LaunchTemplate": {
                        "LaunchTemplateName": "asg-1-launch-template", 
                        "Version": "1", 
                        "LaunchTemplateId": "lt-046caf80daec29134"
                    }, 
                    "InstanceId": "i-0853e4fc75862e775", 
                    "HealthStatus": "Healthy", 
                    "LifecycleState": "InService", 
                    "InstanceType": "t3.medium"
                }, 
                {
                    "ProtectedFromScaleIn": false, 
                    "AvailabilityZone": "us-east-1a", 
                    "LaunchTemplate": {
                        "LaunchTemplateName": "asg-1-launch-template", 
                        "Version": "1", 
                        "LaunchTemplateId": "lt-046caf80daec29134"
                    }, 
                    "InstanceId": "i-0b02e3d100ed69c5b", 
                    "HealthStatus": "Healthy", 
                    "LifecycleState": "InService", 
                    "InstanceType": "t3.medium"
                }, 
                {
                    "ProtectedFromScaleIn": false, 
                    "AvailabilityZone": "us-east-1a", 
                    "LaunchTemplate": {
                        "LaunchTemplateName": "asg-1-launch-template", 
                        "Version": "1", 
                        "LaunchTemplateId": "lt-046caf80daec29134"
                    }, 
                    "InstanceId": "i-0b7060048aa90849f", 
                    "HealthStatus": "Healthy", 
                    "LifecycleState": "InService", 
                    "InstanceType": "t3.medium"
                }
            ], 
            "MaxSize": 3, 
            "VPCZoneIdentifier": "subnet-0861c2d18e91448fc,subnet-0f0a4da1e3b7cdd48", 
            "HealthCheckGracePeriod": 300, 
            "LoadBalancerNames": [
                "asg-1-lb"
            ], 
            "CreatedTime": "2022-06-03T21:05:08.122Z", 
            "AvailabilityZones": [
                "us-east-1a", 
                "us-east-1b"
            ], 
            "HealthCheckType": "EC2", 
            "NewInstancesProtectedFromScaleIn": false, 
            "DesiredCapacity": 3
        }
    ]
}
[2022-06-03T21:40:34]==============================[PERFORMANCE CHUNK RUN 26]==============================
[2022-06-03T21:41:34]==============================[STATS]
jh CPU load avg:
0.04 0.09 0.13 1/157 3274
i-0853e4fc75862e775
InService
Healthy
{}
i-0b02e3d100ed69c5b
InService
Healthy
{}
i-0b7060048aa90849f
InService
Healthy
{}
21:41:34 I logger.go:127> Log level is now 4 Error (was 2 Info)
Fortio 1.19.0 running at -1 queries per second, 2->2 procs, for 1m0s: http://asg-1-lb-597650187.us-east-1.elb.amazonaws.com:3000/?n=200
Aggregated Function Time : count 165423 avg 0.0090681773 +/- 0.04677 min 0.00129681 max 2.949291086 sum 1500.0851
# target 50% 0.00673954
# target 75% 0.00946094
# target 90% 0.0160484
# target 99% 0.0450192
# target 99.9% 0.602137
Sockets used: 25 (for perfect keepalive, would be 25)
Jitter: false
Code 200 : 165423 (100.0 %)
All done 165423 calls (plus 25 warmup) 9.068 ms avg, 2756.5 qps
Successfully wrote 5590 bytes of Json data to 2022-06-03-214135_asg_raupi_3_70_performance_chunk_26_1.json
fortio exit code: 0
[2022-06-03T21:42:35]==============================[STATS]
jh CPU load avg:
0.11 0.10 0.13 1/157 3290
i-0853e4fc75862e775
InService
Healthy
{}
i-0b02e3d100ed69c5b
InService
Healthy
{}
i-0b7060048aa90849f
InService
Healthy
{}
21:42:35 I logger.go:127> Log level is now 4 Error (was 2 Info)
Fortio 1.19.0 running at -1 queries per second, 2->2 procs, for 1m0s: http://asg-1-lb-597650187.us-east-1.elb.amazonaws.com:3000/?n=200
Aggregated Function Time : count 165922 avg 0.0090428452 +/- 0.05544 min 0.001357013 max 3.401361939 sum 1500.40696
# target 50% 0.00666919
# target 75% 0.00932532
# target 90% 0.015459
# target 99% 0.0433631
# target 99.9% 0.611838
Sockets used: 38 (for perfect keepalive, would be 25)
Jitter: false
Code 200 : 165922 (100.0 %)
All done 165922 calls (plus 25 warmup) 9.043 ms avg, 2763.6 qps
Successfully wrote 5716 bytes of Json data to 2022-06-03-214235_asg_raupi_3_70_performance_chunk_26_2.json
fortio exit code: 0
[2022-06-03T21:43:35]==============================[STATS]
jh CPU load avg:
0.16 0.12 0.13 1/157 3305
i-0853e4fc75862e775
InService
Healthy
{}
i-0b02e3d100ed69c5b
InService
Healthy
{}
i-0b7060048aa90849f
InService
Healthy
{}
21:43:36 I logger.go:127> Log level is now 4 Error (was 2 Info)
Fortio 1.19.0 running at -1 queries per second, 2->2 procs, for 1m0s: http://asg-1-lb-597650187.us-east-1.elb.amazonaws.com:3000/?n=200
Aggregated Function Time : count 166450 avg 0.0090125641 +/- 0.04131 min 0.001332471 max 2.5216360460000002 sum 1500.1413
# target 50% 0.00667008
# target 75% 0.00933892
# target 90% 0.015624
# target 99% 0.0457006
# target 99.9% 0.680283
Sockets used: 25 (for perfect keepalive, would be 25)
Jitter: false
Code 200 : 166450 (100.0 %)
All done 166450 calls (plus 25 warmup) 9.013 ms avg, 2772.0 qps
Successfully wrote 5505 bytes of Json data to 2022-06-03-214336_asg_raupi_3_70_performance_chunk_26_3.json
fortio exit code: 0
[2022-06-03T21:44:36]==============================[STATS]
jh CPU load avg:
0.18 0.14 0.14 1/156 3322
i-0853e4fc75862e775
InService
Healthy
{}
i-0b02e3d100ed69c5b
InService
Healthy
{}
i-0b7060048aa90849f
InService
Healthy
{}
21:44:37 I logger.go:127> Log level is now 4 Error (was 2 Info)
Fortio 1.19.0 running at -1 queries per second, 2->2 procs, for 1m0s: http://asg-1-lb-597650187.us-east-1.elb.amazonaws.com:3000/?n=200
21:45:25 E http_client.go:787> Read error &{{0xc0000ff580}} 34.234.194.190:3000 134 : read tcp 172.31.3.5:43762->34.234.194.190:3000: i/o timeout
Aggregated Function Time : count 164694 avg 0.0091079932 +/- 0.05072 min 0.001266253 max 3.287461708 sum 1500.03183
# target 50% 0.00662606
# target 75% 0.00930599
# target 90% 0.0154996
# target 99% 0.0455175
# target 99.9% 0.588775
Sockets used: 38 (for perfect keepalive, would be 25)
Jitter: false
Code  -1 : 1 (0.0 %)
Code 200 : 164693 (100.0 %)
All done 164694 calls (plus 25 warmup) 9.108 ms avg, 2744.5 qps
Successfully wrote 5716 bytes of Json data to 2022-06-03-214437_asg_raupi_3_70_performance_chunk_26_4.json
fortio exit code: 0
[2022-06-03T21:45:37]==============================[STATS]
jh CPU load avg:
0.10 0.13 0.13 1/157 3339
i-0853e4fc75862e775
InService
Healthy
{}
i-0b02e3d100ed69c5b
InService
Healthy
{}
i-0b7060048aa90849f
InService
Healthy
{}
21:45:37 I logger.go:127> Log level is now 4 Error (was 2 Info)
Fortio 1.19.0 running at -1 queries per second, 2->2 procs, for 1m0s: http://asg-1-lb-597650187.us-east-1.elb.amazonaws.com:3000/?n=200
21:46:24 E http_client.go:787> Read error &{{0xc00035e280}} 34.234.194.190:3000 0 : read tcp 172.31.3.5:43908->34.234.194.190:3000: i/o timeout
Aggregated Function Time : count 171042 avg 0.0087700375 +/- 0.05427 min 0.001327202 max 6.001374131 sum 1500.04475
# target 50% 0.00664743
# target 75% 0.00930757
# target 90% 0.0155244
# target 99% 0.04613
# target 99.9% 0.375921
Sockets used: 44 (for perfect keepalive, would be 25)
Jitter: false
Code  -1 : 1 (0.0 %)
Code 200 : 171041 (100.0 %)
All done 171042 calls (plus 25 warmup) 8.770 ms avg, 2850.2 qps
Successfully wrote 5843 bytes of Json data to 2022-06-03-214537_asg_raupi_3_70_performance_chunk_26_5.json
fortio exit code: 0
[2022-06-03T21:47:37]==============================[STATS]
jh CPU load avg:
0.04 0.11 0.12 1/157 3356
i-0853e4fc75862e775
InService
Healthy
{}
i-0b02e3d100ed69c5b
InService
Healthy
{}
i-0b7060048aa90849f
InService
Healthy
{}
[2022-06-03T21:47:38]==============================[PERFORMANCE RUN 1]==============================
21:47:38 I logger.go:127> Log level is now 4 Error (was 2 Info)
Fortio 1.19.0 running at -1 queries per second, 2->2 procs, for 5m0s: http://asg-1-lb-597650187.us-east-1.elb.amazonaws.com:3000/?n=200
Aggregated Function Time : count 865387 avg 0.0086666537 +/- 0.03712 min 0.001320317 max 3.689568392 sum 7500.00947
# target 50% 0.00664586
# target 75% 0.00930864
# target 90% 0.0154394
# target 99% 0.0382025
# target 99.9% 0.533299
Sockets used: 37 (for perfect keepalive, would be 25)
Jitter: false
Code 200 : 865387 (100.0 %)
All done 865387 calls (plus 25 warmup) 8.667 ms avg, 2884.1 qps
Successfully wrote 5857 bytes of Json data to 2022-06-03-214738_asg_raupi_3_70_performance_1.json
fortio exit code: 0
[2022-06-03T21:52:38]==============================[STATS]
jh CPU load avg:
0.17 0.09 0.10 1/158 3383
i-0853e4fc75862e775
InService
Healthy
{}
i-0b02e3d100ed69c5b
InService
Healthy
{}
i-0b7060048aa90849f
InService
Healthy
{}
[2022-06-03T21:53:39]==============================[STATS]
jh CPU load avg:
0.06 0.07 0.09 1/158 3392
i-0853e4fc75862e775
InService
Healthy
{}
i-0b02e3d100ed69c5b
InService
Healthy
{}
i-0b7060048aa90849f
InService
Healthy
{}
[2022-06-03T21:53:40]==============================[PERFORMANCE RUN 2]==============================
21:53:40 I logger.go:127> Log level is now 4 Error (was 2 Info)
Fortio 1.19.0 running at -1 queries per second, 2->2 procs, for 5m0s: http://asg-1-lb-597650187.us-east-1.elb.amazonaws.com:3000/?n=200
Aggregated Function Time : count 866107 avg 0.008682571 +/- 0.04211 min 0.001306967 max 3.6411249100000003 sum 7520.03549
# target 50% 0.00664161
# target 75% 0.00930894
# target 90% 0.0154307
# target 99% 0.037981
# target 99.9% 0.444555
Sockets used: 73 (for perfect keepalive, would be 25)
Jitter: false
Code 200 : 866107 (100.0 %)
All done 866107 calls (plus 25 warmup) 8.683 ms avg, 2870.8 qps
Successfully wrote 5979 bytes of Json data to 2022-06-03-215340_asg_raupi_3_70_performance_2.json
fortio exit code: 0
[2022-06-03T21:58:42]==============================[STATS]
jh CPU load avg:
0.19 0.11 0.10 1/157 3415
i-0853e4fc75862e775
InService
Healthy
{}
i-0b02e3d100ed69c5b
InService
Healthy
{}
i-0b7060048aa90849f
InService
Healthy
{}
[2022-06-03T21:59:43]==============================[STATS]
jh CPU load avg:
0.12 0.11 0.09 1/157 3475
i-0853e4fc75862e775
InService
Healthy
{}
i-0b02e3d100ed69c5b
InService
Healthy
{}
i-0b7060048aa90849f
InService
Healthy
{}
[2022-06-03T21:59:43]==============================[PERFORMANCE RUN 3]==============================
21:59:43 I logger.go:127> Log level is now 4 Error (was 2 Info)
Fortio 1.19.0 running at -1 queries per second, 2->2 procs, for 5m0s: http://asg-1-lb-597650187.us-east-1.elb.amazonaws.com:3000/?n=200
22:03:19 E http_client.go:787> Read error &{{0xc0000fe500}} 34.234.194.190:3000 134 : read tcp 172.31.3.5:44292->34.234.194.190:3000: i/o timeout
Aggregated Function Time : count 863923 avg 0.0086906303 +/- 0.04295 min 0.001298805 max 3.416382703 sum 7508.03542
# target 50% 0.0066046
# target 75% 0.0092575
# target 90% 0.0152374
# target 99% 0.0396653
# target 99.9% 0.530064
Sockets used: 37 (for perfect keepalive, would be 25)
Jitter: false
Code  -1 : 1 (0.0 %)
Code 200 : 863922 (100.0 %)
All done 863923 calls (plus 25 warmup) 8.691 ms avg, 2873.1 qps
Successfully wrote 5973 bytes of Json data to 2022-06-03-215943_asg_raupi_3_70_performance_3.json
fortio exit code: 0
[2022-06-03T22:04:44]==============================[STATS]
jh CPU load avg:
0.12 0.13 0.10 1/160 3519
i-0853e4fc75862e775
InService
Healthy
{}
i-0b02e3d100ed69c5b
InService
Healthy
{}
i-0b7060048aa90849f
InService
Healthy
{}
scaling to 0
{
    "Alarms": [
        {
            "AlarmName": "TargetTracking-asg-1-myASG-AlarmHigh-a704a1f0-2eeb-481f-bc1a-fb985509ec20", 
            "AlarmARN": "arn:aws:cloudwatch:us-east-1:186104823600:alarm:TargetTracking-asg-1-myASG-AlarmHigh-a704a1f0-2eeb-481f-bc1a-fb985509ec20"
        }, 
        {
            "AlarmName": "TargetTracking-asg-1-myASG-AlarmLow-6984e19b-171f-406d-b653-11307a936584", 
            "AlarmARN": "arn:aws:cloudwatch:us-east-1:186104823600:alarm:TargetTracking-asg-1-myASG-AlarmLow-6984e19b-171f-406d-b653-11307a936584"
        }
    ], 
    "PolicyARN": "arn:aws:autoscaling:us-east-1:186104823600:scalingPolicy:3676e9d1-0649-401e-ad45-ca0e6743a3ea:autoScalingGroupName/asg-1-myASG:policyName/asg-1-AppServerSP-WZXYU088ETI2"
}
[2022-06-03T22:05:16]==============================[SCALING RUN 1: INIT]==============================
{
    "Alarms": [
        {
            "AlarmName": "TargetTracking-asg-1-myASG-AlarmHigh-a704a1f0-2eeb-481f-bc1a-fb985509ec20", 
            "AlarmARN": "arn:aws:cloudwatch:us-east-1:186104823600:alarm:TargetTracking-asg-1-myASG-AlarmHigh-a704a1f0-2eeb-481f-bc1a-fb985509ec20"
        }, 
        {
            "AlarmName": "TargetTracking-asg-1-myASG-AlarmLow-6984e19b-171f-406d-b653-11307a936584", 
            "AlarmARN": "arn:aws:cloudwatch:us-east-1:186104823600:alarm:TargetTracking-asg-1-myASG-AlarmLow-6984e19b-171f-406d-b653-11307a936584"
        }
    ], 
    "PolicyARN": "arn:aws:autoscaling:us-east-1:186104823600:scalingPolicy:3676e9d1-0649-401e-ad45-ca0e6743a3ea:autoScalingGroupName/asg-1-myASG:policyName/asg-1-AppServerSP-WZXYU088ETI2"
}
scaling to 1
[2022-06-03T22:05:18]==============================[SCALING RUN 1: ENABLE SCALING - SLEEP]==============================
{
    "Alarms": [
        {
            "AlarmName": "TargetTracking-asg-1-myASG-AlarmHigh-5d62f5dc-f944-4132-930d-b1a07ee3a6dc", 
            "AlarmARN": "arn:aws:cloudwatch:us-east-1:186104823600:alarm:TargetTracking-asg-1-myASG-AlarmHigh-5d62f5dc-f944-4132-930d-b1a07ee3a6dc"
        }, 
        {
            "AlarmName": "TargetTracking-asg-1-myASG-AlarmLow-3663b925-dac0-4205-a1e6-f6af5a07d592", 
            "AlarmARN": "arn:aws:cloudwatch:us-east-1:186104823600:alarm:TargetTracking-asg-1-myASG-AlarmLow-3663b925-dac0-4205-a1e6-f6af5a07d592"
        }
    ], 
    "PolicyARN": "arn:aws:autoscaling:us-east-1:186104823600:scalingPolicy:3676e9d1-0649-401e-ad45-ca0e6743a3ea:autoScalingGroupName/asg-1-myASG:policyName/asg-1-AppServerSP-WZXYU088ETI2"
}
[2022-06-03T22:08:19]==============================[SCALING RUN 1: FORTIO]==============================
[2022-06-03T22:08:19]==============================[STATS]
jh CPU load avg:
0.06 0.08 0.08 1/158 3557
i-0506ff0893a4e2732
InService
Healthy
{}
[2022-06-03T22:08:20]==============================[SCALING RUN 1: CHUNK 1]==============================
22:08:20 I logger.go:127> Log level is now 4 Error (was 2 Info)
Fortio 1.19.0 running at -1 queries per second, 2->2 procs, for 1m0s: http://asg-1-lb-597650187.us-east-1.elb.amazonaws.com:3000/?n=200
Aggregated Function Time : count 52675 avg 0.028811218 +/- 0.06842 min 0.001543204 max 1.349679359 sum 1517.6309
# target 50% 0.0173413
# target 75% 0.0259824
# target 90% 0.0428206
# target 99% 0.344157
# target 99.9% 0.890093
Sockets used: 25 (for perfect keepalive, would be 25)
Jitter: false
Code 200 : 52675 (100.0 %)
All done 52675 calls (plus 25 warmup) 28.811 ms avg, 867.5 qps
Successfully wrote 4988 bytes of Json data to 2022-06-03-220820_asg_raupi_3_70_scaling_1_1.json
fortio exit code: 0
[2022-06-03T22:09:21]==============================[STATS]
jh CPU load avg:
0.09 0.08 0.08 1/158 3574
i-0506ff0893a4e2732
InService
Healthy
{}
[2022-06-03T22:09:22]==============================[SCALING RUN 1: CHUNK 2]==============================
22:09:22 I logger.go:127> Log level is now 4 Error (was 2 Info)
Fortio 1.19.0 running at -1 queries per second, 2->2 procs, for 1m0s: http://asg-1-lb-597650187.us-east-1.elb.amazonaws.com:3000/?n=200
Aggregated Function Time : count 54821 avg 0.027477672 +/- 0.07832 min 0.001620312 max 2.55231472 sum 1506.35346
# target 50% 0.0152367
# target 75% 0.0244037
# target 90% 0.04886
# target 99% 0.28702
# target 99.9% 1.11338
Sockets used: 25 (for perfect keepalive, would be 25)
Jitter: false
Code 200 : 54821 (100.0 %)
All done 54821 calls (plus 25 warmup) 27.478 ms avg, 909.7 qps
Successfully wrote 5573 bytes of Json data to 2022-06-03-220922_asg_raupi_3_70_scaling_1_2.json
fortio exit code: 0
[2022-06-03T22:10:22]==============================[STATS]
jh CPU load avg:
0.20 0.12 0.09 1/159 3597
i-0506ff0893a4e2732
InService
Healthy
{}
[2022-06-03T22:10:23]==============================[SCALING RUN 1: CHUNK 3]==============================
22:10:23 I logger.go:127> Log level is now 4 Error (was 2 Info)
Fortio 1.19.0 running at -1 queries per second, 2->2 procs, for 1m0s: http://asg-1-lb-597650187.us-east-1.elb.amazonaws.com:3000/?n=200
Aggregated Function Time : count 50740 avg 0.029819285 +/- 0.09505 min 0.001875063 max 4.080694063 sum 1513.03052
# target 50% 0.0188618
# target 75% 0.0273775
# target 90% 0.0395714
# target 99% 0.179667
# target 99.9% 1.37294
Sockets used: 31 (for perfect keepalive, would be 25)
Jitter: false
Code 200 : 50740 (100.0 %)
All done 50740 calls (plus 25 warmup) 29.819 ms avg, 838.2 qps
Successfully wrote 6040 bytes of Json data to 2022-06-03-221023_asg_raupi_3_70_scaling_1_3.json
fortio exit code: 0
[2022-06-03T22:11:23]==============================[STATS]
jh CPU load avg:
0.13 0.12 0.09 1/159 3614
i-0506ff0893a4e2732
InService
Healthy
{}
[2022-06-03T22:11:24]==============================[SCALING RUN 1: CHUNK 4]==============================
22:11:24 I logger.go:127> Log level is now 4 Error (was 2 Info)
Fortio 1.19.0 running at -1 queries per second, 2->2 procs, for 1m0s: http://asg-1-lb-597650187.us-east-1.elb.amazonaws.com:3000/?n=200
22:11:39 E http_client.go:787> Read error &{{0xc00006ea80}} 184.73.59.61:3000 134 : read tcp 172.31.3.5:43796->184.73.59.61:3000: i/o timeout
Aggregated Function Time : count 50696 avg 0.029594313 +/- 0.1084 min 0.001778558 max 4.984868594 sum 1500.31327
# target 50% 0.0182631
# target 75% 0.0268108
# target 90% 0.0381162
# target 99% 0.251857
# target 99.9% 1.58695
Sockets used: 34 (for perfect keepalive, would be 25)
Jitter: false
Code  -1 : 1 (0.0 %)
Code 200 : 50695 (100.0 %)
All done 50696 calls (plus 25 warmup) 29.594 ms avg, 844.4 qps
Successfully wrote 6052 bytes of Json data to 2022-06-03-221124_asg_raupi_3_70_scaling_1_4.json
fortio exit code: 0
[2022-06-03T22:12:24]==============================[STATS]
jh CPU load avg:
0.05 0.10 0.09 1/159 3632
i-0506ff0893a4e2732
InService
Healthy
{}
[2022-06-03T22:12:25]==============================[SCALING RUN 1: CHUNK 5]==============================
22:12:25 I logger.go:127> Log level is now 4 Error (was 2 Info)
Fortio 1.19.0 running at -1 queries per second, 2->2 procs, for 1m0s: http://asg-1-lb-597650187.us-east-1.elb.amazonaws.com:3000/?n=200
Aggregated Function Time : count 50732 avg 0.029571323 +/- 0.06197 min 0.001615542 max 0.951206876 sum 1500.21238
# target 50% 0.0175764
# target 75% 0.0266206
# target 90% 0.0476345
# target 99% 0.345543
# target 99.9% 0.827954
Sockets used: 25 (for perfect keepalive, would be 25)
Jitter: false
Code 200 : 50732 (100.0 %)
All done 50732 calls (plus 25 warmup) 29.571 ms avg, 845.3 qps
Successfully wrote 4994 bytes of Json data to 2022-06-03-221225_asg_raupi_3_70_scaling_1_5.json
fortio exit code: 0
[2022-06-03T22:13:25]==============================[STATS]
jh CPU load avg:
0.02 0.08 0.08 1/159 3649
i-0506ff0893a4e2732
InService
Healthy
{}
[2022-06-03T22:13:26]==============================[SCALING RUN 1: CHUNK 6]==============================
22:13:26 I logger.go:127> Log level is now 4 Error (was 2 Info)
Fortio 1.19.0 running at -1 queries per second, 2->2 procs, for 1m0s: http://asg-1-lb-597650187.us-east-1.elb.amazonaws.com:3000/?n=200
Aggregated Function Time : count 53392 avg 0.0281293 +/- 0.06876 min 0.001625277 max 1.941617669 sum 1501.87959
# target 50% 0.0161193
# target 75% 0.026002
# target 90% 0.0514059
# target 99% 0.248278
# target 99.9% 1.02143
Sockets used: 25 (for perfect keepalive, would be 25)
Jitter: false
Code 200 : 53392 (100.0 %)
All done 53392 calls (plus 25 warmup) 28.129 ms avg, 888.6 qps
Successfully wrote 5459 bytes of Json data to 2022-06-03-221326_asg_raupi_3_70_scaling_1_6.json
fortio exit code: 0
[2022-06-03T22:14:26]==============================[STATS]
jh CPU load avg:
0.06 0.08 0.08 1/159 3667
i-0506ff0893a4e2732
InService
Healthy
{}
i-07197d8f120df9047
InService
Healthy
{}
[2022-06-03T22:14:26]==============================[SCALING RUN 1: CHUNK 7]==============================
22:14:26 I logger.go:127> Log level is now 4 Error (was 2 Info)
Fortio 1.19.0 running at -1 queries per second, 2->2 procs, for 1m0s: http://asg-1-lb-597650187.us-east-1.elb.amazonaws.com:3000/?n=200
Aggregated Function Time : count 52130 avg 0.028823466 +/- 0.06799 min 0.001568639 max 1.40497008 sum 1502.5673
# target 50% 0.0174712
# target 75% 0.0262578
# target 90% 0.0459483
# target 99% 0.31127
# target 99.9% 1.18296
Sockets used: 37 (for perfect keepalive, would be 25)
Jitter: false
Code 200 : 52130 (100.0 %)
All done 52130 calls (plus 25 warmup) 28.823 ms avg, 867.0 qps
Successfully wrote 5252 bytes of Json data to 2022-06-03-221426_asg_raupi_3_70_scaling_1_7.json
fortio exit code: 0
[2022-06-03T22:15:27]==============================[STATS]
jh CPU load avg:
0.25 0.12 0.10 1/158 3684
i-0506ff0893a4e2732
InService
Healthy
{}
i-07197d8f120df9047
InService
Healthy
{}
[2022-06-03T22:15:27]==============================[SCALING RUN 1: CHUNK 8]==============================
22:15:27 I logger.go:127> Log level is now 4 Error (was 2 Info)
Fortio 1.19.0 running at -1 queries per second, 2->2 procs, for 1m0s: http://asg-1-lb-597650187.us-east-1.elb.amazonaws.com:3000/?n=200
Aggregated Function Time : count 109860 avg 0.013654819 +/- 0.04609 min 0.001406032 max 1.5747648619999999 sum 1500.11837
# target 50% 0.00860007
# target 75% 0.0147075
# target 90% 0.0193316
# target 99% 0.0705872
# target 99.9% 0.836256
Sockets used: 25 (for perfect keepalive, would be 25)
Jitter: false
Code 200 : 109860 (100.0 %)
All done 109860 calls (plus 25 warmup) 13.655 ms avg, 1830.5 qps
Successfully wrote 5373 bytes of Json data to 2022-06-03-221527_asg_raupi_3_70_scaling_1_8.json
fortio exit code: 0
[2022-06-03T22:16:27]==============================[STATS]
jh CPU load avg:
0.09 0.10 0.09 1/158 3701
i-0506ff0893a4e2732
InService
Healthy
{}
i-07197d8f120df9047
InService
Healthy
{}
[2022-06-03T22:16:28]==============================[SCALING RUN 1: CHUNK 9]==============================
22:16:28 I logger.go:127> Log level is now 4 Error (was 2 Info)
Fortio 1.19.0 running at -1 queries per second, 2->2 procs, for 1m0s: http://asg-1-lb-597650187.us-east-1.elb.amazonaws.com:3000/?n=200
Aggregated Function Time : count 111813 avg 0.013418105 +/- 0.0482 min 0.001493944 max 2.491359997 sum 1500.31861
# target 50% 0.00845232
# target 75% 0.0144012
# target 90% 0.0191579
# target 99% 0.0757467
# target 99.9% 0.656554
Sockets used: 25 (for perfect keepalive, would be 25)
Jitter: false
Code 200 : 111813 (100.0 %)
All done 111813 calls (plus 25 warmup) 13.418 ms avg, 1862.6 qps
Successfully wrote 5228 bytes of Json data to 2022-06-03-221628_asg_raupi_3_70_scaling_1_9.json
fortio exit code: 0
[2022-06-03T22:17:28]==============================[STATS]
jh CPU load avg:
0.07 0.09 0.09 1/157 3718
i-0506ff0893a4e2732
InService
Healthy
{}
i-07197d8f120df9047
InService
Healthy
{}
[2022-06-03T22:17:29]==============================[SCALING RUN 1: CHUNK 10]==============================
22:17:29 I logger.go:127> Log level is now 4 Error (was 2 Info)
Fortio 1.19.0 running at -1 queries per second, 2->2 procs, for 1m0s: http://asg-1-lb-597650187.us-east-1.elb.amazonaws.com:3000/?n=200
Aggregated Function Time : count 110426 avg 0.013585621 +/- 0.05021 min 0.00146053 max 2.504323748 sum 1500.20574
# target 50% 0.00848153
# target 75% 0.0145068
# target 90% 0.019272
# target 99% 0.0856188
# target 99.9% 0.842877
Sockets used: 25 (for perfect keepalive, would be 25)
Jitter: false
Code 200 : 110426 (100.0 %)
All done 110426 calls (plus 25 warmup) 13.586 ms avg, 1839.9 qps
Successfully wrote 5578 bytes of Json data to 2022-06-03-221729_asg_raupi_3_70_scaling_1_10.json
fortio exit code: 0
[2022-06-03T22:18:29]==============================[STATS]
jh CPU load avg:
0.05 0.09 0.09 1/158 3736
i-0506ff0893a4e2732
InService
Healthy
{}
i-07197d8f120df9047
InService
Healthy
{}
[2022-06-03T22:18:29]==============================[SCALING RUN 1: CHUNK 11]==============================
22:18:29 I logger.go:127> Log level is now 4 Error (was 2 Info)
Fortio 1.19.0 running at -1 queries per second, 2->2 procs, for 1m0s: http://asg-1-lb-597650187.us-east-1.elb.amazonaws.com:3000/?n=200
Aggregated Function Time : count 111812 avg 0.013438479 +/- 0.04131 min 0.001330489 max 1.3801427290000001 sum 1502.58324
# target 50% 0.00827696
# target 75% 0.0141508
# target 90% 0.0190929
# target 99% 0.0827238
# target 99.9% 0.700989
Sockets used: 25 (for perfect keepalive, would be 25)
Jitter: false
Code 200 : 111812 (100.0 %)
All done 111812 calls (plus 25 warmup) 13.438 ms avg, 1857.0 qps
Successfully wrote 5117 bytes of Json data to 2022-06-03-221830_asg_raupi_3_70_scaling_1_11.json
fortio exit code: 0
[2022-06-03T22:19:30]==============================[STATS]
jh CPU load avg:
0.11 0.10 0.09 1/158 3754
i-0506ff0893a4e2732
InService
Healthy
{}
i-07197d8f120df9047
InService
Healthy
{}
[2022-06-03T22:19:30]==============================[SCALING RUN 1: CHUNK 12]==============================
22:19:30 I logger.go:127> Log level is now 4 Error (was 2 Info)
Fortio 1.19.0 running at -1 queries per second, 2->2 procs, for 1m0s: http://asg-1-lb-597650187.us-east-1.elb.amazonaws.com:3000/?n=200
Aggregated Function Time : count 108546 avg 0.013862814 +/- 0.05333 min 0.001410456 max 3.092905881 sum 1504.75301
# target 50% 0.00874666
# target 75% 0.014984
# target 90% 0.0195264
# target 99% 0.0854435
# target 99.9% 0.666092
Sockets used: 37 (for perfect keepalive, would be 25)
Jitter: false
Code 200 : 108546 (100.0 %)
All done 108546 calls (plus 25 warmup) 13.863 ms avg, 1797.1 qps
Successfully wrote 5482 bytes of Json data to 2022-06-03-221930_asg_raupi_3_70_scaling_1_12.json
fortio exit code: 0
[2022-06-03T22:20:31]==============================[STATS]
jh CPU load avg:
0.09 0.09 0.09 1/160 3778
i-0506ff0893a4e2732
InService
Healthy
{}
i-07197d8f120df9047
InService
Healthy
{}
i-09566fc90d21e9a53
InService
Healthy
{}
[2022-06-03T22:20:31]==============================[SCALING RUN 1: CHUNK 13]==============================
22:20:31 I logger.go:127> Log level is now 4 Error (was 2 Info)
Fortio 1.19.0 running at -1 queries per second, 2->2 procs, for 1m0s: http://asg-1-lb-597650187.us-east-1.elb.amazonaws.com:3000/?n=200
Aggregated Function Time : count 113074 avg 0.013282864 +/- 0.04827 min 0.001423471 max 1.773934005 sum 1501.94658
# target 50% 0.00844557
# target 75% 0.0144481
# target 90% 0.0192372
# target 99% 0.0783163
# target 99.9% 0.71463
Sockets used: 25 (for perfect keepalive, would be 25)
Jitter: false
Code 200 : 113074 (100.0 %)
All done 113074 calls (plus 25 warmup) 13.283 ms avg, 1881.6 qps
Successfully wrote 5363 bytes of Json data to 2022-06-03-222032_asg_raupi_3_70_scaling_1_13.json
fortio exit code: 0
[2022-06-03T22:21:32]==============================[STATS]
jh CPU load avg:
0.31 0.15 0.11 1/160 3795
i-0506ff0893a4e2732
InService
Healthy
{}
i-07197d8f120df9047
InService
Healthy
{}
i-09566fc90d21e9a53
InService
Healthy
{}
[2022-06-03T22:21:32]==============================[SCALING RUN 1: CHUNK 14]==============================
22:21:32 I logger.go:127> Log level is now 4 Error (was 2 Info)
Fortio 1.19.0 running at -1 queries per second, 2->2 procs, for 1m0s: http://asg-1-lb-597650187.us-east-1.elb.amazonaws.com:3000/?n=200
Aggregated Function Time : count 180609 avg 0.0083057929 +/- 0.01312 min 0.001313626 max 0.785494329 sum 1500.10095
# target 50% 0.00676997
# target 75% 0.00949818
# target 90% 0.0164755
# target 99% 0.0425024
# target 99.9% 0.139735
Sockets used: 25 (for perfect keepalive, would be 25)
Jitter: false
Code 200 : 180609 (100.0 %)
All done 180609 calls (plus 25 warmup) 8.306 ms avg, 3009.5 qps
Successfully wrote 4504 bytes of Json data to 2022-06-03-222133_asg_raupi_3_70_scaling_1_14.json
fortio exit code: 0
[2022-06-03T22:22:33]==============================[STATS]
jh CPU load avg:
0.11 0.12 0.10 1/160 3811
i-0506ff0893a4e2732
InService
Healthy
{}
i-07197d8f120df9047
InService
Healthy
{}
i-09566fc90d21e9a53
InService
Healthy
{}
[2022-06-03T22:22:33]==============================[SCALING RUN 2: INIT]==============================
{
    "Alarms": [
        {
            "AlarmName": "TargetTracking-asg-1-myASG-AlarmHigh-5f08eda5-35c8-4c15-8f70-2d017129b106", 
            "AlarmARN": "arn:aws:cloudwatch:us-east-1:186104823600:alarm:TargetTracking-asg-1-myASG-AlarmHigh-5f08eda5-35c8-4c15-8f70-2d017129b106"
        }, 
        {
            "AlarmName": "TargetTracking-asg-1-myASG-AlarmLow-c1981acc-ce78-401f-977c-2bdaab737101", 
            "AlarmARN": "arn:aws:cloudwatch:us-east-1:186104823600:alarm:TargetTracking-asg-1-myASG-AlarmLow-c1981acc-ce78-401f-977c-2bdaab737101"
        }
    ], 
    "PolicyARN": "arn:aws:autoscaling:us-east-1:186104823600:scalingPolicy:3676e9d1-0649-401e-ad45-ca0e6743a3ea:autoScalingGroupName/asg-1-myASG:policyName/asg-1-AppServerSP-WZXYU088ETI2"
}
scaling to 1
[2022-06-03T22:22:35]==============================[SCALING RUN 2: ENABLE SCALING - SLEEP]==============================
{
    "Alarms": [
        {
            "AlarmName": "TargetTracking-asg-1-myASG-AlarmHigh-f4c9260f-8e6d-411e-9209-776d0a811a1c", 
            "AlarmARN": "arn:aws:cloudwatch:us-east-1:186104823600:alarm:TargetTracking-asg-1-myASG-AlarmHigh-f4c9260f-8e6d-411e-9209-776d0a811a1c"
        }, 
        {
            "AlarmName": "TargetTracking-asg-1-myASG-AlarmLow-1b4c9269-35c6-4234-8e8c-4d1b4d4f11b5", 
            "AlarmARN": "arn:aws:cloudwatch:us-east-1:186104823600:alarm:TargetTracking-asg-1-myASG-AlarmLow-1b4c9269-35c6-4234-8e8c-4d1b4d4f11b5"
        }
    ], 
    "PolicyARN": "arn:aws:autoscaling:us-east-1:186104823600:scalingPolicy:3676e9d1-0649-401e-ad45-ca0e6743a3ea:autoScalingGroupName/asg-1-myASG:policyName/asg-1-AppServerSP-WZXYU088ETI2"
}
[2022-06-03T22:25:36]==============================[SCALING RUN 2: FORTIO]==============================
[2022-06-03T22:25:36]==============================[STATS]
jh CPU load avg:
0.00 0.06 0.08 1/158 3840
i-09566fc90d21e9a53
InService
Healthy
{}
[2022-06-03T22:25:37]==============================[SCALING RUN 2: CHUNK 1]==============================
22:25:37 I logger.go:127> Log level is now 4 Error (was 2 Info)
Fortio 1.19.0 running at -1 queries per second, 2->2 procs, for 1m0s: http://asg-1-lb-597650187.us-east-1.elb.amazonaws.com:3000/?n=200
Aggregated Function Time : count 42280 avg 0.035759509 +/- 0.09895 min 0.001532455 max 1.7914896869999999 sum 1511.91205
# target 50% 0.0203748
# target 75% 0.027753
# target 90% 0.0452941
# target 99% 0.521408
# target 99.9% 1.31138
Sockets used: 25 (for perfect keepalive, would be 25)
Jitter: false
Code 200 : 42280 (100.0 %)
All done 42280 calls (plus 25 warmup) 35.760 ms avg, 698.9 qps
Successfully wrote 5355 bytes of Json data to 2022-06-03-222537_asg_raupi_3_70_scaling_2_1.json
fortio exit code: 0
[2022-06-03T22:26:37]==============================[STATS]
jh CPU load avg:
0.13 0.08 0.08 1/158 3857
i-09566fc90d21e9a53
InService
Healthy
{}
[2022-06-03T22:26:38]==============================[SCALING RUN 2: CHUNK 2]==============================
22:26:38 I logger.go:127> Log level is now 4 Error (was 2 Info)
Fortio 1.19.0 running at -1 queries per second, 2->2 procs, for 1m0s: http://asg-1-lb-597650187.us-east-1.elb.amazonaws.com:3000/?n=200
Aggregated Function Time : count 40838 avg 0.036735798 +/- 0.1516 min 0.001516259 max 5.102143153 sum 1500.21653
# target 50% 0.0200909
# target 75% 0.0275759
# target 90% 0.0394891
# target 99% 0.472567
# target 99.9% 1.4733
Sockets used: 62 (for perfect keepalive, would be 25)
Jitter: false
Code 200 : 40838 (100.0 %)
All done 40838 calls (plus 25 warmup) 36.736 ms avg, 680.4 qps
Successfully wrote 5341 bytes of Json data to 2022-06-03-222638_asg_raupi_3_70_scaling_2_2.json
fortio exit code: 0
[2022-06-03T22:27:38]==============================[STATS]
jh CPU load avg:
0.05 0.06 0.07 1/158 3874
i-08bd580db8edd60d7
InService
Healthy
{}
i-09566fc90d21e9a53
InService
Healthy
{}
[2022-06-03T22:27:39]==============================[SCALING RUN 2: CHUNK 3]==============================
22:27:39 I logger.go:127> Log level is now 4 Error (was 2 Info)
Fortio 1.19.0 running at -1 queries per second, 2->2 procs, for 1m0s: http://asg-1-lb-597650187.us-east-1.elb.amazonaws.com:3000/?n=200
Aggregated Function Time : count 106352 avg 0.014152515 +/- 0.02679 min 0.001512353 max 0.858520061 sum 1505.14823
# target 50% 0.0111451
# target 75% 0.0168885
# target 90% 0.0221446
# target 99% 0.0669049
# target 99.9% 0.508938
Sockets used: 25 (for perfect keepalive, would be 25)
Jitter: false
Code 200 : 106352 (100.0 %)
All done 106352 calls (plus 25 warmup) 14.153 ms avg, 1760.7 qps
Successfully wrote 4876 bytes of Json data to 2022-06-03-222739_asg_raupi_3_70_scaling_2_3.json
fortio exit code: 0
[2022-06-03T22:28:39]==============================[STATS]
jh CPU load avg:
0.01 0.05 0.07 1/157 3941
i-08bd580db8edd60d7
InService
Healthy
{}
i-09566fc90d21e9a53
InService
Healthy
{}
[2022-06-03T22:28:40]==============================[SCALING RUN 2: CHUNK 4]==============================
22:28:40 I logger.go:127> Log level is now 4 Error (was 2 Info)
Fortio 1.19.0 running at -1 queries per second, 2->2 procs, for 1m0s: http://asg-1-lb-597650187.us-east-1.elb.amazonaws.com:3000/?n=200
Aggregated Function Time : count 106400 avg 0.014098345 +/- 0.03767 min 0.001442247 max 2.840009699 sum 1500.06392
# target 50% 0.0109073
# target 75% 0.0169286
# target 90% 0.0230092
# target 99% 0.0599721
# target 99.9% 0.337059
Sockets used: 25 (for perfect keepalive, would be 25)
Jitter: false
Code 200 : 106400 (100.0 %)
All done 106400 calls (plus 25 warmup) 14.098 ms avg, 1773.0 qps
Successfully wrote 4856 bytes of Json data to 2022-06-03-222840_asg_raupi_3_70_scaling_2_4.json
fortio exit code: 0
[2022-06-03T22:29:40]==============================[STATS]
jh CPU load avg:
0.15 0.07 0.07 1/158 3959
i-08bd580db8edd60d7
InService
Healthy
{}
i-09566fc90d21e9a53
InService
Healthy
{}
[2022-06-03T22:29:41]==============================[SCALING RUN 2: CHUNK 5]==============================
22:29:41 I logger.go:127> Log level is now 4 Error (was 2 Info)
Fortio 1.19.0 running at -1 queries per second, 2->2 procs, for 1m0s: http://asg-1-lb-597650187.us-east-1.elb.amazonaws.com:3000/?n=200
Aggregated Function Time : count 106676 avg 0.014061994 +/- 0.03129 min 0.001530452 max 1.59697717 sum 1500.07731
# target 50% 0.0112675
# target 75% 0.01684
# target 90% 0.0212747
# target 99% 0.0646756
# target 99.9% 0.455092
Sockets used: 25 (for perfect keepalive, would be 25)
Jitter: false
Code 200 : 106676 (100.0 %)
All done 106676 calls (plus 25 warmup) 14.062 ms avg, 1777.6 qps
Successfully wrote 5003 bytes of Json data to 2022-06-03-222941_asg_raupi_3_70_scaling_2_5.json
fortio exit code: 0
[2022-06-03T22:30:41]==============================[STATS]
jh CPU load avg:
0.05 0.05 0.07 1/160 3983
i-08bd580db8edd60d7
InService
Healthy
{}
i-09566fc90d21e9a53
InService
Healthy
{}
[2022-06-03T22:30:41]==============================[SCALING RUN 2: CHUNK 6]==============================
22:30:41 I logger.go:127> Log level is now 4 Error (was 2 Info)
Fortio 1.19.0 running at -1 queries per second, 2->2 procs, for 1m0s: http://asg-1-lb-597650187.us-east-1.elb.amazonaws.com:3000/?n=200
Aggregated Function Time : count 105211 avg 0.014327847 +/- 0.02992 min 0.001543051 max 1.4099677800000001 sum 1507.44707
# target 50% 0.0112264
# target 75% 0.0170667
# target 90% 0.0233445
# target 99% 0.0655049
# target 99.9% 0.428288
Sockets used: 25 (for perfect keepalive, would be 25)
Jitter: false
Code 200 : 105211 (100.0 %)
All done 105211 calls (plus 25 warmup) 14.328 ms avg, 1741.4 qps
Successfully wrote 5129 bytes of Json data to 2022-06-03-223042_asg_raupi_3_70_scaling_2_6.json
fortio exit code: 0
[2022-06-03T22:31:42]==============================[STATS]
jh CPU load avg:
0.28 0.11 0.08 1/160 4000
i-08bd580db8edd60d7
InService
Healthy
{}
i-09566fc90d21e9a53
InService
Healthy
{}
[2022-06-03T22:31:43]==============================[SCALING RUN 2: CHUNK 7]==============================
22:31:43 I logger.go:127> Log level is now 4 Error (was 2 Info)
Fortio 1.19.0 running at -1 queries per second, 2->2 procs, for 1m0s: http://asg-1-lb-597650187.us-east-1.elb.amazonaws.com:3000/?n=200
Aggregated Function Time : count 105518 avg 0.014285567 +/- 0.03717 min 0.0015377 max 2.026310809 sum 1507.3845
# target 50% 0.0112172
# target 75% 0.016902
# target 90% 0.0219453
# target 99% 0.0612012
# target 99.9% 0.472006
Sockets used: 25 (for perfect keepalive, would be 25)
Jitter: false
Code 200 : 105518 (100.0 %)
All done 105518 calls (plus 25 warmup) 14.286 ms avg, 1727.4 qps
Successfully wrote 5209 bytes of Json data to 2022-06-03-223143_asg_raupi_3_70_scaling_2_7.json
fortio exit code: 0
[2022-06-03T22:32:44]==============================[STATS]
jh CPU load avg:
0.10 0.08 0.08 1/160 4017
i-02b981fc96c537456
Pending
Healthy
{}
i-08bd580db8edd60d7
InService
Healthy
{}
i-09566fc90d21e9a53
InService
Healthy
{}
[2022-06-03T22:32:45]==============================[SCALING RUN 2: CHUNK 8]==============================
22:32:45 I logger.go:127> Log level is now 4 Error (was 2 Info)
Fortio 1.19.0 running at -1 queries per second, 2->2 procs, for 1m0s: http://asg-1-lb-597650187.us-east-1.elb.amazonaws.com:3000/?n=200
Aggregated Function Time : count 105199 avg 0.014259944 +/- 0.03655 min 0.001543942 max 2.271662398 sum 1500.1318
# target 50% 0.0111617
# target 75% 0.016993
# target 90% 0.0228038
# target 99% 0.0586034
# target 99.9% 0.5363
Sockets used: 25 (for perfect keepalive, would be 25)
Jitter: false
Code 200 : 105199 (100.0 %)
All done 105199 calls (plus 25 warmup) 14.260 ms avg, 1752.9 qps
Successfully wrote 5359 bytes of Json data to 2022-06-03-223245_asg_raupi_3_70_scaling_2_8.json
fortio exit code: 0
[2022-06-03T22:33:45]==============================[STATS]
jh CPU load avg:
0.09 0.09 0.08 1/160 4034
i-02b981fc96c537456
InService
Healthy
{}
i-08bd580db8edd60d7
InService
Healthy
{}
i-09566fc90d21e9a53
InService
Healthy
{}
[2022-06-03T22:33:46]==============================[SCALING RUN 2: CHUNK 9]==============================
22:33:46 I logger.go:127> Log level is now 4 Error (was 2 Info)
Fortio 1.19.0 running at -1 queries per second, 2->2 procs, for 1m0s: http://asg-1-lb-597650187.us-east-1.elb.amazonaws.com:3000/?n=200
Aggregated Function Time : count 167588 avg 0.0089520861 +/- 0.03357 min 0.001478781 max 1.949796962 sum 1500.2622
# target 50% 0.00696692
# target 75% 0.00971103
# target 90% 0.0165724
# target 99% 0.0424743
# target 99.9% 0.35782
Sockets used: 25 (for perfect keepalive, would be 25)
Jitter: false
Code 200 : 167588 (100.0 %)
All done 167588 calls (plus 25 warmup) 8.952 ms avg, 2791.5 qps
Successfully wrote 5232 bytes of Json data to 2022-06-03-223346_asg_raupi_3_70_scaling_2_9.json
fortio exit code: 0
[2022-06-03T22:34:46]==============================[STATS]
jh CPU load avg:
0.26 0.12 0.09 1/160 4053
i-02b981fc96c537456
InService
Healthy
{}
i-08bd580db8edd60d7
InService
Healthy
{}
i-09566fc90d21e9a53
InService
Healthy
{}
[2022-06-03T22:34:47]==============================[SCALING RUN 2: CHUNK 10]==============================
22:34:47 I logger.go:127> Log level is now 4 Error (was 2 Info)
Fortio 1.19.0 running at -1 queries per second, 2->2 procs, for 1m0s: http://asg-1-lb-597650187.us-east-1.elb.amazonaws.com:3000/?n=200
Aggregated Function Time : count 173549 avg 0.0086460738 +/- 0.01913 min 0.001429402 max 0.986933247 sum 1500.51746
# target 50% 0.00686323
# target 75% 0.00958017
# target 90% 0.0164421
# target 99% 0.0439511
# target 99.9% 0.255857
Sockets used: 25 (for perfect keepalive, would be 25)
Jitter: false
Code 200 : 173549 (100.0 %)
All done 173549 calls (plus 25 warmup) 8.646 ms avg, 2890.2 qps
Successfully wrote 4725 bytes of Json data to 2022-06-03-223447_asg_raupi_3_70_scaling_2_10.json
fortio exit code: 0
[2022-06-03T22:35:47]==============================[STATS]
jh CPU load avg:
0.21 0.13 0.10 1/158 4070
i-02b981fc96c537456
InService
Healthy
{}
i-08bd580db8edd60d7
InService
Healthy
{}
i-09566fc90d21e9a53
InService
Healthy
{}
[2022-06-03T22:35:47]==============================[SCALING RUN 2: CHUNK 11]==============================
22:35:48 I logger.go:127> Log level is now 4 Error (was 2 Info)
Fortio 1.19.0 running at -1 queries per second, 2->2 procs, for 1m0s: http://asg-1-lb-597650187.us-east-1.elb.amazonaws.com:3000/?n=200
Aggregated Function Time : count 168143 avg 0.0089213622 +/- 0.03184 min 0.001485832 max 2.04357807 sum 1500.06461
# target 50% 0.00697136
# target 75% 0.00971416
# target 90% 0.0165679
# target 99% 0.0466699
# target 99.9% 0.359422
Sockets used: 25 (for perfect keepalive, would be 25)
Jitter: false
Code 200 : 168143 (100.0 %)
All done 168143 calls (plus 25 warmup) 8.921 ms avg, 2801.9 qps
Successfully wrote 5110 bytes of Json data to 2022-06-03-223548_asg_raupi_3_70_scaling_2_11.json
fortio exit code: 0
[2022-06-03T22:36:48]==============================[STATS]
jh CPU load avg:
0.12 0.12 0.09 1/158 4087
i-02b981fc96c537456
InService
Healthy
{}
i-08bd580db8edd60d7
InService
Healthy
{}
i-09566fc90d21e9a53
InService
Healthy
{}
[2022-06-03T22:36:48]==============================[SCALING RUN 2: CHUNK 12]==============================
22:36:48 I logger.go:127> Log level is now 4 Error (was 2 Info)
Fortio 1.19.0 running at -1 queries per second, 2->2 procs, for 1m0s: http://asg-1-lb-597650187.us-east-1.elb.amazonaws.com:3000/?n=200
Aggregated Function Time : count 174673 avg 0.0085876056 +/- 0.01987 min 0.001525575 max 1.630065799 sum 1500.02284
# target 50% 0.00690004
# target 75% 0.00958731
# target 90% 0.0164422
# target 99% 0.0464901
# target 99.9% 0.168886
Sockets used: 25 (for perfect keepalive, would be 25)
Jitter: false
Code 200 : 174673 (100.0 %)
All done 174673 calls (plus 25 warmup) 8.588 ms avg, 2910.7 qps
Successfully wrote 4878 bytes of Json data to 2022-06-03-223648_asg_raupi_3_70_scaling_2_12.json
fortio exit code: 0
[2022-06-03T22:37:48]==============================[STATS]
jh CPU load avg:
0.20 0.15 0.10 1/158 4104
i-02b981fc96c537456
InService
Healthy
{}
i-08bd580db8edd60d7
InService
Healthy
{}
i-09566fc90d21e9a53
InService
Healthy
{}
[2022-06-03T22:37:49]==============================[SCALING RUN 2: CHUNK 13]==============================
22:37:49 I logger.go:127> Log level is now 4 Error (was 2 Info)
Fortio 1.19.0 running at -1 queries per second, 2->2 procs, for 1m0s: http://asg-1-lb-597650187.us-east-1.elb.amazonaws.com:3000/?n=200
Aggregated Function Time : count 175391 avg 0.0085655248 +/- 0.02493 min 0.001444561 max 1.901998851 sum 1502.31596
# target 50% 0.00682921
# target 75% 0.00952157
# target 90% 0.01615
# target 99% 0.0419213
# target 99.9% 0.280595
Sockets used: 25 (for perfect keepalive, would be 25)
Jitter: false
Code 200 : 175391 (100.0 %)
All done 175391 calls (plus 25 warmup) 8.566 ms avg, 2913.4 qps
Successfully wrote 5008 bytes of Json data to 2022-06-03-223749_asg_raupi_3_70_scaling_2_13.json
fortio exit code: 0
[2022-06-03T22:38:49]==============================[STATS]
jh CPU load avg:
0.86 0.34 0.17 1/158 1132
i-02b981fc96c537456
InService
Healthy
{}
i-08bd580db8edd60d7
InService
Healthy
{}
i-09566fc90d21e9a53
InService
Healthy
{}
[2022-06-03T22:38:50]==============================[SCALING RUN 2: CHUNK 14]==============================
22:38:50 I logger.go:127> Log level is now 4 Error (was 2 Info)
Fortio 1.19.0 running at -1 queries per second, 2->2 procs, for 1m0s: http://asg-1-lb-597650187.us-east-1.elb.amazonaws.com:3000/?n=200
Aggregated Function Time : count 174995 avg 0.0085719657 +/- 0.01699 min 0.00146254 max 0.990337484 sum 1500.05114
# target 50% 0.00682551
# target 75% 0.00950703
# target 90% 0.0163235
# target 99% 0.046998
# target 99.9% 0.218756
Sockets used: 25 (for perfect keepalive, would be 25)
Jitter: false
Code 200 : 174995 (100.0 %)
All done 174995 calls (plus 25 warmup) 8.572 ms avg, 2916.0 qps
Successfully wrote 4744 bytes of Json data to 2022-06-03-223850_asg_raupi_3_70_scaling_2_14.json
fortio exit code: 0
[2022-06-03T22:39:50]==============================[STATS]
jh CPU load avg:
0.56 0.35 0.18 1/158 1151
i-02b981fc96c537456
InService
Healthy
{}
i-08bd580db8edd60d7
InService
Healthy
{}
i-09566fc90d21e9a53
InService
Healthy
{}
[2022-06-03T22:39:51]==============================[SCALING RUN 3: INIT]==============================
{
    "Alarms": [
        {
            "AlarmName": "TargetTracking-asg-1-myASG-AlarmHigh-2a282e15-6ad7-4844-9c8b-91be95d4dbb8", 
            "AlarmARN": "arn:aws:cloudwatch:us-east-1:186104823600:alarm:TargetTracking-asg-1-myASG-AlarmHigh-2a282e15-6ad7-4844-9c8b-91be95d4dbb8"
        }, 
        {
            "AlarmName": "TargetTracking-asg-1-myASG-AlarmLow-31570551-273d-4852-a79a-7167e0b0d5f6", 
            "AlarmARN": "arn:aws:cloudwatch:us-east-1:186104823600:alarm:TargetTracking-asg-1-myASG-AlarmLow-31570551-273d-4852-a79a-7167e0b0d5f6"
        }
    ], 
    "PolicyARN": "arn:aws:autoscaling:us-east-1:186104823600:scalingPolicy:3676e9d1-0649-401e-ad45-ca0e6743a3ea:autoScalingGroupName/asg-1-myASG:policyName/asg-1-AppServerSP-WZXYU088ETI2"
}
scaling to 1
[2022-06-03T22:39:52]==============================[SCALING RUN 3: ENABLE SCALING - SLEEP]==============================
{
    "Alarms": [
        {
            "AlarmName": "TargetTracking-asg-1-myASG-AlarmHigh-0e34de43-7e40-4e3c-9b1e-96e3a15e3d58", 
            "AlarmARN": "arn:aws:cloudwatch:us-east-1:186104823600:alarm:TargetTracking-asg-1-myASG-AlarmHigh-0e34de43-7e40-4e3c-9b1e-96e3a15e3d58"
        }, 
        {
            "AlarmName": "TargetTracking-asg-1-myASG-AlarmLow-6939f817-2cc2-4bd8-9311-53499398639e", 
            "AlarmARN": "arn:aws:cloudwatch:us-east-1:186104823600:alarm:TargetTracking-asg-1-myASG-AlarmLow-6939f817-2cc2-4bd8-9311-53499398639e"
        }
    ], 
    "PolicyARN": "arn:aws:autoscaling:us-east-1:186104823600:scalingPolicy:3676e9d1-0649-401e-ad45-ca0e6743a3ea:autoScalingGroupName/asg-1-myASG:policyName/asg-1-AppServerSP-WZXYU088ETI2"
}
[2022-06-03T22:42:54]==============================[SCALING RUN 3: FORTIO]==============================
[2022-06-03T22:42:54]==============================[STATS]
jh CPU load avg:
0.02 0.18 0.15 1/158 1184
i-02b981fc96c537456
InService
Healthy
{}
[2022-06-03T22:42:54]==============================[SCALING RUN 3: CHUNK 1]==============================
22:42:54 I logger.go:127> Log level is now 4 Error (was 2 Info)
Fortio 1.19.0 running at -1 queries per second, 2->2 procs, for 1m0s: http://asg-1-lb-597650187.us-east-1.elb.amazonaws.com:3000/?n=200
Aggregated Function Time : count 38172 avg 0.039362136 +/- 0.1753 min 0.001794051 max 2.894927214 sum 1502.53146
# target 50% 0.0170949
# target 75% 0.023692
# target 90% 0.0310949
# target 99% 0.659797
# target 99.9% 2.60502
Sockets used: 25 (for perfect keepalive, would be 25)
Jitter: false
Code 200 : 38172 (100.0 %)
All done 38172 calls (plus 25 warmup) 39.362 ms avg, 635.0 qps
Successfully wrote 5701 bytes of Json data to 2022-06-03-224254_asg_raupi_3_70_scaling_3_1.json
fortio exit code: 0
[2022-06-03T22:43:55]==============================[STATS]
jh CPU load avg:
0.01 0.15 0.14 1/164 1212
i-02b981fc96c537456
InService
Healthy
{}
[2022-06-03T22:43:55]==============================[SCALING RUN 3: CHUNK 2]==============================
22:43:55 I logger.go:127> Log level is now 4 Error (was 2 Info)
Fortio 1.19.0 running at -1 queries per second, 2->2 procs, for 1m0s: http://asg-1-lb-597650187.us-east-1.elb.amazonaws.com:3000/?n=200
Aggregated Function Time : count 40825 avg 0.036748489 +/- 0.162 min 0.002035797 max 3.388685234 sum 1500.25707
# target 50% 0.016359
# target 75% 0.0230689
# target 90% 0.0311572
# target 99% 0.713596
# target 99.9% 2.66067
Sockets used: 38 (for perfect keepalive, would be 25)
Jitter: false
Code 200 : 40825 (100.0 %)
All done 40825 calls (plus 25 warmup) 36.748 ms avg, 680.2 qps
Successfully wrote 5811 bytes of Json data to 2022-06-03-224355_asg_raupi_3_70_scaling_3_2.json
fortio exit code: 0
[2022-06-03T22:44:55]==============================[STATS]
jh CPU load avg:
0.09 0.15 0.13 1/163 1230
i-02b981fc96c537456
InService
Healthy
{}
[2022-06-03T22:44:56]==============================[SCALING RUN 3: CHUNK 3]==============================
22:44:56 I logger.go:127> Log level is now 4 Error (was 2 Info)
Fortio 1.19.0 running at -1 queries per second, 2->2 procs, for 1m0s: http://asg-1-lb-597650187.us-east-1.elb.amazonaws.com:3000/?n=200
Aggregated Function Time : count 39555 avg 0.037926127 +/- 0.1577 min 0.002085351 max 2.479775782 sum 1500.16795
# target 50% 0.017087
# target 75% 0.0236572
# target 90% 0.0318496
# target 99% 0.717697
# target 99.9% 2.22332
Sockets used: 25 (for perfect keepalive, would be 25)
Jitter: false
Code 200 : 39555 (100.0 %)
All done 39555 calls (plus 25 warmup) 37.926 ms avg, 659.0 qps
Successfully wrote 5695 bytes of Json data to 2022-06-03-224456_asg_raupi_3_70_scaling_3_3.json
fortio exit code: 0
[2022-06-03T22:45:56]==============================[STATS]
jh CPU load avg:
0.08 0.13 0.13 1/164 1248
i-02b981fc96c537456
InService
Healthy
{}
[2022-06-03T22:45:57]==============================[SCALING RUN 3: CHUNK 4]==============================
22:45:57 I logger.go:127> Log level is now 4 Error (was 2 Info)
Fortio 1.19.0 running at -1 queries per second, 2->2 procs, for 1m0s: http://asg-1-lb-597650187.us-east-1.elb.amazonaws.com:3000/?n=200
Aggregated Function Time : count 40966 avg 0.037280109 +/- 0.1499 min 0.001958581 max 2.925293853 sum 1527.21695
# target 50% 0.0167069
# target 75% 0.0230129
# target 90% 0.0316023
# target 99% 0.717925
# target 99.9% 2.25971
Sockets used: 25 (for perfect keepalive, would be 25)
Jitter: false
Code 200 : 40966 (100.0 %)
All done 40966 calls (plus 25 warmup) 37.280 ms avg, 670.4 qps
Successfully wrote 5811 bytes of Json data to 2022-06-03-224558_asg_raupi_3_70_scaling_3_4.json
fortio exit code: 0
[2022-06-03T22:46:59]==============================[STATS]
jh CPU load avg:
0.03 0.11 0.12 1/164 1266
i-02b981fc96c537456
InService
Healthy
{}
[2022-06-03T22:47:00]==============================[SCALING RUN 3: CHUNK 5]==============================
22:47:00 I logger.go:127> Log level is now 4 Error (was 2 Info)
Fortio 1.19.0 running at -1 queries per second, 2->2 procs, for 1m0s: http://asg-1-lb-597650187.us-east-1.elb.amazonaws.com:3000/?n=200
Aggregated Function Time : count 39274 avg 0.038198433 +/- 0.1705 min 0.001799384 max 2.7405281710000002 sum 1500.20526
# target 50% 0.0170725
# target 75% 0.0232465
# target 90% 0.0295995
# target 99% 0.710433
# target 99.9% 2.42863
Sockets used: 25 (for perfect keepalive, would be 25)
Jitter: false
Code 200 : 39274 (100.0 %)
All done 39274 calls (plus 25 warmup) 38.198 ms avg, 654.4 qps
Successfully wrote 5828 bytes of Json data to 2022-06-03-224700_asg_raupi_3_70_scaling_3_5.json
fortio exit code: 0
[2022-06-03T22:48:00]==============================[STATS]
jh CPU load avg:
0.07 0.11 0.12 1/164 1283
i-02b981fc96c537456
InService
Healthy
{}
i-0d1f95066d41c63d1
InService
Healthy
{}
[2022-06-03T22:48:01]==============================[SCALING RUN 3: CHUNK 6]==============================
22:48:01 I logger.go:127> Log level is now 4 Error (was 2 Info)
Fortio 1.19.0 running at -1 queries per second, 2->2 procs, for 1m0s: http://asg-1-lb-597650187.us-east-1.elb.amazonaws.com:3000/?n=200
22:49:04 E http_client.go:787> Read error &{{0xc000079f80}} 184.73.59.61:3000 134 : read tcp 172.31.3.5:45850->184.73.59.61:3000: i/o timeout
Aggregated Function Time : count 40539 avg 0.038574504 +/- 0.1635 min 0.002408929 max 4.158667265 sum 1563.77182
# target 50% 0.0173082
# target 75% 0.0242195
# target 90% 0.0327072
# target 99% 0.715042
# target 99.9% 2.18922
Sockets used: 61 (for perfect keepalive, would be 25)
Jitter: false
Code  -1 : 1 (0.0 %)
Code 200 : 40538 (100.0 %)
All done 40539 calls (plus 25 warmup) 38.575 ms avg, 642.4 qps
Successfully wrote 5816 bytes of Json data to 2022-06-03-224802_asg_raupi_3_70_scaling_3_6.json
fortio exit code: 0
[2022-06-03T22:49:05]==============================[STATS]
jh CPU load avg:
0.08 0.10 0.11 1/164 1301
i-02b981fc96c537456
InService
Healthy
{}
i-0d1f95066d41c63d1
InService
Healthy
{}
[2022-06-03T22:49:06]==============================[SCALING RUN 3: CHUNK 7]==============================
22:49:06 I logger.go:127> Log level is now 4 Error (was 2 Info)
Fortio 1.19.0 running at -1 queries per second, 2->2 procs, for 1m0s: http://asg-1-lb-597650187.us-east-1.elb.amazonaws.com:3000/?n=200
Aggregated Function Time : count 113140 avg 0.013258314 +/- 0.02928 min 0.001449733 max 1.303459644 sum 1500.0457
# target 50% 0.00895121
# target 75% 0.0154235
# target 90% 0.0199406
# target 99% 0.0707114
# target 99.9% 0.442333
Sockets used: 25 (for perfect keepalive, would be 25)
Jitter: false
Code 200 : 113140 (100.0 %)
All done 113140 calls (plus 25 warmup) 13.258 ms avg, 1885.4 qps
Successfully wrote 5104 bytes of Json data to 2022-06-03-224906_asg_raupi_3_70_scaling_3_7.json
fortio exit code: 0
[2022-06-03T22:50:06]==============================[STATS]
jh CPU load avg:
0.10 0.11 0.11 1/166 1325
i-02b981fc96c537456
InService
Healthy
{}
i-0d1f95066d41c63d1
InService
Healthy
{}
[2022-06-03T22:50:07]==============================[SCALING RUN 3: CHUNK 8]==============================
22:50:07 I logger.go:127> Log level is now 4 Error (was 2 Info)
Fortio 1.19.0 running at -1 queries per second, 2->2 procs, for 1m0s: http://asg-1-lb-597650187.us-east-1.elb.amazonaws.com:3000/?n=200
Aggregated Function Time : count 113527 avg 0.013213819 +/- 0.03202 min 0.001502158 max 1.244199352 sum 1500.12527
# target 50% 0.00853783
# target 75% 0.0148474
# target 90% 0.0198244
# target 99% 0.0634506
# target 99.9% 0.481757
Sockets used: 25 (for perfect keepalive, would be 25)
Jitter: false
Code 200 : 113527 (100.0 %)
All done 113527 calls (plus 25 warmup) 13.214 ms avg, 1891.6 qps
Successfully wrote 5220 bytes of Json data to 2022-06-03-225007_asg_raupi_3_70_scaling_3_8.json
fortio exit code: 0
[2022-06-03T22:51:07]==============================[STATS]
jh CPU load avg:
0.07 0.10 0.10 1/166 1343
i-02b981fc96c537456
InService
Healthy
{}
i-0d1f95066d41c63d1
InService
Healthy
{}
[2022-06-03T22:51:07]==============================[SCALING RUN 3: CHUNK 9]==============================
22:51:07 I logger.go:127> Log level is now 4 Error (was 2 Info)
Fortio 1.19.0 running at -1 queries per second, 2->2 procs, for 1m0s: http://asg-1-lb-597650187.us-east-1.elb.amazonaws.com:3000/?n=200
Aggregated Function Time : count 115788 avg 0.012955548 +/- 0.03094 min 0.001604533 max 1.252770122 sum 1500.09704
# target 50% 0.00888558
# target 75% 0.0152907
# target 90% 0.0198655
# target 99% 0.0630672
# target 99.9% 0.540019
Sockets used: 25 (for perfect keepalive, would be 25)
Jitter: false
Code 200 : 115788 (100.0 %)
All done 115788 calls (plus 25 warmup) 12.956 ms avg, 1929.2 qps
Successfully wrote 4987 bytes of Json data to 2022-06-03-225107_asg_raupi_3_70_scaling_3_9.json
fortio exit code: 0
[2022-06-03T22:52:07]==============================[STATS]
jh CPU load avg:
0.09 0.11 0.10 1/166 1360
i-02b981fc96c537456
InService
Healthy
{}
i-0d1f95066d41c63d1
InService
Healthy
{}
[2022-06-03T22:52:08]==============================[SCALING RUN 3: CHUNK 10]==============================
22:52:08 I logger.go:127> Log level is now 4 Error (was 2 Info)
Fortio 1.19.0 running at -1 queries per second, 2->2 procs, for 1m0s: http://asg-1-lb-597650187.us-east-1.elb.amazonaws.com:3000/?n=200
Aggregated Function Time : count 113816 avg 0.013179818 +/- 0.03955 min 0.001540071 max 1.842153774 sum 1500.07416
# target 50% 0.00862888
# target 75% 0.0148964
# target 90% 0.0196878
# target 99% 0.0585192
# target 99.9% 0.532986
Sockets used: 25 (for perfect keepalive, would be 25)
Jitter: false
Code 200 : 113816 (100.0 %)
All done 113816 calls (plus 25 warmup) 13.180 ms avg, 1896.5 qps
Successfully wrote 5219 bytes of Json data to 2022-06-03-225208_asg_raupi_3_70_scaling_3_10.json
fortio exit code: 0
[2022-06-03T22:53:08]==============================[STATS]
jh CPU load avg:
0.08 0.10 0.10 1/166 1377
i-02b981fc96c537456
InService
Healthy
{}
i-0d1f95066d41c63d1
InService
Healthy
{}
[2022-06-03T22:53:09]==============================[SCALING RUN 3: CHUNK 11]==============================
22:53:09 I logger.go:127> Log level is now 4 Error (was 2 Info)
Fortio 1.19.0 running at -1 queries per second, 2->2 procs, for 1m0s: http://asg-1-lb-597650187.us-east-1.elb.amazonaws.com:3000/?n=200
Aggregated Function Time : count 110426 avg 0.013585066 +/- 0.0427 min 0.001480397 max 1.604125099 sum 1500.14446
# target 50% 0.00893002
# target 75% 0.0151995
# target 90% 0.0195765
# target 99% 0.0540381
# target 99.9% 0.718296
Sockets used: 25 (for perfect keepalive, would be 25)
Jitter: false
Code 200 : 110426 (100.0 %)
All done 110426 calls (plus 25 warmup) 13.585 ms avg, 1839.9 qps
Successfully wrote 5474 bytes of Json data to 2022-06-03-225309_asg_raupi_3_70_scaling_3_11.json
fortio exit code: 0
[2022-06-03T22:54:09]==============================[STATS]
jh CPU load avg:
0.12 0.11 0.10 1/166 1395
i-02b981fc96c537456
InService
Healthy
{}
i-0bfe0ca289165d9b9
InService
Healthy
{}
i-0d1f95066d41c63d1
InService
Healthy
{}
[2022-06-03T22:54:10]==============================[SCALING RUN 3: CHUNK 12]==============================
22:54:10 I logger.go:127> Log level is now 4 Error (was 2 Info)
Fortio 1.19.0 running at -1 queries per second, 2->2 procs, for 1m0s: http://asg-1-lb-597650187.us-east-1.elb.amazonaws.com:3000/?n=200
Aggregated Function Time : count 113349 avg 0.013233929 +/- 0.03024 min 0.001593107 max 1.365483574 sum 1500.05265
# target 50% 0.00877762
# target 75% 0.015266
# target 90% 0.020271
# target 99% 0.0643944
# target 99.9% 0.426147
Sockets used: 25 (for perfect keepalive, would be 25)
Jitter: false
Code 200 : 113349 (100.0 %)
All done 113349 calls (plus 25 warmup) 13.234 ms avg, 1888.7 qps
Successfully wrote 4989 bytes of Json data to 2022-06-03-225410_asg_raupi_3_70_scaling_3_12.json
fortio exit code: 0
[2022-06-03T22:55:10]==============================[STATS]
jh CPU load avg:
0.35 0.18 0.12 1/164 1412
i-02b981fc96c537456
InService
Healthy
{}
i-0bfe0ca289165d9b9
InService
Healthy
{}
i-0d1f95066d41c63d1
InService
Healthy
{}
[2022-06-03T22:55:11]==============================[SCALING RUN 3: CHUNK 13]==============================
22:55:11 I logger.go:127> Log level is now 4 Error (was 2 Info)
Fortio 1.19.0 running at -1 queries per second, 2->2 procs, for 1m0s: http://asg-1-lb-597650187.us-east-1.elb.amazonaws.com:3000/?n=200
Aggregated Function Time : count 175274 avg 0.0085589829 +/- 0.01368 min 0.001514006 max 0.965099294 sum 1500.16717
# target 50% 0.00709399
# target 75% 0.00988402
# target 90% 0.0177499
# target 99% 0.0435041
# target 99.9% 0.10022
Sockets used: 25 (for perfect keepalive, would be 25)
Jitter: false
Code 200 : 175274 (100.0 %)
All done 175274 calls (plus 25 warmup) 8.559 ms avg, 2920.2 qps
Successfully wrote 4253 bytes of Json data to 2022-06-03-225511_asg_raupi_3_70_scaling_3_13.json
fortio exit code: 0
[2022-06-03T22:56:11]==============================[STATS]
jh CPU load avg:
0.20 0.17 0.12 1/164 1480
i-02b981fc96c537456
InService
Healthy
{}
i-0bfe0ca289165d9b9
InService
Healthy
{}
i-0d1f95066d41c63d1
InService
Healthy
{}
[2022-06-03T22:56:11]==============================[SCALING RUN 3: CHUNK 14]==============================
22:56:11 I logger.go:127> Log level is now 4 Error (was 2 Info)
Fortio 1.19.0 running at -1 queries per second, 2->2 procs, for 1m0s: http://asg-1-lb-597650187.us-east-1.elb.amazonaws.com:3000/?n=200
Aggregated Function Time : count 172657 avg 0.0086891813 +/- 0.01208 min 0.001459776 max 0.56659177 sum 1500.24797
# target 50% 0.00719147
# target 75% 0.0102556
# target 90% 0.0179204
# target 99% 0.0455535
# target 99.9% 0.124092
Sockets used: 25 (for perfect keepalive, would be 25)
Jitter: false
Code 200 : 172657 (100.0 %)
All done 172657 calls (plus 25 warmup) 8.689 ms avg, 2873.6 qps
Successfully wrote 4236 bytes of Json data to 2022-06-03-225611_asg_raupi_3_70_scaling_3_14.json
fortio exit code: 0
[2022-06-03T22:57:12]==============================[STATS]
jh CPU load avg:
0.15 0.15 0.11 1/164 1497
i-02b981fc96c537456
InService
Healthy
{}
i-0bfe0ca289165d9b9
InService
Healthy
{}
i-0d1f95066d41c63d1
InService
Healthy
{}
[2022-06-03T23:01:13]==============================[GET DATA]==============================
2022-06-03T21:08:39..2022-06-03T23:01:13
asg-1-myASG
asg-1-lb
36K alb_data.json
24K asg_data.json
[2022-06-03T23:01:14]==============================[UPLOAD /2022.06.03_21-07_asg_raupi_3_70_7945]==============================
Warning: Permanently added '35.185.210.97' (ECDSA) to the list of known hosts.
