+ git log -3
commit 7e4c4a527df005bacba561626bc6652af8ffc4c0
Author: Your Name <you@example.com>
Date:   Mon Apr 18 10:10:14 2022 +1200

    use relative paths

commit b32af0f70717fcdd7f282af89b4d078b4fe1ff8f
Author: Your Name <you@example.com>
Date:   Sun Apr 17 19:55:56 2022 +1200

    calculate and print total averages

commit c374627e26ea73e29c0eab746255621635acdfb1
Author: Your Name <you@example.com>
Date:   Sun Apr 17 18:48:08 2022 +1200

    calculate and nicely print averages
++ cut -d _ -f 2
+ app=raupi
+ export AWS_DEFAULT_REGION=us-east-1
+ AWS_DEFAULT_REGION=us-east-1
+ line===============================
++ date +%FT%T
+ echo '[2022-04-18T20:43:16]==============================[starting' in '/tmp/k8s-vs-ASG/data/cli]=============================='
[2022-04-18T20:43:16]==============================[starting in /tmp/k8s-vs-ASG/data/cli]==============================
+ source 0.setup.sh
++ set -x
++ '[' asg_raupi_3 == k8s_apache_3 ']'
++ '[' asg_raupi_3 == asg_apache_3 ']'
++ '[' asg_raupi_3 == k8s_apache2_3 ']'
++ '[' asg_raupi_3 == k8s_taewa_3 ']'
++ '[' asg_raupi_3 == asg_taewa_3 ']'
++ '[' asg_raupi_3 == k8s_taewa_3lite ']'
++ '[' asg_raupi_3 == asg_taewa_3lite ']'
++ '[' asg_raupi_3 == k8s_taewa_3extra ']'
++ '[' asg_raupi_3 == asg_taewa_3extra ']'
++ '[' asg_raupi_3 == k8s_taewa_6 ']'
++ '[' asg_raupi_3 == asg_taewa_6 ']'
++ '[' asg_raupi_3 == k8s_riwai_3 ']'
++ '[' asg_raupi_3 == asg_riwai_3 ']'
++ '[' asg_raupi_3 == asg_raupi_3 ']'
++ warmup_url='3000/?n=200'
++ testing_url='3000/?n=200'
++ cpu_perc=35
++ warmup_min_threads=15
++ warmup_max_threads=25
++ warmup_cycle_sec=90
++ scaling_minutes=14
++ performance_sec=300
++ max_capacity=3
++ fortio_options='-a -qps -1 -r 0.01 -loglevel Error -allow-initial-errors'
++ '[' asg_raupi_3 == k8s_raupi_3 ']'
++ set +x
{
    "Account": "111165224112", 
    "UserId": "AIDARTYPWWSYIS4QJ6HSZ", 
    "Arn": "arn:aws:iam::111165224112:user/ad"
}
[2022-04-18T20:43:21] waiting for instances ...
scaling to 3
{
    "HealthCheck": {
        "HealthyThreshold": 2, 
        "Interval": 10, 
        "Target": "HTTP:3000/?n=200", 
        "Timeout": 5, 
        "UnhealthyThreshold": 6
    }
}
  % Total    % Received % Xferd  Average Speed   Time    Time     Time  Current
                                 Dload  Upload   Total   Spent    Left  Speed
  0     0    0     0    0     0      0      0 --:--:-- --:--:-- --:--:--     0100    44  100    44    0     0   3318      0 --:--:-- --:--:-- --:--:--  3384
The result of flsk run is : 46.4110379526871
[2022-04-18T20:48:26]==============================[STATS]
jh CPU load avg:
0.03 0.16 0.11 1/157 2873
i-0339ac4087db66ba2
InService
Healthy
{}
i-07c92f0fc556db029
InService
Healthy
{}
i-0a66445e5b7a2450b
InService
Healthy
{}
[2022-04-18T20:48:27]==============================[WARMUP RUN c15]==============================
20:48:27 I logger.go:127> Log level is now 4 Error (was 2 Info)
Fortio 1.19.0 running at -1 queries per second, 2->2 procs, for 1m30s: http://asg-1-lb-98849600.us-east-1.elb.amazonaws.com:3000/?n=200
Aggregated Function Time : count 180038 avg 0.0075010909 +/- 0.006623 min 0.001208036 max 0.284100698 sum 1350.48141
# target 50% 0.00650223
# target 75% 0.00914936
# target 90% 0.0148848
# target 99% 0.0296499
# target 99.9% 0.0821749
Sockets used: 15 (for perfect keepalive, would be 15)
Jitter: false
Code 200 : 180038 (100.0 %)
All done 180038 calls (plus 15 warmup) 7.501 ms avg, 1997.2 qps
Successfully wrote 3630 bytes of Json data to 2022-04-18-204827_asg_raupi_3_warmup_15.json
fortio exit code: 0
[2022-04-18T20:49:57]==============================[STATS]
jh CPU load avg:
0.16 0.18 0.12 1/157 2890
i-0339ac4087db66ba2
InService
Healthy
{}
i-07c92f0fc556db029
InService
Healthy
{}
i-0a66445e5b7a2450b
InService
Healthy
{}
[2022-04-18T20:50:58]==============================[STATS]
jh CPU load avg:
0.06 0.15 0.11 1/158 2905
i-0339ac4087db66ba2
InService
Healthy
{}
i-07c92f0fc556db029
InService
Healthy
{}
i-0a66445e5b7a2450b
InService
Healthy
{}
[2022-04-18T20:50:58]==============================[WARMUP RUN c16]==============================
20:50:58 I logger.go:127> Log level is now 4 Error (was 2 Info)
Fortio 1.19.0 running at -1 queries per second, 2->2 procs, for 1m30s: http://asg-1-lb-98849600.us-east-1.elb.amazonaws.com:3000/?n=200
Aggregated Function Time : count 156531 avg 0.00920077 +/- 0.01394 min 0.001038502 max 0.309973435 sum 1440.20572
# target 50% 0.0066369
# target 75% 0.00943613
# target 90% 0.0199369
# target 99% 0.0717474
# target 99.9% 0.133937
Sockets used: 16 (for perfect keepalive, would be 16)
Jitter: false
Code 200 : 156531 (100.0 %)
All done 156531 calls (plus 16 warmup) 9.201 ms avg, 1738.2 qps
Successfully wrote 3871 bytes of Json data to 2022-04-18-205058_asg_raupi_3_warmup_16.json
fortio exit code: 0
[2022-04-18T20:52:28]==============================[STATS]
jh CPU load avg:
0.11 0.13 0.10 1/158 2924
i-0339ac4087db66ba2
InService
Healthy
{}
i-07c92f0fc556db029
InService
Healthy
{}
i-0a66445e5b7a2450b
InService
Healthy
{}
[2022-04-18T20:53:29]==============================[STATS]
jh CPU load avg:
0.04 0.11 0.09 1/158 2933
i-0339ac4087db66ba2
InService
Healthy
{}
i-07c92f0fc556db029
InService
Healthy
{}
i-0a66445e5b7a2450b
InService
Healthy
{}
[2022-04-18T20:53:30]==============================[WARMUP RUN c17]==============================
20:53:30 I logger.go:127> Log level is now 4 Error (was 2 Info)
Fortio 1.19.0 running at -1 queries per second, 2->2 procs, for 1m30s: http://asg-1-lb-98849600.us-east-1.elb.amazonaws.com:3000/?n=200
Aggregated Function Time : count 155140 avg 0.0098638779 +/- 0.01392 min 0.001058891 max 0.246629978 sum 1530.28202
# target 50% 0.00688658
# target 75% 0.00980046
# target 90% 0.0199244
# target 99% 0.0725362
# target 99.9% 0.134944
Sockets used: 17 (for perfect keepalive, would be 17)
Jitter: false
Code 200 : 155140 (100.0 %)
All done 155140 calls (plus 17 warmup) 9.864 ms avg, 1722.4 qps
Successfully wrote 3761 bytes of Json data to 2022-04-18-205330_asg_raupi_3_warmup_17.json
fortio exit code: 0
[2022-04-18T20:55:00]==============================[STATS]
jh CPU load avg:
0.15 0.12 0.10 1/158 2950
i-0339ac4087db66ba2
InService
Healthy
{}
i-07c92f0fc556db029
InService
Healthy
{}
i-0a66445e5b7a2450b
InService
Healthy
{}
[2022-04-18T20:56:02]==============================[STATS]
jh CPU load avg:
0.08 0.11 0.09 1/157 2960
i-0339ac4087db66ba2
InService
Healthy
{}
i-07c92f0fc556db029
InService
Healthy
{}
i-0a66445e5b7a2450b
InService
Healthy
{}
[2022-04-18T20:56:03]==============================[WARMUP RUN c18]==============================
20:56:03 I logger.go:127> Log level is now 4 Error (was 2 Info)
Fortio 1.19.0 running at -1 queries per second, 2->2 procs, for 1m30s: http://asg-1-lb-98849600.us-east-1.elb.amazonaws.com:3000/?n=200
Aggregated Function Time : count 206231 avg 0.0078570966 +/- 0.01094 min 0.00106957 max 0.318236896 sum 1620.37689
# target 50% 0.00635881
# target 75% 0.00900346
# target 90% 0.0156423
# target 99% 0.0587924
# target 99.9% 0.119383
Sockets used: 18 (for perfect keepalive, would be 18)
Jitter: false
Code 200 : 206231 (100.0 %)
All done 206231 calls (plus 18 warmup) 7.857 ms avg, 2289.2 qps
Successfully wrote 3986 bytes of Json data to 2022-04-18-205603_asg_raupi_3_warmup_18.json
fortio exit code: 0
[2022-04-18T20:57:33]==============================[STATS]
jh CPU load avg:
0.02 0.08 0.08 1/157 2981
i-0339ac4087db66ba2
InService
Healthy
{}
i-07c92f0fc556db029
InService
Healthy
{}
i-0a66445e5b7a2450b
InService
Healthy
{}
[2022-04-18T20:58:34]==============================[STATS]
jh CPU load avg:
0.00 0.06 0.08 1/157 2990
i-0339ac4087db66ba2
InService
Healthy
{}
i-07c92f0fc556db029
InService
Healthy
{}
i-0a66445e5b7a2450b
InService
Healthy
{}
[2022-04-18T20:58:35]==============================[WARMUP RUN c19]==============================
20:58:35 I logger.go:127> Log level is now 4 Error (was 2 Info)
Fortio 1.19.0 running at -1 queries per second, 2->2 procs, for 1m30s: http://asg-1-lb-98849600.us-east-1.elb.amazonaws.com:3000/?n=200
Aggregated Function Time : count 256466 avg 0.0066675276 +/- 0.00906 min 0.001170786 max 0.48037124 sum 1709.99414
# target 50% 0.00615545
# target 75% 0.00864781
# target 90% 0.0116734
# target 99% 0.0432868
# target 99.9% 0.115086
Sockets used: 19 (for perfect keepalive, would be 19)
Jitter: false
Code 200 : 256466 (100.0 %)
All done 256466 calls (plus 19 warmup) 6.668 ms avg, 2849.4 qps
Successfully wrote 4116 bytes of Json data to 2022-04-18-205835_asg_raupi_3_warmup_19.json
fortio exit code: 0
[2022-04-18T21:00:05]==============================[STATS]
jh CPU load avg:
0.20 0.10 0.09 1/158 3013
i-0339ac4087db66ba2
InService
Healthy
{}
i-07c92f0fc556db029
InService
Healthy
{}
i-0a66445e5b7a2450b
InService
Healthy
{}
[2022-04-18T21:01:06]==============================[STATS]
jh CPU load avg:
0.10 0.09 0.09 1/159 3036
i-0339ac4087db66ba2
InService
Healthy
{}
i-07c92f0fc556db029
InService
Healthy
{}
i-0a66445e5b7a2450b
InService
Healthy
{}
[2022-04-18T21:01:07]==============================[WARMUP RUN c20]==============================
21:01:07 I logger.go:127> Log level is now 4 Error (was 2 Info)
Fortio 1.19.0 running at -1 queries per second, 2->2 procs, for 1m30s: http://asg-1-lb-98849600.us-east-1.elb.amazonaws.com:3000/?n=200
Aggregated Function Time : count 263688 avg 0.0068262615 +/- 0.01044 min 0.001095264 max 0.633907352 sum 1800.00325
# target 50% 0.00614643
# target 75% 0.00867203
# target 90% 0.0121402
# target 99% 0.0437489
# target 99.9% 0.13475
Sockets used: 20 (for perfect keepalive, would be 20)
Jitter: false
Code 200 : 263688 (100.0 %)
All done 263688 calls (plus 20 warmup) 6.826 ms avg, 2929.3 qps
Successfully wrote 4367 bytes of Json data to 2022-04-18-210107_asg_raupi_3_warmup_20.json
fortio exit code: 0
[2022-04-18T21:02:37]==============================[STATS]
jh CPU load avg:
0.40 0.19 0.12 1/159 3055
i-0339ac4087db66ba2
InService
Healthy
{}
i-07c92f0fc556db029
InService
Healthy
{}
i-0a66445e5b7a2450b
InService
Healthy
{}
[2022-04-18T21:03:38]==============================[STATS]
jh CPU load avg:
0.14 0.15 0.11 1/159 3064
i-0339ac4087db66ba2
InService
Healthy
{}
i-07c92f0fc556db029
InService
Healthy
{}
i-0a66445e5b7a2450b
InService
Healthy
{}
[2022-04-18T21:03:39]==============================[WARMUP RUN c21]==============================
21:03:39 I logger.go:127> Log level is now 4 Error (was 2 Info)
Fortio 1.19.0 running at -1 queries per second, 2->2 procs, for 1m30s: http://asg-1-lb-98849600.us-east-1.elb.amazonaws.com:3000/?n=200
Aggregated Function Time : count 267433 avg 0.0070671454 +/- 0.01076 min 0.001090469 max 0.573179657 sum 1889.9879
# target 50% 0.00616822
# target 75% 0.00870712
# target 90% 0.0125697
# target 99% 0.0428895
# target 99.9% 0.128751
Sockets used: 21 (for perfect keepalive, would be 21)
Jitter: false
Code 200 : 267433 (100.0 %)
All done 267433 calls (plus 21 warmup) 7.067 ms avg, 2971.1 qps
Successfully wrote 4255 bytes of Json data to 2022-04-18-210339_asg_raupi_3_warmup_21.json
fortio exit code: 0
[2022-04-18T21:05:09]==============================[STATS]
jh CPU load avg:
0.36 0.20 0.12 1/157 3081
i-0339ac4087db66ba2
InService
Healthy
{}
i-07c92f0fc556db029
InService
Healthy
{}
i-0a66445e5b7a2450b
InService
Healthy
{}
[2022-04-18T21:06:10]==============================[STATS]
jh CPU load avg:
0.13 0.16 0.11 1/158 3091
i-0339ac4087db66ba2
InService
Healthy
{}
i-07c92f0fc556db029
InService
Healthy
{}
i-0a66445e5b7a2450b
InService
Healthy
{}
[2022-04-18T21:06:11]==============================[WARMUP RUN c22]==============================
21:06:11 I logger.go:127> Log level is now 4 Error (was 2 Info)
Fortio 1.19.0 running at -1 queries per second, 2->2 procs, for 1m30s: http://asg-1-lb-98849600.us-east-1.elb.amazonaws.com:3000/?n=200
Aggregated Function Time : count 258864 avg 0.0076496111 +/- 0.01853 min 0.001185087 max 1.548590704 sum 1980.20892
# target 50% 0.00624715
# target 75% 0.0087782
# target 90% 0.0130206
# target 99% 0.0518912
# target 99.9% 0.276187
Sockets used: 22 (for perfect keepalive, would be 22)
Jitter: false
Code 200 : 258864 (100.0 %)
All done 258864 calls (plus 22 warmup) 7.650 ms avg, 2874.8 qps
Successfully wrote 5131 bytes of Json data to 2022-04-18-210611_asg_raupi_3_warmup_22.json
fortio exit code: 0
[2022-04-18T21:07:41]==============================[STATS]
jh CPU load avg:
0.27 0.18 0.12 1/158 3110
i-0339ac4087db66ba2
InService
Healthy
{}
i-07c92f0fc556db029
InService
Healthy
{}
i-0a66445e5b7a2450b
InService
Healthy
{}
[2022-04-18T21:08:42]==============================[STATS]
jh CPU load avg:
0.12 0.16 0.11 1/158 3119
i-0339ac4087db66ba2
InService
Healthy
{}
i-07c92f0fc556db029
InService
Healthy
{}
i-0a66445e5b7a2450b
InService
Healthy
{}
[2022-04-18T21:08:43]==============================[WARMUP RUN c23]==============================
21:08:43 I logger.go:127> Log level is now 4 Error (was 2 Info)
Fortio 1.19.0 running at -1 queries per second, 2->2 procs, for 1m30s: http://asg-1-lb-98849600.us-east-1.elb.amazonaws.com:3000/?n=200
Aggregated Function Time : count 260991 avg 0.007931332 +/- 0.01486 min 0.001087049 max 0.758404742 sum 2070.00628
# target 50% 0.00641744
# target 75% 0.00908265
# target 90% 0.0150805
# target 99% 0.0443848
# target 99.9% 0.222345
Sockets used: 23 (for perfect keepalive, would be 23)
Jitter: false
Code 200 : 260991 (100.0 %)
All done 260991 calls (plus 23 warmup) 7.931 ms avg, 2898.6 qps
Successfully wrote 4754 bytes of Json data to 2022-04-18-210843_asg_raupi_3_warmup_23.json
fortio exit code: 0
[2022-04-18T21:10:13]==============================[STATS]
jh CPU load avg:
0.08 0.13 0.10 1/158 3191
i-0339ac4087db66ba2
InService
Healthy
{}
i-07c92f0fc556db029
InService
Healthy
{}
i-0a66445e5b7a2450b
InService
Healthy
{}
[2022-04-18T21:11:13]==============================[STATS]
jh CPU load avg:
0.03 0.10 0.09 1/158 3201
i-0339ac4087db66ba2
InService
Healthy
{}
i-07c92f0fc556db029
InService
Healthy
{}
i-0a66445e5b7a2450b
InService
Healthy
{}
[2022-04-18T21:11:14]==============================[WARMUP RUN c24]==============================
21:11:14 I logger.go:127> Log level is now 4 Error (was 2 Info)
Fortio 1.19.0 running at -1 queries per second, 2->2 procs, for 1m30s: http://asg-1-lb-98849600.us-east-1.elb.amazonaws.com:3000/?n=200
Aggregated Function Time : count 261377 avg 0.0082680042 +/- 0.02593 min 0.001152035 max 1.789904365 sum 2161.06614
# target 50% 0.00643555
# target 75% 0.00907733
# target 90% 0.0148955
# target 99% 0.0444234
# target 99.9% 0.337032
Sockets used: 24 (for perfect keepalive, would be 24)
Jitter: false
Code 200 : 261377 (100.0 %)
All done 261377 calls (plus 24 warmup) 8.268 ms avg, 2901.0 qps
Successfully wrote 5355 bytes of Json data to 2022-04-18-211114_asg_raupi_3_warmup_24.json
fortio exit code: 0
[2022-04-18T21:12:44]==============================[STATS]
jh CPU load avg:
0.05 0.09 0.09 1/158 3219
i-0339ac4087db66ba2
InService
Healthy
{}
i-07c92f0fc556db029
InService
Healthy
{}
i-0a66445e5b7a2450b
InService
Healthy
{}
[2022-04-18T21:13:45]==============================[STATS]
jh CPU load avg:
0.02 0.07 0.08 1/158 3228
i-0339ac4087db66ba2
InService
Healthy
{}
i-07c92f0fc556db029
InService
Healthy
{}
i-0a66445e5b7a2450b
InService
Healthy
{}
[2022-04-18T21:13:46]==============================[WARMUP RUN c25]==============================
21:13:46 I logger.go:127> Log level is now 4 Error (was 2 Info)
Fortio 1.19.0 running at -1 queries per second, 2->2 procs, for 1m30s: http://asg-1-lb-98849600.us-east-1.elb.amazonaws.com:3000/?n=200
Aggregated Function Time : count 259521 avg 0.0086720909 +/- 0.02856 min 0.001176988 max 2.178310705 sum 2250.58971
# target 50% 0.00660664
# target 75% 0.00932149
# target 90% 0.0157308
# target 99% 0.044629
# target 99.9% 0.466479
Sockets used: 25 (for perfect keepalive, would be 25)
Jitter: false
Code 200 : 259521 (100.0 %)
All done 259521 calls (plus 25 warmup) 8.672 ms avg, 2877.9 qps
Successfully wrote 5332 bytes of Json data to 2022-04-18-211346_asg_raupi_3_warmup_25.json
fortio exit code: 0
[2022-04-18T21:15:16]==============================[STATS]
jh CPU load avg:
0.22 0.13 0.10 1/158 3245
i-0339ac4087db66ba2
InService
Healthy
{}
i-07c92f0fc556db029
InService
Healthy
{}
i-0a66445e5b7a2450b
InService
Healthy
{}
{
    "LoadBalancerDescriptions": [
        {
            "Subnets": [
                "subnet-02948ecb3f19c0f81", 
                "subnet-0f740d903a632cac1"
            ], 
            "CanonicalHostedZoneNameID": "Z35SXDOTRQ7X7K", 
            "CanonicalHostedZoneName": "asg-1-lb-98849600.us-east-1.elb.amazonaws.com", 
            "ListenerDescriptions": [
                {
                    "Listener": {
                        "InstancePort": 3000, 
                        "LoadBalancerPort": 3000, 
                        "Protocol": "TCP", 
                        "InstanceProtocol": "TCP"
                    }, 
                    "PolicyNames": []
                }, 
                {
                    "Listener": {
                        "InstancePort": 80, 
                        "LoadBalancerPort": 80, 
                        "Protocol": "TCP", 
                        "InstanceProtocol": "TCP"
                    }, 
                    "PolicyNames": []
                }
            ], 
            "HealthCheck": {
                "HealthyThreshold": 2, 
                "Interval": 10, 
                "Target": "HTTP:3000/?n=200", 
                "Timeout": 5, 
                "UnhealthyThreshold": 6
            }, 
            "VPCId": "vpc-094cdde1cc45b5cb8", 
            "BackendServerDescriptions": [], 
            "Instances": [
                {
                    "InstanceId": "i-0339ac4087db66ba2"
                }, 
                {
                    "InstanceId": "i-0a66445e5b7a2450b"
                }, 
                {
                    "InstanceId": "i-07c92f0fc556db029"
                }
            ], 
            "DNSName": "asg-1-lb-98849600.us-east-1.elb.amazonaws.com", 
            "SecurityGroups": [
                "sg-00baf999be107a469"
            ], 
            "Policies": {
                "LBCookieStickinessPolicies": [], 
                "AppCookieStickinessPolicies": [], 
                "OtherPolicies": []
            }, 
            "LoadBalancerName": "asg-1-lb", 
            "CreatedTime": "2022-04-18T20:39:18.560Z", 
            "AvailabilityZones": [
                "us-east-1b", 
                "us-east-1a"
            ], 
            "Scheme": "internet-facing", 
            "SourceSecurityGroup": {
                "OwnerAlias": "111165224112", 
                "GroupName": "asg-1-ALBSecurityGroup-146BVW28FO4JO"
            }
        }
    ]
}
{
    "AutoScalingGroups": [
        {
            "AutoScalingGroupARN": "arn:aws:autoscaling:us-east-1:111165224112:autoScalingGroup:2ef0ad8c-6253-49f2-8951-abc53a2808ed:autoScalingGroupName/asg-1-myASG", 
            "ServiceLinkedRoleARN": "arn:aws:iam::111165224112:role/aws-service-role/autoscaling.amazonaws.com/AWSServiceRoleForAutoScaling", 
            "TargetGroupARNs": [], 
            "SuspendedProcesses": [], 
            "LaunchTemplate": {
                "LaunchTemplateName": "asg-1-launch-template", 
                "Version": "1", 
                "LaunchTemplateId": "lt-0e8d0adabb2b18963"
            }, 
            "Tags": [
                {
                    "ResourceType": "auto-scaling-group", 
                    "ResourceId": "asg-1-myASG", 
                    "PropagateAtLaunch": true, 
                    "Value": "asg-1-instance", 
                    "Key": "Name"
                }, 
                {
                    "ResourceType": "auto-scaling-group", 
                    "ResourceId": "asg-1-myASG", 
                    "PropagateAtLaunch": false, 
                    "Value": "WebServerGroup", 
                    "Key": "Purpose"
                }, 
                {
                    "ResourceType": "auto-scaling-group", 
                    "ResourceId": "asg-1-myASG", 
                    "PropagateAtLaunch": true, 
                    "Value": "myASG", 
                    "Key": "aws:cloudformation:logical-id"
                }, 
                {
                    "ResourceType": "auto-scaling-group", 
                    "ResourceId": "asg-1-myASG", 
                    "PropagateAtLaunch": true, 
                    "Value": "arn:aws:cloudformation:us-east-1:111165224112:stack/asg-1/94412500-bf57-11ec-9226-0e3ef7c1496b", 
                    "Key": "aws:cloudformation:stack-id"
                }, 
                {
                    "ResourceType": "auto-scaling-group", 
                    "ResourceId": "asg-1-myASG", 
                    "PropagateAtLaunch": true, 
                    "Value": "asg-1", 
                    "Key": "aws:cloudformation:stack-name"
                }
            ], 
            "EnabledMetrics": [
                {
                    "Metric": "GroupAndWarmPoolDesiredCapacity", 
                    "Granularity": "1Minute"
                }, 
                {
                    "Metric": "WarmPoolTotalCapacity", 
                    "Granularity": "1Minute"
                }, 
                {
                    "Metric": "GroupTerminatingInstances", 
                    "Granularity": "1Minute"
                }, 
                {
                    "Metric": "GroupDesiredCapacity", 
                    "Granularity": "1Minute"
                }, 
                {
                    "Metric": "GroupPendingCapacity", 
                    "Granularity": "1Minute"
                }, 
                {
                    "Metric": "GroupTerminatingCapacity", 
                    "Granularity": "1Minute"
                }, 
                {
                    "Metric": "GroupInServiceInstances", 
                    "Granularity": "1Minute"
                }, 
                {
                    "Metric": "WarmPoolDesiredCapacity", 
                    "Granularity": "1Minute"
                }, 
                {
                    "Metric": "GroupTotalInstances", 
                    "Granularity": "1Minute"
                }, 
                {
                    "Metric": "WarmPoolPendingCapacity", 
                    "Granularity": "1Minute"
                }, 
                {
                    "Metric": "WarmPoolTerminatingCapacity", 
                    "Granularity": "1Minute"
                }, 
                {
                    "Metric": "WarmPoolWarmedCapacity", 
                    "Granularity": "1Minute"
                }, 
                {
                    "Metric": "GroupInServiceCapacity", 
                    "Granularity": "1Minute"
                }, 
                {
                    "Metric": "GroupMinSize", 
                    "Granularity": "1Minute"
                }, 
                {
                    "Metric": "GroupAndWarmPoolTotalCapacity", 
                    "Granularity": "1Minute"
                }, 
                {
                    "Metric": "GroupMaxSize", 
                    "Granularity": "1Minute"
                }, 
                {
                    "Metric": "GroupTotalCapacity", 
                    "Granularity": "1Minute"
                }, 
                {
                    "Metric": "GroupStandbyInstances", 
                    "Granularity": "1Minute"
                }, 
                {
                    "Metric": "GroupStandbyCapacity", 
                    "Granularity": "1Minute"
                }, 
                {
                    "Metric": "GroupPendingInstances", 
                    "Granularity": "1Minute"
                }, 
                {
                    "Metric": "WarmPoolMinSize", 
                    "Granularity": "1Minute"
                }
            ], 
            "TerminationPolicies": [
                "Default"
            ], 
            "AutoScalingGroupName": "asg-1-myASG", 
            "DefaultCooldown": 300, 
            "MinSize": 1, 
            "Instances": [
                {
                    "ProtectedFromScaleIn": false, 
                    "AvailabilityZone": "us-east-1b", 
                    "LaunchTemplate": {
                        "LaunchTemplateName": "asg-1-launch-template", 
                        "Version": "1", 
                        "LaunchTemplateId": "lt-0e8d0adabb2b18963"
                    }, 
                    "InstanceId": "i-0339ac4087db66ba2", 
                    "HealthStatus": "Healthy", 
                    "LifecycleState": "InService", 
                    "InstanceType": "t3.medium"
                }, 
                {
                    "ProtectedFromScaleIn": false, 
                    "AvailabilityZone": "us-east-1b", 
                    "LaunchTemplate": {
                        "LaunchTemplateName": "asg-1-launch-template", 
                        "Version": "1", 
                        "LaunchTemplateId": "lt-0e8d0adabb2b18963"
                    }, 
                    "InstanceId": "i-07c92f0fc556db029", 
                    "HealthStatus": "Healthy", 
                    "LifecycleState": "InService", 
                    "InstanceType": "t3.medium"
                }, 
                {
                    "ProtectedFromScaleIn": false, 
                    "AvailabilityZone": "us-east-1a", 
                    "LaunchTemplate": {
                        "LaunchTemplateName": "asg-1-launch-template", 
                        "Version": "1", 
                        "LaunchTemplateId": "lt-0e8d0adabb2b18963"
                    }, 
                    "InstanceId": "i-0a66445e5b7a2450b", 
                    "HealthStatus": "Healthy", 
                    "LifecycleState": "InService", 
                    "InstanceType": "t3.medium"
                }
            ], 
            "MaxSize": 3, 
            "VPCZoneIdentifier": "subnet-0f740d903a632cac1,subnet-02948ecb3f19c0f81", 
            "HealthCheckGracePeriod": 300, 
            "LoadBalancerNames": [
                "asg-1-lb"
            ], 
            "CreatedTime": "2022-04-18T20:41:42.775Z", 
            "AvailabilityZones": [
                "us-east-1a", 
                "us-east-1b"
            ], 
            "HealthCheckType": "EC2", 
            "NewInstancesProtectedFromScaleIn": false, 
            "DesiredCapacity": 3
        }
    ]
}
[2022-04-18T21:16:19]==============================[PERFORMANCE CHUNK RUN 26]==============================
[2022-04-18T21:17:19]==============================[STATS]
jh CPU load avg:
0.04 0.09 0.09 1/158 3271
i-0339ac4087db66ba2
InService
Healthy
{}
i-07c92f0fc556db029
InService
Healthy
{}
i-0a66445e5b7a2450b
InService
Healthy
{}
21:17:20 I logger.go:127> Log level is now 4 Error (was 2 Info)
Fortio 1.19.0 running at -1 queries per second, 2->2 procs, for 1m0s: http://asg-1-lb-98849600.us-east-1.elb.amazonaws.com:3000/?n=200
Aggregated Function Time : count 167703 avg 0.0089444223 +/- 0.02392 min 0.001163051 max 1.027396063 sum 1500.00645
# target 50% 0.00667804
# target 75% 0.00943556
# target 90% 0.016309
# target 99% 0.0472167
# target 99.9% 0.313119
Sockets used: 25 (for perfect keepalive, would be 25)
Jitter: false
Code 200 : 167703 (100.0 %)
All done 167703 calls (plus 25 warmup) 8.944 ms avg, 2794.7 qps
Successfully wrote 4865 bytes of Json data to 2022-04-18-211720_asg_raupi_3_performance_chunk_26_1.json
fortio exit code: 0
[2022-04-18T21:18:20]==============================[STATS]
jh CPU load avg:
0.20 0.12 0.10 1/158 3287
i-0339ac4087db66ba2
InService
Healthy
{}
i-07c92f0fc556db029
InService
Healthy
{}
i-0a66445e5b7a2450b
InService
Healthy
{}
21:18:20 I logger.go:127> Log level is now 4 Error (was 2 Info)
Fortio 1.19.0 running at -1 queries per second, 2->2 procs, for 1m0s: http://asg-1-lb-98849600.us-east-1.elb.amazonaws.com:3000/?n=200
Aggregated Function Time : count 167175 avg 0.0089735702 +/- 0.02928 min 0.001231661 max 1.313989595 sum 1500.1566
# target 50% 0.00659471
# target 75% 0.00927627
# target 90% 0.0156794
# target 99% 0.0531708
# target 99.9% 0.466181
Sockets used: 25 (for perfect keepalive, would be 25)
Jitter: false
Code 200 : 167175 (100.0 %)
All done 167175 calls (plus 25 warmup) 8.974 ms avg, 2785.0 qps
Successfully wrote 5111 bytes of Json data to 2022-04-18-211820_asg_raupi_3_performance_chunk_26_2.json
fortio exit code: 0
[2022-04-18T21:19:20]==============================[STATS]
jh CPU load avg:
0.16 0.13 0.10 1/158 3303
i-0339ac4087db66ba2
InService
Healthy
{}
i-07c92f0fc556db029
InService
Healthy
{}
i-0a66445e5b7a2450b
InService
Healthy
{}
21:19:21 I logger.go:127> Log level is now 4 Error (was 2 Info)
Fortio 1.19.0 running at -1 queries per second, 2->2 procs, for 1m0s: http://asg-1-lb-98849600.us-east-1.elb.amazonaws.com:3000/?n=200
Aggregated Function Time : count 160757 avg 0.0093323001 +/- 0.03227 min 0.001131852 max 1.758200019 sum 1500.23257
# target 50% 0.00672964
# target 75% 0.00952856
# target 90% 0.0164119
# target 99% 0.0486925
# target 99.9% 0.492567
Sockets used: 25 (for perfect keepalive, would be 25)
Jitter: false
Code 200 : 160757 (100.0 %)
All done 160757 calls (plus 25 warmup) 9.332 ms avg, 2678.3 qps
Successfully wrote 5109 bytes of Json data to 2022-04-18-211921_asg_raupi_3_performance_chunk_26_3.json
fortio exit code: 0
[2022-04-18T21:20:21]==============================[STATS]
jh CPU load avg:
0.06 0.10 0.09 1/159 3325
i-0339ac4087db66ba2
InService
Healthy
{}
i-07c92f0fc556db029
InService
Healthy
{}
i-0a66445e5b7a2450b
InService
Healthy
{}
21:20:22 I logger.go:127> Log level is now 4 Error (was 2 Info)
Fortio 1.19.0 running at -1 queries per second, 2->2 procs, for 1m0s: http://asg-1-lb-98849600.us-east-1.elb.amazonaws.com:3000/?n=200
Aggregated Function Time : count 166717 avg 0.0089977905 +/- 0.03748 min 0.001104362 max 2.312928813 sum 1500.08463
# target 50% 0.0066164
# target 75% 0.00937245
# target 90% 0.0157429
# target 99% 0.0451088
# target 99.9% 0.613711
Sockets used: 25 (for perfect keepalive, would be 25)
Jitter: false
Code 200 : 166717 (100.0 %)
All done 166717 calls (plus 25 warmup) 8.998 ms avg, 2777.3 qps
Successfully wrote 5216 bytes of Json data to 2022-04-18-212022_asg_raupi_3_performance_chunk_26_4.json
fortio exit code: 0
[2022-04-18T21:21:22]==============================[STATS]
jh CPU load avg:
0.05 0.09 0.09 1/159 3341
i-0339ac4087db66ba2
InService
Healthy
{}
i-07c92f0fc556db029
InService
Healthy
{}
i-0a66445e5b7a2450b
InService
Healthy
{}
21:21:23 I logger.go:127> Log level is now 4 Error (was 2 Info)
Fortio 1.19.0 running at -1 queries per second, 2->2 procs, for 1m0s: http://asg-1-lb-98849600.us-east-1.elb.amazonaws.com:3000/?n=200
Aggregated Function Time : count 167049 avg 0.0089795878 +/- 0.02755 min 0.001134509 max 1.73617365 sum 1500.03116
# target 50% 0.00661603
# target 75% 0.00935682
# target 90% 0.015917
# target 99% 0.0522608
# target 99.9% 0.43081
Sockets used: 25 (for perfect keepalive, would be 25)
Jitter: false
Code 200 : 167049 (100.0 %)
All done 167049 calls (plus 25 warmup) 8.980 ms avg, 2782.9 qps
Successfully wrote 5354 bytes of Json data to 2022-04-18-212124_asg_raupi_3_performance_chunk_26_5.json
fortio exit code: 0
[2022-04-18T21:23:24]==============================[STATS]
jh CPU load avg:
0.09 0.12 0.09 1/159 3361
i-0339ac4087db66ba2
InService
Healthy
{}
i-07c92f0fc556db029
InService
Healthy
{}
i-0a66445e5b7a2450b
InService
Healthy
{}
[2022-04-18T21:23:24]==============================[PERFORMANCE RUN 1]==============================
21:23:24 I logger.go:127> Log level is now 4 Error (was 2 Info)
Fortio 1.19.0 running at -1 queries per second, 2->2 procs, for 5m0s: http://asg-1-lb-98849600.us-east-1.elb.amazonaws.com:3000/?n=200
Aggregated Function Time : count 846092 avg 0.0088638822 +/- 0.03001 min 0.00112917 max 1.893676244 sum 7499.65985
# target 50% 0.00649646
# target 75% 0.00918011
# target 90% 0.0153383
# target 99% 0.0484318
# target 99.9% 0.44385
Sockets used: 25 (for perfect keepalive, would be 25)
Jitter: false
Code 200 : 846092 (100.0 %)
All done 846092 calls (plus 25 warmup) 8.864 ms avg, 2820.2 qps
Successfully wrote 5487 bytes of Json data to 2022-04-18-212325_asg_raupi_3_performance_1.json
fortio exit code: 0
[2022-04-18T21:28:25]==============================[STATS]
jh CPU load avg:
0.08 0.10 0.09 1/164 3392
i-0339ac4087db66ba2
InService
Healthy
{}
i-07c92f0fc556db029
InService
Healthy
{}
i-0a66445e5b7a2450b
InService
Healthy
{}
[2022-04-18T21:29:25]==============================[STATS]
jh CPU load avg:
0.03 0.08 0.08 1/164 3401
i-0339ac4087db66ba2
InService
Healthy
{}
i-07c92f0fc556db029
InService
Healthy
{}
i-0a66445e5b7a2450b
InService
Healthy
{}
[2022-04-18T21:29:26]==============================[PERFORMANCE RUN 2]==============================
21:29:26 I logger.go:127> Log level is now 4 Error (was 2 Info)
Fortio 1.19.0 running at -1 queries per second, 2->2 procs, for 5m0s: http://asg-1-lb-98849600.us-east-1.elb.amazonaws.com:3000/?n=200
Aggregated Function Time : count 823870 avg 0.0091030282 +/- 0.03629 min 0.001108982 max 3.804305901 sum 7499.71182
# target 50% 0.00664641
# target 75% 0.00941514
# target 90% 0.0160779
# target 99% 0.0467839
# target 99.9% 0.494852
Sockets used: 38 (for perfect keepalive, would be 25)
Jitter: false
Code 200 : 823870 (100.0 %)
All done 823870 calls (plus 25 warmup) 9.103 ms avg, 2746.1 qps
Successfully wrote 5850 bytes of Json data to 2022-04-18-212926_asg_raupi_3_performance_2.json
fortio exit code: 0
[2022-04-18T21:34:26]==============================[STATS]
jh CPU load avg:
0.10 0.12 0.09 1/166 3430
i-0339ac4087db66ba2
InService
Healthy
{}
i-07c92f0fc556db029
InService
Healthy
{}
i-0a66445e5b7a2450b
InService
Healthy
{}
[2022-04-18T21:35:27]==============================[STATS]
jh CPU load avg:
0.04 0.09 0.08 1/164 3490
i-0339ac4087db66ba2
InService
Healthy
{}
i-07c92f0fc556db029
InService
Healthy
{}
i-0a66445e5b7a2450b
InService
Healthy
{}
[2022-04-18T21:35:28]==============================[PERFORMANCE RUN 3]==============================
21:35:28 I logger.go:127> Log level is now 4 Error (was 2 Info)
Fortio 1.19.0 running at -1 queries per second, 2->2 procs, for 5m0s: http://asg-1-lb-98849600.us-east-1.elb.amazonaws.com:3000/?n=200
Aggregated Function Time : count 834537 avg 0.0089868372 +/- 0.0324 min 0.001186027 max 2.493739216 sum 7499.84815
# target 50% 0.00646651
# target 75% 0.00910676
# target 90% 0.0149074
# target 99% 0.0511819
# target 99.9% 0.483402
Sockets used: 25 (for perfect keepalive, would be 25)
Jitter: false
Code 200 : 834537 (100.0 %)
All done 834537 calls (plus 25 warmup) 8.987 ms avg, 2781.5 qps
Successfully wrote 5732 bytes of Json data to 2022-04-18-213528_asg_raupi_3_performance_3.json
fortio exit code: 0
[2022-04-18T21:40:28]==============================[STATS]
jh CPU load avg:
0.08 0.10 0.09 1/166 3519
i-0339ac4087db66ba2
InService
Healthy
{}
i-07c92f0fc556db029
InService
Healthy
{}
i-0a66445e5b7a2450b
InService
Healthy
{}
scaling to 0
{
    "Alarms": [
        {
            "AlarmName": "TargetTracking-asg-1-myASG-AlarmHigh-c01842ba-382a-4f1d-950f-1302523328ab", 
            "AlarmARN": "arn:aws:cloudwatch:us-east-1:111165224112:alarm:TargetTracking-asg-1-myASG-AlarmHigh-c01842ba-382a-4f1d-950f-1302523328ab"
        }, 
        {
            "AlarmName": "TargetTracking-asg-1-myASG-AlarmLow-b72756e3-be78-4c74-bd1b-2525b9b41362", 
            "AlarmARN": "arn:aws:cloudwatch:us-east-1:111165224112:alarm:TargetTracking-asg-1-myASG-AlarmLow-b72756e3-be78-4c74-bd1b-2525b9b41362"
        }
    ], 
    "PolicyARN": "arn:aws:autoscaling:us-east-1:111165224112:scalingPolicy:673a0767-8cc5-4130-a4a8-c9ef432d16d3:autoScalingGroupName/asg-1-myASG:policyName/asg-1-AppServerSP-1DNU95ZQHG7X8"
}
[2022-04-18T21:41:01]==============================[SCALING RUN 1: INIT]==============================
{
    "Alarms": [
        {
            "AlarmName": "TargetTracking-asg-1-myASG-AlarmHigh-c01842ba-382a-4f1d-950f-1302523328ab", 
            "AlarmARN": "arn:aws:cloudwatch:us-east-1:111165224112:alarm:TargetTracking-asg-1-myASG-AlarmHigh-c01842ba-382a-4f1d-950f-1302523328ab"
        }, 
        {
            "AlarmName": "TargetTracking-asg-1-myASG-AlarmLow-b72756e3-be78-4c74-bd1b-2525b9b41362", 
            "AlarmARN": "arn:aws:cloudwatch:us-east-1:111165224112:alarm:TargetTracking-asg-1-myASG-AlarmLow-b72756e3-be78-4c74-bd1b-2525b9b41362"
        }
    ], 
    "PolicyARN": "arn:aws:autoscaling:us-east-1:111165224112:scalingPolicy:673a0767-8cc5-4130-a4a8-c9ef432d16d3:autoScalingGroupName/asg-1-myASG:policyName/asg-1-AppServerSP-1DNU95ZQHG7X8"
}
scaling to 1
[2022-04-18T21:41:03]==============================[SCALING RUN 1: ENABLE SCALING - SLEEP]==============================
{
    "Alarms": [
        {
            "AlarmName": "TargetTracking-asg-1-myASG-AlarmHigh-3766d3f8-fb67-4099-a262-0360cb64da57", 
            "AlarmARN": "arn:aws:cloudwatch:us-east-1:111165224112:alarm:TargetTracking-asg-1-myASG-AlarmHigh-3766d3f8-fb67-4099-a262-0360cb64da57"
        }, 
        {
            "AlarmName": "TargetTracking-asg-1-myASG-AlarmLow-370fa7c6-50ee-4fd9-b7f1-e3e4cdf38d44", 
            "AlarmARN": "arn:aws:cloudwatch:us-east-1:111165224112:alarm:TargetTracking-asg-1-myASG-AlarmLow-370fa7c6-50ee-4fd9-b7f1-e3e4cdf38d44"
        }
    ], 
    "PolicyARN": "arn:aws:autoscaling:us-east-1:111165224112:scalingPolicy:673a0767-8cc5-4130-a4a8-c9ef432d16d3:autoScalingGroupName/asg-1-myASG:policyName/asg-1-AppServerSP-1DNU95ZQHG7X8"
}
[2022-04-18T21:44:04]==============================[SCALING RUN 1: FORTIO]==============================
[2022-04-18T21:44:04]==============================[STATS]
jh CPU load avg:
0.51 0.22 0.13 1/166 586
i-0daeb689aa8d023a6
InService
Healthy
{}
[2022-04-18T21:44:05]==============================[SCALING RUN 1: CHUNK 1]==============================
21:44:05 I logger.go:127> Log level is now 4 Error (was 2 Info)
Fortio 1.19.0 running at -1 queries per second, 2->2 procs, for 1m0s: http://asg-1-lb-98849600.us-east-1.elb.amazonaws.com:3000/?n=200
Aggregated Function Time : count 44221 avg 0.033970366 +/- 0.1363 min 0.001391612 max 2.940135399 sum 1502.20354
# target 50% 0.0123967
# target 75% 0.0195319
# target 90% 0.0345522
# target 99% 0.623097
# target 99.9% 1.92655
Sockets used: 25 (for perfect keepalive, would be 25)
Jitter: false
Code 200 : 44221 (100.0 %)
All done 44221 calls (plus 25 warmup) 33.970 ms avg, 735.1 qps
Successfully wrote 5818 bytes of Json data to 2022-04-18-214405_asg_raupi_3_scaling_1_1.json
fortio exit code: 0
[2022-04-18T21:45:05]==============================[STATS]
jh CPU load avg:
0.19 0.18 0.12 1/166 604
i-0daeb689aa8d023a6
InService
Healthy
{}
[2022-04-18T21:45:06]==============================[SCALING RUN 1: CHUNK 2]==============================
21:45:06 I logger.go:127> Log level is now 4 Error (was 2 Info)
Fortio 1.19.0 running at -1 queries per second, 2->2 procs, for 1m0s: http://asg-1-lb-98849600.us-east-1.elb.amazonaws.com:3000/?n=200
21:45:17 E http_client.go:787> Read error &{{0xc0000ff900}} 54.166.80.0:3000 134 : read tcp 172.31.27.153:42814->54.166.80.0:3000: i/o timeout
21:45:17 E http_client.go:787> Read error &{{0xc0000fe300}} 54.157.247.252:3000 134 : read tcp 172.31.27.153:49572->54.157.247.252:3000: i/o timeout
21:45:17 E http_client.go:787> Read error &{{0xc00023a380}} 54.157.247.252:3000 134 : read tcp 172.31.27.153:49548->54.157.247.252:3000: i/o timeout
21:45:17 E http_client.go:787> Read error &{{0xc00006f000}} 54.157.247.252:3000 134 : read tcp 172.31.27.153:49560->54.157.247.252:3000: i/o timeout
21:45:17 E http_client.go:787> Read error &{{0xc00023a780}} 54.157.247.252:3000 134 : read tcp 172.31.27.153:49552->54.157.247.252:3000: i/o timeout
21:45:17 E http_client.go:787> Read error &{{0xc00023aa80}} 54.166.80.0:3000 134 : read tcp 172.31.27.153:42830->54.166.80.0:3000: i/o timeout
21:45:18 E http_client.go:787> Read error &{{0xc0000fe500}} 54.166.80.0:3000 0 : read tcp 172.31.27.153:42860->54.166.80.0:3000: i/o timeout
21:45:24 E http_client.go:787> Read error &{{0xc000058180}} 54.157.247.252:3000 0 : read tcp 172.31.27.153:49612->54.157.247.252:3000: i/o timeout
21:45:24 E http_client.go:787> Read error &{{0xc000058080}} 54.157.247.252:3000 0 : read tcp 172.31.27.153:49610->54.157.247.252:3000: i/o timeout
21:45:24 E http_client.go:787> Read error &{{0xc000058280}} 54.157.247.252:3000 0 : read tcp 172.31.27.153:49614->54.157.247.252:3000: i/o timeout
21:45:24 E http_client.go:787> Read error &{{0xc000058380}} 54.166.80.0:3000 0 : read tcp 172.31.27.153:42894->54.166.80.0:3000: i/o timeout
21:45:24 E http_client.go:787> Read error &{{0xc000058480}} 54.166.80.0:3000 0 : read tcp 172.31.27.153:42898->54.166.80.0:3000: i/o timeout
21:45:24 E http_client.go:787> Read error &{{0xc0000ff100}} 54.166.80.0:3000 0 : read tcp 172.31.27.153:42896->54.166.80.0:3000: i/o timeout
21:45:24 E http_client.go:787> Read error &{{0xc0000ff200}} 54.157.247.252:3000 0 : read tcp 172.31.27.153:49624->54.157.247.252:3000: i/o timeout
21:45:27 E http_client.go:787> Read error &{{0xc0000ff300}} 54.157.247.252:3000 0 : read tcp 172.31.27.153:49628->54.157.247.252:3000: i/o timeout
21:45:27 E http_client.go:787> Read error &{{0xc000058580}} 54.157.247.252:3000 0 : read tcp 172.31.27.153:49626->54.157.247.252:3000: i/o timeout
21:45:27 E http_client.go:787> Read error &{{0xc0000ff480}} 54.157.247.252:3000 0 : read tcp 172.31.27.153:49632->54.157.247.252:3000: i/o timeout
21:45:27 E http_client.go:787> Read error &{{0xc0000ff580}} 54.166.80.0:3000 0 : read tcp 172.31.27.153:42910->54.166.80.0:3000: i/o timeout
21:45:27 E http_client.go:787> Read error &{{0xc0000ff680}} 54.166.80.0:3000 0 : read tcp 172.31.27.153:42912->54.166.80.0:3000: i/o timeout
21:45:27 E http_client.go:787> Read error &{{0xc000058680}} 54.166.80.0:3000 0 : read tcp 172.31.27.153:42914->54.166.80.0:3000: i/o timeout
21:45:27 E http_client.go:787> Read error &{{0xc0000ff780}} 54.157.247.252:3000 0 : read tcp 172.31.27.153:49642->54.157.247.252:3000: i/o timeout
Aggregated Function Time : count 46494 avg 0.032286733 +/- 0.2357 min 0.001299609 max 6.001708242 sum 1501.13938
# target 50% 0.0118615
# target 75% 0.0181512
# target 90% 0.0290616
# target 99% 0.166246
# target 99.9% 4.26623
Sockets used: 152 (for perfect keepalive, would be 25)
Jitter: false
Code  -1 : 21 (0.0 %)
Code 200 : 46473 (100.0 %)
All done 46494 calls (plus 25 warmup) 32.287 ms avg, 774.1 qps
Successfully wrote 6642 bytes of Json data to 2022-04-18-214506_asg_raupi_3_scaling_1_2.json
fortio exit code: 0
[2022-04-18T21:46:06]==============================[STATS]
jh CPU load avg:
0.07 0.14 0.11 1/163 621
i-0daeb689aa8d023a6
InService
Healthy
{}
[2022-04-18T21:46:07]==============================[SCALING RUN 1: CHUNK 3]==============================
21:46:07 I logger.go:127> Log level is now 4 Error (was 2 Info)
Fortio 1.19.0 running at -1 queries per second, 2->2 procs, for 1m0s: http://asg-1-lb-98849600.us-east-1.elb.amazonaws.com:3000/?n=200
Aggregated Function Time : count 42906 avg 0.035033883 +/- 0.121 min 0.001362096 max 1.8898688510000001 sum 1503.1638
# target 50% 0.014009
# target 75% 0.0218003
# target 90% 0.0460895
# target 99% 0.688982
# target 99.9% 1.65675
Sockets used: 25 (for perfect keepalive, would be 25)
Jitter: false
Code 200 : 42906 (100.0 %)
All done 42906 calls (plus 25 warmup) 35.034 ms avg, 713.3 qps
Successfully wrote 5469 bytes of Json data to 2022-04-18-214607_asg_raupi_3_scaling_1_3.json
fortio exit code: 0
[2022-04-18T21:47:07]==============================[STATS]
jh CPU load avg:
0.16 0.15 0.11 1/164 641
i-0daeb689aa8d023a6
InService
Healthy
{}
[2022-04-18T21:47:08]==============================[SCALING RUN 1: CHUNK 4]==============================
21:47:08 I logger.go:127> Log level is now 4 Error (was 2 Info)
Fortio 1.19.0 running at -1 queries per second, 2->2 procs, for 1m0s: http://asg-1-lb-98849600.us-east-1.elb.amazonaws.com:3000/?n=200
21:47:53 E http_client.go:787> Read error &{{0xc0000fe280}} 54.166.80.0:3000 134 : read tcp 172.31.27.153:43250->54.166.80.0:3000: i/o timeout
Aggregated Function Time : count 40200 avg 0.037318536 +/- 0.2169 min 0.001359146 max 4.928428007 sum 1500.20513
# target 50% 0.014594
# target 75% 0.0198868
# target 90% 0.0286302
# target 99% 0.657143
# target 99.9% 3.43333
Sockets used: 99 (for perfect keepalive, would be 25)
Jitter: false
Code  -1 : 1 (0.0 %)
Code 200 : 40199 (100.0 %)
All done 40200 calls (plus 25 warmup) 37.319 ms avg, 669.8 qps
Successfully wrote 6164 bytes of Json data to 2022-04-18-214708_asg_raupi_3_scaling_1_4.json
fortio exit code: 0
[2022-04-18T21:48:08]==============================[STATS]
jh CPU load avg:
0.05 0.11 0.10 1/164 659
i-038ee74b62c5ee654
Pending
Healthy
{}
i-03936065743f91440
Pending
Healthy
{}
i-0daeb689aa8d023a6
InService
Healthy
{}
[2022-04-18T21:48:09]==============================[SCALING RUN 1: CHUNK 5]==============================
21:48:09 I logger.go:127> Log level is now 4 Error (was 2 Info)
Fortio 1.19.0 running at -1 queries per second, 2->2 procs, for 1m0s: http://asg-1-lb-98849600.us-east-1.elb.amazonaws.com:3000/?n=200
Aggregated Function Time : count 111345 avg 0.013471727 +/- 0.08585 min 0.00110382 max 3.349732179 sum 1500.00944
# target 50% 0.00732791
# target 75% 0.0117249
# target 90% 0.0190448
# target 99% 0.065298
# target 99.9% 1.13581
Sockets used: 87 (for perfect keepalive, would be 25)
Jitter: false
Code 200 : 111345 (100.0 %)
All done 111345 calls (plus 25 warmup) 13.472 ms avg, 1855.6 qps
Successfully wrote 5571 bytes of Json data to 2022-04-18-214810_asg_raupi_3_scaling_1_5.json
fortio exit code: 0
[2022-04-18T21:49:10]==============================[STATS]
jh CPU load avg:
0.16 0.12 0.10 1/164 677
i-038ee74b62c5ee654
InService
Healthy
{}
i-03936065743f91440
InService
Healthy
{}
i-0daeb689aa8d023a6
InService
Healthy
{}
[2022-04-18T21:49:11]==============================[SCALING RUN 1: CHUNK 6]==============================
21:49:11 I logger.go:127> Log level is now 4 Error (was 2 Info)
Fortio 1.19.0 running at -1 queries per second, 2->2 procs, for 1m0s: http://asg-1-lb-98849600.us-east-1.elb.amazonaws.com:3000/?n=200
Aggregated Function Time : count 182795 avg 0.0082059769 +/- 0.01675 min 0.001030338 max 1.345881334 sum 1500.01154
# target 50% 0.00657842
# target 75% 0.00935249
# target 90% 0.0159215
# target 99% 0.048946
# target 99.9% 0.211491
Sockets used: 25 (for perfect keepalive, would be 25)
Jitter: false
Code 200 : 182795 (100.0 %)
All done 182795 calls (plus 25 warmup) 8.206 ms avg, 3045.6 qps
Successfully wrote 4600 bytes of Json data to 2022-04-18-214911_asg_raupi_3_scaling_1_6.json
fortio exit code: 0
[2022-04-18T21:50:11]==============================[STATS]
jh CPU load avg:
0.11 0.11 0.09 1/166 700
i-038ee74b62c5ee654
InService
Healthy
{}
i-03936065743f91440
InService
Healthy
{}
i-0daeb689aa8d023a6
InService
Healthy
{}
[2022-04-18T21:50:11]==============================[SCALING RUN 1: CHUNK 7]==============================
21:50:11 I logger.go:127> Log level is now 4 Error (was 2 Info)
Fortio 1.19.0 running at -1 queries per second, 2->2 procs, for 1m0s: http://asg-1-lb-98849600.us-east-1.elb.amazonaws.com:3000/?n=200
Aggregated Function Time : count 182873 avg 0.0082026236 +/- 0.01914 min 0.001043206 max 0.952130312 sum 1500.03839
# target 50% 0.00645498
# target 75% 0.00916089
# target 90% 0.0153078
# target 99% 0.0412195
# target 99.9% 0.314893
Sockets used: 25 (for perfect keepalive, would be 25)
Jitter: false
Code 200 : 182873 (100.0 %)
All done 182873 calls (plus 25 warmup) 8.203 ms avg, 3046.9 qps
Successfully wrote 4863 bytes of Json data to 2022-04-18-215012_asg_raupi_3_scaling_1_7.json
fortio exit code: 0
[2022-04-18T21:51:12]==============================[STATS]
jh CPU load avg:
0.34 0.18 0.11 1/166 717
i-038ee74b62c5ee654
InService
Healthy
{}
i-03936065743f91440
InService
Healthy
{}
i-0daeb689aa8d023a6
InService
Healthy
{}
[2022-04-18T21:51:12]==============================[SCALING RUN 1: CHUNK 8]==============================
21:51:12 I logger.go:127> Log level is now 4 Error (was 2 Info)
Fortio 1.19.0 running at -1 queries per second, 2->2 procs, for 1m0s: http://asg-1-lb-98849600.us-east-1.elb.amazonaws.com:3000/?n=200
Aggregated Function Time : count 181503 avg 0.0082698217 +/- 0.02467 min 0.001169015 max 1.923928396 sum 1500.99745
# target 50% 0.00650649
# target 75% 0.00917525
# target 90% 0.0155567
# target 99% 0.0457398
# target 99.9% 0.277932
Sockets used: 25 (for perfect keepalive, would be 25)
Jitter: false
Code 200 : 181503 (100.0 %)
All done 181503 calls (plus 25 warmup) 8.270 ms avg, 3013.3 qps
Successfully wrote 4979 bytes of Json data to 2022-04-18-215112_asg_raupi_3_scaling_1_8.json
fortio exit code: 0
[2022-04-18T21:52:13]==============================[STATS]
jh CPU load avg:
0.41 0.22 0.13 1/166 736
i-038ee74b62c5ee654
InService
Healthy
{}
i-03936065743f91440
InService
Healthy
{}
i-0daeb689aa8d023a6
InService
Healthy
{}
[2022-04-18T21:52:13]==============================[SCALING RUN 1: CHUNK 9]==============================
21:52:13 I logger.go:127> Log level is now 4 Error (was 2 Info)
Fortio 1.19.0 running at -1 queries per second, 2->2 procs, for 1m0s: http://asg-1-lb-98849600.us-east-1.elb.amazonaws.com:3000/?n=200
Aggregated Function Time : count 182311 avg 0.0082283707 +/- 0.02338 min 0.001128351 max 1.057311399 sum 1500.12249
# target 50% 0.00646956
# target 75% 0.00914019
# target 90% 0.0152077
# target 99% 0.0462049
# target 99.9% 0.347763
Sockets used: 25 (for perfect keepalive, would be 25)
Jitter: false
Code 200 : 182311 (100.0 %)
All done 182311 calls (plus 25 warmup) 8.228 ms avg, 3035.4 qps
Successfully wrote 4963 bytes of Json data to 2022-04-18-215213_asg_raupi_3_scaling_1_9.json
fortio exit code: 0
[2022-04-18T21:53:13]==============================[STATS]
jh CPU load avg:
0.24 0.21 0.13 1/166 753
i-038ee74b62c5ee654
InService
Healthy
{}
i-03936065743f91440
InService
Healthy
{}
i-0daeb689aa8d023a6
InService
Healthy
{}
[2022-04-18T21:53:14]==============================[SCALING RUN 1: CHUNK 10]==============================
21:53:14 I logger.go:127> Log level is now 4 Error (was 2 Info)
Fortio 1.19.0 running at -1 queries per second, 2->2 procs, for 1m0s: http://asg-1-lb-98849600.us-east-1.elb.amazonaws.com:3000/?n=200
Aggregated Function Time : count 181573 avg 0.0084129822 +/- 0.03747 min 0.001105466 max 2.975423594 sum 1527.57041
# target 50% 0.00641032
# target 75% 0.00906278
# target 90% 0.0148542
# target 99% 0.0450322
# target 99.9% 0.432135
Sockets used: 25 (for perfect keepalive, would be 25)
Jitter: false
Code 200 : 181573 (100.0 %)
All done 181573 calls (plus 25 warmup) 8.413 ms avg, 2922.8 qps
Successfully wrote 5089 bytes of Json data to 2022-04-18-215314_asg_raupi_3_scaling_1_10.json
fortio exit code: 0
[2022-04-18T21:54:16]==============================[STATS]
jh CPU load avg:
0.15 0.20 0.13 1/166 770
i-038ee74b62c5ee654
InService
Healthy
{}
i-03936065743f91440
InService
Healthy
{}
i-0daeb689aa8d023a6
InService
Healthy
{}
[2022-04-18T21:54:17]==============================[SCALING RUN 1: CHUNK 11]==============================
21:54:17 I logger.go:127> Log level is now 4 Error (was 2 Info)
Fortio 1.19.0 running at -1 queries per second, 2->2 procs, for 1m0s: http://asg-1-lb-98849600.us-east-1.elb.amazonaws.com:3000/?n=200
Aggregated Function Time : count 175930 avg 0.0085270462 +/- 0.02572 min 0.001121462 max 1.413246091 sum 1500.16324
# target 50% 0.00650564
# target 75% 0.00919777
# target 90% 0.0157274
# target 99% 0.0468856
# target 99.9% 0.422694
Sockets used: 25 (for perfect keepalive, would be 25)
Jitter: false
Code 200 : 175930 (100.0 %)
All done 175930 calls (plus 25 warmup) 8.527 ms avg, 2930.7 qps
Successfully wrote 5236 bytes of Json data to 2022-04-18-215417_asg_raupi_3_scaling_1_11.json
fortio exit code: 0
[2022-04-18T21:55:17]==============================[STATS]
jh CPU load avg:
0.44 0.25 0.15 1/164 787
i-038ee74b62c5ee654
InService
Healthy
{}
i-03936065743f91440
InService
Healthy
{}
i-0daeb689aa8d023a6
InService
Healthy
{}
[2022-04-18T21:55:18]==============================[SCALING RUN 1: CHUNK 12]==============================
21:55:18 I logger.go:127> Log level is now 4 Error (was 2 Info)
Fortio 1.19.0 running at -1 queries per second, 2->2 procs, for 1m0s: http://asg-1-lb-98849600.us-east-1.elb.amazonaws.com:3000/?n=200
Aggregated Function Time : count 176018 avg 0.0085217555 +/- 0.02638 min 0.001091798 max 1.060402919 sum 1499.98236
# target 50% 0.00642566
# target 75% 0.00909263
# target 90% 0.0153109
# target 99% 0.0482506
# target 99.9% 0.44995
Sockets used: 25 (for perfect keepalive, would be 25)
Jitter: false
Code 200 : 176018 (100.0 %)
All done 176018 calls (plus 25 warmup) 8.522 ms avg, 2933.3 qps
Successfully wrote 5098 bytes of Json data to 2022-04-18-215518_asg_raupi_3_scaling_1_12.json
fortio exit code: 0
[2022-04-18T21:56:18]==============================[STATS]
jh CPU load avg:
0.23 0.23 0.15 1/164 804
i-038ee74b62c5ee654
InService
Healthy
{}
i-03936065743f91440
InService
Healthy
{}
i-0daeb689aa8d023a6
InService
Healthy
{}
[2022-04-18T21:56:19]==============================[SCALING RUN 1: CHUNK 13]==============================
21:56:19 I logger.go:127> Log level is now 4 Error (was 2 Info)
Fortio 1.19.0 running at -1 queries per second, 2->2 procs, for 1m0s: http://asg-1-lb-98849600.us-east-1.elb.amazonaws.com:3000/?n=200
Aggregated Function Time : count 175774 avg 0.0085336804 +/- 0.02685 min 0.001116029 max 1.307616564 sum 1499.99915
# target 50% 0.0064837
# target 75% 0.00916757
# target 90% 0.0153162
# target 99% 0.0470203
# target 99.9% 0.49038
Sockets used: 25 (for perfect keepalive, would be 25)
Jitter: false
Code 200 : 175774 (100.0 %)
All done 175774 calls (plus 25 warmup) 8.534 ms avg, 2929.2 qps
Successfully wrote 4987 bytes of Json data to 2022-04-18-215619_asg_raupi_3_scaling_1_13.json
fortio exit code: 0
[2022-04-18T21:57:19]==============================[STATS]
jh CPU load avg:
0.38 0.26 0.17 1/164 823
i-038ee74b62c5ee654
InService
Healthy
{}
i-03936065743f91440
InService
Healthy
{}
i-0daeb689aa8d023a6
InService
Healthy
{}
[2022-04-18T21:57:19]==============================[SCALING RUN 1: CHUNK 14]==============================
21:57:19 I logger.go:127> Log level is now 4 Error (was 2 Info)
Fortio 1.19.0 running at -1 queries per second, 2->2 procs, for 1m0s: http://asg-1-lb-98849600.us-east-1.elb.amazonaws.com:3000/?n=200
Aggregated Function Time : count 183633 avg 0.0081688185 +/- 0.03872 min 0.001014532 max 5.271702945 sum 1500.06465
# target 50% 0.00636834
# target 75% 0.00904527
# target 90% 0.0146038
# target 99% 0.044767
# target 99.9% 0.242932
Sockets used: 33 (for perfect keepalive, would be 25)
Jitter: false
Code 200 : 183633 (100.0 %)
All done 183633 calls (plus 25 warmup) 8.169 ms avg, 3058.8 qps
Successfully wrote 5928 bytes of Json data to 2022-04-18-215720_asg_raupi_3_scaling_1_14.json
fortio exit code: 0
[2022-04-18T21:58:20]==============================[STATS]
jh CPU load avg:
0.33 0.27 0.18 1/164 841
i-038ee74b62c5ee654
InService
Healthy
{}
i-03936065743f91440
InService
Healthy
{}
i-0daeb689aa8d023a6
InService
Healthy
{}
[2022-04-18T21:58:20]==============================[SCALING RUN 2: INIT]==============================
{
    "Alarms": [
        {
            "AlarmName": "TargetTracking-asg-1-myASG-AlarmHigh-b4ba48bf-ca6c-4c87-a875-9fa1bc8f66bc", 
            "AlarmARN": "arn:aws:cloudwatch:us-east-1:111165224112:alarm:TargetTracking-asg-1-myASG-AlarmHigh-b4ba48bf-ca6c-4c87-a875-9fa1bc8f66bc"
        }, 
        {
            "AlarmName": "TargetTracking-asg-1-myASG-AlarmLow-2f1fd160-2c88-4f17-8a45-3945e6320e89", 
            "AlarmARN": "arn:aws:cloudwatch:us-east-1:111165224112:alarm:TargetTracking-asg-1-myASG-AlarmLow-2f1fd160-2c88-4f17-8a45-3945e6320e89"
        }
    ], 
    "PolicyARN": "arn:aws:autoscaling:us-east-1:111165224112:scalingPolicy:673a0767-8cc5-4130-a4a8-c9ef432d16d3:autoScalingGroupName/asg-1-myASG:policyName/asg-1-AppServerSP-1DNU95ZQHG7X8"
}
scaling to 1
[2022-04-18T21:58:22]==============================[SCALING RUN 2: ENABLE SCALING - SLEEP]==============================
{
    "Alarms": [
        {
            "AlarmName": "TargetTracking-asg-1-myASG-AlarmHigh-252ffd57-9fd8-4800-91e6-7e1ce8dd08f4", 
            "AlarmARN": "arn:aws:cloudwatch:us-east-1:111165224112:alarm:TargetTracking-asg-1-myASG-AlarmHigh-252ffd57-9fd8-4800-91e6-7e1ce8dd08f4"
        }, 
        {
            "AlarmName": "TargetTracking-asg-1-myASG-AlarmLow-d386a2d3-ef2b-468c-a72c-1e39a523d74c", 
            "AlarmARN": "arn:aws:cloudwatch:us-east-1:111165224112:alarm:TargetTracking-asg-1-myASG-AlarmLow-d386a2d3-ef2b-468c-a72c-1e39a523d74c"
        }
    ], 
    "PolicyARN": "arn:aws:autoscaling:us-east-1:111165224112:scalingPolicy:673a0767-8cc5-4130-a4a8-c9ef432d16d3:autoScalingGroupName/asg-1-myASG:policyName/asg-1-AppServerSP-1DNU95ZQHG7X8"
}
[2022-04-18T22:01:23]==============================[SCALING RUN 2: FORTIO]==============================
[2022-04-18T22:01:23]==============================[STATS]
jh CPU load avg:
0.01 0.14 0.14 1/166 937
i-03936065743f91440
InService
Healthy
{}
[2022-04-18T22:01:24]==============================[SCALING RUN 2: CHUNK 1]==============================
22:01:24 I logger.go:127> Log level is now 4 Error (was 2 Info)
Fortio 1.19.0 running at -1 queries per second, 2->2 procs, for 1m0s: http://asg-1-lb-98849600.us-east-1.elb.amazonaws.com:3000/?n=200
Aggregated Function Time : count 42835 avg 0.035346216 +/- 0.1399 min 0.001386616 max 2.816728202 sum 1514.05515
# target 50% 0.0147687
# target 75% 0.0223117
# target 90% 0.0437509
# target 99% 0.683314
# target 99.9% 1.96929
Sockets used: 25 (for perfect keepalive, would be 25)
Jitter: false
Code 200 : 42835 (100.0 %)
All done 42835 calls (plus 25 warmup) 35.346 ms avg, 707.2 qps
Successfully wrote 5704 bytes of Json data to 2022-04-18-220124_asg_raupi_3_scaling_2_1.json
fortio exit code: 0
[2022-04-18T22:02:25]==============================[STATS]
jh CPU load avg:
0.03 0.13 0.14 1/165 955
i-03936065743f91440
InService
Healthy
{}
[2022-04-18T22:02:26]==============================[SCALING RUN 2: CHUNK 2]==============================
22:02:26 I logger.go:127> Log level is now 4 Error (was 2 Info)
Fortio 1.19.0 running at -1 queries per second, 2->2 procs, for 1m0s: http://asg-1-lb-98849600.us-east-1.elb.amazonaws.com:3000/?n=200
22:02:47 E http_client.go:787> Read error &{{0xc00019a400}} 54.157.247.252:3000 134 : read tcp 172.31.27.153:51002->54.157.247.252:3000: i/o timeout
22:02:47 E http_client.go:787> Read error &{{0xc00019a700}} 54.166.80.0:3000 134 : read tcp 172.31.27.153:44284->54.166.80.0:3000: i/o timeout
22:03:23 E http_client.go:787> Read error &{{0xc000160e00}} 54.166.80.0:3000 134 : read tcp 172.31.27.153:44386->54.166.80.0:3000: i/o timeout
Aggregated Function Time : count 50858 avg 0.030162616 +/- 0.1906 min 0.001311655 max 6.001443745 sum 1534.01034
# target 50% 0.0102186
# target 75% 0.018138
# target 90% 0.0299768
# target 99% 0.32285
# target 99.9% 3.29737
Sockets used: 107 (for perfect keepalive, would be 25)
Jitter: false
Code  -1 : 3 (0.0 %)
Code 200 : 50855 (100.0 %)
All done 50858 calls (plus 25 warmup) 30.163 ms avg, 828.6 qps
Successfully wrote 6396 bytes of Json data to 2022-04-18-220226_asg_raupi_3_scaling_2_2.json
fortio exit code: 0
[2022-04-18T22:03:27]==============================[STATS]
jh CPU load avg:
0.01 0.10 0.12 1/166 975
i-03936065743f91440
InService
Healthy
{}
[2022-04-18T22:03:28]==============================[SCALING RUN 2: CHUNK 3]==============================
22:03:28 I logger.go:127> Log level is now 4 Error (was 2 Info)
Fortio 1.19.0 running at -1 queries per second, 2->2 procs, for 1m0s: http://asg-1-lb-98849600.us-east-1.elb.amazonaws.com:3000/?n=200
22:03:59 E http_client.go:787> Read error &{{0xc0002fa280}} 54.157.247.252:3000 134 : read tcp 172.31.27.153:51178->54.157.247.252:3000: i/o timeout
22:03:59 E http_client.go:787> Read error &{{0xc0000ff900}} 54.157.247.252:3000 134 : read tcp 172.31.27.153:51190->54.157.247.252:3000: i/o timeout
22:03:59 E http_client.go:787> Read error &{{0xc00021ff00}} 54.157.247.252:3000 134 : read tcp 172.31.27.153:51226->54.157.247.252:3000: i/o timeout
22:04:21 E http_client.go:787> Read error &{{0xc0000ff000}} 54.166.80.0:3000 0 : read tcp 172.31.27.153:44558->54.166.80.0:3000: i/o timeout
22:04:21 E http_client.go:787> Read error &{{0xc00024e680}} 54.166.80.0:3000 0 : read tcp 172.31.27.153:44572->54.166.80.0:3000: i/o timeout
Aggregated Function Time : count 38307 avg 0.039178177 +/- 0.218 min 0.001399594 max 6.002037645 sum 1500.79844
# target 50% 0.0159414
# target 75% 0.0221865
# target 90% 0.0341855
# target 99% 0.646433
# target 99.9% 3.26238
Sockets used: 80 (for perfect keepalive, would be 25)
Jitter: false
Code  -1 : 5 (0.0 %)
Code 200 : 38302 (100.0 %)
All done 38307 calls (plus 25 warmup) 39.178 ms avg, 638.0 qps
Successfully wrote 6162 bytes of Json data to 2022-04-18-220328_asg_raupi_3_scaling_2_3.json
fortio exit code: 0
[2022-04-18T22:04:28]==============================[STATS]
jh CPU load avg:
0.47 0.20 0.16 1/166 992
i-03936065743f91440
InService
Healthy
{}
[2022-04-18T22:04:29]==============================[SCALING RUN 2: CHUNK 4]==============================
22:04:29 I logger.go:127> Log level is now 4 Error (was 2 Info)
Fortio 1.19.0 running at -1 queries per second, 2->2 procs, for 1m0s: http://asg-1-lb-98849600.us-east-1.elb.amazonaws.com:3000/?n=200
22:04:44 E http_client.go:787> Read error &{{0xc00031d800}} 54.166.80.0:3000 0 : read tcp 172.31.27.153:44678->54.166.80.0:3000: i/o timeout
22:04:44 E http_client.go:787> Read error &{{0xc0000fff00}} 54.157.247.252:3000 0 : read tcp 172.31.27.153:51404->54.157.247.252:3000: i/o timeout
22:04:44 E http_client.go:787> Read error &{{0xc00006c100}} 54.166.80.0:3000 0 : read tcp 172.31.27.153:44684->54.166.80.0:3000: i/o timeout
22:04:44 E http_client.go:787> Read error &{{0xc00031d900}} 54.157.247.252:3000 0 : read tcp 172.31.27.153:51406->54.157.247.252:3000: i/o timeout
22:04:44 E http_client.go:787> Read error &{{0xc00031da00}} 54.157.247.252:3000 0 : read tcp 172.31.27.153:51410->54.157.247.252:3000: i/o timeout
22:04:44 E http_client.go:787> Read error &{{0xc00031db00}} 54.157.247.252:3000 0 : read tcp 172.31.27.153:51414->54.157.247.252:3000: i/o timeout
22:04:44 E http_client.go:787> Read error &{{0xc00006c200}} 54.157.247.252:3000 0 : read tcp 172.31.27.153:51412->54.157.247.252:3000: i/o timeout
22:04:44 E http_client.go:787> Read error &{{0xc00031dd00}} 54.166.80.0:3000 0 : read tcp 172.31.27.153:44694->54.166.80.0:3000: i/o timeout
22:04:44 E http_client.go:787> Read error &{{0xc00031dc00}} 54.166.80.0:3000 0 : read tcp 172.31.27.153:44692->54.166.80.0:3000: i/o timeout
22:04:44 E http_client.go:787> Read error &{{0xc00031de00}} 54.166.80.0:3000 0 : read tcp 172.31.27.153:44696->54.166.80.0:3000: i/o timeout
22:04:44 E http_client.go:787> Read error &{{0xc00006c300}} 54.166.80.0:3000 0 : read tcp 172.31.27.153:44698->54.166.80.0:3000: i/o timeout
22:04:44 E http_client.go:787> Read error &{{0xc00006c480}} 54.166.80.0:3000 0 : read tcp 172.31.27.153:44702->54.166.80.0:3000: i/o timeout
22:04:44 E http_client.go:787> Read error &{{0xc00031df00}} 54.157.247.252:3000 0 : read tcp 172.31.27.153:51424->54.157.247.252:3000: i/o timeout
22:04:44 E http_client.go:787> Read error &{{0xc00006c580}} 54.166.80.0:3000 0 : read tcp 172.31.27.153:44704->54.166.80.0:3000: i/o timeout
22:04:44 E http_client.go:787> Read error &{{0xc00036a100}} 54.157.247.252:3000 0 : read tcp 172.31.27.153:51436->54.157.247.252:3000: i/o timeout
22:04:44 E http_client.go:787> Read error &{{0xc00036a000}} 54.157.247.252:3000 0 : read tcp 172.31.27.153:51432->54.157.247.252:3000: i/o timeout
22:04:44 E http_client.go:787> Read error &{{0xc00006c800}} 54.157.247.252:3000 0 : read tcp 172.31.27.153:51434->54.157.247.252:3000: i/o timeout
22:04:44 E http_client.go:787> Read error &{{0xc00006c700}} 54.166.80.0:3000 0 : read tcp 172.31.27.153:44706->54.166.80.0:3000: i/o timeout
22:04:44 E http_client.go:787> Read error &{{0xc00036a200}} 54.157.247.252:3000 0 : read tcp 172.31.27.153:51438->54.157.247.252:3000: i/o timeout
22:04:44 E http_client.go:787> Read error &{{0xc00036a300}} 54.166.80.0:3000 0 : read tcp 172.31.27.153:44718->54.166.80.0:3000: i/o timeout
22:04:44 E http_client.go:787> Read error &{{0xc00006c900}} 54.157.247.252:3000 0 : read tcp 172.31.27.153:51440->54.157.247.252:3000: i/o timeout
22:04:44 E http_client.go:787> Read error &{{0xc00036a500}} 54.166.80.0:3000 0 : read tcp 172.31.27.153:44722->54.166.80.0:3000: i/o timeout
22:04:44 E http_client.go:787> Read error &{{0xc00036a400}} 54.157.247.252:3000 0 : read tcp 172.31.27.153:51444->54.157.247.252:3000: i/o timeout
22:04:44 E http_client.go:787> Read error &{{0xc00006ca80}} 54.157.247.252:3000 0 : read tcp 172.31.27.153:51448->54.157.247.252:3000: i/o timeout
22:04:44 E http_client.go:787> Read error &{{0xc00006cb80}} 54.166.80.0:3000 0 : read tcp 172.31.27.153:44726->54.166.80.0:3000: i/o timeout
Aggregated Function Time : count 38015 avg 0.039824992 +/- 0.2354 min 0.001267593 max 6.007837134 sum 1513.94708
# target 50% 0.0159253
# target 75% 0.0222851
# target 90% 0.0321712
# target 99% 0.627045
# target 99.9% 4.2397
Sockets used: 100 (for perfect keepalive, would be 25)
Jitter: false
Code  -1 : 25 (0.1 %)
Code 200 : 37990 (99.9 %)
All done 38015 calls (plus 25 warmup) 39.825 ms avg, 627.5 qps
Successfully wrote 6183 bytes of Json data to 2022-04-18-220429_asg_raupi_3_scaling_2_4.json
fortio exit code: 0
[2022-04-18T22:05:30]==============================[STATS]
jh CPU load avg:
0.16 0.16 0.14 1/164 1008
i-03936065743f91440
InService
Healthy
{}
[2022-04-18T22:05:30]==============================[SCALING RUN 2: CHUNK 5]==============================
22:05:30 I logger.go:127> Log level is now 4 Error (was 2 Info)
Fortio 1.19.0 running at -1 queries per second, 2->2 procs, for 1m0s: http://asg-1-lb-98849600.us-east-1.elb.amazonaws.com:3000/?n=200
22:05:54 E http_client.go:787> Read error &{{0xc0000ff380}} 54.166.80.0:3000 0 : read tcp 172.31.27.153:44952->54.166.80.0:3000: i/o timeout
22:05:54 E http_client.go:787> Read error &{{0xc0000ff480}} 54.166.80.0:3000 0 : read tcp 172.31.27.153:44960->54.166.80.0:3000: i/o timeout
22:05:54 E http_client.go:787> Read error &{{0xc0001c2d80}} 54.166.80.0:3000 0 : read tcp 172.31.27.153:44958->54.166.80.0:3000: i/o timeout
22:05:54 E http_client.go:787> Read error &{{0xc0000ff600}} 54.166.80.0:3000 0 : read tcp 172.31.27.153:44962->54.166.80.0:3000: i/o timeout
Aggregated Function Time : count 42465 avg 0.035327322 +/- 0.2139 min 0.001403597 max 6.001604185 sum 1500.17475
# target 50% 0.014511
# target 75% 0.0207903
# target 90% 0.0378316
# target 99% 0.38725
# target 99.9% 2.87625
Sockets used: 81 (for perfect keepalive, would be 25)
Jitter: false
Code  -1 : 4 (0.0 %)
Code 200 : 42461 (100.0 %)
All done 42465 calls (plus 25 warmup) 35.327 ms avg, 707.6 qps
Successfully wrote 6411 bytes of Json data to 2022-04-18-220531_asg_raupi_3_scaling_2_5.json
fortio exit code: 0
[2022-04-18T22:06:31]==============================[STATS]
jh CPU load avg:
0.14 0.16 0.14 1/164 1025
i-03936065743f91440
InService
Healthy
{}
i-056d0662fe0105c41
InService
Healthy
{}
i-0f2a2f7c255e60830
Pending
Healthy
{}
[2022-04-18T22:06:31]==============================[SCALING RUN 2: CHUNK 6]==============================
22:06:31 I logger.go:127> Log level is now 4 Error (was 2 Info)
Fortio 1.19.0 running at -1 queries per second, 2->2 procs, for 1m0s: http://asg-1-lb-98849600.us-east-1.elb.amazonaws.com:3000/?n=200
22:06:50 E http_client.go:787> Read error &{{0xc0000ff700}} 54.157.247.252:3000 134 : read tcp 172.31.27.153:51778->54.157.247.252:3000: i/o timeout
Aggregated Function Time : count 126852 avg 0.011826787 +/- 0.03582 min 0.00120617 max 3.253644339 sum 1500.2516
# target 50% 0.00773321
# target 75% 0.0130669
# target 90% 0.0190918
# target 99% 0.0611543
# target 99.9% 0.433607
Sockets used: 30 (for perfect keepalive, would be 25)
Jitter: false
Code  -1 : 1 (0.0 %)
Code 200 : 126851 (100.0 %)
All done 126852 calls (plus 25 warmup) 11.827 ms avg, 2112.5 qps
Successfully wrote 5597 bytes of Json data to 2022-04-18-220632_asg_raupi_3_scaling_2_6.json
fortio exit code: 0
[2022-04-18T22:07:32]==============================[STATS]
jh CPU load avg:
0.11 0.14 0.14 1/164 1047
i-03936065743f91440
InService
Healthy
{}
i-056d0662fe0105c41
InService
Healthy
{}
i-0f2a2f7c255e60830
InService
Healthy
{}
[2022-04-18T22:07:32]==============================[SCALING RUN 2: CHUNK 7]==============================
22:07:32 I logger.go:127> Log level is now 4 Error (was 2 Info)
Fortio 1.19.0 running at -1 queries per second, 2->2 procs, for 1m0s: http://asg-1-lb-98849600.us-east-1.elb.amazonaws.com:3000/?n=200
Aggregated Function Time : count 177467 avg 0.008455775 +/- 0.02894 min 0.00123627 max 1.502896504 sum 1500.62102
# target 50% 0.00637554
# target 75% 0.0089452
# target 90% 0.014113
# target 99% 0.0524839
# target 99.9% 0.456309
Sockets used: 25 (for perfect keepalive, would be 25)
Jitter: false
Code 200 : 177467 (100.0 %)
All done 177467 calls (plus 25 warmup) 8.456 ms avg, 2951.8 qps
Successfully wrote 5235 bytes of Json data to 2022-04-18-220732_asg_raupi_3_scaling_2_7.json
fortio exit code: 0
[2022-04-18T22:08:32]==============================[STATS]
jh CPU load avg:
0.15 0.15 0.14 1/164 1065
i-03936065743f91440
InService
Healthy
{}
i-056d0662fe0105c41
InService
Healthy
{}
i-0f2a2f7c255e60830
InService
Healthy
{}
[2022-04-18T22:08:33]==============================[SCALING RUN 2: CHUNK 8]==============================
22:08:33 I logger.go:127> Log level is now 4 Error (was 2 Info)
Fortio 1.19.0 running at -1 queries per second, 2->2 procs, for 1m0s: http://asg-1-lb-98849600.us-east-1.elb.amazonaws.com:3000/?n=200
Aggregated Function Time : count 180254 avg 0.008321842 +/- 0.02401 min 0.001245616 max 1.06483475 sum 1500.04531
# target 50% 0.00649821
# target 75% 0.00912454
# target 90% 0.0150566
# target 99% 0.0454627
# target 99.9% 0.432057
Sockets used: 25 (for perfect keepalive, would be 25)
Jitter: false
Code 200 : 180254 (100.0 %)
All done 180254 calls (plus 25 warmup) 8.322 ms avg, 3003.6 qps
Successfully wrote 5099 bytes of Json data to 2022-04-18-220833_asg_raupi_3_scaling_2_8.json
fortio exit code: 0
[2022-04-18T22:09:33]==============================[STATS]
jh CPU load avg:
0.05 0.12 0.13 1/164 1082
i-03936065743f91440
InService
Healthy
{}
i-056d0662fe0105c41
InService
Healthy
{}
i-0f2a2f7c255e60830
InService
Healthy
{}
[2022-04-18T22:09:34]==============================[SCALING RUN 2: CHUNK 9]==============================
22:09:34 I logger.go:127> Log level is now 4 Error (was 2 Info)
Fortio 1.19.0 running at -1 queries per second, 2->2 procs, for 1m0s: http://asg-1-lb-98849600.us-east-1.elb.amazonaws.com:3000/?n=200
Aggregated Function Time : count 181212 avg 0.0082778197 +/- 0.02295 min 0.00128818 max 1.08223316 sum 1500.04027
# target 50% 0.00648664
# target 75% 0.0090859
# target 90% 0.0149104
# target 99% 0.0465831
# target 99.9% 0.315511
Sockets used: 25 (for perfect keepalive, would be 25)
Jitter: false
Code 200 : 181212 (100.0 %)
All done 181212 calls (plus 25 warmup) 8.278 ms avg, 3019.7 qps
Successfully wrote 4956 bytes of Json data to 2022-04-18-220935_asg_raupi_3_scaling_2_9.json
fortio exit code: 0
[2022-04-18T22:10:35]==============================[STATS]
jh CPU load avg:
0.29 0.18 0.15 1/166 1115
i-03936065743f91440
InService
Healthy
{}
i-056d0662fe0105c41
InService
Healthy
{}
i-0f2a2f7c255e60830
InService
Healthy
{}
[2022-04-18T22:10:35]==============================[SCALING RUN 2: CHUNK 10]==============================
22:10:35 I logger.go:127> Log level is now 4 Error (was 2 Info)
Fortio 1.19.0 running at -1 queries per second, 2->2 procs, for 1m0s: http://asg-1-lb-98849600.us-east-1.elb.amazonaws.com:3000/?n=200
Aggregated Function Time : count 178809 avg 0.0083983678 +/- 0.02761 min 0.001209432 max 1.345766803 sum 1501.70374
# target 50% 0.00642029
# target 75% 0.00902576
# target 90% 0.0144721
# target 99% 0.0490566
# target 99.9% 0.406655
Sockets used: 25 (for perfect keepalive, would be 25)
Jitter: false
Code 200 : 178809 (100.0 %)
All done 178809 calls (plus 25 warmup) 8.398 ms avg, 2972.6 qps
Successfully wrote 5211 bytes of Json data to 2022-04-18-221035_asg_raupi_3_scaling_2_10.json
fortio exit code: 0
[2022-04-18T22:11:35]==============================[STATS]
jh CPU load avg:
0.10 0.15 0.14 1/166 1132
i-03936065743f91440
InService
Healthy
{}
i-056d0662fe0105c41
InService
Healthy
{}
i-0f2a2f7c255e60830
InService
Healthy
{}
[2022-04-18T22:11:36]==============================[SCALING RUN 2: CHUNK 11]==============================
22:11:36 I logger.go:127> Log level is now 4 Error (was 2 Info)
Fortio 1.19.0 running at -1 queries per second, 2->2 procs, for 1m0s: http://asg-1-lb-98849600.us-east-1.elb.amazonaws.com:3000/?n=200
Aggregated Function Time : count 179075 avg 0.0083767548 +/- 0.03889 min 0.001245684 max 2.058714921 sum 1500.06737
# target 50% 0.00634898
# target 75% 0.00890066
# target 90% 0.0136931
# target 99% 0.0404334
# target 99.9% 0.453656
Sockets used: 25 (for perfect keepalive, would be 25)
Jitter: false
Code 200 : 179075 (100.0 %)
All done 179075 calls (plus 25 warmup) 8.377 ms avg, 2983.9 qps
Successfully wrote 5702 bytes of Json data to 2022-04-18-221136_asg_raupi_3_scaling_2_11.json
fortio exit code: 0
[2022-04-18T22:12:36]==============================[STATS]
jh CPU load avg:
0.29 0.18 0.15 1/166 1150
i-03936065743f91440
InService
Healthy
{}
i-056d0662fe0105c41
InService
Healthy
{}
i-0f2a2f7c255e60830
InService
Healthy
{}
[2022-04-18T22:12:37]==============================[SCALING RUN 2: CHUNK 12]==============================
22:12:37 I logger.go:127> Log level is now 4 Error (was 2 Info)
Fortio 1.19.0 running at -1 queries per second, 2->2 procs, for 1m0s: http://asg-1-lb-98849600.us-east-1.elb.amazonaws.com:3000/?n=200
Aggregated Function Time : count 181969 avg 0.0082442946 +/- 0.02493 min 0.001073278 max 1.6256078029999999 sum 1500.20604
# target 50% 0.00639974
# target 75% 0.009063
# target 90% 0.0149954
# target 99% 0.0467738
# target 99.9% 0.302972
Sockets used: 25 (for perfect keepalive, would be 25)
Jitter: false
Code 200 : 181969 (100.0 %)
All done 181969 calls (plus 25 warmup) 8.244 ms avg, 3031.6 qps
Successfully wrote 5126 bytes of Json data to 2022-04-18-221237_asg_raupi_3_scaling_2_12.json
fortio exit code: 0
[2022-04-18T22:13:37]==============================[STATS]
jh CPU load avg:
0.31 0.19 0.15 1/166 1170
i-03936065743f91440
InService
Healthy
{}
i-056d0662fe0105c41
InService
Healthy
{}
i-0f2a2f7c255e60830
InService
Healthy
{}
[2022-04-18T22:13:38]==============================[SCALING RUN 2: CHUNK 13]==============================
22:13:38 I logger.go:127> Log level is now 4 Error (was 2 Info)
Fortio 1.19.0 running at -1 queries per second, 2->2 procs, for 1m0s: http://asg-1-lb-98849600.us-east-1.elb.amazonaws.com:3000/?n=200
Aggregated Function Time : count 176255 avg 0.0085607299 +/- 0.03149 min 0.001135715 max 2.088423476 sum 1508.87146
# target 50% 0.00635868
# target 75% 0.0089702
# target 90% 0.0144333
# target 99% 0.0495558
# target 99.9% 0.529636
Sockets used: 25 (for perfect keepalive, would be 25)
Jitter: false
Code 200 : 176255 (100.0 %)
All done 176255 calls (plus 25 warmup) 8.561 ms avg, 2904.0 qps
Successfully wrote 5224 bytes of Json data to 2022-04-18-221338_asg_raupi_3_scaling_2_13.json
fortio exit code: 0
[2022-04-18T22:14:39]==============================[STATS]
jh CPU load avg:
0.41 0.24 0.17 1/166 1187
i-03936065743f91440
InService
Healthy
{}
i-056d0662fe0105c41
InService
Healthy
{}
i-0f2a2f7c255e60830
InService
Healthy
{}
[2022-04-18T22:14:39]==============================[SCALING RUN 2: CHUNK 14]==============================
22:14:39 I logger.go:127> Log level is now 4 Error (was 2 Info)
Fortio 1.19.0 running at -1 queries per second, 2->2 procs, for 1m0s: http://asg-1-lb-98849600.us-east-1.elb.amazonaws.com:3000/?n=200
Aggregated Function Time : count 172819 avg 0.0086798411 +/- 0.02968 min 0.001185186 max 1.2979779759999999 sum 1500.04146
# target 50% 0.00645476
# target 75% 0.00908958
# target 90% 0.015
# target 99% 0.0491227
# target 99.9% 0.552684
Sockets used: 25 (for perfect keepalive, would be 25)
Jitter: false
Code 200 : 172819 (100.0 %)
All done 172819 calls (plus 25 warmup) 8.680 ms avg, 2879.8 qps
Successfully wrote 5227 bytes of Json data to 2022-04-18-221439_asg_raupi_3_scaling_2_14.json
fortio exit code: 0
[2022-04-18T22:15:39]==============================[STATS]
jh CPU load avg:
0.54 0.31 0.20 1/164 1207
i-03936065743f91440
InService
Healthy
{}
i-056d0662fe0105c41
InService
Healthy
{}
i-0f2a2f7c255e60830
InService
Healthy
{}
[2022-04-18T22:15:40]==============================[SCALING RUN 3: INIT]==============================
{
    "Alarms": [
        {
            "AlarmName": "TargetTracking-asg-1-myASG-AlarmHigh-fc650c4d-3efc-4cd9-b373-4880521b542d", 
            "AlarmARN": "arn:aws:cloudwatch:us-east-1:111165224112:alarm:TargetTracking-asg-1-myASG-AlarmHigh-fc650c4d-3efc-4cd9-b373-4880521b542d"
        }, 
        {
            "AlarmName": "TargetTracking-asg-1-myASG-AlarmLow-d1e122d2-a71a-4654-a9f3-bca910ef9cee", 
            "AlarmARN": "arn:aws:cloudwatch:us-east-1:111165224112:alarm:TargetTracking-asg-1-myASG-AlarmLow-d1e122d2-a71a-4654-a9f3-bca910ef9cee"
        }
    ], 
    "PolicyARN": "arn:aws:autoscaling:us-east-1:111165224112:scalingPolicy:673a0767-8cc5-4130-a4a8-c9ef432d16d3:autoScalingGroupName/asg-1-myASG:policyName/asg-1-AppServerSP-1DNU95ZQHG7X8"
}
scaling to 1
[2022-04-18T22:15:42]==============================[SCALING RUN 3: ENABLE SCALING - SLEEP]==============================
{
    "Alarms": [
        {
            "AlarmName": "TargetTracking-asg-1-myASG-AlarmHigh-c00e02c1-f31a-4c73-8891-095acd5f203d", 
            "AlarmARN": "arn:aws:cloudwatch:us-east-1:111165224112:alarm:TargetTracking-asg-1-myASG-AlarmHigh-c00e02c1-f31a-4c73-8891-095acd5f203d"
        }, 
        {
            "AlarmName": "TargetTracking-asg-1-myASG-AlarmLow-f3858053-b695-4254-abe8-d543fb46a9fe", 
            "AlarmARN": "arn:aws:cloudwatch:us-east-1:111165224112:alarm:TargetTracking-asg-1-myASG-AlarmLow-f3858053-b695-4254-abe8-d543fb46a9fe"
        }
    ], 
    "PolicyARN": "arn:aws:autoscaling:us-east-1:111165224112:scalingPolicy:673a0767-8cc5-4130-a4a8-c9ef432d16d3:autoScalingGroupName/asg-1-myASG:policyName/asg-1-AppServerSP-1DNU95ZQHG7X8"
}
[2022-04-18T22:18:43]==============================[SCALING RUN 3: FORTIO]==============================
[2022-04-18T22:18:43]==============================[STATS]
jh CPU load avg:
0.03 0.17 0.16 1/163 1235
i-0f2a2f7c255e60830
InService
Healthy
{}
[2022-04-18T22:18:44]==============================[SCALING RUN 3: CHUNK 1]==============================
22:18:44 I logger.go:127> Log level is now 4 Error (was 2 Info)
Fortio 1.19.0 running at -1 queries per second, 2->2 procs, for 1m0s: http://asg-1-lb-98849600.us-east-1.elb.amazonaws.com:3000/?n=200
Aggregated Function Time : count 47696 avg 0.031459301 +/- 0.1351 min 0.001457114 max 3.545843139 sum 1500.48284
# target 50% 0.016511
# target 75% 0.0241384
# target 90% 0.039187
# target 99% 0.3705
# target 99.9% 2.35926
Sockets used: 50 (for perfect keepalive, would be 25)
Jitter: false
Code 200 : 47696 (100.0 %)
All done 47696 calls (plus 25 warmup) 31.459 ms avg, 794.5 qps
Successfully wrote 5814 bytes of Json data to 2022-04-18-221844_asg_raupi_3_scaling_3_1.json
fortio exit code: 0
[2022-04-18T22:19:44]==============================[STATS]
jh CPU load avg:
0.06 0.15 0.16 1/164 1253
i-0f2a2f7c255e60830
InService
Healthy
{}
[2022-04-18T22:19:45]==============================[SCALING RUN 3: CHUNK 2]==============================
22:19:45 I logger.go:127> Log level is now 4 Error (was 2 Info)
Fortio 1.19.0 running at -1 queries per second, 2->2 procs, for 1m0s: http://asg-1-lb-98849600.us-east-1.elb.amazonaws.com:3000/?n=200
Aggregated Function Time : count 46875 avg 0.0323363 +/- 0.1045 min 0.00138993 max 2.25591332 sum 1515.76407
# target 50% 0.0170623
# target 75% 0.0248634
# target 90% 0.0416979
# target 99% 0.45819
# target 99.9% 1.625
Sockets used: 25 (for perfect keepalive, would be 25)
Jitter: false
Code 200 : 46875 (100.0 %)
All done 46875 calls (plus 25 warmup) 32.336 ms avg, 773.0 qps
Successfully wrote 5462 bytes of Json data to 2022-04-18-221945_asg_raupi_3_scaling_3_2.json
fortio exit code: 0
[2022-04-18T22:20:45]==============================[STATS]
jh CPU load avg:
0.02 0.12 0.14 1/164 1275
i-0f2a2f7c255e60830
InService
Healthy
{}
[2022-04-18T22:20:46]==============================[SCALING RUN 3: CHUNK 3]==============================
22:20:46 I logger.go:127> Log level is now 4 Error (was 2 Info)
Fortio 1.19.0 running at -1 queries per second, 2->2 procs, for 1m0s: http://asg-1-lb-98849600.us-east-1.elb.amazonaws.com:3000/?n=200
Aggregated Function Time : count 46676 avg 0.032143328 +/- 0.09619 min 0.00139169 max 1.727473132 sum 1500.32199
# target 50% 0.0175257
# target 75% 0.025004
# target 90% 0.0365486
# target 99% 0.509784
# target 99.9% 1.42659
Sockets used: 25 (for perfect keepalive, would be 25)
Jitter: false
Code 200 : 46676 (100.0 %)
All done 46676 calls (plus 25 warmup) 32.143 ms avg, 777.6 qps
Successfully wrote 5468 bytes of Json data to 2022-04-18-222047_asg_raupi_3_scaling_3_3.json
fortio exit code: 0
[2022-04-18T22:21:47]==============================[STATS]
jh CPU load avg:
0.00 0.10 0.13 1/163 1292
i-0f2a2f7c255e60830
InService
Healthy
{}
[2022-04-18T22:21:47]==============================[SCALING RUN 3: CHUNK 4]==============================
22:21:47 I logger.go:127> Log level is now 4 Error (was 2 Info)
Fortio 1.19.0 running at -1 queries per second, 2->2 procs, for 1m0s: http://asg-1-lb-98849600.us-east-1.elb.amazonaws.com:3000/?n=200
Aggregated Function Time : count 47890 avg 0.031574387 +/- 0.1226 min 0.001471624 max 3.68179904 sum 1512.09738
# target 50% 0.0169067
# target 75% 0.0252108
# target 90% 0.0434086
# target 99% 0.371648
# target 99.9% 2.06206
Sockets used: 50 (for perfect keepalive, would be 25)
Jitter: false
Code 200 : 47890 (100.0 %)
All done 47890 calls (plus 25 warmup) 31.574 ms avg, 791.6 qps
Successfully wrote 5562 bytes of Json data to 2022-04-18-222147_asg_raupi_3_scaling_3_4.json
fortio exit code: 0
[2022-04-18T22:22:48]==============================[STATS]
jh CPU load avg:
0.00 0.08 0.12 1/164 1311
i-0dc7d8709397fb8d5
InService
Healthy
{}
i-0f2a2f7c255e60830
InService
Healthy
{}
[2022-04-18T22:22:49]==============================[SCALING RUN 3: CHUNK 5]==============================
22:22:49 I logger.go:127> Log level is now 4 Error (was 2 Info)
Fortio 1.19.0 running at -1 queries per second, 2->2 procs, for 1m0s: http://asg-1-lb-98849600.us-east-1.elb.amazonaws.com:3000/?n=200
Aggregated Function Time : count 48846 avg 0.03072221 +/- 0.08983 min 0.001421368 max 1.455293009 sum 1500.65707
# target 50% 0.0168067
# target 75% 0.0253318
# target 90% 0.0464134
# target 99% 0.401125
# target 99.9% 1.29205
Sockets used: 38 (for perfect keepalive, would be 25)
Jitter: false
Code 200 : 48846 (100.0 %)
All done 48846 calls (plus 25 warmup) 30.722 ms avg, 813.6 qps
Successfully wrote 5356 bytes of Json data to 2022-04-18-222249_asg_raupi_3_scaling_3_5.json
fortio exit code: 0
[2022-04-18T22:23:49]==============================[STATS]
jh CPU load avg:
0.18 0.11 0.12 1/163 1331
i-0dc7d8709397fb8d5
InService
Healthy
{}
i-0ed80360bd4009288
InService
Healthy
{}
i-0f2a2f7c255e60830
InService
Healthy
{}
[2022-04-18T22:23:50]==============================[SCALING RUN 3: CHUNK 6]==============================
22:23:50 I logger.go:127> Log level is now 4 Error (was 2 Info)
Fortio 1.19.0 running at -1 queries per second, 2->2 procs, for 1m0s: http://asg-1-lb-98849600.us-east-1.elb.amazonaws.com:3000/?n=200
Aggregated Function Time : count 113824 avg 0.013180743 +/- 0.03817 min 0.001339609 max 2.701220165 sum 1500.28489
# target 50% 0.00834242
# target 75% 0.0145037
# target 90% 0.019635
# target 99% 0.0680314
# target 99.9% 0.51088
Sockets used: 25 (for perfect keepalive, would be 25)
Jitter: false
Code 200 : 113824 (100.0 %)
All done 113824 calls (plus 25 warmup) 13.181 ms avg, 1895.1 qps
Successfully wrote 5465 bytes of Json data to 2022-04-18-222350_asg_raupi_3_scaling_3_6.json
fortio exit code: 0
[2022-04-18T22:24:50]==============================[STATS]
jh CPU load avg:
0.11 0.10 0.12 1/163 1349
i-0dc7d8709397fb8d5
InService
Healthy
{}
i-0ed80360bd4009288
InService
Healthy
{}
i-0f2a2f7c255e60830
InService
Healthy
{}
[2022-04-18T22:24:51]==============================[SCALING RUN 3: CHUNK 7]==============================
22:24:51 I logger.go:127> Log level is now 4 Error (was 2 Info)
Fortio 1.19.0 running at -1 queries per second, 2->2 procs, for 1m0s: http://asg-1-lb-98849600.us-east-1.elb.amazonaws.com:3000/?n=200
Aggregated Function Time : count 181491 avg 0.0082694981 +/- 0.01205 min 0.001079832 max 0.439431399 sum 1500.83949
# target 50% 0.0066576
# target 75% 0.00944651
# target 90% 0.0163166
# target 99% 0.040871
# target 99.9% 0.188786
Sockets used: 25 (for perfect keepalive, would be 25)
Jitter: false
Code 200 : 181491 (100.0 %)
All done 181491 calls (plus 25 warmup) 8.269 ms avg, 3021.0 qps
Successfully wrote 4251 bytes of Json data to 2022-04-18-222451_asg_raupi_3_scaling_3_7.json
fortio exit code: 0
[2022-04-18T22:25:51]==============================[STATS]
jh CPU load avg:
0.26 0.14 0.13 1/163 1366
i-0dc7d8709397fb8d5
InService
Healthy
{}
i-0ed80360bd4009288
InService
Healthy
{}
i-0f2a2f7c255e60830
InService
Healthy
{}
[2022-04-18T22:25:52]==============================[SCALING RUN 3: CHUNK 8]==============================
22:25:52 I logger.go:127> Log level is now 4 Error (was 2 Info)
Fortio 1.19.0 running at -1 queries per second, 2->2 procs, for 1m0s: http://asg-1-lb-98849600.us-east-1.elb.amazonaws.com:3000/?n=200
Aggregated Function Time : count 179996 avg 0.0083336703 +/- 0.01347 min 0.001091587 max 0.849105336 sum 1500.02733
# target 50% 0.00669672
# target 75% 0.00949932
# target 90% 0.0164689
# target 99% 0.0430251
# target 99.9% 0.194076
Sockets used: 25 (for perfect keepalive, would be 25)
Jitter: false
Code 200 : 179996 (100.0 %)
All done 179996 calls (plus 25 warmup) 8.334 ms avg, 2999.5 qps
Successfully wrote 4255 bytes of Json data to 2022-04-18-222552_asg_raupi_3_scaling_3_8.json
fortio exit code: 0
[2022-04-18T22:26:52]==============================[STATS]
jh CPU load avg:
0.26 0.16 0.13 1/163 1384
i-0dc7d8709397fb8d5
InService
Healthy
{}
i-0ed80360bd4009288
InService
Healthy
{}
i-0f2a2f7c255e60830
InService
Healthy
{}
[2022-04-18T22:26:52]==============================[SCALING RUN 3: CHUNK 9]==============================
22:26:52 I logger.go:127> Log level is now 4 Error (was 2 Info)
Fortio 1.19.0 running at -1 queries per second, 2->2 procs, for 1m0s: http://asg-1-lb-98849600.us-east-1.elb.amazonaws.com:3000/?n=200
Aggregated Function Time : count 178996 avg 0.0083806169 +/- 0.01898 min 0.001104463 max 0.764559204 sum 1500.0969
# target 50% 0.00660613
# target 75% 0.00935699
# target 90% 0.0159624
# target 99% 0.04386
# target 99.9% 0.298195
Sockets used: 25 (for perfect keepalive, would be 25)
Jitter: false
Code 200 : 178996 (100.0 %)
All done 178996 calls (plus 25 warmup) 8.381 ms avg, 2981.6 qps
Successfully wrote 4753 bytes of Json data to 2022-04-18-222652_asg_raupi_3_scaling_3_9.json
fortio exit code: 0
[2022-04-18T22:27:52]==============================[STATS]
jh CPU load avg:
0.42 0.21 0.15 1/163 1401
i-0dc7d8709397fb8d5
InService
Healthy
{}
i-0ed80360bd4009288
InService
Healthy
{}
i-0f2a2f7c255e60830
InService
Healthy
{}
[2022-04-18T22:27:53]==============================[SCALING RUN 3: CHUNK 10]==============================
22:27:53 I logger.go:127> Log level is now 4 Error (was 2 Info)
Fortio 1.19.0 running at -1 queries per second, 2->2 procs, for 1m0s: http://asg-1-lb-98849600.us-east-1.elb.amazonaws.com:3000/?n=200
Aggregated Function Time : count 182635 avg 0.0082131314 +/- 0.01438 min 0.001193137 max 0.885929694 sum 1500.00525
# target 50% 0.00662344
# target 75% 0.00933862
# target 90% 0.0159684
# target 99% 0.0418547
# target 99.9% 0.187769
Sockets used: 25 (for perfect keepalive, would be 25)
Jitter: false
Code 200 : 182635 (100.0 %)
All done 182635 calls (plus 25 warmup) 8.213 ms avg, 3043.3 qps
Successfully wrote 4732 bytes of Json data to 2022-04-18-222753_asg_raupi_3_scaling_3_10.json
fortio exit code: 0
[2022-04-18T22:28:53]==============================[STATS]
jh CPU load avg:
0.30 0.21 0.16 1/163 1418
i-0dc7d8709397fb8d5
InService
Healthy
{}
i-0ed80360bd4009288
InService
Healthy
{}
i-0f2a2f7c255e60830
InService
Healthy
{}
[2022-04-18T22:28:54]==============================[SCALING RUN 3: CHUNK 11]==============================
22:28:54 I logger.go:127> Log level is now 4 Error (was 2 Info)
Fortio 1.19.0 running at -1 queries per second, 2->2 procs, for 1m0s: http://asg-1-lb-98849600.us-east-1.elb.amazonaws.com:3000/?n=200
Aggregated Function Time : count 177812 avg 0.0084364616 +/- 0.01417 min 0.001254626 max 0.657925634 sum 1500.1041
# target 50% 0.00664739
# target 75% 0.00934381
# target 90% 0.0162206
# target 99% 0.0490196
# target 99.9% 0.217758
Sockets used: 25 (for perfect keepalive, would be 25)
Jitter: false
Code 200 : 177812 (100.0 %)
All done 177812 calls (plus 25 warmup) 8.436 ms avg, 2962.4 qps
Successfully wrote 4368 bytes of Json data to 2022-04-18-222854_asg_raupi_3_scaling_3_11.json
fortio exit code: 0
[2022-04-18T22:29:54]==============================[STATS]
jh CPU load avg:
0.41 0.28 0.18 1/163 1436
i-0dc7d8709397fb8d5
InService
Healthy
{}
i-0ed80360bd4009288
InService
Healthy
{}
i-0f2a2f7c255e60830
InService
Healthy
{}
[2022-04-18T22:29:55]==============================[SCALING RUN 3: CHUNK 12]==============================
22:29:55 I logger.go:127> Log level is now 4 Error (was 2 Info)
Fortio 1.19.0 running at -1 queries per second, 2->2 procs, for 1m0s: http://asg-1-lb-98849600.us-east-1.elb.amazonaws.com:3000/?n=200
Aggregated Function Time : count 183264 avg 0.0081859092 +/- 0.01383 min 0.001145544 max 0.6806837 sum 1500.18247
# target 50% 0.00666823
# target 75% 0.0094296
# target 90% 0.0162615
# target 99% 0.041526
# target 99.9% 0.167425
Sockets used: 25 (for perfect keepalive, would be 25)
Jitter: false
Code 200 : 183264 (100.0 %)
All done 183264 calls (plus 25 warmup) 8.186 ms avg, 3051.0 qps
Successfully wrote 4602 bytes of Json data to 2022-04-18-222955_asg_raupi_3_scaling_3_12.json
fortio exit code: 0
[2022-04-18T22:30:55]==============================[STATS]
jh CPU load avg:
0.38 0.29 0.19 1/164 1509
i-0dc7d8709397fb8d5
InService
Healthy
{}
i-0ed80360bd4009288
InService
Healthy
{}
i-0f2a2f7c255e60830
InService
Healthy
{}
[2022-04-18T22:30:55]==============================[SCALING RUN 3: CHUNK 13]==============================
22:30:55 I logger.go:127> Log level is now 4 Error (was 2 Info)
Fortio 1.19.0 running at -1 queries per second, 2->2 procs, for 1m0s: http://asg-1-lb-98849600.us-east-1.elb.amazonaws.com:3000/?n=200
Aggregated Function Time : count 181381 avg 0.0082724457 +/- 0.01568 min 0.001177649 max 0.761288008 sum 1500.46448
# target 50% 0.00664883
# target 75% 0.00938445
# target 90% 0.0160426
# target 99% 0.0408462
# target 99.9% 0.227314
Sockets used: 25 (for perfect keepalive, would be 25)
Jitter: false
Code 200 : 181381 (100.0 %)
All done 181381 calls (plus 25 warmup) 8.272 ms avg, 3020.5 qps
Successfully wrote 4749 bytes of Json data to 2022-04-18-223056_asg_raupi_3_scaling_3_13.json
fortio exit code: 0
[2022-04-18T22:31:56]==============================[STATS]
jh CPU load avg:
0.16 0.24 0.18 1/164 1527
i-0dc7d8709397fb8d5
InService
Healthy
{}
i-0ed80360bd4009288
InService
Healthy
{}
i-0f2a2f7c255e60830
InService
Healthy
{}
[2022-04-18T22:31:56]==============================[SCALING RUN 3: CHUNK 14]==============================
22:31:56 I logger.go:127> Log level is now 4 Error (was 2 Info)
Fortio 1.19.0 running at -1 queries per second, 2->2 procs, for 1m0s: http://asg-1-lb-98849600.us-east-1.elb.amazonaws.com:3000/?n=200
Aggregated Function Time : count 185462 avg 0.0080878737 +/- 0.01544 min 0.001094906 max 0.944443687 sum 1499.99323
# target 50% 0.00654118
# target 75% 0.00926434
# target 90% 0.0156443
# target 99% 0.0406464
# target 99.9% 0.207935
Sockets used: 25 (for perfect keepalive, would be 25)
Jitter: false
Code 200 : 185462 (100.0 %)
All done 185462 calls (plus 25 warmup) 8.088 ms avg, 3090.6 qps
Successfully wrote 4620 bytes of Json data to 2022-04-18-223156_asg_raupi_3_scaling_3_14.json
fortio exit code: 0
[2022-04-18T22:32:56]==============================[STATS]
jh CPU load avg:
0.23 0.25 0.19 1/164 1544
i-0dc7d8709397fb8d5
InService
Healthy
{}
i-0ed80360bd4009288
InService
Healthy
{}
i-0f2a2f7c255e60830
InService
Healthy
{}
[2022-04-18T22:37:01]==============================[GET DATA]==============================
2022-04-18T20:44:21..2022-04-18T22:37:01
asg-1-myASG
asg-1-lb
36K alb_data.json
24K asg_data.json
[2022-04-18T22:37:03]==============================[UPLOAD /2022.04.18_20-43_asg_raupi_3_41cf]==============================
Warning: Permanently added '34.125.40.213' (ECDSA) to the list of known hosts.
