2022-05-28T21:28:42
NAME                             CPU(cores)   CPU%   MEMORY(bytes)   MEMORY%   
ip-192-168-51-243.ec2.internal   162m         8%     1040Mi          31%       
2022-05-28T21:29:44
NAME                             CPU(cores)   CPU%   MEMORY(bytes)   MEMORY%   
ip-192-168-51-243.ec2.internal   58m          3%     1046Mi          31%       
2022-05-28T21:30:45
NAME                             CPU(cores)   CPU%   MEMORY(bytes)   MEMORY%     
ip-192-168-19-9.ec2.internal     261m         13%    449Mi           13%         
ip-192-168-51-243.ec2.internal   76m          3%     922Mi           27%         
ip-192-168-35-52.ec2.internal    <unknown>                           <unknown>               <unknown>               <unknown>               
2022-05-28T21:31:47
NAME                             CPU(cores)   CPU%   MEMORY(bytes)   MEMORY%   
ip-192-168-19-9.ec2.internal     241m         12%    477Mi           14%       
ip-192-168-35-52.ec2.internal    38m          1%     452Mi           13%       
ip-192-168-51-243.ec2.internal   1247m        64%    923Mi           27%       
2022-05-28T21:32:49
NAME                             CPU(cores)   CPU%   MEMORY(bytes)   MEMORY%   
ip-192-168-19-9.ec2.internal     45m          2%     480Mi           14%       
ip-192-168-35-52.ec2.internal    41m          2%     453Mi           13%       
ip-192-168-51-243.ec2.internal   827m         42%    583Mi           17%       
2022-05-28T21:33:51
NAME                             CPU(cores)   CPU%   MEMORY(bytes)   MEMORY%   
ip-192-168-19-9.ec2.internal     42m          2%     480Mi           14%       
ip-192-168-35-52.ec2.internal    41m          2%     453Mi           13%       
ip-192-168-51-243.ec2.internal   96m          4%     584Mi           17%       
2022-05-28T21:34:52
NAME                             CPU(cores)   CPU%   MEMORY(bytes)   MEMORY%   
ip-192-168-19-9.ec2.internal     1222m        63%    483Mi           14%       
ip-192-168-35-52.ec2.internal    45m          2%     480Mi           14%       
ip-192-168-51-243.ec2.internal   1238m        64%    582Mi           17%       
2022-05-28T21:35:54
NAME                             CPU(cores)   CPU%   MEMORY(bytes)   MEMORY%   
ip-192-168-19-9.ec2.internal     44m          2%     483Mi           14%       
ip-192-168-35-52.ec2.internal    41m          2%     482Mi           14%       
ip-192-168-51-243.ec2.internal   56m          2%     584Mi           17%       
2022-05-28T21:36:56
NAME                             CPU(cores)   CPU%   MEMORY(bytes)   MEMORY%   
ip-192-168-19-9.ec2.internal     1223m        63%    483Mi           14%       
ip-192-168-35-52.ec2.internal    1216m        63%    484Mi           14%       
ip-192-168-51-243.ec2.internal   680m         35%    584Mi           17%       
2022-05-28T21:37:58
NAME                             CPU(cores)   CPU%   MEMORY(bytes)   MEMORY%   
ip-192-168-19-9.ec2.internal     961m         49%    484Mi           14%       
ip-192-168-35-52.ec2.internal    690m         35%    484Mi           14%       
ip-192-168-51-243.ec2.internal   380m         19%    584Mi           17%       
2022-05-28T21:38:59
NAME                             CPU(cores)   CPU%   MEMORY(bytes)   MEMORY%   
ip-192-168-19-9.ec2.internal     42m          2%     483Mi           14%       
ip-192-168-35-52.ec2.internal    200m         10%    484Mi           14%       
ip-192-168-51-243.ec2.internal   57m          2%     585Mi           17%       
2022-05-28T21:40:02
NAME                             CPU(cores)   CPU%   MEMORY(bytes)   MEMORY%   
ip-192-168-19-9.ec2.internal     1225m        63%    485Mi           14%       
ip-192-168-35-52.ec2.internal    1230m        63%    484Mi           14%       
ip-192-168-51-243.ec2.internal   1133m        58%    603Mi           18%       
2022-05-28T21:41:04
NAME                             CPU(cores)   CPU%   MEMORY(bytes)   MEMORY%   
ip-192-168-19-9.ec2.internal     47m          2%     484Mi           14%       
ip-192-168-35-52.ec2.internal    42m          2%     485Mi           14%       
ip-192-168-51-243.ec2.internal   58m          3%     603Mi           18%       
2022-05-28T21:42:06
NAME                             CPU(cores)   CPU%   MEMORY(bytes)   MEMORY%   
ip-192-168-19-9.ec2.internal     1168m        60%    485Mi           14%       
ip-192-168-35-52.ec2.internal    1225m        63%    486Mi           14%       
ip-192-168-51-243.ec2.internal   1194m        61%    604Mi           18%       
2022-05-28T21:43:08
NAME                             CPU(cores)   CPU%   MEMORY(bytes)   MEMORY%   
ip-192-168-19-9.ec2.internal     611m         31%    485Mi           14%       
ip-192-168-35-52.ec2.internal    416m         21%    486Mi           14%       
ip-192-168-51-243.ec2.internal   886m         45%    603Mi           18%       
2022-05-28T21:44:09
NAME                             CPU(cores)   CPU%   MEMORY(bytes)   MEMORY%   
ip-192-168-19-9.ec2.internal     249m         12%    485Mi           14%       
ip-192-168-35-52.ec2.internal    100m         5%     485Mi           14%       
ip-192-168-51-243.ec2.internal   57m          2%     602Mi           18%       
2022-05-28T21:45:11
NAME                             CPU(cores)   CPU%   MEMORY(bytes)   MEMORY%   
ip-192-168-19-9.ec2.internal     1186m        61%    503Mi           15%       
ip-192-168-35-52.ec2.internal    1157m        59%    504Mi           15%       
ip-192-168-51-243.ec2.internal   1221m        63%    602Mi           18%       
2022-05-28T21:46:13
NAME                             CPU(cores)   CPU%   MEMORY(bytes)   MEMORY%   
ip-192-168-19-9.ec2.internal     45m          2%     504Mi           15%       
ip-192-168-35-52.ec2.internal    43m          2%     504Mi           15%       
ip-192-168-51-243.ec2.internal   59m          3%     604Mi           18%       
2022-05-28T21:47:15
NAME                             CPU(cores)   CPU%   MEMORY(bytes)   MEMORY%   
ip-192-168-19-9.ec2.internal     1080m        55%    506Mi           15%       
ip-192-168-35-52.ec2.internal    1221m        63%    505Mi           15%       
ip-192-168-51-243.ec2.internal   1227m        63%    604Mi           18%       
2022-05-28T21:48:16
NAME                             CPU(cores)   CPU%   MEMORY(bytes)   MEMORY%   
ip-192-168-19-9.ec2.internal     1072m        55%    506Mi           15%       
ip-192-168-35-52.ec2.internal    1217m        63%    504Mi           15%       
ip-192-168-51-243.ec2.internal   1230m        63%    604Mi           18%       
2022-05-28T21:49:18
NAME                             CPU(cores)   CPU%   MEMORY(bytes)   MEMORY%   
ip-192-168-19-9.ec2.internal     42m          2%     504Mi           15%       
ip-192-168-35-52.ec2.internal    43m          2%     505Mi           15%       
ip-192-168-51-243.ec2.internal   57m          2%     605Mi           18%       
2022-05-28T21:50:20
NAME                             CPU(cores)   CPU%   MEMORY(bytes)   MEMORY%   
ip-192-168-19-9.ec2.internal     1182m        61%    503Mi           15%       
ip-192-168-35-52.ec2.internal    1219m        63%    504Mi           15%       
ip-192-168-51-243.ec2.internal   1213m        62%    604Mi           18%       
2022-05-28T21:51:22
NAME                             CPU(cores)   CPU%   MEMORY(bytes)   MEMORY%   
ip-192-168-19-9.ec2.internal     43m          2%     503Mi           15%       
ip-192-168-35-52.ec2.internal    39m          2%     503Mi           15%       
ip-192-168-51-243.ec2.internal   59m          3%     603Mi           18%       
2022-05-28T21:52:24
NAME                             CPU(cores)   CPU%   MEMORY(bytes)   MEMORY%   
ip-192-168-19-9.ec2.internal     1210m        62%    503Mi           15%       
ip-192-168-35-52.ec2.internal    1198m        62%    504Mi           15%       
ip-192-168-51-243.ec2.internal   1221m        63%    604Mi           18%       
2022-05-28T21:53:25
NAME                             CPU(cores)   CPU%   MEMORY(bytes)   MEMORY%   
ip-192-168-19-9.ec2.internal     1208m        62%    503Mi           15%       
ip-192-168-35-52.ec2.internal    1190m        61%    503Mi           15%       
ip-192-168-51-243.ec2.internal   1222m        63%    604Mi           18%       
2022-05-28T21:54:27
NAME                             CPU(cores)   CPU%   MEMORY(bytes)   MEMORY%   
ip-192-168-19-9.ec2.internal     41m          2%     504Mi           15%       
ip-192-168-35-52.ec2.internal    41m          2%     503Mi           15%       
ip-192-168-51-243.ec2.internal   58m          3%     604Mi           18%       
2022-05-28T21:55:29
NAME                             CPU(cores)   CPU%   MEMORY(bytes)   MEMORY%   
ip-192-168-19-9.ec2.internal     1210m        62%    504Mi           15%       
ip-192-168-35-52.ec2.internal    1203m        62%    504Mi           15%       
ip-192-168-51-243.ec2.internal   1036m        53%    606Mi           18%       
2022-05-28T21:56:31
NAME                             CPU(cores)   CPU%   MEMORY(bytes)   MEMORY%   
ip-192-168-19-9.ec2.internal     42m          2%     503Mi           15%       
ip-192-168-35-52.ec2.internal    39m          2%     506Mi           15%       
ip-192-168-51-243.ec2.internal   57m          2%     605Mi           18%       
2022-05-28T21:57:33
NAME                             CPU(cores)   CPU%   MEMORY(bytes)   MEMORY%   
ip-192-168-19-9.ec2.internal     1203m        62%    504Mi           15%       
ip-192-168-35-52.ec2.internal    1109m        57%    505Mi           15%       
ip-192-168-51-243.ec2.internal   962m         49%    605Mi           18%       
2022-05-28T21:58:35
NAME                             CPU(cores)   CPU%   MEMORY(bytes)   MEMORY%   
ip-192-168-19-9.ec2.internal     1207m        62%    505Mi           15%       
ip-192-168-35-52.ec2.internal    1205m        62%    504Mi           15%       
ip-192-168-51-243.ec2.internal   1201m        62%    605Mi           18%       
2022-05-28T21:59:37
NAME                             CPU(cores)   CPU%   MEMORY(bytes)   MEMORY%   
ip-192-168-19-9.ec2.internal     44m          2%     504Mi           15%       
ip-192-168-35-52.ec2.internal    44m          2%     505Mi           15%       
ip-192-168-51-243.ec2.internal   62m          3%     606Mi           18%       
2022-05-28T22:00:38
NAME                             CPU(cores)   CPU%   MEMORY(bytes)   MEMORY%   
ip-192-168-19-9.ec2.internal     44m          2%     505Mi           15%       
ip-192-168-35-52.ec2.internal    45m          2%     506Mi           15%       
ip-192-168-51-243.ec2.internal   66m          3%     605Mi           18%       
2022-05-28T22:01:40
NAME                             CPU(cores)   CPU%   MEMORY(bytes)   MEMORY%   
ip-192-168-19-9.ec2.internal     1210m        62%    506Mi           15%       
ip-192-168-35-52.ec2.internal    1208m        62%    505Mi           15%       
ip-192-168-51-243.ec2.internal   1222m        63%    605Mi           18%       
2022-05-28T22:02:42
NAME                             CPU(cores)   CPU%   MEMORY(bytes)   MEMORY%   
ip-192-168-19-9.ec2.internal     1186m        61%    506Mi           15%       
ip-192-168-35-52.ec2.internal    1228m        63%    506Mi           15%       
ip-192-168-51-243.ec2.internal   1232m        63%    606Mi           18%       
2022-05-28T22:03:44
NAME                             CPU(cores)   CPU%   MEMORY(bytes)   MEMORY%   
ip-192-168-19-9.ec2.internal     1213m        62%    506Mi           15%       
ip-192-168-35-52.ec2.internal    1224m        63%    506Mi           15%       
ip-192-168-51-243.ec2.internal   1227m        63%    606Mi           18%       
2022-05-28T22:04:46
NAME                             CPU(cores)   CPU%   MEMORY(bytes)   MEMORY%   
ip-192-168-19-9.ec2.internal     1206m        62%    505Mi           15%       
ip-192-168-35-52.ec2.internal    1221m        63%    506Mi           15%       
ip-192-168-51-243.ec2.internal   1216m        63%    607Mi           18%       
2022-05-28T22:05:48
NAME                             CPU(cores)   CPU%   MEMORY(bytes)   MEMORY%   
ip-192-168-19-9.ec2.internal     1198m        62%    506Mi           15%       
ip-192-168-35-52.ec2.internal    1217m        63%    507Mi           15%       
ip-192-168-51-243.ec2.internal   1232m        63%    604Mi           18%       
2022-05-28T22:06:49
NAME                             CPU(cores)   CPU%   MEMORY(bytes)   MEMORY%   
ip-192-168-19-9.ec2.internal     42m          2%     506Mi           15%       
ip-192-168-35-52.ec2.internal    42m          2%     506Mi           15%       
ip-192-168-51-243.ec2.internal   60m          3%     604Mi           18%       
2022-05-28T22:07:51
NAME                             CPU(cores)   CPU%   MEMORY(bytes)   MEMORY%   
ip-192-168-19-9.ec2.internal     1198m        62%    507Mi           15%       
ip-192-168-35-52.ec2.internal    1222m        63%    506Mi           15%       
ip-192-168-51-243.ec2.internal   1225m        63%    606Mi           18%       
2022-05-28T22:08:53
NAME                             CPU(cores)   CPU%   MEMORY(bytes)   MEMORY%   
ip-192-168-19-9.ec2.internal     1200m        62%    506Mi           15%       
ip-192-168-35-52.ec2.internal    1224m        63%    506Mi           15%       
ip-192-168-51-243.ec2.internal   1226m        63%    606Mi           18%       
2022-05-28T22:09:55
NAME                             CPU(cores)   CPU%   MEMORY(bytes)   MEMORY%   
ip-192-168-19-9.ec2.internal     1207m        62%    507Mi           15%       
ip-192-168-35-52.ec2.internal    1237m        64%    506Mi           15%       
ip-192-168-51-243.ec2.internal   1229m        63%    607Mi           18%       
2022-05-28T22:10:57
NAME                             CPU(cores)   CPU%   MEMORY(bytes)   MEMORY%   
ip-192-168-19-9.ec2.internal     1198m        62%    506Mi           15%       
ip-192-168-35-52.ec2.internal    1224m        63%    515Mi           15%       
ip-192-168-51-243.ec2.internal   1223m        63%    606Mi           18%       
2022-05-28T22:11:59
NAME                             CPU(cores)   CPU%   MEMORY(bytes)   MEMORY%   
ip-192-168-19-9.ec2.internal     1212m        62%    507Mi           15%       
ip-192-168-35-52.ec2.internal    1228m        63%    515Mi           15%       
ip-192-168-51-243.ec2.internal   1227m        63%    606Mi           18%       
2022-05-28T22:13:01
NAME                             CPU(cores)   CPU%   MEMORY(bytes)   MEMORY%   
ip-192-168-19-9.ec2.internal     44m          2%     507Mi           15%       
ip-192-168-35-52.ec2.internal    44m          2%     515Mi           15%       
ip-192-168-51-243.ec2.internal   56m          2%     607Mi           18%       
2022-05-28T22:14:04
NAME                             CPU(cores)   CPU%   MEMORY(bytes)   MEMORY%   
ip-192-168-19-9.ec2.internal     1207m        62%    507Mi           15%       
ip-192-168-35-52.ec2.internal    1207m        62%    515Mi           15%       
ip-192-168-51-243.ec2.internal   1220m        63%    607Mi           18%       
2022-05-28T22:15:06
NAME                             CPU(cores)   CPU%   MEMORY(bytes)   MEMORY%   
ip-192-168-19-9.ec2.internal     1209m        62%    506Mi           15%       
ip-192-168-35-52.ec2.internal    1218m        63%    516Mi           15%       
ip-192-168-51-243.ec2.internal   1220m        63%    607Mi           18%       
2022-05-28T22:16:07
NAME                             CPU(cores)   CPU%   MEMORY(bytes)   MEMORY%   
ip-192-168-19-9.ec2.internal     1206m        62%    507Mi           15%       
ip-192-168-35-52.ec2.internal    1207m        62%    515Mi           15%       
ip-192-168-51-243.ec2.internal   1223m        63%    606Mi           18%       
2022-05-28T22:17:09
NAME                             CPU(cores)   CPU%   MEMORY(bytes)   MEMORY%   
ip-192-168-19-9.ec2.internal     1200m        62%    507Mi           15%       
ip-192-168-35-52.ec2.internal    1187m        61%    516Mi           15%       
ip-192-168-51-243.ec2.internal   1224m        63%    606Mi           18%       
2022-05-28T22:18:11
NAME                             CPU(cores)   CPU%   MEMORY(bytes)   MEMORY%   
ip-192-168-19-9.ec2.internal     1202m        62%    506Mi           15%       
ip-192-168-35-52.ec2.internal    1191m        61%    516Mi           15%       
ip-192-168-51-243.ec2.internal   1219m        63%    607Mi           18%       
2022-05-28T22:19:13
NAME                             CPU(cores)   CPU%   MEMORY(bytes)   MEMORY%   
ip-192-168-19-9.ec2.internal     46m          2%     505Mi           15%       
ip-192-168-35-52.ec2.internal    43m          2%     517Mi           15%       
ip-192-168-51-243.ec2.internal   57m          2%     606Mi           18%       
2022-05-28T22:20:15
NAME                             CPU(cores)   CPU%   MEMORY(bytes)   MEMORY%   
ip-192-168-19-9.ec2.internal     1203m        62%    506Mi           15%       
ip-192-168-35-52.ec2.internal    1187m        61%    516Mi           15%       
ip-192-168-51-243.ec2.internal   1219m        63%    606Mi           18%       
2022-05-28T22:21:17
NAME                             CPU(cores)   CPU%   MEMORY(bytes)   MEMORY%   
ip-192-168-19-9.ec2.internal     1201m        62%    507Mi           15%       
ip-192-168-35-52.ec2.internal    1200m        62%    516Mi           15%       
ip-192-168-51-243.ec2.internal   1211m        62%    606Mi           18%       
2022-05-28T22:22:18
NAME                             CPU(cores)   CPU%   MEMORY(bytes)   MEMORY%   
ip-192-168-19-9.ec2.internal     1200m        62%    506Mi           15%       
ip-192-168-35-52.ec2.internal    1212m        62%    517Mi           15%       
ip-192-168-51-243.ec2.internal   1217m        63%    606Mi           18%       
2022-05-28T22:23:20
NAME                             CPU(cores)   CPU%   MEMORY(bytes)   MEMORY%   
ip-192-168-19-9.ec2.internal     1205m        62%    507Mi           15%       
ip-192-168-35-52.ec2.internal    1215m        62%    516Mi           15%       
ip-192-168-51-243.ec2.internal   1214m        62%    607Mi           18%       
2022-05-28T22:24:22
NAME                             CPU(cores)   CPU%   MEMORY(bytes)   MEMORY%   
ip-192-168-19-9.ec2.internal     903m         46%    506Mi           15%       
ip-192-168-35-52.ec2.internal    1055m        54%    517Mi           15%       
ip-192-168-51-243.ec2.internal   694m         35%    607Mi           18%       
2022-05-28T22:25:24
2022-05-28T22:26:25
NAME                             CPU(cores)   CPU%   MEMORY(bytes)   MEMORY%     
ip-192-168-35-52.ec2.internal    106m         5%     1087Mi          32%         
ip-192-168-51-243.ec2.internal   <unknown>                           <unknown>               <unknown>               <unknown>               
2022-05-28T22:27:27
NAME                            CPU(cores)   CPU%   MEMORY(bytes)   MEMORY%   
ip-192-168-35-52.ec2.internal   58m          3%     1089Mi          32%       
2022-05-28T22:28:29
NAME                            CPU(cores)   CPU%   MEMORY(bytes)   MEMORY%   
ip-192-168-35-52.ec2.internal   58m          3%     964Mi           28%       
2022-05-28T22:29:31
NAME                            CPU(cores)   CPU%   MEMORY(bytes)   MEMORY%   
ip-192-168-35-52.ec2.internal   1237m        64%    965Mi           29%       
2022-05-28T22:30:32
NAME                            CPU(cores)   CPU%   MEMORY(bytes)   MEMORY%     
ip-192-168-35-52.ec2.internal   1244m        64%    626Mi           18%         
ip-192-168-24-71.ec2.internal   <unknown>                           <unknown>               <unknown>               <unknown>               
2022-05-28T22:31:34
NAME                            CPU(cores)   CPU%   MEMORY(bytes)   MEMORY%   
ip-192-168-24-71.ec2.internal   54m          2%     475Mi           14%       
ip-192-168-35-52.ec2.internal   1240m        64%    627Mi           18%       
2022-05-28T22:32:36
NAME                            CPU(cores)   CPU%   MEMORY(bytes)   MEMORY%   
ip-192-168-24-71.ec2.internal   1217m        63%    482Mi           14%       
ip-192-168-35-52.ec2.internal   1234m        63%    627Mi           18%       
2022-05-28T22:33:38
NAME                             CPU(cores)   CPU%   MEMORY(bytes)   MEMORY%   
ip-192-168-14-200.ec2.internal   748m         38%    391Mi           11%       
ip-192-168-24-71.ec2.internal    1210m        62%    484Mi           14%       
ip-192-168-35-52.ec2.internal    1229m        63%    627Mi           18%       
2022-05-28T22:34:40
NAME                             CPU(cores)   CPU%   MEMORY(bytes)   MEMORY%   
ip-192-168-14-200.ec2.internal   37m          1%     475Mi           14%       
ip-192-168-24-71.ec2.internal    1207m        62%    485Mi           14%       
ip-192-168-35-52.ec2.internal    1226m        63%    626Mi           18%       
2022-05-28T22:35:41
NAME                             CPU(cores)   CPU%   MEMORY(bytes)   MEMORY%   
ip-192-168-14-200.ec2.internal   1210m        62%    480Mi           14%       
ip-192-168-24-71.ec2.internal    1213m        62%    485Mi           14%       
ip-192-168-35-52.ec2.internal    1197m        62%    626Mi           18%       
2022-05-28T22:36:43
NAME                             CPU(cores)   CPU%   MEMORY(bytes)   MEMORY%   
ip-192-168-14-200.ec2.internal   1211m        62%    482Mi           14%       
ip-192-168-24-71.ec2.internal    1217m        63%    484Mi           14%       
ip-192-168-35-52.ec2.internal    1222m        63%    626Mi           18%       
2022-05-28T22:37:45
NAME                             CPU(cores)   CPU%   MEMORY(bytes)   MEMORY%   
ip-192-168-14-200.ec2.internal   1213m        62%    482Mi           14%       
ip-192-168-24-71.ec2.internal    1177m        60%    486Mi           14%       
ip-192-168-35-52.ec2.internal    1218m        63%    624Mi           18%       
2022-05-28T22:38:47
NAME                             CPU(cores)   CPU%   MEMORY(bytes)   MEMORY%   
ip-192-168-14-200.ec2.internal   1234m        63%    483Mi           14%       
ip-192-168-24-71.ec2.internal    1212m        62%    487Mi           14%       
ip-192-168-35-52.ec2.internal    1224m        63%    625Mi           18%       
2022-05-28T22:39:49
NAME                             CPU(cores)   CPU%   MEMORY(bytes)   MEMORY%   
ip-192-168-14-200.ec2.internal   1219m        63%    484Mi           14%       
ip-192-168-24-71.ec2.internal    1210m        62%    488Mi           14%       
ip-192-168-35-52.ec2.internal    1222m        63%    625Mi           18%       
2022-05-28T22:40:51
NAME                             CPU(cores)   CPU%   MEMORY(bytes)   MEMORY%   
ip-192-168-14-200.ec2.internal   1211m        62%    483Mi           14%       
ip-192-168-24-71.ec2.internal    1209m        62%    487Mi           14%       
ip-192-168-35-52.ec2.internal    1206m        62%    624Mi           18%       
2022-05-28T22:41:52
NAME                             CPU(cores)   CPU%   MEMORY(bytes)   MEMORY%   
ip-192-168-14-200.ec2.internal   1221m        63%    484Mi           14%       
ip-192-168-24-71.ec2.internal    1199m        62%    487Mi           14%       
ip-192-168-35-52.ec2.internal    1223m        63%    625Mi           18%       
2022-05-28T22:42:54
NAME                             CPU(cores)   CPU%   MEMORY(bytes)   MEMORY%   
ip-192-168-14-200.ec2.internal   1217m        63%    484Mi           14%       
ip-192-168-24-71.ec2.internal    918m         47%    486Mi           14%       
ip-192-168-35-52.ec2.internal    1219m        63%    626Mi           18%       
2022-05-28T22:43:56
NAME                             CPU(cores)   CPU%   MEMORY(bytes)   MEMORY%   
ip-192-168-14-200.ec2.internal   51m          2%     465Mi           13%       
ip-192-168-24-71.ec2.internal    42m          2%     491Mi           14%       
ip-192-168-35-52.ec2.internal    54m          2%     625Mi           18%       
2022-05-28T22:44:58
NAME                             CPU(cores)   CPU%   MEMORY(bytes)   MEMORY%     
ip-192-168-14-200.ec2.internal   656m         33%    545Mi           16%         
ip-192-168-35-52.ec2.internal    60m          3%     569Mi           17%         
ip-192-168-24-71.ec2.internal    <unknown>                           <unknown>               <unknown>               <unknown>               
2022-05-28T22:45:59
NAME                             CPU(cores)   CPU%   MEMORY(bytes)   MEMORY%   
ip-192-168-14-200.ec2.internal   65m          3%     1052Mi          31%       
2022-05-28T22:47:01
NAME                             CPU(cores)   CPU%   MEMORY(bytes)   MEMORY%   
ip-192-168-14-200.ec2.internal   56m          2%     1053Mi          31%       
2022-05-28T22:48:03
NAME                             CPU(cores)   CPU%   MEMORY(bytes)   MEMORY%   
ip-192-168-14-200.ec2.internal   1230m        63%    949Mi           28%       
2022-05-28T22:49:05
NAME                             CPU(cores)   CPU%   MEMORY(bytes)   MEMORY%   
ip-192-168-14-200.ec2.internal   1231m        63%    612Mi           18%       
2022-05-28T22:50:07
NAME                             CPU(cores)   CPU%   MEMORY(bytes)   MEMORY%   
ip-192-168-14-200.ec2.internal   1241m        64%    612Mi           18%       
ip-192-168-55-115.ec2.internal   655m         33%    437Mi           13%       
2022-05-28T22:51:08
NAME                             CPU(cores)   CPU%   MEMORY(bytes)   MEMORY%   
ip-192-168-14-200.ec2.internal   1177m        60%    611Mi           18%       
ip-192-168-55-115.ec2.internal   1153m        59%    478Mi           14%       
2022-05-28T22:52:10
NAME                             CPU(cores)   CPU%   MEMORY(bytes)   MEMORY%   
ip-192-168-14-200.ec2.internal   848m         43%    610Mi           18%       
ip-192-168-55-115.ec2.internal   824m         42%    480Mi           14%       
2022-05-28T22:53:12
NAME                             CPU(cores)   CPU%   MEMORY(bytes)   MEMORY%   
ip-192-168-14-200.ec2.internal   840m         43%    612Mi           18%       
ip-192-168-22-114.ec2.internal   279m         14%    454Mi           13%       
ip-192-168-55-115.ec2.internal   822m         42%    482Mi           14%       
2022-05-28T22:54:14
NAME                             CPU(cores)   CPU%   MEMORY(bytes)   MEMORY%   
ip-192-168-14-200.ec2.internal   816m         42%    611Mi           18%       
ip-192-168-22-114.ec2.internal   170m         8%     479Mi           14%       
ip-192-168-55-115.ec2.internal   810m         41%    483Mi           14%       
2022-05-28T22:55:16
NAME                             CPU(cores)   CPU%   MEMORY(bytes)   MEMORY%   
ip-192-168-14-200.ec2.internal   1164m        60%    611Mi           18%       
ip-192-168-22-114.ec2.internal   1017m        52%    483Mi           14%       
ip-192-168-55-115.ec2.internal   1193m        61%    483Mi           14%       
2022-05-28T22:56:18
NAME                             CPU(cores)   CPU%   MEMORY(bytes)   MEMORY%   
ip-192-168-14-200.ec2.internal   957m         49%    611Mi           18%       
ip-192-168-22-114.ec2.internal   681m         35%    484Mi           14%       
ip-192-168-55-115.ec2.internal   964m         49%    483Mi           14%       
2022-05-28T22:57:19
NAME                             CPU(cores)   CPU%   MEMORY(bytes)   MEMORY%   
ip-192-168-14-200.ec2.internal   1017m        52%    609Mi           18%       
ip-192-168-22-114.ec2.internal   762m         39%    484Mi           14%       
ip-192-168-55-115.ec2.internal   1004m        52%    485Mi           14%       
2022-05-28T22:58:21
NAME                             CPU(cores)   CPU%   MEMORY(bytes)   MEMORY%   
ip-192-168-14-200.ec2.internal   998m         51%    611Mi           18%       
ip-192-168-22-114.ec2.internal   880m         45%    485Mi           14%       
ip-192-168-55-115.ec2.internal   993m         51%    484Mi           14%       
2022-05-28T22:59:23
NAME                             CPU(cores)   CPU%   MEMORY(bytes)   MEMORY%   
ip-192-168-14-200.ec2.internal   1011m        52%    611Mi           18%       
ip-192-168-22-114.ec2.internal   1164m        60%    485Mi           14%       
ip-192-168-55-115.ec2.internal   1009m        52%    484Mi           14%       
2022-05-28T23:00:25
NAME                             CPU(cores)   CPU%   MEMORY(bytes)   MEMORY%   
ip-192-168-14-200.ec2.internal   972m         50%    612Mi           18%       
ip-192-168-22-114.ec2.internal   715m         37%    486Mi           14%       
ip-192-168-55-115.ec2.internal   930m         48%    486Mi           14%       
2022-05-28T23:01:27
NAME                             CPU(cores)   CPU%   MEMORY(bytes)   MEMORY%   
ip-192-168-14-200.ec2.internal   1151m        59%    611Mi           18%       
ip-192-168-22-114.ec2.internal   1153m        59%    486Mi           14%       
ip-192-168-55-115.ec2.internal   1176m        60%    485Mi           14%       
2022-05-28T23:02:28
NAME                             CPU(cores)   CPU%   MEMORY(bytes)   MEMORY%   
ip-192-168-14-200.ec2.internal   1201m        62%    613Mi           18%       
ip-192-168-22-114.ec2.internal   1187m        61%    486Mi           14%       
ip-192-168-55-115.ec2.internal   1146m        59%    487Mi           14%       
2022-05-28T23:03:30
2022-05-28T23:04:32
NAME                             CPU(cores)   CPU%   MEMORY(bytes)   MEMORY%     
ip-192-168-14-200.ec2.internal   42m          2%     536Mi           16%         
ip-192-168-22-114.ec2.internal   163m         8%     1051Mi          31%         
ip-192-168-55-115.ec2.internal   <unknown>                           <unknown>               <unknown>               <unknown>               
2022-05-28T23:05:33
NAME                             CPU(cores)   CPU%   MEMORY(bytes)   MEMORY%     
ip-192-168-22-114.ec2.internal   59m          3%     1055Mi          31%         
ip-192-168-55-115.ec2.internal   <unknown>                           <unknown>               <unknown>               <unknown>               
2022-05-28T23:06:35
NAME                             CPU(cores)   CPU%   MEMORY(bytes)   MEMORY%   
ip-192-168-22-114.ec2.internal   78m          4%     933Mi           28%       
2022-05-28T23:07:37
NAME                             CPU(cores)   CPU%   MEMORY(bytes)   MEMORY%   
ip-192-168-22-114.ec2.internal   811m         42%    953Mi           28%       
2022-05-28T23:08:38
NAME                             CPU(cores)   CPU%   MEMORY(bytes)   MEMORY%   
ip-192-168-22-114.ec2.internal   793m         41%    612Mi           18%       
ip-192-168-37-21.ec2.internal    238m         12%    480Mi           14%       
2022-05-28T23:09:40
NAME                             CPU(cores)   CPU%   MEMORY(bytes)   MEMORY%   
ip-192-168-22-114.ec2.internal   1117m        57%    621Mi           18%       
ip-192-168-37-21.ec2.internal    209m         10%    478Mi           14%       
2022-05-28T23:10:42
NAME                             CPU(cores)   CPU%   MEMORY(bytes)   MEMORY%   
ip-192-168-22-114.ec2.internal   1219m        63%    623Mi           18%       
ip-192-168-37-21.ec2.internal    1041m        53%    480Mi           14%       
2022-05-28T23:11:44
NAME                             CPU(cores)   CPU%   MEMORY(bytes)   MEMORY%   
ip-192-168-22-114.ec2.internal   1222m        63%    621Mi           18%       
ip-192-168-28-132.ec2.internal   377m         19%    453Mi           13%       
ip-192-168-37-21.ec2.internal    1218m        63%    481Mi           14%       
2022-05-28T23:12:45
NAME                             CPU(cores)   CPU%   MEMORY(bytes)   MEMORY%   
ip-192-168-22-114.ec2.internal   1219m        63%    621Mi           18%       
ip-192-168-28-132.ec2.internal   1212m        62%    478Mi           14%       
ip-192-168-37-21.ec2.internal    1207m        62%    481Mi           14%       
2022-05-28T23:13:47
NAME                             CPU(cores)   CPU%   MEMORY(bytes)   MEMORY%   
ip-192-168-22-114.ec2.internal   1216m        63%    623Mi           18%       
ip-192-168-28-132.ec2.internal   1211m        62%    481Mi           14%       
ip-192-168-37-21.ec2.internal    1199m        62%    482Mi           14%       
2022-05-28T23:14:49
NAME                             CPU(cores)   CPU%   MEMORY(bytes)   MEMORY%   
ip-192-168-22-114.ec2.internal   1223m        63%    620Mi           18%       
ip-192-168-28-132.ec2.internal   1195m        61%    482Mi           14%       
ip-192-168-37-21.ec2.internal    1203m        62%    483Mi           14%       
2022-05-28T23:15:51
NAME                             CPU(cores)   CPU%   MEMORY(bytes)   MEMORY%   
ip-192-168-22-114.ec2.internal   1201m        62%    620Mi           18%       
ip-192-168-28-132.ec2.internal   1219m        63%    483Mi           14%       
ip-192-168-37-21.ec2.internal    1209m        62%    482Mi           14%       
2022-05-28T23:16:53
NAME                             CPU(cores)   CPU%   MEMORY(bytes)   MEMORY%   
ip-192-168-22-114.ec2.internal   1196m        61%    620Mi           18%       
ip-192-168-28-132.ec2.internal   1208m        62%    483Mi           14%       
ip-192-168-37-21.ec2.internal    1211m        62%    483Mi           14%       
2022-05-28T23:17:55
NAME                             CPU(cores)   CPU%   MEMORY(bytes)   MEMORY%   
ip-192-168-22-114.ec2.internal   1216m        63%    621Mi           18%       
ip-192-168-28-132.ec2.internal   1209m        62%    483Mi           14%       
ip-192-168-37-21.ec2.internal    1204m        62%    483Mi           14%       
2022-05-28T23:18:57
NAME                             CPU(cores)   CPU%   MEMORY(bytes)   MEMORY%   
ip-192-168-22-114.ec2.internal   1221m        63%    621Mi           18%       
ip-192-168-28-132.ec2.internal   1192m        61%    484Mi           14%       
ip-192-168-37-21.ec2.internal    1200m        62%    483Mi           14%       
2022-05-28T23:19:59
NAME                             CPU(cores)   CPU%   MEMORY(bytes)   MEMORY%   
ip-192-168-22-114.ec2.internal   1215m        62%    620Mi           18%       
ip-192-168-28-132.ec2.internal   1190m        61%    485Mi           14%       
ip-192-168-37-21.ec2.internal    1201m        62%    483Mi           14%       
2022-05-28T23:21:01
NAME                             CPU(cores)   CPU%   MEMORY(bytes)   MEMORY%   
ip-192-168-22-114.ec2.internal   1211m        62%    623Mi           18%       
ip-192-168-28-132.ec2.internal   1215m        62%    484Mi           14%       
ip-192-168-37-21.ec2.internal    1208m        62%    484Mi           14%       
2022-05-28T23:22:03
NAME                             CPU(cores)   CPU%   MEMORY(bytes)   MEMORY%   
ip-192-168-22-114.ec2.internal   59m          3%     622Mi           18%       
ip-192-168-28-132.ec2.internal   45m          2%     484Mi           14%       
ip-192-168-37-21.ec2.internal    44m          2%     483Mi           14%       
2022-05-28T23:23:05
NAME                             CPU(cores)   CPU%   MEMORY(bytes)   MEMORY%   
ip-192-168-22-114.ec2.internal   65m          3%     622Mi           18%       
ip-192-168-28-132.ec2.internal   42m          2%     485Mi           14%       
ip-192-168-37-21.ec2.internal    42m          2%     503Mi           15%       
2022-05-28T23:24:07
NAME                             CPU(cores)   CPU%   MEMORY(bytes)   MEMORY%   
ip-192-168-22-114.ec2.internal   57m          2%     622Mi           18%       
ip-192-168-28-132.ec2.internal   45m          2%     485Mi           14%       
ip-192-168-37-21.ec2.internal    46m          2%     503Mi           15%       
2022-05-28T23:25:08
NAME                             CPU(cores)   CPU%   MEMORY(bytes)   MEMORY%   
ip-192-168-22-114.ec2.internal   57m          2%     623Mi           18%       
ip-192-168-28-132.ec2.internal   44m          2%     487Mi           14%       
ip-192-168-37-21.ec2.internal    46m          2%     503Mi           15%       
