+ git log -3
commit 7945b8227d8ba038fc3077642d3fb2aee6517aa0
Author: Your Name <you@example.com>
Date:   Wed Jun 1 18:50:58 2022 +1200

    consistent naming

commit 803b63352b968694a3ce9314c8a255f7e35dadd6
Author: Your Name <you@example.com>
Date:   Wed Jun 1 01:34:58 2022 +1200

    add CPU decimals

commit 82c9094cf7ee967b6b89cc1bbab7b484cca1a4e9
Author: Your Name <you@example.com>
Date:   Tue May 31 09:41:10 2022 +1200

    more tests, backup old csv
++ cut -d _ -f 2
+ app=raupi
+ export AWS_DEFAULT_REGION=us-east-1
+ AWS_DEFAULT_REGION=us-east-1
+ line===============================
++ date +%FT%T
+ echo '[2022-06-04T20:54:38]==============================[starting' in '/tmp/k8s-vs-ASG/data/cli]=============================='
[2022-06-04T20:54:38]==============================[starting in /tmp/k8s-vs-ASG/data/cli]==============================
+ source 0.setup.sh
++ set -x
++ '[' asg_raupi_3_70 == k8s_apache_3 ']'
++ '[' asg_raupi_3_70 == asg_apache_3 ']'
++ '[' asg_raupi_3_70 == k8s_apache2_3 ']'
++ '[' asg_raupi_3_70 == k8s_apache2_3new ']'
++ '[' asg_raupi_3_70 == k8s_taewa_3 ']'
++ '[' asg_raupi_3_70 == k8s_taewa2_3 ']'
++ '[' asg_raupi_3_70 == asg_taewa_3 ']'
++ '[' asg_raupi_3_70 == k8s_taewa_3lite ']'
++ '[' asg_raupi_3_70 == asg_taewa_3lite ']'
++ '[' asg_raupi_3_70 == k8s_taewa_3extra ']'
++ '[' asg_raupi_3_70 == asg_taewa_3extra ']'
++ '[' asg_raupi_3_70 == k8s_taewa_6 ']'
++ '[' asg_raupi_3_70 == asg_taewa_6 ']'
++ '[' asg_raupi_3_70 == k8s_riwai_3 ']'
++ '[' asg_raupi_3_70 == asg_riwai_3 ']'
++ '[' asg_raupi_3_70 == asg_raupi_3 ']'
++ '[' asg_raupi_3_70 == asg_raupi_3_70 ']'
++ warmup_url='3000/?n=200'
++ testing_url='3000/?n=200'
++ cpu_perc=70
++ warmup_min_threads=15
++ warmup_max_threads=25
++ warmup_cycle_sec=90
++ scaling_minutes=14
++ performance_sec=300
++ max_capacity=3
++ fortio_options='-a -qps -1 -r 0.01 -loglevel Error -allow-initial-errors'
++ '[' asg_raupi_3_70 == k8s_raupi_3 ']'
++ '[' asg_raupi_3_70 == k8s_raupi2_3 ']'
++ set +x
{
    "Account": "360637484129", 
    "UserId": "AIDAVH55LJRQ6MUJMCSNI", 
    "Arn": "arn:aws:iam::360637484129:user/ad1"
}
[2022-06-04T20:54:44] waiting for instances ...
scaling to 3
{
    "HealthCheck": {
        "HealthyThreshold": 2, 
        "Interval": 10, 
        "Target": "HTTP:3000/?n=200", 
        "Timeout": 5, 
        "UnhealthyThreshold": 6
    }
}
  % Total    % Received % Xferd  Average Speed   Time    Time     Time  Current
                                 Dload  Upload   Total   Spent    Left  Speed
  0     0    0     0    0     0      0      0 --:--:-- --:--:-- --:--:--     0100    44  100    44    0     0   7888      0 --:--:-- --:--:-- --:--:--  8800
The result of flsk run is : 53.6184665229011
[2022-06-04T20:59:48]==============================[STATS]
jh CPU load avg:
0.00 0.11 0.07 1/157 2878
i-033a21a5327060dbd
InService
Healthy
{}
i-07e2e885e40abd01f
InService
Healthy
{}
i-08f3ac9bcd0b25e7d
InService
Healthy
{}
[2022-06-04T20:59:48]==============================[WARMUP RUN c15]==============================
20:59:48 I logger.go:127> Log level is now 4 Error (was 2 Info)
Fortio 1.19.0 running at -1 queries per second, 2->2 procs, for 1m30s: http://asg-1-lb-1353767072.us-east-1.elb.amazonaws.com:3000/?n=200
Aggregated Function Time : count 136259 avg 0.0099084874 +/- 0.01708 min 0.001057807 max 0.614144475 sum 1350.12058
# target 50% 0.006622
# target 75% 0.00940414
# target 90% 0.0199607
# target 99% 0.0824692
# target 99.9% 0.181123
Sockets used: 15 (for perfect keepalive, would be 15)
Jitter: false
Code 200 : 136259 (100.0 %)
All done 136259 calls (plus 15 warmup) 9.908 ms avg, 1513.0 qps
Successfully wrote 4609 bytes of Json data to 2022-06-04-205948_asg_raupi_3_70_warmup_15.json
fortio exit code: 0
[2022-06-04T21:01:18]==============================[STATS]
jh CPU load avg:
0.08 0.10 0.07 1/159 2915
i-033a21a5327060dbd
InService
Healthy
{}
i-07e2e885e40abd01f
InService
Healthy
{}
i-08f3ac9bcd0b25e7d
InService
Healthy
{}
[2022-06-04T21:02:19]==============================[STATS]
jh CPU load avg:
0.03 0.08 0.07 1/159 2924
i-033a21a5327060dbd
InService
Healthy
{}
i-07e2e885e40abd01f
InService
Healthy
{}
i-08f3ac9bcd0b25e7d
InService
Healthy
{}
[2022-06-04T21:02:20]==============================[WARMUP RUN c16]==============================
21:02:20 I logger.go:127> Log level is now 4 Error (was 2 Info)
Fortio 1.19.0 running at -1 queries per second, 2->2 procs, for 1m30s: http://asg-1-lb-1353767072.us-east-1.elb.amazonaws.com:3000/?n=200
Aggregated Function Time : count 152336 avg 0.0094538981 +/- 0.0157 min 0.000983662 max 0.581213506 sum 1440.16901
# target 50% 0.00651998
# target 75% 0.00928818
# target 90% 0.0197633
# target 99% 0.0786653
# target 99.9% 0.151561
Sockets used: 16 (for perfect keepalive, would be 16)
Jitter: false
Code 200 : 152336 (100.0 %)
All done 152336 calls (plus 16 warmup) 9.454 ms avg, 1691.6 qps
Successfully wrote 4125 bytes of Json data to 2022-06-04-210220_asg_raupi_3_70_warmup_16.json
fortio exit code: 0
[2022-06-04T21:03:50]==============================[STATS]
jh CPU load avg:
0.12 0.10 0.07 1/159 2943
i-033a21a5327060dbd
InService
Healthy
{}
i-07e2e885e40abd01f
InService
Healthy
{}
i-08f3ac9bcd0b25e7d
InService
Healthy
{}
[2022-06-04T21:04:50]==============================[STATS]
jh CPU load avg:
0.14 0.11 0.08 1/159 2952
i-033a21a5327060dbd
InService
Healthy
{}
i-07e2e885e40abd01f
InService
Healthy
{}
i-08f3ac9bcd0b25e7d
InService
Healthy
{}
[2022-06-04T21:04:51]==============================[WARMUP RUN c17]==============================
21:04:51 I logger.go:127> Log level is now 4 Error (was 2 Info)
Fortio 1.19.0 running at -1 queries per second, 2->2 procs, for 1m30s: http://asg-1-lb-1353767072.us-east-1.elb.amazonaws.com:3000/?n=200
Aggregated Function Time : count 213270 avg 0.0071756958 +/- 0.01142 min 0.001058156 max 0.410783071 sum 1530.36063
# target 50% 0.0061302
# target 75% 0.00866625
# target 90% 0.012815
# target 99% 0.0560885
# target 99.9% 0.118456
Sockets used: 17 (for perfect keepalive, would be 17)
Jitter: false
Code 200 : 213270 (100.0 %)
All done 213270 calls (plus 17 warmup) 7.176 ms avg, 2368.5 qps
Successfully wrote 4259 bytes of Json data to 2022-06-04-210451_asg_raupi_3_70_warmup_17.json
fortio exit code: 0
[2022-06-04T21:06:21]==============================[STATS]
jh CPU load avg:
0.24 0.14 0.09 1/158 2970
i-033a21a5327060dbd
InService
Healthy
{}
i-07e2e885e40abd01f
InService
Healthy
{}
i-08f3ac9bcd0b25e7d
InService
Healthy
{}
[2022-06-04T21:07:22]==============================[STATS]
jh CPU load avg:
0.09 0.11 0.09 1/158 2979
i-033a21a5327060dbd
InService
Healthy
{}
i-07e2e885e40abd01f
InService
Healthy
{}
i-08f3ac9bcd0b25e7d
InService
Healthy
{}
[2022-06-04T21:07:22]==============================[WARMUP RUN c18]==============================
21:07:22 I logger.go:127> Log level is now 4 Error (was 2 Info)
Fortio 1.19.0 running at -1 queries per second, 2->2 procs, for 1m30s: http://asg-1-lb-1353767072.us-east-1.elb.amazonaws.com:3000/?n=200
Aggregated Function Time : count 210072 avg 0.0077115197 +/- 0.01276 min 0.001006287 max 0.504798026 sum 1619.97436
# target 50% 0.0062063
# target 75% 0.00880633
# target 90% 0.014143
# target 99% 0.0595184
# target 99.9% 0.149447
Sockets used: 18 (for perfect keepalive, would be 18)
Jitter: false
Code 200 : 210072 (100.0 %)
All done 210072 calls (plus 18 warmup) 7.712 ms avg, 2334.0 qps
Successfully wrote 4361 bytes of Json data to 2022-06-04-210723_asg_raupi_3_70_warmup_18.json
fortio exit code: 0
[2022-06-04T21:08:53]==============================[STATS]
jh CPU load avg:
0.09 0.09 0.08 1/158 3000
i-033a21a5327060dbd
InService
Healthy
{}
i-07e2e885e40abd01f
InService
Healthy
{}
i-08f3ac9bcd0b25e7d
InService
Healthy
{}
[2022-06-04T21:09:53]==============================[STATS]
jh CPU load avg:
0.03 0.07 0.08 1/158 3009
i-033a21a5327060dbd
InService
Healthy
{}
i-07e2e885e40abd01f
InService
Healthy
{}
i-08f3ac9bcd0b25e7d
InService
Healthy
{}
[2022-06-04T21:09:54]==============================[WARMUP RUN c19]==============================
21:09:54 I logger.go:127> Log level is now 4 Error (was 2 Info)
Fortio 1.19.0 running at -1 queries per second, 2->2 procs, for 1m30s: http://asg-1-lb-1353767072.us-east-1.elb.amazonaws.com:3000/?n=200
Aggregated Function Time : count 261528 avg 0.0065383282 +/- 0.01128 min 0.00107254 max 0.934755338 sum 1709.95589
# target 50% 0.00608778
# target 75% 0.00859541
# target 90% 0.0111623
# target 99% 0.0381037
# target 99.9% 0.111216
Sockets used: 19 (for perfect keepalive, would be 19)
Jitter: false
Code 200 : 261528 (100.0 %)
All done 261528 calls (plus 19 warmup) 6.538 ms avg, 2905.6 qps
Successfully wrote 4867 bytes of Json data to 2022-06-04-210954_asg_raupi_3_70_warmup_19.json
fortio exit code: 0
[2022-06-04T21:11:24]==============================[STATS]
jh CPU load avg:
0.08 0.08 0.08 1/159 3032
i-033a21a5327060dbd
InService
Healthy
{}
i-07e2e885e40abd01f
InService
Healthy
{}
i-08f3ac9bcd0b25e7d
InService
Healthy
{}
[2022-06-04T21:12:24]==============================[STATS]
jh CPU load avg:
0.03 0.06 0.07 1/159 3041
i-033a21a5327060dbd
InService
Healthy
{}
i-07e2e885e40abd01f
InService
Healthy
{}
i-08f3ac9bcd0b25e7d
InService
Healthy
{}
[2022-06-04T21:12:25]==============================[WARMUP RUN c20]==============================
21:12:25 I logger.go:127> Log level is now 4 Error (was 2 Info)
Fortio 1.19.0 running at -1 queries per second, 2->2 procs, for 1m30s: http://asg-1-lb-1353767072.us-east-1.elb.amazonaws.com:3000/?n=200
Aggregated Function Time : count 269323 avg 0.0066832294 +/- 0.01661 min 0.001058158 max 1.35399107 sum 1799.94739
# target 50% 0.00599493
# target 75% 0.00846333
# target 90% 0.00994437
# target 99% 0.0395352
# target 99.9% 0.166792
Sockets used: 20 (for perfect keepalive, would be 20)
Jitter: false
Code 200 : 269323 (100.0 %)
All done 269323 calls (plus 20 warmup) 6.683 ms avg, 2992.3 qps
Successfully wrote 4855 bytes of Json data to 2022-06-04-211225_asg_raupi_3_70_warmup_20.json
fortio exit code: 0
[2022-06-04T21:13:55]==============================[STATS]
jh CPU load avg:
0.15 0.11 0.09 1/159 3060
i-033a21a5327060dbd
InService
Healthy
{}
i-07e2e885e40abd01f
InService
Healthy
{}
i-08f3ac9bcd0b25e7d
InService
Healthy
{}
[2022-06-04T21:14:56]==============================[STATS]
jh CPU load avg:
0.05 0.09 0.08 1/159 3069
i-033a21a5327060dbd
InService
Healthy
{}
i-07e2e885e40abd01f
InService
Healthy
{}
i-08f3ac9bcd0b25e7d
InService
Healthy
{}
[2022-06-04T21:14:57]==============================[WARMUP RUN c21]==============================
21:14:57 I logger.go:127> Log level is now 4 Error (was 2 Info)
Fortio 1.19.0 running at -1 queries per second, 2->2 procs, for 1m30s: http://asg-1-lb-1353767072.us-east-1.elb.amazonaws.com:3000/?n=200
Aggregated Function Time : count 259360 avg 0.0072872323 +/- 0.02709 min 0.001028302 max 2.741725944 sum 1890.01656
# target 50% 0.00606816
# target 75% 0.00858811
# target 90% 0.011247
# target 99% 0.0429543
# target 99.9% 0.247179
Sockets used: 21 (for perfect keepalive, would be 21)
Jitter: false
Code 200 : 259360 (100.0 %)
All done 259360 calls (plus 21 warmup) 7.287 ms avg, 2880.1 qps
Successfully wrote 5107 bytes of Json data to 2022-06-04-211457_asg_raupi_3_70_warmup_21.json
fortio exit code: 0
[2022-06-04T21:16:27]==============================[STATS]
jh CPU load avg:
0.01 0.06 0.08 1/158 3087
i-033a21a5327060dbd
InService
Healthy
{}
i-07e2e885e40abd01f
InService
Healthy
{}
i-08f3ac9bcd0b25e7d
InService
Healthy
{}
[2022-06-04T21:17:27]==============================[STATS]
jh CPU load avg:
0.00 0.05 0.07 1/158 3096
i-033a21a5327060dbd
InService
Healthy
{}
i-07e2e885e40abd01f
InService
Healthy
{}
i-08f3ac9bcd0b25e7d
InService
Healthy
{}
[2022-06-04T21:17:28]==============================[WARMUP RUN c22]==============================
21:17:28 I logger.go:127> Log level is now 4 Error (was 2 Info)
Fortio 1.19.0 running at -1 queries per second, 2->2 procs, for 1m30s: http://asg-1-lb-1353767072.us-east-1.elb.amazonaws.com:3000/?n=200
Aggregated Function Time : count 260630 avg 0.0075970964 +/- 0.02242 min 0.001067139 max 1.371099888 sum 1980.03123
# target 50% 0.00618635
# target 75% 0.00874597
# target 90% 0.012981
# target 99% 0.0450377
# target 99.9% 0.271019
Sockets used: 22 (for perfect keepalive, would be 22)
Jitter: false
Code 200 : 260630 (100.0 %)
All done 260630 calls (plus 22 warmup) 7.597 ms avg, 2894.2 qps
Successfully wrote 5109 bytes of Json data to 2022-06-04-211728_asg_raupi_3_70_warmup_22.json
fortio exit code: 0
[2022-06-04T21:18:58]==============================[STATS]
jh CPU load avg:
0.15 0.09 0.08 1/158 3115
i-033a21a5327060dbd
InService
Healthy
{}
i-07e2e885e40abd01f
InService
Healthy
{}
i-08f3ac9bcd0b25e7d
InService
Healthy
{}
[2022-06-04T21:19:59]==============================[STATS]
jh CPU load avg:
0.06 0.07 0.08 1/158 3174
i-033a21a5327060dbd
InService
Healthy
{}
i-07e2e885e40abd01f
InService
Healthy
{}
i-08f3ac9bcd0b25e7d
InService
Healthy
{}
[2022-06-04T21:20:00]==============================[WARMUP RUN c23]==============================
21:20:00 I logger.go:127> Log level is now 4 Error (was 2 Info)
Fortio 1.19.0 running at -1 queries per second, 2->2 procs, for 1m30s: http://asg-1-lb-1353767072.us-east-1.elb.amazonaws.com:3000/?n=200
Aggregated Function Time : count 257017 avg 0.0080568668 +/- 0.03445 min 0.001049233 max 2.709896841 sum 2070.75174
# target 50% 0.00625032
# target 75% 0.00885088
# target 90% 0.0136217
# target 99% 0.0457834
# target 99.9% 0.373588
Sockets used: 23 (for perfect keepalive, would be 23)
Jitter: false
Code 200 : 257017 (100.0 %)
All done 257017 calls (plus 23 warmup) 8.057 ms avg, 2852.7 qps
Successfully wrote 5466 bytes of Json data to 2022-06-04-212000_asg_raupi_3_70_warmup_23.json
fortio exit code: 0
[2022-06-04T21:21:30]==============================[STATS]
jh CPU load avg:
0.08 0.08 0.08 1/159 3198
i-033a21a5327060dbd
InService
Healthy
{}
i-07e2e885e40abd01f
InService
Healthy
{}
i-08f3ac9bcd0b25e7d
InService
Healthy
{}
[2022-06-04T21:22:31]==============================[STATS]
jh CPU load avg:
0.50 0.18 0.11 3/164 23760
i-033a21a5327060dbd
InService
Healthy
{}
i-07e2e885e40abd01f
InService
Healthy
{}
i-08f3ac9bcd0b25e7d
InService
Healthy
{}
[2022-06-04T21:22:32]==============================[WARMUP RUN c24]==============================
21:22:32 I logger.go:127> Log level is now 4 Error (was 2 Info)
Fortio 1.19.0 running at -1 queries per second, 2->2 procs, for 1m30s: http://asg-1-lb-1353767072.us-east-1.elb.amazonaws.com:3000/?n=200
Aggregated Function Time : count 262658 avg 0.0082245742 +/- 0.02946 min 0.001056499 max 1.58556827 sum 2160.25021
# target 50% 0.00630688
# target 75% 0.0089321
# target 90% 0.0140812
# target 99% 0.0462347
# target 99.9% 0.356427
Sockets used: 24 (for perfect keepalive, would be 24)
Jitter: false
Code 200 : 262658 (100.0 %)
All done 262658 calls (plus 24 warmup) 8.225 ms avg, 2916.9 qps
Successfully wrote 5366 bytes of Json data to 2022-06-04-212232_asg_raupi_3_70_warmup_24.json
fortio exit code: 0
[2022-06-04T21:24:02]==============================[STATS]
jh CPU load avg:
0.30 0.22 0.14 1/159 32686
i-033a21a5327060dbd
InService
Healthy
{}
i-07e2e885e40abd01f
InService
Healthy
{}
i-08f3ac9bcd0b25e7d
InService
Healthy
{}
[2022-06-04T21:25:02]==============================[STATS]
jh CPU load avg:
0.11 0.18 0.12 1/159 32695
i-033a21a5327060dbd
InService
Healthy
{}
i-07e2e885e40abd01f
InService
Healthy
{}
i-08f3ac9bcd0b25e7d
InService
Healthy
{}
[2022-06-04T21:25:03]==============================[WARMUP RUN c25]==============================
21:25:03 I logger.go:127> Log level is now 4 Error (was 2 Info)
Fortio 1.19.0 running at -1 queries per second, 2->2 procs, for 1m30s: http://asg-1-lb-1353767072.us-east-1.elb.amazonaws.com:3000/?n=200
Aggregated Function Time : count 255826 avg 0.0087967704 +/- 0.03404 min 0.001103786 max 3.185774712 sum 2250.44258
# target 50% 0.00642665
# target 75% 0.0090881
# target 90% 0.0151978
# target 99% 0.0537486
# target 99.9% 0.340902
Sockets used: 28 (for perfect keepalive, would be 25)
Jitter: false
Code 200 : 255826 (100.0 %)
All done 255826 calls (plus 25 warmup) 8.797 ms avg, 2831.3 qps
Successfully wrote 5940 bytes of Json data to 2022-06-04-212503_asg_raupi_3_70_warmup_25.json
fortio exit code: 0
[2022-06-04T21:26:33]==============================[STATS]
jh CPU load avg:
0.15 0.16 0.12 1/158 32712
i-033a21a5327060dbd
InService
Healthy
{}
i-07e2e885e40abd01f
InService
Healthy
{}
i-08f3ac9bcd0b25e7d
InService
Healthy
{}
{
    "LoadBalancerDescriptions": [
        {
            "Subnets": [
                "subnet-00325163be2a53e13", 
                "subnet-0a978f5f450453110"
            ], 
            "CanonicalHostedZoneNameID": "Z35SXDOTRQ7X7K", 
            "CanonicalHostedZoneName": "asg-1-lb-1353767072.us-east-1.elb.amazonaws.com", 
            "ListenerDescriptions": [
                {
                    "Listener": {
                        "InstancePort": 3000, 
                        "LoadBalancerPort": 3000, 
                        "Protocol": "TCP", 
                        "InstanceProtocol": "TCP"
                    }, 
                    "PolicyNames": []
                }, 
                {
                    "Listener": {
                        "InstancePort": 80, 
                        "LoadBalancerPort": 80, 
                        "Protocol": "TCP", 
                        "InstanceProtocol": "TCP"
                    }, 
                    "PolicyNames": []
                }
            ], 
            "HealthCheck": {
                "HealthyThreshold": 2, 
                "Interval": 10, 
                "Target": "HTTP:3000/?n=200", 
                "Timeout": 5, 
                "UnhealthyThreshold": 6
            }, 
            "VPCId": "vpc-062a292ea813af81f", 
            "BackendServerDescriptions": [], 
            "Instances": [
                {
                    "InstanceId": "i-07e2e885e40abd01f"
                }, 
                {
                    "InstanceId": "i-08f3ac9bcd0b25e7d"
                }, 
                {
                    "InstanceId": "i-033a21a5327060dbd"
                }
            ], 
            "DNSName": "asg-1-lb-1353767072.us-east-1.elb.amazonaws.com", 
            "SecurityGroups": [
                "sg-05f6972b8eb1da6e2"
            ], 
            "Policies": {
                "LBCookieStickinessPolicies": [], 
                "AppCookieStickinessPolicies": [], 
                "OtherPolicies": []
            }, 
            "LoadBalancerName": "asg-1-lb", 
            "CreatedTime": "2022-06-04T20:50:52.190Z", 
            "AvailabilityZones": [
                "us-east-1b", 
                "us-east-1a"
            ], 
            "Scheme": "internet-facing", 
            "SourceSecurityGroup": {
                "OwnerAlias": "360637484129", 
                "GroupName": "asg-1-ALBSecurityGroup-99YCT3RG4EZR"
            }
        }
    ]
}
{
    "AutoScalingGroups": [
        {
            "AutoScalingGroupARN": "arn:aws:autoscaling:us-east-1:360637484129:autoScalingGroup:47a18bd7-1eb6-434a-ba3b-943fb05fd049:autoScalingGroupName/asg-1-myASG", 
            "ServiceLinkedRoleARN": "arn:aws:iam::360637484129:role/aws-service-role/autoscaling.amazonaws.com/AWSServiceRoleForAutoScaling", 
            "TargetGroupARNs": [], 
            "SuspendedProcesses": [], 
            "LaunchTemplate": {
                "LaunchTemplateName": "asg-1-launch-template", 
                "Version": "1", 
                "LaunchTemplateId": "lt-0e4209f1151f196bf"
            }, 
            "Tags": [
                {
                    "ResourceType": "auto-scaling-group", 
                    "ResourceId": "asg-1-myASG", 
                    "PropagateAtLaunch": true, 
                    "Value": "asg-1-instance", 
                    "Key": "Name"
                }, 
                {
                    "ResourceType": "auto-scaling-group", 
                    "ResourceId": "asg-1-myASG", 
                    "PropagateAtLaunch": false, 
                    "Value": "WebServerGroup", 
                    "Key": "Purpose"
                }, 
                {
                    "ResourceType": "auto-scaling-group", 
                    "ResourceId": "asg-1-myASG", 
                    "PropagateAtLaunch": true, 
                    "Value": "myASG", 
                    "Key": "aws:cloudformation:logical-id"
                }, 
                {
                    "ResourceType": "auto-scaling-group", 
                    "ResourceId": "asg-1-myASG", 
                    "PropagateAtLaunch": true, 
                    "Value": "arn:aws:cloudformation:us-east-1:360637484129:stack/asg-1/fbef2ed0-e447-11ec-bf29-0ae164a03193", 
                    "Key": "aws:cloudformation:stack-id"
                }, 
                {
                    "ResourceType": "auto-scaling-group", 
                    "ResourceId": "asg-1-myASG", 
                    "PropagateAtLaunch": true, 
                    "Value": "asg-1", 
                    "Key": "aws:cloudformation:stack-name"
                }
            ], 
            "EnabledMetrics": [
                {
                    "Metric": "GroupTerminatingInstances", 
                    "Granularity": "1Minute"
                }, 
                {
                    "Metric": "WarmPoolMinSize", 
                    "Granularity": "1Minute"
                }, 
                {
                    "Metric": "WarmPoolTerminatingCapacity", 
                    "Granularity": "1Minute"
                }, 
                {
                    "Metric": "GroupPendingInstances", 
                    "Granularity": "1Minute"
                }, 
                {
                    "Metric": "GroupStandbyCapacity", 
                    "Granularity": "1Minute"
                }, 
                {
                    "Metric": "GroupStandbyInstances", 
                    "Granularity": "1Minute"
                }, 
                {
                    "Metric": "GroupTotalCapacity", 
                    "Granularity": "1Minute"
                }, 
                {
                    "Metric": "GroupDesiredCapacity", 
                    "Granularity": "1Minute"
                }, 
                {
                    "Metric": "GroupAndWarmPoolTotalCapacity", 
                    "Granularity": "1Minute"
                }, 
                {
                    "Metric": "WarmPoolWarmedCapacity", 
                    "Granularity": "1Minute"
                }, 
                {
                    "Metric": "GroupPendingCapacity", 
                    "Granularity": "1Minute"
                }, 
                {
                    "Metric": "GroupAndWarmPoolDesiredCapacity", 
                    "Granularity": "1Minute"
                }, 
                {
                    "Metric": "WarmPoolTotalCapacity", 
                    "Granularity": "1Minute"
                }, 
                {
                    "Metric": "GroupInServiceInstances", 
                    "Granularity": "1Minute"
                }, 
                {
                    "Metric": "GroupTotalInstances", 
                    "Granularity": "1Minute"
                }, 
                {
                    "Metric": "WarmPoolPendingCapacity", 
                    "Granularity": "1Minute"
                }, 
                {
                    "Metric": "GroupMaxSize", 
                    "Granularity": "1Minute"
                }, 
                {
                    "Metric": "GroupMinSize", 
                    "Granularity": "1Minute"
                }, 
                {
                    "Metric": "GroupTerminatingCapacity", 
                    "Granularity": "1Minute"
                }, 
                {
                    "Metric": "WarmPoolDesiredCapacity", 
                    "Granularity": "1Minute"
                }, 
                {
                    "Metric": "GroupInServiceCapacity", 
                    "Granularity": "1Minute"
                }
            ], 
            "TerminationPolicies": [
                "Default"
            ], 
            "AutoScalingGroupName": "asg-1-myASG", 
            "DefaultCooldown": 300, 
            "MinSize": 1, 
            "Instances": [
                {
                    "ProtectedFromScaleIn": false, 
                    "AvailabilityZone": "us-east-1b", 
                    "LaunchTemplate": {
                        "LaunchTemplateName": "asg-1-launch-template", 
                        "Version": "1", 
                        "LaunchTemplateId": "lt-0e4209f1151f196bf"
                    }, 
                    "InstanceId": "i-033a21a5327060dbd", 
                    "HealthStatus": "Healthy", 
                    "LifecycleState": "InService", 
                    "InstanceType": "t3.medium"
                }, 
                {
                    "ProtectedFromScaleIn": false, 
                    "AvailabilityZone": "us-east-1a", 
                    "LaunchTemplate": {
                        "LaunchTemplateName": "asg-1-launch-template", 
                        "Version": "1", 
                        "LaunchTemplateId": "lt-0e4209f1151f196bf"
                    }, 
                    "InstanceId": "i-07e2e885e40abd01f", 
                    "HealthStatus": "Healthy", 
                    "LifecycleState": "InService", 
                    "InstanceType": "t3.medium"
                }, 
                {
                    "ProtectedFromScaleIn": false, 
                    "AvailabilityZone": "us-east-1b", 
                    "LaunchTemplate": {
                        "LaunchTemplateName": "asg-1-launch-template", 
                        "Version": "1", 
                        "LaunchTemplateId": "lt-0e4209f1151f196bf"
                    }, 
                    "InstanceId": "i-08f3ac9bcd0b25e7d", 
                    "HealthStatus": "Healthy", 
                    "LifecycleState": "InService", 
                    "InstanceType": "t3.medium"
                }
            ], 
            "MaxSize": 3, 
            "VPCZoneIdentifier": "subnet-0a978f5f450453110,subnet-00325163be2a53e13", 
            "HealthCheckGracePeriod": 300, 
            "LoadBalancerNames": [
                "asg-1-lb"
            ], 
            "CreatedTime": "2022-06-04T20:53:18.157Z", 
            "AvailabilityZones": [
                "us-east-1a", 
                "us-east-1b"
            ], 
            "HealthCheckType": "EC2", 
            "NewInstancesProtectedFromScaleIn": false, 
            "DesiredCapacity": 3
        }
    ]
}
[2022-06-04T21:27:36]==============================[PERFORMANCE CHUNK RUN 26]==============================
[2022-06-04T21:28:36]==============================[STATS]
jh CPU load avg:
0.04 0.11 0.10 1/158 32737
i-033a21a5327060dbd
InService
Healthy
{}
i-07e2e885e40abd01f
InService
Healthy
{}
i-08f3ac9bcd0b25e7d
InService
Healthy
{}
21:28:37 I logger.go:127> Log level is now 4 Error (was 2 Info)
Fortio 1.19.0 running at -1 queries per second, 2->2 procs, for 1m0s: http://asg-1-lb-1353767072.us-east-1.elb.amazonaws.com:3000/?n=200
Aggregated Function Time : count 170175 avg 0.008815152 +/- 0.03861 min 0.001034412 max 1.6389820290000001 sum 1500.1185
# target 50% 0.00638051
# target 75% 0.00905359
# target 90% 0.0147023
# target 99% 0.0453795
# target 99.9% 0.525395
Sockets used: 25 (for perfect keepalive, would be 25)
Jitter: false
Code 200 : 170175 (100.0 %)
All done 170175 calls (plus 25 warmup) 8.815 ms avg, 2835.5 qps
Successfully wrote 5503 bytes of Json data to 2022-06-04-212837_asg_raupi_3_70_performance_chunk_26_1.json
fortio exit code: 0
[2022-06-04T21:29:37]==============================[STATS]
jh CPU load avg:
0.16 0.14 0.10 1/158 32753
i-033a21a5327060dbd
InService
Healthy
{}
i-07e2e885e40abd01f
InService
Healthy
{}
i-08f3ac9bcd0b25e7d
InService
Healthy
{}
21:29:37 I logger.go:127> Log level is now 4 Error (was 2 Info)
Fortio 1.19.0 running at -1 queries per second, 2->2 procs, for 1m0s: http://asg-1-lb-1353767072.us-east-1.elb.amazonaws.com:3000/?n=200
Aggregated Function Time : count 176548 avg 0.0084963607 +/- 0.03539 min 0.001089721 max 2.318992162 sum 1500.01549
# target 50% 0.00643497
# target 75% 0.00910762
# target 90% 0.0147348
# target 99% 0.043777
# target 99.9% 0.382768
Sockets used: 25 (for perfect keepalive, would be 25)
Jitter: false
Code 200 : 176548 (100.0 %)
All done 176548 calls (plus 25 warmup) 8.496 ms avg, 2942.0 qps
Successfully wrote 5469 bytes of Json data to 2022-06-04-212937_asg_raupi_3_70_performance_chunk_26_2.json
fortio exit code: 0
[2022-06-04T21:30:37]==============================[STATS]
jh CPU load avg:
0.10 0.12 0.10 1/160 308
i-033a21a5327060dbd
InService
Healthy
{}
i-07e2e885e40abd01f
InService
Healthy
{}
i-08f3ac9bcd0b25e7d
InService
Healthy
{}
21:30:38 I logger.go:127> Log level is now 4 Error (was 2 Info)
Fortio 1.19.0 running at -1 queries per second, 2->2 procs, for 1m0s: http://asg-1-lb-1353767072.us-east-1.elb.amazonaws.com:3000/?n=200
Aggregated Function Time : count 171177 avg 0.0088225289 +/- 0.03266 min 0.001109251 max 1.770218652 sum 1510.21403
# target 50% 0.00643817
# target 75% 0.00910265
# target 90% 0.0152991
# target 99% 0.0447696
# target 99.9% 0.476286
Sockets used: 25 (for perfect keepalive, would be 25)
Jitter: false
Code 200 : 171177 (100.0 %)
All done 171177 calls (plus 25 warmup) 8.823 ms avg, 2816.0 qps
Successfully wrote 5377 bytes of Json data to 2022-06-04-213038_asg_raupi_3_70_performance_chunk_26_3.json
fortio exit code: 0
[2022-06-04T21:31:39]==============================[STATS]
jh CPU load avg:
0.03 0.10 0.09 1/160 328
i-033a21a5327060dbd
InService
Healthy
{}
i-07e2e885e40abd01f
InService
Healthy
{}
i-08f3ac9bcd0b25e7d
InService
Healthy
{}
21:31:40 I logger.go:127> Log level is now 4 Error (was 2 Info)
Fortio 1.19.0 running at -1 queries per second, 2->2 procs, for 1m0s: http://asg-1-lb-1353767072.us-east-1.elb.amazonaws.com:3000/?n=200
Aggregated Function Time : count 180057 avg 0.0083314113 +/- 0.02625 min 0.00107743 max 1.7832301240000001 sum 1500.12893
# target 50% 0.00639735
# target 75% 0.00905735
# target 90% 0.0148088
# target 99% 0.0416697
# target 99.9% 0.328344
Sockets used: 25 (for perfect keepalive, would be 25)
Jitter: false
Code 200 : 180057 (100.0 %)
All done 180057 calls (plus 25 warmup) 8.331 ms avg, 2999.1 qps
Successfully wrote 5121 bytes of Json data to 2022-06-04-213140_asg_raupi_3_70_performance_chunk_26_4.json
fortio exit code: 0
[2022-06-04T21:32:40]==============================[STATS]
jh CPU load avg:
0.17 0.11 0.09 1/160 344
i-033a21a5327060dbd
InService
Healthy
{}
i-07e2e885e40abd01f
InService
Healthy
{}
i-08f3ac9bcd0b25e7d
InService
Healthy
{}
21:32:40 I logger.go:127> Log level is now 4 Error (was 2 Info)
Fortio 1.19.0 running at -1 queries per second, 2->2 procs, for 1m0s: http://asg-1-lb-1353767072.us-east-1.elb.amazonaws.com:3000/?n=200
Aggregated Function Time : count 162904 avg 0.009246238 +/- 0.04454 min 0.00105936 max 1.755542369 sum 1506.24916
# target 50% 0.00641951
# target 75% 0.00909961
# target 90% 0.0150955
# target 99% 0.0451102
# target 99.9% 0.67728
Sockets used: 25 (for perfect keepalive, would be 25)
Jitter: false
Code 200 : 162904 (100.0 %)
All done 162904 calls (plus 25 warmup) 9.246 ms avg, 2694.9 qps
Successfully wrote 5490 bytes of Json data to 2022-06-04-213240_asg_raupi_3_70_performance_chunk_26_5.json
fortio exit code: 0
[2022-06-04T21:34:41]==============================[STATS]
jh CPU load avg:
0.02 0.07 0.08 1/160 363
i-033a21a5327060dbd
InService
Healthy
{}
i-07e2e885e40abd01f
InService
Healthy
{}
i-08f3ac9bcd0b25e7d
InService
Healthy
{}
[2022-06-04T21:34:41]==============================[PERFORMANCE RUN 1]==============================
21:34:42 I logger.go:127> Log level is now 4 Error (was 2 Info)
Fortio 1.19.0 running at -1 queries per second, 2->2 procs, for 5m0s: http://asg-1-lb-1353767072.us-east-1.elb.amazonaws.com:3000/?n=200
Aggregated Function Time : count 880927 avg 0.0085134535 +/- 0.02934 min 0.001068333 max 1.88185046 sum 7499.73106
# target 50% 0.00639643
# target 75% 0.00906048
# target 90% 0.0147679
# target 99% 0.0377117
# target 99.9% 0.378403
Sockets used: 25 (for perfect keepalive, would be 25)
Jitter: false
Code 200 : 880927 (100.0 %)
All done 880927 calls (plus 25 warmup) 8.513 ms avg, 2936.3 qps
Successfully wrote 5622 bytes of Json data to 2022-06-04-213442_asg_raupi_3_70_performance_1.json
fortio exit code: 0
[2022-06-04T21:39:42]==============================[STATS]
jh CPU load avg:
0.16 0.21 0.14 1/158 388
i-033a21a5327060dbd
InService
Healthy
{}
i-07e2e885e40abd01f
InService
Healthy
{}
i-08f3ac9bcd0b25e7d
InService
Healthy
{}
[2022-06-04T21:40:42]==============================[STATS]
jh CPU load avg:
0.10 0.18 0.14 1/159 403
i-033a21a5327060dbd
InService
Healthy
{}
i-07e2e885e40abd01f
InService
Healthy
{}
i-08f3ac9bcd0b25e7d
InService
Healthy
{}
[2022-06-04T21:40:43]==============================[PERFORMANCE RUN 2]==============================
21:40:43 I logger.go:127> Log level is now 4 Error (was 2 Info)
Fortio 1.19.0 running at -1 queries per second, 2->2 procs, for 5m0s: http://asg-1-lb-1353767072.us-east-1.elb.amazonaws.com:3000/?n=200
21:44:07 E http_client.go:787> Read error &{{0xc00021fc00}} 35.169.165.197:3000 134 : read tcp 172.31.26.254:57138->35.169.165.197:3000: i/o timeout
21:44:07 E http_client.go:787> Read error &{{0xc000069000}} 35.169.165.197:3000 134 : read tcp 172.31.26.254:57098->35.169.165.197:3000: i/o timeout
Aggregated Function Time : count 841792 avg 0.0089114769 +/- 0.03215 min 0.001053283 max 5.813292967 sum 7501.60994
# target 50% 0.0065574
# target 75% 0.00930947
# target 90% 0.0159497
# target 99% 0.0535072
# target 99.9% 0.349047
Sockets used: 39 (for perfect keepalive, would be 25)
Jitter: false
Code  -1 : 2 (0.0 %)
Code 200 : 841790 (100.0 %)
All done 841792 calls (plus 25 warmup) 8.911 ms avg, 2801.7 qps
Successfully wrote 6202 bytes of Json data to 2022-06-04-214043_asg_raupi_3_70_performance_2.json
fortio exit code: 0
[2022-06-04T21:45:43]==============================[STATS]
jh CPU load avg:
0.31 0.24 0.18 1/158 480
i-033a21a5327060dbd
InService
Healthy
{}
i-07e2e885e40abd01f
InService
Healthy
{}
i-08f3ac9bcd0b25e7d
InService
Healthy
{}
[2022-06-04T21:46:44]==============================[STATS]
jh CPU load avg:
0.11 0.20 0.16 1/158 489
i-033a21a5327060dbd
InService
Healthy
{}
i-07e2e885e40abd01f
InService
Healthy
{}
i-08f3ac9bcd0b25e7d
InService
Healthy
{}
[2022-06-04T21:46:45]==============================[PERFORMANCE RUN 3]==============================
21:46:45 I logger.go:127> Log level is now 4 Error (was 2 Info)
Fortio 1.19.0 running at -1 queries per second, 2->2 procs, for 5m0s: http://asg-1-lb-1353767072.us-east-1.elb.amazonaws.com:3000/?n=200
Aggregated Function Time : count 881534 avg 0.0085077043 +/- 0.03672 min 0.00103793 max 3.933526579 sum 7499.83057
# target 50% 0.00640413
# target 75% 0.00908723
# target 90% 0.0147673
# target 99% 0.0461574
# target 99.9% 0.334528
Sockets used: 46 (for perfect keepalive, would be 25)
Jitter: false
Code 200 : 881534 (100.0 %)
All done 881534 calls (plus 25 warmup) 8.508 ms avg, 2938.2 qps
Successfully wrote 6076 bytes of Json data to 2022-06-04-214645_asg_raupi_3_70_performance_3.json
fortio exit code: 0
[2022-06-04T21:51:45]==============================[STATS]
jh CPU load avg:
0.22 0.24 0.19 1/165 524
i-033a21a5327060dbd
InService
Healthy
{}
i-07e2e885e40abd01f
InService
Healthy
{}
i-08f3ac9bcd0b25e7d
InService
Healthy
{}
scaling to 0
{
    "Alarms": [
        {
            "AlarmName": "TargetTracking-asg-1-myASG-AlarmHigh-bedd49c3-e1cf-4f01-9acc-3dc919dd2371", 
            "AlarmARN": "arn:aws:cloudwatch:us-east-1:360637484129:alarm:TargetTracking-asg-1-myASG-AlarmHigh-bedd49c3-e1cf-4f01-9acc-3dc919dd2371"
        }, 
        {
            "AlarmName": "TargetTracking-asg-1-myASG-AlarmLow-6cfdc9a9-32b9-4185-8acb-d66b2b07511f", 
            "AlarmARN": "arn:aws:cloudwatch:us-east-1:360637484129:alarm:TargetTracking-asg-1-myASG-AlarmLow-6cfdc9a9-32b9-4185-8acb-d66b2b07511f"
        }
    ], 
    "PolicyARN": "arn:aws:autoscaling:us-east-1:360637484129:scalingPolicy:642f075c-f1df-42b7-b9a2-651f3d0bd882:autoScalingGroupName/asg-1-myASG:policyName/asg-1-AppServerSP-F1HE5PIDBD14"
}
[2022-06-04T21:52:17]==============================[SCALING RUN 1: INIT]==============================
{
    "Alarms": [
        {
            "AlarmName": "TargetTracking-asg-1-myASG-AlarmHigh-bedd49c3-e1cf-4f01-9acc-3dc919dd2371", 
            "AlarmARN": "arn:aws:cloudwatch:us-east-1:360637484129:alarm:TargetTracking-asg-1-myASG-AlarmHigh-bedd49c3-e1cf-4f01-9acc-3dc919dd2371"
        }, 
        {
            "AlarmName": "TargetTracking-asg-1-myASG-AlarmLow-6cfdc9a9-32b9-4185-8acb-d66b2b07511f", 
            "AlarmARN": "arn:aws:cloudwatch:us-east-1:360637484129:alarm:TargetTracking-asg-1-myASG-AlarmLow-6cfdc9a9-32b9-4185-8acb-d66b2b07511f"
        }
    ], 
    "PolicyARN": "arn:aws:autoscaling:us-east-1:360637484129:scalingPolicy:642f075c-f1df-42b7-b9a2-651f3d0bd882:autoScalingGroupName/asg-1-myASG:policyName/asg-1-AppServerSP-F1HE5PIDBD14"
}
scaling to 1
[2022-06-04T21:52:19]==============================[SCALING RUN 1: ENABLE SCALING - SLEEP]==============================
{
    "Alarms": [
        {
            "AlarmName": "TargetTracking-asg-1-myASG-AlarmHigh-f091a90e-ea3c-4453-956c-d0ff0c594d3a", 
            "AlarmARN": "arn:aws:cloudwatch:us-east-1:360637484129:alarm:TargetTracking-asg-1-myASG-AlarmHigh-f091a90e-ea3c-4453-956c-d0ff0c594d3a"
        }, 
        {
            "AlarmName": "TargetTracking-asg-1-myASG-AlarmLow-f254da84-21f8-4c5e-96a1-c8bd385dc94d", 
            "AlarmARN": "arn:aws:cloudwatch:us-east-1:360637484129:alarm:TargetTracking-asg-1-myASG-AlarmLow-f254da84-21f8-4c5e-96a1-c8bd385dc94d"
        }
    ], 
    "PolicyARN": "arn:aws:autoscaling:us-east-1:360637484129:scalingPolicy:642f075c-f1df-42b7-b9a2-651f3d0bd882:autoScalingGroupName/asg-1-myASG:policyName/asg-1-AppServerSP-F1HE5PIDBD14"
}
[2022-06-04T21:55:20]==============================[SCALING RUN 1: FORTIO]==============================
[2022-06-04T21:55:20]==============================[STATS]
jh CPU load avg:
0.01 0.12 0.15 1/164 565
i-0b5aa8078d74694b5
InService
Healthy
{}
[2022-06-04T21:55:21]==============================[SCALING RUN 1: CHUNK 1]==============================
21:55:21 I logger.go:127> Log level is now 4 Error (was 2 Info)
Fortio 1.19.0 running at -1 queries per second, 2->2 procs, for 1m0s: http://asg-1-lb-1353767072.us-east-1.elb.amazonaws.com:3000/?n=200
Aggregated Function Time : count 51085 avg 0.029373828 +/- 0.03959 min 0.001465153 max 1.138135582 sum 1500.56201
# target 50% 0.022339
# target 75% 0.0345146
# target 90% 0.0561402
# target 99% 0.119054
# target 99.9% 0.52275
Sockets used: 25 (for perfect keepalive, would be 25)
Jitter: false
Code 200 : 51085 (100.0 %)
All done 51085 calls (plus 25 warmup) 29.374 ms avg, 850.8 qps
Successfully wrote 4732 bytes of Json data to 2022-06-04-215521_asg_raupi_3_70_scaling_1_1.json
fortio exit code: 0
[2022-06-04T21:56:21]==============================[STATS]
jh CPU load avg:
0.04 0.11 0.14 1/164 582
i-0b5aa8078d74694b5
InService
Healthy
{}
[2022-06-04T21:56:21]==============================[SCALING RUN 1: CHUNK 2]==============================
21:56:21 I logger.go:127> Log level is now 4 Error (was 2 Info)
Fortio 1.19.0 running at -1 queries per second, 2->2 procs, for 1m0s: http://asg-1-lb-1353767072.us-east-1.elb.amazonaws.com:3000/?n=200
Aggregated Function Time : count 48082 avg 0.031242306 +/- 0.06377 min 0.00147991 max 2.344683105 sum 1502.19255
# target 50% 0.0220886
# target 75% 0.0353125
# target 90% 0.0586654
# target 99% 0.138918
# target 99.9% 0.657992
Sockets used: 25 (for perfect keepalive, would be 25)
Jitter: false
Code 200 : 48082 (100.0 %)
All done 48082 calls (plus 25 warmup) 31.242 ms avg, 799.9 qps
Successfully wrote 4866 bytes of Json data to 2022-06-04-215622_asg_raupi_3_70_scaling_1_2.json
fortio exit code: 0
[2022-06-04T21:57:22]==============================[STATS]
jh CPU load avg:
0.08 0.10 0.14 1/164 599
i-0b5aa8078d74694b5
InService
Healthy
{}
[2022-06-04T21:57:22]==============================[SCALING RUN 1: CHUNK 3]==============================
21:57:22 I logger.go:127> Log level is now 4 Error (was 2 Info)
Fortio 1.19.0 running at -1 queries per second, 2->2 procs, for 1m0s: http://asg-1-lb-1353767072.us-east-1.elb.amazonaws.com:3000/?n=200
Aggregated Function Time : count 48354 avg 0.031549433 +/- 0.05234 min 0.001645964 max 1.737826903 sum 1525.54129
# target 50% 0.0217691
# target 75% 0.034043
# target 90% 0.0580076
# target 99% 0.159694
# target 99.9% 0.746837
Sockets used: 25 (for perfect keepalive, would be 25)
Jitter: false
Code 200 : 48354 (100.0 %)
All done 48354 calls (plus 25 warmup) 31.549 ms avg, 792.2 qps
Successfully wrote 5230 bytes of Json data to 2022-06-04-215722_asg_raupi_3_70_scaling_1_3.json
fortio exit code: 0
[2022-06-04T21:58:23]==============================[STATS]
jh CPU load avg:
0.10 0.11 0.14 1/164 617
i-0b5aa8078d74694b5
InService
Healthy
{}
[2022-06-04T21:58:24]==============================[SCALING RUN 1: CHUNK 4]==============================
21:58:24 I logger.go:127> Log level is now 4 Error (was 2 Info)
Fortio 1.19.0 running at -1 queries per second, 2->2 procs, for 1m0s: http://asg-1-lb-1353767072.us-east-1.elb.amazonaws.com:3000/?n=200
Aggregated Function Time : count 51070 avg 0.029380781 +/- 0.04065 min 0.00172646 max 0.88405625 sum 1500.47647
# target 50% 0.0225067
# target 75% 0.0343987
# target 90% 0.0562098
# target 99% 0.107
# target 99.9% 0.649781
Sockets used: 25 (for perfect keepalive, would be 25)
Jitter: false
Code 200 : 51070 (100.0 %)
All done 51070 calls (plus 25 warmup) 29.381 ms avg, 850.7 qps
Successfully wrote 4856 bytes of Json data to 2022-06-04-215824_asg_raupi_3_70_scaling_1_4.json
fortio exit code: 0
[2022-06-04T21:59:24]==============================[STATS]
jh CPU load avg:
0.07 0.10 0.13 1/164 636
i-0b5aa8078d74694b5
InService
Healthy
{}
[2022-06-04T21:59:25]==============================[SCALING RUN 1: CHUNK 5]==============================
21:59:25 I logger.go:127> Log level is now 4 Error (was 2 Info)
Fortio 1.19.0 running at -1 queries per second, 2->2 procs, for 1m0s: http://asg-1-lb-1353767072.us-east-1.elb.amazonaws.com:3000/?n=200
Aggregated Function Time : count 50020 avg 0.029995586 +/- 0.04541 min 0.001486202 max 1.338764575 sum 1500.37919
# target 50% 0.0228205
# target 75% 0.0358128
# target 90% 0.0565638
# target 99% 0.109069
# target 99.9% 0.832378
Sockets used: 37 (for perfect keepalive, would be 25)
Jitter: false
Code 200 : 50020 (100.0 %)
All done 50020 calls (plus 25 warmup) 29.996 ms avg, 833.2 qps
Successfully wrote 4467 bytes of Json data to 2022-06-04-215925_asg_raupi_3_70_scaling_1_5.json
fortio exit code: 0
[2022-06-04T22:00:25]==============================[STATS]
jh CPU load avg:
0.06 0.10 0.12 1/164 660
i-031864cdec04dab2b
InService
Healthy
{}
i-0b5aa8078d74694b5
InService
Healthy
{}
[2022-06-04T22:00:26]==============================[SCALING RUN 1: CHUNK 6]==============================
22:00:26 I logger.go:127> Log level is now 4 Error (was 2 Info)
Fortio 1.19.0 running at -1 queries per second, 2->2 procs, for 1m0s: http://asg-1-lb-1353767072.us-east-1.elb.amazonaws.com:3000/?n=200
Aggregated Function Time : count 113911 avg 0.013174987 +/- 0.02036 min 0.001215134 max 0.884092861 sum 1500.77591
# target 50% 0.010145
# target 75% 0.0167451
# target 90% 0.0231432
# target 99% 0.0527537
# target 99.9% 0.321111
Sockets used: 25 (for perfect keepalive, would be 25)
Jitter: false
Code 200 : 113911 (100.0 %)
All done 113911 calls (plus 25 warmup) 13.175 ms avg, 1896.7 qps
Successfully wrote 4756 bytes of Json data to 2022-06-04-220026_asg_raupi_3_70_scaling_1_6.json
fortio exit code: 0
[2022-06-04T22:01:26]==============================[STATS]
jh CPU load avg:
0.12 0.11 0.12 1/165 692
i-031864cdec04dab2b
InService
Healthy
{}
i-0b5aa8078d74694b5
InService
Healthy
{}
[2022-06-04T22:01:27]==============================[SCALING RUN 1: CHUNK 7]==============================
22:01:27 I logger.go:127> Log level is now 4 Error (was 2 Info)
Fortio 1.19.0 running at -1 queries per second, 2->2 procs, for 1m0s: http://asg-1-lb-1353767072.us-east-1.elb.amazonaws.com:3000/?n=200
Aggregated Function Time : count 117388 avg 0.012888391 +/- 0.02841 min 0.001315346 max 1.522510417 sum 1512.94242
# target 50% 0.00965051
# target 75% 0.016356
# target 90% 0.0224588
# target 99% 0.0493004
# target 99.9% 0.321144
Sockets used: 25 (for perfect keepalive, would be 25)
Jitter: false
Code 200 : 117388 (100.0 %)
All done 117388 calls (plus 25 warmup) 12.888 ms avg, 1924.4 qps
Successfully wrote 4858 bytes of Json data to 2022-06-04-220127_asg_raupi_3_70_scaling_1_7.json
fortio exit code: 0
[2022-06-04T22:02:28]==============================[STATS]
jh CPU load avg:
0.10 0.10 0.12 1/165 713
i-031864cdec04dab2b
InService
Healthy
{}
i-0b5aa8078d74694b5
InService
Healthy
{}
[2022-06-04T22:02:28]==============================[SCALING RUN 1: CHUNK 8]==============================
22:02:28 I logger.go:127> Log level is now 4 Error (was 2 Info)
Fortio 1.19.0 running at -1 queries per second, 2->2 procs, for 1m0s: http://asg-1-lb-1353767072.us-east-1.elb.amazonaws.com:3000/?n=200
Aggregated Function Time : count 118178 avg 0.0126932 +/- 0.02339 min 0.001253643 max 1.377504562 sum 1500.05705
# target 50% 0.0096686
# target 75% 0.0164139
# target 90% 0.0226206
# target 99% 0.0482797
# target 99.9% 0.315264
Sockets used: 25 (for perfect keepalive, would be 25)
Jitter: false
Code 200 : 118178 (100.0 %)
All done 118178 calls (plus 25 warmup) 12.693 ms avg, 1969.3 qps
Successfully wrote 4619 bytes of Json data to 2022-06-04-220228_asg_raupi_3_70_scaling_1_8.json
fortio exit code: 0
[2022-06-04T22:03:28]==============================[STATS]
jh CPU load avg:
0.10 0.09 0.11 1/165 730
i-031864cdec04dab2b
InService
Healthy
{}
i-0b5aa8078d74694b5
InService
Healthy
{}
[2022-06-04T22:03:29]==============================[SCALING RUN 1: CHUNK 9]==============================
22:03:29 I logger.go:127> Log level is now 4 Error (was 2 Info)
Fortio 1.19.0 running at -1 queries per second, 2->2 procs, for 1m0s: http://asg-1-lb-1353767072.us-east-1.elb.amazonaws.com:3000/?n=200
Aggregated Function Time : count 117350 avg 0.012783148 +/- 0.02156 min 0.001263054 max 1.209679741 sum 1500.10246
# target 50% 0.00969866
# target 75% 0.0163949
# target 90% 0.0223888
# target 99% 0.0499305
# target 99.9% 0.308611
Sockets used: 25 (for perfect keepalive, would be 25)
Jitter: false
Code 200 : 117350 (100.0 %)
All done 117350 calls (plus 25 warmup) 12.783 ms avg, 1955.3 qps
Successfully wrote 4848 bytes of Json data to 2022-06-04-220329_asg_raupi_3_70_scaling_1_9.json
fortio exit code: 0
[2022-06-04T22:04:29]==============================[STATS]
jh CPU load avg:
0.07 0.09 0.10 1/165 748
i-031864cdec04dab2b
InService
Healthy
{}
i-0b5aa8078d74694b5
InService
Healthy
{}
[2022-06-04T22:04:30]==============================[SCALING RUN 1: CHUNK 10]==============================
22:04:30 I logger.go:127> Log level is now 4 Error (was 2 Info)
Fortio 1.19.0 running at -1 queries per second, 2->2 procs, for 1m0s: http://asg-1-lb-1353767072.us-east-1.elb.amazonaws.com:3000/?n=200
Aggregated Function Time : count 118166 avg 0.012694553 +/- 0.02176 min 0.001317556 max 1.338171949 sum 1500.06459
# target 50% 0.00982533
# target 75% 0.0165057
# target 90% 0.0225651
# target 99% 0.0486822
# target 99.9% 0.345568
Sockets used: 25 (for perfect keepalive, would be 25)
Jitter: false
Code 200 : 118166 (100.0 %)
All done 118166 calls (plus 25 warmup) 12.695 ms avg, 1969.1 qps
Successfully wrote 4735 bytes of Json data to 2022-06-04-220430_asg_raupi_3_70_scaling_1_10.json
fortio exit code: 0
[2022-06-04T22:05:30]==============================[STATS]
jh CPU load avg:
0.02 0.07 0.09 1/164 765
i-031864cdec04dab2b
InService
Healthy
{}
i-0b5aa8078d74694b5
InService
Healthy
{}
[2022-06-04T22:05:30]==============================[SCALING RUN 1: CHUNK 11]==============================
22:05:30 I logger.go:127> Log level is now 4 Error (was 2 Info)
Fortio 1.19.0 running at -1 queries per second, 2->2 procs, for 1m0s: http://asg-1-lb-1353767072.us-east-1.elb.amazonaws.com:3000/?n=200
Aggregated Function Time : count 118430 avg 0.012666356 +/- 0.02755 min 0.001301459 max 1.8196838020000001 sum 1500.07658
# target 50% 0.00961462
# target 75% 0.0163268
# target 90% 0.022335
# target 99% 0.0486104
# target 99.9% 0.242243
Sockets used: 25 (for perfect keepalive, would be 25)
Jitter: false
Code 200 : 118430 (100.0 %)
All done 118430 calls (plus 25 warmup) 12.666 ms avg, 1973.4 qps
Successfully wrote 4745 bytes of Json data to 2022-06-04-220531_asg_raupi_3_70_scaling_1_11.json
fortio exit code: 0
[2022-06-04T22:06:31]==============================[STATS]
jh CPU load avg:
0.09 0.08 0.09 1/164 782
i-031864cdec04dab2b
InService
Healthy
{}
i-0b5aa8078d74694b5
InService
Healthy
{}
i-0fc36e554e45b0130
InService
Healthy
{}
[2022-06-04T22:06:31]==============================[SCALING RUN 1: CHUNK 12]==============================
22:06:31 I logger.go:127> Log level is now 4 Error (was 2 Info)
Fortio 1.19.0 running at -1 queries per second, 2->2 procs, for 1m0s: http://asg-1-lb-1353767072.us-east-1.elb.amazonaws.com:3000/?n=200
Aggregated Function Time : count 114890 avg 0.013056869 +/- 0.02767 min 0.001339045 max 1.552005121 sum 1500.10365
# target 50% 0.00987664
# target 75% 0.0167321
# target 90% 0.0236607
# target 99% 0.0488346
# target 99.9% 0.19055
Sockets used: 25 (for perfect keepalive, would be 25)
Jitter: false
Code 200 : 114890 (100.0 %)
All done 114890 calls (plus 25 warmup) 13.057 ms avg, 1914.2 qps
Successfully wrote 4765 bytes of Json data to 2022-06-04-220631_asg_raupi_3_70_scaling_1_12.json
fortio exit code: 0
[2022-06-04T22:07:31]==============================[STATS]
jh CPU load avg:
0.03 0.07 0.09 1/162 799
i-031864cdec04dab2b
InService
Healthy
{}
i-0b5aa8078d74694b5
InService
Healthy
{}
i-0fc36e554e45b0130
InService
Healthy
{}
[2022-06-04T22:07:32]==============================[SCALING RUN 1: CHUNK 13]==============================
22:07:32 I logger.go:127> Log level is now 4 Error (was 2 Info)
Fortio 1.19.0 running at -1 queries per second, 2->2 procs, for 1m0s: http://asg-1-lb-1353767072.us-east-1.elb.amazonaws.com:3000/?n=200
Aggregated Function Time : count 184270 avg 0.0081405134 +/- 0.01784 min 0.001255214 max 1.5927028650000001 sum 1500.0524
# target 50% 0.00678851
# target 75% 0.00955519
# target 90% 0.0167507
# target 99% 0.0389329
# target 99.9% 0.0933706
Sockets used: 25 (for perfect keepalive, would be 25)
Jitter: false
Code 200 : 184270 (100.0 %)
All done 184270 calls (plus 25 warmup) 8.141 ms avg, 3070.3 qps
Successfully wrote 4299 bytes of Json data to 2022-06-04-220732_asg_raupi_3_70_scaling_1_13.json
fortio exit code: 0
[2022-06-04T22:08:32]==============================[STATS]
jh CPU load avg:
0.01 0.05 0.08 1/163 868
i-031864cdec04dab2b
InService
Healthy
{}
i-0b5aa8078d74694b5
InService
Healthy
{}
i-0fc36e554e45b0130
InService
Healthy
{}
[2022-06-04T22:08:32]==============================[SCALING RUN 1: CHUNK 14]==============================
22:08:32 I logger.go:127> Log level is now 4 Error (was 2 Info)
Fortio 1.19.0 running at -1 queries per second, 2->2 procs, for 1m0s: http://asg-1-lb-1353767072.us-east-1.elb.amazonaws.com:3000/?n=200
Aggregated Function Time : count 180822 avg 0.0082962686 +/- 0.0146 min 0.001256915 max 0.84179908 sum 1500.14789
# target 50% 0.00684409
# target 75% 0.00963771
# target 90% 0.0172933
# target 99% 0.0435034
# target 99.9% 0.0979935
Sockets used: 25 (for perfect keepalive, would be 25)
Jitter: false
Code 200 : 180822 (100.0 %)
All done 180822 calls (plus 25 warmup) 8.296 ms avg, 3010.4 qps
Successfully wrote 4738 bytes of Json data to 2022-06-04-220833_asg_raupi_3_70_scaling_1_14.json
fortio exit code: 0
[2022-06-04T22:09:33]==============================[STATS]
jh CPU load avg:
0.12 0.08 0.09 1/163 885
i-031864cdec04dab2b
InService
Healthy
{}
i-0b5aa8078d74694b5
InService
Healthy
{}
i-0fc36e554e45b0130
InService
Healthy
{}
[2022-06-04T22:09:33]==============================[SCALING RUN 2: INIT]==============================
{
    "Alarms": [
        {
            "AlarmName": "TargetTracking-asg-1-myASG-AlarmHigh-86b54ce7-5a4b-4143-a19d-c4e7bb306ae9", 
            "AlarmARN": "arn:aws:cloudwatch:us-east-1:360637484129:alarm:TargetTracking-asg-1-myASG-AlarmHigh-86b54ce7-5a4b-4143-a19d-c4e7bb306ae9"
        }, 
        {
            "AlarmName": "TargetTracking-asg-1-myASG-AlarmLow-e8a56a86-8860-4b7d-8b55-68d9b332790b", 
            "AlarmARN": "arn:aws:cloudwatch:us-east-1:360637484129:alarm:TargetTracking-asg-1-myASG-AlarmLow-e8a56a86-8860-4b7d-8b55-68d9b332790b"
        }
    ], 
    "PolicyARN": "arn:aws:autoscaling:us-east-1:360637484129:scalingPolicy:642f075c-f1df-42b7-b9a2-651f3d0bd882:autoScalingGroupName/asg-1-myASG:policyName/asg-1-AppServerSP-F1HE5PIDBD14"
}
scaling to 1
[2022-06-04T22:09:35]==============================[SCALING RUN 2: ENABLE SCALING - SLEEP]==============================
{
    "Alarms": [
        {
            "AlarmName": "TargetTracking-asg-1-myASG-AlarmHigh-e6d2fd09-9ea6-4016-83bc-8bc5a6a20157", 
            "AlarmARN": "arn:aws:cloudwatch:us-east-1:360637484129:alarm:TargetTracking-asg-1-myASG-AlarmHigh-e6d2fd09-9ea6-4016-83bc-8bc5a6a20157"
        }, 
        {
            "AlarmName": "TargetTracking-asg-1-myASG-AlarmLow-69d82a68-301a-45a8-81b4-54eeaf439345", 
            "AlarmARN": "arn:aws:cloudwatch:us-east-1:360637484129:alarm:TargetTracking-asg-1-myASG-AlarmLow-69d82a68-301a-45a8-81b4-54eeaf439345"
        }
    ], 
    "PolicyARN": "arn:aws:autoscaling:us-east-1:360637484129:scalingPolicy:642f075c-f1df-42b7-b9a2-651f3d0bd882:autoScalingGroupName/asg-1-myASG:policyName/asg-1-AppServerSP-F1HE5PIDBD14"
}
[2022-06-04T22:12:36]==============================[SCALING RUN 2: FORTIO]==============================
[2022-06-04T22:12:36]==============================[STATS]
jh CPU load avg:
0.00 0.04 0.07 1/165 919
i-0fc36e554e45b0130
InService
Healthy
{}
[2022-06-04T22:12:37]==============================[SCALING RUN 2: CHUNK 1]==============================
22:12:37 I logger.go:127> Log level is now 4 Error (was 2 Info)
Fortio 1.19.0 running at -1 queries per second, 2->2 procs, for 1m0s: http://asg-1-lb-1353767072.us-east-1.elb.amazonaws.com:3000/?n=200
22:13:01 E http_client.go:787> Read error &{{0xc00033a480}} 35.169.165.197:3000 134 : read tcp 172.31.26.254:58312->35.169.165.197:3000: i/o timeout
22:13:01 E http_client.go:787> Read error &{{0xc000074680}} 3.225.210.18:3000 134 : read tcp 172.31.26.254:45182->3.225.210.18:3000: i/o timeout
22:13:01 E http_client.go:787> Read error &{{0xc0000fff00}} 35.169.165.197:3000 134 : read tcp 172.31.26.254:58310->35.169.165.197:3000: i/o timeout
22:13:01 E http_client.go:787> Read error &{{0xc000074d80}} 35.169.165.197:3000 134 : read tcp 172.31.26.254:58264->35.169.165.197:3000: i/o timeout
22:13:04 E http_client.go:787> Read error &{{0xc00033a580}} 35.169.165.197:3000 0 : read tcp 172.31.26.254:58316->35.169.165.197:3000: i/o timeout
22:13:04 E http_client.go:787> Read error &{{0xc00033a680}} 3.225.210.18:3000 0 : read tcp 172.31.26.254:45242->3.225.210.18:3000: i/o timeout
22:13:04 E http_client.go:787> Read error &{{0xc00033a780}} 35.169.165.197:3000 0 : read tcp 172.31.26.254:58320->35.169.165.197:3000: i/o timeout
22:13:04 E http_client.go:787> Read error &{{0xc00033a880}} 35.169.165.197:3000 0 : read tcp 172.31.26.254:58322->35.169.165.197:3000: i/o timeout
22:13:04 E http_client.go:787> Read error &{{0xc00033a980}} 35.169.165.197:3000 0 : read tcp 172.31.26.254:58324->35.169.165.197:3000: i/o timeout
22:13:04 E http_client.go:787> Read error &{{0xc00033aa80}} 35.169.165.197:3000 0 : read tcp 172.31.26.254:58326->35.169.165.197:3000: i/o timeout
22:13:04 E http_client.go:787> Read error &{{0xc00001a000}} 35.169.165.197:3000 0 : read tcp 172.31.26.254:58328->35.169.165.197:3000: i/o timeout
22:13:04 E http_client.go:787> Read error &{{0xc00033ab80}} 35.169.165.197:3000 0 : read tcp 172.31.26.254:58330->35.169.165.197:3000: i/o timeout
22:13:07 E http_client.go:787> Read error &{{0xc00033ac80}} 35.169.165.197:3000 0 : read tcp 172.31.26.254:58332->35.169.165.197:3000: i/o timeout
22:13:07 E http_client.go:787> Read error &{{0xc00001a200}} 35.169.165.197:3000 0 : read tcp 172.31.26.254:58338->35.169.165.197:3000: i/o timeout
22:13:07 E http_client.go:787> Read error &{{0xc00001a100}} 35.169.165.197:3000 0 : read tcp 172.31.26.254:58334->35.169.165.197:3000: i/o timeout
22:13:07 E http_client.go:787> Read error &{{0xc00033ad80}} 35.169.165.197:3000 0 : read tcp 172.31.26.254:58336->35.169.165.197:3000: i/o timeout
22:13:07 E http_client.go:787> Read error &{{0xc00033b080}} 3.225.210.18:3000 0 : read tcp 172.31.26.254:45274->3.225.210.18:3000: i/o timeout
22:13:07 E http_client.go:787> Read error &{{0xc00001a400}} 3.225.210.18:3000 0 : read tcp 172.31.26.254:45268->3.225.210.18:3000: i/o timeout
22:13:07 E http_client.go:787> Read error &{{0xc00033ae80}} 3.225.210.18:3000 0 : read tcp 172.31.26.254:45266->3.225.210.18:3000: i/o timeout
22:13:07 E http_client.go:787> Read error &{{0xc00001a300}} 3.225.210.18:3000 0 : read tcp 172.31.26.254:45264->3.225.210.18:3000: i/o timeout
22:13:07 E http_client.go:787> Read error &{{0xc00033af80}} 3.225.210.18:3000 0 : read tcp 172.31.26.254:45270->3.225.210.18:3000: i/o timeout
22:13:07 E http_client.go:787> Read error &{{0xc00001a500}} 3.225.210.18:3000 0 : read tcp 172.31.26.254:45272->3.225.210.18:3000: i/o timeout
22:13:07 E http_client.go:787> Read error &{{0xc00001a600}} 3.225.210.18:3000 0 : read tcp 172.31.26.254:45276->3.225.210.18:3000: i/o timeout
22:13:07 E http_client.go:787> Read error &{{0xc00033b180}} 35.169.165.197:3000 0 : read tcp 172.31.26.254:58354->35.169.165.197:3000: i/o timeout
22:13:07 E http_client.go:787> Read error &{{0xc00001a900}} 3.225.210.18:3000 0 : read tcp 172.31.26.254:45288->3.225.210.18:3000: i/o timeout
22:13:07 E http_client.go:787> Read error &{{0xc00001a800}} 3.225.210.18:3000 0 : read tcp 172.31.26.254:45284->3.225.210.18:3000: i/o timeout
22:13:07 E http_client.go:787> Read error &{{0xc00001a700}} 35.169.165.197:3000 0 : read tcp 172.31.26.254:58356->35.169.165.197:3000: i/o timeout
22:13:07 E http_client.go:787> Read error &{{0xc00033b380}} 3.225.210.18:3000 0 : read tcp 172.31.26.254:45286->3.225.210.18:3000: i/o timeout
22:13:07 E http_client.go:787> Read error &{{0xc00033b280}} 3.225.210.18:3000 0 : read tcp 172.31.26.254:45282->3.225.210.18:3000: i/o timeout
22:13:07 E http_client.go:787> Read error &{{0xc00033b480}} 35.169.165.197:3000 0 : read tcp 172.31.26.254:58366->35.169.165.197:3000: i/o timeout
22:13:07 E http_client.go:787> Read error &{{0xc00033b680}} 35.169.165.197:3000 0 : read tcp 172.31.26.254:58370->35.169.165.197:3000: i/o timeout
22:13:07 E http_client.go:787> Read error &{{0xc00033b780}} 35.169.165.197:3000 0 : read tcp 172.31.26.254:58372->35.169.165.197:3000: i/o timeout
22:13:07 E http_client.go:787> Read error &{{0xc00033b880}} 35.169.165.197:3000 0 : read tcp 172.31.26.254:58374->35.169.165.197:3000: i/o timeout
22:13:07 E http_client.go:787> Read error &{{0xc00033ba80}} 35.169.165.197:3000 0 : read tcp 172.31.26.254:58382->35.169.165.197:3000: i/o timeout
22:13:07 E http_client.go:787> Read error &{{0xc00033b980}} 35.169.165.197:3000 0 : read tcp 172.31.26.254:58376->35.169.165.197:3000: i/o timeout
22:13:07 E http_client.go:787> Read error &{{0xc00001aa00}} 35.169.165.197:3000 0 : read tcp 172.31.26.254:58378->35.169.165.197:3000: i/o timeout
Aggregated Function Time : count 47163 avg 0.031886801 +/- 0.1647 min 0.001503539 max 6.002177241 sum 1503.87719
# target 50% 0.0162386
# target 75% 0.0240403
# target 90% 0.0414443
# target 99% 0.308571
# target 99.9% 2.43285
Sockets used: 99 (for perfect keepalive, would be 25)
Jitter: false
Code  -1 : 36 (0.1 %)
Code 200 : 47127 (99.9 %)
All done 47163 calls (plus 25 warmup) 31.887 ms avg, 783.8 qps
Successfully wrote 6178 bytes of Json data to 2022-06-04-221237_asg_raupi_3_70_scaling_2_1.json
fortio exit code: 0
[2022-06-04T22:13:37]==============================[STATS]
jh CPU load avg:
0.00 0.03 0.07 1/165 938
i-02b8032dbeea7befe
InService
Healthy
{}
i-0fc36e554e45b0130
InService
Healthy
{}
[2022-06-04T22:13:38]==============================[SCALING RUN 2: CHUNK 2]==============================
22:13:38 I logger.go:127> Log level is now 4 Error (was 2 Info)
Fortio 1.19.0 running at -1 queries per second, 2->2 procs, for 1m0s: http://asg-1-lb-1353767072.us-east-1.elb.amazonaws.com:3000/?n=200
Aggregated Function Time : count 130055 avg 0.0115357 +/- 0.02781 min 0.001203436 max 1.378729484 sum 1500.2754
# target 50% 0.00765975
# target 75% 0.0127672
# target 90% 0.0188033
# target 99% 0.0728142
# target 99.9% 0.343982
Sockets used: 25 (for perfect keepalive, would be 25)
Jitter: false
Code 200 : 130055 (100.0 %)
All done 130055 calls (plus 25 warmup) 11.536 ms avg, 2166.6 qps
Successfully wrote 4985 bytes of Json data to 2022-06-04-221338_asg_raupi_3_70_scaling_2_2.json
fortio exit code: 0
[2022-06-04T22:14:38]==============================[STATS]
jh CPU load avg:
0.14 0.07 0.08 1/165 955
i-02b8032dbeea7befe
InService
Healthy
{}
i-0fc36e554e45b0130
InService
Healthy
{}
[2022-06-04T22:14:39]==============================[SCALING RUN 2: CHUNK 3]==============================
22:14:39 I logger.go:127> Log level is now 4 Error (was 2 Info)
Fortio 1.19.0 running at -1 queries per second, 2->2 procs, for 1m0s: http://asg-1-lb-1353767072.us-east-1.elb.amazonaws.com:3000/?n=200
Aggregated Function Time : count 123308 avg 0.012165018 +/- 0.02282 min 0.001259512 max 0.65912377 sum 1500.04405
# target 50% 0.00805374
# target 75% 0.0139989
# target 90% 0.0196168
# target 99% 0.0736736
# target 99.9% 0.394353
Sockets used: 25 (for perfect keepalive, would be 25)
Jitter: false
Code 200 : 123308 (100.0 %)
All done 123308 calls (plus 25 warmup) 12.165 ms avg, 2054.8 qps
Successfully wrote 4611 bytes of Json data to 2022-06-04-221439_asg_raupi_3_70_scaling_2_3.json
fortio exit code: 0
[2022-06-04T22:15:39]==============================[STATS]
jh CPU load avg:
0.09 0.07 0.08 1/163 972
i-02b8032dbeea7befe
InService
Healthy
{}
i-0fc36e554e45b0130
InService
Healthy
{}
[2022-06-04T22:15:39]==============================[SCALING RUN 2: CHUNK 4]==============================
22:15:39 I logger.go:127> Log level is now 4 Error (was 2 Info)
Fortio 1.19.0 running at -1 queries per second, 2->2 procs, for 1m0s: http://asg-1-lb-1353767072.us-east-1.elb.amazonaws.com:3000/?n=200
Aggregated Function Time : count 126471 avg 0.011860813 +/- 0.02583 min 0.001192313 max 0.878267002 sum 1500.04884
# target 50% 0.00771955
# target 75% 0.013101
# target 90% 0.0192769
# target 99% 0.0690918
# target 99.9% 0.433591
Sockets used: 25 (for perfect keepalive, would be 25)
Jitter: false
Code 200 : 126471 (100.0 %)
All done 126471 calls (plus 25 warmup) 11.861 ms avg, 2107.4 qps
Successfully wrote 4875 bytes of Json data to 2022-06-04-221540_asg_raupi_3_70_scaling_2_4.json
fortio exit code: 0
[2022-06-04T22:16:40]==============================[STATS]
jh CPU load avg:
0.28 0.11 0.09 1/163 989
i-02b8032dbeea7befe
InService
Healthy
{}
i-0fc36e554e45b0130
InService
Healthy
{}
[2022-06-04T22:16:40]==============================[SCALING RUN 2: CHUNK 5]==============================
22:16:40 I logger.go:127> Log level is now 4 Error (was 2 Info)
Fortio 1.19.0 running at -1 queries per second, 2->2 procs, for 1m0s: http://asg-1-lb-1353767072.us-east-1.elb.amazonaws.com:3000/?n=200
Aggregated Function Time : count 127183 avg 0.011800785 +/- 0.02213 min 0.001229526 max 0.771229754 sum 1500.85921
# target 50% 0.00793328
# target 75% 0.0136213
# target 90% 0.0192882
# target 99% 0.0859062
# target 99.9% 0.333211
Sockets used: 25 (for perfect keepalive, would be 25)
Jitter: false
Code 200 : 127183 (100.0 %)
All done 127183 calls (plus 25 warmup) 11.801 ms avg, 2117.3 qps
Successfully wrote 4762 bytes of Json data to 2022-06-04-221640_asg_raupi_3_70_scaling_2_5.json
fortio exit code: 0
[2022-06-04T22:17:40]==============================[STATS]
jh CPU load avg:
0.10 0.09 0.09 1/163 1006
i-02b8032dbeea7befe
InService
Healthy
{}
i-0fc36e554e45b0130
InService
Healthy
{}
[2022-06-04T22:17:41]==============================[SCALING RUN 2: CHUNK 6]==============================
22:17:41 I logger.go:127> Log level is now 4 Error (was 2 Info)
Fortio 1.19.0 running at -1 queries per second, 2->2 procs, for 1m0s: http://asg-1-lb-1353767072.us-east-1.elb.amazonaws.com:3000/?n=200
Aggregated Function Time : count 125242 avg 0.011977174 +/- 0.02377 min 0.001285038 max 0.892624633 sum 1500.04522
# target 50% 0.00780855
# target 75% 0.0133164
# target 90% 0.0193802
# target 99% 0.0688383
# target 99.9% 0.371758
Sockets used: 25 (for perfect keepalive, would be 25)
Jitter: false
Code 200 : 125242 (100.0 %)
All done 125242 calls (plus 25 warmup) 11.977 ms avg, 2087.0 qps
Successfully wrote 4746 bytes of Json data to 2022-06-04-221741_asg_raupi_3_70_scaling_2_6.json
fortio exit code: 0
[2022-06-04T22:18:41]==============================[STATS]
jh CPU load avg:
0.18 0.12 0.09 1/163 1024
i-02b8032dbeea7befe
InService
Healthy
{}
i-0fbe30b884e9e73fe
Pending
Healthy
{}
i-0fc36e554e45b0130
InService
Healthy
{}
[2022-06-04T22:18:42]==============================[SCALING RUN 2: CHUNK 7]==============================
22:18:42 I logger.go:127> Log level is now 4 Error (was 2 Info)
Fortio 1.19.0 running at -1 queries per second, 2->2 procs, for 1m0s: http://asg-1-lb-1353767072.us-east-1.elb.amazonaws.com:3000/?n=200
Aggregated Function Time : count 124122 avg 0.01208636 +/- 0.02423 min 0.001310813 max 1.044927242 sum 1500.18324
# target 50% 0.0080448
# target 75% 0.013954
# target 90% 0.0196119
# target 99% 0.0707742
# target 99.9% 0.321748
Sockets used: 25 (for perfect keepalive, would be 25)
Jitter: false
Code 200 : 124122 (100.0 %)
All done 124122 calls (plus 25 warmup) 12.086 ms avg, 2068.0 qps
Successfully wrote 4860 bytes of Json data to 2022-06-04-221842_asg_raupi_3_70_scaling_2_7.json
fortio exit code: 0
[2022-06-04T22:19:42]==============================[STATS]
jh CPU load avg:
0.10 0.11 0.09 1/163 1042
i-02b8032dbeea7befe
InService
Healthy
{}
i-0fbe30b884e9e73fe
InService
Healthy
{}
i-0fc36e554e45b0130
InService
Healthy
{}
[2022-06-04T22:19:42]==============================[SCALING RUN 2: CHUNK 8]==============================
22:19:42 I logger.go:127> Log level is now 4 Error (was 2 Info)
Fortio 1.19.0 running at -1 queries per second, 2->2 procs, for 1m0s: http://asg-1-lb-1353767072.us-east-1.elb.amazonaws.com:3000/?n=200
Aggregated Function Time : count 175383 avg 0.0085563742 +/- 0.02271 min 0.001094636 max 1.363976053 sum 1500.64257
# target 50% 0.00653975
# target 75% 0.00926233
# target 90% 0.0156493
# target 99% 0.0411143
# target 99.9% 0.28056
Sockets used: 25 (for perfect keepalive, would be 25)
Jitter: false
Code 200 : 175383 (100.0 %)
All done 175383 calls (plus 25 warmup) 8.556 ms avg, 2914.0 qps
Successfully wrote 4856 bytes of Json data to 2022-06-04-221943_asg_raupi_3_70_scaling_2_8.json
fortio exit code: 0
[2022-06-04T22:20:43]==============================[STATS]
jh CPU load avg:
0.15 0.12 0.09 1/164 1065
i-02b8032dbeea7befe
InService
Healthy
{}
i-0fbe30b884e9e73fe
InService
Healthy
{}
i-0fc36e554e45b0130
InService
Healthy
{}
[2022-06-04T22:20:43]==============================[SCALING RUN 2: CHUNK 9]==============================
22:20:43 I logger.go:127> Log level is now 4 Error (was 2 Info)
Fortio 1.19.0 running at -1 queries per second, 2->2 procs, for 1m0s: http://asg-1-lb-1353767072.us-east-1.elb.amazonaws.com:3000/?n=200
Aggregated Function Time : count 178067 avg 0.0084238836 +/- 0.01961 min 0.001120644 max 1.223140786 sum 1500.01568
# target 50% 0.00665207
# target 75% 0.00941781
# target 90% 0.0161561
# target 99% 0.0428405
# target 99.9% 0.291282
Sockets used: 25 (for perfect keepalive, would be 25)
Jitter: false
Code 200 : 178067 (100.0 %)
All done 178067 calls (plus 25 warmup) 8.424 ms avg, 2967.4 qps
Successfully wrote 4740 bytes of Json data to 2022-06-04-222043_asg_raupi_3_70_scaling_2_9.json
fortio exit code: 0
[2022-06-04T22:21:43]==============================[STATS]
jh CPU load avg:
0.25 0.15 0.10 1/164 1082
i-02b8032dbeea7befe
InService
Healthy
{}
i-0fbe30b884e9e73fe
InService
Healthy
{}
i-0fc36e554e45b0130
InService
Healthy
{}
[2022-06-04T22:21:44]==============================[SCALING RUN 2: CHUNK 10]==============================
22:21:44 I logger.go:127> Log level is now 4 Error (was 2 Info)
Fortio 1.19.0 running at -1 queries per second, 2->2 procs, for 1m0s: http://asg-1-lb-1353767072.us-east-1.elb.amazonaws.com:3000/?n=200
Aggregated Function Time : count 175904 avg 0.0085275426 +/- 0.01889 min 0.001170934 max 1.397398475 sum 1500.02885
# target 50% 0.00673475
# target 75% 0.00951669
# target 90% 0.0165769
# target 99% 0.0491644
# target 99.9% 0.192785
Sockets used: 25 (for perfect keepalive, would be 25)
Jitter: false
Code 200 : 175904 (100.0 %)
All done 175904 calls (plus 25 warmup) 8.528 ms avg, 2929.9 qps
Successfully wrote 4612 bytes of Json data to 2022-06-04-222144_asg_raupi_3_70_scaling_2_10.json
fortio exit code: 0
[2022-06-04T22:22:44]==============================[STATS]
jh CPU load avg:
0.22 0.17 0.11 1/164 1108
i-02b8032dbeea7befe
InService
Healthy
{}
i-0fbe30b884e9e73fe
InService
Healthy
{}
i-0fc36e554e45b0130
InService
Healthy
{}
[2022-06-04T22:22:45]==============================[SCALING RUN 2: CHUNK 11]==============================
22:22:45 I logger.go:127> Log level is now 4 Error (was 2 Info)
Fortio 1.19.0 running at -1 queries per second, 2->2 procs, for 1m0s: http://asg-1-lb-1353767072.us-east-1.elb.amazonaws.com:3000/?n=200
Aggregated Function Time : count 178378 avg 0.0084101182 +/- 0.01811 min 0.001165028 max 1.199340487 sum 1500.18006
# target 50% 0.00657504
# target 75% 0.00928007
# target 90% 0.0158171
# target 99% 0.0467834
# target 99.9% 0.230406
Sockets used: 25 (for perfect keepalive, would be 25)
Jitter: false
Code 200 : 178378 (100.0 %)
All done 178378 calls (plus 25 warmup) 8.410 ms avg, 2971.3 qps
Successfully wrote 4617 bytes of Json data to 2022-06-04-222245_asg_raupi_3_70_scaling_2_11.json
fortio exit code: 0
[2022-06-04T22:23:45]==============================[STATS]
jh CPU load avg:
0.08 0.13 0.10 1/164 1126
i-02b8032dbeea7befe
InService
Healthy
{}
i-0fbe30b884e9e73fe
InService
Healthy
{}
i-0fc36e554e45b0130
InService
Healthy
{}
[2022-06-04T22:23:45]==============================[SCALING RUN 2: CHUNK 12]==============================
22:23:45 I logger.go:127> Log level is now 4 Error (was 2 Info)
Fortio 1.19.0 running at -1 queries per second, 2->2 procs, for 1m0s: http://asg-1-lb-1353767072.us-east-1.elb.amazonaws.com:3000/?n=200
Aggregated Function Time : count 183011 avg 0.0081962404 +/- 0.01701 min 0.001172349 max 0.95888886 sum 1500.00215
# target 50% 0.00660164
# target 75% 0.00931631
# target 90% 0.0159425
# target 99% 0.0437669
# target 99.9% 0.230203
Sockets used: 25 (for perfect keepalive, would be 25)
Jitter: false
Code 200 : 183011 (100.0 %)
All done 183011 calls (plus 25 warmup) 8.196 ms avg, 3049.7 qps
Successfully wrote 4987 bytes of Json data to 2022-06-04-222346_asg_raupi_3_70_scaling_2_12.json
fortio exit code: 0
[2022-06-04T22:24:46]==============================[STATS]
jh CPU load avg:
0.45 0.21 0.12 1/164 1143
i-02b8032dbeea7befe
InService
Healthy
{}
i-0fbe30b884e9e73fe
InService
Healthy
{}
i-0fc36e554e45b0130
InService
Healthy
{}
[2022-06-04T22:24:46]==============================[SCALING RUN 2: CHUNK 13]==============================
22:24:46 I logger.go:127> Log level is now 4 Error (was 2 Info)
Fortio 1.19.0 running at -1 queries per second, 2->2 procs, for 1m0s: http://asg-1-lb-1353767072.us-east-1.elb.amazonaws.com:3000/?n=200
Aggregated Function Time : count 179860 avg 0.0083397465 +/- 0.01895 min 0.001170866 max 1.053723187 sum 1499.98681
# target 50% 0.006677
# target 75% 0.00943009
# target 90% 0.0160387
# target 99% 0.0426576
# target 99.9% 0.290797
Sockets used: 25 (for perfect keepalive, would be 25)
Jitter: false
Code 200 : 179860 (100.0 %)
All done 179860 calls (plus 25 warmup) 8.340 ms avg, 2997.2 qps
Successfully wrote 4739 bytes of Json data to 2022-06-04-222446_asg_raupi_3_70_scaling_2_13.json
fortio exit code: 0
[2022-06-04T22:25:46]==============================[STATS]
jh CPU load avg:
0.24 0.20 0.12 1/162 1160
i-02b8032dbeea7befe
InService
Healthy
{}
i-0fbe30b884e9e73fe
InService
Healthy
{}
i-0fc36e554e45b0130
InService
Healthy
{}
[2022-06-04T22:25:47]==============================[SCALING RUN 2: CHUNK 14]==============================
22:25:47 I logger.go:127> Log level is now 4 Error (was 2 Info)
Fortio 1.19.0 running at -1 queries per second, 2->2 procs, for 1m0s: http://asg-1-lb-1353767072.us-east-1.elb.amazonaws.com:3000/?n=200
Aggregated Function Time : count 177544 avg 0.0084491984 +/- 0.01792 min 0.001136469 max 0.936317839 sum 1500.10449
# target 50% 0.00659844
# target 75% 0.00932946
# target 90% 0.0160314
# target 99% 0.042512
# target 99.9% 0.25864
Sockets used: 25 (for perfect keepalive, would be 25)
Jitter: false
Code 200 : 177544 (100.0 %)
All done 177544 calls (plus 25 warmup) 8.449 ms avg, 2958.0 qps
Successfully wrote 4869 bytes of Json data to 2022-06-04-222547_asg_raupi_3_70_scaling_2_14.json
fortio exit code: 0
[2022-06-04T22:26:47]==============================[STATS]
jh CPU load avg:
0.22 0.19 0.12 1/163 1179
i-02b8032dbeea7befe
InService
Healthy
{}
i-0fbe30b884e9e73fe
InService
Healthy
{}
i-0fc36e554e45b0130
InService
Healthy
{}
[2022-06-04T22:26:48]==============================[SCALING RUN 3: INIT]==============================
{
    "Alarms": [
        {
            "AlarmName": "TargetTracking-asg-1-myASG-AlarmHigh-34e83a4e-032e-4dc5-85cf-beaabdee9051", 
            "AlarmARN": "arn:aws:cloudwatch:us-east-1:360637484129:alarm:TargetTracking-asg-1-myASG-AlarmHigh-34e83a4e-032e-4dc5-85cf-beaabdee9051"
        }, 
        {
            "AlarmName": "TargetTracking-asg-1-myASG-AlarmLow-271c7a11-a636-4133-b699-7c205a6fd8b5", 
            "AlarmARN": "arn:aws:cloudwatch:us-east-1:360637484129:alarm:TargetTracking-asg-1-myASG-AlarmLow-271c7a11-a636-4133-b699-7c205a6fd8b5"
        }
    ], 
    "PolicyARN": "arn:aws:autoscaling:us-east-1:360637484129:scalingPolicy:642f075c-f1df-42b7-b9a2-651f3d0bd882:autoScalingGroupName/asg-1-myASG:policyName/asg-1-AppServerSP-F1HE5PIDBD14"
}
scaling to 1
[2022-06-04T22:26:49]==============================[SCALING RUN 3: ENABLE SCALING - SLEEP]==============================
{
    "Alarms": [
        {
            "AlarmName": "TargetTracking-asg-1-myASG-AlarmHigh-9588e10c-dc8c-4a20-bfa7-4578fef170ad", 
            "AlarmARN": "arn:aws:cloudwatch:us-east-1:360637484129:alarm:TargetTracking-asg-1-myASG-AlarmHigh-9588e10c-dc8c-4a20-bfa7-4578fef170ad"
        }, 
        {
            "AlarmName": "TargetTracking-asg-1-myASG-AlarmLow-b33d7370-2aef-4c44-9a57-7472e9c32224", 
            "AlarmARN": "arn:aws:cloudwatch:us-east-1:360637484129:alarm:TargetTracking-asg-1-myASG-AlarmLow-b33d7370-2aef-4c44-9a57-7472e9c32224"
        }
    ], 
    "PolicyARN": "arn:aws:autoscaling:us-east-1:360637484129:scalingPolicy:642f075c-f1df-42b7-b9a2-651f3d0bd882:autoScalingGroupName/asg-1-myASG:policyName/asg-1-AppServerSP-F1HE5PIDBD14"
}
[2022-06-04T22:29:51]==============================[SCALING RUN 3: FORTIO]==============================
[2022-06-04T22:29:51]==============================[STATS]
jh CPU load avg:
0.01 0.10 0.09 1/163 1210
i-0fbe30b884e9e73fe
InService
Healthy
{}
[2022-06-04T22:29:51]==============================[SCALING RUN 3: CHUNK 1]==============================
22:29:51 I logger.go:127> Log level is now 4 Error (was 2 Info)
Fortio 1.19.0 running at -1 queries per second, 2->2 procs, for 1m0s: http://asg-1-lb-1353767072.us-east-1.elb.amazonaws.com:3000/?n=200
Aggregated Function Time : count 35973 avg 0.04172034 +/- 0.1855 min 0.001518543 max 4.275162253 sum 1500.80577
# target 50% 0.0174985
# target 75% 0.0264542
# target 90% 0.0473914
# target 99% 0.802838
# target 99.9% 2.40856
Sockets used: 50 (for perfect keepalive, would be 25)
Jitter: false
Code 200 : 35973 (100.0 %)
All done 35973 calls (plus 25 warmup) 41.720 ms avg, 599.0 qps
Successfully wrote 5811 bytes of Json data to 2022-06-04-222951_asg_raupi_3_70_scaling_3_1.json
fortio exit code: 0
[2022-06-04T22:30:51]==============================[STATS]
jh CPU load avg:
0.11 0.11 0.09 1/164 1233
i-0fbe30b884e9e73fe
InService
Healthy
{}
[2022-06-04T22:30:52]==============================[SCALING RUN 3: CHUNK 2]==============================
22:30:52 I logger.go:127> Log level is now 4 Error (was 2 Info)
Fortio 1.19.0 running at -1 queries per second, 2->2 procs, for 1m0s: http://asg-1-lb-1353767072.us-east-1.elb.amazonaws.com:3000/?n=200
Aggregated Function Time : count 33834 avg 0.045614151 +/- 0.188 min 0.001413223 max 3.510036909 sum 1543.30917
# target 50% 0.018858
# target 75% 0.0268901
# target 90% 0.0418667
# target 99% 0.80993
# target 99.9% 2.91166
Sockets used: 50 (for perfect keepalive, would be 25)
Jitter: false
Code 200 : 33834 (100.0 %)
All done 33834 calls (plus 25 warmup) 45.614 ms avg, 547.9 qps
Successfully wrote 5678 bytes of Json data to 2022-06-04-223052_asg_raupi_3_70_scaling_3_2.json
fortio exit code: 0
[2022-06-04T22:31:54]==============================[STATS]
jh CPU load avg:
0.03 0.08 0.08 1/164 1251
i-0fbe30b884e9e73fe
InService
Healthy
{}
[2022-06-04T22:31:55]==============================[SCALING RUN 3: CHUNK 3]==============================
22:31:55 I logger.go:127> Log level is now 4 Error (was 2 Info)
Fortio 1.19.0 running at -1 queries per second, 2->2 procs, for 1m0s: http://asg-1-lb-1353767072.us-east-1.elb.amazonaws.com:3000/?n=200
Aggregated Function Time : count 34552 avg 0.04388443 +/- 0.1973 min 0.00152773 max 3.831310833 sum 1516.29482
# target 50% 0.0184053
# target 75% 0.0266307
# target 90% 0.0416321
# target 99% 0.811958
# target 99.9% 2.80896
Sockets used: 50 (for perfect keepalive, would be 25)
Jitter: false
Code 200 : 34552 (100.0 %)
All done 34552 calls (plus 25 warmup) 43.884 ms avg, 569.6 qps
Successfully wrote 5816 bytes of Json data to 2022-06-04-223155_asg_raupi_3_70_scaling_3_3.json
fortio exit code: 0
[2022-06-04T22:32:55]==============================[STATS]
jh CPU load avg:
0.05 0.08 0.08 1/163 1268
i-0fbe30b884e9e73fe
InService
Healthy
{}
[2022-06-04T22:32:56]==============================[SCALING RUN 3: CHUNK 4]==============================
22:32:56 I logger.go:127> Log level is now 4 Error (was 2 Info)
Fortio 1.19.0 running at -1 queries per second, 2->2 procs, for 1m0s: http://asg-1-lb-1353767072.us-east-1.elb.amazonaws.com:3000/?n=200
22:33:37 E http_client.go:787> Read error &{{0xc000258300}} 3.225.210.18:3000 0 : read tcp 172.31.26.254:46618->3.225.210.18:3000: i/o timeout
22:33:37 E http_client.go:787> Read error &{{0xc000258600}} 3.225.210.18:3000 0 : read tcp 172.31.26.254:46628->3.225.210.18:3000: i/o timeout
22:33:37 E http_client.go:787> Read error &{{0xc0000ff880}} 35.169.165.197:3000 0 : read tcp 172.31.26.254:59708->35.169.165.197:3000: i/o timeout
22:33:37 E http_client.go:787> Read error &{{0xc000258700}} 3.225.210.18:3000 0 : read tcp 172.31.26.254:46630->3.225.210.18:3000: i/o timeout
22:33:37 E http_client.go:787> Read error &{{0xc000258800}} 3.225.210.18:3000 0 : read tcp 172.31.26.254:46636->3.225.210.18:3000: i/o timeout
22:33:37 E http_client.go:787> Read error &{{0xc0000ff980}} 3.225.210.18:3000 0 : read tcp 172.31.26.254:46634->3.225.210.18:3000: i/o timeout
Aggregated Function Time : count 36039 avg 0.041796307 +/- 0.2181 min 0.001605466 max 6.002367152 sum 1506.29712
# target 50% 0.0169318
# target 75% 0.0253844
# target 90% 0.0374965
# target 99% 0.864239
# target 99.9% 3.2961
Sockets used: 70 (for perfect keepalive, would be 25)
Jitter: false
Code  -1 : 6 (0.0 %)
Code 200 : 36033 (100.0 %)
All done 36039 calls (plus 25 warmup) 41.796 ms avg, 598.0 qps
Successfully wrote 6394 bytes of Json data to 2022-06-04-223256_asg_raupi_3_70_scaling_3_4.json
fortio exit code: 0
[2022-06-04T22:33:57]==============================[STATS]
jh CPU load avg:
0.16 0.10 0.09 1/164 1287
i-0fbe30b884e9e73fe
InService
Healthy
{}
[2022-06-04T22:33:57]==============================[SCALING RUN 3: CHUNK 5]==============================
22:33:57 I logger.go:127> Log level is now 4 Error (was 2 Info)
Fortio 1.19.0 running at -1 queries per second, 2->2 procs, for 1m0s: http://asg-1-lb-1353767072.us-east-1.elb.amazonaws.com:3000/?n=200
22:34:09 E http_client.go:787> Read error &{{0xc000244d80}} 35.169.165.197:3000 0 : read tcp 172.31.26.254:59814->35.169.165.197:3000: i/o timeout
22:34:09 E http_client.go:787> Read error &{{0xc00007c100}} 35.169.165.197:3000 0 : read tcp 172.31.26.254:59818->35.169.165.197:3000: i/o timeout
22:34:09 E http_client.go:787> Read error &{{0xc00007c200}} 35.169.165.197:3000 0 : read tcp 172.31.26.254:59820->35.169.165.197:3000: i/o timeout
22:34:26 E http_client.go:787> Read error &{{0xc00007c600}} 35.169.165.197:3000 0 : read tcp 172.31.26.254:59830->35.169.165.197:3000: i/o timeout
22:34:26 E http_client.go:787> Read error &{{0xc00007c700}} 35.169.165.197:3000 0 : read tcp 172.31.26.254:59832->35.169.165.197:3000: i/o timeout
22:34:27 E http_client.go:787> Read error &{{0xc00007c800}} 35.169.165.197:3000 0 : read tcp 172.31.26.254:59834->35.169.165.197:3000: i/o timeout
Aggregated Function Time : count 33511 avg 0.044768391 +/- 0.211 min 0.00146915 max 6.004675152 sum 1500.23356
# target 50% 0.020293
# target 75% 0.0290444
# target 90% 0.0485008
# target 99% 0.59975
# target 99.9% 3.13264
Sockets used: 73 (for perfect keepalive, would be 25)
Jitter: false
Code  -1 : 6 (0.0 %)
Code 200 : 33505 (100.0 %)
All done 33511 calls (plus 25 warmup) 44.768 ms avg, 558.3 qps
Successfully wrote 6535 bytes of Json data to 2022-06-04-223358_asg_raupi_3_70_scaling_3_5.json
fortio exit code: 0
[2022-06-04T22:34:58]==============================[STATS]
jh CPU load avg:
0.06 0.08 0.08 1/164 1304
i-04e18a6b087d6ba4a
Pending
Healthy
{}
i-0fbe30b884e9e73fe
InService
Healthy
{}
[2022-06-04T22:34:58]==============================[SCALING RUN 3: CHUNK 6]==============================
22:34:58 I logger.go:127> Log level is now 4 Error (was 2 Info)
Fortio 1.19.0 running at -1 queries per second, 2->2 procs, for 1m0s: http://asg-1-lb-1353767072.us-east-1.elb.amazonaws.com:3000/?n=200
22:35:23 E http_client.go:787> Read error &{{0xc00017e080}} 35.169.165.197:3000 0 : EOF
22:35:23 E http_client.go:787> Read error &{{0xc00017e280}} 35.169.165.197:3000 0 : EOF
22:35:23 E http_client.go:787> Read error &{{0xc0000ccc00}} 35.169.165.197:3000 0 : EOF
22:35:23 E http_client.go:787> Read error &{{0xc0000ccb00}} 35.169.165.197:3000 0 : EOF
22:35:23 E http_client.go:787> Read error &{{0xc00020ff80}} 35.169.165.197:3000 0 : EOF
22:35:25 E http_client.go:787> Read error &{{0xc00017e180}} 3.225.210.18:3000 0 : read tcp 172.31.26.254:46916->3.225.210.18:3000: i/o timeout
22:35:25 E http_client.go:787> Read error &{{0xc0000ccd00}} 3.225.210.18:3000 0 : read tcp 172.31.26.254:46914->3.225.210.18:3000: i/o timeout
22:35:25 E http_client.go:787> Read error &{{0xc0000cce80}} 3.225.210.18:3000 0 : read tcp 172.31.26.254:46918->3.225.210.18:3000: i/o timeout
22:35:25 E http_client.go:787> Read error &{{0xc00017e480}} 35.169.165.197:3000 0 : read tcp 172.31.26.254:60002->35.169.165.197:3000: i/o timeout
22:35:25 E http_client.go:787> Read error &{{0xc0000ccf80}} 35.169.165.197:3000 0 : read tcp 172.31.26.254:60000->35.169.165.197:3000: i/o timeout
22:35:25 E http_client.go:787> Read error &{{0xc00017e380}} 3.225.210.18:3000 0 : read tcp 172.31.26.254:46922->3.225.210.18:3000: i/o timeout
22:35:25 E http_client.go:787> Read error &{{0xc0000cd080}} 35.169.165.197:3000 0 : read tcp 172.31.26.254:60004->35.169.165.197:3000: i/o timeout
22:35:25 E http_client.go:787> Read error &{{0xc00017e580}} 35.169.165.197:3000 0 : read tcp 172.31.26.254:60008->35.169.165.197:3000: i/o timeout
22:35:25 E http_client.go:787> Read error &{{0xc0000cd200}} 3.225.210.18:3000 0 : read tcp 172.31.26.254:46930->3.225.210.18:3000: i/o timeout
22:35:25 E http_client.go:787> Read error &{{0xc00017e780}} 3.225.210.18:3000 0 : read tcp 172.31.26.254:46938->3.225.210.18:3000: i/o timeout
22:35:25 E http_client.go:787> Read error &{{0xc0000cd380}} 35.169.165.197:3000 0 : read tcp 172.31.26.254:60012->35.169.165.197:3000: i/o timeout
22:35:25 E http_client.go:787> Read error &{{0xc0000cd480}} 3.225.210.18:3000 0 : read tcp 172.31.26.254:46940->3.225.210.18:3000: i/o timeout
22:35:25 E http_client.go:787> Read error &{{0xc00017e680}} 35.169.165.197:3000 0 : read tcp 172.31.26.254:60010->35.169.165.197:3000: i/o timeout
22:35:25 E http_client.go:787> Read error &{{0xc00017e880}} 3.225.210.18:3000 0 : read tcp 172.31.26.254:46942->3.225.210.18:3000: i/o timeout
22:35:25 E http_client.go:787> Read error &{{0xc0000cd580}} 3.225.210.18:3000 0 : read tcp 172.31.26.254:46944->3.225.210.18:3000: i/o timeout
22:35:25 E http_client.go:787> Read error &{{0xc0000cd700}} 35.169.165.197:3000 0 : read tcp 172.31.26.254:60022->35.169.165.197:3000: i/o timeout
22:35:25 E http_client.go:787> Read error &{{0xc0000cd800}} 3.225.210.18:3000 0 : read tcp 172.31.26.254:46948->3.225.210.18:3000: i/o timeout
22:35:25 E http_client.go:787> Read error &{{0xc0000cda80}} 3.225.210.18:3000 0 : read tcp 172.31.26.254:46952->3.225.210.18:3000: i/o timeout
22:35:25 E http_client.go:787> Read error &{{0xc00017e980}} 3.225.210.18:3000 0 : read tcp 172.31.26.254:46954->3.225.210.18:3000: i/o timeout
22:35:25 E http_client.go:787> Read error &{{0xc0000cd980}} 3.225.210.18:3000 0 : read tcp 172.31.26.254:46950->3.225.210.18:3000: i/o timeout
Aggregated Function Time : count 40759 avg 0.037124717 +/- 0.2128 min 0.00139461 max 6.003572933 sum 1513.16636
# target 50% 0.0161754
# target 75% 0.0238225
# target 90% 0.0314665
# target 99% 0.619424
# target 99.9% 4.0282
Sockets used: 117 (for perfect keepalive, would be 25)
Jitter: false
Code  -1 : 25 (0.1 %)
Code 200 : 40734 (99.9 %)
All done 40759 calls (plus 25 warmup) 37.125 ms avg, 668.0 qps
Successfully wrote 6419 bytes of Json data to 2022-06-04-223458_asg_raupi_3_70_scaling_3_6.json
fortio exit code: 0
[2022-06-04T22:35:59]==============================[STATS]
jh CPU load avg:
0.02 0.06 0.08 1/163 1371
i-04e18a6b087d6ba4a
InService
Healthy
{}
i-0fbe30b884e9e73fe
InService
Healthy
{}
[2022-06-04T22:36:00]==============================[SCALING RUN 3: CHUNK 7]==============================
22:36:00 I logger.go:127> Log level is now 4 Error (was 2 Info)
Fortio 1.19.0 running at -1 queries per second, 2->2 procs, for 1m0s: http://asg-1-lb-1353767072.us-east-1.elb.amazonaws.com:3000/?n=200
Aggregated Function Time : count 99197 avg 0.015138542 +/- 0.05754 min 0.001288676 max 1.803230874 sum 1501.69795
# target 50% 0.0081809
# target 75% 0.0139178
# target 90% 0.0188966
# target 99% 0.131831
# target 99.9% 0.962233
Sockets used: 25 (for perfect keepalive, would be 25)
Jitter: false
Code 200 : 99197 (100.0 %)
All done 99197 calls (plus 25 warmup) 15.139 ms avg, 1649.6 qps
Successfully wrote 5591 bytes of Json data to 2022-06-04-223600_asg_raupi_3_70_scaling_3_7.json
fortio exit code: 0
[2022-06-04T22:37:00]==============================[STATS]
jh CPU load avg:
0.05 0.06 0.08 1/163 1389
i-04e18a6b087d6ba4a
InService
Healthy
{}
i-0fbe30b884e9e73fe
InService
Healthy
{}
[2022-06-04T22:37:01]==============================[SCALING RUN 3: CHUNK 8]==============================
22:37:01 I logger.go:127> Log level is now 4 Error (was 2 Info)
Fortio 1.19.0 running at -1 queries per second, 2->2 procs, for 1m0s: http://asg-1-lb-1353767072.us-east-1.elb.amazonaws.com:3000/?n=200
Aggregated Function Time : count 101821 avg 0.014816768 +/- 0.06977 min 0.00134107 max 2.610356775 sum 1508.65815
# target 50% 0.00841982
# target 75% 0.0142524
# target 90% 0.0188616
# target 99% 0.0764177
# target 99.9% 1.20943
Sockets used: 25 (for perfect keepalive, would be 25)
Jitter: false
Code 200 : 101821 (100.0 %)
All done 101821 calls (plus 25 warmup) 14.817 ms avg, 1678.0 qps
Successfully wrote 5710 bytes of Json data to 2022-06-04-223701_asg_raupi_3_70_scaling_3_8.json
fortio exit code: 0
[2022-06-04T22:38:02]==============================[STATS]
jh CPU load avg:
0.02 0.05 0.07 1/163 1406
i-04e18a6b087d6ba4a
InService
Healthy
{}
i-0fbe30b884e9e73fe
InService
Healthy
{}
[2022-06-04T22:38:03]==============================[SCALING RUN 3: CHUNK 9]==============================
22:38:03 I logger.go:127> Log level is now 4 Error (was 2 Info)
Fortio 1.19.0 running at -1 queries per second, 2->2 procs, for 1m0s: http://asg-1-lb-1353767072.us-east-1.elb.amazonaws.com:3000/?n=200
Aggregated Function Time : count 100410 avg 0.015005574 +/- 0.06889 min 0.001370441 max 3.421994629 sum 1506.70967
# target 50% 0.00847027
# target 75% 0.0143183
# target 90% 0.0188713
# target 99% 0.0669785
# target 99.9% 1.19672
Sockets used: 31 (for perfect keepalive, would be 25)
Jitter: false
Code 200 : 100410 (100.0 %)
All done 100410 calls (plus 25 warmup) 15.006 ms avg, 1637.7 qps
Successfully wrote 5592 bytes of Json data to 2022-06-04-223803_asg_raupi_3_70_scaling_3_9.json
fortio exit code: 0
[2022-06-04T22:39:04]==============================[STATS]
jh CPU load avg:
0.22 0.10 0.09 1/163 1424
i-04e18a6b087d6ba4a
InService
Healthy
{}
i-0fbe30b884e9e73fe
InService
Healthy
{}
[2022-06-04T22:39:05]==============================[SCALING RUN 3: CHUNK 10]==============================
22:39:05 I logger.go:127> Log level is now 4 Error (was 2 Info)
Fortio 1.19.0 running at -1 queries per second, 2->2 procs, for 1m0s: http://asg-1-lb-1353767072.us-east-1.elb.amazonaws.com:3000/?n=200
Aggregated Function Time : count 100709 avg 0.014919155 +/- 0.05996 min 0.001306225 max 1.593367508 sum 1502.49314
# target 50% 0.00823953
# target 75% 0.0140601
# target 90% 0.0190096
# target 99% 0.0738672
# target 99.9% 1.05015
Sockets used: 25 (for perfect keepalive, would be 25)
Jitter: false
Code 200 : 100709 (100.0 %)
All done 100709 calls (plus 25 warmup) 14.919 ms avg, 1673.1 qps
Successfully wrote 5366 bytes of Json data to 2022-06-04-223905_asg_raupi_3_70_scaling_3_10.json
fortio exit code: 0
[2022-06-04T22:40:05]==============================[STATS]
jh CPU load avg:
0.18 0.11 0.09 1/164 1447
i-04e18a6b087d6ba4a
InService
Healthy
{}
i-0fbe30b884e9e73fe
InService
Healthy
{}
[2022-06-04T22:40:06]==============================[SCALING RUN 3: CHUNK 11]==============================
22:40:06 I logger.go:127> Log level is now 4 Error (was 2 Info)
Fortio 1.19.0 running at -1 queries per second, 2->2 procs, for 1m0s: http://asg-1-lb-1353767072.us-east-1.elb.amazonaws.com:3000/?n=200
Aggregated Function Time : count 105888 avg 0.014166454 +/- 0.06084 min 0.001299843 max 2.613266426 sum 1500.05753
# target 50% 0.00840971
# target 75% 0.0144387
# target 90% 0.0192576
# target 99% 0.0585313
# target 99.9% 0.846249
Sockets used: 25 (for perfect keepalive, would be 25)
Jitter: false
Code 200 : 105888 (100.0 %)
All done 105888 calls (plus 25 warmup) 14.166 ms avg, 1764.5 qps
Successfully wrote 5600 bytes of Json data to 2022-06-04-224006_asg_raupi_3_70_scaling_3_11.json
fortio exit code: 0
[2022-06-04T22:41:06]==============================[STATS]
jh CPU load avg:
0.06 0.09 0.08 1/164 1464
i-020dda142760951a1
Pending
Healthy
{}
i-04e18a6b087d6ba4a
InService
Healthy
{}
i-0fbe30b884e9e73fe
InService
Healthy
{}
[2022-06-04T22:41:07]==============================[SCALING RUN 3: CHUNK 12]==============================
22:41:07 I logger.go:127> Log level is now 4 Error (was 2 Info)
Fortio 1.19.0 running at -1 queries per second, 2->2 procs, for 1m0s: http://asg-1-lb-1353767072.us-east-1.elb.amazonaws.com:3000/?n=200
Aggregated Function Time : count 105460 avg 0.014223976 +/- 0.05491 min 0.001280791 max 2.081521326 sum 1500.06046
# target 50% 0.00828851
# target 75% 0.014057
# target 90% 0.0188154
# target 99% 0.0904375
# target 99.9% 0.9218
Sockets used: 25 (for perfect keepalive, would be 25)
Jitter: false
Code 200 : 105460 (100.0 %)
All done 105460 calls (plus 25 warmup) 14.224 ms avg, 1757.2 qps
Successfully wrote 5323 bytes of Json data to 2022-06-04-224107_asg_raupi_3_70_scaling_3_12.json
fortio exit code: 0
[2022-06-04T22:42:07]==============================[STATS]
jh CPU load avg:
0.10 0.08 0.08 1/164 1481
i-020dda142760951a1
InService
Healthy
{}
i-04e18a6b087d6ba4a
InService
Healthy
{}
i-0fbe30b884e9e73fe
InService
Healthy
{}
[2022-06-04T22:42:07]==============================[SCALING RUN 3: CHUNK 13]==============================
22:42:07 I logger.go:127> Log level is now 4 Error (was 2 Info)
Fortio 1.19.0 running at -1 queries per second, 2->2 procs, for 1m0s: http://asg-1-lb-1353767072.us-east-1.elb.amazonaws.com:3000/?n=200
Aggregated Function Time : count 171610 avg 0.0087411046 +/- 0.02526 min 0.001137855 max 1.292793589 sum 1500.06095
# target 50% 0.00663237
# target 75% 0.00937965
# target 90% 0.015698
# target 99% 0.0384024
# target 99.9% 0.40278
Sockets used: 25 (for perfect keepalive, would be 25)
Jitter: false
Code 200 : 171610 (100.0 %)
All done 171610 calls (plus 25 warmup) 8.741 ms avg, 2859.5 qps
Successfully wrote 5217 bytes of Json data to 2022-06-04-224208_asg_raupi_3_70_scaling_3_13.json
fortio exit code: 0
[2022-06-04T22:43:08]==============================[STATS]
jh CPU load avg:
0.13 0.10 0.09 1/164 1497
i-020dda142760951a1
InService
Healthy
{}
i-04e18a6b087d6ba4a
InService
Healthy
{}
i-0fbe30b884e9e73fe
InService
Healthy
{}
[2022-06-04T22:43:08]==============================[SCALING RUN 3: CHUNK 14]==============================
22:43:08 I logger.go:127> Log level is now 4 Error (was 2 Info)
Fortio 1.19.0 running at -1 queries per second, 2->2 procs, for 1m0s: http://asg-1-lb-1353767072.us-east-1.elb.amazonaws.com:3000/?n=200
Aggregated Function Time : count 161038 avg 0.0093146858 +/- 0.03251 min 0.001131372 max 1.5084934049999998 sum 1500.01837
# target 50% 0.00669754
# target 75% 0.00948066
# target 90% 0.0161795
# target 99% 0.0482875
# target 99.9% 0.52274
Sockets used: 25 (for perfect keepalive, would be 25)
Jitter: false
Code 200 : 161038 (100.0 %)
All done 161038 calls (plus 25 warmup) 9.315 ms avg, 2683.6 qps
Successfully wrote 5130 bytes of Json data to 2022-06-04-224308_asg_raupi_3_70_scaling_3_14.json
fortio exit code: 0
[2022-06-04T22:44:08]==============================[STATS]
jh CPU load avg:
0.13 0.11 0.09 1/164 1515
i-020dda142760951a1
InService
Healthy
{}
i-04e18a6b087d6ba4a
InService
Healthy
{}
i-0fbe30b884e9e73fe
InService
Healthy
{}
[2022-06-04T22:48:09]==============================[GET DATA]==============================
2022-06-04T20:55:44..2022-06-04T22:48:09
asg-1-myASG
asg-1-lb
36K alb_data.json
24K asg_data.json
[2022-06-04T22:48:10]==============================[UPLOAD /2022.06.04_20-54_asg_raupi_3_70_7945]==============================
Warning: Permanently added '35.185.210.97' (ECDSA) to the list of known hosts.
