+ git log -3
commit 7945b8227d8ba038fc3077642d3fb2aee6517aa0
Author: Your Name <you@example.com>
Date:   Wed Jun 1 18:50:58 2022 +1200

    consistent naming

commit 803b63352b968694a3ce9314c8a255f7e35dadd6
Author: Your Name <you@example.com>
Date:   Wed Jun 1 01:34:58 2022 +1200

    add CPU decimals

commit 82c9094cf7ee967b6b89cc1bbab7b484cca1a4e9
Author: Your Name <you@example.com>
Date:   Tue May 31 09:41:10 2022 +1200

    more tests, backup old csv
++ cut -d _ -f 2
+ app=riwai
+ export AWS_DEFAULT_REGION=us-east-1
+ AWS_DEFAULT_REGION=us-east-1
+ line===============================
++ date +%FT%T
+ echo '[2022-06-03T01:15:55]==============================[starting' in '/tmp/k8s-vs-ASG/data/cli]=============================='
[2022-06-03T01:15:55]==============================[starting in /tmp/k8s-vs-ASG/data/cli]==============================
+ source 0.setup.sh
++ set -x
++ '[' asg_riwai_3 == k8s_apache_3 ']'
++ '[' asg_riwai_3 == asg_apache_3 ']'
++ '[' asg_riwai_3 == k8s_apache2_3 ']'
++ '[' asg_riwai_3 == k8s_apache2_3new ']'
++ '[' asg_riwai_3 == k8s_taewa_3 ']'
++ '[' asg_riwai_3 == k8s_taewa2_3 ']'
++ '[' asg_riwai_3 == asg_taewa_3 ']'
++ '[' asg_riwai_3 == k8s_taewa_3lite ']'
++ '[' asg_riwai_3 == asg_taewa_3lite ']'
++ '[' asg_riwai_3 == k8s_taewa_3extra ']'
++ '[' asg_riwai_3 == asg_taewa_3extra ']'
++ '[' asg_riwai_3 == k8s_taewa_6 ']'
++ '[' asg_riwai_3 == asg_taewa_6 ']'
++ '[' asg_riwai_3 == k8s_riwai_3 ']'
++ '[' asg_riwai_3 == asg_riwai_3 ']'
++ warmup_url='3000/?n=20000'
++ testing_url='3000/?n=20000'
++ cpu_perc=35
++ warmup_min_threads=15
++ warmup_max_threads=25
++ warmup_cycle_sec=90
++ scaling_minutes=14
++ performance_sec=300
++ max_capacity=3
++ fortio_options='-a -qps -1 -r 0.01 -loglevel Error -allow-initial-errors'
++ '[' asg_riwai_3 == asg_raupi_3 ']'
++ '[' asg_riwai_3 == asg_raupi_3_70 ']'
++ '[' asg_riwai_3 == k8s_raupi_3 ']'
++ '[' asg_riwai_3 == k8s_raupi2_3 ']'
++ set +x
{
    "Account": "076392918214", 
    "UserId": "AIDARDSK7NTDMRPVWQFJO", 
    "Arn": "arn:aws:iam::076392918214:user/ad1"
}
[2022-06-03T01:16:00] waiting for instances ...
scaling to 3
{
    "HealthCheck": {
        "HealthyThreshold": 2, 
        "Interval": 10, 
        "Target": "HTTP:3000/?n=20000", 
        "Timeout": 5, 
        "UnhealthyThreshold": 6
    }
}
  % Total    % Received % Xferd  Average Speed   Time    Time     Time  Current
                                 Dload  Upload   Total   Spent    Left  Speed
  0     0    0     0    0     0      0      0 --:--:-- --:--:-- --:--:--     0100    44  100    44    0     0   6416      0 --:--:-- --:--:-- --:--:--  7333
The result of xrss run is :  4978.0573795854
[2022-06-03T01:21:05]==============================[STATS]
jh CPU load avg:
0.01 0.21 0.14 1/157 2878
i-04fc241bda31b2b8f
InService
Healthy
{}
i-05f9e7b3defe3bf33
InService
Healthy
{}
i-0bdbb1ac925864efb
InService
Healthy
{}
[2022-06-03T01:21:05]==============================[WARMUP RUN c15]==============================
01:21:05 I logger.go:127> Log level is now 4 Error (was 2 Info)
Fortio 1.19.0 running at -1 queries per second, 2->2 procs, for 1m30s: http://asg-1-lb-39485248.us-east-1.elb.amazonaws.com:3000/?n=20000
Aggregated Function Time : count 282360 avg 0.0047808177 +/- 0.001973 min 0.001210742 max 0.217066787 sum 1349.91168
# target 50% 0.00565759
# target 75% 0.00788104
# target 90% 0.0092151
# target 99% 0.0115257
# target 99.9% 0.0193835
Sockets used: 15 (for perfect keepalive, would be 15)
Jitter: false
Code 200 : 282360 (100.0 %)
All done 282360 calls (plus 15 warmup) 4.781 ms avg, 3137.2 qps
Successfully wrote 2440 bytes of Json data to 2022-06-03-012106_asg_riwai_3_warmup_15.json
fortio exit code: 0
[2022-06-03T01:22:36]==============================[STATS]
jh CPU load avg:
0.13 0.19 0.14 1/157 2895
i-04fc241bda31b2b8f
InService
Healthy
{}
i-05f9e7b3defe3bf33
InService
Healthy
{}
i-0bdbb1ac925864efb
InService
Healthy
{}
[2022-06-03T01:23:36]==============================[STATS]
jh CPU load avg:
0.04 0.15 0.13 1/157 2904
i-04fc241bda31b2b8f
InService
Healthy
{}
i-05f9e7b3defe3bf33
InService
Healthy
{}
i-0bdbb1ac925864efb
InService
Healthy
{}
[2022-06-03T01:23:37]==============================[WARMUP RUN c16]==============================
01:23:37 I logger.go:127> Log level is now 4 Error (was 2 Info)
Fortio 1.19.0 running at -1 queries per second, 2->2 procs, for 1m30s: http://asg-1-lb-39485248.us-east-1.elb.amazonaws.com:3000/?n=20000
Aggregated Function Time : count 435564 avg 0.0033058133 +/- 0.001695 min 0.001100526 max 0.042083226 sum 1439.89328
# target 50% 0.00557089
# target 75% 0.00780609
# target 90% 0.0091472
# target 99% 0.00995187
# target 99.9% 0.0181587
Sockets used: 16 (for perfect keepalive, would be 16)
Jitter: false
Code 200 : 435564 (100.0 %)
All done 435564 calls (plus 16 warmup) 3.306 ms avg, 4839.4 qps
Successfully wrote 2326 bytes of Json data to 2022-06-03-012337_asg_riwai_3_warmup_16.json
fortio exit code: 0
[2022-06-03T01:25:07]==============================[STATS]
jh CPU load avg:
0.19 0.18 0.14 1/157 2923
i-04fc241bda31b2b8f
InService
Healthy
{}
i-05f9e7b3defe3bf33
InService
Healthy
{}
i-0bdbb1ac925864efb
InService
Healthy
{}
[2022-06-03T01:26:08]==============================[STATS]
jh CPU load avg:
0.07 0.14 0.13 1/157 2933
i-04fc241bda31b2b8f
InService
Healthy
{}
i-05f9e7b3defe3bf33
InService
Healthy
{}
i-0bdbb1ac925864efb
InService
Healthy
{}
[2022-06-03T01:26:08]==============================[WARMUP RUN c17]==============================
01:26:08 I logger.go:127> Log level is now 4 Error (was 2 Info)
Fortio 1.19.0 running at -1 queries per second, 2->2 procs, for 1m30s: http://asg-1-lb-39485248.us-east-1.elb.amazonaws.com:3000/?n=20000
Aggregated Function Time : count 438664 avg 0.0034876033 +/- 0.001944 min 0.001110072 max 0.036875897 sum 1529.88602
# target 50% 0.00558068
# target 75% 0.00781599
# target 90% 0.00915718
# target 99% 0.00996189
# target 99.9% 0.0186381
Sockets used: 17 (for perfect keepalive, would be 17)
Jitter: false
Code 200 : 438664 (100.0 %)
All done 438664 calls (plus 17 warmup) 3.488 ms avg, 4873.7 qps
Successfully wrote 2205 bytes of Json data to 2022-06-03-012609_asg_riwai_3_warmup_17.json
fortio exit code: 0
[2022-06-03T01:27:39]==============================[STATS]
jh CPU load avg:
0.08 0.13 0.12 1/157 2950
i-04fc241bda31b2b8f
InService
Healthy
{}
i-05f9e7b3defe3bf33
InService
Healthy
{}
i-0bdbb1ac925864efb
InService
Healthy
{}
[2022-06-03T01:28:39]==============================[STATS]
jh CPU load avg:
0.03 0.11 0.11 1/157 2959
i-04fc241bda31b2b8f
InService
Healthy
{}
i-05f9e7b3defe3bf33
InService
Healthy
{}
i-0bdbb1ac925864efb
InService
Healthy
{}
[2022-06-03T01:28:40]==============================[WARMUP RUN c18]==============================
01:28:40 I logger.go:127> Log level is now 4 Error (was 2 Info)
Fortio 1.19.0 running at -1 queries per second, 2->2 procs, for 1m30s: http://asg-1-lb-39485248.us-east-1.elb.amazonaws.com:3000/?n=20000
Aggregated Function Time : count 431315 avg 0.0037557026 +/- 0.002136 min 0.001152448 max 0.206987748 sum 1619.89089
# target 50% 0.00561296
# target 75% 0.00784322
# target 90% 0.00918138
# target 99% 0.00998428
# target 99.9% 0.0196706
Sockets used: 18 (for perfect keepalive, would be 18)
Jitter: false
Code 200 : 431315 (100.0 %)
All done 431315 calls (plus 18 warmup) 3.756 ms avg, 4792.2 qps
Successfully wrote 2680 bytes of Json data to 2022-06-03-012840_asg_riwai_3_warmup_18.json
fortio exit code: 0
[2022-06-03T01:30:10]==============================[STATS]
jh CPU load avg:
0.09 0.12 0.11 1/159 2987
i-04fc241bda31b2b8f
InService
Healthy
{}
i-05f9e7b3defe3bf33
InService
Healthy
{}
i-0bdbb1ac925864efb
InService
Healthy
{}
[2022-06-03T01:31:11]==============================[STATS]
jh CPU load avg:
0.03 0.09 0.10 1/159 2997
i-04fc241bda31b2b8f
InService
Healthy
{}
i-05f9e7b3defe3bf33
InService
Healthy
{}
i-0bdbb1ac925864efb
InService
Healthy
{}
[2022-06-03T01:31:12]==============================[WARMUP RUN c19]==============================
01:31:12 I logger.go:127> Log level is now 4 Error (was 2 Info)
Fortio 1.19.0 running at -1 queries per second, 2->2 procs, for 1m30s: http://asg-1-lb-39485248.us-east-1.elb.amazonaws.com:3000/?n=20000
Aggregated Function Time : count 439176 avg 0.0038934201 +/- 0.002173 min 0.001156549 max 0.033770046 sum 1709.89666
# target 50% 0.00566369
# target 75% 0.00791727
# target 90% 0.00926942
# target 99% 0.0147907
# target 99.9% 0.0196063
Sockets used: 19 (for perfect keepalive, would be 19)
Jitter: false
Code 200 : 439176 (100.0 %)
All done 439176 calls (plus 19 warmup) 3.893 ms avg, 4879.4 qps
Successfully wrote 2211 bytes of Json data to 2022-06-03-013112_asg_riwai_3_warmup_19.json
fortio exit code: 0
[2022-06-03T01:32:42]==============================[STATS]
jh CPU load avg:
0.19 0.14 0.11 1/159 3014
i-04fc241bda31b2b8f
InService
Healthy
{}
i-05f9e7b3defe3bf33
InService
Healthy
{}
i-0bdbb1ac925864efb
InService
Healthy
{}
[2022-06-03T01:33:43]==============================[STATS]
jh CPU load avg:
0.07 0.11 0.10 1/159 3023
i-04fc241bda31b2b8f
InService
Healthy
{}
i-05f9e7b3defe3bf33
InService
Healthy
{}
i-0bdbb1ac925864efb
InService
Healthy
{}
[2022-06-03T01:33:43]==============================[WARMUP RUN c20]==============================
01:33:43 I logger.go:127> Log level is now 4 Error (was 2 Info)
Fortio 1.19.0 running at -1 queries per second, 2->2 procs, for 1m30s: http://asg-1-lb-39485248.us-east-1.elb.amazonaws.com:3000/?n=20000
Aggregated Function Time : count 433198 avg 0.0041549241 +/- 0.002192 min 0.001125554 max 0.209524893 sum 1799.90479
# target 50% 0.00566198
# target 75% 0.0079302
# target 90% 0.00929113
# target 99% 0.0155225
# target 99.9% 0.0197098
Sockets used: 20 (for perfect keepalive, would be 20)
Jitter: false
Code 200 : 433198 (100.0 %)
All done 433198 calls (plus 20 warmup) 4.155 ms avg, 4812.9 qps
Successfully wrote 2322 bytes of Json data to 2022-06-03-013344_asg_riwai_3_warmup_20.json
fortio exit code: 0
[2022-06-03T01:35:14]==============================[STATS]
jh CPU load avg:
0.34 0.19 0.13 1/157 3042
i-04fc241bda31b2b8f
InService
Healthy
{}
i-05f9e7b3defe3bf33
InService
Healthy
{}
i-0bdbb1ac925864efb
InService
Healthy
{}
[2022-06-03T01:36:14]==============================[STATS]
jh CPU load avg:
0.12 0.15 0.12 1/156 3051
i-04fc241bda31b2b8f
InService
Healthy
{}
i-05f9e7b3defe3bf33
InService
Healthy
{}
i-0bdbb1ac925864efb
InService
Healthy
{}
[2022-06-03T01:36:15]==============================[WARMUP RUN c21]==============================
01:36:15 I logger.go:127> Log level is now 4 Error (was 2 Info)
Fortio 1.19.0 running at -1 queries per second, 2->2 procs, for 1m30s: http://asg-1-lb-39485248.us-east-1.elb.amazonaws.com:3000/?n=20000
Aggregated Function Time : count 435960 avg 0.0043350503 +/- 0.002143 min 0.001095397 max 0.20915934 sum 1889.90852
# target 50% 0.00565096
# target 75% 0.00792875
# target 90% 0.00929543
# target 99% 0.0156575
# target 99.9% 0.0196764
Sockets used: 21 (for perfect keepalive, would be 21)
Jitter: false
Code 200 : 435960 (100.0 %)
All done 435960 calls (plus 21 warmup) 4.335 ms avg, 4843.7 qps
Successfully wrote 2440 bytes of Json data to 2022-06-03-013615_asg_riwai_3_warmup_21.json
fortio exit code: 0
[2022-06-03T01:37:45]==============================[STATS]
jh CPU load avg:
0.21 0.18 0.13 1/157 3069
i-04fc241bda31b2b8f
InService
Healthy
{}
i-05f9e7b3defe3bf33
InService
Healthy
{}
i-0bdbb1ac925864efb
InService
Healthy
{}
[2022-06-03T01:38:46]==============================[STATS]
jh CPU load avg:
0.08 0.15 0.12 1/157 3078
i-04fc241bda31b2b8f
InService
Healthy
{}
i-05f9e7b3defe3bf33
InService
Healthy
{}
i-0bdbb1ac925864efb
InService
Healthy
{}
[2022-06-03T01:38:47]==============================[WARMUP RUN c22]==============================
01:38:47 I logger.go:127> Log level is now 4 Error (was 2 Info)
Fortio 1.19.0 running at -1 queries per second, 2->2 procs, for 1m30s: http://asg-1-lb-39485248.us-east-1.elb.amazonaws.com:3000/?n=20000
Aggregated Function Time : count 432351 avg 0.0045793025 +/- 0.002422 min 0.001190409 max 0.046019605 sum 1979.86603
# target 50% 0.00593139
# target 75% 0.00830189
# target 90% 0.00972419
# target 99% 0.0187091
# target 99.9% 0.0199959
Sockets used: 22 (for perfect keepalive, would be 22)
Jitter: false
Code 200 : 432351 (100.0 %)
All done 432351 calls (plus 22 warmup) 4.579 ms avg, 4803.7 qps
Successfully wrote 2323 bytes of Json data to 2022-06-03-013847_asg_riwai_3_warmup_22.json
fortio exit code: 0
[2022-06-03T01:40:17]==============================[STATS]
jh CPU load avg:
0.06 0.13 0.11 1/158 3103
i-04fc241bda31b2b8f
InService
Healthy
{}
i-05f9e7b3defe3bf33
InService
Healthy
{}
i-0bdbb1ac925864efb
InService
Healthy
{}
[2022-06-03T01:41:18]==============================[STATS]
jh CPU load avg:
0.02 0.10 0.10 1/158 3162
i-04fc241bda31b2b8f
InService
Healthy
{}
i-05f9e7b3defe3bf33
InService
Healthy
{}
i-0bdbb1ac925864efb
InService
Healthy
{}
[2022-06-03T01:41:19]==============================[WARMUP RUN c23]==============================
01:41:19 I logger.go:127> Log level is now 4 Error (was 2 Info)
Fortio 1.19.0 running at -1 queries per second, 2->2 procs, for 1m30s: http://asg-1-lb-39485248.us-east-1.elb.amazonaws.com:3000/?n=20000
Aggregated Function Time : count 431589 avg 0.0047959965 +/- 0.002651 min 0.001258606 max 0.209266418 sum 2069.89932
# target 50% 0.00596519
# target 75% 0.00831849
# target 90% 0.00973047
# target 99% 0.0187116
# target 99.9% 0.0199893
Sockets used: 23 (for perfect keepalive, would be 23)
Jitter: false
Code 200 : 431589 (100.0 %)
All done 431589 calls (plus 23 warmup) 4.796 ms avg, 4795.0 qps
Successfully wrote 2560 bytes of Json data to 2022-06-03-014119_asg_riwai_3_warmup_23.json
fortio exit code: 0
[2022-06-03T01:42:49]==============================[STATS]
jh CPU load avg:
0.22 0.15 0.11 1/158 3179
i-04fc241bda31b2b8f
InService
Healthy
{}
i-05f9e7b3defe3bf33
InService
Healthy
{}
i-0bdbb1ac925864efb
InService
Healthy
{}
[2022-06-03T01:43:49]==============================[STATS]
jh CPU load avg:
0.08 0.12 0.10 1/158 3188
i-04fc241bda31b2b8f
InService
Healthy
{}
i-05f9e7b3defe3bf33
InService
Healthy
{}
i-0bdbb1ac925864efb
InService
Healthy
{}
[2022-06-03T01:43:50]==============================[WARMUP RUN c24]==============================
01:43:50 I logger.go:127> Log level is now 4 Error (was 2 Info)
Fortio 1.19.0 running at -1 queries per second, 2->2 procs, for 1m30s: http://asg-1-lb-39485248.us-east-1.elb.amazonaws.com:3000/?n=20000
Aggregated Function Time : count 432703 avg 0.0049916306 +/- 0.002578 min 0.001158289 max 0.057954265 sum 2159.89354
# target 50% 0.0059164
# target 75% 0.00829547
# target 90% 0.00972291
# target 99% 0.018695
# target 99.9% 0.0199803
Sockets used: 24 (for perfect keepalive, would be 24)
Jitter: false
Code 200 : 432703 (100.0 %)
All done 432703 calls (plus 24 warmup) 4.992 ms avg, 4807.5 qps
Successfully wrote 2440 bytes of Json data to 2022-06-03-014350_asg_riwai_3_warmup_24.json
fortio exit code: 0
[2022-06-03T01:45:20]==============================[STATS]
jh CPU load avg:
0.13 0.14 0.10 1/156 3207
i-04fc241bda31b2b8f
InService
Healthy
{}
i-05f9e7b3defe3bf33
InService
Healthy
{}
i-0bdbb1ac925864efb
InService
Healthy
{}
[2022-06-03T01:46:21]==============================[STATS]
jh CPU load avg:
0.05 0.11 0.09 1/157 3217
i-04fc241bda31b2b8f
InService
Healthy
{}
i-05f9e7b3defe3bf33
InService
Healthy
{}
i-0bdbb1ac925864efb
InService
Healthy
{}
[2022-06-03T01:46:22]==============================[WARMUP RUN c25]==============================
01:46:22 I logger.go:127> Log level is now 4 Error (was 2 Info)
Fortio 1.19.0 running at -1 queries per second, 2->2 procs, for 1m30s: http://asg-1-lb-39485248.us-east-1.elb.amazonaws.com:3000/?n=20000
Aggregated Function Time : count 430906 avg 0.0052213332 +/- 0.002784 min 0.00117607 max 0.225301952 sum 2249.90381
# target 50% 0.00591062
# target 75% 0.0082779
# target 90% 0.00969827
# target 99% 0.0186302
# target 99.9% 0.0199663
Sockets used: 25 (for perfect keepalive, would be 25)
Jitter: false
Code 200 : 430906 (100.0 %)
All done 430906 calls (plus 25 warmup) 5.221 ms avg, 4787.5 qps
Successfully wrote 2318 bytes of Json data to 2022-06-03-014622_asg_riwai_3_warmup_25.json
fortio exit code: 0
[2022-06-03T01:47:52]==============================[STATS]
jh CPU load avg:
0.20 0.15 0.10 1/157 3234
i-04fc241bda31b2b8f
InService
Healthy
{}
i-05f9e7b3defe3bf33
InService
Healthy
{}
i-0bdbb1ac925864efb
InService
Healthy
{}
{
    "LoadBalancerDescriptions": [
        {
            "Subnets": [
                "subnet-0043d32058c8ed5d7", 
                "subnet-0526ea0f32f2e6bd2"
            ], 
            "CanonicalHostedZoneNameID": "Z35SXDOTRQ7X7K", 
            "CanonicalHostedZoneName": "asg-1-lb-39485248.us-east-1.elb.amazonaws.com", 
            "ListenerDescriptions": [
                {
                    "Listener": {
                        "InstancePort": 3000, 
                        "LoadBalancerPort": 3000, 
                        "Protocol": "TCP", 
                        "InstanceProtocol": "TCP"
                    }, 
                    "PolicyNames": []
                }, 
                {
                    "Listener": {
                        "InstancePort": 80, 
                        "LoadBalancerPort": 80, 
                        "Protocol": "TCP", 
                        "InstanceProtocol": "TCP"
                    }, 
                    "PolicyNames": []
                }
            ], 
            "HealthCheck": {
                "HealthyThreshold": 2, 
                "Interval": 10, 
                "Target": "HTTP:3000/?n=20000", 
                "Timeout": 5, 
                "UnhealthyThreshold": 6
            }, 
            "VPCId": "vpc-053fef89022893dd0", 
            "BackendServerDescriptions": [], 
            "Instances": [
                {
                    "InstanceId": "i-04fc241bda31b2b8f"
                }, 
                {
                    "InstanceId": "i-0bdbb1ac925864efb"
                }, 
                {
                    "InstanceId": "i-05f9e7b3defe3bf33"
                }
            ], 
            "DNSName": "asg-1-lb-39485248.us-east-1.elb.amazonaws.com", 
            "SecurityGroups": [
                "sg-0db661f12fedcf091"
            ], 
            "Policies": {
                "LBCookieStickinessPolicies": [], 
                "AppCookieStickinessPolicies": [], 
                "OtherPolicies": []
            }, 
            "LoadBalancerName": "asg-1-lb", 
            "CreatedTime": "2022-06-03T01:11:56.340Z", 
            "AvailabilityZones": [
                "us-east-1b", 
                "us-east-1a"
            ], 
            "Scheme": "internet-facing", 
            "SourceSecurityGroup": {
                "OwnerAlias": "076392918214", 
                "GroupName": "asg-1-ALBSecurityGroup-13LVQHH8TU3IH"
            }
        }
    ]
}
{
    "AutoScalingGroups": [
        {
            "AutoScalingGroupARN": "arn:aws:autoscaling:us-east-1:076392918214:autoScalingGroup:15ea8bf7-cd5c-47aa-a606-2917423e7ae9:autoScalingGroupName/asg-1-myASG", 
            "ServiceLinkedRoleARN": "arn:aws:iam::076392918214:role/aws-service-role/autoscaling.amazonaws.com/AWSServiceRoleForAutoScaling", 
            "TargetGroupARNs": [], 
            "SuspendedProcesses": [], 
            "LaunchTemplate": {
                "LaunchTemplateName": "asg-1-launch-template", 
                "Version": "1", 
                "LaunchTemplateId": "lt-048535cd20f955e31"
            }, 
            "Tags": [
                {
                    "ResourceType": "auto-scaling-group", 
                    "ResourceId": "asg-1-myASG", 
                    "PropagateAtLaunch": true, 
                    "Value": "asg-1-instance", 
                    "Key": "Name"
                }, 
                {
                    "ResourceType": "auto-scaling-group", 
                    "ResourceId": "asg-1-myASG", 
                    "PropagateAtLaunch": false, 
                    "Value": "WebServerGroup", 
                    "Key": "Purpose"
                }, 
                {
                    "ResourceType": "auto-scaling-group", 
                    "ResourceId": "asg-1-myASG", 
                    "PropagateAtLaunch": true, 
                    "Value": "myASG", 
                    "Key": "aws:cloudformation:logical-id"
                }, 
                {
                    "ResourceType": "auto-scaling-group", 
                    "ResourceId": "asg-1-myASG", 
                    "PropagateAtLaunch": true, 
                    "Value": "arn:aws:cloudformation:us-east-1:076392918214:stack/asg-1/1f7e46c0-e2da-11ec-ac17-0e652d5874bb", 
                    "Key": "aws:cloudformation:stack-id"
                }, 
                {
                    "ResourceType": "auto-scaling-group", 
                    "ResourceId": "asg-1-myASG", 
                    "PropagateAtLaunch": true, 
                    "Value": "asg-1", 
                    "Key": "aws:cloudformation:stack-name"
                }
            ], 
            "EnabledMetrics": [
                {
                    "Metric": "GroupMinSize", 
                    "Granularity": "1Minute"
                }, 
                {
                    "Metric": "WarmPoolWarmedCapacity", 
                    "Granularity": "1Minute"
                }, 
                {
                    "Metric": "GroupTotalCapacity", 
                    "Granularity": "1Minute"
                }, 
                {
                    "Metric": "GroupAndWarmPoolTotalCapacity", 
                    "Granularity": "1Minute"
                }, 
                {
                    "Metric": "GroupInServiceInstances", 
                    "Granularity": "1Minute"
                }, 
                {
                    "Metric": "GroupPendingCapacity", 
                    "Granularity": "1Minute"
                }, 
                {
                    "Metric": "GroupDesiredCapacity", 
                    "Granularity": "1Minute"
                }, 
                {
                    "Metric": "WarmPoolPendingCapacity", 
                    "Granularity": "1Minute"
                }, 
                {
                    "Metric": "GroupPendingInstances", 
                    "Granularity": "1Minute"
                }, 
                {
                    "Metric": "GroupTerminatingInstances", 
                    "Granularity": "1Minute"
                }, 
                {
                    "Metric": "WarmPoolMinSize", 
                    "Granularity": "1Minute"
                }, 
                {
                    "Metric": "GroupAndWarmPoolDesiredCapacity", 
                    "Granularity": "1Minute"
                }, 
                {
                    "Metric": "GroupStandbyInstances", 
                    "Granularity": "1Minute"
                }, 
                {
                    "Metric": "GroupStandbyCapacity", 
                    "Granularity": "1Minute"
                }, 
                {
                    "Metric": "GroupTerminatingCapacity", 
                    "Granularity": "1Minute"
                }, 
                {
                    "Metric": "GroupMaxSize", 
                    "Granularity": "1Minute"
                }, 
                {
                    "Metric": "GroupTotalInstances", 
                    "Granularity": "1Minute"
                }, 
                {
                    "Metric": "GroupInServiceCapacity", 
                    "Granularity": "1Minute"
                }, 
                {
                    "Metric": "WarmPoolDesiredCapacity", 
                    "Granularity": "1Minute"
                }, 
                {
                    "Metric": "WarmPoolTerminatingCapacity", 
                    "Granularity": "1Minute"
                }, 
                {
                    "Metric": "WarmPoolTotalCapacity", 
                    "Granularity": "1Minute"
                }
            ], 
            "TerminationPolicies": [
                "Default"
            ], 
            "AutoScalingGroupName": "asg-1-myASG", 
            "DefaultCooldown": 300, 
            "MinSize": 1, 
            "Instances": [
                {
                    "ProtectedFromScaleIn": false, 
                    "AvailabilityZone": "us-east-1b", 
                    "LaunchTemplate": {
                        "LaunchTemplateName": "asg-1-launch-template", 
                        "Version": "1", 
                        "LaunchTemplateId": "lt-048535cd20f955e31"
                    }, 
                    "InstanceId": "i-04fc241bda31b2b8f", 
                    "HealthStatus": "Healthy", 
                    "LifecycleState": "InService", 
                    "InstanceType": "t3.medium"
                }, 
                {
                    "ProtectedFromScaleIn": false, 
                    "AvailabilityZone": "us-east-1a", 
                    "LaunchTemplate": {
                        "LaunchTemplateName": "asg-1-launch-template", 
                        "Version": "1", 
                        "LaunchTemplateId": "lt-048535cd20f955e31"
                    }, 
                    "InstanceId": "i-05f9e7b3defe3bf33", 
                    "HealthStatus": "Healthy", 
                    "LifecycleState": "InService", 
                    "InstanceType": "t3.medium"
                }, 
                {
                    "ProtectedFromScaleIn": false, 
                    "AvailabilityZone": "us-east-1a", 
                    "LaunchTemplate": {
                        "LaunchTemplateName": "asg-1-launch-template", 
                        "Version": "1", 
                        "LaunchTemplateId": "lt-048535cd20f955e31"
                    }, 
                    "InstanceId": "i-0bdbb1ac925864efb", 
                    "HealthStatus": "Healthy", 
                    "LifecycleState": "InService", 
                    "InstanceType": "t3.medium"
                }
            ], 
            "MaxSize": 3, 
            "VPCZoneIdentifier": "subnet-0043d32058c8ed5d7,subnet-0526ea0f32f2e6bd2", 
            "HealthCheckGracePeriod": 300, 
            "LoadBalancerNames": [
                "asg-1-lb"
            ], 
            "CreatedTime": "2022-06-03T01:14:28.327Z", 
            "AvailabilityZones": [
                "us-east-1a", 
                "us-east-1b"
            ], 
            "HealthCheckType": "EC2", 
            "NewInstancesProtectedFromScaleIn": false, 
            "DesiredCapacity": 3
        }
    ]
}
[2022-06-03T01:48:55]==============================[PERFORMANCE CHUNK RUN 26]==============================
[2022-06-03T01:49:55]==============================[STATS]
jh CPU load avg:
0.02 0.09 0.08 1/157 3259
i-04fc241bda31b2b8f
InService
Healthy
{}
i-05f9e7b3defe3bf33
InService
Healthy
{}
i-0bdbb1ac925864efb
InService
Healthy
{}
01:49:56 I logger.go:127> Log level is now 4 Error (was 2 Info)
Fortio 1.19.0 running at -1 queries per second, 2->2 procs, for 1m0s: http://asg-1-lb-39485248.us-east-1.elb.amazonaws.com:3000/?n=20000
Aggregated Function Time : count 283314 avg 0.0052943219 +/- 0.003071 min 0.001162184 max 0.063152376 sum 1499.95552
# target 50% 0.00593149
# target 75% 0.00831617
# target 90% 0.00974697
# target 99% 0.0189878
# target 99.9% 0.0277847
Sockets used: 25 (for perfect keepalive, would be 25)
Jitter: false
Code 200 : 283314 (100.0 %)
All done 283314 calls (plus 25 warmup) 5.294 ms avg, 4721.2 qps
Successfully wrote 2572 bytes of Json data to 2022-06-03-014956_asg_riwai_3_performance_chunk_26_1.json
fortio exit code: 0
[2022-06-03T01:50:56]==============================[STATS]
jh CPU load avg:
0.21 0.15 0.10 1/157 3281
i-04fc241bda31b2b8f
InService
Healthy
{}
i-05f9e7b3defe3bf33
InService
Healthy
{}
i-0bdbb1ac925864efb
InService
Healthy
{}
01:50:56 I logger.go:127> Log level is now 4 Error (was 2 Info)
Fortio 1.19.0 running at -1 queries per second, 2->2 procs, for 1m0s: http://asg-1-lb-39485248.us-east-1.elb.amazonaws.com:3000/?n=20000
Aggregated Function Time : count 288593 avg 0.0051974586 +/- 0.002633 min 0.001125667 max 0.216853511 sum 1499.95017
# target 50% 0.00589748
# target 75% 0.00828341
# target 90% 0.00971496
# target 99% 0.0186883
# target 99.9% 0.0199887
Sockets used: 25 (for perfect keepalive, would be 25)
Jitter: false
Code 200 : 288593 (100.0 %)
All done 288593 calls (plus 25 warmup) 5.197 ms avg, 4809.3 qps
Successfully wrote 2452 bytes of Json data to 2022-06-03-015057_asg_riwai_3_performance_chunk_26_2.json
fortio exit code: 0
[2022-06-03T01:51:57]==============================[STATS]
jh CPU load avg:
0.12 0.13 0.10 1/157 3297
i-04fc241bda31b2b8f
InService
Healthy
{}
i-05f9e7b3defe3bf33
InService
Healthy
{}
i-0bdbb1ac925864efb
InService
Healthy
{}
01:51:57 I logger.go:127> Log level is now 4 Error (was 2 Info)
Fortio 1.19.0 running at -1 queries per second, 2->2 procs, for 1m0s: http://asg-1-lb-39485248.us-east-1.elb.amazonaws.com:3000/?n=20000
Aggregated Function Time : count 289883 avg 0.0051743091 +/- 0.002839 min 0.001178019 max 0.038512104 sum 1499.94423
# target 50% 0.00590563
# target 75% 0.00826945
# target 90% 0.00968774
# target 99% 0.0186224
# target 99.9% 0.0199844
Sockets used: 25 (for perfect keepalive, would be 25)
Jitter: false
Code 200 : 289883 (100.0 %)
All done 289883 calls (plus 25 warmup) 5.174 ms avg, 4830.9 qps
Successfully wrote 2220 bytes of Json data to 2022-06-03-015157_asg_riwai_3_performance_chunk_26_3.json
fortio exit code: 0
[2022-06-03T01:52:57]==============================[STATS]
jh CPU load avg:
0.33 0.19 0.12 1/157 3313
i-04fc241bda31b2b8f
InService
Healthy
{}
i-05f9e7b3defe3bf33
InService
Healthy
{}
i-0bdbb1ac925864efb
InService
Healthy
{}
01:52:58 I logger.go:127> Log level is now 4 Error (was 2 Info)
Fortio 1.19.0 running at -1 queries per second, 2->2 procs, for 1m0s: http://asg-1-lb-39485248.us-east-1.elb.amazonaws.com:3000/?n=20000
Aggregated Function Time : count 289235 avg 0.005186059 +/- 0.002573 min 0.001200218 max 0.051904223 sum 1499.98978
# target 50% 0.00593277
# target 75% 0.00829907
# target 90% 0.00971884
# target 99% 0.0187046
# target 99.9% 0.0202725
Sockets used: 25 (for perfect keepalive, would be 25)
Jitter: false
Code 200 : 289235 (100.0 %)
All done 289235 calls (plus 25 warmup) 5.186 ms avg, 4820.0 qps
Successfully wrote 2456 bytes of Json data to 2022-06-03-015258_asg_riwai_3_performance_chunk_26_4.json
fortio exit code: 0
[2022-06-03T01:53:58]==============================[STATS]
jh CPU load avg:
0.34 0.22 0.13 1/157 3330
i-04fc241bda31b2b8f
InService
Healthy
{}
i-05f9e7b3defe3bf33
InService
Healthy
{}
i-0bdbb1ac925864efb
InService
Healthy
{}
01:53:59 I logger.go:127> Log level is now 4 Error (was 2 Info)
Fortio 1.19.0 running at -1 queries per second, 2->2 procs, for 1m0s: http://asg-1-lb-39485248.us-east-1.elb.amazonaws.com:3000/?n=20000
Aggregated Function Time : count 289967 avg 0.0051728348 +/- 0.002836 min 0.001193894 max 0.209752036 sum 1499.95138
# target 50% 0.00590764
# target 75% 0.00826452
# target 90% 0.00967866
# target 99% 0.0185785
# target 99.9% 0.0199593
Sockets used: 25 (for perfect keepalive, would be 25)
Jitter: false
Code 200 : 289967 (100.0 %)
All done 289967 calls (plus 25 warmup) 5.173 ms avg, 4832.2 qps
Successfully wrote 2217 bytes of Json data to 2022-06-03-015359_asg_riwai_3_performance_chunk_26_5.json
fortio exit code: 0
[2022-06-03T01:55:59]==============================[STATS]
jh CPU load avg:
0.09 0.18 0.12 1/157 3349
i-04fc241bda31b2b8f
InService
Healthy
{}
i-05f9e7b3defe3bf33
InService
Healthy
{}
i-0bdbb1ac925864efb
InService
Healthy
{}
[2022-06-03T01:56:00]==============================[PERFORMANCE RUN 1]==============================
01:56:00 I logger.go:127> Log level is now 4 Error (was 2 Info)
Fortio 1.19.0 running at -1 queries per second, 2->2 procs, for 5m0s: http://asg-1-lb-39485248.us-east-1.elb.amazonaws.com:3000/?n=20000
Aggregated Function Time : count 1445279 avg 0.0051890017 +/- 0.002889 min 0.001133117 max 0.223072927 sum 7499.55519
# target 50% 0.00588977
# target 75% 0.00826811
# target 90% 0.00969511
# target 99% 0.0186932
# target 99.9% 0.0226045
Sockets used: 25 (for perfect keepalive, would be 25)
Jitter: false
Code 200 : 1445279 (100.0 %)
All done 1445279 calls (plus 25 warmup) 5.189 ms avg, 4817.5 qps
Successfully wrote 2578 bytes of Json data to 2022-06-03-015600_asg_riwai_3_performance_1.json
fortio exit code: 0
[2022-06-03T02:01:00]==============================[STATS]
jh CPU load avg:
0.19 0.15 0.11 1/158 3377
i-04fc241bda31b2b8f
InService
Healthy
{}
i-05f9e7b3defe3bf33
InService
Healthy
{}
i-0bdbb1ac925864efb
InService
Healthy
{}
[2022-06-03T02:02:00]==============================[STATS]
jh CPU load avg:
0.07 0.12 0.10 1/159 3401
i-04fc241bda31b2b8f
InService
Healthy
{}
i-05f9e7b3defe3bf33
InService
Healthy
{}
i-0bdbb1ac925864efb
InService
Healthy
{}
[2022-06-03T02:02:02]==============================[PERFORMANCE RUN 2]==============================
02:02:02 I logger.go:127> Log level is now 4 Error (was 2 Info)
Fortio 1.19.0 running at -1 queries per second, 2->2 procs, for 5m0s: http://asg-1-lb-39485248.us-east-1.elb.amazonaws.com:3000/?n=20000
Aggregated Function Time : count 1449975 avg 0.0051721689 +/- 0.002614 min 0.001147107 max 0.213329197 sum 7499.51558
# target 50% 0.0059033
# target 75% 0.0082814
# target 90% 0.00970826
# target 99% 0.0186753
# target 99.9% 0.0199912
Sockets used: 25 (for perfect keepalive, would be 25)
Jitter: false
Code 200 : 1449975 (100.0 %)
All done 1449975 calls (plus 25 warmup) 5.172 ms avg, 4833.1 qps
Successfully wrote 2690 bytes of Json data to 2022-06-03-020202_asg_riwai_3_performance_2.json
fortio exit code: 0
[2022-06-03T02:07:02]==============================[STATS]
jh CPU load avg:
0.47 0.32 0.19 1/158 3424
i-04fc241bda31b2b8f
InService
Healthy
{}
i-05f9e7b3defe3bf33
InService
Healthy
{}
i-0bdbb1ac925864efb
InService
Healthy
{}
[2022-06-03T02:08:03]==============================[STATS]
jh CPU load avg:
0.20 0.27 0.18 1/158 3483
i-04fc241bda31b2b8f
InService
Healthy
{}
i-05f9e7b3defe3bf33
InService
Healthy
{}
i-0bdbb1ac925864efb
InService
Healthy
{}
[2022-06-03T02:08:03]==============================[PERFORMANCE RUN 3]==============================
02:08:03 I logger.go:127> Log level is now 4 Error (was 2 Info)
Fortio 1.19.0 running at -1 queries per second, 2->2 procs, for 5m0s: http://asg-1-lb-39485248.us-east-1.elb.amazonaws.com:3000/?n=20000
Aggregated Function Time : count 1439998 avg 0.005208034 +/- 0.002926 min 0.001152514 max 0.214152016 sum 7499.55858
# target 50% 0.00589425
# target 75% 0.00826513
# target 90% 0.00968765
# target 99% 0.0186266
# target 99.9% 0.0199872
Sockets used: 25 (for perfect keepalive, would be 25)
Jitter: false
Code 200 : 1439998 (100.0 %)
All done 1439998 calls (plus 25 warmup) 5.208 ms avg, 4799.9 qps
Successfully wrote 2809 bytes of Json data to 2022-06-03-020803_asg_riwai_3_performance_3.json
fortio exit code: 0
[2022-06-03T02:13:03]==============================[STATS]
jh CPU load avg:
0.51 0.33 0.22 1/159 3512
i-04fc241bda31b2b8f
InService
Healthy
{}
i-05f9e7b3defe3bf33
InService
Healthy
{}
i-0bdbb1ac925864efb
InService
Healthy
{}
scaling to 0
{
    "Alarms": [
        {
            "AlarmName": "TargetTracking-asg-1-myASG-AlarmHigh-9583d4f1-779a-4501-a3fb-a674f7ab8acb", 
            "AlarmARN": "arn:aws:cloudwatch:us-east-1:076392918214:alarm:TargetTracking-asg-1-myASG-AlarmHigh-9583d4f1-779a-4501-a3fb-a674f7ab8acb"
        }, 
        {
            "AlarmName": "TargetTracking-asg-1-myASG-AlarmLow-a4c34928-d33d-460c-9a1f-f8451f06b34e", 
            "AlarmARN": "arn:aws:cloudwatch:us-east-1:076392918214:alarm:TargetTracking-asg-1-myASG-AlarmLow-a4c34928-d33d-460c-9a1f-f8451f06b34e"
        }
    ], 
    "PolicyARN": "arn:aws:autoscaling:us-east-1:076392918214:scalingPolicy:664e65b3-cfea-4d49-8490-5f5cb24287fa:autoScalingGroupName/asg-1-myASG:policyName/asg-1-AppServerSP-1CNDUMJCPOWX8"
}
[2022-06-03T02:13:36]==============================[SCALING RUN 1: INIT]==============================
{
    "Alarms": [
        {
            "AlarmName": "TargetTracking-asg-1-myASG-AlarmHigh-9583d4f1-779a-4501-a3fb-a674f7ab8acb", 
            "AlarmARN": "arn:aws:cloudwatch:us-east-1:076392918214:alarm:TargetTracking-asg-1-myASG-AlarmHigh-9583d4f1-779a-4501-a3fb-a674f7ab8acb"
        }, 
        {
            "AlarmName": "TargetTracking-asg-1-myASG-AlarmLow-a4c34928-d33d-460c-9a1f-f8451f06b34e", 
            "AlarmARN": "arn:aws:cloudwatch:us-east-1:076392918214:alarm:TargetTracking-asg-1-myASG-AlarmLow-a4c34928-d33d-460c-9a1f-f8451f06b34e"
        }
    ], 
    "PolicyARN": "arn:aws:autoscaling:us-east-1:076392918214:scalingPolicy:664e65b3-cfea-4d49-8490-5f5cb24287fa:autoScalingGroupName/asg-1-myASG:policyName/asg-1-AppServerSP-1CNDUMJCPOWX8"
}
scaling to 1
[2022-06-03T02:13:38]==============================[SCALING RUN 1: ENABLE SCALING - SLEEP]==============================
{
    "Alarms": [
        {
            "AlarmName": "TargetTracking-asg-1-myASG-AlarmHigh-2a9a052f-5240-4675-8d07-2d27c98e5c84", 
            "AlarmARN": "arn:aws:cloudwatch:us-east-1:076392918214:alarm:TargetTracking-asg-1-myASG-AlarmHigh-2a9a052f-5240-4675-8d07-2d27c98e5c84"
        }, 
        {
            "AlarmName": "TargetTracking-asg-1-myASG-AlarmLow-9f95b44e-0e00-4e6e-8a93-0fd652ff6601", 
            "AlarmARN": "arn:aws:cloudwatch:us-east-1:076392918214:alarm:TargetTracking-asg-1-myASG-AlarmLow-9f95b44e-0e00-4e6e-8a93-0fd652ff6601"
        }
    ], 
    "PolicyARN": "arn:aws:autoscaling:us-east-1:076392918214:scalingPolicy:664e65b3-cfea-4d49-8490-5f5cb24287fa:autoScalingGroupName/asg-1-myASG:policyName/asg-1-AppServerSP-1CNDUMJCPOWX8"
}
[2022-06-03T02:16:39]==============================[SCALING RUN 1: FORTIO]==============================
[2022-06-03T02:16:39]==============================[STATS]
jh CPU load avg:
0.18 0.30 0.23 1/158 550
i-04d3b45ba0c94d5c7
InService
Healthy
{}
[2022-06-03T02:16:40]==============================[SCALING RUN 1: CHUNK 1]==============================
02:16:40 I logger.go:127> Log level is now 4 Error (was 2 Info)
Fortio 1.19.0 running at -1 queries per second, 2->2 procs, for 1m0s: http://asg-1-lb-39485248.us-east-1.elb.amazonaws.com:3000/?n=20000
Aggregated Function Time : count 95696 avg 0.015676002 +/- 0.004569 min 0.001859898 max 0.153595609 sum 1500.13067
# target 50% 0.0155434
# target 75% 0.0183622
# target 90% 0.0204976
# target 99% 0.0299507
# target 99.9% 0.0471331
Sockets used: 25 (for perfect keepalive, would be 25)
Jitter: false
Code 200 : 95696 (100.0 %)
All done 95696 calls (plus 25 warmup) 15.676 ms avg, 1594.5 qps
Successfully wrote 3025 bytes of Json data to 2022-06-03-021640_asg_riwai_3_scaling_1_1.json
fortio exit code: 0
[2022-06-03T02:17:40]==============================[STATS]
jh CPU load avg:
0.10 0.26 0.22 1/158 568
i-04d3b45ba0c94d5c7
InService
Healthy
{}
[2022-06-03T02:17:41]==============================[SCALING RUN 1: CHUNK 2]==============================
02:17:41 I logger.go:127> Log level is now 4 Error (was 2 Info)
Fortio 1.19.0 running at -1 queries per second, 2->2 procs, for 1m0s: http://asg-1-lb-39485248.us-east-1.elb.amazonaws.com:3000/?n=20000
Aggregated Function Time : count 97476 avg 0.015389671 +/- 0.004048 min 0.001507588 max 0.04306668 sum 1500.12359
# target 50% 0.0154851
# target 75% 0.018274
# target 90% 0.0199473
# target 99% 0.0294457
# target 99.9% 0.0396417
Sockets used: 25 (for perfect keepalive, would be 25)
Jitter: false
Code 200 : 97476 (100.0 %)
All done 97476 calls (plus 25 warmup) 15.390 ms avg, 1624.2 qps
Successfully wrote 2317 bytes of Json data to 2022-06-03-021741_asg_riwai_3_scaling_1_2.json
fortio exit code: 0
[2022-06-03T02:18:41]==============================[STATS]
jh CPU load avg:
0.17 0.26 0.22 1/158 585
i-04d3b45ba0c94d5c7
InService
Healthy
{}
[2022-06-03T02:18:41]==============================[SCALING RUN 1: CHUNK 3]==============================
02:18:41 I logger.go:127> Log level is now 4 Error (was 2 Info)
Fortio 1.19.0 running at -1 queries per second, 2->2 procs, for 1m0s: http://asg-1-lb-39485248.us-east-1.elb.amazonaws.com:3000/?n=20000
Aggregated Function Time : count 97650 avg 0.015362199 +/- 0.004145 min 0.001625793 max 0.23640155 sum 1500.11877
# target 50% 0.0155029
# target 75% 0.0183031
# target 90% 0.0199833
# target 99% 0.0294299
# target 99.9% 0.0396311
Sockets used: 25 (for perfect keepalive, would be 25)
Jitter: false
Code 200 : 97650 (100.0 %)
All done 97650 calls (plus 25 warmup) 15.362 ms avg, 1627.1 qps
Successfully wrote 2555 bytes of Json data to 2022-06-03-021842_asg_riwai_3_scaling_1_3.json
fortio exit code: 0
[2022-06-03T02:19:42]==============================[STATS]
jh CPU load avg:
0.30 0.29 0.23 1/158 604
i-04d3b45ba0c94d5c7
InService
Healthy
{}
[2022-06-03T02:19:42]==============================[SCALING RUN 1: CHUNK 4]==============================
02:19:42 I logger.go:127> Log level is now 4 Error (was 2 Info)
Fortio 1.19.0 running at -1 queries per second, 2->2 procs, for 1m0s: http://asg-1-lb-39485248.us-east-1.elb.amazonaws.com:3000/?n=20000
Aggregated Function Time : count 97712 avg 0.015352527 +/- 0.004171 min 0.001581904 max 0.238746078 sum 1500.12615
# target 50% 0.0154928
# target 75% 0.0182973
# target 90% 0.01998
# target 99% 0.029462
# target 99.9% 0.0392909
Sockets used: 25 (for perfect keepalive, would be 25)
Jitter: false
Code 200 : 97712 (100.0 %)
All done 97712 calls (plus 25 warmup) 15.353 ms avg, 1628.1 qps
Successfully wrote 2439 bytes of Json data to 2022-06-03-021942_asg_riwai_3_scaling_1_4.json
fortio exit code: 0
[2022-06-03T02:20:42]==============================[STATS]
jh CPU load avg:
0.18 0.26 0.22 1/159 626
i-04d3b45ba0c94d5c7
InService
Healthy
{}
[2022-06-03T02:20:43]==============================[SCALING RUN 1: CHUNK 5]==============================
02:20:43 I logger.go:127> Log level is now 4 Error (was 2 Info)
Fortio 1.19.0 running at -1 queries per second, 2->2 procs, for 1m0s: http://asg-1-lb-39485248.us-east-1.elb.amazonaws.com:3000/?n=20000
Aggregated Function Time : count 97811 avg 0.015337015 +/- 0.004096 min 0.001498781 max 0.049031786 sum 1500.12881
# target 50% 0.015479
# target 75% 0.0182843
# target 90% 0.0199675
# target 99% 0.0294299
# target 99.9% 0.0401085
Sockets used: 25 (for perfect keepalive, would be 25)
Jitter: false
Code 200 : 97811 (100.0 %)
All done 97811 calls (plus 25 warmup) 15.337 ms avg, 1629.8 qps
Successfully wrote 2315 bytes of Json data to 2022-06-03-022043_asg_riwai_3_scaling_1_5.json
fortio exit code: 0
[2022-06-03T02:21:43]==============================[STATS]
jh CPU load avg:
0.06 0.21 0.20 1/159 644
i-02b49767cc66fe092
InService
Healthy
{}
i-04d3b45ba0c94d5c7
InService
Healthy
{}
[2022-06-03T02:21:44]==============================[SCALING RUN 1: CHUNK 6]==============================
02:21:44 I logger.go:127> Log level is now 4 Error (was 2 Info)
Fortio 1.19.0 running at -1 queries per second, 2->2 procs, for 1m0s: http://asg-1-lb-39485248.us-east-1.elb.amazonaws.com:3000/?n=20000
Aggregated Function Time : count 98011 avg 0.015305706 +/- 0.004509 min 0.001428688 max 0.063357608 sum 1500.12758
# target 50% 0.0156051
# target 75% 0.018501
# target 90% 0.0218002
# target 99% 0.0296698
# target 99.9% 0.0399998
Sockets used: 37 (for perfect keepalive, would be 25)
Jitter: false
Code 200 : 98011 (100.0 %)
All done 98011 calls (plus 25 warmup) 15.306 ms avg, 1633.1 qps
Successfully wrote 2558 bytes of Json data to 2022-06-03-022144_asg_riwai_3_scaling_1_6.json
fortio exit code: 0
[2022-06-03T02:22:44]==============================[STATS]
jh CPU load avg:
0.19 0.21 0.20 1/158 663
i-02b49767cc66fe092
InService
Healthy
{}
i-04d3b45ba0c94d5c7
InService
Healthy
{}
[2022-06-03T02:22:45]==============================[SCALING RUN 1: CHUNK 7]==============================
02:22:45 I logger.go:127> Log level is now 4 Error (was 2 Info)
Fortio 1.19.0 running at -1 queries per second, 2->2 procs, for 1m0s: http://asg-1-lb-39485248.us-east-1.elb.amazonaws.com:3000/?n=20000
Aggregated Function Time : count 194176 avg 0.0077248836 +/- 0.002893 min 0.001219337 max 0.220452677 sum 1499.98699
# target 50% 0.00671752
# target 75% 0.00946664
# target 90% 0.0151217
# target 99% 0.0196633
# target 99.9% 0.0279267
Sockets used: 25 (for perfect keepalive, would be 25)
Jitter: false
Code 200 : 194176 (100.0 %)
All done 194176 calls (plus 25 warmup) 7.725 ms avg, 3235.9 qps
Successfully wrote 2562 bytes of Json data to 2022-06-03-022245_asg_riwai_3_scaling_1_7.json
fortio exit code: 0
[2022-06-03T02:23:45]==============================[STATS]
jh CPU load avg:
0.15 0.20 0.20 1/159 681
i-02b49767cc66fe092
InService
Healthy
{}
i-04d3b45ba0c94d5c7
InService
Healthy
{}
[2022-06-03T02:23:45]==============================[SCALING RUN 1: CHUNK 8]==============================
02:23:45 I logger.go:127> Log level is now 4 Error (was 2 Info)
Fortio 1.19.0 running at -1 queries per second, 2->2 procs, for 1m0s: http://asg-1-lb-39485248.us-east-1.elb.amazonaws.com:3000/?n=20000
Aggregated Function Time : count 194858 avg 0.0076979251 +/- 0.002925 min 0.001175728 max 0.218920648 sum 1500.00229
# target 50% 0.00668125
# target 75% 0.00943404
# target 90% 0.015054
# target 99% 0.0196671
# target 99.9% 0.0283729
Sockets used: 25 (for perfect keepalive, would be 25)
Jitter: false
Code 200 : 194858 (100.0 %)
All done 194858 calls (plus 25 warmup) 7.698 ms avg, 3247.2 qps
Successfully wrote 2798 bytes of Json data to 2022-06-03-022345_asg_riwai_3_scaling_1_8.json
fortio exit code: 0
[2022-06-03T02:24:45]==============================[STATS]
jh CPU load avg:
0.10 0.17 0.18 1/159 699
i-02b49767cc66fe092
InService
Healthy
{}
i-04d3b45ba0c94d5c7
InService
Healthy
{}
[2022-06-03T02:24:46]==============================[SCALING RUN 1: CHUNK 9]==============================
02:24:46 I logger.go:127> Log level is now 4 Error (was 2 Info)
Fortio 1.19.0 running at -1 queries per second, 2->2 procs, for 1m0s: http://asg-1-lb-39485248.us-east-1.elb.amazonaws.com:3000/?n=20000
Aggregated Function Time : count 191608 avg 0.0078284348 +/- 0.002933 min 0.001168458 max 0.220584399 sum 1499.99074
# target 50% 0.00669469
# target 75% 0.00945783
# target 90% 0.0151156
# target 99% 0.0196765
# target 99.9% 0.0278588
Sockets used: 25 (for perfect keepalive, would be 25)
Jitter: false
Code 200 : 191608 (100.0 %)
All done 191608 calls (plus 25 warmup) 7.828 ms avg, 3193.1 qps
Successfully wrote 2556 bytes of Json data to 2022-06-03-022446_asg_riwai_3_scaling_1_9.json
fortio exit code: 0
[2022-06-03T02:25:46]==============================[STATS]
jh CPU load avg:
0.12 0.17 0.18 1/158 716
i-02b49767cc66fe092
InService
Healthy
{}
i-04d3b45ba0c94d5c7
InService
Healthy
{}
[2022-06-03T02:25:47]==============================[SCALING RUN 1: CHUNK 10]==============================
02:25:47 I logger.go:127> Log level is now 4 Error (was 2 Info)
Fortio 1.19.0 running at -1 queries per second, 2->2 procs, for 1m0s: http://asg-1-lb-39485248.us-east-1.elb.amazonaws.com:3000/?n=20000
Aggregated Function Time : count 193151 avg 0.0077658957 +/- 0.00295 min 0.001223253 max 0.213128429 sum 1499.99052
# target 50% 0.00672457
# target 75% 0.00947526
# target 90% 0.0151557
# target 99% 0.0196912
# target 99.9% 0.0283186
Sockets used: 25 (for perfect keepalive, would be 25)
Jitter: false
Code 200 : 193151 (100.0 %)
All done 193151 calls (plus 25 warmup) 7.766 ms avg, 3218.8 qps
Successfully wrote 2444 bytes of Json data to 2022-06-03-022547_asg_riwai_3_scaling_1_10.json
fortio exit code: 0
[2022-06-03T02:26:47]==============================[STATS]
jh CPU load avg:
0.08 0.15 0.17 1/158 733
i-02b49767cc66fe092
InService
Healthy
{}
i-04d3b45ba0c94d5c7
InService
Healthy
{}
[2022-06-03T02:26:48]==============================[SCALING RUN 1: CHUNK 11]==============================
02:26:48 I logger.go:127> Log level is now 4 Error (was 2 Info)
Fortio 1.19.0 running at -1 queries per second, 2->2 procs, for 1m0s: http://asg-1-lb-39485248.us-east-1.elb.amazonaws.com:3000/?n=20000
Aggregated Function Time : count 193983 avg 0.007732635 +/- 0.002753 min 0.001208604 max 0.029413312 sum 1499.99973
# target 50% 0.0066971
# target 75% 0.00944138
# target 90% 0.0150254
# target 99% 0.0195889
# target 99.9% 0.0244378
Sockets used: 25 (for perfect keepalive, would be 25)
Jitter: false
Code 200 : 193983 (100.0 %)
All done 193983 calls (plus 25 warmup) 7.733 ms avg, 3232.6 qps
Successfully wrote 2091 bytes of Json data to 2022-06-03-022648_asg_riwai_3_scaling_1_11.json
fortio exit code: 0
[2022-06-03T02:27:48]==============================[STATS]
jh CPU load avg:
0.03 0.12 0.16 1/158 750
i-02b49767cc66fe092
InService
Healthy
{}
i-04d3b45ba0c94d5c7
InService
Healthy
{}
i-0bfd9b9a34934aac7
InService
Healthy
{}
[2022-06-03T02:27:48]==============================[SCALING RUN 1: CHUNK 12]==============================
02:27:48 I logger.go:127> Log level is now 4 Error (was 2 Info)
Fortio 1.19.0 running at -1 queries per second, 2->2 procs, for 1m0s: http://asg-1-lb-39485248.us-east-1.elb.amazonaws.com:3000/?n=20000
Aggregated Function Time : count 192989 avg 0.0077724614 +/- 0.002815 min 0.001147318 max 0.052517235 sum 1499.99955
# target 50% 0.00665675
# target 75% 0.00941149
# target 90% 0.0149917
# target 99% 0.0196428
# target 99.9% 0.0273408
Sockets used: 25 (for perfect keepalive, would be 25)
Jitter: false
Code 200 : 192989 (100.0 %)
All done 192989 calls (plus 25 warmup) 7.772 ms avg, 3216.1 qps
Successfully wrote 2444 bytes of Json data to 2022-06-03-022748_asg_riwai_3_scaling_1_12.json
fortio exit code: 0
[2022-06-03T02:28:49]==============================[STATS]
jh CPU load avg:
0.01 0.10 0.15 1/158 768
i-02b49767cc66fe092
InService
Healthy
{}
i-04d3b45ba0c94d5c7
InService
Healthy
{}
i-0bfd9b9a34934aac7
InService
Healthy
{}
[2022-06-03T02:28:49]==============================[SCALING RUN 1: CHUNK 13]==============================
02:28:49 I logger.go:127> Log level is now 4 Error (was 2 Info)
Fortio 1.19.0 running at -1 queries per second, 2->2 procs, for 1m0s: http://asg-1-lb-39485248.us-east-1.elb.amazonaws.com:3000/?n=20000
Aggregated Function Time : count 292642 avg 0.0051256132 +/- 0.002926 min 0.001222044 max 0.042315651 sum 1499.96969
# target 50% 0.0059191
# target 75% 0.00826764
# target 90% 0.00967677
# target 99% 0.0185891
# target 99.9% 0.0199796
Sockets used: 25 (for perfect keepalive, would be 25)
Jitter: false
Code 200 : 292642 (100.0 %)
All done 292642 calls (plus 25 warmup) 5.126 ms avg, 4876.7 qps
Successfully wrote 2323 bytes of Json data to 2022-06-03-022849_asg_riwai_3_scaling_1_13.json
fortio exit code: 0
[2022-06-03T02:29:49]==============================[STATS]
jh CPU load avg:
0.06 0.10 0.15 1/158 790
i-02b49767cc66fe092
InService
Healthy
{}
i-04d3b45ba0c94d5c7
InService
Healthy
{}
i-0bfd9b9a34934aac7
InService
Healthy
{}
[2022-06-03T02:29:50]==============================[SCALING RUN 1: CHUNK 14]==============================
02:29:50 I logger.go:127> Log level is now 4 Error (was 2 Info)
Fortio 1.19.0 running at -1 queries per second, 2->2 procs, for 1m0s: http://asg-1-lb-39485248.us-east-1.elb.amazonaws.com:3000/?n=20000
Aggregated Function Time : count 292928 avg 0.0051205685 +/- 0.0027 min 0.001235012 max 0.210845719 sum 1499.95789
# target 50% 0.00594647
# target 75% 0.00830222
# target 90% 0.00971567
# target 99% 0.0187027
# target 99.9% 0.0208024
Sockets used: 25 (for perfect keepalive, would be 25)
Jitter: false
Code 200 : 292928 (100.0 %)
All done 292928 calls (plus 25 warmup) 5.121 ms avg, 4881.5 qps
Successfully wrote 2324 bytes of Json data to 2022-06-03-022950_asg_riwai_3_scaling_1_14.json
fortio exit code: 0
[2022-06-03T02:30:50]==============================[STATS]
jh CPU load avg:
0.21 0.13 0.15 1/159 813
i-02b49767cc66fe092
InService
Healthy
{}
i-04d3b45ba0c94d5c7
InService
Healthy
{}
i-0bfd9b9a34934aac7
InService
Healthy
{}
[2022-06-03T02:30:51]==============================[SCALING RUN 2: INIT]==============================
{
    "Alarms": [
        {
            "AlarmName": "TargetTracking-asg-1-myASG-AlarmHigh-894ba631-41ef-4d41-a655-f845af0d9567", 
            "AlarmARN": "arn:aws:cloudwatch:us-east-1:076392918214:alarm:TargetTracking-asg-1-myASG-AlarmHigh-894ba631-41ef-4d41-a655-f845af0d9567"
        }, 
        {
            "AlarmName": "TargetTracking-asg-1-myASG-AlarmLow-f54c92f0-0978-4aeb-a01e-3b63e5d76738", 
            "AlarmARN": "arn:aws:cloudwatch:us-east-1:076392918214:alarm:TargetTracking-asg-1-myASG-AlarmLow-f54c92f0-0978-4aeb-a01e-3b63e5d76738"
        }
    ], 
    "PolicyARN": "arn:aws:autoscaling:us-east-1:076392918214:scalingPolicy:664e65b3-cfea-4d49-8490-5f5cb24287fa:autoScalingGroupName/asg-1-myASG:policyName/asg-1-AppServerSP-1CNDUMJCPOWX8"
}
scaling to 1
[2022-06-03T02:30:52]==============================[SCALING RUN 2: ENABLE SCALING - SLEEP]==============================
{
    "Alarms": [
        {
            "AlarmName": "TargetTracking-asg-1-myASG-AlarmHigh-721f9600-d734-4ebb-a068-c2df5a934508", 
            "AlarmARN": "arn:aws:cloudwatch:us-east-1:076392918214:alarm:TargetTracking-asg-1-myASG-AlarmHigh-721f9600-d734-4ebb-a068-c2df5a934508"
        }, 
        {
            "AlarmName": "TargetTracking-asg-1-myASG-AlarmLow-8d062c0e-e35a-4ea9-8a92-48a55978ff72", 
            "AlarmARN": "arn:aws:cloudwatch:us-east-1:076392918214:alarm:TargetTracking-asg-1-myASG-AlarmLow-8d062c0e-e35a-4ea9-8a92-48a55978ff72"
        }
    ], 
    "PolicyARN": "arn:aws:autoscaling:us-east-1:076392918214:scalingPolicy:664e65b3-cfea-4d49-8490-5f5cb24287fa:autoScalingGroupName/asg-1-myASG:policyName/asg-1-AppServerSP-1CNDUMJCPOWX8"
}
[2022-06-03T02:33:53]==============================[SCALING RUN 2: FORTIO]==============================
[2022-06-03T02:33:53]==============================[STATS]
jh CPU load avg:
0.01 0.06 0.12 1/159 892
i-0bfd9b9a34934aac7
InService
Healthy
{}
[2022-06-03T02:33:54]==============================[SCALING RUN 2: CHUNK 1]==============================
02:33:54 I logger.go:127> Log level is now 4 Error (was 2 Info)
Fortio 1.19.0 running at -1 queries per second, 2->2 procs, for 1m0s: http://asg-1-lb-39485248.us-east-1.elb.amazonaws.com:3000/?n=20000
Aggregated Function Time : count 91746 avg 0.016350913 +/- 0.004357 min 0.001838741 max 0.074845037 sum 1500.13082
# target 50% 0.0155462
# target 75% 0.0183385
# target 90% 0.0201779
# target 99% 0.0373283
# target 99.9% 0.0461913
Sockets used: 25 (for perfect keepalive, would be 25)
Jitter: false
Code 200 : 91746 (100.0 %)
All done 91746 calls (plus 25 warmup) 16.351 ms avg, 1528.7 qps
Successfully wrote 2677 bytes of Json data to 2022-06-03-023354_asg_riwai_3_scaling_2_1.json
fortio exit code: 0
[2022-06-03T02:34:54]==============================[STATS]
jh CPU load avg:
0.03 0.06 0.11 1/159 911
i-0bfd9b9a34934aac7
InService
Healthy
{}
[2022-06-03T02:34:55]==============================[SCALING RUN 2: CHUNK 2]==============================
02:34:55 I logger.go:127> Log level is now 4 Error (was 2 Info)
Fortio 1.19.0 running at -1 queries per second, 2->2 procs, for 1m0s: http://asg-1-lb-39485248.us-east-1.elb.amazonaws.com:3000/?n=20000
Aggregated Function Time : count 92563 avg 0.016206601 +/- 0.004244 min 0.001556857 max 0.048653729 sum 1500.13162
# target 50% 0.015513
# target 75% 0.0182951
# target 90% 0.0199643
# target 99% 0.0367826
# target 99.9% 0.0438283
Sockets used: 25 (for perfect keepalive, would be 25)
Jitter: false
Code 200 : 92563 (100.0 %)
All done 92563 calls (plus 25 warmup) 16.207 ms avg, 1542.3 qps
Successfully wrote 2324 bytes of Json data to 2022-06-03-023455_asg_riwai_3_scaling_2_2.json
fortio exit code: 0
[2022-06-03T02:35:55]==============================[STATS]
jh CPU load avg:
0.01 0.05 0.10 1/158 928
i-0bfd9b9a34934aac7
InService
Healthy
{}
[2022-06-03T02:35:56]==============================[SCALING RUN 2: CHUNK 3]==============================
02:35:56 I logger.go:127> Log level is now 4 Error (was 2 Info)
Fortio 1.19.0 running at -1 queries per second, 2->2 procs, for 1m0s: http://asg-1-lb-39485248.us-east-1.elb.amazonaws.com:3000/?n=20000
Aggregated Function Time : count 92958 avg 0.0161378 +/- 0.00427 min 0.001696317 max 0.240473112 sum 1500.13759
# target 50% 0.0155141
# target 75% 0.0182955
# target 90% 0.0199642
# target 99% 0.0360337
# target 99.9% 0.0438695
Sockets used: 25 (for perfect keepalive, would be 25)
Jitter: false
Code 200 : 92958 (100.0 %)
All done 92958 calls (plus 25 warmup) 16.138 ms avg, 1548.9 qps
Successfully wrote 2439 bytes of Json data to 2022-06-03-023556_asg_riwai_3_scaling_2_3.json
fortio exit code: 0
[2022-06-03T02:36:56]==============================[STATS]
jh CPU load avg:
0.00 0.04 0.09 1/158 945
i-0bfd9b9a34934aac7
InService
Healthy
{}
[2022-06-03T02:36:57]==============================[SCALING RUN 2: CHUNK 4]==============================
02:36:57 I logger.go:127> Log level is now 4 Error (was 2 Info)
Fortio 1.19.0 running at -1 queries per second, 2->2 procs, for 1m0s: http://asg-1-lb-39485248.us-east-1.elb.amazonaws.com:3000/?n=20000
Aggregated Function Time : count 92588 avg 0.016202242 +/- 0.004292 min 0.001584366 max 0.055583943 sum 1500.13314
# target 50% 0.0155289
# target 75% 0.0183204
# target 90% 0.0199953
# target 99% 0.0364365
# target 99.9% 0.0444913
Sockets used: 25 (for perfect keepalive, would be 25)
Jitter: false
Code 200 : 92588 (100.0 %)
All done 92588 calls (plus 25 warmup) 16.202 ms avg, 1542.7 qps
Successfully wrote 2437 bytes of Json data to 2022-06-03-023657_asg_riwai_3_scaling_2_4.json
fortio exit code: 0
[2022-06-03T02:37:57]==============================[STATS]
jh CPU load avg:
0.07 0.06 0.09 1/158 962
i-0bfd9b9a34934aac7
InService
Healthy
{}
i-0e3fbfdb4cbb362f5
Pending
Healthy
{}
[2022-06-03T02:37:58]==============================[SCALING RUN 2: CHUNK 5]==============================
02:37:58 I logger.go:127> Log level is now 4 Error (was 2 Info)
Fortio 1.19.0 running at -1 queries per second, 2->2 procs, for 1m0s: http://asg-1-lb-39485248.us-east-1.elb.amazonaws.com:3000/?n=20000
Aggregated Function Time : count 92960 avg 0.016137692 +/- 0.004545 min 0.001430231 max 0.052502582 sum 1500.15982
# target 50% 0.0156231
# target 75% 0.0184765
# target 90% 0.0216104
# target 99% 0.0332682
# target 99.9% 0.044861
Sockets used: 38 (for perfect keepalive, would be 25)
Jitter: false
Code 200 : 92960 (100.0 %)
All done 92960 calls (plus 25 warmup) 16.138 ms avg, 1548.9 qps
Successfully wrote 2441 bytes of Json data to 2022-06-03-023758_asg_riwai_3_scaling_2_5.json
fortio exit code: 0
[2022-06-03T02:38:58]==============================[STATS]
jh CPU load avg:
0.09 0.06 0.09 1/158 980
i-0bfd9b9a34934aac7
InService
Healthy
{}
i-0e3fbfdb4cbb362f5
InService
Healthy
{}
[2022-06-03T02:38:59]==============================[SCALING RUN 2: CHUNK 6]==============================
02:38:59 I logger.go:127> Log level is now 4 Error (was 2 Info)
Fortio 1.19.0 running at -1 queries per second, 2->2 procs, for 1m0s: http://asg-1-lb-39485248.us-east-1.elb.amazonaws.com:3000/?n=20000
Aggregated Function Time : count 190439 avg 0.007876542 +/- 0.003359 min 0.001207943 max 0.21169247 sum 1500.00079
# target 50% 0.0067358
# target 75% 0.00949976
# target 90% 0.0152831
# target 99% 0.0198222
# target 99.9% 0.039567
Sockets used: 25 (for perfect keepalive, would be 25)
Jitter: false
Code 200 : 190439 (100.0 %)
All done 190439 calls (plus 25 warmup) 7.877 ms avg, 3173.6 qps
Successfully wrote 3035 bytes of Json data to 2022-06-03-023859_asg_riwai_3_scaling_2_6.json
fortio exit code: 0
[2022-06-03T02:39:59]==============================[STATS]
jh CPU load avg:
0.08 0.06 0.09 1/158 998
i-0bfd9b9a34934aac7
InService
Healthy
{}
i-0e3fbfdb4cbb362f5
InService
Healthy
{}
[2022-06-03T02:39:59]==============================[SCALING RUN 2: CHUNK 7]==============================
02:39:59 I logger.go:127> Log level is now 4 Error (was 2 Info)
Fortio 1.19.0 running at -1 queries per second, 2->2 procs, for 1m0s: http://asg-1-lb-39485248.us-east-1.elb.amazonaws.com:3000/?n=20000
Aggregated Function Time : count 193075 avg 0.0077689595 +/- 0.003061 min 0.001140585 max 0.228590735 sum 1499.99186
# target 50% 0.00663773
# target 75% 0.00938633
# target 90% 0.0149401
# target 99% 0.0196608
# target 99.9% 0.0297009
Sockets used: 25 (for perfect keepalive, would be 25)
Jitter: false
Code 200 : 193075 (100.0 %)
All done 193075 calls (plus 25 warmup) 7.769 ms avg, 3217.5 qps
Successfully wrote 2915 bytes of Json data to 2022-06-03-023959_asg_riwai_3_scaling_2_7.json
fortio exit code: 0
[2022-06-03T02:40:59]==============================[STATS]
jh CPU load avg:
0.15 0.09 0.09 1/160 1022
i-0bfd9b9a34934aac7
InService
Healthy
{}
i-0e3fbfdb4cbb362f5
InService
Healthy
{}
[2022-06-03T02:41:00]==============================[SCALING RUN 2: CHUNK 8]==============================
02:41:00 I logger.go:127> Log level is now 4 Error (was 2 Info)
Fortio 1.19.0 running at -1 queries per second, 2->2 procs, for 1m0s: http://asg-1-lb-39485248.us-east-1.elb.amazonaws.com:3000/?n=20000
Aggregated Function Time : count 194657 avg 0.0077062148 +/- 0.002782 min 0.001086714 max 0.030994724 sum 1500.06865
# target 50% 0.0065881
# target 75% 0.00933882
# target 90% 0.0147845
# target 99% 0.0195739
# target 99.9% 0.0250089
Sockets used: 25 (for perfect keepalive, would be 25)
Jitter: false
Code 200 : 194657 (100.0 %)
All done 194657 calls (plus 25 warmup) 7.706 ms avg, 3243.6 qps
Successfully wrote 2207 bytes of Json data to 2022-06-03-024100_asg_riwai_3_scaling_2_8.json
fortio exit code: 0
[2022-06-03T02:42:00]==============================[STATS]
jh CPU load avg:
0.44 0.18 0.12 1/160 1039
i-0bfd9b9a34934aac7
InService
Healthy
{}
i-0e3fbfdb4cbb362f5
InService
Healthy
{}
[2022-06-03T02:42:01]==============================[SCALING RUN 2: CHUNK 9]==============================
02:42:01 I logger.go:127> Log level is now 4 Error (was 2 Info)
Fortio 1.19.0 running at -1 queries per second, 2->2 procs, for 1m0s: http://asg-1-lb-39485248.us-east-1.elb.amazonaws.com:3000/?n=20000
Aggregated Function Time : count 192662 avg 0.0077855935 +/- 0.003208 min 0.001116932 max 0.093018423 sum 1499.98801
# target 50% 0.0066628
# target 75% 0.00943577
# target 90% 0.0151012
# target 99% 0.0197325
# target 99.9% 0.0392086
Sockets used: 25 (for perfect keepalive, would be 25)
Jitter: false
Code 200 : 192662 (100.0 %)
All done 192662 calls (plus 25 warmup) 7.786 ms avg, 3210.7 qps
Successfully wrote 2923 bytes of Json data to 2022-06-03-024201_asg_riwai_3_scaling_2_9.json
fortio exit code: 0
[2022-06-03T02:43:01]==============================[STATS]
jh CPU load avg:
0.30 0.18 0.12 1/160 1056
i-0bfd9b9a34934aac7
InService
Healthy
{}
i-0e3fbfdb4cbb362f5
InService
Healthy
{}
[2022-06-03T02:43:02]==============================[SCALING RUN 2: CHUNK 10]==============================
02:43:02 I logger.go:127> Log level is now 4 Error (was 2 Info)
Fortio 1.19.0 running at -1 queries per second, 2->2 procs, for 1m0s: http://asg-1-lb-39485248.us-east-1.elb.amazonaws.com:3000/?n=20000
Aggregated Function Time : count 194766 avg 0.0077016606 +/- 0.002737 min 0.001125861 max 0.042878349 sum 1500.02163
# target 50% 0.00665733
# target 75% 0.00942309
# target 90% 0.0150001
# target 99% 0.0195989
# target 99.9% 0.0255094
Sockets used: 25 (for perfect keepalive, would be 25)
Jitter: false
Code 200 : 194766 (100.0 %)
All done 194766 calls (plus 25 warmup) 7.702 ms avg, 3245.6 qps
Successfully wrote 2327 bytes of Json data to 2022-06-03-024302_asg_riwai_3_scaling_2_10.json
fortio exit code: 0
[2022-06-03T02:44:02]==============================[STATS]
jh CPU load avg:
0.34 0.22 0.14 1/160 1074
i-0bfd9b9a34934aac7
InService
Healthy
{}
i-0dc2991e89783b16d
Pending
Healthy
{}
i-0e3fbfdb4cbb362f5
InService
Healthy
{}
[2022-06-03T02:44:03]==============================[SCALING RUN 2: CHUNK 11]==============================
02:44:03 I logger.go:127> Log level is now 4 Error (was 2 Info)
Fortio 1.19.0 running at -1 queries per second, 2->2 procs, for 1m0s: http://asg-1-lb-39485248.us-east-1.elb.amazonaws.com:3000/?n=20000
Aggregated Function Time : count 191961 avg 0.0078141495 +/- 0.003117 min 0.001060021 max 0.089981077 sum 1500.01196
# target 50% 0.00659183
# target 75% 0.00935776
# target 90% 0.0149041
# target 99% 0.0197042
# target 99.9% 0.0298228
Sockets used: 25 (for perfect keepalive, would be 25)
Jitter: false
Code 200 : 191961 (100.0 %)
All done 191961 calls (plus 25 warmup) 7.814 ms avg, 3198.9 qps
Successfully wrote 2800 bytes of Json data to 2022-06-03-024403_asg_riwai_3_scaling_2_11.json
fortio exit code: 0
[2022-06-03T02:45:03]==============================[STATS]
jh CPU load avg:
0.29 0.22 0.14 1/160 1091
i-0bfd9b9a34934aac7
InService
Healthy
{}
i-0dc2991e89783b16d
InService
Healthy
{}
i-0e3fbfdb4cbb362f5
InService
Healthy
{}
[2022-06-03T02:45:04]==============================[SCALING RUN 2: CHUNK 12]==============================
02:45:04 I logger.go:127> Log level is now 4 Error (was 2 Info)
Fortio 1.19.0 running at -1 queries per second, 2->2 procs, for 1m0s: http://asg-1-lb-39485248.us-east-1.elb.amazonaws.com:3000/?n=20000
Aggregated Function Time : count 290758 avg 0.0051588698 +/- 0.002824 min 0.00106749 max 0.217590607 sum 1499.98267
# target 50% 0.00585624
# target 75% 0.00825064
# target 90% 0.00968727
# target 99% 0.0186891
# target 99.9% 0.0229009
Sockets used: 25 (for perfect keepalive, would be 25)
Jitter: false
Code 200 : 290758 (100.0 %)
All done 290758 calls (plus 25 warmup) 5.159 ms avg, 4845.3 qps
Successfully wrote 2559 bytes of Json data to 2022-06-03-024504_asg_riwai_3_scaling_2_12.json
fortio exit code: 0
[2022-06-03T02:46:04]==============================[STATS]
jh CPU load avg:
0.17 0.20 0.14 1/158 1117
i-0bfd9b9a34934aac7
InService
Healthy
{}
i-0dc2991e89783b16d
InService
Healthy
{}
i-0e3fbfdb4cbb362f5
InService
Healthy
{}
[2022-06-03T02:46:05]==============================[SCALING RUN 2: CHUNK 13]==============================
02:46:05 I logger.go:127> Log level is now 4 Error (was 2 Info)
Fortio 1.19.0 running at -1 queries per second, 2->2 procs, for 1m0s: http://asg-1-lb-39485248.us-east-1.elb.amazonaws.com:3000/?n=20000
Aggregated Function Time : count 294014 avg 0.0051016102 +/- 0.002553 min 0.001185418 max 0.207594813 sum 1499.94481
# target 50% 0.00592418
# target 75% 0.00829358
# target 90% 0.00971522
# target 99% 0.0187106
# target 99.9% 0.0212411
Sockets used: 25 (for perfect keepalive, would be 25)
Jitter: false
Code 200 : 294014 (100.0 %)
All done 294014 calls (plus 25 warmup) 5.102 ms avg, 4899.6 qps
Successfully wrote 2557 bytes of Json data to 2022-06-03-024605_asg_riwai_3_scaling_2_13.json
fortio exit code: 0
[2022-06-03T02:47:05]==============================[STATS]
jh CPU load avg:
0.28 0.23 0.15 1/158 1133
i-0bfd9b9a34934aac7
InService
Healthy
{}
i-0dc2991e89783b16d
InService
Healthy
{}
i-0e3fbfdb4cbb362f5
InService
Healthy
{}
[2022-06-03T02:47:05]==============================[SCALING RUN 2: CHUNK 14]==============================
02:47:05 I logger.go:127> Log level is now 4 Error (was 2 Info)
Fortio 1.19.0 running at -1 queries per second, 2->2 procs, for 1m0s: http://asg-1-lb-39485248.us-east-1.elb.amazonaws.com:3000/?n=20000
Aggregated Function Time : count 294456 avg 0.0050940083 +/- 0.002784 min 0.001163252 max 0.050635766 sum 1499.9613
# target 50% 0.00589584
# target 75% 0.00826215
# target 90% 0.00968194
# target 99% 0.0186578
# target 99.9% 0.0222284
Sockets used: 25 (for perfect keepalive, would be 25)
Jitter: false
Code 200 : 294456 (100.0 %)
All done 294456 calls (plus 25 warmup) 5.094 ms avg, 4907.0 qps
Successfully wrote 2442 bytes of Json data to 2022-06-03-024705_asg_riwai_3_scaling_2_14.json
fortio exit code: 0
[2022-06-03T02:48:05]==============================[STATS]
jh CPU load avg:
0.37 0.25 0.17 1/158 1150
i-0bfd9b9a34934aac7
InService
Healthy
{}
i-0dc2991e89783b16d
InService
Healthy
{}
i-0e3fbfdb4cbb362f5
InService
Healthy
{}
[2022-06-03T02:48:06]==============================[SCALING RUN 3: INIT]==============================
{
    "Alarms": [
        {
            "AlarmName": "TargetTracking-asg-1-myASG-AlarmHigh-bd7f060b-1ad4-49d2-a197-250cd68db57e", 
            "AlarmARN": "arn:aws:cloudwatch:us-east-1:076392918214:alarm:TargetTracking-asg-1-myASG-AlarmHigh-bd7f060b-1ad4-49d2-a197-250cd68db57e"
        }, 
        {
            "AlarmName": "TargetTracking-asg-1-myASG-AlarmLow-fd427d44-9dcd-4ce4-a720-9e1e306fce97", 
            "AlarmARN": "arn:aws:cloudwatch:us-east-1:076392918214:alarm:TargetTracking-asg-1-myASG-AlarmLow-fd427d44-9dcd-4ce4-a720-9e1e306fce97"
        }
    ], 
    "PolicyARN": "arn:aws:autoscaling:us-east-1:076392918214:scalingPolicy:664e65b3-cfea-4d49-8490-5f5cb24287fa:autoScalingGroupName/asg-1-myASG:policyName/asg-1-AppServerSP-1CNDUMJCPOWX8"
}
scaling to 1
[2022-06-03T02:48:08]==============================[SCALING RUN 3: ENABLE SCALING - SLEEP]==============================
{
    "Alarms": [
        {
            "AlarmName": "TargetTracking-asg-1-myASG-AlarmHigh-5cd1cabf-d8cb-4e55-b998-2edd0fb88afe", 
            "AlarmARN": "arn:aws:cloudwatch:us-east-1:076392918214:alarm:TargetTracking-asg-1-myASG-AlarmHigh-5cd1cabf-d8cb-4e55-b998-2edd0fb88afe"
        }, 
        {
            "AlarmName": "TargetTracking-asg-1-myASG-AlarmLow-28cc7214-08ca-4387-a7fe-d12c9527a12f", 
            "AlarmARN": "arn:aws:cloudwatch:us-east-1:076392918214:alarm:TargetTracking-asg-1-myASG-AlarmLow-28cc7214-08ca-4387-a7fe-d12c9527a12f"
        }
    ], 
    "PolicyARN": "arn:aws:autoscaling:us-east-1:076392918214:scalingPolicy:664e65b3-cfea-4d49-8490-5f5cb24287fa:autoScalingGroupName/asg-1-myASG:policyName/asg-1-AppServerSP-1CNDUMJCPOWX8"
}
[2022-06-03T02:51:09]==============================[SCALING RUN 3: FORTIO]==============================
[2022-06-03T02:51:09]==============================[STATS]
jh CPU load avg:
0.11 0.16 0.14 1/159 1186
i-0dc2991e89783b16d
InService
Healthy
{}
[2022-06-03T02:51:10]==============================[SCALING RUN 3: CHUNK 1]==============================
02:51:10 I logger.go:127> Log level is now 4 Error (was 2 Info)
Fortio 1.19.0 running at -1 queries per second, 2->2 procs, for 1m0s: http://asg-1-lb-39485248.us-east-1.elb.amazonaws.com:3000/?n=20000
Aggregated Function Time : count 95909 avg 0.015641227 +/- 0.004302 min 0.001686297 max 0.061390345 sum 1500.1344
# target 50% 0.0155213
# target 75% 0.0183503
# target 90% 0.0204402
# target 99% 0.029843
# target 99.9% 0.0438837
Sockets used: 25 (for perfect keepalive, would be 25)
Jitter: false
Code 200 : 95909 (100.0 %)
All done 95909 calls (plus 25 warmup) 15.641 ms avg, 1598.1 qps
Successfully wrote 2557 bytes of Json data to 2022-06-03-025110_asg_riwai_3_scaling_3_1.json
fortio exit code: 0
[2022-06-03T02:52:10]==============================[STATS]
jh CPU load avg:
0.07 0.14 0.13 1/159 1205
i-0dc2991e89783b16d
InService
Healthy
{}
[2022-06-03T02:52:11]==============================[SCALING RUN 3: CHUNK 2]==============================
02:52:11 I logger.go:127> Log level is now 4 Error (was 2 Info)
Fortio 1.19.0 running at -1 queries per second, 2->2 procs, for 1m0s: http://asg-1-lb-39485248.us-east-1.elb.amazonaws.com:3000/?n=20000
Aggregated Function Time : count 96864 avg 0.01548704 +/- 0.004183 min 0.001446455 max 0.051395655 sum 1500.13667
# target 50% 0.0155215
# target 75% 0.0183338
# target 90% 0.0201954
# target 99% 0.0295232
# target 99.9% 0.0415909
Sockets used: 25 (for perfect keepalive, would be 25)
Jitter: false
Code 200 : 96864 (100.0 %)
All done 96864 calls (plus 25 warmup) 15.487 ms avg, 1614.0 qps
Successfully wrote 2440 bytes of Json data to 2022-06-03-025211_asg_riwai_3_scaling_3_2.json
fortio exit code: 0
[2022-06-03T02:53:11]==============================[STATS]
jh CPU load avg:
0.08 0.13 0.13 1/159 1223
i-0dc2991e89783b16d
InService
Healthy
{}
[2022-06-03T02:53:12]==============================[SCALING RUN 3: CHUNK 3]==============================
02:53:12 I logger.go:127> Log level is now 4 Error (was 2 Info)
Fortio 1.19.0 running at -1 queries per second, 2->2 procs, for 1m0s: http://asg-1-lb-39485248.us-east-1.elb.amazonaws.com:3000/?n=20000
Aggregated Function Time : count 96951 avg 0.015473579 +/- 0.004123 min 0.001450518 max 0.045837196 sum 1500.17897
# target 50% 0.0155183
# target 75% 0.0183178
# target 90% 0.0199976
# target 99% 0.0295038
# target 99.9% 0.0400625
Sockets used: 25 (for perfect keepalive, would be 25)
Jitter: false
Code 200 : 96951 (100.0 %)
All done 96951 calls (plus 25 warmup) 15.474 ms avg, 1615.4 qps
Successfully wrote 2320 bytes of Json data to 2022-06-03-025312_asg_riwai_3_scaling_3_3.json
fortio exit code: 0
[2022-06-03T02:54:12]==============================[STATS]
jh CPU load avg:
0.03 0.10 0.12 1/158 1245
i-0dc2991e89783b16d
InService
Healthy
{}
[2022-06-03T02:54:12]==============================[SCALING RUN 3: CHUNK 4]==============================
02:54:12 I logger.go:127> Log level is now 4 Error (was 2 Info)
Fortio 1.19.0 running at -1 queries per second, 2->2 procs, for 1m0s: http://asg-1-lb-39485248.us-east-1.elb.amazonaws.com:3000/?n=20000
Aggregated Function Time : count 97345 avg 0.015410341 +/- 0.004095 min 0.001481985 max 0.049978083 sum 1500.11965
# target 50% 0.0154988
# target 75% 0.0182972
# target 90% 0.0199763
# target 99% 0.0295103
# target 99.9% 0.0398342
Sockets used: 25 (for perfect keepalive, would be 25)
Jitter: false
Code 200 : 97345 (100.0 %)
All done 97345 calls (plus 25 warmup) 15.410 ms avg, 1622.0 qps
Successfully wrote 2313 bytes of Json data to 2022-06-03-025413_asg_riwai_3_scaling_3_4.json
fortio exit code: 0
[2022-06-03T02:55:13]==============================[STATS]
jh CPU load avg:
0.07 0.11 0.12 1/158 1263
i-0dc2991e89783b16d
InService
Healthy
{}
[2022-06-03T02:55:13]==============================[SCALING RUN 3: CHUNK 5]==============================
02:55:13 I logger.go:127> Log level is now 4 Error (was 2 Info)
Fortio 1.19.0 running at -1 queries per second, 2->2 procs, for 1m0s: http://asg-1-lb-39485248.us-east-1.elb.amazonaws.com:3000/?n=20000
Aggregated Function Time : count 97768 avg 0.015343687 +/- 0.004125 min 0.001496344 max 0.043812759 sum 1500.12163
# target 50% 0.0155134
# target 75% 0.0183211
# target 90% 0.0200536
# target 99% 0.0294544
# target 99.9% 0.0392078
Sockets used: 25 (for perfect keepalive, would be 25)
Jitter: false
Code 200 : 97768 (100.0 %)
All done 97768 calls (plus 25 warmup) 15.344 ms avg, 1629.1 qps
Successfully wrote 2322 bytes of Json data to 2022-06-03-025513_asg_riwai_3_scaling_3_5.json
fortio exit code: 0
[2022-06-03T02:56:13]==============================[STATS]
jh CPU load avg:
0.09 0.10 0.11 1/158 1280
i-0abf8dc5301078973
InService
Healthy
{}
i-0dc2991e89783b16d
InService
Healthy
{}
[2022-06-03T02:56:14]==============================[SCALING RUN 3: CHUNK 6]==============================
02:56:14 I logger.go:127> Log level is now 4 Error (was 2 Info)
Fortio 1.19.0 running at -1 queries per second, 2->2 procs, for 1m0s: http://asg-1-lb-39485248.us-east-1.elb.amazonaws.com:3000/?n=20000
Aggregated Function Time : count 97714 avg 0.015352494 +/- 0.004522 min 0.00155808 max 0.066529724 sum 1500.15359
# target 50% 0.0155654
# target 75% 0.0184578
# target 90% 0.0215231
# target 99% 0.0297275
# target 99.9% 0.0445025
Sockets used: 38 (for perfect keepalive, would be 25)
Jitter: false
Code 200 : 97714 (100.0 %)
All done 97714 calls (plus 25 warmup) 15.352 ms avg, 1628.1 qps
Successfully wrote 2560 bytes of Json data to 2022-06-03-025614_asg_riwai_3_scaling_3_6.json
fortio exit code: 0
[2022-06-03T02:57:14]==============================[STATS]
jh CPU load avg:
0.08 0.10 0.10 1/158 1347
i-0abf8dc5301078973
InService
Healthy
{}
i-0dc2991e89783b16d
InService
Healthy
{}
[2022-06-03T02:57:15]==============================[SCALING RUN 3: CHUNK 7]==============================
02:57:15 I logger.go:127> Log level is now 4 Error (was 2 Info)
Fortio 1.19.0 running at -1 queries per second, 2->2 procs, for 1m0s: http://asg-1-lb-39485248.us-east-1.elb.amazonaws.com:3000/?n=20000
Aggregated Function Time : count 158257 avg 0.0094781089 +/- 0.004245 min 0.001317321 max 0.065000891 sum 1499.97707
# target 50% 0.00971068
# target 75% 0.0152149
# target 90% 0.0185756
# target 99% 0.0274936
# target 99.9% 0.0315143
Sockets used: 25 (for perfect keepalive, would be 25)
Jitter: false
Code 200 : 158257 (100.0 %)
All done 158257 calls (plus 25 warmup) 9.478 ms avg, 2637.2 qps
Successfully wrote 2565 bytes of Json data to 2022-06-03-025715_asg_riwai_3_scaling_3_7.json
fortio exit code: 0
[2022-06-03T02:58:15]==============================[STATS]
jh CPU load avg:
0.07 0.09 0.10 1/158 1364
i-0abf8dc5301078973
InService
Healthy
{}
i-0dc2991e89783b16d
InService
Healthy
{}
[2022-06-03T02:58:16]==============================[SCALING RUN 3: CHUNK 8]==============================
02:58:16 I logger.go:127> Log level is now 4 Error (was 2 Info)
Fortio 1.19.0 running at -1 queries per second, 2->2 procs, for 1m0s: http://asg-1-lb-39485248.us-east-1.elb.amazonaws.com:3000/?n=20000
Aggregated Function Time : count 158747 avg 0.0094492661 +/- 0.004138 min 0.001316675 max 0.038393589 sum 1500.04264
# target 50% 0.00976007
# target 75% 0.0152371
# target 90% 0.0185687
# target 99% 0.0272964
# target 99.9% 0.0298656
Sockets used: 25 (for perfect keepalive, would be 25)
Jitter: false
Code 200 : 158747 (100.0 %)
All done 158747 calls (plus 25 warmup) 9.449 ms avg, 2645.2 qps
Successfully wrote 2209 bytes of Json data to 2022-06-03-025816_asg_riwai_3_scaling_3_8.json
fortio exit code: 0
[2022-06-03T02:59:16]==============================[STATS]
jh CPU load avg:
0.10 0.10 0.10 1/156 1382
i-0abf8dc5301078973
InService
Healthy
{}
i-0dc2991e89783b16d
InService
Healthy
{}
[2022-06-03T02:59:16]==============================[SCALING RUN 3: CHUNK 9]==============================
02:59:16 I logger.go:127> Log level is now 4 Error (was 2 Info)
Fortio 1.19.0 running at -1 queries per second, 2->2 procs, for 1m0s: http://asg-1-lb-39485248.us-east-1.elb.amazonaws.com:3000/?n=20000
Aggregated Function Time : count 156802 avg 0.0095664635 +/- 0.004512 min 0.001333696 max 0.240619903 sum 1500.0406
# target 50% 0.00973967
# target 75% 0.0152992
# target 90% 0.0186887
# target 99% 0.0281578
# target 99.9% 0.0380461
Sockets used: 25 (for perfect keepalive, would be 25)
Jitter: false
Code 200 : 156802 (100.0 %)
All done 156802 calls (plus 25 warmup) 9.566 ms avg, 2612.8 qps
Successfully wrote 2798 bytes of Json data to 2022-06-03-025916_asg_riwai_3_scaling_3_9.json
fortio exit code: 0
[2022-06-03T03:00:16]==============================[STATS]
jh CPU load avg:
0.07 0.09 0.09 1/158 1406
i-0abf8dc5301078973
InService
Healthy
{}
i-0dc2991e89783b16d
InService
Healthy
{}
[2022-06-03T03:00:17]==============================[SCALING RUN 3: CHUNK 10]==============================
03:00:17 I logger.go:127> Log level is now 4 Error (was 2 Info)
Fortio 1.19.0 running at -1 queries per second, 2->2 procs, for 1m0s: http://asg-1-lb-39485248.us-east-1.elb.amazonaws.com:3000/?n=20000
Aggregated Function Time : count 158575 avg 0.0094595512 +/- 0.003671 min 0.001339274 max 0.037148741 sum 1500.04834
# target 50% 0.00943337
# target 75% 0.0150058
# target 90% 0.0184982
# target 99% 0.0272983
# target 99.9% 0.0298744
Sockets used: 25 (for perfect keepalive, would be 25)
Jitter: false
Code 200 : 158575 (100.0 %)
All done 158575 calls (plus 25 warmup) 9.460 ms avg, 2642.4 qps
Successfully wrote 2210 bytes of Json data to 2022-06-03-030017_asg_riwai_3_scaling_3_10.json
fortio exit code: 0
[2022-06-03T03:01:17]==============================[STATS]
jh CPU load avg:
0.28 0.15 0.11 1/159 1436
i-0abf8dc5301078973
InService
Healthy
{}
i-0dc2991e89783b16d
InService
Healthy
{}
[2022-06-03T03:01:18]==============================[SCALING RUN 3: CHUNK 11]==============================
03:01:18 I logger.go:127> Log level is now 4 Error (was 2 Info)
Fortio 1.19.0 running at -1 queries per second, 2->2 procs, for 1m0s: http://asg-1-lb-39485248.us-east-1.elb.amazonaws.com:3000/?n=20000
Aggregated Function Time : count 159035 avg 0.0094321925 +/- 0.004233 min 0.001300654 max 0.223004729 sum 1500.04873
# target 50% 0.00975746
# target 75% 0.0152359
# target 90% 0.0185686
# target 99% 0.0273146
# target 99.9% 0.0298884
Sockets used: 25 (for perfect keepalive, would be 25)
Jitter: false
Code 200 : 159035 (100.0 %)
All done 159035 calls (plus 25 warmup) 9.432 ms avg, 2650.0 qps
Successfully wrote 2444 bytes of Json data to 2022-06-03-030118_asg_riwai_3_scaling_3_11.json
fortio exit code: 0
[2022-06-03T03:02:18]==============================[STATS]
jh CPU load avg:
0.27 0.17 0.12 1/159 1453
i-073fb21d8972cf35d
InService
Healthy
{}
i-0abf8dc5301078973
InService
Healthy
{}
i-0dc2991e89783b16d
InService
Healthy
{}
[2022-06-03T03:02:19]==============================[SCALING RUN 3: CHUNK 12]==============================
03:02:19 I logger.go:127> Log level is now 4 Error (was 2 Info)
Fortio 1.19.0 running at -1 queries per second, 2->2 procs, for 1m0s: http://asg-1-lb-39485248.us-east-1.elb.amazonaws.com:3000/?n=20000
Aggregated Function Time : count 158753 avg 0.009448867 +/- 0.004179 min 0.001314453 max 0.063442222 sum 1500.03598
# target 50% 0.0097597
# target 75% 0.0152465
# target 90% 0.0185844
# target 99% 0.027425
# target 99.9% 0.0299579
Sockets used: 25 (for perfect keepalive, would be 25)
Jitter: false
Code 200 : 158753 (100.0 %)
All done 158753 calls (plus 25 warmup) 9.449 ms avg, 2645.3 qps
Successfully wrote 2445 bytes of Json data to 2022-06-03-030219_asg_riwai_3_scaling_3_12.json
fortio exit code: 0
[2022-06-03T03:03:19]==============================[STATS]
jh CPU load avg:
0.13 0.15 0.11 1/159 1470
i-073fb21d8972cf35d
InService
Healthy
{}
i-0abf8dc5301078973
InService
Healthy
{}
i-0dc2991e89783b16d
InService
Healthy
{}
[2022-06-03T03:03:20]==============================[SCALING RUN 3: CHUNK 13]==============================
03:03:20 I logger.go:127> Log level is now 4 Error (was 2 Info)
Fortio 1.19.0 running at -1 queries per second, 2->2 procs, for 1m0s: http://asg-1-lb-39485248.us-east-1.elb.amazonaws.com:3000/?n=20000
Aggregated Function Time : count 218653 avg 0.0068601547 +/- 0.002537 min 0.001262459 max 0.218096013 sum 1499.99341
# target 50% 0.00647546
# target 75% 0.00908199
# target 90% 0.0138558
# target 99% 0.0194573
# target 99.9% 0.0222308
Sockets used: 25 (for perfect keepalive, would be 25)
Jitter: false
Code 200 : 218653 (100.0 %)
All done 218653 calls (plus 25 warmup) 6.860 ms avg, 3643.4 qps
Successfully wrote 2326 bytes of Json data to 2022-06-03-030320_asg_riwai_3_scaling_3_13.json
fortio exit code: 0
[2022-06-03T03:04:20]==============================[STATS]
jh CPU load avg:
0.16 0.16 0.12 1/159 1487
i-073fb21d8972cf35d
InService
Healthy
{}
i-0abf8dc5301078973
InService
Healthy
{}
i-0dc2991e89783b16d
InService
Healthy
{}
[2022-06-03T03:04:20]==============================[SCALING RUN 3: CHUNK 14]==============================
03:04:20 I logger.go:127> Log level is now 4 Error (was 2 Info)
Fortio 1.19.0 running at -1 queries per second, 2->2 procs, for 1m0s: http://asg-1-lb-39485248.us-east-1.elb.amazonaws.com:3000/?n=20000
Aggregated Function Time : count 217647 avg 0.0068916663 +/- 0.002595 min 0.001291091 max 0.064864239 sum 1499.9505
# target 50% 0.00649797
# target 75% 0.00910144
# target 90% 0.0139369
# target 99% 0.0194979
# target 99.9% 0.0251447
Sockets used: 25 (for perfect keepalive, would be 25)
Jitter: false
Code 200 : 217647 (100.0 %)
All done 217647 calls (plus 25 warmup) 6.892 ms avg, 3627.2 qps
Successfully wrote 2564 bytes of Json data to 2022-06-03-030421_asg_riwai_3_scaling_3_14.json
fortio exit code: 0
[2022-06-03T03:05:21]==============================[STATS]
jh CPU load avg:
0.14 0.16 0.11 1/159 1505
i-073fb21d8972cf35d
InService
Healthy
{}
i-0abf8dc5301078973
InService
Healthy
{}
i-0dc2991e89783b16d
InService
Healthy
{}
[2022-06-03T03:09:22]==============================[GET DATA]==============================
2022-06-03T01:17:00..2022-06-03T03:09:22
asg-1-myASG
asg-1-lb
36K alb_data.json
24K asg_data.json
[2022-06-03T03:09:23]==============================[UPLOAD /2022.06.03_01-15_asg_riwai_3_7945]==============================
Warning: Permanently added '35.185.210.97' (ECDSA) to the list of known hosts.
