+ git log -3
commit a9b821fa65835b8d47604dac5a329a9dcea79047
Author: Your Name <you@example.com>
Date:   Thu Apr 21 19:28:52 2022 +1200

    randomize plot colors

commit 0a320cb4dcb40f798b6f5016d2095e77f306e3c6
Author: Your Name <you@example.com>
Date:   Wed Apr 20 07:52:49 2022 +1200

    better menu

commit 7e4c4a527df005bacba561626bc6652af8ffc4c0
Author: Your Name <you@example.com>
Date:   Mon Apr 18 10:10:14 2022 +1200

    use relative paths
++ cut -d _ -f 2
+ app=raupi
+ export AWS_DEFAULT_REGION=us-east-1
+ AWS_DEFAULT_REGION=us-east-1
+ line===============================
++ date +%FT%T
+ echo '[2022-04-22T00:42:17]==============================[starting' in '/tmp/k8s-vs-ASG/data/cli]=============================='
[2022-04-22T00:42:17]==============================[starting in /tmp/k8s-vs-ASG/data/cli]==============================
+ source 0.setup.sh
++ set -x
++ '[' asg_raupi_3 == k8s_apache_3 ']'
++ '[' asg_raupi_3 == asg_apache_3 ']'
++ '[' asg_raupi_3 == k8s_apache2_3 ']'
++ '[' asg_raupi_3 == k8s_taewa_3 ']'
++ '[' asg_raupi_3 == asg_taewa_3 ']'
++ '[' asg_raupi_3 == k8s_taewa_3lite ']'
++ '[' asg_raupi_3 == asg_taewa_3lite ']'
++ '[' asg_raupi_3 == k8s_taewa_3extra ']'
++ '[' asg_raupi_3 == asg_taewa_3extra ']'
++ '[' asg_raupi_3 == k8s_taewa_6 ']'
++ '[' asg_raupi_3 == asg_taewa_6 ']'
++ '[' asg_raupi_3 == k8s_riwai_3 ']'
++ '[' asg_raupi_3 == asg_riwai_3 ']'
++ '[' asg_raupi_3 == asg_raupi_3 ']'
++ warmup_url='3000/?n=200'
++ testing_url='3000/?n=200'
++ cpu_perc=35
++ warmup_min_threads=15
++ warmup_max_threads=25
++ warmup_cycle_sec=90
++ scaling_minutes=14
++ performance_sec=300
++ max_capacity=3
++ fortio_options='-a -qps -1 -r 0.01 -loglevel Error -allow-initial-errors'
++ '[' asg_raupi_3 == k8s_raupi_3 ']'
++ set +x
{
    "Account": "887119432628", 
    "UserId": "AIDA45DDQJO2JCEKH4R7W", 
    "Arn": "arn:aws:iam::887119432628:user/ad"
}
[2022-04-22T00:42:26] waiting for instances ...
scaling to 3
{
    "HealthCheck": {
        "HealthyThreshold": 2, 
        "Interval": 10, 
        "Target": "HTTP:3000/?n=200", 
        "Timeout": 5, 
        "UnhealthyThreshold": 6
    }
}
  % Total    % Received % Xferd  Average Speed   Time    Time     Time  Current
                                 Dload  Upload   Total   Spent    Left  Speed
  0     0    0     0    0     0      0      0 --:--:-- --:--:-- --:--:--     0100    44  100    44    0     0   9079      0 --:--:-- --:--:-- --:--:-- 11000
The result of flsk run is : 46.6195763057015
[2022-04-22T00:47:29]==============================[STATS]
jh CPU load avg:
0.04 0.25 0.17 1/156 2874
i-0772d984c1a79ecf9
InService
Healthy
{}
i-078eaf218e6ca9b6c
InService
Healthy
{}
i-0d58d30f2229f8d9e
InService
Healthy
{}
[2022-04-22T00:47:30]==============================[WARMUP RUN c15]==============================
00:47:30 I logger.go:127> Log level is now 4 Error (was 2 Info)
Fortio 1.19.0 running at -1 queries per second, 2->2 procs, for 1m30s: http://asg-1-lb-762764543.us-east-1.elb.amazonaws.com:3000/?n=200
Aggregated Function Time : count 197908 avg 0.0068212091 +/- 0.006552 min 0.001076261 max 0.211060709 sum 1349.97185
# target 50% 0.00626937
# target 75% 0.00886595
# target 90% 0.0133974
# target 99% 0.029167
# target 99.9% 0.0793662
Sockets used: 15 (for perfect keepalive, would be 15)
Jitter: false
Code 200 : 197908 (100.0 %)
All done 197908 calls (plus 15 warmup) 6.821 ms avg, 2198.8 qps
Successfully wrote 3753 bytes of Json data to 2022-04-22-004730_asg_raupi_3_warmup_15.json
fortio exit code: 0
[2022-04-22T00:49:00]==============================[STATS]
jh CPU load avg:
0.01 0.18 0.16 1/156 2891
i-0772d984c1a79ecf9
InService
Healthy
{}
i-078eaf218e6ca9b6c
InService
Healthy
{}
i-0d58d30f2229f8d9e
InService
Healthy
{}
[2022-04-22T00:50:01]==============================[STATS]
jh CPU load avg:
0.00 0.14 0.14 1/156 2900
i-0772d984c1a79ecf9
InService
Healthy
{}
i-078eaf218e6ca9b6c
InService
Healthy
{}
i-0d58d30f2229f8d9e
InService
Healthy
{}
[2022-04-22T00:50:02]==============================[WARMUP RUN c16]==============================
00:50:02 I logger.go:127> Log level is now 4 Error (was 2 Info)
Fortio 1.19.0 running at -1 queries per second, 2->2 procs, for 1m30s: http://asg-1-lb-762764543.us-east-1.elb.amazonaws.com:3000/?n=200
Aggregated Function Time : count 152969 avg 0.0094135641 +/- 0.01363 min 0.001048049 max 0.242826233 sum 1439.98349
# target 50% 0.00670588
# target 75% 0.00953483
# target 90% 0.0197661
# target 99% 0.0712363
# target 99.9% 0.131646
Sockets used: 16 (for perfect keepalive, would be 16)
Jitter: false
Code 200 : 152969 (100.0 %)
All done 152969 calls (plus 16 warmup) 9.414 ms avg, 1699.5 qps
Successfully wrote 3759 bytes of Json data to 2022-04-22-005002_asg_raupi_3_warmup_16.json
fortio exit code: 0
[2022-04-22T00:51:32]==============================[STATS]
jh CPU load avg:
0.00 0.10 0.13 1/158 2924
i-0772d984c1a79ecf9
InService
Healthy
{}
i-078eaf218e6ca9b6c
InService
Healthy
{}
i-0d58d30f2229f8d9e
InService
Healthy
{}
[2022-04-22T00:52:33]==============================[STATS]
jh CPU load avg:
0.00 0.08 0.11 1/158 2933
i-0772d984c1a79ecf9
InService
Healthy
{}
i-078eaf218e6ca9b6c
InService
Healthy
{}
i-0d58d30f2229f8d9e
InService
Healthy
{}
[2022-04-22T00:52:33]==============================[WARMUP RUN c17]==============================
00:52:33 I logger.go:127> Log level is now 4 Error (was 2 Info)
Fortio 1.19.0 running at -1 queries per second, 2->2 procs, for 1m30s: http://asg-1-lb-762764543.us-east-1.elb.amazonaws.com:3000/?n=200
Aggregated Function Time : count 149010 avg 0.010270105 +/- 0.01443 min 0.001054218 max 0.281460425 sum 1530.34833
# target 50% 0.00696586
# target 75% 0.00992172
# target 90% 0.0200101
# target 99% 0.0772805
# target 99.9% 0.140858
Sockets used: 17 (for perfect keepalive, would be 17)
Jitter: false
Code 200 : 149010 (100.0 %)
All done 149010 calls (plus 17 warmup) 10.270 ms avg, 1654.0 qps
Successfully wrote 3875 bytes of Json data to 2022-04-22-005233_asg_raupi_3_warmup_17.json
fortio exit code: 0
[2022-04-22T00:54:03]==============================[STATS]
jh CPU load avg:
0.00 0.05 0.10 1/158 2951
i-0772d984c1a79ecf9
InService
Healthy
{}
i-078eaf218e6ca9b6c
InService
Healthy
{}
i-0d58d30f2229f8d9e
InService
Healthy
{}
[2022-04-22T00:55:04]==============================[STATS]
jh CPU load avg:
0.00 0.04 0.09 1/159 2963
i-0772d984c1a79ecf9
InService
Healthy
{}
i-078eaf218e6ca9b6c
InService
Healthy
{}
i-0d58d30f2229f8d9e
InService
Healthy
{}
[2022-04-22T00:55:05]==============================[WARMUP RUN c18]==============================
00:55:05 I logger.go:127> Log level is now 4 Error (was 2 Info)
Fortio 1.19.0 running at -1 queries per second, 2->2 procs, for 1m30s: http://asg-1-lb-762764543.us-east-1.elb.amazonaws.com:3000/?n=200
Aggregated Function Time : count 210658 avg 0.0076912281 +/- 0.01096 min 0.001102204 max 0.367236245 sum 1620.21873
# target 50% 0.0063428
# target 75% 0.00896313
# target 90% 0.015027
# target 99% 0.055377
# target 99.9% 0.128951
Sockets used: 18 (for perfect keepalive, would be 18)
Jitter: false
Code 200 : 210658 (100.0 %)
All done 210658 calls (plus 18 warmup) 7.691 ms avg, 2338.6 qps
Successfully wrote 4137 bytes of Json data to 2022-04-22-005505_asg_raupi_3_warmup_18.json
fortio exit code: 0
[2022-04-22T00:56:35]==============================[STATS]
jh CPU load avg:
0.29 0.12 0.11 1/158 2982
i-0772d984c1a79ecf9
InService
Healthy
{}
i-078eaf218e6ca9b6c
InService
Healthy
{}
i-0d58d30f2229f8d9e
InService
Healthy
{}
[2022-04-22T00:57:36]==============================[STATS]
jh CPU load avg:
0.10 0.09 0.10 1/158 2991
i-0772d984c1a79ecf9
InService
Healthy
{}
i-078eaf218e6ca9b6c
InService
Healthy
{}
i-0d58d30f2229f8d9e
InService
Healthy
{}
[2022-04-22T00:57:36]==============================[WARMUP RUN c19]==============================
00:57:36 I logger.go:127> Log level is now 4 Error (was 2 Info)
Fortio 1.19.0 running at -1 queries per second, 2->2 procs, for 1m30s: http://asg-1-lb-762764543.us-east-1.elb.amazonaws.com:3000/?n=200
Aggregated Function Time : count 208001 avg 0.0082225683 +/- 0.01488 min 0.001013555 max 0.551662804 sum 1710.30242
# target 50% 0.00632615
# target 75% 0.00898247
# target 90% 0.015731
# target 99% 0.0639529
# target 99.9% 0.183018
Sockets used: 19 (for perfect keepalive, would be 19)
Jitter: false
Code 200 : 208001 (100.0 %)
All done 208001 calls (plus 19 warmup) 8.223 ms avg, 2307.2 qps
Successfully wrote 4496 bytes of Json data to 2022-04-22-005736_asg_raupi_3_warmup_19.json
fortio exit code: 0
[2022-04-22T00:59:06]==============================[STATS]
jh CPU load avg:
0.11 0.10 0.09 1/158 3008
i-0772d984c1a79ecf9
InService
Healthy
{}
i-078eaf218e6ca9b6c
InService
Healthy
{}
i-0d58d30f2229f8d9e
InService
Healthy
{}
[2022-04-22T01:00:07]==============================[STATS]
jh CPU load avg:
0.04 0.08 0.09 1/160 3024
i-0772d984c1a79ecf9
InService
Healthy
{}
i-078eaf218e6ca9b6c
InService
Healthy
{}
i-0d58d30f2229f8d9e
InService
Healthy
{}
[2022-04-22T01:00:08]==============================[WARMUP RUN c20]==============================
01:00:08 I logger.go:127> Log level is now 4 Error (was 2 Info)
Fortio 1.19.0 running at -1 queries per second, 2->2 procs, for 1m30s: http://asg-1-lb-762764543.us-east-1.elb.amazonaws.com:3000/?n=200
Aggregated Function Time : count 271048 avg 0.0066415785 +/- 0.01132 min 0.001050487 max 0.640086621 sum 1800.18657
# target 50% 0.00607834
# target 75% 0.00859229
# target 90% 0.0113118
# target 99% 0.0412492
# target 99.9% 0.138174
Sockets used: 20 (for perfect keepalive, would be 20)
Jitter: false
Code 200 : 271048 (100.0 %)
All done 271048 calls (plus 20 warmup) 6.642 ms avg, 3008.4 qps
Successfully wrote 4474 bytes of Json data to 2022-04-22-010008_asg_raupi_3_warmup_20.json
fortio exit code: 0
[2022-04-22T01:01:38]==============================[STATS]
jh CPU load avg:
0.11 0.08 0.09 1/161 3057
i-0772d984c1a79ecf9
InService
Healthy
{}
i-078eaf218e6ca9b6c
InService
Healthy
{}
i-0d58d30f2229f8d9e
InService
Healthy
{}
[2022-04-22T01:02:39]==============================[STATS]
jh CPU load avg:
0.04 0.06 0.08 1/161 3066
i-0772d984c1a79ecf9
InService
Healthy
{}
i-078eaf218e6ca9b6c
InService
Healthy
{}
i-0d58d30f2229f8d9e
InService
Healthy
{}
[2022-04-22T01:02:39]==============================[WARMUP RUN c21]==============================
01:02:39 I logger.go:127> Log level is now 4 Error (was 2 Info)
Fortio 1.19.0 running at -1 queries per second, 2->2 procs, for 1m30s: http://asg-1-lb-762764543.us-east-1.elb.amazonaws.com:3000/?n=200
Aggregated Function Time : count 277653 avg 0.0068072014 +/- 0.01264 min 0.001041449 max 0.985091079 sum 1890.0399
# target 50% 0.00607965
# target 75% 0.00859877
# target 90% 0.0113331
# target 99% 0.0480804
# target 99.9% 0.109914
Sockets used: 21 (for perfect keepalive, would be 21)
Jitter: false
Code 200 : 277653 (100.0 %)
All done 277653 calls (plus 21 warmup) 6.807 ms avg, 3084.5 qps
Successfully wrote 4366 bytes of Json data to 2022-04-22-010240_asg_raupi_3_warmup_21.json
fortio exit code: 0
[2022-04-22T01:04:10]==============================[STATS]
jh CPU load avg:
0.06 0.07 0.08 1/161 3084
i-0772d984c1a79ecf9
InService
Healthy
{}
i-078eaf218e6ca9b6c
InService
Healthy
{}
i-0d58d30f2229f8d9e
InService
Healthy
{}
[2022-04-22T01:05:10]==============================[STATS]
jh CPU load avg:
0.02 0.06 0.08 1/158 3093
i-0772d984c1a79ecf9
InService
Healthy
{}
i-078eaf218e6ca9b6c
InService
Healthy
{}
i-0d58d30f2229f8d9e
InService
Healthy
{}
[2022-04-22T01:05:11]==============================[WARMUP RUN c22]==============================
01:05:11 I logger.go:127> Log level is now 4 Error (was 2 Info)
Fortio 1.19.0 running at -1 queries per second, 2->2 procs, for 1m30s: http://asg-1-lb-762764543.us-east-1.elb.amazonaws.com:3000/?n=200
Aggregated Function Time : count 275990 avg 0.0071758181 +/- 0.01442 min 0.001033439 max 1.320012181 sum 1980.45404
# target 50% 0.00617788
# target 75% 0.00875013
# target 90% 0.0129532
# target 99% 0.0399338
# target 99.9% 0.198704
Sockets used: 22 (for perfect keepalive, would be 22)
Jitter: false
Code 200 : 275990 (100.0 %)
All done 275990 calls (plus 22 warmup) 7.176 ms avg, 3064.5 qps
Successfully wrote 4856 bytes of Json data to 2022-04-22-010511_asg_raupi_3_warmup_22.json
fortio exit code: 0
[2022-04-22T01:06:41]==============================[STATS]
jh CPU load avg:
0.08 0.06 0.08 1/158 3112
i-0772d984c1a79ecf9
InService
Healthy
{}
i-078eaf218e6ca9b6c
InService
Healthy
{}
i-0d58d30f2229f8d9e
InService
Healthy
{}
[2022-04-22T01:07:41]==============================[STATS]
jh CPU load avg:
0.03 0.04 0.07 1/158 3121
i-0772d984c1a79ecf9
InService
Healthy
{}
i-078eaf218e6ca9b6c
InService
Healthy
{}
i-0d58d30f2229f8d9e
InService
Healthy
{}
[2022-04-22T01:07:42]==============================[WARMUP RUN c23]==============================
01:07:42 I logger.go:127> Log level is now 4 Error (was 2 Info)
Fortio 1.19.0 running at -1 queries per second, 2->2 procs, for 1m30s: http://asg-1-lb-762764543.us-east-1.elb.amazonaws.com:3000/?n=200
Aggregated Function Time : count 272877 avg 0.0075856216 +/- 0.01855 min 0.001069806 max 1.028218283 sum 2069.94165
# target 50% 0.00625869
# target 75% 0.00885316
# target 90% 0.0138786
# target 99% 0.0439131
# target 99.9% 0.286735
Sockets used: 23 (for perfect keepalive, would be 23)
Jitter: false
Code 200 : 272877 (100.0 %)
All done 272877 calls (plus 23 warmup) 7.586 ms avg, 3031.7 qps
Successfully wrote 4980 bytes of Json data to 2022-04-22-010742_asg_raupi_3_warmup_23.json
fortio exit code: 0
[2022-04-22T01:09:12]==============================[STATS]
jh CPU load avg:
0.11 0.07 0.08 1/158 3189
i-0772d984c1a79ecf9
InService
Healthy
{}
i-078eaf218e6ca9b6c
InService
Healthy
{}
i-0d58d30f2229f8d9e
InService
Healthy
{}
[2022-04-22T01:10:13]==============================[STATS]
jh CPU load avg:
0.04 0.06 0.07 1/159 3204
i-0772d984c1a79ecf9
InService
Healthy
{}
i-078eaf218e6ca9b6c
InService
Healthy
{}
i-0d58d30f2229f8d9e
InService
Healthy
{}
[2022-04-22T01:10:14]==============================[WARMUP RUN c24]==============================
01:10:14 I logger.go:127> Log level is now 4 Error (was 2 Info)
Fortio 1.19.0 running at -1 queries per second, 2->2 procs, for 1m30s: http://asg-1-lb-762764543.us-east-1.elb.amazonaws.com:3000/?n=200
Aggregated Function Time : count 274330 avg 0.0078741208 +/- 0.0262 min 0.001097283 max 1.452414978 sum 2160.10756
# target 50% 0.00623048
# target 75% 0.0087971
# target 90% 0.0132045
# target 99% 0.041709
# target 99.9% 0.347423
Sockets used: 24 (for perfect keepalive, would be 24)
Jitter: false
Code 200 : 274330 (100.0 %)
All done 274330 calls (plus 24 warmup) 7.874 ms avg, 3045.9 qps
Successfully wrote 5244 bytes of Json data to 2022-04-22-011014_asg_raupi_3_warmup_24.json
fortio exit code: 0
[2022-04-22T01:11:44]==============================[STATS]
jh CPU load avg:
0.16 0.08 0.08 1/159 3223
i-0772d984c1a79ecf9
InService
Healthy
{}
i-078eaf218e6ca9b6c
InService
Healthy
{}
i-0d58d30f2229f8d9e
InService
Healthy
{}
[2022-04-22T01:12:44]==============================[STATS]
jh CPU load avg:
0.64 0.22 0.13 1/164 24472
i-0772d984c1a79ecf9
InService
Healthy
{}
i-078eaf218e6ca9b6c
InService
Healthy
{}
i-0d58d30f2229f8d9e
InService
Healthy
{}
[2022-04-22T01:12:45]==============================[WARMUP RUN c25]==============================
01:12:45 I logger.go:127> Log level is now 4 Error (was 2 Info)
Fortio 1.19.0 running at -1 queries per second, 2->2 procs, for 1m30s: http://asg-1-lb-762764543.us-east-1.elb.amazonaws.com:3000/?n=200
Aggregated Function Time : count 258025 avg 0.0087213468 +/- 0.028 min 0.001036938 max 1.55050548 sum 2250.32552
# target 50% 0.00647745
# target 75% 0.00919773
# target 90% 0.0156771
# target 99% 0.0507744
# target 99.9% 0.42204
Sockets used: 25 (for perfect keepalive, would be 25)
Jitter: false
Code 200 : 258025 (100.0 %)
All done 258025 calls (plus 25 warmup) 8.721 ms avg, 2862.4 qps
Successfully wrote 5241 bytes of Json data to 2022-04-22-011245_asg_raupi_3_warmup_25.json
fortio exit code: 0
[2022-04-22T01:14:15]==============================[STATS]
jh CPU load avg:
0.50 0.30 0.17 1/159 32738
i-0772d984c1a79ecf9
InService
Healthy
{}
i-078eaf218e6ca9b6c
InService
Healthy
{}
i-0d58d30f2229f8d9e
InService
Healthy
{}
{
    "LoadBalancerDescriptions": [
        {
            "Subnets": [
                "subnet-01ae803d3486e7674", 
                "subnet-08a346d0c6ff35bc3"
            ], 
            "CanonicalHostedZoneNameID": "Z35SXDOTRQ7X7K", 
            "CanonicalHostedZoneName": "asg-1-lb-762764543.us-east-1.elb.amazonaws.com", 
            "ListenerDescriptions": [
                {
                    "Listener": {
                        "InstancePort": 3000, 
                        "LoadBalancerPort": 3000, 
                        "Protocol": "TCP", 
                        "InstanceProtocol": "TCP"
                    }, 
                    "PolicyNames": []
                }, 
                {
                    "Listener": {
                        "InstancePort": 80, 
                        "LoadBalancerPort": 80, 
                        "Protocol": "TCP", 
                        "InstanceProtocol": "TCP"
                    }, 
                    "PolicyNames": []
                }
            ], 
            "HealthCheck": {
                "HealthyThreshold": 2, 
                "Interval": 10, 
                "Target": "HTTP:3000/?n=200", 
                "Timeout": 5, 
                "UnhealthyThreshold": 6
            }, 
            "VPCId": "vpc-0421628202e4c9a35", 
            "BackendServerDescriptions": [], 
            "Instances": [
                {
                    "InstanceId": "i-0772d984c1a79ecf9"
                }, 
                {
                    "InstanceId": "i-078eaf218e6ca9b6c"
                }, 
                {
                    "InstanceId": "i-0d58d30f2229f8d9e"
                }
            ], 
            "DNSName": "asg-1-lb-762764543.us-east-1.elb.amazonaws.com", 
            "SecurityGroups": [
                "sg-08a9a09794ee175c2"
            ], 
            "Policies": {
                "LBCookieStickinessPolicies": [], 
                "AppCookieStickinessPolicies": [], 
                "OtherPolicies": []
            }, 
            "LoadBalancerName": "asg-1-lb", 
            "CreatedTime": "2022-04-22T00:37:35.020Z", 
            "AvailabilityZones": [
                "us-east-1b", 
                "us-east-1a"
            ], 
            "Scheme": "internet-facing", 
            "SourceSecurityGroup": {
                "OwnerAlias": "887119432628", 
                "GroupName": "asg-1-ALBSecurityGroup-11CC62VOYF12P"
            }
        }
    ]
}
{
    "AutoScalingGroups": [
        {
            "AutoScalingGroupARN": "arn:aws:autoscaling:us-east-1:887119432628:autoScalingGroup:4cd70dc6-340f-4cb2-b293-0dd660d01a93:autoScalingGroupName/asg-1-myASG", 
            "ServiceLinkedRoleARN": "arn:aws:iam::887119432628:role/aws-service-role/autoscaling.amazonaws.com/AWSServiceRoleForAutoScaling", 
            "TargetGroupARNs": [], 
            "SuspendedProcesses": [], 
            "LaunchTemplate": {
                "LaunchTemplateName": "asg-1-launch-template", 
                "Version": "1", 
                "LaunchTemplateId": "lt-0b862ec8fc3254ec7"
            }, 
            "Tags": [
                {
                    "ResourceType": "auto-scaling-group", 
                    "ResourceId": "asg-1-myASG", 
                    "PropagateAtLaunch": true, 
                    "Value": "asg-1-instance", 
                    "Key": "Name"
                }, 
                {
                    "ResourceType": "auto-scaling-group", 
                    "ResourceId": "asg-1-myASG", 
                    "PropagateAtLaunch": false, 
                    "Value": "WebServerGroup", 
                    "Key": "Purpose"
                }, 
                {
                    "ResourceType": "auto-scaling-group", 
                    "ResourceId": "asg-1-myASG", 
                    "PropagateAtLaunch": true, 
                    "Value": "myASG", 
                    "Key": "aws:cloudformation:logical-id"
                }, 
                {
                    "ResourceType": "auto-scaling-group", 
                    "ResourceId": "asg-1-myASG", 
                    "PropagateAtLaunch": true, 
                    "Value": "arn:aws:cloudformation:us-east-1:887119432628:stack/asg-1/5d27a6f0-c1d4-11ec-ad0a-129d0192e083", 
                    "Key": "aws:cloudformation:stack-id"
                }, 
                {
                    "ResourceType": "auto-scaling-group", 
                    "ResourceId": "asg-1-myASG", 
                    "PropagateAtLaunch": true, 
                    "Value": "asg-1", 
                    "Key": "aws:cloudformation:stack-name"
                }
            ], 
            "EnabledMetrics": [
                {
                    "Metric": "GroupInServiceCapacity", 
                    "Granularity": "1Minute"
                }, 
                {
                    "Metric": "GroupTerminatingInstances", 
                    "Granularity": "1Minute"
                }, 
                {
                    "Metric": "GroupMaxSize", 
                    "Granularity": "1Minute"
                }, 
                {
                    "Metric": "GroupAndWarmPoolTotalCapacity", 
                    "Granularity": "1Minute"
                }, 
                {
                    "Metric": "GroupInServiceInstances", 
                    "Granularity": "1Minute"
                }, 
                {
                    "Metric": "GroupPendingCapacity", 
                    "Granularity": "1Minute"
                }, 
                {
                    "Metric": "WarmPoolTerminatingCapacity", 
                    "Granularity": "1Minute"
                }, 
                {
                    "Metric": "GroupStandbyInstances", 
                    "Granularity": "1Minute"
                }, 
                {
                    "Metric": "WarmPoolDesiredCapacity", 
                    "Granularity": "1Minute"
                }, 
                {
                    "Metric": "GroupStandbyCapacity", 
                    "Granularity": "1Minute"
                }, 
                {
                    "Metric": "WarmPoolTotalCapacity", 
                    "Granularity": "1Minute"
                }, 
                {
                    "Metric": "GroupTotalCapacity", 
                    "Granularity": "1Minute"
                }, 
                {
                    "Metric": "WarmPoolWarmedCapacity", 
                    "Granularity": "1Minute"
                }, 
                {
                    "Metric": "WarmPoolMinSize", 
                    "Granularity": "1Minute"
                }, 
                {
                    "Metric": "GroupMinSize", 
                    "Granularity": "1Minute"
                }, 
                {
                    "Metric": "GroupPendingInstances", 
                    "Granularity": "1Minute"
                }, 
                {
                    "Metric": "GroupDesiredCapacity", 
                    "Granularity": "1Minute"
                }, 
                {
                    "Metric": "GroupTotalInstances", 
                    "Granularity": "1Minute"
                }, 
                {
                    "Metric": "GroupTerminatingCapacity", 
                    "Granularity": "1Minute"
                }, 
                {
                    "Metric": "GroupAndWarmPoolDesiredCapacity", 
                    "Granularity": "1Minute"
                }, 
                {
                    "Metric": "WarmPoolPendingCapacity", 
                    "Granularity": "1Minute"
                }
            ], 
            "TerminationPolicies": [
                "Default"
            ], 
            "AutoScalingGroupName": "asg-1-myASG", 
            "DefaultCooldown": 300, 
            "MinSize": 1, 
            "Instances": [
                {
                    "ProtectedFromScaleIn": false, 
                    "AvailabilityZone": "us-east-1b", 
                    "LaunchTemplate": {
                        "LaunchTemplateName": "asg-1-launch-template", 
                        "Version": "1", 
                        "LaunchTemplateId": "lt-0b862ec8fc3254ec7"
                    }, 
                    "InstanceId": "i-0772d984c1a79ecf9", 
                    "HealthStatus": "Healthy", 
                    "LifecycleState": "InService", 
                    "InstanceType": "t3.medium"
                }, 
                {
                    "ProtectedFromScaleIn": false, 
                    "AvailabilityZone": "us-east-1a", 
                    "LaunchTemplate": {
                        "LaunchTemplateName": "asg-1-launch-template", 
                        "Version": "1", 
                        "LaunchTemplateId": "lt-0b862ec8fc3254ec7"
                    }, 
                    "InstanceId": "i-078eaf218e6ca9b6c", 
                    "HealthStatus": "Healthy", 
                    "LifecycleState": "InService", 
                    "InstanceType": "t3.medium"
                }, 
                {
                    "ProtectedFromScaleIn": false, 
                    "AvailabilityZone": "us-east-1b", 
                    "LaunchTemplate": {
                        "LaunchTemplateName": "asg-1-launch-template", 
                        "Version": "1", 
                        "LaunchTemplateId": "lt-0b862ec8fc3254ec7"
                    }, 
                    "InstanceId": "i-0d58d30f2229f8d9e", 
                    "HealthStatus": "Healthy", 
                    "LifecycleState": "InService", 
                    "InstanceType": "t3.medium"
                }
            ], 
            "MaxSize": 3, 
            "VPCZoneIdentifier": "subnet-01ae803d3486e7674,subnet-08a346d0c6ff35bc3", 
            "HealthCheckGracePeriod": 300, 
            "LoadBalancerNames": [
                "asg-1-lb"
            ], 
            "CreatedTime": "2022-04-22T00:39:59.354Z", 
            "AvailabilityZones": [
                "us-east-1a", 
                "us-east-1b"
            ], 
            "HealthCheckType": "EC2", 
            "NewInstancesProtectedFromScaleIn": false, 
            "DesiredCapacity": 3
        }
    ]
}
[2022-04-22T01:15:18]==============================[PERFORMANCE CHUNK RUN 26]==============================
[2022-04-22T01:16:18]==============================[STATS]
jh CPU load avg:
0.07 0.20 0.15 1/157 32763
i-0772d984c1a79ecf9
InService
Healthy
{}
i-078eaf218e6ca9b6c
InService
Healthy
{}
i-0d58d30f2229f8d9e
InService
Healthy
{}
01:16:19 I logger.go:127> Log level is now 4 Error (was 2 Info)
Fortio 1.19.0 running at -1 queries per second, 2->2 procs, for 1m0s: http://asg-1-lb-762764543.us-east-1.elb.amazonaws.com:3000/?n=200
Aggregated Function Time : count 183035 avg 0.0081954469 +/- 0.02537 min 0.001069654 max 1.7617350950000001 sum 1500.05362
# target 50% 0.00630453
# target 75% 0.008922
# target 90% 0.0140096
# target 99% 0.0443135
# target 99.9% 0.355642
Sockets used: 25 (for perfect keepalive, would be 25)
Jitter: false
Code 200 : 183035 (100.0 %)
All done 183035 calls (plus 25 warmup) 8.195 ms avg, 3049.5 qps
Successfully wrote 5239 bytes of Json data to 2022-04-22-011619_asg_raupi_3_performance_chunk_26_1.json
fortio exit code: 0
[2022-04-22T01:17:19]==============================[STATS]
jh CPU load avg:
0.15 0.20 0.15 1/158 312
i-0772d984c1a79ecf9
InService
Healthy
{}
i-078eaf218e6ca9b6c
InService
Healthy
{}
i-0d58d30f2229f8d9e
InService
Healthy
{}
01:17:20 I logger.go:127> Log level is now 4 Error (was 2 Info)
Fortio 1.19.0 running at -1 queries per second, 2->2 procs, for 1m0s: http://asg-1-lb-762764543.us-east-1.elb.amazonaws.com:3000/?n=200
Aggregated Function Time : count 176939 avg 0.0084799812 +/- 0.02837 min 0.001064056 max 1.418674032 sum 1500.43939
# target 50% 0.00637821
# target 75% 0.00903532
# target 90% 0.0147717
# target 99% 0.0487937
# target 99.9% 0.439708
Sockets used: 25 (for perfect keepalive, would be 25)
Jitter: false
Code 200 : 176939 (100.0 %)
All done 176939 calls (plus 25 warmup) 8.480 ms avg, 2946.7 qps
Successfully wrote 5373 bytes of Json data to 2022-04-22-011720_asg_raupi_3_performance_chunk_26_2.json
fortio exit code: 0
[2022-04-22T01:18:20]==============================[STATS]
jh CPU load avg:
0.13 0.18 0.14 1/158 331
i-0772d984c1a79ecf9
InService
Healthy
{}
i-078eaf218e6ca9b6c
InService
Healthy
{}
i-0d58d30f2229f8d9e
InService
Healthy
{}
01:18:20 I logger.go:127> Log level is now 4 Error (was 2 Info)
Fortio 1.19.0 running at -1 queries per second, 2->2 procs, for 1m0s: http://asg-1-lb-762764543.us-east-1.elb.amazonaws.com:3000/?n=200
Aggregated Function Time : count 175865 avg 0.0085310667 +/- 0.02882 min 0.001080257 max 1.544630476 sum 1500.31605
# target 50% 0.00637547
# target 75% 0.0090231
# target 90% 0.0147461
# target 99% 0.0479243
# target 99.9% 0.378175
Sockets used: 25 (for perfect keepalive, would be 25)
Jitter: false
Code 200 : 175865 (100.0 %)
All done 175865 calls (plus 25 warmup) 8.531 ms avg, 2927.9 qps
Successfully wrote 4882 bytes of Json data to 2022-04-22-011820_asg_raupi_3_performance_chunk_26_3.json
fortio exit code: 0
[2022-04-22T01:19:21]==============================[STATS]
jh CPU load avg:
0.08 0.16 0.14 1/158 348
i-0772d984c1a79ecf9
InService
Healthy
{}
i-078eaf218e6ca9b6c
InService
Healthy
{}
i-0d58d30f2229f8d9e
InService
Healthy
{}
01:19:21 I logger.go:127> Log level is now 4 Error (was 2 Info)
Fortio 1.19.0 running at -1 queries per second, 2->2 procs, for 1m0s: http://asg-1-lb-762764543.us-east-1.elb.amazonaws.com:3000/?n=200
Aggregated Function Time : count 173807 avg 0.0086306559 +/- 0.02718 min 0.00106588 max 1.457565281 sum 1500.0684
# target 50% 0.00646285
# target 75% 0.00916137
# target 90% 0.015375
# target 99% 0.0518079
# target 99.9% 0.40577
Sockets used: 25 (for perfect keepalive, would be 25)
Jitter: false
Code 200 : 173807 (100.0 %)
All done 173807 calls (plus 25 warmup) 8.631 ms avg, 2896.0 qps
Successfully wrote 5372 bytes of Json data to 2022-04-22-011921_asg_raupi_3_performance_chunk_26_4.json
fortio exit code: 0
[2022-04-22T01:20:21]==============================[STATS]
jh CPU load avg:
0.06 0.14 0.13 1/159 375
i-0772d984c1a79ecf9
InService
Healthy
{}
i-078eaf218e6ca9b6c
InService
Healthy
{}
i-0d58d30f2229f8d9e
InService
Healthy
{}
01:20:22 I logger.go:127> Log level is now 4 Error (was 2 Info)
Fortio 1.19.0 running at -1 queries per second, 2->2 procs, for 1m0s: http://asg-1-lb-762764543.us-east-1.elb.amazonaws.com:3000/?n=200
Aggregated Function Time : count 185036 avg 0.008106748 +/- 0.02198 min 0.001063452 max 0.927131919 sum 1500.04023
# target 50% 0.0062758
# target 75% 0.008882
# target 90% 0.01377
# target 99% 0.0432265
# target 99.9% 0.420204
Sockets used: 25 (for perfect keepalive, would be 25)
Jitter: false
Code 200 : 185036 (100.0 %)
All done 185036 calls (plus 25 warmup) 8.107 ms avg, 3083.5 qps
Successfully wrote 4994 bytes of Json data to 2022-04-22-012022_asg_raupi_3_performance_chunk_26_5.json
fortio exit code: 0
[2022-04-22T01:22:22]==============================[STATS]
jh CPU load avg:
0.03 0.10 0.12 1/159 402
i-0772d984c1a79ecf9
InService
Healthy
{}
i-078eaf218e6ca9b6c
InService
Healthy
{}
i-0d58d30f2229f8d9e
InService
Healthy
{}
[2022-04-22T01:22:23]==============================[PERFORMANCE RUN 1]==============================
01:22:23 I logger.go:127> Log level is now 4 Error (was 2 Info)
Fortio 1.19.0 running at -1 queries per second, 2->2 procs, for 5m0s: http://asg-1-lb-762764543.us-east-1.elb.amazonaws.com:3000/?n=200
Aggregated Function Time : count 879982 avg 0.0085301163 +/- 0.0295 min 0.001011319 max 2.942732281 sum 7506.34877
# target 50% 0.00638908
# target 75% 0.00907797
# target 90% 0.0150363
# target 99% 0.0458885
# target 99.9% 0.392863
Sockets used: 25 (for perfect keepalive, would be 25)
Jitter: false
Code 200 : 879982 (100.0 %)
All done 879982 calls (plus 25 warmup) 8.530 ms avg, 2928.1 qps
Successfully wrote 5502 bytes of Json data to 2022-04-22-012223_asg_raupi_3_performance_1.json
fortio exit code: 0
[2022-04-22T01:27:23]==============================[STATS]
jh CPU load avg:
0.53 0.23 0.15 1/160 484
i-0772d984c1a79ecf9
InService
Healthy
{}
i-078eaf218e6ca9b6c
InService
Healthy
{}
i-0d58d30f2229f8d9e
InService
Healthy
{}
[2022-04-22T01:28:24]==============================[STATS]
jh CPU load avg:
0.19 0.19 0.14 1/158 497
i-0772d984c1a79ecf9
InService
Healthy
{}
i-078eaf218e6ca9b6c
InService
Healthy
{}
i-0d58d30f2229f8d9e
InService
Healthy
{}
[2022-04-22T01:28:25]==============================[PERFORMANCE RUN 2]==============================
01:28:25 I logger.go:127> Log level is now 4 Error (was 2 Info)
Fortio 1.19.0 running at -1 queries per second, 2->2 procs, for 5m0s: http://asg-1-lb-762764543.us-east-1.elb.amazonaws.com:3000/?n=200
Aggregated Function Time : count 884095 avg 0.0084829622 +/- 0.02502 min 0.001040486 max 1.814634109 sum 7499.74451
# target 50% 0.00648043
# target 75% 0.00920041
# target 90% 0.0155022
# target 99% 0.0438852
# target 99.9% 0.386526
Sockets used: 25 (for perfect keepalive, would be 25)
Jitter: false
Code 200 : 884095 (100.0 %)
All done 884095 calls (plus 25 warmup) 8.483 ms avg, 2946.8 qps
Successfully wrote 5616 bytes of Json data to 2022-04-22-012825_asg_raupi_3_performance_2.json
fortio exit code: 0
[2022-04-22T01:33:25]==============================[STATS]
jh CPU load avg:
0.36 0.23 0.16 1/159 551
i-0772d984c1a79ecf9
InService
Healthy
{}
i-078eaf218e6ca9b6c
InService
Healthy
{}
i-0d58d30f2229f8d9e
InService
Healthy
{}
[2022-04-22T01:34:25]==============================[STATS]
jh CPU load avg:
0.13 0.18 0.15 1/159 615
i-0772d984c1a79ecf9
InService
Healthy
{}
i-078eaf218e6ca9b6c
InService
Healthy
{}
i-0d58d30f2229f8d9e
InService
Healthy
{}
[2022-04-22T01:34:26]==============================[PERFORMANCE RUN 3]==============================
01:34:26 I logger.go:127> Log level is now 4 Error (was 2 Info)
Fortio 1.19.0 running at -1 queries per second, 2->2 procs, for 5m0s: http://asg-1-lb-762764543.us-east-1.elb.amazonaws.com:3000/?n=200
Aggregated Function Time : count 899087 avg 0.0083416657 +/- 0.02327 min 0.00097042 max 2.308150811 sum 7499.88323
# target 50% 0.00639768
# target 75% 0.00911131
# target 90% 0.0151964
# target 99% 0.0473422
# target 99.9% 0.324051
Sockets used: 25 (for perfect keepalive, would be 25)
Jitter: false
Code 200 : 899087 (100.0 %)
All done 899087 calls (plus 25 warmup) 8.342 ms avg, 2996.5 qps
Successfully wrote 5611 bytes of Json data to 2022-04-22-013426_asg_raupi_3_performance_3.json
fortio exit code: 0
[2022-04-22T01:39:26]==============================[STATS]
jh CPU load avg:
0.22 0.18 0.16 1/158 662
i-0772d984c1a79ecf9
InService
Healthy
{}
i-078eaf218e6ca9b6c
InService
Healthy
{}
i-0d58d30f2229f8d9e
InService
Healthy
{}
scaling to 0
{
    "Alarms": [
        {
            "AlarmName": "TargetTracking-asg-1-myASG-AlarmHigh-18f20bd0-c354-48da-9bdc-e875e7772021", 
            "AlarmARN": "arn:aws:cloudwatch:us-east-1:887119432628:alarm:TargetTracking-asg-1-myASG-AlarmHigh-18f20bd0-c354-48da-9bdc-e875e7772021"
        }, 
        {
            "AlarmName": "TargetTracking-asg-1-myASG-AlarmLow-e28555c3-7b6b-4650-949c-24cbd7895926", 
            "AlarmARN": "arn:aws:cloudwatch:us-east-1:887119432628:alarm:TargetTracking-asg-1-myASG-AlarmLow-e28555c3-7b6b-4650-949c-24cbd7895926"
        }
    ], 
    "PolicyARN": "arn:aws:autoscaling:us-east-1:887119432628:scalingPolicy:e1fc628a-fb4f-42e1-8d35-cedc266a4413:autoScalingGroupName/asg-1-myASG:policyName/asg-1-AppServerSP-6NQJM5AK1W8G"
}
[2022-04-22T01:39:58]==============================[SCALING RUN 1: INIT]==============================
{
    "Alarms": [
        {
            "AlarmName": "TargetTracking-asg-1-myASG-AlarmHigh-18f20bd0-c354-48da-9bdc-e875e7772021", 
            "AlarmARN": "arn:aws:cloudwatch:us-east-1:887119432628:alarm:TargetTracking-asg-1-myASG-AlarmHigh-18f20bd0-c354-48da-9bdc-e875e7772021"
        }, 
        {
            "AlarmName": "TargetTracking-asg-1-myASG-AlarmLow-e28555c3-7b6b-4650-949c-24cbd7895926", 
            "AlarmARN": "arn:aws:cloudwatch:us-east-1:887119432628:alarm:TargetTracking-asg-1-myASG-AlarmLow-e28555c3-7b6b-4650-949c-24cbd7895926"
        }
    ], 
    "PolicyARN": "arn:aws:autoscaling:us-east-1:887119432628:scalingPolicy:e1fc628a-fb4f-42e1-8d35-cedc266a4413:autoScalingGroupName/asg-1-myASG:policyName/asg-1-AppServerSP-6NQJM5AK1W8G"
}
scaling to 1
[2022-04-22T01:40:00]==============================[SCALING RUN 1: ENABLE SCALING - SLEEP]==============================
{
    "Alarms": [
        {
            "AlarmName": "TargetTracking-asg-1-myASG-AlarmHigh-bd70e45b-3d45-4748-9400-25bdcea34290", 
            "AlarmARN": "arn:aws:cloudwatch:us-east-1:887119432628:alarm:TargetTracking-asg-1-myASG-AlarmHigh-bd70e45b-3d45-4748-9400-25bdcea34290"
        }, 
        {
            "AlarmName": "TargetTracking-asg-1-myASG-AlarmLow-bd6856f3-deb5-443a-98f0-709c13e02df5", 
            "AlarmARN": "arn:aws:cloudwatch:us-east-1:887119432628:alarm:TargetTracking-asg-1-myASG-AlarmLow-bd6856f3-deb5-443a-98f0-709c13e02df5"
        }
    ], 
    "PolicyARN": "arn:aws:autoscaling:us-east-1:887119432628:scalingPolicy:e1fc628a-fb4f-42e1-8d35-cedc266a4413:autoScalingGroupName/asg-1-myASG:policyName/asg-1-AppServerSP-6NQJM5AK1W8G"
}
[2022-04-22T01:43:01]==============================[SCALING RUN 1: FORTIO]==============================
[2022-04-22T01:43:01]==============================[STATS]
jh CPU load avg:
0.09 0.11 0.12 1/159 723
i-0e9413cabac9cf186
InService
Healthy
{}
[2022-04-22T01:43:02]==============================[SCALING RUN 1: CHUNK 1]==============================
01:43:02 I logger.go:127> Log level is now 4 Error (was 2 Info)
Fortio 1.19.0 running at -1 queries per second, 2->2 procs, for 1m0s: http://asg-1-lb-762764543.us-east-1.elb.amazonaws.com:3000/?n=200
Aggregated Function Time : count 57147 avg 0.026258254 +/- 0.04047 min 0.001191763 max 1.104043352 sum 1500.58044
# target 50% 0.0192555
# target 75% 0.0298565
# target 90% 0.0511361
# target 99% 0.11624
# target 99.9% 0.494172
Sockets used: 25 (for perfect keepalive, would be 25)
Jitter: false
Code 200 : 57147 (100.0 %)
All done 57147 calls (plus 25 warmup) 26.258 ms avg, 951.9 qps
Successfully wrote 4484 bytes of Json data to 2022-04-22-014302_asg_raupi_3_scaling_1_1.json
fortio exit code: 0
[2022-04-22T01:44:02]==============================[STATS]
jh CPU load avg:
0.10 0.10 0.12 1/159 744
i-0e9413cabac9cf186
InService
Healthy
{}
[2022-04-22T01:44:03]==============================[SCALING RUN 1: CHUNK 2]==============================
01:44:03 I logger.go:127> Log level is now 4 Error (was 2 Info)
Fortio 1.19.0 running at -1 queries per second, 2->2 procs, for 1m0s: http://asg-1-lb-762764543.us-east-1.elb.amazonaws.com:3000/?n=200
Aggregated Function Time : count 55429 avg 0.02706669 +/- 0.05543 min 0.001229802 max 1.846828353 sum 1500.27954
# target 50% 0.018599
# target 75% 0.0291298
# target 90% 0.0498001
# target 99% 0.146777
# target 99.9% 0.750645
Sockets used: 25 (for perfect keepalive, would be 25)
Jitter: false
Code 200 : 55429 (100.0 %)
All done 55429 calls (plus 25 warmup) 27.067 ms avg, 923.4 qps
Successfully wrote 4974 bytes of Json data to 2022-04-22-014403_asg_raupi_3_scaling_1_2.json
fortio exit code: 0
[2022-04-22T01:45:03]==============================[STATS]
jh CPU load avg:
0.18 0.12 0.12 1/159 765
i-0e9413cabac9cf186
InService
Healthy
{}
[2022-04-22T01:45:04]==============================[SCALING RUN 1: CHUNK 3]==============================
01:45:04 I logger.go:127> Log level is now 4 Error (was 2 Info)
Fortio 1.19.0 running at -1 queries per second, 2->2 procs, for 1m0s: http://asg-1-lb-762764543.us-east-1.elb.amazonaws.com:3000/?n=200
Aggregated Function Time : count 56359 avg 0.026618887 +/- 0.05775 min 0.001244588 max 1.699778211 sum 1500.21383
# target 50% 0.01925
# target 75% 0.0298655
# target 90% 0.0500601
# target 99% 0.102837
# target 99.9% 1.27456
Sockets used: 25 (for perfect keepalive, would be 25)
Jitter: false
Code 200 : 56359 (100.0 %)
All done 56359 calls (plus 25 warmup) 26.619 ms avg, 939.0 qps
Successfully wrote 4357 bytes of Json data to 2022-04-22-014504_asg_raupi_3_scaling_1_3.json
fortio exit code: 0
[2022-04-22T01:46:04]==============================[STATS]
jh CPU load avg:
0.17 0.12 0.12 1/158 790
i-0e9413cabac9cf186
InService
Healthy
{}
[2022-04-22T01:46:04]==============================[SCALING RUN 1: CHUNK 4]==============================
01:46:04 I logger.go:127> Log level is now 4 Error (was 2 Info)
Fortio 1.19.0 running at -1 queries per second, 2->2 procs, for 1m0s: http://asg-1-lb-762764543.us-east-1.elb.amazonaws.com:3000/?n=200
Aggregated Function Time : count 57042 avg 0.026298875 +/- 0.04029 min 0.001212933 max 1.013731927 sum 1500.14044
# target 50% 0.018983
# target 75% 0.0297459
# target 90% 0.0511644
# target 99% 0.123457
# target 99.9% 0.7589
Sockets used: 25 (for perfect keepalive, would be 25)
Jitter: false
Code 200 : 57042 (100.0 %)
All done 57042 calls (plus 25 warmup) 26.299 ms avg, 950.5 qps
Successfully wrote 4972 bytes of Json data to 2022-04-22-014604_asg_raupi_3_scaling_1_4.json
fortio exit code: 0
[2022-04-22T01:47:05]==============================[STATS]
jh CPU load avg:
0.11 0.11 0.11 1/158 811
i-0e9413cabac9cf186
InService
Healthy
{}
[2022-04-22T01:47:05]==============================[SCALING RUN 1: CHUNK 5]==============================
01:47:05 I logger.go:127> Log level is now 4 Error (was 2 Info)
Fortio 1.19.0 running at -1 queries per second, 2->2 procs, for 1m0s: http://asg-1-lb-762764543.us-east-1.elb.amazonaws.com:3000/?n=200
Aggregated Function Time : count 58105 avg 0.025887963 +/- 0.04601 min 0.001260425 max 1.274380377 sum 1504.22008
# target 50% 0.017533
# target 75% 0.027856
# target 90% 0.049498
# target 99% 0.139721
# target 99.9% 0.770396
Sockets used: 37 (for perfect keepalive, would be 25)
Jitter: false
Code 200 : 58105 (100.0 %)
All done 58105 calls (plus 25 warmup) 25.888 ms avg, 957.4 qps
Successfully wrote 5210 bytes of Json data to 2022-04-22-014705_asg_raupi_3_scaling_1_5.json
fortio exit code: 0
[2022-04-22T01:48:06]==============================[STATS]
jh CPU load avg:
0.11 0.12 0.11 1/158 832
i-06873a8293e55561b
InService
Healthy
{}
i-0e9413cabac9cf186
InService
Healthy
{}
i-0fcd181d3d7792f17
InService
Healthy
{}
[2022-04-22T01:48:07]==============================[SCALING RUN 1: CHUNK 6]==============================
01:48:07 I logger.go:127> Log level is now 4 Error (was 2 Info)
Fortio 1.19.0 running at -1 queries per second, 2->2 procs, for 1m0s: http://asg-1-lb-762764543.us-east-1.elb.amazonaws.com:3000/?n=200
Aggregated Function Time : count 123154 avg 0.012182348 +/- 0.02773 min 0.00115801 max 1.112952319 sum 1500.30494
# target 50% 0.00811189
# target 75% 0.0140938
# target 90% 0.0194689
# target 99% 0.0597151
# target 99.9% 0.434808
Sockets used: 25 (for perfect keepalive, would be 25)
Jitter: false
Code 200 : 123154 (100.0 %)
All done 123154 calls (plus 25 warmup) 12.182 ms avg, 2051.9 qps
Successfully wrote 5098 bytes of Json data to 2022-04-22-014807_asg_raupi_3_scaling_1_6.json
fortio exit code: 0
[2022-04-22T01:49:07]==============================[STATS]
jh CPU load avg:
0.09 0.11 0.10 1/160 855
i-06873a8293e55561b
InService
Healthy
{}
i-0e9413cabac9cf186
InService
Healthy
{}
i-0fcd181d3d7792f17
InService
Healthy
{}
[2022-04-22T01:49:07]==============================[SCALING RUN 1: CHUNK 7]==============================
01:49:07 I logger.go:127> Log level is now 4 Error (was 2 Info)
Fortio 1.19.0 running at -1 queries per second, 2->2 procs, for 1m0s: http://asg-1-lb-762764543.us-east-1.elb.amazonaws.com:3000/?n=200
Aggregated Function Time : count 176795 avg 0.0084860062 +/- 0.0216 min 0.001127934 max 0.840825643 sum 1500.28347
# target 50% 0.00652375
# target 75% 0.00922168
# target 90% 0.0154979
# target 99% 0.040408
# target 99.9% 0.354123
Sockets used: 25 (for perfect keepalive, would be 25)
Jitter: false
Code 200 : 176795 (100.0 %)
All done 176795 calls (plus 25 warmup) 8.486 ms avg, 2945.0 qps
Successfully wrote 4730 bytes of Json data to 2022-04-22-014907_asg_raupi_3_scaling_1_7.json
fortio exit code: 0
[2022-04-22T01:50:08]==============================[STATS]
jh CPU load avg:
0.15 0.12 0.10 1/159 882
i-06873a8293e55561b
InService
Healthy
{}
i-0e9413cabac9cf186
InService
Healthy
{}
i-0fcd181d3d7792f17
InService
Healthy
{}
[2022-04-22T01:50:08]==============================[SCALING RUN 1: CHUNK 8]==============================
01:50:08 I logger.go:127> Log level is now 4 Error (was 2 Info)
Fortio 1.19.0 running at -1 queries per second, 2->2 procs, for 1m0s: http://asg-1-lb-762764543.us-east-1.elb.amazonaws.com:3000/?n=200
Aggregated Function Time : count 172232 avg 0.0087358281 +/- 0.03344 min 0.001104202 max 1.973791893 sum 1504.58915
# target 50% 0.00657975
# target 75% 0.00931755
# target 90% 0.0158401
# target 99% 0.0427577
# target 99.9% 0.40128
Sockets used: 25 (for perfect keepalive, would be 25)
Jitter: false
Code 200 : 172232 (100.0 %)
All done 172232 calls (plus 25 warmup) 8.736 ms avg, 2853.8 qps
Successfully wrote 5111 bytes of Json data to 2022-04-22-015008_asg_raupi_3_scaling_1_8.json
fortio exit code: 0
[2022-04-22T01:51:09]==============================[STATS]
jh CPU load avg:
0.23 0.14 0.11 1/159 904
i-06873a8293e55561b
InService
Healthy
{}
i-0e9413cabac9cf186
InService
Healthy
{}
i-0fcd181d3d7792f17
InService
Healthy
{}
[2022-04-22T01:51:09]==============================[SCALING RUN 1: CHUNK 9]==============================
01:51:09 I logger.go:127> Log level is now 4 Error (was 2 Info)
Fortio 1.19.0 running at -1 queries per second, 2->2 procs, for 1m0s: http://asg-1-lb-762764543.us-east-1.elb.amazonaws.com:3000/?n=200
Aggregated Function Time : count 171220 avg 0.008783587 +/- 0.02717 min 0.001105693 max 0.989542291 sum 1503.92576
# target 50% 0.00658666
# target 75% 0.00932718
# target 90% 0.0157353
# target 99% 0.0441508
# target 99.9% 0.528048
Sockets used: 25 (for perfect keepalive, would be 25)
Jitter: false
Code 200 : 171220 (100.0 %)
All done 171220 calls (plus 25 warmup) 8.784 ms avg, 2838.8 qps
Successfully wrote 4984 bytes of Json data to 2022-04-22-015109_asg_raupi_3_scaling_1_9.json
fortio exit code: 0
[2022-04-22T01:52:10]==============================[STATS]
jh CPU load avg:
0.37 0.19 0.13 1/158 928
i-06873a8293e55561b
InService
Healthy
{}
i-0e9413cabac9cf186
InService
Healthy
{}
i-0fcd181d3d7792f17
InService
Healthy
{}
[2022-04-22T01:52:10]==============================[SCALING RUN 1: CHUNK 10]==============================
01:52:10 I logger.go:127> Log level is now 4 Error (was 2 Info)
Fortio 1.19.0 running at -1 queries per second, 2->2 procs, for 1m0s: http://asg-1-lb-762764543.us-east-1.elb.amazonaws.com:3000/?n=200
Aggregated Function Time : count 183062 avg 0.0081939956 +/- 0.01937 min 0.001125496 max 1.124604992 sum 1500.00922
# target 50% 0.00644434
# target 75% 0.00910379
# target 90% 0.0150026
# target 99% 0.0485783
# target 99.9% 0.320147
Sockets used: 25 (for perfect keepalive, would be 25)
Jitter: false
Code 200 : 183062 (100.0 %)
All done 183062 calls (plus 25 warmup) 8.194 ms avg, 3050.3 qps
Successfully wrote 4867 bytes of Json data to 2022-04-22-015211_asg_raupi_3_scaling_1_10.json
fortio exit code: 0
[2022-04-22T01:53:11]==============================[STATS]
jh CPU load avg:
0.30 0.22 0.14 1/160 950
i-06873a8293e55561b
InService
Healthy
{}
i-0e9413cabac9cf186
InService
Healthy
{}
i-0fcd181d3d7792f17
InService
Healthy
{}
[2022-04-22T01:53:11]==============================[SCALING RUN 1: CHUNK 11]==============================
01:53:11 I logger.go:127> Log level is now 4 Error (was 2 Info)
Fortio 1.19.0 running at -1 queries per second, 2->2 procs, for 1m0s: http://asg-1-lb-762764543.us-east-1.elb.amazonaws.com:3000/?n=200
Aggregated Function Time : count 177483 avg 0.0084956385 +/- 0.03357 min 0.001105365 max 1.723722921 sum 1507.83141
# target 50% 0.00637238
# target 75% 0.00900591
# target 90% 0.0143768
# target 99% 0.0385872
# target 99.9% 0.420532
Sockets used: 25 (for perfect keepalive, would be 25)
Jitter: false
Code 200 : 177483 (100.0 %)
All done 177483 calls (plus 25 warmup) 8.496 ms avg, 2928.8 qps
Successfully wrote 5346 bytes of Json data to 2022-04-22-015311_asg_raupi_3_scaling_1_11.json
fortio exit code: 0
[2022-04-22T01:54:12]==============================[STATS]
jh CPU load avg:
0.38 0.26 0.16 1/158 971
i-06873a8293e55561b
InService
Healthy
{}
i-0e9413cabac9cf186
InService
Healthy
{}
i-0fcd181d3d7792f17
InService
Healthy
{}
[2022-04-22T01:54:12]==============================[SCALING RUN 1: CHUNK 12]==============================
01:54:12 I logger.go:127> Log level is now 4 Error (was 2 Info)
Fortio 1.19.0 running at -1 queries per second, 2->2 procs, for 1m0s: http://asg-1-lb-762764543.us-east-1.elb.amazonaws.com:3000/?n=200
Aggregated Function Time : count 182089 avg 0.0082631482 +/- 0.02503 min 0.001077392 max 1.206790765 sum 1504.6284
# target 50% 0.00640928
# target 75% 0.00907526
# target 90% 0.0148039
# target 99% 0.0417256
# target 99.9% 0.336366
Sockets used: 25 (for perfect keepalive, would be 25)
Jitter: false
Code 200 : 182089 (100.0 %)
All done 182089 calls (plus 25 warmup) 8.263 ms avg, 3016.6 qps
Successfully wrote 4960 bytes of Json data to 2022-04-22-015413_asg_raupi_3_scaling_1_12.json
fortio exit code: 0
[2022-04-22T01:55:13]==============================[STATS]
jh CPU load avg:
0.20 0.22 0.15 1/157 988
i-06873a8293e55561b
InService
Healthy
{}
i-0e9413cabac9cf186
InService
Healthy
{}
i-0fcd181d3d7792f17
InService
Healthy
{}
[2022-04-22T01:55:14]==============================[SCALING RUN 1: CHUNK 13]==============================
01:55:14 I logger.go:127> Log level is now 4 Error (was 2 Info)
Fortio 1.19.0 running at -1 queries per second, 2->2 procs, for 1m0s: http://asg-1-lb-762764543.us-east-1.elb.amazonaws.com:3000/?n=200
Aggregated Function Time : count 180443 avg 0.008313029 +/- 0.02321 min 0.00108615 max 0.995098517 sum 1500.02789
# target 50% 0.00643886
# target 75% 0.00911524
# target 90% 0.0148836
# target 99% 0.0385191
# target 99.9% 0.443441
Sockets used: 25 (for perfect keepalive, would be 25)
Jitter: false
Code 200 : 180443 (100.0 %)
All done 180443 calls (plus 25 warmup) 8.313 ms avg, 3006.2 qps
Successfully wrote 4985 bytes of Json data to 2022-04-22-015514_asg_raupi_3_scaling_1_13.json
fortio exit code: 0
[2022-04-22T01:56:14]==============================[STATS]
jh CPU load avg:
0.10 0.20 0.15 1/157 1006
i-06873a8293e55561b
InService
Healthy
{}
i-0e9413cabac9cf186
InService
Healthy
{}
i-0fcd181d3d7792f17
InService
Healthy
{}
[2022-04-22T01:56:14]==============================[SCALING RUN 1: CHUNK 14]==============================
01:56:14 I logger.go:127> Log level is now 4 Error (was 2 Info)
Fortio 1.19.0 running at -1 queries per second, 2->2 procs, for 1m0s: http://asg-1-lb-762764543.us-east-1.elb.amazonaws.com:3000/?n=200
Aggregated Function Time : count 178105 avg 0.0084397458 +/- 0.0313 min 0.001108353 max 1.633544279 sum 1503.16093
# target 50% 0.0064366
# target 75% 0.00910075
# target 90% 0.0148051
# target 99% 0.0391422
# target 99.9% 0.50749
Sockets used: 25 (for perfect keepalive, would be 25)
Jitter: false
Code 200 : 178105 (100.0 %)
All done 178105 calls (plus 25 warmup) 8.440 ms avg, 2957.0 qps
Successfully wrote 5345 bytes of Json data to 2022-04-22-015614_asg_raupi_3_scaling_1_14.json
fortio exit code: 0
[2022-04-22T01:57:15]==============================[STATS]
jh CPU load avg:
0.04 0.16 0.14 1/156 1023
i-06873a8293e55561b
InService
Healthy
{}
i-0e9413cabac9cf186
InService
Healthy
{}
i-0fcd181d3d7792f17
InService
Healthy
{}
[2022-04-22T01:57:15]==============================[SCALING RUN 2: INIT]==============================
{
    "Alarms": [
        {
            "AlarmName": "TargetTracking-asg-1-myASG-AlarmHigh-68963111-830c-47b2-bfd6-4263d405535c", 
            "AlarmARN": "arn:aws:cloudwatch:us-east-1:887119432628:alarm:TargetTracking-asg-1-myASG-AlarmHigh-68963111-830c-47b2-bfd6-4263d405535c"
        }, 
        {
            "AlarmName": "TargetTracking-asg-1-myASG-AlarmLow-c69b8386-0f48-4673-9121-60cac339a6cc", 
            "AlarmARN": "arn:aws:cloudwatch:us-east-1:887119432628:alarm:TargetTracking-asg-1-myASG-AlarmLow-c69b8386-0f48-4673-9121-60cac339a6cc"
        }
    ], 
    "PolicyARN": "arn:aws:autoscaling:us-east-1:887119432628:scalingPolicy:e1fc628a-fb4f-42e1-8d35-cedc266a4413:autoScalingGroupName/asg-1-myASG:policyName/asg-1-AppServerSP-6NQJM5AK1W8G"
}
scaling to 1
[2022-04-22T01:57:17]==============================[SCALING RUN 2: ENABLE SCALING - SLEEP]==============================
{
    "Alarms": [
        {
            "AlarmName": "TargetTracking-asg-1-myASG-AlarmHigh-02144f12-c51c-44f2-8a56-fe42da39137e", 
            "AlarmARN": "arn:aws:cloudwatch:us-east-1:887119432628:alarm:TargetTracking-asg-1-myASG-AlarmHigh-02144f12-c51c-44f2-8a56-fe42da39137e"
        }, 
        {
            "AlarmName": "TargetTracking-asg-1-myASG-AlarmLow-293c7c87-c725-4c07-a985-dfa84143a247", 
            "AlarmARN": "arn:aws:cloudwatch:us-east-1:887119432628:alarm:TargetTracking-asg-1-myASG-AlarmLow-293c7c87-c725-4c07-a985-dfa84143a247"
        }
    ], 
    "PolicyARN": "arn:aws:autoscaling:us-east-1:887119432628:scalingPolicy:e1fc628a-fb4f-42e1-8d35-cedc266a4413:autoScalingGroupName/asg-1-myASG:policyName/asg-1-AppServerSP-6NQJM5AK1W8G"
}
[2022-04-22T02:00:18]==============================[SCALING RUN 2: FORTIO]==============================
[2022-04-22T02:00:18]==============================[STATS]
jh CPU load avg:
0.00 0.09 0.11 1/159 1058
i-0fcd181d3d7792f17
InService
Healthy
{}
[2022-04-22T02:00:19]==============================[SCALING RUN 2: CHUNK 1]==============================
02:00:19 I logger.go:127> Log level is now 4 Error (was 2 Info)
Fortio 1.19.0 running at -1 queries per second, 2->2 procs, for 1m0s: http://asg-1-lb-762764543.us-east-1.elb.amazonaws.com:3000/?n=200
Aggregated Function Time : count 39236 avg 0.039112804 +/- 0.1796 min 0.001654331 max 4.151668726 sum 1534.62997
# target 50% 0.0164523
# target 75% 0.0231682
# target 90% 0.0350964
# target 99% 0.787934
# target 99.9% 2.73934
Sockets used: 34 (for perfect keepalive, would be 25)
Jitter: false
Code 200 : 39236 (100.0 %)
All done 39236 calls (plus 25 warmup) 39.113 ms avg, 639.0 qps
Successfully wrote 6026 bytes of Json data to 2022-04-22-020019_asg_raupi_3_scaling_2_1.json
fortio exit code: 0
[2022-04-22T02:01:21]==============================[STATS]
jh CPU load avg:
0.00 0.07 0.09 1/159 1088
i-0fcd181d3d7792f17
InService
Healthy
{}
[2022-04-22T02:01:21]==============================[SCALING RUN 2: CHUNK 2]==============================
02:01:21 I logger.go:127> Log level is now 4 Error (was 2 Info)
Fortio 1.19.0 running at -1 queries per second, 2->2 procs, for 1m0s: http://asg-1-lb-762764543.us-east-1.elb.amazonaws.com:3000/?n=200
Aggregated Function Time : count 37670 avg 0.039945422 +/- 0.1856 min 0.001590403 max 3.65901625 sum 1504.74403
# target 50% 0.0168218
# target 75% 0.0233589
# target 90% 0.0299801
# target 99% 0.876897
# target 99.9% 2.7466
Sockets used: 50 (for perfect keepalive, would be 25)
Jitter: false
Code 200 : 37670 (100.0 %)
All done 37670 calls (plus 25 warmup) 39.945 ms avg, 625.8 qps
Successfully wrote 5809 bytes of Json data to 2022-04-22-020122_asg_raupi_3_scaling_2_2.json
fortio exit code: 0
[2022-04-22T02:02:22]==============================[STATS]
jh CPU load avg:
0.03 0.07 0.09 1/159 1165
i-0fcd181d3d7792f17
InService
Healthy
{}
[2022-04-22T02:02:22]==============================[SCALING RUN 2: CHUNK 3]==============================
02:02:22 I logger.go:127> Log level is now 4 Error (was 2 Info)
Fortio 1.19.0 running at -1 queries per second, 2->2 procs, for 1m0s: http://asg-1-lb-762764543.us-east-1.elb.amazonaws.com:3000/?n=200
02:02:35 E http_client.go:787> Read error &{{0xc00006b080}} 54.161.206.128:3000 134 : read tcp 172.31.84.212:45794->54.161.206.128:3000: i/o timeout
Aggregated Function Time : count 37007 avg 0.041193268 +/- 0.1854 min 0.001693559 max 3.197263836 sum 1524.43926
# target 50% 0.0175593
# target 75% 0.0243463
# target 90% 0.0305577
# target 99% 0.805426
# target 99.9% 2.41995
Sockets used: 50 (for perfect keepalive, would be 25)
Jitter: false
Code  -1 : 1 (0.0 %)
Code 200 : 37006 (100.0 %)
All done 37007 calls (plus 25 warmup) 41.193 ms avg, 606.7 qps
Successfully wrote 5566 bytes of Json data to 2022-04-22-020223_asg_raupi_3_scaling_2_3.json
fortio exit code: 0
[2022-04-22T02:03:24]==============================[STATS]
jh CPU load avg:
0.01 0.05 0.08 1/159 1183
i-0fcd181d3d7792f17
InService
Healthy
{}
[2022-04-22T02:03:24]==============================[SCALING RUN 2: CHUNK 4]==============================
02:03:24 I logger.go:127> Log level is now 4 Error (was 2 Info)
Fortio 1.19.0 running at -1 queries per second, 2->2 procs, for 1m0s: http://asg-1-lb-762764543.us-east-1.elb.amazonaws.com:3000/?n=200
Aggregated Function Time : count 39676 avg 0.03788323 +/- 0.1784 min 0.001802654 max 3.345111766 sum 1503.05503
# target 50% 0.0170567
# target 75% 0.0237279
# target 90% 0.0298212
# target 99% 0.673376
# target 99.9% 2.70648
Sockets used: 50 (for perfect keepalive, would be 25)
Jitter: false
Code 200 : 39676 (100.0 %)
All done 39676 calls (plus 25 warmup) 37.883 ms avg, 659.9 qps
Successfully wrote 5807 bytes of Json data to 2022-04-22-020324_asg_raupi_3_scaling_2_4.json
fortio exit code: 0
[2022-04-22T02:04:25]==============================[STATS]
jh CPU load avg:
0.10 0.08 0.09 1/159 1204
i-0fcd181d3d7792f17
InService
Healthy
{}
[2022-04-22T02:04:25]==============================[SCALING RUN 2: CHUNK 5]==============================
02:04:25 I logger.go:127> Log level is now 4 Error (was 2 Info)
Fortio 1.19.0 running at -1 queries per second, 2->2 procs, for 1m0s: http://asg-1-lb-762764543.us-east-1.elb.amazonaws.com:3000/?n=200
Aggregated Function Time : count 38683 avg 0.03879165 +/- 0.1875 min 0.001612608 max 3.740838921 sum 1500.57739
# target 50% 0.0167125
# target 75% 0.023281
# target 90% 0.0296883
# target 99% 0.710171
# target 99.9% 3.22634
Sockets used: 75 (for perfect keepalive, would be 25)
Jitter: false
Code 200 : 38683 (100.0 %)
All done 38683 calls (plus 25 warmup) 38.792 ms avg, 644.3 qps
Successfully wrote 6040 bytes of Json data to 2022-04-22-020425_asg_raupi_3_scaling_2_5.json
fortio exit code: 0
[2022-04-22T02:05:25]==============================[STATS]
jh CPU load avg:
0.10 0.08 0.09 1/157 1222
i-071ed4b6ef0f003c8
InService
Healthy
{}
i-0ba4264d467d6af1d
InService
Healthy
{}
i-0fcd181d3d7792f17
InService
Healthy
{}
[2022-04-22T02:05:26]==============================[SCALING RUN 2: CHUNK 6]==============================
02:05:26 I logger.go:127> Log level is now 4 Error (was 2 Info)
Fortio 1.19.0 running at -1 queries per second, 2->2 procs, for 1m0s: http://asg-1-lb-762764543.us-east-1.elb.amazonaws.com:3000/?n=200
02:05:49 E http_client.go:787> Read error &{{0xc0000fe280}} 54.175.152.161:3000 134 : read tcp 172.31.84.212:49546->54.175.152.161:3000: i/o timeout
02:05:49 E http_client.go:787> Read error &{{0xc00025e280}} 54.175.152.161:3000 134 : read tcp 172.31.84.212:49550->54.175.152.161:3000: i/o timeout
02:05:49 E http_client.go:787> Read error &{{0xc00025e980}} 54.175.152.161:3000 134 : read tcp 172.31.84.212:49574->54.175.152.161:3000: i/o timeout
Aggregated Function Time : count 128850 avg 0.01164284 +/- 0.08149 min 0.001102251 max 5.087442846 sum 1500.17992
# target 50% 0.00704947
# target 75% 0.0101057
# target 90% 0.0182601
# target 99% 0.054814
# target 99.9% 0.868393
Sockets used: 80 (for perfect keepalive, would be 25)
Jitter: false
Code  -1 : 3 (0.0 %)
Code 200 : 128847 (100.0 %)
All done 128850 calls (plus 25 warmup) 11.643 ms avg, 2146.5 qps
Successfully wrote 5655 bytes of Json data to 2022-04-22-020526_asg_raupi_3_scaling_2_6.json
fortio exit code: 0
[2022-04-22T02:06:26]==============================[STATS]
jh CPU load avg:
0.20 0.11 0.10 1/157 1239
i-071ed4b6ef0f003c8
InService
Healthy
{}
i-0ba4264d467d6af1d
InService
Healthy
{}
i-0fcd181d3d7792f17
InService
Healthy
{}
[2022-04-22T02:06:27]==============================[SCALING RUN 2: CHUNK 7]==============================
02:06:27 I logger.go:127> Log level is now 4 Error (was 2 Info)
Fortio 1.19.0 running at -1 queries per second, 2->2 procs, for 1m0s: http://asg-1-lb-762764543.us-east-1.elb.amazonaws.com:3000/?n=200
Aggregated Function Time : count 183722 avg 0.0081645808 +/- 0.02019 min 0.001150942 max 1.049278457 sum 1500.01311
# target 50% 0.00646631
# target 75% 0.00912403
# target 90% 0.0151977
# target 99% 0.0429065
# target 99.9% 0.32248
Sockets used: 25 (for perfect keepalive, would be 25)
Jitter: false
Code 200 : 183722 (100.0 %)
All done 183722 calls (plus 25 warmup) 8.165 ms avg, 3061.6 qps
Successfully wrote 4864 bytes of Json data to 2022-04-22-020627_asg_raupi_3_scaling_2_7.json
fortio exit code: 0
[2022-04-22T02:07:27]==============================[STATS]
jh CPU load avg:
0.21 0.12 0.10 1/157 1256
i-071ed4b6ef0f003c8
InService
Healthy
{}
i-0ba4264d467d6af1d
InService
Healthy
{}
i-0fcd181d3d7792f17
InService
Healthy
{}
[2022-04-22T02:07:28]==============================[SCALING RUN 2: CHUNK 8]==============================
02:07:28 I logger.go:127> Log level is now 4 Error (was 2 Info)
Fortio 1.19.0 running at -1 queries per second, 2->2 procs, for 1m0s: http://asg-1-lb-762764543.us-east-1.elb.amazonaws.com:3000/?n=200
Aggregated Function Time : count 187969 avg 0.0079800672 +/- 0.01349 min 0.001108997 max 0.718666033 sum 1500.00525
# target 50% 0.00650085
# target 75% 0.0091968
# target 90% 0.0156196
# target 99% 0.0434799
# target 99.9% 0.195397
Sockets used: 25 (for perfect keepalive, would be 25)
Jitter: false
Code 200 : 187969 (100.0 %)
All done 187969 calls (plus 25 warmup) 7.980 ms avg, 3132.0 qps
Successfully wrote 4387 bytes of Json data to 2022-04-22-020728_asg_raupi_3_scaling_2_8.json
fortio exit code: 0
[2022-04-22T02:08:28]==============================[STATS]
jh CPU load avg:
0.08 0.10 0.09 1/157 1274
i-071ed4b6ef0f003c8
InService
Healthy
{}
i-0ba4264d467d6af1d
InService
Healthy
{}
i-0fcd181d3d7792f17
InService
Healthy
{}
[2022-04-22T02:08:28]==============================[SCALING RUN 2: CHUNK 9]==============================
02:08:28 I logger.go:127> Log level is now 4 Error (was 2 Info)
Fortio 1.19.0 running at -1 queries per second, 2->2 procs, for 1m0s: http://asg-1-lb-762764543.us-east-1.elb.amazonaws.com:3000/?n=200
Aggregated Function Time : count 191364 avg 0.0078438037 +/- 0.01417 min 0.001140566 max 0.70686953 sum 1501.02165
# target 50% 0.00647094
# target 75% 0.00913616
# target 90% 0.0151459
# target 99% 0.0429467
# target 99.9% 0.182775
Sockets used: 25 (for perfect keepalive, would be 25)
Jitter: false
Code 200 : 191364 (100.0 %)
All done 191364 calls (plus 25 warmup) 7.844 ms avg, 3169.1 qps
Successfully wrote 4635 bytes of Json data to 2022-04-22-020829_asg_raupi_3_scaling_2_9.json
fortio exit code: 0
[2022-04-22T02:09:29]==============================[STATS]
jh CPU load avg:
0.32 0.17 0.11 1/157 1291
i-071ed4b6ef0f003c8
InService
Healthy
{}
i-0ba4264d467d6af1d
InService
Healthy
{}
i-0fcd181d3d7792f17
InService
Healthy
{}
[2022-04-22T02:09:29]==============================[SCALING RUN 2: CHUNK 10]==============================
02:09:29 I logger.go:127> Log level is now 4 Error (was 2 Info)
Fortio 1.19.0 running at -1 queries per second, 2->2 procs, for 1m0s: http://asg-1-lb-762764543.us-east-1.elb.amazonaws.com:3000/?n=200
Aggregated Function Time : count 189356 avg 0.0079416929 +/- 0.01462 min 0.001183185 max 0.819918316 sum 1503.80721
# target 50% 0.00653
# target 75% 0.00920343
# target 90% 0.0154099
# target 99% 0.042584
# target 99.9% 0.186346
Sockets used: 25 (for perfect keepalive, would be 25)
Jitter: false
Code 200 : 189356 (100.0 %)
All done 189356 calls (plus 25 warmup) 7.942 ms avg, 3139.0 qps
Successfully wrote 4736 bytes of Json data to 2022-04-22-020930_asg_raupi_3_scaling_2_10.json
fortio exit code: 0
[2022-04-22T02:10:30]==============================[STATS]
jh CPU load avg:
0.18 0.15 0.11 1/158 1315
i-071ed4b6ef0f003c8
InService
Healthy
{}
i-0ba4264d467d6af1d
InService
Healthy
{}
i-0fcd181d3d7792f17
InService
Healthy
{}
[2022-04-22T02:10:30]==============================[SCALING RUN 2: CHUNK 11]==============================
02:10:30 I logger.go:127> Log level is now 4 Error (was 2 Info)
Fortio 1.19.0 running at -1 queries per second, 2->2 procs, for 1m0s: http://asg-1-lb-762764543.us-east-1.elb.amazonaws.com:3000/?n=200
Aggregated Function Time : count 189267 avg 0.0079262084 +/- 0.01105 min 0.001160574 max 0.555267383 sum 1500.16969
# target 50% 0.00661543
# target 75% 0.00934289
# target 90% 0.0161497
# target 99% 0.0434526
# target 99.9% 0.138847
Sockets used: 25 (for perfect keepalive, would be 25)
Jitter: false
Code 200 : 189267 (100.0 %)
All done 189267 calls (plus 25 warmup) 7.926 ms avg, 3152.9 qps
Successfully wrote 4120 bytes of Json data to 2022-04-22-021031_asg_raupi_3_scaling_2_11.json
fortio exit code: 0
[2022-04-22T02:11:31]==============================[STATS]
jh CPU load avg:
0.18 0.15 0.11 1/158 1332
i-071ed4b6ef0f003c8
InService
Healthy
{}
i-0ba4264d467d6af1d
InService
Healthy
{}
i-0fcd181d3d7792f17
InService
Healthy
{}
[2022-04-22T02:11:31]==============================[SCALING RUN 2: CHUNK 12]==============================
02:11:31 I logger.go:127> Log level is now 4 Error (was 2 Info)
Fortio 1.19.0 running at -1 queries per second, 2->2 procs, for 1m0s: http://asg-1-lb-762764543.us-east-1.elb.amazonaws.com:3000/?n=200
Aggregated Function Time : count 185554 avg 0.0080844246 +/- 0.01697 min 0.001196938 max 0.9284871 sum 1500.09731
# target 50% 0.00654153
# target 75% 0.00921386
# target 90% 0.0154191
# target 99% 0.0480689
# target 99.9% 0.249165
Sockets used: 25 (for perfect keepalive, would be 25)
Jitter: false
Code 200 : 185554 (100.0 %)
All done 185554 calls (plus 25 warmup) 8.084 ms avg, 3090.5 qps
Successfully wrote 4500 bytes of Json data to 2022-04-22-021131_asg_raupi_3_scaling_2_12.json
fortio exit code: 0
[2022-04-22T02:12:31]==============================[STATS]
jh CPU load avg:
0.06 0.12 0.09 1/158 1349
i-071ed4b6ef0f003c8
InService
Healthy
{}
i-0ba4264d467d6af1d
InService
Healthy
{}
i-0fcd181d3d7792f17
InService
Healthy
{}
[2022-04-22T02:12:32]==============================[SCALING RUN 2: CHUNK 13]==============================
02:12:32 I logger.go:127> Log level is now 4 Error (was 2 Info)
Fortio 1.19.0 running at -1 queries per second, 2->2 procs, for 1m0s: http://asg-1-lb-762764543.us-east-1.elb.amazonaws.com:3000/?n=200
Aggregated Function Time : count 181190 avg 0.0082787451 +/- 0.01597 min 0.001188501 max 0.555065272 sum 1500.02583
# target 50% 0.00661104
# target 75% 0.00932235
# target 90% 0.0162294
# target 99% 0.0414623
# target 99.9% 0.25751
Sockets used: 25 (for perfect keepalive, would be 25)
Jitter: false
Code 200 : 181190 (100.0 %)
All done 181190 calls (plus 25 warmup) 8.279 ms avg, 3018.7 qps
Successfully wrote 4489 bytes of Json data to 2022-04-22-021232_asg_raupi_3_scaling_2_13.json
fortio exit code: 0
[2022-04-22T02:13:32]==============================[STATS]
jh CPU load avg:
0.10 0.12 0.09 1/158 1366
i-071ed4b6ef0f003c8
InService
Healthy
{}
i-0ba4264d467d6af1d
InService
Healthy
{}
i-0fcd181d3d7792f17
InService
Healthy
{}
[2022-04-22T02:13:33]==============================[SCALING RUN 2: CHUNK 14]==============================
02:13:33 I logger.go:127> Log level is now 4 Error (was 2 Info)
Fortio 1.19.0 running at -1 queries per second, 2->2 procs, for 1m0s: http://asg-1-lb-762764543.us-east-1.elb.amazonaws.com:3000/?n=200
Aggregated Function Time : count 184931 avg 0.0081112392 +/- 0.01427 min 0.00123159 max 0.691416743 sum 1500.01958
# target 50% 0.00657096
# target 75% 0.00924067
# target 90% 0.0158018
# target 99% 0.0476553
# target 99.9% 0.192618
Sockets used: 25 (for perfect keepalive, would be 25)
Jitter: false
Code 200 : 184931 (100.0 %)
All done 184931 calls (plus 25 warmup) 8.111 ms avg, 3081.3 qps
Successfully wrote 4370 bytes of Json data to 2022-04-22-021333_asg_raupi_3_scaling_2_14.json
fortio exit code: 0
[2022-04-22T02:14:33]==============================[STATS]
jh CPU load avg:
0.16 0.13 0.10 1/158 1383
i-071ed4b6ef0f003c8
InService
Healthy
{}
i-0ba4264d467d6af1d
InService
Healthy
{}
i-0fcd181d3d7792f17
InService
Healthy
{}
[2022-04-22T02:14:33]==============================[SCALING RUN 3: INIT]==============================
{
    "Alarms": [
        {
            "AlarmName": "TargetTracking-asg-1-myASG-AlarmHigh-59509370-c493-41c5-86b0-d5bfa7248a72", 
            "AlarmARN": "arn:aws:cloudwatch:us-east-1:887119432628:alarm:TargetTracking-asg-1-myASG-AlarmHigh-59509370-c493-41c5-86b0-d5bfa7248a72"
        }, 
        {
            "AlarmName": "TargetTracking-asg-1-myASG-AlarmLow-ca707124-89db-440c-8184-5725d1eca12b", 
            "AlarmARN": "arn:aws:cloudwatch:us-east-1:887119432628:alarm:TargetTracking-asg-1-myASG-AlarmLow-ca707124-89db-440c-8184-5725d1eca12b"
        }
    ], 
    "PolicyARN": "arn:aws:autoscaling:us-east-1:887119432628:scalingPolicy:e1fc628a-fb4f-42e1-8d35-cedc266a4413:autoScalingGroupName/asg-1-myASG:policyName/asg-1-AppServerSP-6NQJM5AK1W8G"
}
scaling to 1
[2022-04-22T02:14:35]==============================[SCALING RUN 3: ENABLE SCALING - SLEEP]==============================
{
    "Alarms": [
        {
            "AlarmName": "TargetTracking-asg-1-myASG-AlarmHigh-931fab60-6d1d-4fd7-90e4-9c0fa0db3ef4", 
            "AlarmARN": "arn:aws:cloudwatch:us-east-1:887119432628:alarm:TargetTracking-asg-1-myASG-AlarmHigh-931fab60-6d1d-4fd7-90e4-9c0fa0db3ef4"
        }, 
        {
            "AlarmName": "TargetTracking-asg-1-myASG-AlarmLow-3f701ae8-5e34-4967-9084-b04770284d70", 
            "AlarmARN": "arn:aws:cloudwatch:us-east-1:887119432628:alarm:TargetTracking-asg-1-myASG-AlarmLow-3f701ae8-5e34-4967-9084-b04770284d70"
        }
    ], 
    "PolicyARN": "arn:aws:autoscaling:us-east-1:887119432628:scalingPolicy:e1fc628a-fb4f-42e1-8d35-cedc266a4413:autoScalingGroupName/asg-1-myASG:policyName/asg-1-AppServerSP-6NQJM5AK1W8G"
}
[2022-04-22T02:17:36]==============================[SCALING RUN 3: FORTIO]==============================
[2022-04-22T02:17:36]==============================[STATS]
jh CPU load avg:
0.00 0.07 0.08 1/157 1412
i-071ed4b6ef0f003c8
InService
Healthy
{}
[2022-04-22T02:17:37]==============================[SCALING RUN 3: CHUNK 1]==============================
02:17:37 I logger.go:127> Log level is now 4 Error (was 2 Info)
Fortio 1.19.0 running at -1 queries per second, 2->2 procs, for 1m0s: http://asg-1-lb-762764543.us-east-1.elb.amazonaws.com:3000/?n=200
Aggregated Function Time : count 54107 avg 0.027732771 +/- 0.07077 min 0.001725078 max 1.580611671 sum 1500.53703
# target 50% 0.0163643
# target 75% 0.0260506
# target 90% 0.0492499
# target 99% 0.244694
# target 99.9% 1.11311
Sockets used: 25 (for perfect keepalive, would be 25)
Jitter: false
Code 200 : 54107 (100.0 %)
All done 54107 calls (plus 25 warmup) 27.733 ms avg, 901.2 qps
Successfully wrote 5362 bytes of Json data to 2022-04-22-021737_asg_raupi_3_scaling_3_1.json
fortio exit code: 0
[2022-04-22T02:18:37]==============================[STATS]
jh CPU load avg:
0.27 0.13 0.10 1/157 1428
i-071ed4b6ef0f003c8
InService
Healthy
{}
[2022-04-22T02:18:37]==============================[SCALING RUN 3: CHUNK 2]==============================
02:18:37 I logger.go:127> Log level is now 4 Error (was 2 Info)
Fortio 1.19.0 running at -1 queries per second, 2->2 procs, for 1m0s: http://asg-1-lb-762764543.us-east-1.elb.amazonaws.com:3000/?n=200
02:19:22 E http_client.go:787> Read error &{{0xc00036fa00}} 54.161.206.128:3000 134 : read tcp 172.31.84.212:46928->54.161.206.128:3000: i/o timeout
02:19:22 E http_client.go:787> Read error &{{0xc000076680}} 54.161.206.128:3000 134 : read tcp 172.31.84.212:46904->54.161.206.128:3000: i/o timeout
02:19:22 E http_client.go:787> Read error &{{0xc0001c6000}} 54.175.152.161:3000 134 : read tcp 172.31.84.212:50278->54.175.152.161:3000: i/o timeout
02:19:25 E http_client.go:787> Read error &{{0xc0000fe280}} 54.161.206.128:3000 0 : read tcp 172.31.84.212:46956->54.161.206.128:3000: i/o timeout
02:19:25 E http_client.go:787> Read error &{{0xc0000fe380}} 54.175.152.161:3000 0 : read tcp 172.31.84.212:50290->54.175.152.161:3000: i/o timeout
02:19:28 E http_client.go:787> Read error &{{0xc0001c6480}} 54.161.206.128:3000 0 : read tcp 172.31.84.212:46960->54.161.206.128:3000: i/o timeout
02:19:28 E http_client.go:787> Read error &{{0xc0001c6580}} 54.175.152.161:3000 0 : read tcp 172.31.84.212:50294->54.175.152.161:3000: i/o timeout
02:19:31 E http_client.go:787> Read error &{{0xc0000fe480}} 54.161.206.128:3000 0 : read tcp 172.31.84.212:46966->54.161.206.128:3000: i/o timeout
02:19:31 E http_client.go:787> Read error &{{0xc0000fe580}} 54.175.152.161:3000 0 : read tcp 172.31.84.212:50300->54.175.152.161:3000: i/o timeout
02:19:34 E http_client.go:787> Read error &{{0xc0000fe980}} 54.161.206.128:3000 0 : read tcp 172.31.84.212:46970->54.161.206.128:3000: i/o timeout
02:19:34 E http_client.go:787> Read error &{{0xc0001c6680}} 54.175.152.161:3000 0 : read tcp 172.31.84.212:50304->54.175.152.161:3000: i/o timeout
02:19:34 E http_client.go:787> Read error &{{0xc0001c6780}} 54.175.152.161:3000 0 : read tcp 172.31.84.212:50306->54.175.152.161:3000: i/o timeout
02:19:34 E http_client.go:787> Read error &{{0xc0001c6880}} 54.175.152.161:3000 0 : read tcp 172.31.84.212:50308->54.175.152.161:3000: i/o timeout
02:19:34 E http_client.go:787> Read error &{{0xc0000fea80}} 54.175.152.161:3000 0 : read tcp 172.31.84.212:50310->54.175.152.161:3000: i/o timeout
02:19:34 E http_client.go:787> Read error &{{0xc0000feb80}} 54.175.152.161:3000 0 : read tcp 172.31.84.212:50314->54.175.152.161:3000: i/o timeout
02:19:34 E http_client.go:787> Read error &{{0xc0001c6a80}} 54.175.152.161:3000 0 : read tcp 172.31.84.212:50316->54.175.152.161:3000: i/o timeout
02:19:34 E http_client.go:787> Read error &{{0xc0001c6b80}} 54.175.152.161:3000 0 : read tcp 172.31.84.212:50320->54.175.152.161:3000: i/o timeout
02:19:34 E http_client.go:787> Read error &{{0xc0001c6c80}} 54.161.206.128:3000 0 : read tcp 172.31.84.212:46990->54.161.206.128:3000: i/o timeout
02:19:34 E http_client.go:787> Read error &{{0xc0001c6980}} 54.161.206.128:3000 0 : read tcp 172.31.84.212:46980->54.161.206.128:3000: i/o timeout
02:19:34 E http_client.go:787> Read error &{{0xc0001c6d80}} 54.161.206.128:3000 0 : read tcp 172.31.84.212:46994->54.161.206.128:3000: i/o timeout
02:19:34 E http_client.go:787> Read error &{{0xc0000fed00}} 54.161.206.128:3000 0 : read tcp 172.31.84.212:46986->54.161.206.128:3000: i/o timeout
02:19:34 E http_client.go:787> Read error &{{0xc0000fee00}} 54.161.206.128:3000 0 : read tcp 172.31.84.212:46992->54.161.206.128:3000: i/o timeout
02:19:34 E http_client.go:787> Read error &{{0xc0000fef80}} 54.161.206.128:3000 0 : read tcp 172.31.84.212:46996->54.161.206.128:3000: i/o timeout
02:19:34 E http_client.go:787> Read error &{{0xc0000ff080}} 54.175.152.161:3000 0 : read tcp 172.31.84.212:50330->54.175.152.161:3000: i/o timeout
02:19:34 E http_client.go:787> Read error &{{0xc0000ff280}} 54.161.206.128:3000 0 : read tcp 172.31.84.212:47004->54.161.206.128:3000: i/o timeout
02:19:34 E http_client.go:787> Read error &{{0xc0001c6e80}} 54.175.152.161:3000 0 : read tcp 172.31.84.212:50334->54.175.152.161:3000: i/o timeout
02:19:34 E http_client.go:787> Read error &{{0xc0000ff180}} 54.175.152.161:3000 0 : read tcp 172.31.84.212:50332->54.175.152.161:3000: i/o timeout
02:19:34 E http_client.go:787> Read error &{{0xc0000ff400}} 54.161.206.128:3000 0 : read tcp 172.31.84.212:47006->54.161.206.128:3000: i/o timeout
02:19:34 E http_client.go:787> Read error &{{0xc0001c6f80}} 54.161.206.128:3000 0 : read tcp 172.31.84.212:47008->54.161.206.128:3000: i/o timeout
02:19:34 E http_client.go:787> Read error &{{0xc0000ff500}} 54.161.206.128:3000 0 : read tcp 172.31.84.212:47010->54.161.206.128:3000: i/o timeout
02:19:34 E http_client.go:787> Read error &{{0xc0001c7080}} 54.161.206.128:3000 0 : read tcp 172.31.84.212:47012->54.161.206.128:3000: i/o timeout
02:19:34 E http_client.go:787> Read error &{{0xc0000ff680}} 54.161.206.128:3000 0 : read tcp 172.31.84.212:47014->54.161.206.128:3000: i/o timeout
02:19:34 E http_client.go:787> Read error &{{0xc0001c7180}} 54.175.152.161:3000 0 : read tcp 172.31.84.212:50348->54.175.152.161:3000: i/o timeout
02:19:34 E http_client.go:787> Read error &{{0xc0000ff780}} 54.175.152.161:3000 0 : read tcp 172.31.84.212:50350->54.175.152.161:3000: i/o timeout
02:19:37 E http_client.go:787> Read error &{{0xc0000ff880}} 54.161.206.128:3000 0 : read tcp 172.31.84.212:47020->54.161.206.128:3000: i/o timeout
02:19:37 E http_client.go:787> Read error &{{0xc0001c7280}} 54.175.152.161:3000 0 : read tcp 172.31.84.212:50354->54.175.152.161:3000: i/o timeout
02:19:37 E http_client.go:787> Read error &{{0xc0000ffa00}} 54.175.152.161:3000 0 : read tcp 172.31.84.212:50356->54.175.152.161:3000: i/o timeout
02:19:37 E http_client.go:787> Read error &{{0xc0001c7380}} 54.175.152.161:3000 0 : read tcp 172.31.84.212:50360->54.175.152.161:3000: i/o timeout
02:19:37 E http_client.go:787> Read error &{{0xc0000ffb00}} 54.175.152.161:3000 0 : read tcp 172.31.84.212:50358->54.175.152.161:3000: i/o timeout
02:19:37 E http_client.go:787> Read error &{{0xc0000ffc80}} 54.175.152.161:3000 0 : read tcp 172.31.84.212:50362->54.175.152.161:3000: i/o timeout
02:19:37 E http_client.go:787> Read error &{{0xc0001c7480}} 54.175.152.161:3000 0 : read tcp 172.31.84.212:50364->54.175.152.161:3000: i/o timeout
02:19:37 E http_client.go:787> Read error &{{0xc0001c7580}} 54.175.152.161:3000 0 : read tcp 172.31.84.212:50366->54.175.152.161:3000: i/o timeout
02:19:37 E http_client.go:787> Read error &{{0xc0000ffd80}} 54.161.206.128:3000 0 : read tcp 172.31.84.212:47038->54.161.206.128:3000: i/o timeout
02:19:37 E http_client.go:787> Read error &{{0xc0001c7980}} 54.161.206.128:3000 0 : read tcp 172.31.84.212:47046->54.161.206.128:3000: i/o timeout
02:19:37 E http_client.go:787> Read error &{{0xc000200000}} 54.175.152.161:3000 0 : read tcp 172.31.84.212:50380->54.175.152.161:3000: i/o timeout
02:19:37 E http_client.go:787> Read error &{{0xc0001c7880}} 54.161.206.128:3000 0 : read tcp 172.31.84.212:47044->54.161.206.128:3000: i/o timeout
02:19:37 E http_client.go:787> Read error &{{0xc0000fff00}} 54.161.206.128:3000 0 : read tcp 172.31.84.212:47042->54.161.206.128:3000: i/o timeout
02:19:37 E http_client.go:787> Read error &{{0xc0001c7680}} 54.161.206.128:3000 0 : read tcp 172.31.84.212:47036->54.161.206.128:3000: i/o timeout
02:19:37 E http_client.go:787> Read error &{{0xc0001c7780}} 54.161.206.128:3000 0 : read tcp 172.31.84.212:47040->54.161.206.128:3000: i/o timeout
02:19:37 E http_client.go:787> Read error &{{0xc000200100}} 54.175.152.161:3000 0 : read tcp 172.31.84.212:50382->54.175.152.161:3000: i/o timeout
02:19:37 E http_client.go:787> Read error &{{0xc0001c7b80}} 54.175.152.161:3000 0 : read tcp 172.31.84.212:50386->54.175.152.161:3000: i/o timeout
02:19:37 E http_client.go:787> Read error &{{0xc0001c7a80}} 54.161.206.128:3000 0 : read tcp 172.31.84.212:47052->54.161.206.128:3000: i/o timeout
02:19:37 E http_client.go:787> Read error &{{0xc000200200}} 54.161.206.128:3000 0 : read tcp 172.31.84.212:47056->54.161.206.128:3000: i/o timeout
02:19:37 E http_client.go:787> Read error &{{0xc0001c7c80}} 54.161.206.128:3000 0 : read tcp 172.31.84.212:47058->54.161.206.128:3000: i/o timeout
02:19:37 E http_client.go:787> Read error &{{0xc0001c7e80}} 54.161.206.128:3000 0 : read tcp 172.31.84.212:47064->54.161.206.128:3000: i/o timeout
02:19:37 E http_client.go:787> Read error &{{0xc000200300}} 54.161.206.128:3000 0 : read tcp 172.31.84.212:47062->54.161.206.128:3000: i/o timeout
02:19:37 E http_client.go:787> Read error &{{0xc0001c7d80}} 54.161.206.128:3000 0 : read tcp 172.31.84.212:47060->54.161.206.128:3000: i/o timeout
02:19:37 E http_client.go:787> Read error &{{0xc000200400}} 54.175.152.161:3000 0 : read tcp 172.31.84.212:50398->54.175.152.161:3000: i/o timeout
02:19:37 E http_client.go:787> Read error &{{0xc0001c7f80}} 54.175.152.161:3000 0 : read tcp 172.31.84.212:50400->54.175.152.161:3000: i/o timeout
Aggregated Function Time : count 48478 avg 0.031217423 +/- 0.1826 min 0.001803747 max 6.00519912 sum 1513.35826
# target 50% 0.0166455
# target 75% 0.0240168
# target 90% 0.0364029
# target 99% 0.216342
# target 99.9% 3.25027
Sockets used: 119 (for perfect keepalive, would be 25)
Jitter: false
Code  -1 : 59 (0.1 %)
Code 200 : 48419 (99.9 %)
All done 48478 calls (plus 25 warmup) 31.217 ms avg, 800.6 qps
Successfully wrote 5919 bytes of Json data to 2022-04-22-021838_asg_raupi_3_scaling_3_2.json
fortio exit code: 0
[2022-04-22T02:19:38]==============================[STATS]
jh CPU load avg:
0.10 0.10 0.09 1/156 1445
i-071ed4b6ef0f003c8
InService
Healthy
{}
[2022-04-22T02:19:39]==============================[SCALING RUN 3: CHUNK 3]==============================
02:19:39 I logger.go:127> Log level is now 4 Error (was 2 Info)
Fortio 1.19.0 running at -1 queries per second, 2->2 procs, for 1m0s: http://asg-1-lb-762764543.us-east-1.elb.amazonaws.com:3000/?n=200
Aggregated Function Time : count 53312 avg 0.028139211 +/- 0.07517 min 0.001630233 max 2.012613774 sum 1500.15761
# target 50% 0.0167098
# target 75% 0.0258331
# target 90% 0.0478912
# target 99% 0.269359
# target 99.9% 1.17547
Sockets used: 25 (for perfect keepalive, would be 25)
Jitter: false
Code 200 : 53312 (100.0 %)
All done 53312 calls (plus 25 warmup) 28.139 ms avg, 888.2 qps
Successfully wrote 5566 bytes of Json data to 2022-04-22-021939_asg_raupi_3_scaling_3_3.json
fortio exit code: 0
[2022-04-22T02:20:39]==============================[STATS]
jh CPU load avg:
0.03 0.08 0.08 1/158 1470
i-071ed4b6ef0f003c8
InService
Healthy
{}
[2022-04-22T02:20:40]==============================[SCALING RUN 3: CHUNK 4]==============================
02:20:40 I logger.go:127> Log level is now 4 Error (was 2 Info)
Fortio 1.19.0 running at -1 queries per second, 2->2 procs, for 1m0s: http://asg-1-lb-762764543.us-east-1.elb.amazonaws.com:3000/?n=200
Aggregated Function Time : count 52530 avg 0.028560278 +/- 0.07077 min 0.001730607 max 1.992482506 sum 1500.27139
# target 50% 0.0163586
# target 75% 0.0264066
# target 90% 0.0515471
# target 99% 0.267365
# target 99.9% 0.871213
Sockets used: 25 (for perfect keepalive, would be 25)
Jitter: false
Code 200 : 52530 (100.0 %)
All done 52530 calls (plus 25 warmup) 28.560 ms avg, 875.2 qps
Successfully wrote 5352 bytes of Json data to 2022-04-22-022040_asg_raupi_3_scaling_3_4.json
fortio exit code: 0
[2022-04-22T02:21:40]==============================[STATS]
jh CPU load avg:
0.01 0.06 0.08 1/158 1488
i-071ed4b6ef0f003c8
InService
Healthy
{}
[2022-04-22T02:21:40]==============================[SCALING RUN 3: CHUNK 5]==============================
02:21:40 I logger.go:127> Log level is now 4 Error (was 2 Info)
Fortio 1.19.0 running at -1 queries per second, 2->2 procs, for 1m0s: http://asg-1-lb-762764543.us-east-1.elb.amazonaws.com:3000/?n=200
02:21:56 E http_client.go:787> Read error &{{0xc00024d500}} 54.161.206.128:3000 134 : read tcp 172.31.84.212:47292->54.161.206.128:3000: i/o timeout
02:21:56 E http_client.go:787> Read error &{{0xc0000fec80}} 54.175.152.161:3000 134 : read tcp 172.31.84.212:50578->54.175.152.161:3000: i/o timeout
02:21:56 E http_client.go:787> Read error &{{0xc00006a400}} 54.161.206.128:3000 134 : read tcp 172.31.84.212:47248->54.161.206.128:3000: i/o timeout
Aggregated Function Time : count 56468 avg 0.026571356 +/- 0.1192 min 0.001057264 max 4.781385669 sum 1500.43131
# target 50% 0.0150671
# target 75% 0.0215788
# target 90% 0.0375443
# target 99% 0.168624
# target 99.9% 2.18369
Sockets used: 56 (for perfect keepalive, would be 25)
Jitter: false
Code  -1 : 3 (0.0 %)
Code 200 : 56465 (100.0 %)
All done 56468 calls (plus 25 warmup) 26.571 ms avg, 940.6 qps
Successfully wrote 5936 bytes of Json data to 2022-04-22-022140_asg_raupi_3_scaling_3_5.json
fortio exit code: 0
[2022-04-22T02:22:40]==============================[STATS]
jh CPU load avg:
0.08 0.07 0.08 1/158 1505
i-044927730996ea2d5
InService
Healthy
{}
i-0663b1493f0ac969c
InService
Healthy
{}
i-071ed4b6ef0f003c8
InService
Healthy
{}
[2022-04-22T02:22:41]==============================[SCALING RUN 3: CHUNK 6]==============================
02:22:41 I logger.go:127> Log level is now 4 Error (was 2 Info)
Fortio 1.19.0 running at -1 queries per second, 2->2 procs, for 1m0s: http://asg-1-lb-762764543.us-east-1.elb.amazonaws.com:3000/?n=200
Aggregated Function Time : count 181454 avg 0.0082667482 +/- 0.02442 min 0.001156294 max 2.116585587 sum 1500.03452
# target 50% 0.00661571
# target 75% 0.00934545
# target 90% 0.0160793
# target 99% 0.0431245
# target 99.9% 0.179254
Sockets used: 25 (for perfect keepalive, would be 25)
Jitter: false
Code 200 : 181454 (100.0 %)
All done 181454 calls (plus 25 warmup) 8.267 ms avg, 3023.6 qps
Successfully wrote 4741 bytes of Json data to 2022-04-22-022241_asg_raupi_3_scaling_3_6.json
fortio exit code: 0
[2022-04-22T02:23:41]==============================[STATS]
jh CPU load avg:
0.11 0.08 0.08 1/158 1522
i-044927730996ea2d5
InService
Healthy
{}
i-0663b1493f0ac969c
InService
Healthy
{}
i-071ed4b6ef0f003c8
InService
Healthy
{}
[2022-04-22T02:23:42]==============================[SCALING RUN 3: CHUNK 7]==============================
02:23:42 I logger.go:127> Log level is now 4 Error (was 2 Info)
Fortio 1.19.0 running at -1 queries per second, 2->2 procs, for 1m0s: http://asg-1-lb-762764543.us-east-1.elb.amazonaws.com:3000/?n=200
Aggregated Function Time : count 179500 avg 0.0083566834 +/- 0.02049 min 0.001101995 max 1.029619207 sum 1500.02467
# target 50% 0.00656193
# target 75% 0.00929193
# target 90% 0.0157003
# target 99% 0.0448159
# target 99.9% 0.302155
Sockets used: 25 (for perfect keepalive, would be 25)
Jitter: false
Code 200 : 179500 (100.0 %)
All done 179500 calls (plus 25 warmup) 8.357 ms avg, 2991.0 qps
Successfully wrote 4983 bytes of Json data to 2022-04-22-022342_asg_raupi_3_scaling_3_7.json
fortio exit code: 0
[2022-04-22T02:24:42]==============================[STATS]
jh CPU load avg:
0.28 0.14 0.10 1/158 1539
i-044927730996ea2d5
InService
Healthy
{}
i-0663b1493f0ac969c
InService
Healthy
{}
i-071ed4b6ef0f003c8
InService
Healthy
{}
[2022-04-22T02:24:43]==============================[SCALING RUN 3: CHUNK 8]==============================
02:24:43 I logger.go:127> Log level is now 4 Error (was 2 Info)
Fortio 1.19.0 running at -1 queries per second, 2->2 procs, for 1m0s: http://asg-1-lb-762764543.us-east-1.elb.amazonaws.com:3000/?n=200
Aggregated Function Time : count 184163 avg 0.0081453269 +/- 0.01361 min 0.001197915 max 0.720623162 sum 1500.06784
# target 50% 0.00663004
# target 75% 0.00934613
# target 90% 0.0159833
# target 99% 0.0435025
# target 99.9% 0.166992
Sockets used: 25 (for perfect keepalive, would be 25)
Jitter: false
Code 200 : 184163 (100.0 %)
All done 184163 calls (plus 25 warmup) 8.145 ms avg, 3068.1 qps
Successfully wrote 4618 bytes of Json data to 2022-04-22-022443_asg_raupi_3_scaling_3_8.json
fortio exit code: 0
[2022-04-22T02:25:43]==============================[STATS]
jh CPU load avg:
0.12 0.12 0.09 1/157 1558
i-044927730996ea2d5
InService
Healthy
{}
i-0663b1493f0ac969c
InService
Healthy
{}
i-071ed4b6ef0f003c8
InService
Healthy
{}
[2022-04-22T02:25:43]==============================[SCALING RUN 3: CHUNK 9]==============================
02:25:43 I logger.go:127> Log level is now 4 Error (was 2 Info)
Fortio 1.19.0 running at -1 queries per second, 2->2 procs, for 1m0s: http://asg-1-lb-762764543.us-east-1.elb.amazonaws.com:3000/?n=200
Aggregated Function Time : count 177659 avg 0.0084432995 +/- 0.01247 min 0.001179099 max 0.583222009 sum 1500.02814
# target 50% 0.00669234
# target 75% 0.00944899
# target 90% 0.0166578
# target 99% 0.0517722
# target 99.9% 0.126675
Sockets used: 25 (for perfect keepalive, would be 25)
Jitter: false
Code 200 : 177659 (100.0 %)
All done 177659 calls (plus 25 warmup) 8.443 ms avg, 2960.4 qps
Successfully wrote 4373 bytes of Json data to 2022-04-22-022543_asg_raupi_3_scaling_3_9.json
fortio exit code: 0
[2022-04-22T02:26:43]==============================[STATS]
jh CPU load avg:
0.17 0.13 0.10 1/157 1576
i-044927730996ea2d5
InService
Healthy
{}
i-0663b1493f0ac969c
InService
Healthy
{}
i-071ed4b6ef0f003c8
InService
Healthy
{}
[2022-04-22T02:26:44]==============================[SCALING RUN 3: CHUNK 10]==============================
02:26:44 I logger.go:127> Log level is now 4 Error (was 2 Info)
Fortio 1.19.0 running at -1 queries per second, 2->2 procs, for 1m0s: http://asg-1-lb-762764543.us-east-1.elb.amazonaws.com:3000/?n=200
Aggregated Function Time : count 173730 avg 0.0086357109 +/- 0.01731 min 0.001176459 max 0.880736748 sum 1500.28206
# target 50% 0.00669774
# target 75% 0.00945842
# target 90% 0.0166118
# target 99% 0.0490677
# target 99.9% 0.224775
Sockets used: 25 (for perfect keepalive, would be 25)
Jitter: false
Code 200 : 173730 (100.0 %)
All done 173730 calls (plus 25 warmup) 8.636 ms avg, 2888.1 qps
Successfully wrote 4492 bytes of Json data to 2022-04-22-022644_asg_raupi_3_scaling_3_10.json
fortio exit code: 0
[2022-04-22T02:27:44]==============================[STATS]
jh CPU load avg:
0.21 0.15 0.10 1/157 1593
i-044927730996ea2d5
InService
Healthy
{}
i-0663b1493f0ac969c
InService
Healthy
{}
i-071ed4b6ef0f003c8
InService
Healthy
{}
[2022-04-22T02:27:45]==============================[SCALING RUN 3: CHUNK 11]==============================
02:27:45 I logger.go:127> Log level is now 4 Error (was 2 Info)
Fortio 1.19.0 running at -1 queries per second, 2->2 procs, for 1m0s: http://asg-1-lb-762764543.us-east-1.elb.amazonaws.com:3000/?n=200
Aggregated Function Time : count 186852 avg 0.0080289788 +/- 0.01573 min 0.001106143 max 0.839655095 sum 1500.23075
# target 50% 0.00656618
# target 75% 0.00929623
# target 90% 0.015834
# target 99% 0.0383462
# target 99.9% 0.166901
Sockets used: 25 (for perfect keepalive, would be 25)
Jitter: false
Code 200 : 186852 (100.0 %)
All done 186852 calls (plus 25 warmup) 8.029 ms avg, 3110.1 qps
Successfully wrote 4869 bytes of Json data to 2022-04-22-022745_asg_raupi_3_scaling_3_11.json
fortio exit code: 0
[2022-04-22T02:28:45]==============================[STATS]
jh CPU load avg:
0.28 0.18 0.11 1/157 1610
i-044927730996ea2d5
InService
Healthy
{}
i-0663b1493f0ac969c
InService
Healthy
{}
i-071ed4b6ef0f003c8
InService
Healthy
{}
[2022-04-22T02:28:46]==============================[SCALING RUN 3: CHUNK 12]==============================
02:28:46 I logger.go:127> Log level is now 4 Error (was 2 Info)
Fortio 1.19.0 running at -1 queries per second, 2->2 procs, for 1m0s: http://asg-1-lb-762764543.us-east-1.elb.amazonaws.com:3000/?n=200
Aggregated Function Time : count 182395 avg 0.0082241288 +/- 0.0132 min 0.001195141 max 0.702370802 sum 1500.03998
# target 50% 0.00664734
# target 75% 0.00937347
# target 90% 0.0160794
# target 99% 0.043319
# target 99.9% 0.165772
Sockets used: 25 (for perfect keepalive, would be 25)
Jitter: false
Code 200 : 182395 (100.0 %)
All done 182395 calls (plus 25 warmup) 8.224 ms avg, 3038.5 qps
Successfully wrote 4636 bytes of Json data to 2022-04-22-022846_asg_raupi_3_scaling_3_12.json
fortio exit code: 0
[2022-04-22T02:29:46]==============================[STATS]
jh CPU load avg:
0.15 0.16 0.11 1/157 1677
i-044927730996ea2d5
InService
Healthy
{}
i-0663b1493f0ac969c
InService
Healthy
{}
i-071ed4b6ef0f003c8
InService
Healthy
{}
[2022-04-22T02:29:46]==============================[SCALING RUN 3: CHUNK 13]==============================
02:29:46 I logger.go:127> Log level is now 4 Error (was 2 Info)
Fortio 1.19.0 running at -1 queries per second, 2->2 procs, for 1m0s: http://asg-1-lb-762764543.us-east-1.elb.amazonaws.com:3000/?n=200
Aggregated Function Time : count 177513 avg 0.0084502678 +/- 0.01781 min 0.001189392 max 1.136141484 sum 1500.03239
# target 50% 0.00665041
# target 75% 0.00938094
# target 90% 0.0162937
# target 99% 0.0488857
# target 99.9% 0.17975
Sockets used: 25 (for perfect keepalive, would be 25)
Jitter: false
Code 200 : 177513 (100.0 %)
All done 177513 calls (plus 25 warmup) 8.450 ms avg, 2958.0 qps
Successfully wrote 4616 bytes of Json data to 2022-04-22-022947_asg_raupi_3_scaling_3_13.json
fortio exit code: 0
[2022-04-22T02:30:47]==============================[STATS]
jh CPU load avg:
0.13 0.16 0.11 1/158 1701
i-044927730996ea2d5
InService
Healthy
{}
i-0663b1493f0ac969c
InService
Healthy
{}
i-071ed4b6ef0f003c8
InService
Healthy
{}
[2022-04-22T02:30:48]==============================[SCALING RUN 3: CHUNK 14]==============================
02:30:48 I logger.go:127> Log level is now 4 Error (was 2 Info)
Fortio 1.19.0 running at -1 queries per second, 2->2 procs, for 1m0s: http://asg-1-lb-762764543.us-east-1.elb.amazonaws.com:3000/?n=200
Aggregated Function Time : count 186301 avg 0.0080514833 +/- 0.01308 min 0.001164051 max 0.958185123 sum 1499.99939
# target 50% 0.00664877
# target 75% 0.00939116
# target 90% 0.0162028
# target 99% 0.0417142
# target 99.9% 0.155363
Sockets used: 25 (for perfect keepalive, would be 25)
Jitter: false
Code 200 : 186301 (100.0 %)
All done 186301 calls (plus 25 warmup) 8.051 ms avg, 3104.6 qps
Successfully wrote 4489 bytes of Json data to 2022-04-22-023048_asg_raupi_3_scaling_3_14.json
fortio exit code: 0
[2022-04-22T02:31:48]==============================[STATS]
jh CPU load avg:
0.12 0.14 0.10 1/158 1721
i-044927730996ea2d5
InService
Healthy
{}
i-0663b1493f0ac969c
InService
Healthy
{}
i-071ed4b6ef0f003c8
InService
Healthy
{}
[2022-04-22T02:35:49]==============================[GET DATA]==============================
2022-04-22T00:43:26..2022-04-22T02:35:49
asg-1-myASG
asg-1-lb
36K alb_data.json
24K asg_data.json
[2022-04-22T02:35:50]==============================[UPLOAD /2022.04.22_00-42_asg_raupi_3_41cf]==============================
Warning: Permanently added '34.125.40.213' (ECDSA) to the list of known hosts.
