+ git log -3
commit 41cf33201aead23cba1f1e121e9d87237bf6cc23
Author: Your Name <you@example.com>
Date:   Tue Mar 29 08:52:16 2022 +1300

    more logging

commit 0c47b221b750550e4a95f529bba3d75a205557ea
Author: Your Name <you@example.com>
Date:   Sun Mar 27 08:46:05 2022 +1300

    adjust Taewa lite and add Tewa extra tests

commit 865b4d5a55b8bf5cca7934deda9a241b9cbff638
Author: Your Name <you@example.com>
Date:   Sat Mar 26 21:35:59 2022 +1300

    reduce apache2 deployment requests
++ cut -d _ -f 2
+ app=taewa
+ export AWS_DEFAULT_REGION=us-east-1
+ AWS_DEFAULT_REGION=us-east-1
+ line===============================
++ date +%FT%T
+ echo '[2022-04-04T06:12:20]==============================[starting' in '/tmp/k8s-vs-ASG/data/cli]=============================='
[2022-04-04T06:12:20]==============================[starting in /tmp/k8s-vs-ASG/data/cli]==============================
+ source 0.setup.sh
++ set -x
++ '[' asg_taewa_3lite == k8s_apache_3 ']'
++ '[' asg_taewa_3lite == asg_apache_3 ']'
++ '[' asg_taewa_3lite == k8s_apache2_3 ']'
++ '[' asg_taewa_3lite == k8s_taewa_3 ']'
++ '[' asg_taewa_3lite == asg_taewa_3 ']'
++ '[' asg_taewa_3lite == k8s_taewa_3lite ']'
++ '[' asg_taewa_3lite == asg_taewa_3lite ']'
++ warmup_url='3000/?n=1'
++ testing_url='3000/?n=1'
++ cpu_perc=35
++ warmup_min_threads=60
++ warmup_max_threads=70
++ warmup_cycle_sec=90
++ scaling_minutes=14
++ performance_sec=300
++ max_capacity=3
++ fortio_options='-a -qps -1 -r 0.01 -loglevel Error -allow-initial-errors'
++ '[' asg_taewa_3lite == k8s_taewa_3extra ']'
++ '[' asg_taewa_3lite == asg_taewa_3extra ']'
++ '[' asg_taewa_3lite == k8s_taewa_6 ']'
++ '[' asg_taewa_3lite == asg_taewa_6 ']'
++ '[' asg_taewa_3lite == k8s_riwai_3 ']'
++ '[' asg_taewa_3lite == asg_riwai_3 ']'
++ '[' asg_taewa_3lite == asg_raupi_3 ']'
++ '[' asg_taewa_3lite == k8s_raupi_3 ']'
++ set +x
{
    "Account": "877061436404", 
    "UserId": "AIDA4YNHPOP2EYAYL2ZRN", 
    "Arn": "arn:aws:iam::877061436404:user/ad"
}
[2022-04-04T06:12:27] waiting for instances ...
scaling to 3
{
    "HealthCheck": {
        "HealthyThreshold": 2, 
        "Interval": 10, 
        "Target": "HTTP:3000/?n=1", 
        "Timeout": 5, 
        "UnhealthyThreshold": 6
    }
}
  % Total    % Received % Xferd  Average Speed   Time    Time     Time  Current
                                 Dload  Upload   Total   Spent    Left  Speed
  0     0    0     0    0     0      0      0 --:--:-- --:--:-- --:--:--     0100    44    0    44    0     0   6428      0 --:--:-- --:--:-- --:--:--  7333
The result of this run is :  0.1847381398809
[2022-04-04T06:17:31]==============================[STATS]
jh CPU load avg:
0.04 0.19 0.13 1/157 2886
i-0cdae9be73ebf9a01
InService
Healthy
{}
i-0e6be310b1813f483
InService
Healthy
{}
i-0f05bb8facc77c9d0
InService
Healthy
{}
[2022-04-04T06:17:31]==============================[WARMUP RUN c60]==============================
06:17:31 I logger.go:127> Log level is now 4 Error (was 2 Info)
Fortio 1.19.0 running at -1 queries per second, 2->2 procs, for 1m30s: http://asg-1-lb-339430146.us-east-1.elb.amazonaws.com:3000/?n=1
Aggregated Function Time : count 2345289 avg 0.0023021857 +/- 0.00122 min 0.001117898 max 0.211805726 sum 5399.29071
# target 50% 0.00556385
# target 75% 0.00778683
# target 90% 0.00912061
# target 99% 0.00992089
# target 99.9% 0.0109898
Sockets used: 60 (for perfect keepalive, would be 60)
Jitter: false
Code 200 : 2345289 (100.0 %)
All done 2345289 calls (plus 60 warmup) 2.302 ms avg, 26058.2 qps
Successfully wrote 2216 bytes of Json data to 2022-04-04-061732_asg_taewa_3lite_warmup_60.json
fortio exit code: 0
[2022-04-04T06:19:02]==============================[STATS]
jh CPU load avg:
0.58 0.35 0.20 1/156 2904
i-0cdae9be73ebf9a01
InService
Healthy
{}
i-0e6be310b1813f483
InService
Healthy
{}
i-0f05bb8facc77c9d0
InService
Healthy
{}
[2022-04-04T06:20:02]==============================[STATS]
jh CPU load avg:
0.21 0.28 0.18 1/156 2918
i-0cdae9be73ebf9a01
InService
Healthy
{}
i-0e6be310b1813f483
InService
Healthy
{}
i-0f05bb8facc77c9d0
InService
Healthy
{}
[2022-04-04T06:20:03]==============================[WARMUP RUN c61]==============================
06:20:03 I logger.go:127> Log level is now 4 Error (was 2 Info)
Fortio 1.19.0 running at -1 queries per second, 2->2 procs, for 1m30s: http://asg-1-lb-339430146.us-east-1.elb.amazonaws.com:3000/?n=1
Aggregated Function Time : count 3608583 avg 0.0015210599 +/- 0.0005295 min 0.000897386 max 0.20911527 sum 5488.87089
# target 50% 0.00544953
# target 75% 0.00772561
# target 90% 0.00909125
# target 99% 0.00991064
# target 99.9% 0.00999258
Sockets used: 61 (for perfect keepalive, would be 61)
Jitter: false
Code 200 : 3608583 (100.0 %)
All done 3608583 calls (plus 61 warmup) 1.521 ms avg, 40094.7 qps
Successfully wrote 2210 bytes of Json data to 2022-04-04-062004_asg_taewa_3lite_warmup_61.json
fortio exit code: 0
[2022-04-04T06:21:34]==============================[STATS]
jh CPU load avg:
0.78 0.44 0.25 1/156 2939
i-0cdae9be73ebf9a01
InService
Healthy
{}
i-0e6be310b1813f483
InService
Healthy
{}
i-0f05bb8facc77c9d0
InService
Healthy
{}
[2022-04-04T06:22:35]==============================[STATS]
jh CPU load avg:
0.26 0.35 0.23 1/156 2949
i-0cdae9be73ebf9a01
InService
Healthy
{}
i-0e6be310b1813f483
InService
Healthy
{}
i-0f05bb8facc77c9d0
InService
Healthy
{}
[2022-04-04T06:22:35]==============================[WARMUP RUN c62]==============================
06:22:35 I logger.go:127> Log level is now 4 Error (was 2 Info)
Fortio 1.19.0 running at -1 queries per second, 2->2 procs, for 1m30s: http://asg-1-lb-339430146.us-east-1.elb.amazonaws.com:3000/?n=1
Aggregated Function Time : count 3672217 avg 0.0015192258 +/- 0.0004902 min 0.000923778 max 0.212179054 sum 5578.92668
# target 50% 0.00546272
# target 75% 0.00773219
# target 90% 0.00909387
# target 99% 0.00991088
# target 99.9% 0.00999259
Sockets used: 62 (for perfect keepalive, would be 62)
Jitter: false
Code 200 : 3672217 (100.0 %)
All done 3672217 calls (plus 62 warmup) 1.519 ms avg, 40801.7 qps
Successfully wrote 2095 bytes of Json data to 2022-04-04-062236_asg_taewa_3lite_warmup_62.json
fortio exit code: 0
[2022-04-04T06:24:06]==============================[STATS]
jh CPU load avg:
0.78 0.52 0.30 1/156 2967
i-0cdae9be73ebf9a01
InService
Healthy
{}
i-0e6be310b1813f483
InService
Healthy
{}
i-0f05bb8facc77c9d0
InService
Healthy
{}
[2022-04-04T06:25:06]==============================[STATS]
jh CPU load avg:
0.28 0.42 0.28 1/156 2976
i-0cdae9be73ebf9a01
InService
Healthy
{}
i-0e6be310b1813f483
InService
Healthy
{}
i-0f05bb8facc77c9d0
InService
Healthy
{}
[2022-04-04T06:25:07]==============================[WARMUP RUN c63]==============================
06:25:07 I logger.go:127> Log level is now 4 Error (was 2 Info)
Fortio 1.19.0 running at -1 queries per second, 2->2 procs, for 1m30s: http://asg-1-lb-339430146.us-east-1.elb.amazonaws.com:3000/?n=1
Aggregated Function Time : count 3761150 avg 0.001507231 +/- 0.0005418 min 0.000902182 max 0.209128716 sum 5668.92205
# target 50% 0.00545166
# target 75% 0.00772639
# target 90% 0.00909124
# target 99% 0.00991014
# target 99.9% 0.00999203
Sockets used: 63 (for perfect keepalive, would be 63)
Jitter: false
Code 200 : 3761150 (100.0 %)
All done 3761150 calls (plus 63 warmup) 1.507 ms avg, 41789.8 qps
Successfully wrote 2212 bytes of Json data to 2022-04-04-062507_asg_taewa_3lite_warmup_63.json
fortio exit code: 0
[2022-04-04T06:26:37]==============================[STATS]
jh CPU load avg:
1.33 0.74 0.40 1/157 2997
i-0cdae9be73ebf9a01
InService
Healthy
{}
i-0e6be310b1813f483
InService
Healthy
{}
i-0f05bb8facc77c9d0
InService
Healthy
{}
[2022-04-04T06:27:38]==============================[STATS]
jh CPU load avg:
0.48 0.60 0.37 1/157 3007
i-0cdae9be73ebf9a01
InService
Healthy
{}
i-0e6be310b1813f483
InService
Healthy
{}
i-0f05bb8facc77c9d0
InService
Healthy
{}
[2022-04-04T06:27:38]==============================[WARMUP RUN c64]==============================
06:27:38 I logger.go:127> Log level is now 4 Error (was 2 Info)
Fortio 1.19.0 running at -1 queries per second, 2->2 procs, for 1m30s: http://asg-1-lb-339430146.us-east-1.elb.amazonaws.com:3000/?n=1
Aggregated Function Time : count 3736537 avg 0.0015412489 +/- 0.0004245 min 0.000946941 max 0.209206654 sum 5758.9336
# target 50% 0.00547385
# target 75% 0.00773731
# target 90% 0.00909539
# target 99% 0.00991023
# target 99.9% 0.00999172
Sockets used: 64 (for perfect keepalive, would be 64)
Jitter: false
Code 200 : 3736537 (100.0 %)
All done 3736537 calls (plus 64 warmup) 1.541 ms avg, 41515.8 qps
Successfully wrote 2210 bytes of Json data to 2022-04-04-062739_asg_taewa_3lite_warmup_64.json
fortio exit code: 0
[2022-04-04T06:29:09]==============================[STATS]
jh CPU load avg:
1.27 0.83 0.47 1/157 3026
i-0cdae9be73ebf9a01
InService
Healthy
{}
i-0e6be310b1813f483
InService
Healthy
{}
i-0f05bb8facc77c9d0
InService
Healthy
{}
[2022-04-04T06:30:09]==============================[STATS]
jh CPU load avg:
0.46 0.67 0.44 1/157 3040
i-0cdae9be73ebf9a01
InService
Healthy
{}
i-0e6be310b1813f483
InService
Healthy
{}
i-0f05bb8facc77c9d0
InService
Healthy
{}
[2022-04-04T06:30:10]==============================[WARMUP RUN c65]==============================
06:30:10 I logger.go:127> Log level is now 4 Error (was 2 Info)
Fortio 1.19.0 running at -1 queries per second, 2->2 procs, for 1m30s: http://asg-1-lb-339430146.us-east-1.elb.amazonaws.com:3000/?n=1
Aggregated Function Time : count 3566265 avg 0.0016400664 +/- 0.001188 min 0.00086053 max 0.212549361 sum 5848.9114
# target 50% 0.00543868
# target 75% 0.00772775
# target 90% 0.0091012
# target 99% 0.00992526
# target 99.9% 0.0151362
Sockets used: 65 (for perfect keepalive, would be 65)
Jitter: false
Code 200 : 3566265 (100.0 %)
All done 3566265 calls (plus 65 warmup) 1.640 ms avg, 39624.3 qps
Successfully wrote 2334 bytes of Json data to 2022-04-04-063010_asg_taewa_3lite_warmup_65.json
fortio exit code: 0
[2022-04-04T06:31:40]==============================[STATS]
jh CPU load avg:
0.86 0.71 0.48 1/156 3059
i-0cdae9be73ebf9a01
InService
Healthy
{}
i-0e6be310b1813f483
InService
Healthy
{}
i-0f05bb8facc77c9d0
InService
Healthy
{}
[2022-04-04T06:32:41]==============================[STATS]
jh CPU load avg:
0.31 0.58 0.45 1/156 3069
i-0cdae9be73ebf9a01
InService
Healthy
{}
i-0e6be310b1813f483
InService
Healthy
{}
i-0f05bb8facc77c9d0
InService
Healthy
{}
[2022-04-04T06:32:41]==============================[WARMUP RUN c66]==============================
06:32:41 I logger.go:127> Log level is now 4 Error (was 2 Info)
Fortio 1.19.0 running at -1 queries per second, 2->2 procs, for 1m30s: http://asg-1-lb-339430146.us-east-1.elb.amazonaws.com:3000/?n=1
Aggregated Function Time : count 3611432 avg 0.0016444892 +/- 0.001127 min 0.000818252 max 0.213566997 sum 5938.961
# target 50% 0.00541763
# target 75% 0.00771733
# target 90% 0.00909714
# target 99% 0.00992503
# target 99.9% 0.015266
Sockets used: 66 (for perfect keepalive, would be 66)
Jitter: false
Code 200 : 3611432 (100.0 %)
All done 3611432 calls (plus 66 warmup) 1.644 ms avg, 40126.2 qps
Successfully wrote 2334 bytes of Json data to 2022-04-04-063241_asg_taewa_3lite_warmup_66.json
fortio exit code: 0
[2022-04-04T06:34:11]==============================[STATS]
jh CPU load avg:
0.83 0.70 0.50 1/155 3086
i-0cdae9be73ebf9a01
InService
Healthy
{}
i-0e6be310b1813f483
InService
Healthy
{}
i-0f05bb8facc77c9d0
InService
Healthy
{}
[2022-04-04T06:35:12]==============================[STATS]
jh CPU load avg:
0.30 0.57 0.47 1/158 3098
i-0cdae9be73ebf9a01
InService
Healthy
{}
i-0e6be310b1813f483
InService
Healthy
{}
i-0f05bb8facc77c9d0
InService
Healthy
{}
[2022-04-04T06:35:13]==============================[WARMUP RUN c67]==============================
06:35:13 I logger.go:127> Log level is now 4 Error (was 2 Info)
Fortio 1.19.0 running at -1 queries per second, 2->2 procs, for 1m30s: http://asg-1-lb-339430146.us-east-1.elb.amazonaws.com:3000/?n=1
Aggregated Function Time : count 3770966 avg 0.0015988089 +/- 0.001196 min 0.000828601 max 0.212784916 sum 6029.05411
# target 50% 0.0054255
# target 75% 0.00772395
# target 90% 0.00910302
# target 99% 0.00993047
# target 99.9% 0.0166614
Sockets used: 67 (for perfect keepalive, would be 67)
Jitter: false
Code 200 : 3770966 (100.0 %)
All done 3770966 calls (plus 67 warmup) 1.599 ms avg, 41896.0 qps
Successfully wrote 2331 bytes of Json data to 2022-04-04-063513_asg_taewa_3lite_warmup_67.json
fortio exit code: 0
[2022-04-04T06:36:43]==============================[STATS]
jh CPU load avg:
0.83 0.70 0.53 1/158 3116
i-0cdae9be73ebf9a01
InService
Healthy
{}
i-0e6be310b1813f483
InService
Healthy
{}
i-0f05bb8facc77c9d0
InService
Healthy
{}
[2022-04-04T06:37:43]==============================[STATS]
jh CPU load avg:
0.30 0.57 0.49 1/158 3174
i-0cdae9be73ebf9a01
InService
Healthy
{}
i-0e6be310b1813f483
InService
Healthy
{}
i-0f05bb8facc77c9d0
InService
Healthy
{}
[2022-04-04T06:37:44]==============================[WARMUP RUN c68]==============================
06:37:44 I logger.go:127> Log level is now 4 Error (was 2 Info)
Fortio 1.19.0 running at -1 queries per second, 2->2 procs, for 1m30s: http://asg-1-lb-339430146.us-east-1.elb.amazonaws.com:3000/?n=1
Aggregated Function Time : count 3779111 avg 0.0016191391 +/- 0.001007 min 0.000824982 max 0.208876309 sum 6118.90649
# target 50% 0.00542382
# target 75% 0.00772324
# target 90% 0.0091029
# target 99% 0.00993069
# target 99.9% 0.0166151
Sockets used: 68 (for perfect keepalive, would be 68)
Jitter: false
Code 200 : 3779111 (100.0 %)
All done 3779111 calls (plus 68 warmup) 1.619 ms avg, 41989.3 qps
Successfully wrote 2337 bytes of Json data to 2022-04-04-063744_asg_taewa_3lite_warmup_68.json
fortio exit code: 0
[2022-04-04T06:39:14]==============================[STATS]
jh CPU load avg:
0.80 0.69 0.54 1/158 3191
i-0cdae9be73ebf9a01
InService
Healthy
{}
i-0e6be310b1813f483
InService
Healthy
{}
i-0f05bb8facc77c9d0
InService
Healthy
{}
[2022-04-04T06:40:15]==============================[STATS]
jh CPU load avg:
0.29 0.57 0.51 1/159 3207
i-0cdae9be73ebf9a01
InService
Healthy
{}
i-0e6be310b1813f483
InService
Healthy
{}
i-0f05bb8facc77c9d0
InService
Healthy
{}
[2022-04-04T06:40:15]==============================[WARMUP RUN c69]==============================
06:40:15 I logger.go:127> Log level is now 4 Error (was 2 Info)
Fortio 1.19.0 running at -1 queries per second, 2->2 procs, for 1m30s: http://asg-1-lb-339430146.us-east-1.elb.amazonaws.com:3000/?n=1
Aggregated Function Time : count 4036814 avg 0.0015380441 +/- 0.0008965 min 0.000866933 max 0.209929555 sum 6208.79809
# target 50% 0.00543452
# target 75% 0.00771832
# target 90% 0.0090886
# target 99% 0.00991076
# target 99.9% 0.00999298
Sockets used: 87 (for perfect keepalive, would be 69)
Jitter: false
Code 200 : 4036814 (100.0 %)
All done 4036814 calls (plus 69 warmup) 1.538 ms avg, 44852.7 qps
Successfully wrote 2216 bytes of Json data to 2022-04-04-064030_asg_taewa_3lite_warmup_69.json
fortio exit code: 0
[2022-04-04T06:42:00]==============================[STATS]
jh CPU load avg:
1.39 0.84 0.61 1/159 3225
i-0cdae9be73ebf9a01
InService
Healthy
{}
i-0e6be310b1813f483
InService
Healthy
{}
i-0f05bb8facc77c9d0
InService
Healthy
{}
[2022-04-04T06:43:01]==============================[STATS]
jh CPU load avg:
0.47 0.67 0.57 1/159 3235
i-0cdae9be73ebf9a01
InService
Healthy
{}
i-0e6be310b1813f483
InService
Healthy
{}
i-0f05bb8facc77c9d0
InService
Healthy
{}
[2022-04-04T06:43:02]==============================[WARMUP RUN c70]==============================
06:43:02 I logger.go:127> Log level is now 4 Error (was 2 Info)
Fortio 1.19.0 running at -1 queries per second, 2->2 procs, for 1m30s: http://asg-1-lb-339430146.us-east-1.elb.amazonaws.com:3000/?n=1
Aggregated Function Time : count 3922043 avg 0.0016060121 +/- 0.0007461 min 0.000885337 max 0.220554923 sum 6298.84864
# target 50% 0.00544335
# target 75% 0.00772235
# target 90% 0.00908976
# target 99% 0.0099102
# target 99.9% 0.00999224
Sockets used: 70 (for perfect keepalive, would be 70)
Jitter: false
Code 200 : 3922043 (100.0 %)
All done 3922043 calls (plus 70 warmup) 1.606 ms avg, 43577.3 qps
Successfully wrote 2215 bytes of Json data to 2022-04-04-064302_asg_taewa_3lite_warmup_70.json
fortio exit code: 0
[2022-04-04T06:44:32]==============================[STATS]
jh CPU load avg:
1.31 0.89 0.66 1/159 3252
i-0cdae9be73ebf9a01
InService
Healthy
{}
i-0e6be310b1813f483
InService
Healthy
{}
i-0f05bb8facc77c9d0
InService
Healthy
{}
{
    "LoadBalancerDescriptions": [
        {
            "Subnets": [
                "subnet-0c11765336ff482f4", 
                "subnet-0f1bc1e7a7b7cf9ab"
            ], 
            "CanonicalHostedZoneNameID": "Z35SXDOTRQ7X7K", 
            "CanonicalHostedZoneName": "asg-1-lb-339430146.us-east-1.elb.amazonaws.com", 
            "ListenerDescriptions": [
                {
                    "Listener": {
                        "InstancePort": 3000, 
                        "LoadBalancerPort": 3000, 
                        "Protocol": "TCP", 
                        "InstanceProtocol": "TCP"
                    }, 
                    "PolicyNames": []
                }, 
                {
                    "Listener": {
                        "InstancePort": 80, 
                        "LoadBalancerPort": 80, 
                        "Protocol": "TCP", 
                        "InstanceProtocol": "TCP"
                    }, 
                    "PolicyNames": []
                }
            ], 
            "HealthCheck": {
                "HealthyThreshold": 2, 
                "Interval": 10, 
                "Target": "HTTP:3000/?n=1", 
                "Timeout": 5, 
                "UnhealthyThreshold": 6
            }, 
            "VPCId": "vpc-0b2aace7597c99933", 
            "BackendServerDescriptions": [], 
            "Instances": [
                {
                    "InstanceId": "i-0f05bb8facc77c9d0"
                }, 
                {
                    "InstanceId": "i-0cdae9be73ebf9a01"
                }, 
                {
                    "InstanceId": "i-0e6be310b1813f483"
                }
            ], 
            "DNSName": "asg-1-lb-339430146.us-east-1.elb.amazonaws.com", 
            "SecurityGroups": [
                "sg-0a0be40f944d4fda3"
            ], 
            "Policies": {
                "LBCookieStickinessPolicies": [], 
                "AppCookieStickinessPolicies": [], 
                "OtherPolicies": []
            }, 
            "LoadBalancerName": "asg-1-lb", 
            "CreatedTime": "2022-04-04T06:08:16.180Z", 
            "AvailabilityZones": [
                "us-east-1b", 
                "us-east-1a"
            ], 
            "Scheme": "internet-facing", 
            "SourceSecurityGroup": {
                "OwnerAlias": "877061436404", 
                "GroupName": "asg-1-ALBSecurityGroup-B70544U034IW"
            }
        }
    ]
}
{
    "AutoScalingGroups": [
        {
            "AutoScalingGroupARN": "arn:aws:autoscaling:us-east-1:877061436404:autoScalingGroup:366abc99-9919-465f-8643-fa83e7b15e6c:autoScalingGroupName/asg-1-myASG", 
            "ServiceLinkedRoleARN": "arn:aws:iam::877061436404:role/aws-service-role/autoscaling.amazonaws.com/AWSServiceRoleForAutoScaling", 
            "TargetGroupARNs": [], 
            "SuspendedProcesses": [], 
            "LaunchTemplate": {
                "LaunchTemplateName": "asg-1-launch-template", 
                "Version": "1", 
                "LaunchTemplateId": "lt-0c1a5ebf18ea00379"
            }, 
            "Tags": [
                {
                    "ResourceType": "auto-scaling-group", 
                    "ResourceId": "asg-1-myASG", 
                    "PropagateAtLaunch": true, 
                    "Value": "asg-1-instance", 
                    "Key": "Name"
                }, 
                {
                    "ResourceType": "auto-scaling-group", 
                    "ResourceId": "asg-1-myASG", 
                    "PropagateAtLaunch": false, 
                    "Value": "WebServerGroup", 
                    "Key": "Purpose"
                }, 
                {
                    "ResourceType": "auto-scaling-group", 
                    "ResourceId": "asg-1-myASG", 
                    "PropagateAtLaunch": true, 
                    "Value": "myASG", 
                    "Key": "aws:cloudformation:logical-id"
                }, 
                {
                    "ResourceType": "auto-scaling-group", 
                    "ResourceId": "asg-1-myASG", 
                    "PropagateAtLaunch": true, 
                    "Value": "arn:aws:cloudformation:us-east-1:877061436404:stack/asg-1/941d8670-b3dd-11ec-a05f-1296d0f2c267", 
                    "Key": "aws:cloudformation:stack-id"
                }, 
                {
                    "ResourceType": "auto-scaling-group", 
                    "ResourceId": "asg-1-myASG", 
                    "PropagateAtLaunch": true, 
                    "Value": "asg-1", 
                    "Key": "aws:cloudformation:stack-name"
                }
            ], 
            "EnabledMetrics": [
                {
                    "Metric": "GroupPendingInstances", 
                    "Granularity": "1Minute"
                }, 
                {
                    "Metric": "GroupInServiceInstances", 
                    "Granularity": "1Minute"
                }, 
                {
                    "Metric": "GroupAndWarmPoolTotalCapacity", 
                    "Granularity": "1Minute"
                }, 
                {
                    "Metric": "GroupMaxSize", 
                    "Granularity": "1Minute"
                }, 
                {
                    "Metric": "WarmPoolDesiredCapacity", 
                    "Granularity": "1Minute"
                }, 
                {
                    "Metric": "GroupStandbyInstances", 
                    "Granularity": "1Minute"
                }, 
                {
                    "Metric": "WarmPoolTerminatingCapacity", 
                    "Granularity": "1Minute"
                }, 
                {
                    "Metric": "GroupAndWarmPoolDesiredCapacity", 
                    "Granularity": "1Minute"
                }, 
                {
                    "Metric": "WarmPoolWarmedCapacity", 
                    "Granularity": "1Minute"
                }, 
                {
                    "Metric": "GroupStandbyCapacity", 
                    "Granularity": "1Minute"
                }, 
                {
                    "Metric": "GroupPendingCapacity", 
                    "Granularity": "1Minute"
                }, 
                {
                    "Metric": "GroupTotalInstances", 
                    "Granularity": "1Minute"
                }, 
                {
                    "Metric": "GroupInServiceCapacity", 
                    "Granularity": "1Minute"
                }, 
                {
                    "Metric": "GroupMinSize", 
                    "Granularity": "1Minute"
                }, 
                {
                    "Metric": "GroupDesiredCapacity", 
                    "Granularity": "1Minute"
                }, 
                {
                    "Metric": "GroupTerminatingCapacity", 
                    "Granularity": "1Minute"
                }, 
                {
                    "Metric": "WarmPoolMinSize", 
                    "Granularity": "1Minute"
                }, 
                {
                    "Metric": "GroupTotalCapacity", 
                    "Granularity": "1Minute"
                }, 
                {
                    "Metric": "WarmPoolPendingCapacity", 
                    "Granularity": "1Minute"
                }, 
                {
                    "Metric": "GroupTerminatingInstances", 
                    "Granularity": "1Minute"
                }, 
                {
                    "Metric": "WarmPoolTotalCapacity", 
                    "Granularity": "1Minute"
                }
            ], 
            "TerminationPolicies": [
                "Default"
            ], 
            "AutoScalingGroupName": "asg-1-myASG", 
            "DefaultCooldown": 300, 
            "MinSize": 1, 
            "Instances": [
                {
                    "ProtectedFromScaleIn": false, 
                    "AvailabilityZone": "us-east-1a", 
                    "LaunchTemplate": {
                        "LaunchTemplateName": "asg-1-launch-template", 
                        "Version": "1", 
                        "LaunchTemplateId": "lt-0c1a5ebf18ea00379"
                    }, 
                    "InstanceId": "i-0cdae9be73ebf9a01", 
                    "HealthStatus": "Healthy", 
                    "LifecycleState": "InService", 
                    "InstanceType": "t3.medium"
                }, 
                {
                    "ProtectedFromScaleIn": false, 
                    "AvailabilityZone": "us-east-1b", 
                    "LaunchTemplate": {
                        "LaunchTemplateName": "asg-1-launch-template", 
                        "Version": "1", 
                        "LaunchTemplateId": "lt-0c1a5ebf18ea00379"
                    }, 
                    "InstanceId": "i-0e6be310b1813f483", 
                    "HealthStatus": "Healthy", 
                    "LifecycleState": "InService", 
                    "InstanceType": "t3.medium"
                }, 
                {
                    "ProtectedFromScaleIn": false, 
                    "AvailabilityZone": "us-east-1b", 
                    "LaunchTemplate": {
                        "LaunchTemplateName": "asg-1-launch-template", 
                        "Version": "1", 
                        "LaunchTemplateId": "lt-0c1a5ebf18ea00379"
                    }, 
                    "InstanceId": "i-0f05bb8facc77c9d0", 
                    "HealthStatus": "Healthy", 
                    "LifecycleState": "InService", 
                    "InstanceType": "t3.medium"
                }
            ], 
            "MaxSize": 3, 
            "VPCZoneIdentifier": "subnet-0f1bc1e7a7b7cf9ab,subnet-0c11765336ff482f4", 
            "HealthCheckGracePeriod": 300, 
            "LoadBalancerNames": [
                "asg-1-lb"
            ], 
            "CreatedTime": "2022-04-04T06:10:38.791Z", 
            "AvailabilityZones": [
                "us-east-1a", 
                "us-east-1b"
            ], 
            "HealthCheckType": "EC2", 
            "NewInstancesProtectedFromScaleIn": false, 
            "DesiredCapacity": 3
        }
    ]
}
[2022-04-04T06:45:36]==============================[PERFORMANCE CHUNK RUN 71]==============================
[2022-04-04T06:46:36]==============================[STATS]
jh CPU load avg:
0.16 0.58 0.57 1/158 3278
i-0cdae9be73ebf9a01
InService
Healthy
{}
i-0e6be310b1813f483
InService
Healthy
{}
i-0f05bb8facc77c9d0
InService
Healthy
{}
06:46:37 I logger.go:127> Log level is now 4 Error (was 2 Info)
Fortio 1.19.0 running at -1 queries per second, 2->2 procs, for 1m0s: http://asg-1-lb-339430146.us-east-1.elb.amazonaws.com:3000/?n=1
Aggregated Function Time : count 2661862 avg 0.001577547 +/- 0.0007403 min 0.000864404 max 0.209525969 sum 4199.21242
# target 50% 0.00543322
# target 75% 0.00771764
# target 90% 0.00908828
# target 99% 0.00991067
# target 99.9% 0.00999291
Sockets used: 70 (for perfect keepalive, would be 70)
Jitter: false
Code 200 : 2661862 (100.0 %)
All done 2661862 calls (plus 70 warmup) 1.578 ms avg, 44363.1 qps
Successfully wrote 2107 bytes of Json data to 2022-04-04-064637_asg_taewa_3lite_performance_chunk_71_1.json
fortio exit code: 0
[2022-04-04T06:47:37]==============================[STATS]
jh CPU load avg:
0.98 0.76 0.63 1/158 3296
i-0cdae9be73ebf9a01
InService
Healthy
{}
i-0e6be310b1813f483
InService
Healthy
{}
i-0f05bb8facc77c9d0
InService
Healthy
{}
06:47:38 I logger.go:127> Log level is now 4 Error (was 2 Info)
Fortio 1.19.0 running at -1 queries per second, 2->2 procs, for 1m0s: http://asg-1-lb-339430146.us-east-1.elb.amazonaws.com:3000/?n=1
Aggregated Function Time : count 2737647 avg 0.0015338815 +/- 0.0006247 min 0.000853488 max 0.208325666 sum 4199.226
# target 50% 0.0054273
# target 75% 0.00771421
# target 90% 0.00908635
# target 99% 0.00990964
# target 99.9% 0.00999197
Sockets used: 70 (for perfect keepalive, would be 70)
Jitter: false
Code 200 : 2737647 (100.0 %)
All done 2737647 calls (plus 70 warmup) 1.534 ms avg, 45626.1 qps
Successfully wrote 2106 bytes of Json data to 2022-04-04-064738_asg_taewa_3lite_performance_chunk_71_2.json
fortio exit code: 0
[2022-04-04T06:48:38]==============================[STATS]
jh CPU load avg:
1.22 0.85 0.67 1/158 3312
i-0cdae9be73ebf9a01
InService
Healthy
{}
i-0e6be310b1813f483
InService
Healthy
{}
i-0f05bb8facc77c9d0
InService
Healthy
{}
06:48:38 I logger.go:127> Log level is now 4 Error (was 2 Info)
Fortio 1.19.0 running at -1 queries per second, 2->2 procs, for 1m0s: http://asg-1-lb-339430146.us-east-1.elb.amazonaws.com:3000/?n=1
Aggregated Function Time : count 2713285 avg 0.0015476567 +/- 0.0005684 min 0.000872345 max 0.209237219 sum 4199.23371
# target 50% 0.00543681
# target 75% 0.00771905
# target 90% 0.00908839
# target 99% 0.00991
# target 99.9% 0.00999216
Sockets used: 70 (for perfect keepalive, would be 70)
Jitter: false
Code 200 : 2713285 (100.0 %)
All done 2713285 calls (plus 70 warmup) 1.548 ms avg, 45220.1 qps
Successfully wrote 2107 bytes of Json data to 2022-04-04-064839_asg_taewa_3lite_performance_chunk_71_3.json
fortio exit code: 0
[2022-04-04T06:49:39]==============================[STATS]
jh CPU load avg:
1.03 0.88 0.69 1/158 3328
i-0cdae9be73ebf9a01
InService
Healthy
{}
i-0e6be310b1813f483
InService
Healthy
{}
i-0f05bb8facc77c9d0
InService
Healthy
{}
06:49:39 I logger.go:127> Log level is now 4 Error (was 2 Info)
Fortio 1.19.0 running at -1 queries per second, 2->2 procs, for 1m0s: http://asg-1-lb-339430146.us-east-1.elb.amazonaws.com:3000/?n=1
Aggregated Function Time : count 2679023 avg 0.0015674461 +/- 0.0009773 min 0.000853517 max 0.211227081 sum 4199.22414
# target 50% 0.00542737
# target 75% 0.00771429
# target 90% 0.00908645
# target 99% 0.00990974
# target 99.9% 0.00999207
Sockets used: 70 (for perfect keepalive, would be 70)
Jitter: false
Code 200 : 2679023 (100.0 %)
All done 2679023 calls (plus 70 warmup) 1.567 ms avg, 44649.0 qps
Successfully wrote 2106 bytes of Json data to 2022-04-04-064939_asg_taewa_3lite_performance_chunk_71_4.json
fortio exit code: 0
[2022-04-04T06:50:39]==============================[STATS]
jh CPU load avg:
1.08 0.92 0.72 1/159 3350
i-0cdae9be73ebf9a01
InService
Healthy
{}
i-0e6be310b1813f483
InService
Healthy
{}
i-0f05bb8facc77c9d0
InService
Healthy
{}
06:50:40 I logger.go:127> Log level is now 4 Error (was 2 Info)
Fortio 1.19.0 running at -1 queries per second, 2->2 procs, for 1m0s: http://asg-1-lb-339430146.us-east-1.elb.amazonaws.com:3000/?n=1
Aggregated Function Time : count 2701557 avg 0.0015543747 +/- 0.0006955 min 0.000866581 max 0.209329511 sum 4199.23194
# target 50% 0.00543387
# target 75% 0.00771752
# target 90% 0.00908771
# target 99% 0.00990982
# target 99.9% 0.00999203
Sockets used: 70 (for perfect keepalive, would be 70)
Jitter: false
Code 200 : 2701557 (100.0 %)
All done 2701557 calls (plus 70 warmup) 1.554 ms avg, 45024.6 qps
Successfully wrote 2108 bytes of Json data to 2022-04-04-065040_asg_taewa_3lite_performance_chunk_71_5.json
fortio exit code: 0
[2022-04-04T06:52:40]==============================[STATS]
jh CPU load avg:
0.53 0.85 0.72 1/159 3368
i-0cdae9be73ebf9a01
InService
Healthy
{}
i-0e6be310b1813f483
InService
Healthy
{}
i-0f05bb8facc77c9d0
InService
Healthy
{}
[2022-04-04T06:52:41]==============================[PERFORMANCE RUN 1]==============================
06:52:41 I logger.go:127> Log level is now 4 Error (was 2 Info)
Fortio 1.19.0 running at -1 queries per second, 2->2 procs, for 5m0s: http://asg-1-lb-339430146.us-east-1.elb.amazonaws.com:3000/?n=1
Aggregated Function Time : count 13590828 avg 0.0015448599 +/- 0.0008065 min 0.000868414 max 0.212788675 sum 20995.9255
# target 50% 0.00543487
# target 75% 0.0077181
# target 90% 0.00908803
# target 99% 0.00991
# target 99.9% 0.00999219
Sockets used: 70 (for perfect keepalive, would be 70)
Jitter: false
Code 200 : 13590828 (100.0 %)
All done 13590828 calls (plus 70 warmup) 1.545 ms avg, 45302.5 qps
Successfully wrote 2233 bytes of Json data to 2022-04-04-065241_asg_taewa_3lite_performance_1.json
fortio exit code: 0
[2022-04-04T06:57:41]==============================[STATS]
jh CPU load avg:
1.12 1.06 0.86 1/158 3392
i-0cdae9be73ebf9a01
InService
Healthy
{}
i-0e6be310b1813f483
InService
Healthy
{}
i-0f05bb8facc77c9d0
InService
Healthy
{}
[2022-04-04T06:58:41]==============================[STATS]
jh CPU load avg:
0.41 0.86 0.80 1/158 3401
i-0cdae9be73ebf9a01
InService
Healthy
{}
i-0e6be310b1813f483
InService
Healthy
{}
i-0f05bb8facc77c9d0
InService
Healthy
{}
[2022-04-04T06:58:42]==============================[PERFORMANCE RUN 2]==============================
06:58:42 I logger.go:127> Log level is now 4 Error (was 2 Info)
Fortio 1.19.0 running at -1 queries per second, 2->2 procs, for 5m0s: http://asg-1-lb-339430146.us-east-1.elb.amazonaws.com:3000/?n=1
Aggregated Function Time : count 13376878 avg 0.001569573 +/- 0.0009625 min 0.000852219 max 0.211446558 sum 20995.9871
# target 50% 0.00542683
# target 75% 0.00771413
# target 90% 0.00908651
# target 99% 0.00990994
# target 99.9% 0.00999229
Sockets used: 70 (for perfect keepalive, would be 70)
Jitter: false
Code 200 : 13376878 (100.0 %)
All done 13376878 calls (plus 70 warmup) 1.570 ms avg, 44589.3 qps
Successfully wrote 2227 bytes of Json data to 2022-04-04-065842_asg_taewa_3lite_performance_2.json
fortio exit code: 0
[2022-04-04T07:03:42]==============================[STATS]
jh CPU load avg:
1.70 1.22 0.96 1/160 3493
i-0cdae9be73ebf9a01
InService
Healthy
{}
i-0e6be310b1813f483
InService
Healthy
{}
i-0f05bb8facc77c9d0
InService
Healthy
{}
[2022-04-04T07:04:43]==============================[STATS]
jh CPU load avg:
0.62 1.00 0.90 1/160 3502
i-0cdae9be73ebf9a01
InService
Healthy
{}
i-0e6be310b1813f483
InService
Healthy
{}
i-0f05bb8facc77c9d0
InService
Healthy
{}
[2022-04-04T07:04:44]==============================[PERFORMANCE RUN 3]==============================
07:04:44 I logger.go:127> Log level is now 4 Error (was 2 Info)
Fortio 1.19.0 running at -1 queries per second, 2->2 procs, for 5m0s: http://asg-1-lb-339430146.us-east-1.elb.amazonaws.com:3000/?n=1
Aggregated Function Time : count 12953898 avg 0.0016208382 +/- 0.0008415 min 0.000893817 max 0.211886714 sum 20996.1725
# target 50% 0.00544738
# target 75% 0.00772417
# target 90% 0.00909024
# target 99% 0.00990988
# target 99.9% 0.00999184
Sockets used: 70 (for perfect keepalive, would be 70)
Jitter: false
Code 200 : 12953898 (100.0 %)
All done 12953898 calls (plus 70 warmup) 1.621 ms avg, 43179.4 qps
Successfully wrote 2106 bytes of Json data to 2022-04-04-070444_asg_taewa_3lite_performance_3.json
fortio exit code: 0
[2022-04-04T07:09:44]==============================[STATS]
jh CPU load avg:
1.26 1.20 1.01 1/159 3525
i-0cdae9be73ebf9a01
InService
Healthy
{}
i-0e6be310b1813f483
InService
Healthy
{}
i-0f05bb8facc77c9d0
InService
Healthy
{}
scaling to 0
{
    "Alarms": [
        {
            "AlarmName": "TargetTracking-asg-1-myASG-AlarmHigh-16210d49-3186-46bf-b7f8-8f8f42b6f0be", 
            "AlarmARN": "arn:aws:cloudwatch:us-east-1:877061436404:alarm:TargetTracking-asg-1-myASG-AlarmHigh-16210d49-3186-46bf-b7f8-8f8f42b6f0be"
        }, 
        {
            "AlarmName": "TargetTracking-asg-1-myASG-AlarmLow-5201a723-b7e1-4e2c-95e7-2e61a79ac48b", 
            "AlarmARN": "arn:aws:cloudwatch:us-east-1:877061436404:alarm:TargetTracking-asg-1-myASG-AlarmLow-5201a723-b7e1-4e2c-95e7-2e61a79ac48b"
        }
    ], 
    "PolicyARN": "arn:aws:autoscaling:us-east-1:877061436404:scalingPolicy:fa7e6d7b-ad3d-4d39-91ee-8e80b8281bf4:autoScalingGroupName/asg-1-myASG:policyName/asg-1-AppServerSP-171AKOX4U3PA0"
}
[2022-04-04T07:10:16]==============================[SCALING RUN 1: INIT]==============================
{
    "Alarms": [
        {
            "AlarmName": "TargetTracking-asg-1-myASG-AlarmHigh-16210d49-3186-46bf-b7f8-8f8f42b6f0be", 
            "AlarmARN": "arn:aws:cloudwatch:us-east-1:877061436404:alarm:TargetTracking-asg-1-myASG-AlarmHigh-16210d49-3186-46bf-b7f8-8f8f42b6f0be"
        }, 
        {
            "AlarmName": "TargetTracking-asg-1-myASG-AlarmLow-5201a723-b7e1-4e2c-95e7-2e61a79ac48b", 
            "AlarmARN": "arn:aws:cloudwatch:us-east-1:877061436404:alarm:TargetTracking-asg-1-myASG-AlarmLow-5201a723-b7e1-4e2c-95e7-2e61a79ac48b"
        }
    ], 
    "PolicyARN": "arn:aws:autoscaling:us-east-1:877061436404:scalingPolicy:fa7e6d7b-ad3d-4d39-91ee-8e80b8281bf4:autoScalingGroupName/asg-1-myASG:policyName/asg-1-AppServerSP-171AKOX4U3PA0"
}
scaling to 1
[2022-04-04T07:10:18]==============================[SCALING RUN 1: ENABLE SCALING - SLEEP]==============================
{
    "Alarms": [
        {
            "AlarmName": "TargetTracking-asg-1-myASG-AlarmHigh-0b42b5b2-6c2d-4d33-a4e7-d7ef1df75260", 
            "AlarmARN": "arn:aws:cloudwatch:us-east-1:877061436404:alarm:TargetTracking-asg-1-myASG-AlarmHigh-0b42b5b2-6c2d-4d33-a4e7-d7ef1df75260"
        }, 
        {
            "AlarmName": "TargetTracking-asg-1-myASG-AlarmLow-87cc6ad0-02d4-4be8-b88c-cd8fecddd57b", 
            "AlarmARN": "arn:aws:cloudwatch:us-east-1:877061436404:alarm:TargetTracking-asg-1-myASG-AlarmLow-87cc6ad0-02d4-4be8-b88c-cd8fecddd57b"
        }
    ], 
    "PolicyARN": "arn:aws:autoscaling:us-east-1:877061436404:scalingPolicy:fa7e6d7b-ad3d-4d39-91ee-8e80b8281bf4:autoScalingGroupName/asg-1-myASG:policyName/asg-1-AppServerSP-171AKOX4U3PA0"
}
[2022-04-04T07:13:19]==============================[SCALING RUN 1: FORTIO]==============================
[2022-04-04T07:13:19]==============================[STATS]
jh CPU load avg:
0.03 0.58 0.80 1/160 3580
i-006744a817a433b86
InService
Healthy
{}
[2022-04-04T07:13:20]==============================[SCALING RUN 1: CHUNK 1]==============================
07:13:20 I logger.go:127> Log level is now 4 Error (was 2 Info)
Fortio 1.19.0 running at -1 queries per second, 2->2 procs, for 1m0s: http://asg-1-lb-339430146.us-east-1.elb.amazonaws.com:3000/?n=1
Aggregated Function Time : count 1393430 avg 0.0030138986 +/- 0.001316 min 0.001081887 max 0.217006691 sum 4199.65674
# target 50% 0.00554821
# target 75% 0.00778137
# target 90% 0.00912127
# target 99% 0.00992521
# target 99.9% 0.0147505
Sockets used: 70 (for perfect keepalive, would be 70)
Jitter: false
Code 200 : 1393430 (100.0 %)
All done 1393430 calls (plus 70 warmup) 3.014 ms avg, 23222.7 qps
Successfully wrote 2590 bytes of Json data to 2022-04-04-071320_asg_taewa_3lite_scaling_1_1.json
fortio exit code: 0
[2022-04-04T07:14:20]==============================[STATS]
jh CPU load avg:
0.51 0.61 0.79 1/160 3601
i-006744a817a433b86
InService
Healthy
{}
[2022-04-04T07:14:20]==============================[SCALING RUN 1: CHUNK 2]==============================
07:14:20 I logger.go:127> Log level is now 4 Error (was 2 Info)
Fortio 1.19.0 running at -1 queries per second, 2->2 procs, for 1m0s: http://asg-1-lb-339430146.us-east-1.elb.amazonaws.com:3000/?n=1
Aggregated Function Time : count 1399411 avg 0.003001004 +/- 0.001295 min 0.000986477 max 0.215906208 sum 4199.63803
# target 50% 0.00549493
# target 75% 0.00774916
# target 90% 0.0091017
# target 99% 0.00991323
# target 99.9% 0.00999438
Sockets used: 70 (for perfect keepalive, would be 70)
Jitter: false
Code 200 : 1399411 (100.0 %)
All done 1399411 calls (plus 70 warmup) 3.001 ms avg, 23322.4 qps
Successfully wrote 2093 bytes of Json data to 2022-04-04-071421_asg_taewa_3lite_scaling_1_2.json
fortio exit code: 0
[2022-04-04T07:15:21]==============================[STATS]
jh CPU load avg:
1.09 0.80 0.85 1/159 3623
i-006744a817a433b86
InService
Healthy
{}
[2022-04-04T07:15:21]==============================[SCALING RUN 1: CHUNK 3]==============================
07:15:21 I logger.go:127> Log level is now 4 Error (was 2 Info)
Fortio 1.19.0 running at -1 queries per second, 2->2 procs, for 1m0s: http://asg-1-lb-339430146.us-east-1.elb.amazonaws.com:3000/?n=1
Aggregated Function Time : count 1394430 avg 0.0030117302 +/- 0.001252 min 0.001043199 max 0.215975342 sum 4199.64695
# target 50% 0.00552307
# target 75% 0.00776301
# target 90% 0.00910698
# target 99% 0.00991336
# target 99.9% 0.009994
Sockets used: 70 (for perfect keepalive, would be 70)
Jitter: false
Code 200 : 1394430 (100.0 %)
All done 1394430 calls (plus 70 warmup) 3.012 ms avg, 23239.5 qps
Successfully wrote 2097 bytes of Json data to 2022-04-04-071521_asg_taewa_3lite_scaling_1_3.json
fortio exit code: 0
[2022-04-04T07:16:21]==============================[STATS]
jh CPU load avg:
0.84 0.79 0.84 1/159 3642
i-006744a817a433b86
InService
Healthy
{}
[2022-04-04T07:16:22]==============================[SCALING RUN 1: CHUNK 4]==============================
07:16:22 I logger.go:127> Log level is now 4 Error (was 2 Info)
Fortio 1.19.0 running at -1 queries per second, 2->2 procs, for 1m0s: http://asg-1-lb-339430146.us-east-1.elb.amazonaws.com:3000/?n=1
Aggregated Function Time : count 1391041 avg 0.0030190719 +/- 0.001224 min 0.001010466 max 0.216434059 sum 4199.65285
# target 50% 0.00550658
# target 75% 0.00775464
# target 90% 0.00910347
# target 99% 0.00991277
# target 99.9% 0.0099937
Sockets used: 70 (for perfect keepalive, would be 70)
Jitter: false
Code 200 : 1391041 (100.0 %)
All done 1391041 calls (plus 70 warmup) 3.019 ms avg, 23182.9 qps
Successfully wrote 2097 bytes of Json data to 2022-04-04-071622_asg_taewa_3lite_scaling_1_4.json
fortio exit code: 0
[2022-04-04T07:17:22]==============================[STATS]
jh CPU load avg:
0.56 0.72 0.81 1/159 3660
i-006744a817a433b86
InService
Healthy
{}
[2022-04-04T07:17:23]==============================[SCALING RUN 1: CHUNK 5]==============================
07:17:23 I logger.go:127> Log level is now 4 Error (was 2 Info)
Fortio 1.19.0 running at -1 queries per second, 2->2 procs, for 1m0s: http://asg-1-lb-339430146.us-east-1.elb.amazonaws.com:3000/?n=1
Aggregated Function Time : count 1387326 avg 0.0030271587 +/- 0.001205 min 0.001048102 max 0.214073198 sum 4199.65591
# target 50% 0.00552561
# target 75% 0.00776437
# target 90% 0.00910763
# target 99% 0.00991358
# target 99.9% 0.00999418
Sockets used: 105 (for perfect keepalive, would be 70)
Jitter: false
Code 200 : 1387326 (100.0 %)
All done 1387326 calls (plus 70 warmup) 3.027 ms avg, 23120.9 qps
Successfully wrote 2119 bytes of Json data to 2022-04-04-071723_asg_taewa_3lite_scaling_1_5.json
fortio exit code: 0
[2022-04-04T07:18:23]==============================[STATS]
jh CPU load avg:
1.04 0.82 0.84 1/159 3677
i-006744a817a433b86
InService
Healthy
{}
i-0b93f84d96af3a16d
InService
Healthy
{}
[2022-04-04T07:18:23]==============================[SCALING RUN 1: CHUNK 6]==============================
07:18:23 I logger.go:127> Log level is now 4 Error (was 2 Info)
Fortio 1.19.0 running at -1 queries per second, 2->2 procs, for 1m0s: http://asg-1-lb-339430146.us-east-1.elb.amazonaws.com:3000/?n=1
Aggregated Function Time : count 1402782 avg 0.0029939554 +/- 0.001214 min 0.000950419 max 0.216280787 sum 4199.86668
# target 50% 0.00547762
# target 75% 0.00774123
# target 90% 0.00909939
# target 99% 0.00991429
# target 99.9% 0.00999578
Sockets used: 70 (for perfect keepalive, would be 70)
Jitter: false
Code 200 : 1402782 (100.0 %)
All done 1402782 calls (plus 70 warmup) 2.994 ms avg, 23303.6 qps
Successfully wrote 2207 bytes of Json data to 2022-04-04-071824_asg_taewa_3lite_scaling_1_6.json
fortio exit code: 0
[2022-04-04T07:19:24]==============================[STATS]
jh CPU load avg:
0.53 0.72 0.80 1/159 3693
i-006744a817a433b86
InService
Healthy
{}
i-0b93f84d96af3a16d
InService
Healthy
{}
[2022-04-04T07:19:24]==============================[SCALING RUN 1: CHUNK 7]==============================
07:19:24 I logger.go:127> Log level is now 4 Error (was 2 Info)
Fortio 1.19.0 running at -1 queries per second, 2->2 procs, for 1m0s: http://asg-1-lb-339430146.us-east-1.elb.amazonaws.com:3000/?n=1
Aggregated Function Time : count 2960295 avg 0.0014184751 +/- 0.0005721 min 0.000907206 max 0.209395631 sum 4199.1047
# target 50% 0.00545411
# target 75% 0.00772756
# target 90% 0.00909163
# target 99% 0.00991007
# target 99.9% 0.00999192
Sockets used: 70 (for perfect keepalive, would be 70)
Jitter: false
Code 200 : 2960295 (100.0 %)
All done 2960295 calls (plus 70 warmup) 1.418 ms avg, 49337.0 qps
Successfully wrote 2215 bytes of Json data to 2022-04-04-071925_asg_taewa_3lite_scaling_1_7.json
fortio exit code: 0
[2022-04-04T07:20:25]==============================[STATS]
jh CPU load avg:
1.22 0.89 0.86 1/159 3716
i-006744a817a433b86
InService
Healthy
{}
i-0b93f84d96af3a16d
InService
Healthy
{}
[2022-04-04T07:20:25]==============================[SCALING RUN 1: CHUNK 8]==============================
07:20:25 I logger.go:127> Log level is now 4 Error (was 2 Info)
Fortio 1.19.0 running at -1 queries per second, 2->2 procs, for 1m0s: http://asg-1-lb-339430146.us-east-1.elb.amazonaws.com:3000/?n=1
Aggregated Function Time : count 2965157 avg 0.001416147 +/- 0.0006199 min 0.000903278 max 0.208468056 sum 4199.09829
# target 50% 0.0054517
# target 75% 0.00772592
# target 90% 0.00909044
# target 99% 0.00990916
# target 99.9% 0.00999103
Sockets used: 70 (for perfect keepalive, would be 70)
Jitter: false
Code 200 : 2965157 (100.0 %)
All done 2965157 calls (plus 70 warmup) 1.416 ms avg, 49417.6 qps
Successfully wrote 2092 bytes of Json data to 2022-04-04-072025_asg_taewa_3lite_scaling_1_8.json
fortio exit code: 0
[2022-04-04T07:21:25]==============================[STATS]
jh CPU load avg:
1.37 0.99 0.90 1/160 3734
i-006744a817a433b86
InService
Healthy
{}
i-0b93f84d96af3a16d
InService
Healthy
{}
[2022-04-04T07:21:26]==============================[SCALING RUN 1: CHUNK 9]==============================
07:21:26 I logger.go:127> Log level is now 4 Error (was 2 Info)
Fortio 1.19.0 running at -1 queries per second, 2->2 procs, for 1m0s: http://asg-1-lb-339430146.us-east-1.elb.amazonaws.com:3000/?n=1
Aggregated Function Time : count 2971248 avg 0.00141323 +/- 0.0006104 min 0.000893784 max 0.209034621 sum 4199.05675
# target 50% 0.00544724
# target 75% 0.00772397
# target 90% 0.00909001
# target 99% 0.00990964
# target 99.9% 0.0099916
Sockets used: 70 (for perfect keepalive, would be 70)
Jitter: false
Code 200 : 2971248 (100.0 %)
All done 2971248 calls (plus 70 warmup) 1.413 ms avg, 49519.7 qps
Successfully wrote 2210 bytes of Json data to 2022-04-04-072126_asg_taewa_3lite_scaling_1_9.json
fortio exit code: 0
[2022-04-04T07:22:26]==============================[STATS]
jh CPU load avg:
1.65 1.13 0.95 1/166 3762
i-006744a817a433b86
InService
Healthy
{}
i-0b93f84d96af3a16d
InService
Healthy
{}
[2022-04-04T07:22:27]==============================[SCALING RUN 1: CHUNK 10]==============================
07:22:27 I logger.go:127> Log level is now 4 Error (was 2 Info)
Fortio 1.19.0 running at -1 queries per second, 2->2 procs, for 1m0s: http://asg-1-lb-339430146.us-east-1.elb.amazonaws.com:3000/?n=1
Aggregated Function Time : count 2980948 avg 0.0014086478 +/- 0.0006395 min 0.000885371 max 0.209498524 sum 4199.10571
# target 50% 0.00544272
# target 75% 0.0077214
# target 90% 0.00908861
# target 99% 0.00990893
# target 99.9% 0.00999096
Sockets used: 70 (for perfect keepalive, would be 70)
Jitter: false
Code 200 : 2980948 (100.0 %)
All done 2980948 calls (plus 70 warmup) 1.409 ms avg, 49681.3 qps
Successfully wrote 2094 bytes of Json data to 2022-04-04-072227_asg_taewa_3lite_scaling_1_10.json
fortio exit code: 0
[2022-04-04T07:23:27]==============================[STATS]
jh CPU load avg:
1.61 1.20 0.99 1/166 3779
i-006744a817a433b86
InService
Healthy
{}
i-0b93f84d96af3a16d
InService
Healthy
{}
[2022-04-04T07:23:27]==============================[SCALING RUN 1: CHUNK 11]==============================
07:23:27 I logger.go:127> Log level is now 4 Error (was 2 Info)
Fortio 1.19.0 running at -1 queries per second, 2->2 procs, for 1m0s: http://asg-1-lb-339430146.us-east-1.elb.amazonaws.com:3000/?n=1
Aggregated Function Time : count 2957796 avg 0.0014196811 +/- 0.0007483 min 0.000905082 max 0.210372343 sum 4199.12694
# target 50% 0.00545271
# target 75% 0.00772653
# target 90% 0.00909082
# target 99% 0.00990939
# target 99.9% 0.00999125
Sockets used: 70 (for perfect keepalive, would be 70)
Jitter: false
Code 200 : 2957796 (100.0 %)
All done 2957796 calls (plus 70 warmup) 1.420 ms avg, 49295.4 qps
Successfully wrote 2096 bytes of Json data to 2022-04-04-072328_asg_taewa_3lite_scaling_1_11.json
fortio exit code: 0
[2022-04-04T07:24:28]==============================[STATS]
jh CPU load avg:
1.23 1.17 1.00 1/166 3796
i-006744a817a433b86
InService
Healthy
{}
i-035930196c057ffc7
InService
Healthy
{}
i-0b93f84d96af3a16d
InService
Healthy
{}
[2022-04-04T07:24:28]==============================[SCALING RUN 1: CHUNK 12]==============================
07:24:28 I logger.go:127> Log level is now 4 Error (was 2 Info)
Fortio 1.19.0 running at -1 queries per second, 2->2 procs, for 1m0s: http://asg-1-lb-339430146.us-east-1.elb.amazonaws.com:3000/?n=1
Aggregated Function Time : count 3504606 avg 0.0011981059 +/- 0.0005355 min 0.000843968 max 0.212473143 sum 4198.88918
# target 50% 0.00542205
# target 75% 0.00771109
# target 90% 0.00908451
# target 99% 0.00990857
# target 99.9% 0.00999097
Sockets used: 70 (for perfect keepalive, would be 70)
Jitter: false
Code 200 : 3504606 (100.0 %)
All done 3504606 calls (plus 70 warmup) 1.198 ms avg, 58408.8 qps
Successfully wrote 2097 bytes of Json data to 2022-04-04-072428_asg_taewa_3lite_scaling_1_12.json
fortio exit code: 0
[2022-04-04T07:25:28]==============================[STATS]
jh CPU load avg:
1.23 1.19 1.01 1/165 3813
i-006744a817a433b86
InService
Healthy
{}
i-035930196c057ffc7
InService
Healthy
{}
i-0b93f84d96af3a16d
InService
Healthy
{}
[2022-04-04T07:25:29]==============================[SCALING RUN 1: CHUNK 13]==============================
07:25:29 I logger.go:127> Log level is now 4 Error (was 2 Info)
Fortio 1.19.0 running at -1 queries per second, 2->2 procs, for 1m0s: http://asg-1-lb-339430146.us-east-1.elb.amazonaws.com:3000/?n=1
Aggregated Function Time : count 3484720 avg 0.0012049528 +/- 0.0004913 min 0.000845969 max 0.209148592 sum 4198.9232
# target 50% 0.00542317
# target 75% 0.00771178
# target 90% 0.00908494
# target 99% 0.00990884
# target 99.9% 0.00999123
Sockets used: 70 (for perfect keepalive, would be 70)
Jitter: false
Code 200 : 3484720 (100.0 %)
All done 3484720 calls (plus 70 warmup) 1.205 ms avg, 58077.4 qps
Successfully wrote 2100 bytes of Json data to 2022-04-04-072529_asg_taewa_3lite_scaling_1_13.json
fortio exit code: 0
[2022-04-04T07:26:29]==============================[STATS]
jh CPU load avg:
1.64 1.31 1.06 1/165 3831
i-006744a817a433b86
InService
Healthy
{}
i-035930196c057ffc7
InService
Healthy
{}
i-0b93f84d96af3a16d
InService
Healthy
{}
[2022-04-04T07:26:30]==============================[SCALING RUN 1: CHUNK 14]==============================
07:26:30 I logger.go:127> Log level is now 4 Error (was 2 Info)
Fortio 1.19.0 running at -1 queries per second, 2->2 procs, for 1m0s: http://asg-1-lb-339430146.us-east-1.elb.amazonaws.com:3000/?n=1
Aggregated Function Time : count 3525286 avg 0.0011910829 +/- 0.0004619 min 0.000846199 max 0.209256993 sum 4198.90797
# target 50% 0.00542312
# target 75% 0.00771158
# target 90% 0.00908465
# target 99% 0.0099085
# target 99.9% 0.00999088
Sockets used: 70 (for perfect keepalive, would be 70)
Jitter: false
Code 200 : 3525286 (100.0 %)
All done 3525286 calls (plus 70 warmup) 1.191 ms avg, 58753.4 qps
Successfully wrote 1981 bytes of Json data to 2022-04-04-072630_asg_taewa_3lite_scaling_1_14.json
fortio exit code: 0
[2022-04-04T07:27:30]==============================[STATS]
jh CPU load avg:
1.80 1.42 1.12 1/165 3849
i-006744a817a433b86
InService
Healthy
{}
i-035930196c057ffc7
InService
Healthy
{}
i-0b93f84d96af3a16d
InService
Healthy
{}
[2022-04-04T07:27:30]==============================[SCALING RUN 2: INIT]==============================
{
    "Alarms": [
        {
            "AlarmName": "TargetTracking-asg-1-myASG-AlarmHigh-9f7968a9-acf5-4b8c-b970-66f939934140", 
            "AlarmARN": "arn:aws:cloudwatch:us-east-1:877061436404:alarm:TargetTracking-asg-1-myASG-AlarmHigh-9f7968a9-acf5-4b8c-b970-66f939934140"
        }, 
        {
            "AlarmName": "TargetTracking-asg-1-myASG-AlarmLow-21ac2509-776f-4b2d-8e08-12cd02342ac4", 
            "AlarmARN": "arn:aws:cloudwatch:us-east-1:877061436404:alarm:TargetTracking-asg-1-myASG-AlarmLow-21ac2509-776f-4b2d-8e08-12cd02342ac4"
        }
    ], 
    "PolicyARN": "arn:aws:autoscaling:us-east-1:877061436404:scalingPolicy:fa7e6d7b-ad3d-4d39-91ee-8e80b8281bf4:autoScalingGroupName/asg-1-myASG:policyName/asg-1-AppServerSP-171AKOX4U3PA0"
}
scaling to 1
[2022-04-04T07:27:32]==============================[SCALING RUN 2: ENABLE SCALING - SLEEP]==============================
{
    "Alarms": [
        {
            "AlarmName": "TargetTracking-asg-1-myASG-AlarmHigh-53065aac-c0bd-49a2-9e0e-902c97ade7c7", 
            "AlarmARN": "arn:aws:cloudwatch:us-east-1:877061436404:alarm:TargetTracking-asg-1-myASG-AlarmHigh-53065aac-c0bd-49a2-9e0e-902c97ade7c7"
        }, 
        {
            "AlarmName": "TargetTracking-asg-1-myASG-AlarmLow-e56731c1-2722-4c34-b401-acb074252b15", 
            "AlarmARN": "arn:aws:cloudwatch:us-east-1:877061436404:alarm:TargetTracking-asg-1-myASG-AlarmLow-e56731c1-2722-4c34-b401-acb074252b15"
        }
    ], 
    "PolicyARN": "arn:aws:autoscaling:us-east-1:877061436404:scalingPolicy:fa7e6d7b-ad3d-4d39-91ee-8e80b8281bf4:autoScalingGroupName/asg-1-myASG:policyName/asg-1-AppServerSP-171AKOX4U3PA0"
}
[2022-04-04T07:30:33]==============================[SCALING RUN 2: FORTIO]==============================
[2022-04-04T07:30:33]==============================[STATS]
jh CPU load avg:
0.08 0.76 0.91 1/166 3882
i-035930196c057ffc7
InService
Healthy
{}
[2022-04-04T07:30:34]==============================[SCALING RUN 2: CHUNK 1]==============================
07:30:34 I logger.go:127> Log level is now 4 Error (was 2 Info)
Fortio 1.19.0 running at -1 queries per second, 2->2 procs, for 1m0s: http://asg-1-lb-339430146.us-east-1.elb.amazonaws.com:3000/?n=1
Aggregated Function Time : count 1227231 avg 0.0034220979 +/- 0.001692 min 0.000942583 max 0.216994847 sum 4199.70467
# target 50% 0.0054792
# target 75% 0.00774752
# target 90% 0.0091085
# target 99% 0.0099251
# target 99.9% 0.0195583
Sockets used: 105 (for perfect keepalive, would be 70)
Jitter: false
Code 200 : 1227231 (100.0 %)
All done 1227231 calls (plus 70 warmup) 3.422 ms avg, 20452.7 qps
Successfully wrote 2811 bytes of Json data to 2022-04-04-073034_asg_taewa_3lite_scaling_2_1.json
fortio exit code: 0
[2022-04-04T07:31:34]==============================[STATS]
jh CPU load avg:
0.63 0.82 0.92 1/165 3947
i-02b76f17d168b525c
InService
Healthy
{}
i-035930196c057ffc7
InService
Healthy
{}
[2022-04-04T07:31:35]==============================[SCALING RUN 2: CHUNK 2]==============================
07:31:35 I logger.go:127> Log level is now 4 Error (was 2 Info)
Fortio 1.19.0 running at -1 queries per second, 2->2 procs, for 1m0s: http://asg-1-lb-339430146.us-east-1.elb.amazonaws.com:3000/?n=1
Aggregated Function Time : count 2853216 avg 0.0014717281 +/- 0.0008789 min 0.000892055 max 0.209751265 sum 4199.1583
# target 50% 0.00544635
# target 75% 0.0077235
# target 90% 0.00908979
# target 99% 0.00990956
# target 99.9% 0.00999154
Sockets used: 70 (for perfect keepalive, would be 70)
Jitter: false
Code 200 : 2853216 (100.0 %)
All done 2853216 calls (plus 70 warmup) 1.472 ms avg, 47552.4 qps
Successfully wrote 2097 bytes of Json data to 2022-04-04-073135_asg_taewa_3lite_scaling_2_2.json
fortio exit code: 0
[2022-04-04T07:32:35]==============================[STATS]
jh CPU load avg:
0.80 0.83 0.91 1/166 3966
i-02b76f17d168b525c
InService
Healthy
{}
i-035930196c057ffc7
InService
Healthy
{}
[2022-04-04T07:32:35]==============================[SCALING RUN 2: CHUNK 3]==============================
07:32:35 I logger.go:127> Log level is now 4 Error (was 2 Info)
Fortio 1.19.0 running at -1 queries per second, 2->2 procs, for 1m0s: http://asg-1-lb-339430146.us-east-1.elb.amazonaws.com:3000/?n=1
Aggregated Function Time : count 2888223 avg 0.0014538865 +/- 0.0006059 min 0.000904528 max 0.209172308 sum 4199.14849
# target 50% 0.00545239
# target 75% 0.00772633
# target 90% 0.00909069
# target 99% 0.0099093
# target 99.9% 0.00999117
Sockets used: 70 (for perfect keepalive, would be 70)
Jitter: false
Code 200 : 2888223 (100.0 %)
All done 2888223 calls (plus 70 warmup) 1.454 ms avg, 48135.8 qps
Successfully wrote 2093 bytes of Json data to 2022-04-04-073236_asg_taewa_3lite_scaling_2_3.json
fortio exit code: 0
[2022-04-04T07:33:36]==============================[STATS]
jh CPU load avg:
1.65 1.05 0.98 1/166 3983
i-02b76f17d168b525c
InService
Healthy
{}
i-035930196c057ffc7
InService
Healthy
{}
[2022-04-04T07:33:36]==============================[SCALING RUN 2: CHUNK 4]==============================
07:33:36 I logger.go:127> Log level is now 4 Error (was 2 Info)
Fortio 1.19.0 running at -1 queries per second, 2->2 procs, for 1m0s: http://asg-1-lb-339430146.us-east-1.elb.amazonaws.com:3000/?n=1
Aggregated Function Time : count 2872475 avg 0.0014618581 +/- 0.0005896 min 0.000900245 max 0.212998044 sum 4199.15097
# target 50% 0.00545017
# target 75% 0.00772514
# target 90% 0.00909012
# target 99% 0.00990911
# target 99.9% 0.009991
Sockets used: 70 (for perfect keepalive, would be 70)
Jitter: false
Code 200 : 2872475 (100.0 %)
All done 2872475 calls (plus 70 warmup) 1.462 ms avg, 47873.3 qps
Successfully wrote 2095 bytes of Json data to 2022-04-04-073336_asg_taewa_3lite_scaling_2_4.json
fortio exit code: 0
[2022-04-04T07:34:36]==============================[STATS]
jh CPU load avg:
2.27 1.32 1.08 3/171 18400
i-02b76f17d168b525c
InService
Healthy
{}
i-035930196c057ffc7
InService
Healthy
{}
[2022-04-04T07:34:37]==============================[SCALING RUN 2: CHUNK 5]==============================
07:34:37 I logger.go:127> Log level is now 4 Error (was 2 Info)
Fortio 1.19.0 running at -1 queries per second, 2->2 procs, for 1m0s: http://asg-1-lb-339430146.us-east-1.elb.amazonaws.com:3000/?n=1
Aggregated Function Time : count 2820117 avg 0.0014890063 +/- 0.0006651 min 0.000879385 max 0.21607153 sum 4199.17194
# target 50% 0.00544002
# target 75% 0.00772035
# target 90% 0.00908854
# target 99% 0.00990945
# target 99.9% 0.00999154
Sockets used: 70 (for perfect keepalive, would be 70)
Jitter: false
Code 200 : 2820117 (100.0 %)
All done 2820117 calls (plus 70 warmup) 1.489 ms avg, 47000.8 qps
Successfully wrote 2208 bytes of Json data to 2022-04-04-073437_asg_taewa_3lite_scaling_2_5.json
fortio exit code: 0
[2022-04-04T07:35:37]==============================[STATS]
jh CPU load avg:
2.16 1.50 1.16 1/165 1107
i-02b76f17d168b525c
InService
Healthy
{}
i-035930196c057ffc7
InService
Healthy
{}
[2022-04-04T07:35:38]==============================[SCALING RUN 2: CHUNK 6]==============================
07:35:38 I logger.go:127> Log level is now 4 Error (was 2 Info)
Fortio 1.19.0 running at -1 queries per second, 2->2 procs, for 1m0s: http://asg-1-lb-339430146.us-east-1.elb.amazonaws.com:3000/?n=1
Aggregated Function Time : count 2858671 avg 0.0014689135 +/- 0.0006583 min 0.000887955 max 0.210478685 sum 4199.14044
# target 50% 0.00544491
# target 75% 0.00772339
# target 90% 0.00909048
# target 99% 0.00991073
# target 99.9% 0.00999276
Sockets used: 70 (for perfect keepalive, would be 70)
Jitter: false
Code 200 : 2858671 (100.0 %)
All done 2858671 calls (plus 70 warmup) 1.469 ms avg, 47643.2 qps
Successfully wrote 2092 bytes of Json data to 2022-04-04-073538_asg_taewa_3lite_scaling_2_6.json
fortio exit code: 0
[2022-04-04T07:36:38]==============================[STATS]
jh CPU load avg:
1.78 1.50 1.19 1/165 1124
i-02b76f17d168b525c
InService
Healthy
{}
i-035930196c057ffc7
InService
Healthy
{}
[2022-04-04T07:36:38]==============================[SCALING RUN 2: CHUNK 7]==============================
07:36:38 I logger.go:127> Log level is now 4 Error (was 2 Info)
Fortio 1.19.0 running at -1 queries per second, 2->2 procs, for 1m0s: http://asg-1-lb-339430146.us-east-1.elb.amazonaws.com:3000/?n=1
Aggregated Function Time : count 2887166 avg 0.0014544158 +/- 0.0007347 min 0.000901919 max 0.211165166 sum 4199.13974
# target 50% 0.00545107
# target 75% 0.00772564
# target 90% 0.00909038
# target 99% 0.00990923
# target 99.9% 0.00999112
Sockets used: 70 (for perfect keepalive, would be 70)
Jitter: false
Code 200 : 2887166 (100.0 %)
All done 2887166 calls (plus 70 warmup) 1.454 ms avg, 48118.1 qps
Successfully wrote 2096 bytes of Json data to 2022-04-04-073639_asg_taewa_3lite_scaling_2_7.json
fortio exit code: 0
[2022-04-04T07:37:39]==============================[STATS]
jh CPU load avg:
1.43 1.46 1.19 1/165 1143
i-02b76f17d168b525c
InService
Healthy
{}
i-035930196c057ffc7
InService
Healthy
{}
i-050d1af34f19044b1
InService
Healthy
{}
[2022-04-04T07:37:39]==============================[SCALING RUN 2: CHUNK 8]==============================
07:37:39 I logger.go:127> Log level is now 4 Error (was 2 Info)
Fortio 1.19.0 running at -1 queries per second, 2->2 procs, for 1m0s: http://asg-1-lb-339430146.us-east-1.elb.amazonaws.com:3000/?n=1
Aggregated Function Time : count 2871223 avg 0.0014624942 +/- 0.0007464 min 0.000898911 max 0.209568041 sum 4199.14699
# target 50% 0.00544957
# target 75% 0.0077249
# target 90% 0.0090901
# target 99% 0.00990922
# target 99.9% 0.00999113
Sockets used: 70 (for perfect keepalive, would be 70)
Jitter: false
Code 200 : 2871223 (100.0 %)
All done 2871223 calls (plus 70 warmup) 1.462 ms avg, 47852.5 qps
Successfully wrote 2094 bytes of Json data to 2022-04-04-073739_asg_taewa_3lite_scaling_2_8.json
fortio exit code: 0
[2022-04-04T07:38:39]==============================[STATS]
jh CPU load avg:
0.77 1.27 1.14 1/165 1160
i-02b76f17d168b525c
InService
Healthy
{}
i-035930196c057ffc7
InService
Healthy
{}
i-050d1af34f19044b1
InService
Healthy
{}
[2022-04-04T07:38:40]==============================[SCALING RUN 2: CHUNK 9]==============================
07:38:40 I logger.go:127> Log level is now 4 Error (was 2 Info)
Fortio 1.19.0 running at -1 queries per second, 2->2 procs, for 1m0s: http://asg-1-lb-339430146.us-east-1.elb.amazonaws.com:3000/?n=1
Aggregated Function Time : count 3613602 avg 0.0011619599 +/- 0.0004 min 0.000795893 max 0.208930211 sum 4198.86078
# target 50% 0.00539804
# target 75% 0.00769911
# target 90% 0.00907975
# target 99% 0.00990814
# target 99.9% 0.00999098
Sockets used: 70 (for perfect keepalive, would be 70)
Jitter: false
Code 200 : 3613602 (100.0 %)
All done 3613602 calls (plus 70 warmup) 1.162 ms avg, 60225.5 qps
Successfully wrote 2094 bytes of Json data to 2022-04-04-073840_asg_taewa_3lite_scaling_2_9.json
fortio exit code: 0
[2022-04-04T07:39:40]==============================[STATS]
jh CPU load avg:
1.06 1.28 1.15 1/165 1179
i-02b76f17d168b525c
InService
Healthy
{}
i-035930196c057ffc7
InService
Healthy
{}
i-050d1af34f19044b1
InService
Healthy
{}
[2022-04-04T07:39:41]==============================[SCALING RUN 2: CHUNK 10]==============================
07:39:41 I logger.go:127> Log level is now 4 Error (was 2 Info)
Fortio 1.19.0 running at -1 queries per second, 2->2 procs, for 1m0s: http://asg-1-lb-339430146.us-east-1.elb.amazonaws.com:3000/?n=1
Aggregated Function Time : count 3583564 avg 0.0011717083 +/- 0.0003578 min 0.000810551 max 0.207809571 sum 4198.8917
# target 50% 0.00540528
# target 75% 0.00770265
# target 90% 0.00908107
# target 99% 0.00990812
# target 99.9% 0.00999083
Sockets used: 70 (for perfect keepalive, would be 70)
Jitter: false
Code 200 : 3583564 (100.0 %)
All done 3583564 calls (plus 70 warmup) 1.172 ms avg, 59724.9 qps
Successfully wrote 1974 bytes of Json data to 2022-04-04-073941_asg_taewa_3lite_scaling_2_10.json
fortio exit code: 0
[2022-04-04T07:40:41]==============================[STATS]
jh CPU load avg:
1.27 1.31 1.18 1/167 1207
i-02b76f17d168b525c
InService
Healthy
{}
i-035930196c057ffc7
InService
Healthy
{}
i-050d1af34f19044b1
InService
Healthy
{}
[2022-04-04T07:40:41]==============================[SCALING RUN 2: CHUNK 11]==============================
07:40:41 I logger.go:127> Log level is now 4 Error (was 2 Info)
Fortio 1.19.0 running at -1 queries per second, 2->2 procs, for 1m0s: http://asg-1-lb-339430146.us-east-1.elb.amazonaws.com:3000/?n=1
Aggregated Function Time : count 3599268 avg 0.001166597 +/- 0.0004094 min 0.000816922 max 0.213023738 sum 4198.89525
# target 50% 0.00540847
# target 75% 0.00770425
# target 90% 0.00908171
# target 99% 0.00990819
# target 99.9% 0.00999084
Sockets used: 70 (for perfect keepalive, would be 70)
Jitter: false
Code 200 : 3599268 (100.0 %)
All done 3599268 calls (plus 70 warmup) 1.167 ms avg, 59986.6 qps
Successfully wrote 1977 bytes of Json data to 2022-04-04-074042_asg_taewa_3lite_scaling_2_11.json
fortio exit code: 0
[2022-04-04T07:41:42]==============================[STATS]
jh CPU load avg:
1.52 1.39 1.21 1/167 1224
i-02b76f17d168b525c
InService
Healthy
{}
i-035930196c057ffc7
InService
Healthy
{}
i-050d1af34f19044b1
InService
Healthy
{}
[2022-04-04T07:41:42]==============================[SCALING RUN 2: CHUNK 12]==============================
07:41:42 I logger.go:127> Log level is now 4 Error (was 2 Info)
Fortio 1.19.0 running at -1 queries per second, 2->2 procs, for 1m0s: http://asg-1-lb-339430146.us-east-1.elb.amazonaws.com:3000/?n=1
Aggregated Function Time : count 3600414 avg 0.0011662265 +/- 0.0004091 min 0.000784104 max 0.209887777 sum 4198.89815
# target 50% 0.00539213
# target 75% 0.00769615
# target 90% 0.00907856
# target 99% 0.009908
# target 99.9% 0.00999095
Sockets used: 70 (for perfect keepalive, would be 70)
Jitter: false
Code 200 : 3600414 (100.0 %)
All done 3600414 calls (plus 70 warmup) 1.166 ms avg, 60005.5 qps
Successfully wrote 2218 bytes of Json data to 2022-04-04-074142_asg_taewa_3lite_scaling_2_12.json
fortio exit code: 0
[2022-04-04T07:42:42]==============================[STATS]
jh CPU load avg:
1.50 1.43 1.24 1/167 1243
i-02b76f17d168b525c
InService
Healthy
{}
i-035930196c057ffc7
InService
Healthy
{}
i-050d1af34f19044b1
InService
Healthy
{}
[2022-04-04T07:42:43]==============================[SCALING RUN 2: CHUNK 13]==============================
07:42:43 I logger.go:127> Log level is now 4 Error (was 2 Info)
Fortio 1.19.0 running at -1 queries per second, 2->2 procs, for 1m0s: http://asg-1-lb-339430146.us-east-1.elb.amazonaws.com:3000/?n=1
Aggregated Function Time : count 3588011 avg 0.0011702529 +/- 0.0004487 min 0.000813618 max 0.209473038 sum 4198.88014
# target 50% 0.00540683
# target 75% 0.00770343
# target 90% 0.00908139
# target 99% 0.00990817
# target 99.9% 0.00999085
Sockets used: 70 (for perfect keepalive, would be 70)
Jitter: false
Code 200 : 3588011 (100.0 %)
All done 3588011 calls (plus 70 warmup) 1.170 ms avg, 59799.0 qps
Successfully wrote 2095 bytes of Json data to 2022-04-04-074243_asg_taewa_3lite_scaling_2_13.json
fortio exit code: 0
[2022-04-04T07:43:43]==============================[STATS]
jh CPU load avg:
1.64 1.49 1.27 1/167 1261
i-02b76f17d168b525c
InService
Healthy
{}
i-035930196c057ffc7
InService
Healthy
{}
i-050d1af34f19044b1
InService
Healthy
{}
[2022-04-04T07:43:44]==============================[SCALING RUN 2: CHUNK 14]==============================
07:43:44 I logger.go:127> Log level is now 4 Error (was 2 Info)
Fortio 1.19.0 running at -1 queries per second, 2->2 procs, for 1m0s: http://asg-1-lb-339430146.us-east-1.elb.amazonaws.com:3000/?n=1
Aggregated Function Time : count 3576899 avg 0.0011738965 +/- 0.0004561 min 0.000818318 max 0.214936803 sum 4198.90923
# target 50% 0.00540958
# target 75% 0.00770521
# target 90% 0.00908259
# target 99% 0.00990902
# target 99.9% 0.00999166
Sockets used: 70 (for perfect keepalive, would be 70)
Jitter: false
Code 200 : 3576899 (100.0 %)
All done 3576899 calls (plus 70 warmup) 1.174 ms avg, 59613.5 qps
Successfully wrote 2096 bytes of Json data to 2022-04-04-074344_asg_taewa_3lite_scaling_2_14.json
fortio exit code: 0
[2022-04-04T07:44:44]==============================[STATS]
jh CPU load avg:
1.42 1.44 1.27 1/167 1278
i-02b76f17d168b525c
InService
Healthy
{}
i-035930196c057ffc7
InService
Healthy
{}
i-050d1af34f19044b1
InService
Healthy
{}
[2022-04-04T07:44:44]==============================[SCALING RUN 3: INIT]==============================
{
    "Alarms": [
        {
            "AlarmName": "TargetTracking-asg-1-myASG-AlarmHigh-4ae4aa30-2c7c-4a5e-9eb7-551cb956f33b", 
            "AlarmARN": "arn:aws:cloudwatch:us-east-1:877061436404:alarm:TargetTracking-asg-1-myASG-AlarmHigh-4ae4aa30-2c7c-4a5e-9eb7-551cb956f33b"
        }, 
        {
            "AlarmName": "TargetTracking-asg-1-myASG-AlarmLow-210722b6-7532-4a88-9e32-cf7130b8ab8f", 
            "AlarmARN": "arn:aws:cloudwatch:us-east-1:877061436404:alarm:TargetTracking-asg-1-myASG-AlarmLow-210722b6-7532-4a88-9e32-cf7130b8ab8f"
        }
    ], 
    "PolicyARN": "arn:aws:autoscaling:us-east-1:877061436404:scalingPolicy:fa7e6d7b-ad3d-4d39-91ee-8e80b8281bf4:autoScalingGroupName/asg-1-myASG:policyName/asg-1-AppServerSP-171AKOX4U3PA0"
}
scaling to 1
[2022-04-04T07:44:46]==============================[SCALING RUN 3: ENABLE SCALING - SLEEP]==============================
{
    "Alarms": [
        {
            "AlarmName": "TargetTracking-asg-1-myASG-AlarmHigh-e9b71493-f1d2-4b04-a70a-a32049eb46f3", 
            "AlarmARN": "arn:aws:cloudwatch:us-east-1:877061436404:alarm:TargetTracking-asg-1-myASG-AlarmHigh-e9b71493-f1d2-4b04-a70a-a32049eb46f3"
        }, 
        {
            "AlarmName": "TargetTracking-asg-1-myASG-AlarmLow-c8d98012-f031-4cdd-86cd-1706099ffc34", 
            "AlarmARN": "arn:aws:cloudwatch:us-east-1:877061436404:alarm:TargetTracking-asg-1-myASG-AlarmLow-c8d98012-f031-4cdd-86cd-1706099ffc34"
        }
    ], 
    "PolicyARN": "arn:aws:autoscaling:us-east-1:877061436404:scalingPolicy:fa7e6d7b-ad3d-4d39-91ee-8e80b8281bf4:autoScalingGroupName/asg-1-myASG:policyName/asg-1-AppServerSP-171AKOX4U3PA0"
}
[2022-04-04T07:47:47]==============================[SCALING RUN 3: FORTIO]==============================
[2022-04-04T07:47:47]==============================[STATS]
jh CPU load avg:
0.07 0.78 1.04 1/164 1306
i-050d1af34f19044b1
InService
Healthy
{}
[2022-04-04T07:47:48]==============================[SCALING RUN 3: CHUNK 1]==============================
07:47:48 I logger.go:127> Log level is now 4 Error (was 2 Info)
Fortio 1.19.0 running at -1 queries per second, 2->2 procs, for 1m0s: http://asg-1-lb-339430146.us-east-1.elb.amazonaws.com:3000/?n=1
Aggregated Function Time : count 1365114 avg 0.0030764215 +/- 0.001208 min 0.00108191 max 0.217149121 sum 4199.66612
# target 50% 0.00554665
# target 75% 0.00777903
# target 90% 0.00911845
# target 99% 0.00992211
# target 99.9% 0.0123084
Sockets used: 70 (for perfect keepalive, would be 70)
Jitter: false
Code 200 : 1365114 (100.0 %)
All done 1365114 calls (plus 70 warmup) 3.076 ms avg, 22750.8 qps
Successfully wrote 2239 bytes of Json data to 2022-04-04-074748_asg_taewa_3lite_scaling_3_1.json
fortio exit code: 0
[2022-04-04T07:48:48]==============================[STATS]
jh CPU load avg:
0.40 0.75 1.01 1/165 1324
i-050d1af34f19044b1
InService
Healthy
{}
[2022-04-04T07:48:49]==============================[SCALING RUN 3: CHUNK 2]==============================
07:48:49 I logger.go:127> Log level is now 4 Error (was 2 Info)
Fortio 1.19.0 running at -1 queries per second, 2->2 procs, for 1m0s: http://asg-1-lb-339430146.us-east-1.elb.amazonaws.com:3000/?n=1
Aggregated Function Time : count 1379127 avg 0.0030451513 +/- 0.00114 min 0.001001318 max 0.215358471 sum 4199.65043
# target 50% 0.00550227
# target 75% 0.00775276
# target 90% 0.00910304
# target 99% 0.00991322
# target 99.9% 0.00999424
Sockets used: 70 (for perfect keepalive, would be 70)
Jitter: false
Code 200 : 1379127 (100.0 %)
All done 1379127 calls (plus 70 warmup) 3.045 ms avg, 22984.4 qps
Successfully wrote 2095 bytes of Json data to 2022-04-04-074849_asg_taewa_3lite_scaling_3_2.json
fortio exit code: 0
[2022-04-04T07:49:49]==============================[STATS]
jh CPU load avg:
0.44 0.68 0.97 1/165 1341
i-050d1af34f19044b1
InService
Healthy
{}
[2022-04-04T07:49:49]==============================[SCALING RUN 3: CHUNK 3]==============================
07:49:49 I logger.go:127> Log level is now 4 Error (was 2 Info)
Fortio 1.19.0 running at -1 queries per second, 2->2 procs, for 1m0s: http://asg-1-lb-339430146.us-east-1.elb.amazonaws.com:3000/?n=1
Aggregated Function Time : count 1385043 avg 0.0030321386 +/- 0.001194 min 0.000992712 max 0.217077585 sum 4199.64232
# target 50% 0.0054982
# target 75% 0.00775095
# target 90% 0.0091026
# target 99% 0.00991359
# target 99.9% 0.00999468
Sockets used: 70 (for perfect keepalive, would be 70)
Jitter: false
Code 200 : 1385043 (100.0 %)
All done 1385043 calls (plus 70 warmup) 3.032 ms avg, 23083.0 qps
Successfully wrote 2096 bytes of Json data to 2022-04-04-074950_asg_taewa_3lite_scaling_3_3.json
fortio exit code: 0
[2022-04-04T07:50:50]==============================[STATS]
jh CPU load avg:
0.55 0.65 0.94 1/166 1365
i-050d1af34f19044b1
InService
Healthy
{}
[2022-04-04T07:50:50]==============================[SCALING RUN 3: CHUNK 4]==============================
07:50:50 I logger.go:127> Log level is now 4 Error (was 2 Info)
Fortio 1.19.0 running at -1 queries per second, 2->2 procs, for 1m0s: http://asg-1-lb-339430146.us-east-1.elb.amazonaws.com:3000/?n=1
Aggregated Function Time : count 1383760 avg 0.0030349462 +/- 0.001123 min 0.000897516 max 0.213290386 sum 4199.63712
# target 50% 0.00545039
# target 75% 0.00772683
# target 90% 0.00909269
# target 99% 0.00991221
# target 99.9% 0.00999416
Sockets used: 70 (for perfect keepalive, would be 70)
Jitter: false
Code 200 : 1383760 (100.0 %)
All done 1383760 calls (plus 70 warmup) 3.035 ms avg, 23061.6 qps
Successfully wrote 2095 bytes of Json data to 2022-04-04-075050_asg_taewa_3lite_scaling_3_4.json
fortio exit code: 0
[2022-04-04T07:51:50]==============================[STATS]
jh CPU load avg:
0.49 0.62 0.91 1/167 1383
i-0498220f299986248
Pending
Healthy
{}
i-050d1af34f19044b1
InService
Healthy
{}
[2022-04-04T07:51:51]==============================[SCALING RUN 3: CHUNK 5]==============================
07:51:51 I logger.go:127> Log level is now 4 Error (was 2 Info)
Fortio 1.19.0 running at -1 queries per second, 2->2 procs, for 1m0s: http://asg-1-lb-339430146.us-east-1.elb.amazonaws.com:3000/?n=1
Aggregated Function Time : count 1389141 avg 0.0030233413 +/- 0.001131 min 0.000962141 max 0.214175384 sum 4199.84733
# target 50% 0.00548302
# target 75% 0.00774346
# target 90% 0.00909973
# target 99% 0.00991349
# target 99.9% 0.00999486
Sockets used: 105 (for perfect keepalive, would be 70)
Jitter: false
Code 200 : 1389141 (100.0 %)
All done 1389141 calls (plus 70 warmup) 3.023 ms avg, 23150.1 qps
Successfully wrote 2093 bytes of Json data to 2022-04-04-075151_asg_taewa_3lite_scaling_3_5.json
fortio exit code: 0
[2022-04-04T07:52:51]==============================[STATS]
jh CPU load avg:
0.80 0.66 0.90 1/167 1401
i-0498220f299986248
InService
Healthy
{}
i-050d1af34f19044b1
InService
Healthy
{}
[2022-04-04T07:52:52]==============================[SCALING RUN 3: CHUNK 6]==============================
07:52:52 I logger.go:127> Log level is now 4 Error (was 2 Info)
Fortio 1.19.0 running at -1 queries per second, 2->2 procs, for 1m0s: http://asg-1-lb-339430146.us-east-1.elb.amazonaws.com:3000/?n=1
Aggregated Function Time : count 2888490 avg 0.0014537441 +/- 0.0005709 min 0.000864037 max 0.209272853 sum 4199.12515
# target 50% 0.00543362
# target 75% 0.00771841
# target 90% 0.00908928
# target 99% 0.00991181
# target 99.9% 0.00999406
Sockets used: 70 (for perfect keepalive, would be 70)
Jitter: false
Code 200 : 2888490 (100.0 %)
All done 2888490 calls (plus 70 warmup) 1.454 ms avg, 48140.4 qps
Successfully wrote 2569 bytes of Json data to 2022-04-04-075252_asg_taewa_3lite_scaling_3_6.json
fortio exit code: 0
[2022-04-04T07:53:52]==============================[STATS]
jh CPU load avg:
1.55 0.91 0.98 1/167 1419
i-0498220f299986248
InService
Healthy
{}
i-050d1af34f19044b1
InService
Healthy
{}
[2022-04-04T07:53:53]==============================[SCALING RUN 3: CHUNK 7]==============================
07:53:53 I logger.go:127> Log level is now 4 Error (was 2 Info)
Fortio 1.19.0 running at -1 queries per second, 2->2 procs, for 1m0s: http://asg-1-lb-339430146.us-east-1.elb.amazonaws.com:3000/?n=1
Aggregated Function Time : count 2907373 avg 0.0014442996 +/- 0.0003776 min 0.00088625 max 0.209160812 sum 4199.11773
# target 50% 0.00544318
# target 75% 0.00772164
# target 90% 0.00908872
# target 99% 0.00990897
# target 99.9% 0.00999099
Sockets used: 70 (for perfect keepalive, would be 70)
Jitter: false
Code 200 : 2907373 (100.0 %)
All done 2907373 calls (plus 70 warmup) 1.444 ms avg, 48455.1 qps
Successfully wrote 2094 bytes of Json data to 2022-04-04-075353_asg_taewa_3lite_scaling_3_7.json
fortio exit code: 0
[2022-04-04T07:54:53]==============================[STATS]
jh CPU load avg:
1.48 1.00 1.01 1/167 1438
i-0498220f299986248
InService
Healthy
{}
i-050d1af34f19044b1
InService
Healthy
{}
[2022-04-04T07:54:53]==============================[SCALING RUN 3: CHUNK 8]==============================
07:54:53 I logger.go:127> Log level is now 4 Error (was 2 Info)
Fortio 1.19.0 running at -1 queries per second, 2->2 procs, for 1m0s: http://asg-1-lb-339430146.us-east-1.elb.amazonaws.com:3000/?n=1
Aggregated Function Time : count 2927943 avg 0.0014341578 +/- 0.0003509 min 0.000825224 max 0.208712636 sum 4199.13241
# target 50% 0.00541262
# target 75% 0.00770632
# target 90% 0.00908254
# target 99% 0.00990827
# target 99.9% 0.00999084
Sockets used: 70 (for perfect keepalive, would be 70)
Jitter: false
Code 200 : 2927943 (100.0 %)
All done 2927943 calls (plus 70 warmup) 1.434 ms avg, 48797.9 qps
Successfully wrote 1976 bytes of Json data to 2022-04-04-075454_asg_taewa_3lite_scaling_3_8.json
fortio exit code: 0
[2022-04-04T07:55:54]==============================[STATS]
jh CPU load avg:
1.19 1.00 1.00 1/165 1503
i-0498220f299986248
InService
Healthy
{}
i-050d1af34f19044b1
InService
Healthy
{}
[2022-04-04T07:55:54]==============================[SCALING RUN 3: CHUNK 9]==============================
07:55:54 I logger.go:127> Log level is now 4 Error (was 2 Info)
Fortio 1.19.0 running at -1 queries per second, 2->2 procs, for 1m0s: http://asg-1-lb-339430146.us-east-1.elb.amazonaws.com:3000/?n=1
Aggregated Function Time : count 2937707 avg 0.0014293847 +/- 0.0003559 min 0.000833171 max 0.208923806 sum 4199.11345
# target 50% 0.00541668
# target 75% 0.00770843
# target 90% 0.00908348
# target 99% 0.00990851
# target 99.9% 0.00999102
Sockets used: 70 (for perfect keepalive, would be 70)
Jitter: false
Code 200 : 2937707 (100.0 %)
All done 2937707 calls (plus 70 warmup) 1.429 ms avg, 48960.6 qps
Successfully wrote 2333 bytes of Json data to 2022-04-04-075554_asg_taewa_3lite_scaling_3_9.json
fortio exit code: 0
[2022-04-04T07:56:54]==============================[STATS]
jh CPU load avg:
1.02 1.00 1.00 1/165 1520
i-0498220f299986248
InService
Healthy
{}
i-050d1af34f19044b1
InService
Healthy
{}
[2022-04-04T07:56:55]==============================[SCALING RUN 3: CHUNK 10]==============================
07:56:55 I logger.go:127> Log level is now 4 Error (was 2 Info)
Fortio 1.19.0 running at -1 queries per second, 2->2 procs, for 1m0s: http://asg-1-lb-339430146.us-east-1.elb.amazonaws.com:3000/?n=1
Aggregated Function Time : count 2897768 avg 0.0014490932 +/- 0.0005503 min 0.000848402 max 0.209368633 sum 4199.13586
# target 50% 0.00542423
# target 75% 0.00771214
# target 90% 0.00908489
# target 99% 0.00990854
# target 99.9% 0.0099909
Sockets used: 70 (for perfect keepalive, would be 70)
Jitter: false
Code 200 : 2897768 (100.0 %)
All done 2897768 calls (plus 70 warmup) 1.449 ms avg, 48295.0 qps
Successfully wrote 1977 bytes of Json data to 2022-04-04-075655_asg_taewa_3lite_scaling_3_10.json
fortio exit code: 0
[2022-04-04T07:57:55]==============================[STATS]
jh CPU load avg:
1.79 1.24 1.09 1/165 1539
i-0498220f299986248
InService
Healthy
{}
i-050d1af34f19044b1
InService
Healthy
{}
i-0d62dd9132c5911d1
Pending
Healthy
{}
[2022-04-04T07:57:56]==============================[SCALING RUN 3: CHUNK 11]==============================
07:57:56 I logger.go:127> Log level is now 4 Error (was 2 Info)
Fortio 1.19.0 running at -1 queries per second, 2->2 procs, for 1m0s: http://asg-1-lb-339430146.us-east-1.elb.amazonaws.com:3000/?n=1
Aggregated Function Time : count 2933760 avg 0.0014313008 +/- 0.001783 min 0.000876988 max 3.003402437 sum 4199.09317
# target 50% 0.0054385
# target 75% 0.00771926
# target 90% 0.00908772
# target 99% 0.00990879
# target 99.9% 0.0099909
Sockets used: 71 (for perfect keepalive, would be 70)
Jitter: false
Code 200 : 2933760 (100.0 %)
All done 2933760 calls (plus 70 warmup) 1.431 ms avg, 48894.9 qps
Successfully wrote 2207 bytes of Json data to 2022-04-04-075756_asg_taewa_3lite_scaling_3_11.json
fortio exit code: 0
[2022-04-04T07:58:56]==============================[STATS]
jh CPU load avg:
1.47 1.27 1.10 1/165 1562
i-0498220f299986248
InService
Healthy
{}
i-050d1af34f19044b1
InService
Healthy
{}
i-0d62dd9132c5911d1
InService
Healthy
{}
[2022-04-04T07:58:56]==============================[SCALING RUN 3: CHUNK 12]==============================
07:58:56 I logger.go:127> Log level is now 4 Error (was 2 Info)
Fortio 1.19.0 running at -1 queries per second, 2->2 procs, for 1m0s: http://asg-1-lb-339430146.us-east-1.elb.amazonaws.com:3000/?n=1
Aggregated Function Time : count 3520987 avg 0.0011925364 +/- 0.0003874 min 0.000833386 max 0.208949546 sum 4198.90522
# target 50% 0.0054167
# target 75% 0.00770836
# target 90% 0.00908336
# target 99% 0.00990836
# target 99.9% 0.00999086
Sockets used: 70 (for perfect keepalive, would be 70)
Jitter: false
Code 200 : 3520987 (100.0 %)
All done 3520987 calls (plus 70 warmup) 1.193 ms avg, 58681.8 qps
Successfully wrote 2093 bytes of Json data to 2022-04-04-075857_asg_taewa_3lite_scaling_3_12.json
fortio exit code: 0
[2022-04-04T07:59:57]==============================[STATS]
jh CPU load avg:
1.28 1.26 1.11 1/165 1590
i-0498220f299986248
InService
Healthy
{}
i-050d1af34f19044b1
InService
Healthy
{}
i-0d62dd9132c5911d1
InService
Healthy
{}
[2022-04-04T07:59:57]==============================[SCALING RUN 3: CHUNK 13]==============================
07:59:57 I logger.go:127> Log level is now 4 Error (was 2 Info)
Fortio 1.19.0 running at -1 queries per second, 2->2 procs, for 1m0s: http://asg-1-lb-339430146.us-east-1.elb.amazonaws.com:3000/?n=1
Aggregated Function Time : count 3439602 avg 0.0012207705 +/- 0.0007269 min 0.000821039 max 0.209458049 sum 4198.96471
# target 50% 0.00541105
# target 75% 0.00770605
# target 90% 0.00908305
# target 99% 0.00990925
# target 99.9% 0.00999187
Sockets used: 70 (for perfect keepalive, would be 70)
Jitter: false
Code 200 : 3439602 (100.0 %)
All done 3439602 calls (plus 70 warmup) 1.221 ms avg, 57325.0 qps
Successfully wrote 2099 bytes of Json data to 2022-04-04-075957_asg_taewa_3lite_scaling_3_13.json
fortio exit code: 0
[2022-04-04T08:00:57]==============================[STATS]
jh CPU load avg:
1.50 1.32 1.14 1/166 1624
i-0498220f299986248
InService
Healthy
{}
i-050d1af34f19044b1
InService
Healthy
{}
i-0d62dd9132c5911d1
InService
Healthy
{}
[2022-04-04T08:00:58]==============================[SCALING RUN 3: CHUNK 14]==============================
08:00:58 I logger.go:127> Log level is now 4 Error (was 2 Info)
Fortio 1.19.0 running at -1 queries per second, 2->2 procs, for 1m0s: http://asg-1-lb-339430146.us-east-1.elb.amazonaws.com:3000/?n=1
Aggregated Function Time : count 3484611 avg 0.0012049832 +/- 0.0007158 min 0.000807083 max 0.210417443 sum 4198.89786
# target 50% 0.00540371
# target 75% 0.00770203
# target 90% 0.00908102
# target 99% 0.00990841
# target 99.9% 0.00999115
Sockets used: 70 (for perfect keepalive, would be 70)
Jitter: false
Code 200 : 3484611 (100.0 %)
All done 3484611 calls (plus 70 warmup) 1.205 ms avg, 58075.6 qps
Successfully wrote 2101 bytes of Json data to 2022-04-04-080058_asg_taewa_3lite_scaling_3_14.json
fortio exit code: 0
[2022-04-04T08:01:58]==============================[STATS]
jh CPU load avg:
1.53 1.35 1.16 1/167 1664
i-0498220f299986248
InService
Healthy
{}
i-050d1af34f19044b1
InService
Healthy
{}
i-0d62dd9132c5911d1
InService
Healthy
{}
[2022-04-04T08:06:00]==============================[GET DATA]==============================
2022-04-04T06:13:27..2022-04-04T08:06:00
asg-1-myASG
asg-1-lb
36K alb_data.json
24K asg_data.json
[2022-04-04T08:06:01]==============================[UPLOAD /2022.04.04_06-12_asg_taewa_3lite_41cf]==============================
Warning: Permanently added '34.125.40.213' (ECDSA) to the list of known hosts.
