+ git log -3
commit 7945b8227d8ba038fc3077642d3fb2aee6517aa0
Author: Your Name <you@example.com>
Date:   Wed Jun 1 18:50:58 2022 +1200

    consistent naming

commit 803b63352b968694a3ce9314c8a255f7e35dadd6
Author: Your Name <you@example.com>
Date:   Wed Jun 1 01:34:58 2022 +1200

    add CPU decimals

commit 82c9094cf7ee967b6b89cc1bbab7b484cca1a4e9
Author: Your Name <you@example.com>
Date:   Tue May 31 09:41:10 2022 +1200

    more tests, backup old csv
++ cut -d _ -f 2
+ app=raupi
+ export AWS_DEFAULT_REGION=us-east-1
+ AWS_DEFAULT_REGION=us-east-1
+ line===============================
++ date +%FT%T
+ echo '[2022-06-04T22:56:20]==============================[starting' in '/tmp/k8s-vs-ASG/data/cli]=============================='
[2022-06-04T22:56:20]==============================[starting in /tmp/k8s-vs-ASG/data/cli]==============================
+ source 0.setup.sh
++ set -x
++ '[' asg_raupi_3_70 == k8s_apache_3 ']'
++ '[' asg_raupi_3_70 == asg_apache_3 ']'
++ '[' asg_raupi_3_70 == k8s_apache2_3 ']'
++ '[' asg_raupi_3_70 == k8s_apache2_3new ']'
++ '[' asg_raupi_3_70 == k8s_taewa_3 ']'
++ '[' asg_raupi_3_70 == k8s_taewa2_3 ']'
++ '[' asg_raupi_3_70 == asg_taewa_3 ']'
++ '[' asg_raupi_3_70 == k8s_taewa_3lite ']'
++ '[' asg_raupi_3_70 == asg_taewa_3lite ']'
++ '[' asg_raupi_3_70 == k8s_taewa_3extra ']'
++ '[' asg_raupi_3_70 == asg_taewa_3extra ']'
++ '[' asg_raupi_3_70 == k8s_taewa_6 ']'
++ '[' asg_raupi_3_70 == asg_taewa_6 ']'
++ '[' asg_raupi_3_70 == k8s_riwai_3 ']'
++ '[' asg_raupi_3_70 == asg_riwai_3 ']'
++ '[' asg_raupi_3_70 == asg_raupi_3 ']'
++ '[' asg_raupi_3_70 == asg_raupi_3_70 ']'
++ warmup_url='3000/?n=200'
++ testing_url='3000/?n=200'
++ cpu_perc=70
++ warmup_min_threads=15
++ warmup_max_threads=25
++ warmup_cycle_sec=90
++ scaling_minutes=14
++ performance_sec=300
++ max_capacity=3
++ fortio_options='-a -qps -1 -r 0.01 -loglevel Error -allow-initial-errors'
++ '[' asg_raupi_3_70 == k8s_raupi_3 ']'
++ '[' asg_raupi_3_70 == k8s_raupi2_3 ']'
++ set +x
{
    "Account": "212467762323", 
    "UserId": "AIDATC6AQYSJV6Q7MGV5T", 
    "Arn": "arn:aws:iam::212467762323:user/ad1"
}
[2022-06-04T22:56:27] waiting for instances ...
scaling to 3
{
    "HealthCheck": {
        "HealthyThreshold": 2, 
        "Interval": 10, 
        "Target": "HTTP:3000/?n=200", 
        "Timeout": 5, 
        "UnhealthyThreshold": 6
    }
}
  % Total    % Received % Xferd  Average Speed   Time    Time     Time  Current
                                 Dload  Upload   Total   Spent    Left  Speed
  0     0    0     0    0     0      0      0 --:--:-- --:--:-- --:--:--     0100    44  100    44    0     0   9128      0 --:--:-- --:--:-- --:--:-- 11000
The result of flsk run is : 46.1714962103789
[2022-06-04T23:01:30]==============================[STATS]
jh CPU load avg:
0.00 0.12 0.08 1/158 2883
i-0703c3a4268b6d16e
InService
Healthy
{}
i-0c5a209fb1f68d089
InService
Healthy
{}
i-0f973a2f2ad778ab3
InService
Healthy
{}
[2022-06-04T23:01:31]==============================[WARMUP RUN c15]==============================
23:01:31 I logger.go:127> Log level is now 4 Error (was 2 Info)
Fortio 1.19.0 running at -1 queries per second, 2->2 procs, for 1m30s: http://asg-1-lb-1932717415.us-east-1.elb.amazonaws.com:3000/?n=200
Aggregated Function Time : count 201640 avg 0.0066950964 +/- 0.009066 min 0.001016013 max 0.855855207 sum 1349.99924
# target 50% 0.00613091
# target 75% 0.00868839
# target 90% 0.0121067
# target 99% 0.0288962
# target 99.9% 0.095744
Sockets used: 15 (for perfect keepalive, would be 15)
Jitter: false
Code 200 : 201640 (100.0 %)
All done 201640 calls (plus 15 warmup) 6.695 ms avg, 2240.2 qps
Successfully wrote 4382 bytes of Json data to 2022-06-04-230131_asg_raupi_3_70_warmup_15.json
fortio exit code: 0
[2022-06-04T23:03:01]==============================[STATS]
jh CPU load avg:
0.18 0.14 0.09 1/159 2901
i-0703c3a4268b6d16e
InService
Healthy
{}
i-0c5a209fb1f68d089
InService
Healthy
{}
i-0f973a2f2ad778ab3
InService
Healthy
{}
[2022-06-04T23:04:01]==============================[STATS]
jh CPU load avg:
0.06 0.11 0.08 1/159 2910
i-0703c3a4268b6d16e
InService
Healthy
{}
i-0c5a209fb1f68d089
InService
Healthy
{}
i-0f973a2f2ad778ab3
InService
Healthy
{}
[2022-06-04T23:04:02]==============================[WARMUP RUN c16]==============================
23:04:02 I logger.go:127> Log level is now 4 Error (was 2 Info)
Fortio 1.19.0 running at -1 queries per second, 2->2 procs, for 1m30s: http://asg-1-lb-1932717415.us-east-1.elb.amazonaws.com:3000/?n=200
Aggregated Function Time : count 143104 avg 0.010064568 +/- 0.01591 min 0.001045333 max 0.362355951 sum 1440.27997
# target 50% 0.00673567
# target 75% 0.00958088
# target 90% 0.0205007
# target 99% 0.0824624
# target 99.9% 0.156949
Sockets used: 16 (for perfect keepalive, would be 16)
Jitter: false
Code 200 : 143104 (100.0 %)
All done 143104 calls (plus 16 warmup) 10.065 ms avg, 1588.7 qps
Successfully wrote 4145 bytes of Json data to 2022-06-04-230402_asg_raupi_3_70_warmup_16.json
fortio exit code: 0
[2022-06-04T23:05:32]==============================[STATS]
jh CPU load avg:
0.12 0.11 0.08 1/163 2934
i-0703c3a4268b6d16e
InService
Healthy
{}
i-0c5a209fb1f68d089
InService
Healthy
{}
i-0f973a2f2ad778ab3
InService
Healthy
{}
[2022-06-04T23:06:33]==============================[STATS]
jh CPU load avg:
0.07 0.10 0.08 1/163 2944
i-0703c3a4268b6d16e
InService
Healthy
{}
i-0c5a209fb1f68d089
InService
Healthy
{}
i-0f973a2f2ad778ab3
InService
Healthy
{}
[2022-06-04T23:06:34]==============================[WARMUP RUN c17]==============================
23:06:34 I logger.go:127> Log level is now 4 Error (was 2 Info)
Fortio 1.19.0 running at -1 queries per second, 2->2 procs, for 1m30s: http://asg-1-lb-1932717415.us-east-1.elb.amazonaws.com:3000/?n=200
Aggregated Function Time : count 211951 avg 0.0072191877 +/- 0.01023 min 0.001048489 max 0.310477432 sum 1530.11405
# target 50% 0.006202
# target 75% 0.00877877
# target 90% 0.0135651
# target 99% 0.0540041
# target 99.9% 0.120984
Sockets used: 17 (for perfect keepalive, would be 17)
Jitter: false
Code 200 : 211951 (100.0 %)
All done 211951 calls (plus 17 warmup) 7.219 ms avg, 2354.0 qps
Successfully wrote 3996 bytes of Json data to 2022-06-04-230634_asg_raupi_3_70_warmup_17.json
fortio exit code: 0
[2022-06-04T23:08:04]==============================[STATS]
jh CPU load avg:
0.15 0.11 0.09 1/163 2962
i-0703c3a4268b6d16e
InService
Healthy
{}
i-0c5a209fb1f68d089
InService
Healthy
{}
i-0f973a2f2ad778ab3
InService
Healthy
{}
[2022-06-04T23:09:04]==============================[STATS]
jh CPU load avg:
0.05 0.09 0.08 1/163 2971
i-0703c3a4268b6d16e
InService
Healthy
{}
i-0c5a209fb1f68d089
InService
Healthy
{}
i-0f973a2f2ad778ab3
InService
Healthy
{}
[2022-06-04T23:09:05]==============================[WARMUP RUN c18]==============================
23:09:05 I logger.go:127> Log level is now 4 Error (was 2 Info)
Fortio 1.19.0 running at -1 queries per second, 2->2 procs, for 1m30s: http://asg-1-lb-1932717415.us-east-1.elb.amazonaws.com:3000/?n=200
Aggregated Function Time : count 204004 avg 0.0079417047 +/- 0.01169 min 0.001047857 max 0.408826359 sum 1620.13952
# target 50% 0.0063389
# target 75% 0.00898444
# target 90% 0.0154422
# target 99% 0.0580746
# target 99.9% 0.136538
Sockets used: 18 (for perfect keepalive, would be 18)
Jitter: false
Code 200 : 204004 (100.0 %)
All done 204004 calls (plus 18 warmup) 7.942 ms avg, 2265.9 qps
Successfully wrote 4129 bytes of Json data to 2022-06-04-230905_asg_raupi_3_70_warmup_18.json
fortio exit code: 0
[2022-06-04T23:10:35]==============================[STATS]
jh CPU load avg:
0.11 0.11 0.09 1/165 2998
i-0703c3a4268b6d16e
InService
Healthy
{}
i-0c5a209fb1f68d089
InService
Healthy
{}
i-0f973a2f2ad778ab3
InService
Healthy
{}
[2022-06-04T23:11:36]==============================[STATS]
jh CPU load avg:
0.04 0.08 0.08 1/165 3008
i-0703c3a4268b6d16e
InService
Healthy
{}
i-0c5a209fb1f68d089
InService
Healthy
{}
i-0f973a2f2ad778ab3
InService
Healthy
{}
[2022-06-04T23:11:36]==============================[WARMUP RUN c19]==============================
23:11:36 I logger.go:127> Log level is now 4 Error (was 2 Info)
Fortio 1.19.0 running at -1 queries per second, 2->2 procs, for 1m30s: http://asg-1-lb-1932717415.us-east-1.elb.amazonaws.com:3000/?n=200
Aggregated Function Time : count 276086 avg 0.006194789 +/- 0.008926 min 0.001036528 max 0.78420903 sum 1710.2945
# target 50% 0.00604175
# target 75% 0.00854438
# target 90% 0.0105649
# target 99% 0.0354448
# target 99.9% 0.0930019
Sockets used: 19 (for perfect keepalive, would be 19)
Jitter: false
Code 200 : 276086 (100.0 %)
All done 276086 calls (plus 19 warmup) 6.195 ms avg, 3065.6 qps
Successfully wrote 4265 bytes of Json data to 2022-06-04-231136_asg_raupi_3_70_warmup_19.json
fortio exit code: 0
[2022-06-04T23:13:06]==============================[STATS]
jh CPU load avg:
0.03 0.07 0.08 1/166 3027
i-0703c3a4268b6d16e
InService
Healthy
{}
i-0c5a209fb1f68d089
InService
Healthy
{}
i-0f973a2f2ad778ab3
InService
Healthy
{}
[2022-06-04T23:14:07]==============================[STATS]
jh CPU load avg:
0.01 0.06 0.07 1/166 3036
i-0703c3a4268b6d16e
InService
Healthy
{}
i-0c5a209fb1f68d089
InService
Healthy
{}
i-0f973a2f2ad778ab3
InService
Healthy
{}
[2022-06-04T23:14:08]==============================[WARMUP RUN c20]==============================
23:14:08 I logger.go:127> Log level is now 4 Error (was 2 Info)
Fortio 1.19.0 running at -1 queries per second, 2->2 procs, for 1m30s: http://asg-1-lb-1932717415.us-east-1.elb.amazonaws.com:3000/?n=200
Aggregated Function Time : count 268252 avg 0.0067101709 +/- 0.01081 min 0.001044981 max 0.790028592 sum 1800.01678
# target 50% 0.00615832
# target 75% 0.008715
# target 90% 0.0125247
# target 99% 0.0408581
# target 99.9% 0.0964164
Sockets used: 20 (for perfect keepalive, would be 20)
Jitter: false
Code 200 : 268252 (100.0 %)
All done 268252 calls (plus 20 warmup) 6.710 ms avg, 2980.2 qps
Successfully wrote 4253 bytes of Json data to 2022-06-04-231408_asg_raupi_3_70_warmup_20.json
fortio exit code: 0
[2022-06-04T23:15:38]==============================[STATS]
jh CPU load avg:
0.12 0.08 0.08 1/164 3054
i-0703c3a4268b6d16e
InService
Healthy
{}
i-0c5a209fb1f68d089
InService
Healthy
{}
i-0f973a2f2ad778ab3
InService
Healthy
{}
[2022-06-04T23:16:38]==============================[STATS]
jh CPU load avg:
0.07 0.08 0.08 1/164 3063
i-0703c3a4268b6d16e
InService
Healthy
{}
i-0c5a209fb1f68d089
InService
Healthy
{}
i-0f973a2f2ad778ab3
InService
Healthy
{}
[2022-06-04T23:16:39]==============================[WARMUP RUN c21]==============================
23:16:39 I logger.go:127> Log level is now 4 Error (was 2 Info)
Fortio 1.19.0 running at -1 queries per second, 2->2 procs, for 1m30s: http://asg-1-lb-1932717415.us-east-1.elb.amazonaws.com:3000/?n=200
Aggregated Function Time : count 269373 avg 0.0070169477 +/- 0.0121 min 0.00103883 max 0.890652179 sum 1890.17626
# target 50% 0.00623647
# target 75% 0.00883531
# target 90% 0.0138672
# target 99% 0.0429419
# target 99.9% 0.124186
Sockets used: 21 (for perfect keepalive, would be 21)
Jitter: false
Code 200 : 269373 (100.0 %)
All done 269373 calls (plus 21 warmup) 7.017 ms avg, 2990.6 qps
Successfully wrote 4378 bytes of Json data to 2022-06-04-231639_asg_raupi_3_70_warmup_21.json
fortio exit code: 0
[2022-06-04T23:18:09]==============================[STATS]
jh CPU load avg:
0.55 0.23 0.14 1/164 32592
i-0703c3a4268b6d16e
InService
Healthy
{}
i-0c5a209fb1f68d089
InService
Healthy
{}
i-0f973a2f2ad778ab3
InService
Healthy
{}
[2022-06-04T23:19:10]==============================[STATS]
jh CPU load avg:
0.20 0.19 0.13 1/164 32601
i-0703c3a4268b6d16e
InService
Healthy
{}
i-0c5a209fb1f68d089
InService
Healthy
{}
i-0f973a2f2ad778ab3
InService
Healthy
{}
[2022-06-04T23:19:10]==============================[WARMUP RUN c22]==============================
23:19:10 I logger.go:127> Log level is now 4 Error (was 2 Info)
Fortio 1.19.0 running at -1 queries per second, 2->2 procs, for 1m30s: http://asg-1-lb-1932717415.us-east-1.elb.amazonaws.com:3000/?n=200
Aggregated Function Time : count 272103 avg 0.0072767692 +/- 0.01291 min 0.001081195 max 1.047540303 sum 1980.03074
# target 50% 0.00623255
# target 75% 0.00880825
# target 90% 0.0135086
# target 99% 0.0438363
# target 99.9% 0.16136
Sockets used: 22 (for perfect keepalive, would be 22)
Jitter: false
Code 200 : 272103 (100.0 %)
All done 272103 calls (plus 22 warmup) 7.277 ms avg, 3022.0 qps
Successfully wrote 4507 bytes of Json data to 2022-06-04-231910_asg_raupi_3_70_warmup_22.json
fortio exit code: 0
[2022-06-04T23:20:40]==============================[STATS]
jh CPU load avg:
0.38 0.24 0.15 1/165 32624
i-0703c3a4268b6d16e
InService
Healthy
{}
i-0c5a209fb1f68d089
InService
Healthy
{}
i-0f973a2f2ad778ab3
InService
Healthy
{}
[2022-06-04T23:21:41]==============================[STATS]
jh CPU load avg:
0.14 0.20 0.14 1/165 32634
i-0703c3a4268b6d16e
InService
Healthy
{}
i-0c5a209fb1f68d089
InService
Healthy
{}
i-0f973a2f2ad778ab3
InService
Healthy
{}
[2022-06-04T23:21:42]==============================[WARMUP RUN c23]==============================
23:21:42 I logger.go:127> Log level is now 4 Error (was 2 Info)
Fortio 1.19.0 running at -1 queries per second, 2->2 procs, for 1m30s: http://asg-1-lb-1932717415.us-east-1.elb.amazonaws.com:3000/?n=200
Aggregated Function Time : count 280058 avg 0.0073912158 +/- 0.01146 min 0.001083863 max 0.718222294 sum 2069.96911
# target 50% 0.00633318
# target 75% 0.00895786
# target 90% 0.0143069
# target 99% 0.0417814
# target 99.9% 0.155067
Sockets used: 23 (for perfect keepalive, would be 23)
Jitter: false
Code 200 : 280058 (100.0 %)
All done 280058 calls (plus 23 warmup) 7.391 ms avg, 3111.6 qps
Successfully wrote 4505 bytes of Json data to 2022-06-04-232142_asg_raupi_3_70_warmup_23.json
fortio exit code: 0
[2022-06-04T23:23:12]==============================[STATS]
jh CPU load avg:
0.13 0.18 0.14 1/165 32652
i-0703c3a4268b6d16e
InService
Healthy
{}
i-0c5a209fb1f68d089
InService
Healthy
{}
i-0f973a2f2ad778ab3
InService
Healthy
{}
[2022-06-04T23:24:12]==============================[STATS]
jh CPU load avg:
0.05 0.15 0.12 1/165 32661
i-0703c3a4268b6d16e
InService
Healthy
{}
i-0c5a209fb1f68d089
InService
Healthy
{}
i-0f973a2f2ad778ab3
InService
Healthy
{}
[2022-06-04T23:24:13]==============================[WARMUP RUN c24]==============================
23:24:13 I logger.go:127> Log level is now 4 Error (was 2 Info)
Fortio 1.19.0 running at -1 queries per second, 2->2 procs, for 1m30s: http://asg-1-lb-1932717415.us-east-1.elb.amazonaws.com:3000/?n=200
Aggregated Function Time : count 277781 avg 0.0077758478 +/- 0.01479 min 0.001107228 max 1.4038871880000001 sum 2159.98279
# target 50% 0.00647427
# target 75% 0.00915781
# target 90% 0.0155766
# target 99% 0.0444616
# target 99.9% 0.118603
Sockets used: 24 (for perfect keepalive, would be 24)
Jitter: false
Code 200 : 277781 (100.0 %)
All done 277781 calls (plus 24 warmup) 7.776 ms avg, 3086.1 qps
Successfully wrote 4685 bytes of Json data to 2022-06-04-232413_asg_raupi_3_70_warmup_24.json
fortio exit code: 0
[2022-06-04T23:25:43]==============================[STATS]
jh CPU load avg:
0.15 0.15 0.12 1/164 32679
i-0703c3a4268b6d16e
InService
Healthy
{}
i-0c5a209fb1f68d089
InService
Healthy
{}
i-0f973a2f2ad778ab3
InService
Healthy
{}
[2022-06-04T23:26:44]==============================[STATS]
jh CPU load avg:
0.05 0.12 0.11 1/164 32689
i-0703c3a4268b6d16e
InService
Healthy
{}
i-0c5a209fb1f68d089
InService
Healthy
{}
i-0f973a2f2ad778ab3
InService
Healthy
{}
[2022-06-04T23:26:45]==============================[WARMUP RUN c25]==============================
23:26:45 I logger.go:127> Log level is now 4 Error (was 2 Info)
Fortio 1.19.0 running at -1 queries per second, 2->2 procs, for 1m30s: http://asg-1-lb-1932717415.us-east-1.elb.amazonaws.com:3000/?n=200
Aggregated Function Time : count 274997 avg 0.0081818509 +/- 0.01502 min 0.001091287 max 1.001815732 sum 2249.98446
# target 50% 0.00658953
# target 75% 0.00933867
# target 90% 0.016389
# target 99% 0.0480638
# target 99.9% 0.159217
Sockets used: 25 (for perfect keepalive, would be 25)
Jitter: false
Code 200 : 274997 (100.0 %)
All done 274997 calls (plus 25 warmup) 8.182 ms avg, 3055.2 qps
Successfully wrote 4858 bytes of Json data to 2022-06-04-232645_asg_raupi_3_70_warmup_25.json
fortio exit code: 0
[2022-06-04T23:28:15]==============================[STATS]
jh CPU load avg:
0.04 0.10 0.10 1/164 32707
i-0703c3a4268b6d16e
InService
Healthy
{}
i-0c5a209fb1f68d089
InService
Healthy
{}
i-0f973a2f2ad778ab3
InService
Healthy
{}
{
    "LoadBalancerDescriptions": [
        {
            "Subnets": [
                "subnet-0765ced5ef93a2443", 
                "subnet-0de43277aa350191a"
            ], 
            "CanonicalHostedZoneNameID": "Z35SXDOTRQ7X7K", 
            "CanonicalHostedZoneName": "asg-1-lb-1932717415.us-east-1.elb.amazonaws.com", 
            "ListenerDescriptions": [
                {
                    "Listener": {
                        "InstancePort": 3000, 
                        "LoadBalancerPort": 3000, 
                        "Protocol": "TCP", 
                        "InstanceProtocol": "TCP"
                    }, 
                    "PolicyNames": []
                }, 
                {
                    "Listener": {
                        "InstancePort": 80, 
                        "LoadBalancerPort": 80, 
                        "Protocol": "TCP", 
                        "InstanceProtocol": "TCP"
                    }, 
                    "PolicyNames": []
                }
            ], 
            "HealthCheck": {
                "HealthyThreshold": 2, 
                "Interval": 10, 
                "Target": "HTTP:3000/?n=200", 
                "Timeout": 5, 
                "UnhealthyThreshold": 6
            }, 
            "VPCId": "vpc-046f0eda6359f17e4", 
            "BackendServerDescriptions": [], 
            "Instances": [
                {
                    "InstanceId": "i-0f973a2f2ad778ab3"
                }, 
                {
                    "InstanceId": "i-0c5a209fb1f68d089"
                }, 
                {
                    "InstanceId": "i-0703c3a4268b6d16e"
                }
            ], 
            "DNSName": "asg-1-lb-1932717415.us-east-1.elb.amazonaws.com", 
            "SecurityGroups": [
                "sg-04e3710180cf88b5a"
            ], 
            "Policies": {
                "LBCookieStickinessPolicies": [], 
                "AppCookieStickinessPolicies": [], 
                "OtherPolicies": []
            }, 
            "LoadBalancerName": "asg-1-lb", 
            "CreatedTime": "2022-06-04T22:52:37.040Z", 
            "AvailabilityZones": [
                "us-east-1b", 
                "us-east-1a"
            ], 
            "Scheme": "internet-facing", 
            "SourceSecurityGroup": {
                "OwnerAlias": "212467762323", 
                "GroupName": "asg-1-ALBSecurityGroup-OBF9TCJ73BV"
            }
        }
    ]
}
{
    "AutoScalingGroups": [
        {
            "AutoScalingGroupARN": "arn:aws:autoscaling:us-east-1:212467762323:autoScalingGroup:f4cc1edd-1a68-48c4-a2c9-0b65ac41b89b:autoScalingGroupName/asg-1-myASG", 
            "ServiceLinkedRoleARN": "arn:aws:iam::212467762323:role/aws-service-role/autoscaling.amazonaws.com/AWSServiceRoleForAutoScaling", 
            "TargetGroupARNs": [], 
            "SuspendedProcesses": [], 
            "LaunchTemplate": {
                "LaunchTemplateName": "asg-1-launch-template", 
                "Version": "1", 
                "LaunchTemplateId": "lt-09b3a7bee5405f875"
            }, 
            "Tags": [
                {
                    "ResourceType": "auto-scaling-group", 
                    "ResourceId": "asg-1-myASG", 
                    "PropagateAtLaunch": true, 
                    "Value": "asg-1-instance", 
                    "Key": "Name"
                }, 
                {
                    "ResourceType": "auto-scaling-group", 
                    "ResourceId": "asg-1-myASG", 
                    "PropagateAtLaunch": false, 
                    "Value": "WebServerGroup", 
                    "Key": "Purpose"
                }, 
                {
                    "ResourceType": "auto-scaling-group", 
                    "ResourceId": "asg-1-myASG", 
                    "PropagateAtLaunch": true, 
                    "Value": "myASG", 
                    "Key": "aws:cloudformation:logical-id"
                }, 
                {
                    "ResourceType": "auto-scaling-group", 
                    "ResourceId": "asg-1-myASG", 
                    "PropagateAtLaunch": true, 
                    "Value": "arn:aws:cloudformation:us-east-1:212467762323:stack/asg-1/fe49b0e0-e458-11ec-b492-0ec9834f7a0f", 
                    "Key": "aws:cloudformation:stack-id"
                }, 
                {
                    "ResourceType": "auto-scaling-group", 
                    "ResourceId": "asg-1-myASG", 
                    "PropagateAtLaunch": true, 
                    "Value": "asg-1", 
                    "Key": "aws:cloudformation:stack-name"
                }
            ], 
            "EnabledMetrics": [
                {
                    "Metric": "GroupPendingInstances", 
                    "Granularity": "1Minute"
                }, 
                {
                    "Metric": "GroupAndWarmPoolTotalCapacity", 
                    "Granularity": "1Minute"
                }, 
                {
                    "Metric": "GroupStandbyCapacity", 
                    "Granularity": "1Minute"
                }, 
                {
                    "Metric": "WarmPoolTerminatingCapacity", 
                    "Granularity": "1Minute"
                }, 
                {
                    "Metric": "GroupMaxSize", 
                    "Granularity": "1Minute"
                }, 
                {
                    "Metric": "GroupMinSize", 
                    "Granularity": "1Minute"
                }, 
                {
                    "Metric": "GroupTerminatingCapacity", 
                    "Granularity": "1Minute"
                }, 
                {
                    "Metric": "WarmPoolDesiredCapacity", 
                    "Granularity": "1Minute"
                }, 
                {
                    "Metric": "WarmPoolTotalCapacity", 
                    "Granularity": "1Minute"
                }, 
                {
                    "Metric": "WarmPoolWarmedCapacity", 
                    "Granularity": "1Minute"
                }, 
                {
                    "Metric": "GroupTotalInstances", 
                    "Granularity": "1Minute"
                }, 
                {
                    "Metric": "GroupInServiceCapacity", 
                    "Granularity": "1Minute"
                }, 
                {
                    "Metric": "GroupTerminatingInstances", 
                    "Granularity": "1Minute"
                }, 
                {
                    "Metric": "WarmPoolMinSize", 
                    "Granularity": "1Minute"
                }, 
                {
                    "Metric": "GroupInServiceInstances", 
                    "Granularity": "1Minute"
                }, 
                {
                    "Metric": "GroupStandbyInstances", 
                    "Granularity": "1Minute"
                }, 
                {
                    "Metric": "GroupPendingCapacity", 
                    "Granularity": "1Minute"
                }, 
                {
                    "Metric": "GroupAndWarmPoolDesiredCapacity", 
                    "Granularity": "1Minute"
                }, 
                {
                    "Metric": "WarmPoolPendingCapacity", 
                    "Granularity": "1Minute"
                }, 
                {
                    "Metric": "GroupTotalCapacity", 
                    "Granularity": "1Minute"
                }, 
                {
                    "Metric": "GroupDesiredCapacity", 
                    "Granularity": "1Minute"
                }
            ], 
            "TerminationPolicies": [
                "Default"
            ], 
            "AutoScalingGroupName": "asg-1-myASG", 
            "DefaultCooldown": 300, 
            "MinSize": 1, 
            "Instances": [
                {
                    "ProtectedFromScaleIn": false, 
                    "AvailabilityZone": "us-east-1b", 
                    "LaunchTemplate": {
                        "LaunchTemplateName": "asg-1-launch-template", 
                        "Version": "1", 
                        "LaunchTemplateId": "lt-09b3a7bee5405f875"
                    }, 
                    "InstanceId": "i-0703c3a4268b6d16e", 
                    "HealthStatus": "Healthy", 
                    "LifecycleState": "InService", 
                    "InstanceType": "t3.medium"
                }, 
                {
                    "ProtectedFromScaleIn": false, 
                    "AvailabilityZone": "us-east-1a", 
                    "LaunchTemplate": {
                        "LaunchTemplateName": "asg-1-launch-template", 
                        "Version": "1", 
                        "LaunchTemplateId": "lt-09b3a7bee5405f875"
                    }, 
                    "InstanceId": "i-0c5a209fb1f68d089", 
                    "HealthStatus": "Healthy", 
                    "LifecycleState": "InService", 
                    "InstanceType": "t3.medium"
                }, 
                {
                    "ProtectedFromScaleIn": false, 
                    "AvailabilityZone": "us-east-1b", 
                    "LaunchTemplate": {
                        "LaunchTemplateName": "asg-1-launch-template", 
                        "Version": "1", 
                        "LaunchTemplateId": "lt-09b3a7bee5405f875"
                    }, 
                    "InstanceId": "i-0f973a2f2ad778ab3", 
                    "HealthStatus": "Healthy", 
                    "LifecycleState": "InService", 
                    "InstanceType": "t3.medium"
                }
            ], 
            "MaxSize": 3, 
            "VPCZoneIdentifier": "subnet-0765ced5ef93a2443,subnet-0de43277aa350191a", 
            "HealthCheckGracePeriod": 300, 
            "LoadBalancerNames": [
                "asg-1-lb"
            ], 
            "CreatedTime": "2022-06-04T22:55:06.349Z", 
            "AvailabilityZones": [
                "us-east-1a", 
                "us-east-1b"
            ], 
            "HealthCheckType": "EC2", 
            "NewInstancesProtectedFromScaleIn": false, 
            "DesiredCapacity": 3
        }
    ]
}
[2022-06-04T23:29:18]==============================[PERFORMANCE CHUNK RUN 26]==============================
[2022-06-04T23:30:18]==============================[STATS]
jh CPU load avg:
0.00 0.06 0.08 1/163 32736
i-0703c3a4268b6d16e
InService
Healthy
{}
i-0c5a209fb1f68d089
InService
Healthy
{}
i-0f973a2f2ad778ab3
InService
Healthy
{}
23:30:18 I logger.go:127> Log level is now 4 Error (was 2 Info)
Fortio 1.19.0 running at -1 queries per second, 2->2 procs, for 1m0s: http://asg-1-lb-1932717415.us-east-1.elb.amazonaws.com:3000/?n=200
Aggregated Function Time : count 186492 avg 0.0080434618 +/- 0.01408 min 0.001044642 max 0.853567967 sum 1500.04128
# target 50% 0.00652979
# target 75% 0.00927239
# target 90% 0.0161494
# target 99% 0.0519378
# target 99.9% 0.111532
Sockets used: 25 (for perfect keepalive, would be 25)
Jitter: false
Code 200 : 186492 (100.0 %)
All done 186492 calls (plus 25 warmup) 8.043 ms avg, 3107.4 qps
Successfully wrote 4253 bytes of Json data to 2022-06-04-233018_asg_raupi_3_70_performance_chunk_26_1.json
fortio exit code: 0
[2022-06-04T23:31:18]==============================[STATS]
jh CPU load avg:
0.10 0.09 0.09 1/164 32754
i-0703c3a4268b6d16e
InService
Healthy
{}
i-0c5a209fb1f68d089
InService
Healthy
{}
i-0f973a2f2ad778ab3
InService
Healthy
{}
23:31:19 I logger.go:127> Log level is now 4 Error (was 2 Info)
Fortio 1.19.0 running at -1 queries per second, 2->2 procs, for 1m0s: http://asg-1-lb-1932717415.us-east-1.elb.amazonaws.com:3000/?n=200
Aggregated Function Time : count 177225 avg 0.0084642525 +/- 0.02125 min 0.001085232 max 2.036842301 sum 1500.07716
# target 50% 0.00663424
# target 75% 0.00940877
# target 90% 0.0169148
# target 99% 0.0489843
# target 99.9% 0.154729
Sockets used: 25 (for perfect keepalive, would be 25)
Jitter: false
Code 200 : 177225 (100.0 %)
All done 177225 calls (plus 25 warmup) 8.464 ms avg, 2952.0 qps
Successfully wrote 4493 bytes of Json data to 2022-06-04-233119_asg_raupi_3_70_performance_chunk_26_2.json
fortio exit code: 0
[2022-06-04T23:32:19]==============================[STATS]
jh CPU load avg:
0.06 0.08 0.09 1/164 302
i-0703c3a4268b6d16e
InService
Healthy
{}
i-0c5a209fb1f68d089
InService
Healthy
{}
i-0f973a2f2ad778ab3
InService
Healthy
{}
23:32:20 I logger.go:127> Log level is now 4 Error (was 2 Info)
Fortio 1.19.0 running at -1 queries per second, 2->2 procs, for 1m0s: http://asg-1-lb-1932717415.us-east-1.elb.amazonaws.com:3000/?n=200
Aggregated Function Time : count 185166 avg 0.0081014502 +/- 0.01518 min 0.001091771 max 0.817121776 sum 1500.11313
# target 50% 0.00655288
# target 75% 0.00928346
# target 90% 0.0162592
# target 99% 0.0458968
# target 99.9% 0.132892
Sockets used: 25 (for perfect keepalive, would be 25)
Jitter: false
Code 200 : 185166 (100.0 %)
All done 185166 calls (plus 25 warmup) 8.101 ms avg, 3084.9 qps
Successfully wrote 4773 bytes of Json data to 2022-06-04-233220_asg_raupi_3_70_performance_chunk_26_3.json
fortio exit code: 0
[2022-06-04T23:33:20]==============================[STATS]
jh CPU load avg:
0.13 0.10 0.09 1/164 319
i-0703c3a4268b6d16e
InService
Healthy
{}
i-0c5a209fb1f68d089
InService
Healthy
{}
i-0f973a2f2ad778ab3
InService
Healthy
{}
23:33:20 I logger.go:127> Log level is now 4 Error (was 2 Info)
Fortio 1.19.0 running at -1 queries per second, 2->2 procs, for 1m0s: http://asg-1-lb-1932717415.us-east-1.elb.amazonaws.com:3000/?n=200
Aggregated Function Time : count 187326 avg 0.008021235 +/- 0.01246 min 0.001064946 max 0.900598485 sum 1502.58586
# target 50% 0.00662332
# target 75% 0.00940254
# target 90% 0.0164901
# target 99% 0.0428852
# target 99.9% 0.129372
Sockets used: 25 (for perfect keepalive, would be 25)
Jitter: false
Code 200 : 187326 (100.0 %)
All done 187326 calls (plus 25 warmup) 8.021 ms avg, 3109.9 qps
Successfully wrote 4230 bytes of Json data to 2022-06-04-233320_asg_raupi_3_70_performance_chunk_26_4.json
fortio exit code: 0
[2022-06-04T23:34:21]==============================[STATS]
jh CPU load avg:
0.16 0.11 0.09 1/164 337
i-0703c3a4268b6d16e
InService
Healthy
{}
i-0c5a209fb1f68d089
InService
Healthy
{}
i-0f973a2f2ad778ab3
InService
Healthy
{}
23:34:21 I logger.go:127> Log level is now 4 Error (was 2 Info)
Fortio 1.19.0 running at -1 queries per second, 2->2 procs, for 1m0s: http://asg-1-lb-1932717415.us-east-1.elb.amazonaws.com:3000/?n=200
Aggregated Function Time : count 181546 avg 0.0082629942 +/- 0.02394 min 0.001073217 max 2.094878058 sum 1500.11355
# target 50% 0.00656173
# target 75% 0.00930602
# target 90% 0.0158306
# target 99% 0.044532
# target 99.9% 0.193608
Sockets used: 25 (for perfect keepalive, would be 25)
Jitter: false
Code 200 : 181546 (100.0 %)
All done 181546 calls (plus 25 warmup) 8.263 ms avg, 3025.2 qps
Successfully wrote 4877 bytes of Json data to 2022-06-04-233421_asg_raupi_3_70_performance_chunk_26_5.json
fortio exit code: 0
[2022-06-04T23:36:21]==============================[STATS]
jh CPU load avg:
0.11 0.12 0.09 1/164 357
i-0703c3a4268b6d16e
InService
Healthy
{}
i-0c5a209fb1f68d089
InService
Healthy
{}
i-0f973a2f2ad778ab3
InService
Healthy
{}
[2022-06-04T23:36:22]==============================[PERFORMANCE RUN 1]==============================
23:36:22 I logger.go:127> Log level is now 4 Error (was 2 Info)
Fortio 1.19.0 running at -1 queries per second, 2->2 procs, for 5m0s: http://asg-1-lb-1932717415.us-east-1.elb.amazonaws.com:3000/?n=200
Aggregated Function Time : count 905038 avg 0.0082866954 +/- 0.01704 min 0.001061553 max 1.731975626 sum 7499.77427
# target 50% 0.00659986
# target 75% 0.00936902
# target 90% 0.0164536
# target 99% 0.0472885
# target 99.9% 0.17195
Sockets used: 25 (for perfect keepalive, would be 25)
Jitter: false
Code 200 : 905038 (100.0 %)
All done 905038 calls (plus 25 warmup) 8.287 ms avg, 3016.7 qps
Successfully wrote 5239 bytes of Json data to 2022-06-04-233622_asg_raupi_3_70_performance_1.json
fortio exit code: 0
[2022-06-04T23:41:22]==============================[STATS]
jh CPU load avg:
0.23 0.18 0.11 1/165 387
i-0703c3a4268b6d16e
InService
Healthy
{}
i-0c5a209fb1f68d089
InService
Healthy
{}
i-0f973a2f2ad778ab3
InService
Healthy
{}
[2022-06-04T23:42:23]==============================[STATS]
jh CPU load avg:
0.08 0.14 0.10 1/165 396
i-0703c3a4268b6d16e
InService
Healthy
{}
i-0c5a209fb1f68d089
InService
Healthy
{}
i-0f973a2f2ad778ab3
InService
Healthy
{}
[2022-06-04T23:42:23]==============================[PERFORMANCE RUN 2]==============================
23:42:23 I logger.go:127> Log level is now 4 Error (was 2 Info)
Fortio 1.19.0 running at -1 queries per second, 2->2 procs, for 5m0s: http://asg-1-lb-1932717415.us-east-1.elb.amazonaws.com:3000/?n=200
Aggregated Function Time : count 897404 avg 0.0083573129 +/- 0.01605 min 0.001050313 max 1.378815426 sum 7499.88602
# target 50% 0.00660153
# target 75% 0.00937714
# target 90% 0.0166165
# target 99% 0.0484133
# target 99.9% 0.168373
Sockets used: 25 (for perfect keepalive, would be 25)
Jitter: false
Code 200 : 897404 (100.0 %)
All done 897404 calls (plus 25 warmup) 8.357 ms avg, 2990.7 qps
Successfully wrote 5009 bytes of Json data to 2022-06-04-234223_asg_raupi_3_70_performance_2.json
fortio exit code: 0
[2022-06-04T23:47:23]==============================[STATS]
jh CPU load avg:
0.39 0.24 0.13 1/164 471
i-0703c3a4268b6d16e
InService
Healthy
{}
i-0c5a209fb1f68d089
InService
Healthy
{}
i-0f973a2f2ad778ab3
InService
Healthy
{}
[2022-06-04T23:48:24]==============================[STATS]
jh CPU load avg:
0.14 0.19 0.12 1/164 480
i-0703c3a4268b6d16e
InService
Healthy
{}
i-0c5a209fb1f68d089
InService
Healthy
{}
i-0f973a2f2ad778ab3
InService
Healthy
{}
[2022-06-04T23:48:25]==============================[PERFORMANCE RUN 3]==============================
23:48:25 I logger.go:127> Log level is now 4 Error (was 2 Info)
Fortio 1.19.0 running at -1 queries per second, 2->2 procs, for 5m0s: http://asg-1-lb-1932717415.us-east-1.elb.amazonaws.com:3000/?n=200
Aggregated Function Time : count 937376 avg 0.0080012779 +/- 0.01878 min 0.001078407 max 1.935663279 sum 7500.20589
# target 50% 0.00646417
# target 75% 0.00915706
# target 90% 0.0153742
# target 99% 0.0442224
# target 99.9% 0.175684
Sockets used: 25 (for perfect keepalive, would be 25)
Jitter: false
Code 200 : 937376 (100.0 %)
All done 937376 calls (plus 25 warmup) 8.001 ms avg, 3123.9 qps
Successfully wrote 5258 bytes of Json data to 2022-06-04-234825_asg_raupi_3_70_performance_3.json
fortio exit code: 0
[2022-06-04T23:53:25]==============================[STATS]
jh CPU load avg:
0.18 0.17 0.13 1/166 519
i-0703c3a4268b6d16e
InService
Healthy
{}
i-0c5a209fb1f68d089
InService
Healthy
{}
i-0f973a2f2ad778ab3
InService
Healthy
{}
scaling to 0
{
    "Alarms": [
        {
            "AlarmName": "TargetTracking-asg-1-myASG-AlarmHigh-f7df0563-5aad-4663-82d2-af959e6c2223", 
            "AlarmARN": "arn:aws:cloudwatch:us-east-1:212467762323:alarm:TargetTracking-asg-1-myASG-AlarmHigh-f7df0563-5aad-4663-82d2-af959e6c2223"
        }, 
        {
            "AlarmName": "TargetTracking-asg-1-myASG-AlarmLow-48be90cb-bfb6-4998-96e6-d48fca034e1d", 
            "AlarmARN": "arn:aws:cloudwatch:us-east-1:212467762323:alarm:TargetTracking-asg-1-myASG-AlarmLow-48be90cb-bfb6-4998-96e6-d48fca034e1d"
        }
    ], 
    "PolicyARN": "arn:aws:autoscaling:us-east-1:212467762323:scalingPolicy:41eb5c46-d244-481d-a310-823fd6e6fcbc:autoScalingGroupName/asg-1-myASG:policyName/asg-1-AppServerSP-1VXD3N8R1Y9HH"
}
[2022-06-04T23:53:57]==============================[SCALING RUN 1: INIT]==============================
{
    "Alarms": [
        {
            "AlarmName": "TargetTracking-asg-1-myASG-AlarmHigh-f7df0563-5aad-4663-82d2-af959e6c2223", 
            "AlarmARN": "arn:aws:cloudwatch:us-east-1:212467762323:alarm:TargetTracking-asg-1-myASG-AlarmHigh-f7df0563-5aad-4663-82d2-af959e6c2223"
        }, 
        {
            "AlarmName": "TargetTracking-asg-1-myASG-AlarmLow-48be90cb-bfb6-4998-96e6-d48fca034e1d", 
            "AlarmARN": "arn:aws:cloudwatch:us-east-1:212467762323:alarm:TargetTracking-asg-1-myASG-AlarmLow-48be90cb-bfb6-4998-96e6-d48fca034e1d"
        }
    ], 
    "PolicyARN": "arn:aws:autoscaling:us-east-1:212467762323:scalingPolicy:41eb5c46-d244-481d-a310-823fd6e6fcbc:autoScalingGroupName/asg-1-myASG:policyName/asg-1-AppServerSP-1VXD3N8R1Y9HH"
}
scaling to 1
[2022-06-04T23:53:58]==============================[SCALING RUN 1: ENABLE SCALING - SLEEP]==============================
{
    "Alarms": [
        {
            "AlarmName": "TargetTracking-asg-1-myASG-AlarmHigh-1213c542-6743-4188-98f2-2188ac00309b", 
            "AlarmARN": "arn:aws:cloudwatch:us-east-1:212467762323:alarm:TargetTracking-asg-1-myASG-AlarmHigh-1213c542-6743-4188-98f2-2188ac00309b"
        }, 
        {
            "AlarmName": "TargetTracking-asg-1-myASG-AlarmLow-afb28026-c551-4d09-ade8-50455e079863", 
            "AlarmARN": "arn:aws:cloudwatch:us-east-1:212467762323:alarm:TargetTracking-asg-1-myASG-AlarmLow-afb28026-c551-4d09-ade8-50455e079863"
        }
    ], 
    "PolicyARN": "arn:aws:autoscaling:us-east-1:212467762323:scalingPolicy:41eb5c46-d244-481d-a310-823fd6e6fcbc:autoScalingGroupName/asg-1-myASG:policyName/asg-1-AppServerSP-1VXD3N8R1Y9HH"
}
[2022-06-04T23:56:59]==============================[SCALING RUN 1: FORTIO]==============================
[2022-06-04T23:57:00]==============================[STATS]
jh CPU load avg:
0.00 0.08 0.09 1/166 560
i-09db69294050d54b3
InService
Healthy
{}
[2022-06-04T23:57:00]==============================[SCALING RUN 1: CHUNK 1]==============================
23:57:00 I logger.go:127> Log level is now 4 Error (was 2 Info)
Fortio 1.19.0 running at -1 queries per second, 2->2 procs, for 1m0s: http://asg-1-lb-1932717415.us-east-1.elb.amazonaws.com:3000/?n=200
23:57:40 E http_client.go:787> Read error &{{0xc0000fee80}} 52.55.175.90:3000 134 : read tcp 172.31.19.77:33304->52.55.175.90:3000: i/o timeout
23:57:40 E http_client.go:787> Read error &{{0xc0000fed80}} 52.55.175.90:3000 134 : read tcp 172.31.19.77:33300->52.55.175.90:3000: i/o timeout
23:57:40 E http_client.go:787> Read error &{{0xc0000ff200}} 52.55.175.90:3000 134 : read tcp 172.31.19.77:33314->52.55.175.90:3000: i/o timeout
23:57:40 E http_client.go:787> Read error &{{0xc000069a00}} 34.226.98.231:3000 134 : read tcp 172.31.19.77:35940->34.226.98.231:3000: i/o timeout
23:57:40 E http_client.go:787> Read error &{{0xc0000ff480}} 34.226.98.231:3000 134 : read tcp 172.31.19.77:35936->34.226.98.231:3000: i/o timeout
23:57:40 E http_client.go:787> Read error &{{0xc000069b00}} 34.226.98.231:3000 134 : read tcp 172.31.19.77:35944->34.226.98.231:3000: i/o timeout
23:57:40 E http_client.go:787> Read error &{{0xc0000ff600}} 34.226.98.231:3000 134 : read tcp 172.31.19.77:35938->34.226.98.231:3000: i/o timeout
23:57:40 E http_client.go:787> Read error &{{0xc0000ff700}} 34.226.98.231:3000 134 : read tcp 172.31.19.77:35946->34.226.98.231:3000: i/o timeout
23:57:49 E http_client.go:787> Read error &{{0xc000272400}} 52.55.175.90:3000 0 : read tcp 172.31.19.77:33360->52.55.175.90:3000: i/o timeout
23:57:49 E http_client.go:787> Read error &{{0xc0000ffc80}} 52.55.175.90:3000 0 : read tcp 172.31.19.77:33362->52.55.175.90:3000: i/o timeout
23:57:49 E http_client.go:787> Read error &{{0xc0000ffd80}} 52.55.175.90:3000 0 : read tcp 172.31.19.77:33364->52.55.175.90:3000: i/o timeout
23:57:49 E http_client.go:787> Read error &{{0xc0000fff00}} 34.226.98.231:3000 0 : read tcp 172.31.19.77:35982->34.226.98.231:3000: i/o timeout
23:57:49 E http_client.go:787> Read error &{{0xc00037a000}} 34.226.98.231:3000 0 : read tcp 172.31.19.77:35984->34.226.98.231:3000: i/o timeout
23:57:49 E http_client.go:787> Read error &{{0xc000272500}} 52.55.175.90:3000 0 : read tcp 172.31.19.77:33370->52.55.175.90:3000: i/o timeout
23:57:49 E http_client.go:787> Read error &{{0xc00037a100}} 52.55.175.90:3000 0 : read tcp 172.31.19.77:33374->52.55.175.90:3000: i/o timeout
23:57:49 E http_client.go:787> Read error &{{0xc000272600}} 52.55.175.90:3000 0 : read tcp 172.31.19.77:33372->52.55.175.90:3000: i/o timeout
23:57:57 E http_client.go:787> Read error &{{0xc000272c00}} 34.226.98.231:3000 0 : read tcp 172.31.19.77:36010->34.226.98.231:3000: i/o timeout
23:57:57 E http_client.go:787> Read error &{{0xc00037a500}} 34.226.98.231:3000 0 : read tcp 172.31.19.77:36012->34.226.98.231:3000: i/o timeout
23:58:00 E http_client.go:787> Read error &{{0xc000272e00}} 34.226.98.231:3000 0 : read tcp 172.31.19.77:36016->34.226.98.231:3000: i/o timeout
23:58:03 E http_client.go:787> Read error &{{0xc00037a600}} 34.226.98.231:3000 0 : read tcp 172.31.19.77:36018->34.226.98.231:3000: i/o timeout
Aggregated Function Time : count 40794 avg 0.036842842 +/- 0.2111 min 0.001434136 max 6.00248378 sum 1502.96691
# target 50% 0.0162471
# target 75% 0.0227081
# target 90% 0.0294733
# target 99% 0.418433
# target 99.9% 3.27715
Sockets used: 82 (for perfect keepalive, would be 25)
Jitter: false
Code  -1 : 20 (0.0 %)
Code 200 : 40774 (100.0 %)
All done 40794 calls (plus 25 warmup) 36.843 ms avg, 649.3 qps
Successfully wrote 6423 bytes of Json data to 2022-06-04-235700_asg_raupi_3_70_scaling_1_1.json
fortio exit code: 0
[2022-06-04T23:58:03]==============================[STATS]
jh CPU load avg:
0.03 0.08 0.09 1/166 581
i-09db69294050d54b3
InService
Healthy
{}
[2022-06-04T23:58:04]==============================[SCALING RUN 1: CHUNK 2]==============================
23:58:04 I logger.go:127> Log level is now 4 Error (was 2 Info)
Fortio 1.19.0 running at -1 queries per second, 2->2 procs, for 1m0s: http://asg-1-lb-1932717415.us-east-1.elb.amazonaws.com:3000/?n=200
23:58:29 E http_client.go:787> Read error &{{0xc000013000}} 34.226.98.231:3000 134 : read tcp 172.31.19.77:36144->34.226.98.231:3000: i/o timeout
Aggregated Function Time : count 39435 avg 0.03805374 +/- 0.2116 min 0.001371505 max 6.002336924 sum 1500.64923
# target 50% 0.0154273
# target 75% 0.0222262
# target 90% 0.032725
# target 99% 0.606458
# target 99.9% 3.59781
Sockets used: 72 (for perfect keepalive, would be 25)
Jitter: false
Code  -1 : 1 (0.0 %)
Code 200 : 39434 (100.0 %)
All done 39435 calls (plus 25 warmup) 38.054 ms avg, 656.4 qps
Successfully wrote 6386 bytes of Json data to 2022-06-04-235804_asg_raupi_3_70_scaling_1_2.json
fortio exit code: 0
[2022-06-04T23:59:04]==============================[STATS]
jh CPU load avg:
0.06 0.08 0.09 1/164 598
i-09db69294050d54b3
InService
Healthy
{}
[2022-06-04T23:59:04]==============================[SCALING RUN 1: CHUNK 3]==============================
23:59:04 I logger.go:127> Log level is now 4 Error (was 2 Info)
Fortio 1.19.0 running at -1 queries per second, 2->2 procs, for 1m0s: http://asg-1-lb-1932717415.us-east-1.elb.amazonaws.com:3000/?n=200
Aggregated Function Time : count 40841 avg 0.036732963 +/- 0.1434 min 0.00143058 max 2.011826105 sum 1500.21092
# target 50% 0.0155913
# target 75% 0.0226059
# target 90% 0.0317032
# target 99% 0.826229
# target 99.9% 1.7424
Sockets used: 25 (for perfect keepalive, would be 25)
Jitter: false
Code 200 : 40841 (100.0 %)
All done 40841 calls (plus 25 warmup) 36.733 ms avg, 680.5 qps
Successfully wrote 5695 bytes of Json data to 2022-06-04-235904_asg_raupi_3_70_scaling_1_3.json
fortio exit code: 0
[2022-06-05T00:00:04]==============================[STATS]
jh CPU load avg:
0.07 0.08 0.09 1/164 621
i-09db69294050d54b3
InService
Healthy
{}
[2022-06-05T00:00:05]==============================[SCALING RUN 1: CHUNK 4]==============================
00:00:05 I logger.go:127> Log level is now 4 Error (was 2 Info)
Fortio 1.19.0 running at -1 queries per second, 2->2 procs, for 1m0s: http://asg-1-lb-1932717415.us-east-1.elb.amazonaws.com:3000/?n=200
00:00:44 E http_client.go:787> Read error &{{0xc00024bd80}} 34.226.98.231:3000 134 : read tcp 172.31.19.77:36308->34.226.98.231:3000: i/o timeout
00:00:51 E http_client.go:787> Read error &{{0xc0000fef80}} 52.55.175.90:3000 134 : read tcp 172.31.19.77:33730->52.55.175.90:3000: i/o timeout
00:00:51 E http_client.go:787> Read error &{{0xc0000ff680}} 52.55.175.90:3000 134 : read tcp 172.31.19.77:33750->52.55.175.90:3000: i/o timeout
00:01:05 E http_client.go:787> Read error &{{0xc00027e280}} 34.226.98.231:3000 134 : read tcp 172.31.19.77:36406->34.226.98.231:3000: i/o timeout
Aggregated Function Time : count 39800 avg 0.037709075 +/- 0.248 min 0.00146701 max 5.275589438 sum 1500.82119
# target 50% 0.0158189
# target 75% 0.0230023
# target 90% 0.0350693
# target 99% 0.405
# target 99.9% 4.98788
Sockets used: 125 (for perfect keepalive, would be 25)
Jitter: false
Code  -1 : 4 (0.0 %)
Code 200 : 39796 (100.0 %)
All done 39800 calls (plus 25 warmup) 37.709 ms avg, 662.6 qps
Successfully wrote 6038 bytes of Json data to 2022-06-05-000007_asg_raupi_3_70_scaling_1_4.json
fortio exit code: 0
[2022-06-05T00:01:07]==============================[STATS]
jh CPU load avg:
0.05 0.07 0.09 1/165 656
i-09db69294050d54b3
InService
Healthy
{}
[2022-06-05T00:01:07]==============================[SCALING RUN 1: CHUNK 5]==============================
00:01:07 I logger.go:127> Log level is now 4 Error (was 2 Info)
Fortio 1.19.0 running at -1 queries per second, 2->2 procs, for 1m0s: http://asg-1-lb-1932717415.us-east-1.elb.amazonaws.com:3000/?n=200
Aggregated Function Time : count 43509 avg 0.034490462 +/- 0.1532 min 0.001461736 max 4.232106985 sum 1500.6455
# target 50% 0.0141645
# target 75% 0.0206043
# target 90% 0.0374929
# target 99% 0.633768
# target 99.9% 2.3305
Sockets used: 37 (for perfect keepalive, would be 25)
Jitter: false
Code 200 : 43509 (100.0 %)
All done 43509 calls (plus 25 warmup) 34.490 ms avg, 724.6 qps
Successfully wrote 6154 bytes of Json data to 2022-06-05-000107_asg_raupi_3_70_scaling_1_5.json
fortio exit code: 0
[2022-06-05T00:02:08]==============================[STATS]
jh CPU load avg:
0.02 0.06 0.08 1/164 675
i-05b002b6037aee0f2
InService
Healthy
{}
i-09db69294050d54b3
InService
Healthy
{}
[2022-06-05T00:02:08]==============================[SCALING RUN 1: CHUNK 6]==============================
00:02:08 I logger.go:127> Log level is now 4 Error (was 2 Info)
Fortio 1.19.0 running at -1 queries per second, 2->2 procs, for 1m0s: http://asg-1-lb-1932717415.us-east-1.elb.amazonaws.com:3000/?n=200
00:02:16 E http_client.go:787> Read error &{{0xc0000fe200}} 52.55.175.90:3000 134 : read tcp 172.31.19.77:34050->52.55.175.90:3000: i/o timeout
00:02:16 E http_client.go:787> Read error &{{0xc0000fe100}} 52.55.175.90:3000 134 : read tcp 172.31.19.77:34046->52.55.175.90:3000: i/o timeout
00:02:16 E http_client.go:787> Read error &{{0xc00024df80}} 52.55.175.90:3000 134 : read tcp 172.31.19.77:34044->52.55.175.90:3000: i/o timeout
Aggregated Function Time : count 38467 avg 0.039009691 +/- 0.1695 min 0.001625643 max 3.620482239 sum 1500.58579
# target 50% 0.0171339
# target 75% 0.0250955
# target 90% 0.0415097
# target 99% 0.677772
# target 99.9% 2.46784
Sockets used: 45 (for perfect keepalive, would be 25)
Jitter: false
Code  -1 : 3 (0.0 %)
Code 200 : 38464 (100.0 %)
All done 38467 calls (plus 25 warmup) 39.010 ms avg, 640.7 qps
Successfully wrote 5928 bytes of Json data to 2022-06-05-000208_asg_raupi_3_70_scaling_1_6.json
fortio exit code: 0
[2022-06-05T00:03:08]==============================[STATS]
jh CPU load avg:
0.00 0.05 0.07 1/164 692
i-05b002b6037aee0f2
InService
Healthy
{}
i-09db69294050d54b3
InService
Healthy
{}
[2022-06-05T00:03:09]==============================[SCALING RUN 1: CHUNK 7]==============================
00:03:09 I logger.go:127> Log level is now 4 Error (was 2 Info)
Fortio 1.19.0 running at -1 queries per second, 2->2 procs, for 1m0s: http://asg-1-lb-1932717415.us-east-1.elb.amazonaws.com:3000/?n=200
Aggregated Function Time : count 118007 avg 0.012827109 +/- 0.03897 min 0.001202454 max 1.690115135 sum 1513.68868
# target 50% 0.00834844
# target 75% 0.0146128
# target 90% 0.0197593
# target 99% 0.0578933
# target 99.9% 0.611972
Sockets used: 25 (for perfect keepalive, would be 25)
Jitter: false
Code 200 : 118007 (100.0 %)
All done 118007 calls (plus 25 warmup) 12.827 ms avg, 1929.9 qps
Successfully wrote 5364 bytes of Json data to 2022-06-05-000309_asg_raupi_3_70_scaling_1_7.json
fortio exit code: 0
[2022-06-05T00:04:10]==============================[STATS]
jh CPU load avg:
0.07 0.06 0.08 1/164 709
i-05b002b6037aee0f2
InService
Healthy
{}
i-09db69294050d54b3
InService
Healthy
{}
[2022-06-05T00:04:11]==============================[SCALING RUN 1: CHUNK 8]==============================
00:04:11 I logger.go:127> Log level is now 4 Error (was 2 Info)
Fortio 1.19.0 running at -1 queries per second, 2->2 procs, for 1m0s: http://asg-1-lb-1932717415.us-east-1.elb.amazonaws.com:3000/?n=200
Aggregated Function Time : count 118181 avg 0.012693713 +/- 0.04596 min 0.001171748 max 2.37987208 sum 1500.15566
# target 50% 0.00805023
# target 75% 0.0137922
# target 90% 0.019046
# target 99% 0.0529969
# target 99.9% 0.617619
Sockets used: 25 (for perfect keepalive, would be 25)
Jitter: false
Code 200 : 118181 (100.0 %)
All done 118181 calls (plus 25 warmup) 12.694 ms avg, 1968.7 qps
Successfully wrote 5585 bytes of Json data to 2022-06-05-000411_asg_raupi_3_70_scaling_1_8.json
fortio exit code: 0
[2022-06-05T00:05:11]==============================[STATS]
jh CPU load avg:
0.29 0.14 0.10 1/164 726
i-05b002b6037aee0f2
InService
Healthy
{}
i-09db69294050d54b3
InService
Healthy
{}
[2022-06-05T00:05:12]==============================[SCALING RUN 1: CHUNK 9]==============================
00:05:12 I logger.go:127> Log level is now 4 Error (was 2 Info)
Fortio 1.19.0 running at -1 queries per second, 2->2 procs, for 1m0s: http://asg-1-lb-1932717415.us-east-1.elb.amazonaws.com:3000/?n=200
00:05:38 E http_client.go:787> Read error &{{0xc0000a2780}} 34.226.98.231:3000 134 : read tcp 172.31.19.77:36812->34.226.98.231:3000: i/o timeout
Aggregated Function Time : count 118157 avg 0.012695302 +/- 0.05486 min 0.001163318 max 3.324908974 sum 1500.03875
# target 50% 0.00819693
# target 75% 0.0142194
# target 90% 0.0194144
# target 99% 0.0485966
# target 99.9% 0.604495
Sockets used: 38 (for perfect keepalive, would be 25)
Jitter: false
Code  -1 : 1 (0.0 %)
Code 200 : 118156 (100.0 %)
All done 118157 calls (plus 25 warmup) 12.695 ms avg, 1969.0 qps
Successfully wrote 5488 bytes of Json data to 2022-06-05-000512_asg_raupi_3_70_scaling_1_9.json
fortio exit code: 0
[2022-06-05T00:06:12]==============================[STATS]
jh CPU load avg:
0.10 0.11 0.09 1/163 744
i-05b002b6037aee0f2
InService
Healthy
{}
i-09db69294050d54b3
InService
Healthy
{}
[2022-06-05T00:06:12]==============================[SCALING RUN 1: CHUNK 10]==============================
00:06:12 I logger.go:127> Log level is now 4 Error (was 2 Info)
Fortio 1.19.0 running at -1 queries per second, 2->2 procs, for 1m0s: http://asg-1-lb-1932717415.us-east-1.elb.amazonaws.com:3000/?n=200
Aggregated Function Time : count 122484 avg 0.012266324 +/- 0.04101 min 0.001185025 max 1.6787669429999998 sum 1502.42839
# target 50% 0.00798767
# target 75% 0.0137763
# target 90% 0.0193246
# target 99% 0.0511121
# target 99.9% 0.586064
Sockets used: 25 (for perfect keepalive, would be 25)
Jitter: false
Code 200 : 122484 (100.0 %)
All done 122484 calls (plus 25 warmup) 12.266 ms avg, 2034.7 qps
Successfully wrote 5376 bytes of Json data to 2022-06-05-000613_asg_raupi_3_70_scaling_1_10.json
fortio exit code: 0
[2022-06-05T00:07:13]==============================[STATS]
jh CPU load avg:
0.04 0.09 0.08 1/163 760
i-05b002b6037aee0f2
InService
Healthy
{}
i-09db69294050d54b3
InService
Healthy
{}
[2022-06-05T00:07:13]==============================[SCALING RUN 1: CHUNK 11]==============================
00:07:13 I logger.go:127> Log level is now 4 Error (was 2 Info)
Fortio 1.19.0 running at -1 queries per second, 2->2 procs, for 1m0s: http://asg-1-lb-1932717415.us-east-1.elb.amazonaws.com:3000/?n=200
Aggregated Function Time : count 117440 avg 0.012772998 +/- 0.04775 min 0.001139786 max 2.143002551 sum 1500.06085
# target 50% 0.00812131
# target 75% 0.01396
# target 90% 0.0191048
# target 99% 0.0521329
# target 99.9% 0.715059
Sockets used: 25 (for perfect keepalive, would be 25)
Jitter: false
Code 200 : 117440 (100.0 %)
All done 117440 calls (plus 25 warmup) 12.773 ms avg, 1957.0 qps
Successfully wrote 5475 bytes of Json data to 2022-06-05-000713_asg_raupi_3_70_scaling_1_11.json
fortio exit code: 0
[2022-06-05T00:08:13]==============================[STATS]
jh CPU load avg:
0.01 0.07 0.08 1/163 777
i-05b002b6037aee0f2
InService
Healthy
{}
i-09db69294050d54b3
InService
Healthy
{}
i-0d1a483bc50e6103a
InService
Healthy
{}
[2022-06-05T00:08:14]==============================[SCALING RUN 1: CHUNK 12]==============================
00:08:14 I logger.go:127> Log level is now 4 Error (was 2 Info)
Fortio 1.19.0 running at -1 queries per second, 2->2 procs, for 1m0s: http://asg-1-lb-1932717415.us-east-1.elb.amazonaws.com:3000/?n=200
Aggregated Function Time : count 125303 avg 0.012005129 +/- 0.03195 min 0.001122061 max 1.144299945 sum 1504.27866
# target 50% 0.00796138
# target 75% 0.0138004
# target 90% 0.0194466
# target 99% 0.0569096
# target 99.9% 0.610956
Sockets used: 25 (for perfect keepalive, would be 25)
Jitter: false
Code 200 : 125303 (100.0 %)
All done 125303 calls (plus 25 warmup) 12.005 ms avg, 2077.1 qps
Successfully wrote 5099 bytes of Json data to 2022-06-05-000814_asg_raupi_3_70_scaling_1_12.json
fortio exit code: 0
[2022-06-05T00:09:14]==============================[STATS]
jh CPU load avg:
0.00 0.05 0.07 1/163 793
i-05b002b6037aee0f2
InService
Healthy
{}
i-09db69294050d54b3
InService
Healthy
{}
i-0d1a483bc50e6103a
InService
Healthy
{}
[2022-06-05T00:09:15]==============================[SCALING RUN 1: CHUNK 13]==============================
00:09:15 I logger.go:127> Log level is now 4 Error (was 2 Info)
Fortio 1.19.0 running at -1 queries per second, 2->2 procs, for 1m0s: http://asg-1-lb-1932717415.us-east-1.elb.amazonaws.com:3000/?n=200
Aggregated Function Time : count 185247 avg 0.0081007003 +/- 0.02705 min 0.000984888 max 1.427826042 sum 1500.63043
# target 50% 0.00624683
# target 75% 0.00887783
# target 90% 0.0138748
# target 99% 0.0383918
# target 99.9% 0.40699
Sockets used: 25 (for perfect keepalive, would be 25)
Jitter: false
Code 200 : 185247 (100.0 %)
All done 185247 calls (plus 25 warmup) 8.101 ms avg, 3084.6 qps
Successfully wrote 5228 bytes of Json data to 2022-06-05-000915_asg_raupi_3_70_scaling_1_13.json
fortio exit code: 0
[2022-06-05T00:10:15]==============================[STATS]
jh CPU load avg:
0.12 0.07 0.08 1/164 816
i-05b002b6037aee0f2
InService
Healthy
{}
i-09db69294050d54b3
InService
Healthy
{}
i-0d1a483bc50e6103a
InService
Healthy
{}
[2022-06-05T00:10:16]==============================[SCALING RUN 1: CHUNK 14]==============================
00:10:16 I logger.go:127> Log level is now 4 Error (was 2 Info)
Fortio 1.19.0 running at -1 queries per second, 2->2 procs, for 1m0s: http://asg-1-lb-1932717415.us-east-1.elb.amazonaws.com:3000/?n=200
Aggregated Function Time : count 178527 avg 0.008418914 +/- 0.03237 min 0.000960168 max 2.3328101119999998 sum 1503.00346
# target 50% 0.00630853
# target 75% 0.00898274
# target 90% 0.0144426
# target 99% 0.0412873
# target 99.9% 0.482235
Sockets used: 25 (for perfect keepalive, would be 25)
Jitter: false
Code 200 : 178527 (100.0 %)
All done 178527 calls (plus 25 warmup) 8.419 ms avg, 2954.1 qps
Successfully wrote 5360 bytes of Json data to 2022-06-05-001016_asg_raupi_3_70_scaling_1_14.json
fortio exit code: 0
[2022-06-05T00:11:16]==============================[STATS]
jh CPU load avg:
0.24 0.11 0.09 1/164 834
i-05b002b6037aee0f2
InService
Healthy
{}
i-09db69294050d54b3
InService
Healthy
{}
i-0d1a483bc50e6103a
InService
Healthy
{}
[2022-06-05T00:11:17]==============================[SCALING RUN 2: INIT]==============================
{
    "Alarms": [
        {
            "AlarmName": "TargetTracking-asg-1-myASG-AlarmHigh-26052b2f-b916-441b-9f13-6458b0ce486b", 
            "AlarmARN": "arn:aws:cloudwatch:us-east-1:212467762323:alarm:TargetTracking-asg-1-myASG-AlarmHigh-26052b2f-b916-441b-9f13-6458b0ce486b"
        }, 
        {
            "AlarmName": "TargetTracking-asg-1-myASG-AlarmLow-8775887c-6b46-4344-920f-cd7c1a876b5e", 
            "AlarmARN": "arn:aws:cloudwatch:us-east-1:212467762323:alarm:TargetTracking-asg-1-myASG-AlarmLow-8775887c-6b46-4344-920f-cd7c1a876b5e"
        }
    ], 
    "PolicyARN": "arn:aws:autoscaling:us-east-1:212467762323:scalingPolicy:41eb5c46-d244-481d-a310-823fd6e6fcbc:autoScalingGroupName/asg-1-myASG:policyName/asg-1-AppServerSP-1VXD3N8R1Y9HH"
}
scaling to 1
[2022-06-05T00:11:18]==============================[SCALING RUN 2: ENABLE SCALING - SLEEP]==============================
{
    "Alarms": [
        {
            "AlarmName": "TargetTracking-asg-1-myASG-AlarmHigh-05f3ab24-7f1d-4a51-98a1-ebea7a2a5b21", 
            "AlarmARN": "arn:aws:cloudwatch:us-east-1:212467762323:alarm:TargetTracking-asg-1-myASG-AlarmHigh-05f3ab24-7f1d-4a51-98a1-ebea7a2a5b21"
        }, 
        {
            "AlarmName": "TargetTracking-asg-1-myASG-AlarmLow-6d19fdd1-210d-420d-ae7b-959be608eb89", 
            "AlarmARN": "arn:aws:cloudwatch:us-east-1:212467762323:alarm:TargetTracking-asg-1-myASG-AlarmLow-6d19fdd1-210d-420d-ae7b-959be608eb89"
        }
    ], 
    "PolicyARN": "arn:aws:autoscaling:us-east-1:212467762323:scalingPolicy:41eb5c46-d244-481d-a310-823fd6e6fcbc:autoScalingGroupName/asg-1-myASG:policyName/asg-1-AppServerSP-1VXD3N8R1Y9HH"
}
[2022-06-05T00:14:19]==============================[SCALING RUN 2: FORTIO]==============================
[2022-06-05T00:14:19]==============================[STATS]
jh CPU load avg:
0.01 0.05 0.07 1/164 861
i-0d1a483bc50e6103a
InService
Healthy
{}
[2022-06-05T00:14:20]==============================[SCALING RUN 2: CHUNK 1]==============================
00:14:20 I logger.go:127> Log level is now 4 Error (was 2 Info)
Fortio 1.19.0 running at -1 queries per second, 2->2 procs, for 1m0s: http://asg-1-lb-1932717415.us-east-1.elb.amazonaws.com:3000/?n=200
Aggregated Function Time : count 40113 avg 0.038520379 +/- 0.1711 min 0.001205746 max 5.838102978 sum 1545.16797
# target 50% 0.0167501
# target 75% 0.0240536
# target 90% 0.0382369
# target 99% 0.824729
# target 99.9% 2.6601
Sockets used: 42 (for perfect keepalive, would be 25)
Jitter: false
Code 200 : 40113 (100.0 %)
All done 40113 calls (plus 25 warmup) 38.520 ms avg, 648.9 qps
Successfully wrote 6266 bytes of Json data to 2022-06-05-001420_asg_raupi_3_70_scaling_2_1.json
fortio exit code: 0
[2022-06-05T00:15:22]==============================[STATS]
jh CPU load avg:
0.08 0.07 0.08 1/162 928
i-0d1a483bc50e6103a
InService
Healthy
{}
[2022-06-05T00:15:23]==============================[SCALING RUN 2: CHUNK 2]==============================
00:15:23 I logger.go:127> Log level is now 4 Error (was 2 Info)
Fortio 1.19.0 running at -1 queries per second, 2->2 procs, for 1m0s: http://asg-1-lb-1932717415.us-east-1.elb.amazonaws.com:3000/?n=200
00:16:09 E http_client.go:787> Read error &{{0xc00019c080}} 34.226.98.231:3000 0 : read tcp 172.31.19.77:37406->34.226.98.231:3000: i/o timeout
Aggregated Function Time : count 41009 avg 0.036581292 +/- 0.1781 min 0.001281239 max 6.003222824 sum 1500.1622
# target 50% 0.0156031
# target 75% 0.0217525
# target 90% 0.0298838
# target 99% 0.649392
# target 99.9% 2.35991
Sockets used: 49 (for perfect keepalive, would be 25)
Jitter: false
Code  -1 : 1 (0.0 %)
Code 200 : 41008 (100.0 %)
All done 41009 calls (plus 25 warmup) 36.581 ms avg, 683.3 qps
Successfully wrote 6651 bytes of Json data to 2022-06-05-001523_asg_raupi_3_70_scaling_2_2.json
fortio exit code: 0
[2022-06-05T00:16:23]==============================[STATS]
jh CPU load avg:
0.11 0.07 0.08 1/163 947
i-0d1a483bc50e6103a
InService
Healthy
{}
[2022-06-05T00:16:24]==============================[SCALING RUN 2: CHUNK 3]==============================
00:16:24 I logger.go:127> Log level is now 4 Error (was 2 Info)
Fortio 1.19.0 running at -1 queries per second, 2->2 procs, for 1m0s: http://asg-1-lb-1932717415.us-east-1.elb.amazonaws.com:3000/?n=200
Aggregated Function Time : count 45519 avg 0.033013806 +/- 0.1498 min 0.001159705 max 3.606325391 sum 1502.75544
# target 50% 0.0132868
# target 75% 0.0199475
# target 90% 0.0329353
# target 99% 0.584702
# target 99.9% 2.40687
Sockets used: 36 (for perfect keepalive, would be 25)
Jitter: false
Code 200 : 45519 (100.0 %)
All done 45519 calls (plus 25 warmup) 33.014 ms avg, 757.0 qps
Successfully wrote 6046 bytes of Json data to 2022-06-05-001624_asg_raupi_3_70_scaling_2_3.json
fortio exit code: 0
[2022-06-05T00:17:25]==============================[STATS]
jh CPU load avg:
0.15 0.10 0.09 1/163 964
i-0d1a483bc50e6103a
InService
Healthy
{}
[2022-06-05T00:17:25]==============================[SCALING RUN 2: CHUNK 4]==============================
00:17:25 I logger.go:127> Log level is now 4 Error (was 2 Info)
Fortio 1.19.0 running at -1 queries per second, 2->2 procs, for 1m0s: http://asg-1-lb-1932717415.us-east-1.elb.amazonaws.com:3000/?n=200
Aggregated Function Time : count 40931 avg 0.036648855 +/- 0.1501 min 0.001154774 max 2.69093069 sum 1500.0743
# target 50% 0.0161476
# target 75% 0.0232364
# target 90% 0.0372119
# target 99% 0.592611
# target 99.9% 2.50919
Sockets used: 25 (for perfect keepalive, would be 25)
Jitter: false
Code 200 : 40931 (100.0 %)
All done 40931 calls (plus 25 warmup) 36.649 ms avg, 681.8 qps
Successfully wrote 5472 bytes of Json data to 2022-06-05-001725_asg_raupi_3_70_scaling_2_4.json
fortio exit code: 0
[2022-06-05T00:18:25]==============================[STATS]
jh CPU load avg:
0.05 0.08 0.08 1/163 981
i-0d1a483bc50e6103a
InService
Healthy
{}
[2022-06-05T00:18:26]==============================[SCALING RUN 2: CHUNK 5]==============================
00:18:26 I logger.go:127> Log level is now 4 Error (was 2 Info)
Fortio 1.19.0 running at -1 queries per second, 2->2 procs, for 1m0s: http://asg-1-lb-1932717415.us-east-1.elb.amazonaws.com:3000/?n=200
Aggregated Function Time : count 45822 avg 0.033034703 +/- 0.1687 min 0.001142172 max 5.290828425 sum 1513.71616
# target 50% 0.012891
# target 75% 0.0200728
# target 90% 0.0410865
# target 99% 0.473286
# target 99.9% 2.86216
Sockets used: 62 (for perfect keepalive, would be 25)
Jitter: false
Code 200 : 45822 (100.0 %)
All done 45822 calls (plus 25 warmup) 33.035 ms avg, 756.7 qps
Successfully wrote 6280 bytes of Json data to 2022-06-05-001826_asg_raupi_3_70_scaling_2_5.json
fortio exit code: 0
[2022-06-05T00:19:27]==============================[STATS]
jh CPU load avg:
0.26 0.15 0.10 1/163 998
i-0d1a483bc50e6103a
InService
Healthy
{}
[2022-06-05T00:19:27]==============================[SCALING RUN 2: CHUNK 6]==============================
00:19:27 I logger.go:127> Log level is now 4 Error (was 2 Info)
Fortio 1.19.0 running at -1 queries per second, 2->2 procs, for 1m0s: http://asg-1-lb-1932717415.us-east-1.elb.amazonaws.com:3000/?n=200
Aggregated Function Time : count 49146 avg 0.030526239 +/- 0.1323 min 0.001154899 max 2.924391563 sum 1500.24253
# target 50% 0.010389
# target 75% 0.0188045
# target 90% 0.0382368
# target 99% 0.552667
# target 99.9% 1.58501
Sockets used: 38 (for perfect keepalive, would be 25)
Jitter: false
Code 200 : 49146 (100.0 %)
All done 49146 calls (plus 25 warmup) 30.526 ms avg, 818.8 qps
Successfully wrote 5820 bytes of Json data to 2022-06-05-001927_asg_raupi_3_70_scaling_2_6.json
fortio exit code: 0
[2022-06-05T00:20:27]==============================[STATS]
jh CPU load avg:
0.09 0.12 0.09 1/164 1021
i-0d1a483bc50e6103a
InService
Healthy
{}
i-0e3b9fffc03d3df67
InService
Healthy
{}
[2022-06-05T00:20:28]==============================[SCALING RUN 2: CHUNK 7]==============================
00:20:28 I logger.go:127> Log level is now 4 Error (was 2 Info)
Fortio 1.19.0 running at -1 queries per second, 2->2 procs, for 1m0s: http://asg-1-lb-1932717415.us-east-1.elb.amazonaws.com:3000/?n=200
Aggregated Function Time : count 109521 avg 0.013789763 +/- 0.04924 min 0.001109664 max 2.175127901 sum 1510.26867
# target 50% 0.00830406
# target 75% 0.0142651
# target 90% 0.0191067
# target 99% 0.0659062
# target 99.9% 0.845997
Sockets used: 25 (for perfect keepalive, would be 25)
Jitter: false
Code 200 : 109521 (100.0 %)
All done 109521 calls (plus 25 warmup) 13.790 ms avg, 1801.4 qps
Successfully wrote 5346 bytes of Json data to 2022-06-05-002028_asg_raupi_3_70_scaling_2_7.json
fortio exit code: 0
[2022-06-05T00:21:29]==============================[STATS]
jh CPU load avg:
0.17 0.14 0.10 1/164 1039
i-0d1a483bc50e6103a
InService
Healthy
{}
i-0e3b9fffc03d3df67
InService
Healthy
{}
[2022-06-05T00:21:29]==============================[SCALING RUN 2: CHUNK 8]==============================
00:21:29 I logger.go:127> Log level is now 4 Error (was 2 Info)
Fortio 1.19.0 running at -1 queries per second, 2->2 procs, for 1m0s: http://asg-1-lb-1932717415.us-east-1.elb.amazonaws.com:3000/?n=200
Aggregated Function Time : count 106237 avg 0.014122017 +/- 0.0471 min 0.001080486 max 1.632029746 sum 1500.28068
# target 50% 0.00831082
# target 75% 0.0142956
# target 90% 0.0191334
# target 99% 0.101043
# target 99.9% 0.724004
Sockets used: 25 (for perfect keepalive, would be 25)
Jitter: false
Code 200 : 106237 (100.0 %)
All done 106237 calls (plus 25 warmup) 14.122 ms avg, 1769.7 qps
Successfully wrote 5125 bytes of Json data to 2022-06-05-002130_asg_raupi_3_70_scaling_2_8.json
fortio exit code: 0
[2022-06-05T00:22:30]==============================[STATS]
jh CPU load avg:
0.10 0.13 0.09 1/164 1056
i-0d1a483bc50e6103a
InService
Healthy
{}
i-0e3b9fffc03d3df67
InService
Healthy
{}
[2022-06-05T00:22:30]==============================[SCALING RUN 2: CHUNK 9]==============================
00:22:30 I logger.go:127> Log level is now 4 Error (was 2 Info)
Fortio 1.19.0 running at -1 queries per second, 2->2 procs, for 1m0s: http://asg-1-lb-1932717415.us-east-1.elb.amazonaws.com:3000/?n=200
Aggregated Function Time : count 109218 avg 0.013749854 +/- 0.05082 min 0.001038179 max 1.412084111 sum 1501.73159
# target 50% 0.00783617
# target 75% 0.0133051
# target 90% 0.018762
# target 99% 0.0646543
# target 99.9% 0.904569
Sockets used: 25 (for perfect keepalive, would be 25)
Jitter: false
Code 200 : 109218 (100.0 %)
All done 109218 calls (plus 25 warmup) 13.750 ms avg, 1816.0 qps
Successfully wrote 5368 bytes of Json data to 2022-06-05-002231_asg_raupi_3_70_scaling_2_9.json
fortio exit code: 0
[2022-06-05T00:23:31]==============================[STATS]
jh CPU load avg:
0.14 0.13 0.09 1/164 1073
i-0d1a483bc50e6103a
InService
Healthy
{}
i-0e3b9fffc03d3df67
InService
Healthy
{}
[2022-06-05T00:23:31]==============================[SCALING RUN 2: CHUNK 10]==============================
00:23:31 I logger.go:127> Log level is now 4 Error (was 2 Info)
Fortio 1.19.0 running at -1 queries per second, 2->2 procs, for 1m0s: http://asg-1-lb-1932717415.us-east-1.elb.amazonaws.com:3000/?n=200
Aggregated Function Time : count 112824 avg 0.013295438 +/- 0.04332 min 0.001079414 max 1.751814975 sum 1500.04445
# target 50% 0.00807547
# target 75% 0.0138354
# target 90% 0.0189512
# target 99% 0.0974205
# target 99.9% 0.712215
Sockets used: 25 (for perfect keepalive, would be 25)
Jitter: false
Code 200 : 112824 (100.0 %)
All done 112824 calls (plus 25 warmup) 13.295 ms avg, 1880.2 qps
Successfully wrote 5368 bytes of Json data to 2022-06-05-002331_asg_raupi_3_70_scaling_2_10.json
fortio exit code: 0
[2022-06-05T00:24:31]==============================[STATS]
jh CPU load avg:
0.04 0.10 0.09 1/164 1090
i-0d1a483bc50e6103a
InService
Healthy
{}
i-0e3b9fffc03d3df67
InService
Healthy
{}
[2022-06-05T00:24:32]==============================[SCALING RUN 2: CHUNK 11]==============================
00:24:32 I logger.go:127> Log level is now 4 Error (was 2 Info)
Fortio 1.19.0 running at -1 queries per second, 2->2 procs, for 1m0s: http://asg-1-lb-1932717415.us-east-1.elb.amazonaws.com:3000/?n=200
Aggregated Function Time : count 113411 avg 0.013226982 +/- 0.03976 min 0.001034064 max 1.495160602 sum 1500.08521
# target 50% 0.00824145
# target 75% 0.0141124
# target 90% 0.0189314
# target 99% 0.0976291
# target 99.9% 0.63198
Sockets used: 25 (for perfect keepalive, would be 25)
Jitter: false
Code 200 : 113411 (100.0 %)
All done 113411 calls (plus 25 warmup) 13.227 ms avg, 1889.7 qps
Successfully wrote 5238 bytes of Json data to 2022-06-05-002432_asg_raupi_3_70_scaling_2_11.json
fortio exit code: 0
[2022-06-05T00:25:32]==============================[STATS]
jh CPU load avg:
0.20 0.14 0.10 1/163 1117
i-0d1a483bc50e6103a
InService
Healthy
{}
i-0e3b9fffc03d3df67
InService
Healthy
{}
i-0f6d9b76ba21fd4c9
Pending
Healthy
{}
[2022-06-05T00:25:33]==============================[SCALING RUN 2: CHUNK 12]==============================
00:25:33 I logger.go:127> Log level is now 4 Error (was 2 Info)
Fortio 1.19.0 running at -1 queries per second, 2->2 procs, for 1m0s: http://asg-1-lb-1932717415.us-east-1.elb.amazonaws.com:3000/?n=200
Aggregated Function Time : count 112256 avg 0.013377768 +/- 0.04375 min 0.001047227 max 2.289164654 sum 1501.73467
# target 50% 0.00823627
# target 75% 0.0142785
# target 90% 0.0193186
# target 99% 0.0707092
# target 99.9% 0.69295
Sockets used: 25 (for perfect keepalive, would be 25)
Jitter: false
Code 200 : 112256 (100.0 %)
All done 112256 calls (plus 25 warmup) 13.378 ms avg, 1866.5 qps
Successfully wrote 5597 bytes of Json data to 2022-06-05-002533_asg_raupi_3_70_scaling_2_12.json
fortio exit code: 0
[2022-06-05T00:26:33]==============================[STATS]
jh CPU load avg:
0.25 0.17 0.11 1/163 1135
i-0d1a483bc50e6103a
InService
Healthy
{}
i-0e3b9fffc03d3df67
InService
Healthy
{}
i-0f6d9b76ba21fd4c9
InService
Healthy
{}
[2022-06-05T00:26:34]==============================[SCALING RUN 2: CHUNK 13]==============================
00:26:34 I logger.go:127> Log level is now 4 Error (was 2 Info)
Fortio 1.19.0 running at -1 queries per second, 2->2 procs, for 1m0s: http://asg-1-lb-1932717415.us-east-1.elb.amazonaws.com:3000/?n=200
00:26:58 E http_client.go:787> Read error &{{0xc000259180}} 52.55.175.90:3000 134 : read tcp 172.31.19.77:35562->52.55.175.90:3000: i/o timeout
Aggregated Function Time : count 186915 avg 0.0080253722 +/- 0.0343 min 0.001083375 max 3.519428299 sum 1500.06245
# target 50% 0.00630665
# target 75% 0.00891832
# target 90% 0.0138218
# target 99% 0.0377329
# target 99.9% 0.369149
Sockets used: 37 (for perfect keepalive, would be 25)
Jitter: false
Code  -1 : 1 (0.0 %)
Code 200 : 186914 (100.0 %)
All done 186915 calls (plus 25 warmup) 8.025 ms avg, 3114.7 qps
Successfully wrote 5225 bytes of Json data to 2022-06-05-002634_asg_raupi_3_70_scaling_2_13.json
fortio exit code: 0
[2022-06-05T00:27:34]==============================[STATS]
jh CPU load avg:
0.26 0.19 0.11 1/163 1152
i-0d1a483bc50e6103a
InService
Healthy
{}
i-0e3b9fffc03d3df67
InService
Healthy
{}
i-0f6d9b76ba21fd4c9
InService
Healthy
{}
[2022-06-05T00:27:34]==============================[SCALING RUN 2: CHUNK 14]==============================
00:27:34 I logger.go:127> Log level is now 4 Error (was 2 Info)
Fortio 1.19.0 running at -1 queries per second, 2->2 procs, for 1m0s: http://asg-1-lb-1932717415.us-east-1.elb.amazonaws.com:3000/?n=200
00:28:26 E http_client.go:787> Read error &{{0xc000076a00}} 52.55.175.90:3000 134 : read tcp 172.31.19.77:35618->52.55.175.90:3000: i/o timeout
00:28:26 E http_client.go:787> Read error &{{0xc00022c580}} 52.55.175.90:3000 134 : read tcp 172.31.19.77:35630->52.55.175.90:3000: i/o timeout
00:28:26 E http_client.go:787> Read error &{{0xc000076b80}} 52.55.175.90:3000 134 : read tcp 172.31.19.77:35638->52.55.175.90:3000: i/o timeout
00:28:26 E http_client.go:787> Read error &{{0xc00022c180}} 52.55.175.90:3000 134 : read tcp 172.31.19.77:35626->52.55.175.90:3000: i/o timeout
00:28:26 E http_client.go:787> Read error &{{0xc00022d700}} 52.55.175.90:3000 134 : read tcp 172.31.19.77:35654->52.55.175.90:3000: i/o timeout
00:28:26 E http_client.go:787> Read error &{{0xc000076680}} 52.55.175.90:3000 134 : read tcp 172.31.19.77:35634->52.55.175.90:3000: i/o timeout
00:28:26 E http_client.go:787> Read error &{{0xc00022cb00}} 52.55.175.90:3000 134 : read tcp 172.31.19.77:35642->52.55.175.90:3000: i/o timeout
00:28:26 E http_client.go:787> Read error &{{0xc00022cf00}} 52.55.175.90:3000 134 : read tcp 172.31.19.77:35646->52.55.175.90:3000: i/o timeout
00:28:26 E http_client.go:787> Read error &{{0xc00022d300}} 52.55.175.90:3000 134 : read tcp 172.31.19.77:35650->52.55.175.90:3000: i/o timeout
00:28:26 E http_client.go:787> Read error &{{0xc0000fef80}} 52.55.175.90:3000 134 : read tcp 172.31.19.77:35610->52.55.175.90:3000: i/o timeout
00:28:26 E http_client.go:787> Read error &{{0xc000076600}} 52.55.175.90:3000 134 : read tcp 172.31.19.77:35614->52.55.175.90:3000: i/o timeout
00:28:29 E http_client.go:787> Read error &{{0xc000077e80}} 52.55.175.90:3000 0 : read tcp 172.31.19.77:35664->52.55.175.90:3000: i/o timeout
00:28:29 E http_client.go:787> Read error &{{0xc000077f80}} 52.55.175.90:3000 0 : read tcp 172.31.19.77:35666->52.55.175.90:3000: i/o timeout
00:28:29 E http_client.go:787> Read error &{{0xc00022dc00}} 52.55.175.90:3000 0 : read tcp 172.31.19.77:35668->52.55.175.90:3000: i/o timeout
00:28:29 E http_client.go:787> Read error &{{0xc00022dd00}} 52.55.175.90:3000 0 : read tcp 172.31.19.77:35670->52.55.175.90:3000: i/o timeout
00:28:29 E http_client.go:787> Read error &{{0xc00022df00}} 52.55.175.90:3000 0 : read tcp 172.31.19.77:35676->52.55.175.90:3000: i/o timeout
00:28:29 E http_client.go:787> Read error &{{0xc00022de00}} 52.55.175.90:3000 0 : read tcp 172.31.19.77:35672->52.55.175.90:3000: i/o timeout
00:28:29 E http_client.go:787> Read error &{{0xc0000fe080}} 52.55.175.90:3000 0 : read tcp 172.31.19.77:35674->52.55.175.90:3000: i/o timeout
00:28:29 E http_client.go:787> Read error &{{0xc0000fc000}} 52.55.175.90:3000 0 : read tcp 172.31.19.77:35678->52.55.175.90:3000: i/o timeout
00:28:29 E http_client.go:787> Read error &{{0xc0000fc100}} 52.55.175.90:3000 0 : read tcp 172.31.19.77:35680->52.55.175.90:3000: i/o timeout
00:28:29 E http_client.go:787> Read error &{{0xc0000fc200}} 52.55.175.90:3000 0 : read tcp 172.31.19.77:35682->52.55.175.90:3000: i/o timeout
00:28:29 E http_client.go:787> Read error &{{0xc0000fe180}} 52.55.175.90:3000 0 : read tcp 172.31.19.77:35684->52.55.175.90:3000: i/o timeout
00:28:29 E http_client.go:787> Read error &{{0xc0000fe280}} 52.55.175.90:3000 0 : read tcp 172.31.19.77:35686->52.55.175.90:3000: i/o timeout
Aggregated Function Time : count 177264 avg 0.0084624249 +/- 0.0405 min 0.001156891 max 6.000651838 sum 1500.08329
# target 50% 0.00648651
# target 75% 0.00915135
# target 90% 0.0152537
# target 99% 0.0476616
# target 99.9% 0.245337
Sockets used: 49 (for perfect keepalive, would be 25)
Jitter: false
Code  -1 : 23 (0.0 %)
Code 200 : 177241 (100.0 %)
All done 177264 calls (plus 25 warmup) 8.462 ms avg, 2954.0 qps
Successfully wrote 5338 bytes of Json data to 2022-06-05-002734_asg_raupi_3_70_scaling_2_14.json
fortio exit code: 0
[2022-06-05T00:28:34]==============================[STATS]
jh CPU load avg:
0.22 0.18 0.11 1/163 1170
i-0d1a483bc50e6103a
InService
Healthy
{}
i-0e3b9fffc03d3df67
InService
Healthy
{}
i-0f6d9b76ba21fd4c9
InService
Healthy
{}
[2022-06-05T00:28:35]==============================[SCALING RUN 3: INIT]==============================
{
    "Alarms": [
        {
            "AlarmName": "TargetTracking-asg-1-myASG-AlarmHigh-2783cc04-e2ae-4eda-9104-9d9008ff4a40", 
            "AlarmARN": "arn:aws:cloudwatch:us-east-1:212467762323:alarm:TargetTracking-asg-1-myASG-AlarmHigh-2783cc04-e2ae-4eda-9104-9d9008ff4a40"
        }, 
        {
            "AlarmName": "TargetTracking-asg-1-myASG-AlarmLow-32648f68-a4bf-4d21-b4c0-8480c44c5e41", 
            "AlarmARN": "arn:aws:cloudwatch:us-east-1:212467762323:alarm:TargetTracking-asg-1-myASG-AlarmLow-32648f68-a4bf-4d21-b4c0-8480c44c5e41"
        }
    ], 
    "PolicyARN": "arn:aws:autoscaling:us-east-1:212467762323:scalingPolicy:41eb5c46-d244-481d-a310-823fd6e6fcbc:autoScalingGroupName/asg-1-myASG:policyName/asg-1-AppServerSP-1VXD3N8R1Y9HH"
}
scaling to 1
[2022-06-05T00:28:37]==============================[SCALING RUN 3: ENABLE SCALING - SLEEP]==============================
{
    "Alarms": [
        {
            "AlarmName": "TargetTracking-asg-1-myASG-AlarmHigh-65c08e0e-16e0-4e23-a1d2-30117bdfc219", 
            "AlarmARN": "arn:aws:cloudwatch:us-east-1:212467762323:alarm:TargetTracking-asg-1-myASG-AlarmHigh-65c08e0e-16e0-4e23-a1d2-30117bdfc219"
        }, 
        {
            "AlarmName": "TargetTracking-asg-1-myASG-AlarmLow-bdf04701-6e63-4dbe-b52b-614cf7f292b7", 
            "AlarmARN": "arn:aws:cloudwatch:us-east-1:212467762323:alarm:TargetTracking-asg-1-myASG-AlarmLow-bdf04701-6e63-4dbe-b52b-614cf7f292b7"
        }
    ], 
    "PolicyARN": "arn:aws:autoscaling:us-east-1:212467762323:scalingPolicy:41eb5c46-d244-481d-a310-823fd6e6fcbc:autoScalingGroupName/asg-1-myASG:policyName/asg-1-AppServerSP-1VXD3N8R1Y9HH"
}
[2022-06-05T00:31:38]==============================[SCALING RUN 3: FORTIO]==============================
[2022-06-05T00:31:38]==============================[STATS]
jh CPU load avg:
0.06 0.11 0.09 1/165 1244
i-0f6d9b76ba21fd4c9
InService
Healthy
{}
[2022-06-05T00:31:38]==============================[SCALING RUN 3: CHUNK 1]==============================
00:31:38 I logger.go:127> Log level is now 4 Error (was 2 Info)
Fortio 1.19.0 running at -1 queries per second, 2->2 procs, for 1m0s: http://asg-1-lb-1932717415.us-east-1.elb.amazonaws.com:3000/?n=200
Aggregated Function Time : count 52463 avg 0.028597537 +/- 0.1055 min 0.001458341 max 4.725873773 sum 1500.31257
# target 50% 0.0172141
# target 75% 0.0258538
# target 90% 0.0434267
# target 99% 0.213597
# target 99.9% 1.42836
Sockets used: 46 (for perfect keepalive, would be 25)
Jitter: false
Code 200 : 52463 (100.0 %)
All done 52463 calls (plus 25 warmup) 28.598 ms avg, 873.7 qps
Successfully wrote 5682 bytes of Json data to 2022-06-05-003138_asg_raupi_3_70_scaling_3_1.json
fortio exit code: 0
[2022-06-05T00:32:38]==============================[STATS]
jh CPU load avg:
0.02 0.09 0.08 1/163 1293
i-0f6d9b76ba21fd4c9
InService
Healthy
{}
[2022-06-05T00:32:39]==============================[SCALING RUN 3: CHUNK 2]==============================
00:32:39 I logger.go:127> Log level is now 4 Error (was 2 Info)
Fortio 1.19.0 running at -1 queries per second, 2->2 procs, for 1m0s: http://asg-1-lb-1932717415.us-east-1.elb.amazonaws.com:3000/?n=200
Aggregated Function Time : count 54172 avg 0.027691949 +/- 0.07118 min 0.001285894 max 2.369633971 sum 1500.12827
# target 50% 0.0177302
# target 75% 0.026957
# target 90% 0.0444956
# target 99% 0.258
# target 99.9% 0.780055
Sockets used: 25 (for perfect keepalive, would be 25)
Jitter: false
Code 200 : 54172 (100.0 %)
All done 54172 calls (plus 25 warmup) 27.692 ms avg, 902.7 qps
Successfully wrote 4984 bytes of Json data to 2022-06-05-003239_asg_raupi_3_70_scaling_3_2.json
fortio exit code: 0
[2022-06-05T00:33:39]==============================[STATS]
jh CPU load avg:
0.05 0.08 0.08 1/163 1310
i-0f6d9b76ba21fd4c9
InService
Healthy
{}
[2022-06-05T00:33:40]==============================[SCALING RUN 3: CHUNK 3]==============================
00:33:40 I logger.go:127> Log level is now 4 Error (was 2 Info)
Fortio 1.19.0 running at -1 queries per second, 2->2 procs, for 1m0s: http://asg-1-lb-1932717415.us-east-1.elb.amazonaws.com:3000/?n=200
Aggregated Function Time : count 53642 avg 0.027966801 +/- 0.09782 min 0.001468376 max 4.184865723 sum 1500.19512
# target 50% 0.0160114
# target 75% 0.0245372
# target 90% 0.045054
# target 99% 0.239341
# target 99.9% 1.35715
Sockets used: 42 (for perfect keepalive, would be 25)
Jitter: false
Code 200 : 53642 (100.0 %)
All done 53642 calls (plus 25 warmup) 27.967 ms avg, 893.7 qps
Successfully wrote 6164 bytes of Json data to 2022-06-05-003340_asg_raupi_3_70_scaling_3_3.json
fortio exit code: 0
[2022-06-05T00:34:40]==============================[STATS]
jh CPU load avg:
0.08 0.08 0.08 1/162 1327
i-0f6d9b76ba21fd4c9
InService
Healthy
{}
[2022-06-05T00:34:41]==============================[SCALING RUN 3: CHUNK 4]==============================
00:34:41 I logger.go:127> Log level is now 4 Error (was 2 Info)
Fortio 1.19.0 running at -1 queries per second, 2->2 procs, for 1m0s: http://asg-1-lb-1932717415.us-east-1.elb.amazonaws.com:3000/?n=200
Aggregated Function Time : count 53516 avg 0.028032197 +/- 0.06605 min 0.001366538 max 1.570360008 sum 1500.17108
# target 50% 0.0171972
# target 75% 0.0259862
# target 90% 0.0457745
# target 99% 0.289811
# target 99.9% 0.787224
Sockets used: 25 (for perfect keepalive, would be 25)
Jitter: false
Code 200 : 53516 (100.0 %)
All done 53516 calls (plus 25 warmup) 28.032 ms avg, 891.6 qps
Successfully wrote 5120 bytes of Json data to 2022-06-05-003441_asg_raupi_3_70_scaling_3_4.json
fortio exit code: 0
[2022-06-05T00:35:41]==============================[STATS]
jh CPU load avg:
0.03 0.06 0.08 1/163 1345
i-0f6d9b76ba21fd4c9
InService
Healthy
{}
[2022-06-05T00:35:42]==============================[SCALING RUN 3: CHUNK 5]==============================
00:35:42 I logger.go:127> Log level is now 4 Error (was 2 Info)
Fortio 1.19.0 running at -1 queries per second, 2->2 procs, for 1m0s: http://asg-1-lb-1932717415.us-east-1.elb.amazonaws.com:3000/?n=200
Aggregated Function Time : count 54498 avg 0.027527656 +/- 0.0554 min 0.001435577 max 1.30745311 sum 1500.20221
# target 50% 0.0173981
# target 75% 0.0272956
# target 90% 0.0510098
# target 99% 0.226404
# target 99.9% 0.938546
Sockets used: 25 (for perfect keepalive, would be 25)
Jitter: false
Code 200 : 54498 (100.0 %)
All done 54498 calls (plus 25 warmup) 27.528 ms avg, 908.0 qps
Successfully wrote 5102 bytes of Json data to 2022-06-05-003543_asg_raupi_3_70_scaling_3_5.json
fortio exit code: 0
[2022-06-05T00:36:43]==============================[STATS]
jh CPU load avg:
0.01 0.05 0.07 1/163 1364
i-0f6d9b76ba21fd4c9
InService
Healthy
{}
[2022-06-05T00:36:43]==============================[SCALING RUN 3: CHUNK 6]==============================
00:36:43 I logger.go:127> Log level is now 4 Error (was 2 Info)
Fortio 1.19.0 running at -1 queries per second, 2->2 procs, for 1m0s: http://asg-1-lb-1932717415.us-east-1.elb.amazonaws.com:3000/?n=200
00:37:03 E http_client.go:787> Read error &{{0xc000243980}} 52.55.175.90:3000 0 : read tcp 172.31.19.77:36184->52.55.175.90:3000: i/o timeout
00:37:03 E http_client.go:787> Read error &{{0xc000243880}} 52.55.175.90:3000 0 : read tcp 172.31.19.77:36182->52.55.175.90:3000: i/o timeout
00:37:03 E http_client.go:787> Read error &{{0xc0000fe900}} 52.55.175.90:3000 0 : read tcp 172.31.19.77:36188->52.55.175.90:3000: i/o timeout
00:37:03 E http_client.go:787> Read error &{{0xc0000fea00}} 34.226.98.231:3000 0 : read tcp 172.31.19.77:38806->34.226.98.231:3000: i/o timeout
00:37:03 E http_client.go:787> Read error &{{0xc000243a80}} 34.226.98.231:3000 0 : read tcp 172.31.19.77:38808->34.226.98.231:3000: i/o timeout
00:37:03 E http_client.go:787> Read error &{{0xc0000feb00}} 34.226.98.231:3000 0 : read tcp 172.31.19.77:38812->34.226.98.231:3000: i/o timeout
00:37:05 E http_client.go:787> Read error &{{0xc00006b280}} 52.55.175.90:3000 134 : read tcp 172.31.19.77:36156->52.55.175.90:3000: i/o timeout
00:37:06 E http_client.go:787> Read error &{{0xc000243b80}} 52.55.175.90:3000 0 : read tcp 172.31.19.77:36198->52.55.175.90:3000: i/o timeout
00:37:06 E http_client.go:787> Read error &{{0xc0000fec00}} 52.55.175.90:3000 0 : read tcp 172.31.19.77:36200->52.55.175.90:3000: i/o timeout
00:37:06 E http_client.go:787> Read error &{{0xc0000fed00}} 52.55.175.90:3000 0 : read tcp 172.31.19.77:36204->52.55.175.90:3000: i/o timeout
00:37:06 E http_client.go:787> Read error &{{0xc0000fef80}} 34.226.98.231:3000 0 : read tcp 172.31.19.77:38828->34.226.98.231:3000: i/o timeout
00:37:06 E http_client.go:787> Read error &{{0xc0000fee80}} 34.226.98.231:3000 0 : read tcp 172.31.19.77:38824->34.226.98.231:3000: i/o timeout
00:37:06 E http_client.go:787> Read error &{{0xc000243c80}} 34.226.98.231:3000 0 : read tcp 172.31.19.77:38822->34.226.98.231:3000: i/o timeout
00:37:08 E http_client.go:787> Read error &{{0xc0000ff080}} 52.55.175.90:3000 0 : read tcp 172.31.19.77:36216->52.55.175.90:3000: i/o timeout
00:37:08 E http_client.go:787> Read error &{{0xc0000ff180}} 34.226.98.231:3000 0 : read tcp 172.31.19.77:38834->34.226.98.231:3000: i/o timeout
00:37:08 E http_client.go:787> Read error &{{0xc0000ff280}} 34.226.98.231:3000 0 : read tcp 172.31.19.77:38836->34.226.98.231:3000: i/o timeout
00:37:08 E http_client.go:787> Read error &{{0xc0000ff400}} 52.55.175.90:3000 0 : read tcp 172.31.19.77:36222->52.55.175.90:3000: i/o timeout
00:37:08 E http_client.go:787> Read error &{{0xc0000ff500}} 34.226.98.231:3000 0 : read tcp 172.31.19.77:38842->34.226.98.231:3000: i/o timeout
00:37:08 E http_client.go:787> Read error &{{0xc000243d80}} 34.226.98.231:3000 0 : read tcp 172.31.19.77:38840->34.226.98.231:3000: i/o timeout
00:37:10 E http_client.go:787> Read error &{{0xc0000ffe80}} 52.55.175.90:3000 0 : read tcp 172.31.19.77:36264->52.55.175.90:3000: i/o timeout
Aggregated Function Time : count 52234 avg 0.028720564 +/- 0.146 min 0.001362753 max 6.002303393 sum 1500.18996
# target 50% 0.0149806
# target 75% 0.023882
# target 90% 0.0448894
# target 99% 0.234629
# target 99.9% 1.57756
Sockets used: 89 (for perfect keepalive, would be 25)
Jitter: false
Code  -1 : 20 (0.0 %)
Code 200 : 52214 (100.0 %)
All done 52234 calls (plus 25 warmup) 28.721 ms avg, 870.3 qps
Successfully wrote 6079 bytes of Json data to 2022-06-05-003643_asg_raupi_3_70_scaling_3_6.json
fortio exit code: 0
[2022-06-05T00:37:43]==============================[STATS]
jh CPU load avg:
0.05 0.05 0.07 1/163 1381
i-049fd8289acb822ec
InService
Healthy
{}
i-0f6d9b76ba21fd4c9
InService
Healthy
{}
[2022-06-05T00:37:44]==============================[SCALING RUN 3: CHUNK 7]==============================
00:37:44 I logger.go:127> Log level is now 4 Error (was 2 Info)
Fortio 1.19.0 running at -1 queries per second, 2->2 procs, for 1m0s: http://asg-1-lb-1932717415.us-east-1.elb.amazonaws.com:3000/?n=200
Aggregated Function Time : count 57334 avg 0.026165067 +/- 0.04835 min 0.001402415 max 1.123999443 sum 1500.14793
# target 50% 0.0171705
# target 75% 0.0272752
# target 90% 0.0528801
# target 99% 0.159432
# target 99.9% 0.686162
Sockets used: 25 (for perfect keepalive, would be 25)
Jitter: false
Code 200 : 57334 (100.0 %)
All done 57334 calls (plus 25 warmup) 26.165 ms avg, 955.2 qps
Successfully wrote 4847 bytes of Json data to 2022-06-05-003744_asg_raupi_3_70_scaling_3_7.json
fortio exit code: 0
[2022-06-05T00:38:44]==============================[STATS]
jh CPU load avg:
0.02 0.04 0.07 1/163 1398
i-049fd8289acb822ec
InService
Healthy
{}
i-0f6d9b76ba21fd4c9
InService
Healthy
{}
[2022-06-05T00:38:45]==============================[SCALING RUN 3: CHUNK 8]==============================
00:38:45 I logger.go:127> Log level is now 4 Error (was 2 Info)
Fortio 1.19.0 running at -1 queries per second, 2->2 procs, for 1m0s: http://asg-1-lb-1932717415.us-east-1.elb.amazonaws.com:3000/?n=200
Aggregated Function Time : count 126281 avg 0.011880895 +/- 0.02027 min 0.001058971 max 1.056430801 sum 1500.33126
# target 50% 0.00864453
# target 75% 0.0152764
# target 90% 0.0209
# target 99% 0.0562105
# target 99.9% 0.29946
Sockets used: 25 (for perfect keepalive, would be 25)
Jitter: false
Code 200 : 126281 (100.0 %)
All done 126281 calls (plus 25 warmup) 11.881 ms avg, 2103.4 qps
Successfully wrote 4851 bytes of Json data to 2022-06-05-003845_asg_raupi_3_70_scaling_3_8.json
fortio exit code: 0
[2022-06-05T00:39:45]==============================[STATS]
jh CPU load avg:
0.14 0.08 0.08 1/163 1415
i-049fd8289acb822ec
InService
Healthy
{}
i-0f6d9b76ba21fd4c9
InService
Healthy
{}
[2022-06-05T00:39:46]==============================[SCALING RUN 3: CHUNK 9]==============================
00:39:46 I logger.go:127> Log level is now 4 Error (was 2 Info)
Fortio 1.19.0 running at -1 queries per second, 2->2 procs, for 1m0s: http://asg-1-lb-1932717415.us-east-1.elb.amazonaws.com:3000/?n=200
Aggregated Function Time : count 118441 avg 0.012665493 +/- 0.01808 min 0.001130172 max 0.724734477 sum 1500.11365
# target 50% 0.0090646
# target 75% 0.0157237
# target 90% 0.021027
# target 99% 0.0626022
# target 99.9% 0.265748
Sockets used: 25 (for perfect keepalive, would be 25)
Jitter: false
Code 200 : 118441 (100.0 %)
All done 118441 calls (plus 25 warmup) 12.665 ms avg, 1973.6 qps
Successfully wrote 4750 bytes of Json data to 2022-06-05-003946_asg_raupi_3_70_scaling_3_9.json
fortio exit code: 0
[2022-06-05T00:40:46]==============================[STATS]
jh CPU load avg:
0.21 0.09 0.08 1/164 1438
i-049fd8289acb822ec
InService
Healthy
{}
i-0f6d9b76ba21fd4c9
InService
Healthy
{}
[2022-06-05T00:40:46]==============================[SCALING RUN 3: CHUNK 10]==============================
00:40:46 I logger.go:127> Log level is now 4 Error (was 2 Info)
Fortio 1.19.0 running at -1 queries per second, 2->2 procs, for 1m0s: http://asg-1-lb-1932717415.us-east-1.elb.amazonaws.com:3000/?n=200
Aggregated Function Time : count 129490 avg 0.011584398 +/- 0.02138 min 0.00113287 max 1.33254217 sum 1500.06369
# target 50% 0.0083894
# target 75% 0.0147896
# target 90% 0.0199572
# target 99% 0.0529502
# target 99.9% 0.272643
Sockets used: 25 (for perfect keepalive, would be 25)
Jitter: false
Code 200 : 129490 (100.0 %)
All done 129490 calls (plus 25 warmup) 11.584 ms avg, 2157.6 qps
Successfully wrote 4738 bytes of Json data to 2022-06-05-004046_asg_raupi_3_70_scaling_3_10.json
fortio exit code: 0
[2022-06-05T00:41:46]==============================[STATS]
jh CPU load avg:
0.27 0.12 0.09 1/164 1456
i-049fd8289acb822ec
InService
Healthy
{}
i-0f6d9b76ba21fd4c9
InService
Healthy
{}
[2022-06-05T00:41:47]==============================[SCALING RUN 3: CHUNK 11]==============================
00:41:47 I logger.go:127> Log level is now 4 Error (was 2 Info)
Fortio 1.19.0 running at -1 queries per second, 2->2 procs, for 1m0s: http://asg-1-lb-1932717415.us-east-1.elb.amazonaws.com:3000/?n=200
Aggregated Function Time : count 125750 avg 0.011932955 +/- 0.01974 min 0.001116719 max 0.910754486 sum 1500.56908
# target 50% 0.00859666
# target 75% 0.0152319
# target 90% 0.0211358
# target 99% 0.0521706
# target 99.9% 0.304167
Sockets used: 25 (for perfect keepalive, would be 25)
Jitter: false
Code 200 : 125750 (100.0 %)
All done 125750 calls (plus 25 warmup) 11.933 ms avg, 2094.2 qps
Successfully wrote 4869 bytes of Json data to 2022-06-05-004147_asg_raupi_3_70_scaling_3_11.json
fortio exit code: 0
[2022-06-05T00:42:47]==============================[STATS]
jh CPU load avg:
0.12 0.11 0.09 1/164 1523
i-03136ff878fccd969
Pending
Healthy
{}
i-049fd8289acb822ec
InService
Healthy
{}
i-0f6d9b76ba21fd4c9
InService
Healthy
{}
[2022-06-05T00:42:48]==============================[SCALING RUN 3: CHUNK 12]==============================
00:42:48 I logger.go:127> Log level is now 4 Error (was 2 Info)
Fortio 1.19.0 running at -1 queries per second, 2->2 procs, for 1m0s: http://asg-1-lb-1932717415.us-east-1.elb.amazonaws.com:3000/?n=200
Aggregated Function Time : count 127854 avg 0.011783499 +/- 0.02296 min 0.001081887 max 1.258582947 sum 1506.56751
# target 50% 0.00852677
# target 75% 0.0150353
# target 90% 0.0201617
# target 99% 0.0559353
# target 99.9% 0.269724
Sockets used: 25 (for perfect keepalive, would be 25)
Jitter: false
Code 200 : 127854 (100.0 %)
All done 127854 calls (plus 25 warmup) 11.783 ms avg, 2113.3 qps
Successfully wrote 4729 bytes of Json data to 2022-06-05-004248_asg_raupi_3_70_scaling_3_12.json
fortio exit code: 0
[2022-06-05T00:43:48]==============================[STATS]
jh CPU load avg:
0.04 0.09 0.08 1/164 1540
i-03136ff878fccd969
InService
Healthy
{}
i-049fd8289acb822ec
InService
Healthy
{}
i-0f6d9b76ba21fd4c9
InService
Healthy
{}
[2022-06-05T00:43:49]==============================[SCALING RUN 3: CHUNK 13]==============================
00:43:49 I logger.go:127> Log level is now 4 Error (was 2 Info)
Fortio 1.19.0 running at -1 queries per second, 2->2 procs, for 1m0s: http://asg-1-lb-1932717415.us-east-1.elb.amazonaws.com:3000/?n=200
Aggregated Function Time : count 189605 avg 0.007911619 +/- 0.01072 min 0.001142108 max 0.606618808 sum 1500.08253
# target 50% 0.00672988
# target 75% 0.00952379
# target 90% 0.0166156
# target 99% 0.0390174
# target 99.9% 0.109644
Sockets used: 25 (for perfect keepalive, would be 25)
Jitter: false
Code 200 : 189605 (100.0 %)
All done 189605 calls (plus 25 warmup) 7.912 ms avg, 3159.0 qps
Successfully wrote 4356 bytes of Json data to 2022-06-05-004349_asg_raupi_3_70_scaling_3_13.json
fortio exit code: 0
[2022-06-05T00:44:49]==============================[STATS]
jh CPU load avg:
0.13 0.10 0.09 1/164 1557
i-03136ff878fccd969
InService
Healthy
{}
i-049fd8289acb822ec
InService
Healthy
{}
i-0f6d9b76ba21fd4c9
InService
Healthy
{}
[2022-06-05T00:44:50]==============================[SCALING RUN 3: CHUNK 14]==============================
00:44:50 I logger.go:127> Log level is now 4 Error (was 2 Info)
Fortio 1.19.0 running at -1 queries per second, 2->2 procs, for 1m0s: http://asg-1-lb-1932717415.us-east-1.elb.amazonaws.com:3000/?n=200
Aggregated Function Time : count 191554 avg 0.0078407856 +/- 0.01147 min 0.001124292 max 0.878134393 sum 1501.93384
# target 50% 0.00668913
# target 75% 0.00947159
# target 90% 0.0164269
# target 99% 0.0383549
# target 99.9% 0.0982644
Sockets used: 25 (for perfect keepalive, would be 25)
Jitter: false
Code 200 : 191554 (100.0 %)
All done 191554 calls (plus 25 warmup) 7.841 ms avg, 3184.7 qps
Successfully wrote 4260 bytes of Json data to 2022-06-05-004450_asg_raupi_3_70_scaling_3_14.json
fortio exit code: 0
[2022-06-05T00:45:50]==============================[STATS]
jh CPU load avg:
0.23 0.14 0.10 1/163 1575
i-03136ff878fccd969
InService
Healthy
{}
i-049fd8289acb822ec
InService
Healthy
{}
i-0f6d9b76ba21fd4c9
InService
Healthy
{}
[2022-06-05T00:49:51]==============================[GET DATA]==============================
2022-06-04T22:57:27..2022-06-05T00:49:51
asg-1-myASG
asg-1-lb
36K alb_data.json
24K asg_data.json
[2022-06-05T00:49:52]==============================[UPLOAD /2022.06.04_22-56_asg_raupi_3_70_7945]==============================
Warning: Permanently added '35.185.210.97' (ECDSA) to the list of known hosts.
