2022-05-26T23:54:22
NAME                           CPU(cores)   CPU%   MEMORY(bytes)   MEMORY%   
ip-192-168-3-91.ec2.internal   58m          3%     1057Mi          31%       
2022-05-26T23:55:24
NAME                           CPU(cores)   CPU%   MEMORY(bytes)   MEMORY%   
ip-192-168-3-91.ec2.internal   61m          3%     931Mi           27%       
2022-05-26T23:56:26
NAME                             CPU(cores)   CPU%   MEMORY(bytes)   MEMORY%   
ip-192-168-24-101.ec2.internal   36m          1%     452Mi           13%       
ip-192-168-3-91.ec2.internal     298m         15%    617Mi           18%       
ip-192-168-52-53.ec2.internal    35m          1%     452Mi           13%       
2022-05-26T23:57:28
NAME                             CPU(cores)   CPU%   MEMORY(bytes)   MEMORY%   
ip-192-168-24-101.ec2.internal   43m          2%     452Mi           13%       
ip-192-168-3-91.ec2.internal     1054m        54%    636Mi           19%       
ip-192-168-52-53.ec2.internal    45m          2%     486Mi           14%       
2022-05-26T23:58:30
NAME                             CPU(cores)   CPU%   MEMORY(bytes)   MEMORY%   
ip-192-168-24-101.ec2.internal   41m          2%     454Mi           13%       
ip-192-168-3-91.ec2.internal     56m          2%     607Mi           18%       
ip-192-168-52-53.ec2.internal    41m          2%     490Mi           14%       
2022-05-26T23:59:31
NAME                             CPU(cores)   CPU%   MEMORY(bytes)   MEMORY%   
ip-192-168-24-101.ec2.internal   410m         21%    505Mi           15%       
ip-192-168-3-91.ec2.internal     987m         51%    623Mi           18%       
ip-192-168-52-53.ec2.internal    1046m        54%    531Mi           15%       
2022-05-27T00:00:33
NAME                             CPU(cores)   CPU%   MEMORY(bytes)   MEMORY%   
ip-192-168-24-101.ec2.internal   45m          2%     492Mi           14%       
ip-192-168-3-91.ec2.internal     931m         48%    622Mi           18%       
ip-192-168-52-53.ec2.internal    1026m        53%    570Mi           17%       
2022-05-27T00:01:35
NAME                             CPU(cores)   CPU%   MEMORY(bytes)   MEMORY%   
ip-192-168-24-101.ec2.internal   49m          2%     492Mi           14%       
ip-192-168-3-91.ec2.internal     61m          3%     621Mi           18%       
ip-192-168-52-53.ec2.internal    46m          2%     538Mi           16%       
2022-05-27T00:02:37
NAME                             CPU(cores)   CPU%   MEMORY(bytes)   MEMORY%   
ip-192-168-24-101.ec2.internal   1051m        54%    584Mi           17%       
ip-192-168-3-91.ec2.internal     1125m        58%    683Mi           20%       
ip-192-168-52-53.ec2.internal    1045m        54%    575Mi           17%       
2022-05-27T00:03:39
NAME                             CPU(cores)   CPU%   MEMORY(bytes)   MEMORY%   
ip-192-168-24-101.ec2.internal   44m          2%     574Mi           17%       
ip-192-168-3-91.ec2.internal     63m          3%     678Mi           20%       
ip-192-168-52-53.ec2.internal    45m          2%     558Mi           16%       
2022-05-27T00:04:41
NAME                             CPU(cores)   CPU%   MEMORY(bytes)   MEMORY%   
ip-192-168-24-101.ec2.internal   567m         29%    565Mi           16%       
ip-192-168-3-91.ec2.internal     1686m        87%    701Mi           21%       
ip-192-168-52-53.ec2.internal    1668m        86%    585Mi           17%       
2022-05-27T00:05:42
NAME                             CPU(cores)   CPU%   MEMORY(bytes)   MEMORY%   
ip-192-168-24-101.ec2.internal   552m         28%    562Mi           16%       
ip-192-168-3-91.ec2.internal     1688m        87%    720Mi           21%       
ip-192-168-52-53.ec2.internal    1668m        86%    604Mi           18%       
2022-05-27T00:06:44
NAME                             CPU(cores)   CPU%   MEMORY(bytes)   MEMORY%   
ip-192-168-24-101.ec2.internal   48m          2%     562Mi           16%       
ip-192-168-3-91.ec2.internal     61m          3%     720Mi           21%       
ip-192-168-52-53.ec2.internal    49m          2%     605Mi           18%       
2022-05-27T00:07:46
NAME                             CPU(cores)   CPU%   MEMORY(bytes)   MEMORY%   
ip-192-168-24-101.ec2.internal   1682m        87%    599Mi           18%       
ip-192-168-3-91.ec2.internal     1676m        86%    723Mi           21%       
ip-192-168-52-53.ec2.internal    1044m        54%    605Mi           18%       
2022-05-27T00:08:48
NAME                             CPU(cores)   CPU%   MEMORY(bytes)   MEMORY%   
ip-192-168-24-101.ec2.internal   44m          2%     601Mi           18%       
ip-192-168-3-91.ec2.internal     58m          3%     723Mi           21%       
ip-192-168-52-53.ec2.internal    46m          2%     604Mi           18%       
2022-05-27T00:09:50
NAME                             CPU(cores)   CPU%   MEMORY(bytes)   MEMORY%   
ip-192-168-24-101.ec2.internal   626m         32%    575Mi           17%       
ip-192-168-3-91.ec2.internal     1980m        102%   708Mi           21%       
ip-192-168-52-53.ec2.internal    1681m        87%    585Mi           17%       
2022-05-27T00:10:52
NAME                             CPU(cores)   CPU%   MEMORY(bytes)   MEMORY%   
ip-192-168-24-101.ec2.internal   595m         30%    602Mi           18%       
ip-192-168-3-91.ec2.internal     1984m        102%   725Mi           21%       
ip-192-168-52-53.ec2.internal    1660m        86%    629Mi           18%       
2022-05-27T00:11:54
NAME                             CPU(cores)   CPU%   MEMORY(bytes)   MEMORY%   
ip-192-168-24-101.ec2.internal   49m          2%     587Mi           17%       
ip-192-168-3-91.ec2.internal     59m          3%     742Mi           22%       
ip-192-168-52-53.ec2.internal    48m          2%     611Mi           18%       
2022-05-27T00:12:55
NAME                             CPU(cores)   CPU%   MEMORY(bytes)   MEMORY%   
ip-192-168-24-101.ec2.internal   47m          2%     588Mi           17%       
ip-192-168-3-91.ec2.internal     59m          3%     707Mi           21%       
ip-192-168-52-53.ec2.internal    47m          2%     610Mi           18%       
2022-05-27T00:13:57
NAME                             CPU(cores)   CPU%   MEMORY(bytes)   MEMORY%   
ip-192-168-24-101.ec2.internal   1034m        53%    620Mi           18%       
ip-192-168-3-91.ec2.internal     1981m        102%   744Mi           22%       
ip-192-168-52-53.ec2.internal    1366m        70%    611Mi           18%       
2022-05-27T00:14:59
NAME                             CPU(cores)   CPU%   MEMORY(bytes)   MEMORY%   
ip-192-168-24-101.ec2.internal   1700m        88%    621Mi           18%       
ip-192-168-3-91.ec2.internal     1985m        102%   742Mi           22%       
ip-192-168-52-53.ec2.internal    744m         38%    612Mi           18%       
2022-05-27T00:16:01
NAME                             CPU(cores)   CPU%   MEMORY(bytes)   MEMORY%   
ip-192-168-24-101.ec2.internal   1678m        86%    637Mi           19%       
ip-192-168-3-91.ec2.internal     1027m        53%    727Mi           21%       
ip-192-168-52-53.ec2.internal    1711m        88%    629Mi           18%       
2022-05-27T00:17:03
NAME                             CPU(cores)   CPU%   MEMORY(bytes)   MEMORY%   
ip-192-168-24-101.ec2.internal   1675m        86%    638Mi           19%       
ip-192-168-3-91.ec2.internal     1989m        103%   744Mi           22%       
ip-192-168-52-53.ec2.internal    1042m        53%    644Mi           19%       
2022-05-27T00:18:05
NAME                             CPU(cores)   CPU%   MEMORY(bytes)   MEMORY%   
ip-192-168-24-101.ec2.internal   2000m        103%   641Mi           19%       
ip-192-168-3-91.ec2.internal     1039m        53%    746Mi           22%       
ip-192-168-52-53.ec2.internal    742m         38%    629Mi           18%       
2022-05-27T00:19:07
NAME                             CPU(cores)   CPU%   MEMORY(bytes)   MEMORY%   
ip-192-168-24-101.ec2.internal   47m          2%     641Mi           19%       
ip-192-168-3-91.ec2.internal     61m          3%     748Mi           22%       
ip-192-168-52-53.ec2.internal    47m          2%     628Mi           18%       
2022-05-27T00:20:09
NAME                             CPU(cores)   CPU%   MEMORY(bytes)   MEMORY%   
ip-192-168-24-101.ec2.internal   1942m        100%   614Mi           18%       
ip-192-168-3-91.ec2.internal     1699m        88%    735Mi           22%       
ip-192-168-52-53.ec2.internal    1363m        70%    613Mi           18%       
2022-05-27T00:21:11
NAME                             CPU(cores)   CPU%   MEMORY(bytes)   MEMORY%   
ip-192-168-24-101.ec2.internal   1931m        100%   650Mi           19%       
ip-192-168-3-91.ec2.internal     1686m        87%    733Mi           22%       
ip-192-168-52-53.ec2.internal    1334m        69%    615Mi           18%       
2022-05-27T00:22:13
NAME                             CPU(cores)   CPU%   MEMORY(bytes)   MEMORY%   
ip-192-168-24-101.ec2.internal   1962m        101%   651Mi           19%       
ip-192-168-3-91.ec2.internal     1706m        88%    734Mi           22%       
ip-192-168-52-53.ec2.internal    1348m        69%    616Mi           18%       
2022-05-27T00:23:15
NAME                             CPU(cores)   CPU%   MEMORY(bytes)   MEMORY%   
ip-192-168-24-101.ec2.internal   1935m        100%   651Mi           19%       
ip-192-168-3-91.ec2.internal     1669m        86%    748Mi           22%       
ip-192-168-52-53.ec2.internal    1327m        68%    619Mi           18%       
2022-05-27T00:24:17
NAME                             CPU(cores)   CPU%   MEMORY(bytes)   MEMORY%   
ip-192-168-24-101.ec2.internal   1952m        101%   651Mi           19%       
ip-192-168-3-91.ec2.internal     1692m        87%    747Mi           22%       
ip-192-168-52-53.ec2.internal    1326m        68%    646Mi           19%       
2022-05-27T00:25:19
NAME                             CPU(cores)   CPU%   MEMORY(bytes)   MEMORY%   
ip-192-168-24-101.ec2.internal   43m          2%     651Mi           19%       
ip-192-168-3-91.ec2.internal     61m          3%     748Mi           22%       
ip-192-168-52-53.ec2.internal    353m         18%    657Mi           19%       
2022-05-27T00:26:21
NAME                             CPU(cores)   CPU%   MEMORY(bytes)   MEMORY%   
ip-192-168-24-101.ec2.internal   1654m        85%    638Mi           19%       
ip-192-168-3-91.ec2.internal     998m         51%    735Mi           22%       
ip-192-168-52-53.ec2.internal    1669m        86%    643Mi           19%       
2022-05-27T00:27:22
NAME                             CPU(cores)   CPU%   MEMORY(bytes)   MEMORY%   
ip-192-168-24-101.ec2.internal   1646m        85%    639Mi           19%       
ip-192-168-3-91.ec2.internal     938m         48%    751Mi           22%       
ip-192-168-52-53.ec2.internal    1629m        84%    644Mi           19%       
2022-05-27T00:28:24
NAME                             CPU(cores)   CPU%   MEMORY(bytes)   MEMORY%   
ip-192-168-24-101.ec2.internal   1700m        88%    637Mi           19%       
ip-192-168-3-91.ec2.internal     1006m        52%    729Mi           21%       
ip-192-168-52-53.ec2.internal    1639m        84%    644Mi           19%       
2022-05-27T00:29:26
NAME                             CPU(cores)   CPU%   MEMORY(bytes)   MEMORY%   
ip-192-168-24-101.ec2.internal   1665m        86%    657Mi           19%       
ip-192-168-3-91.ec2.internal     988m         51%    745Mi           22%       
ip-192-168-52-53.ec2.internal    1678m        86%    645Mi           19%       
2022-05-27T00:30:28
NAME                             CPU(cores)   CPU%   MEMORY(bytes)   MEMORY%   
ip-192-168-24-101.ec2.internal   1626m        84%    655Mi           19%       
ip-192-168-3-91.ec2.internal     968m         50%    729Mi           21%       
ip-192-168-52-53.ec2.internal    1644m        85%    660Mi           19%       
2022-05-27T00:31:30
NAME                             CPU(cores)   CPU%   MEMORY(bytes)   MEMORY%   
ip-192-168-24-101.ec2.internal   209m         10%    654Mi           19%       
ip-192-168-3-91.ec2.internal     57m          2%     728Mi           21%       
ip-192-168-52-53.ec2.internal    47m          2%     660Mi           19%       
2022-05-27T00:32:32
NAME                             CPU(cores)   CPU%   MEMORY(bytes)   MEMORY%   
ip-192-168-24-101.ec2.internal   1170m        60%    621Mi           18%       
ip-192-168-3-91.ec2.internal     1239m        64%    716Mi           21%       
ip-192-168-52-53.ec2.internal    1670m        86%    650Mi           19%       
2022-05-27T00:33:34
NAME                             CPU(cores)   CPU%   MEMORY(bytes)   MEMORY%   
ip-192-168-24-101.ec2.internal   1180m        61%    624Mi           18%       
ip-192-168-3-91.ec2.internal     1237m        64%    717Mi           21%       
ip-192-168-52-53.ec2.internal    1676m        86%    650Mi           19%       
2022-05-27T00:34:36
NAME                             CPU(cores)   CPU%   MEMORY(bytes)   MEMORY%   
ip-192-168-24-101.ec2.internal   1159m        60%    623Mi           18%       
ip-192-168-3-91.ec2.internal     1389m        71%    719Mi           21%       
ip-192-168-52-53.ec2.internal    1663m        86%    647Mi           19%       
2022-05-27T00:35:38
NAME                             CPU(cores)   CPU%   MEMORY(bytes)   MEMORY%   
ip-192-168-24-101.ec2.internal   1148m        59%    654Mi           19%       
ip-192-168-3-91.ec2.internal     1197m        62%    748Mi           22%       
ip-192-168-52-53.ec2.internal    1667m        86%    646Mi           19%       
2022-05-27T00:36:40
NAME                             CPU(cores)   CPU%   MEMORY(bytes)   MEMORY%   
ip-192-168-24-101.ec2.internal   872m         45%    656Mi           19%       
ip-192-168-3-91.ec2.internal     919m         47%    750Mi           22%       
ip-192-168-52-53.ec2.internal    1275m        66%    663Mi           19%       
2022-05-27T00:37:42
NAME                             CPU(cores)   CPU%   MEMORY(bytes)   MEMORY%   
ip-192-168-24-101.ec2.internal   45m          2%     539Mi           16%       
ip-192-168-3-91.ec2.internal     56m          2%     569Mi           17%       
ip-192-168-52-53.ec2.internal    111m         5%     1028Mi          30%       
2022-05-27T00:38:43
NAME                             CPU(cores)   CPU%   MEMORY(bytes)   MEMORY%     
ip-192-168-52-53.ec2.internal    106m         5%     1128Mi          33%         
ip-192-168-3-91.ec2.internal     <unknown>                           <unknown>               <unknown>               <unknown>               
ip-192-168-24-101.ec2.internal   <unknown>                           <unknown>               <unknown>               <unknown>               
2022-05-27T00:39:45
NAME                            CPU(cores)   CPU%   MEMORY(bytes)   MEMORY%   
ip-192-168-52-53.ec2.internal   66m          3%     1129Mi          33%       
2022-05-27T00:40:47
NAME                            CPU(cores)   CPU%   MEMORY(bytes)   MEMORY%   
ip-192-168-52-53.ec2.internal   1061m        54%    1053Mi          31%       
2022-05-27T00:41:49
NAME                            CPU(cores)   CPU%   MEMORY(bytes)   MEMORY%   
ip-192-168-52-53.ec2.internal   1899m        98%    766Mi           23%       
2022-05-27T00:42:50
NAME                            CPU(cores)   CPU%   MEMORY(bytes)   MEMORY%     
ip-192-168-52-53.ec2.internal   1658m        85%    788Mi           23%         
ip-192-168-3-155.ec2.internal   <unknown>                           <unknown>               <unknown>               <unknown>               
2022-05-27T00:43:52
NAME                            CPU(cores)   CPU%   MEMORY(bytes)   MEMORY%   
ip-192-168-3-155.ec2.internal   37m          1%     415Mi           12%       
ip-192-168-52-53.ec2.internal   1646m        85%    792Mi           23%       
2022-05-27T00:44:54
NAME                            CPU(cores)   CPU%   MEMORY(bytes)   MEMORY%   
ip-192-168-3-155.ec2.internal   55m          2%     451Mi           13%       
ip-192-168-52-53.ec2.internal   1681m        87%    791Mi           23%       
2022-05-27T00:45:56
NAME                            CPU(cores)   CPU%   MEMORY(bytes)   MEMORY%   
ip-192-168-3-155.ec2.internal   1720m        89%    601Mi           18%       
ip-192-168-52-53.ec2.internal   1714m        88%    792Mi           23%       
2022-05-27T00:46:57
NAME                            CPU(cores)   CPU%   MEMORY(bytes)   MEMORY%   
ip-192-168-3-155.ec2.internal   1978m        102%   615Mi           18%       
ip-192-168-52-53.ec2.internal   1999m        103%   793Mi           23%       
2022-05-27T00:47:59
NAME                             CPU(cores)   CPU%   MEMORY(bytes)   MEMORY%   
ip-192-168-3-155.ec2.internal    1768m        91%    617Mi           18%       
ip-192-168-33-123.ec2.internal   505m         26%    523Mi           15%       
ip-192-168-52-53.ec2.internal    1330m        68%    757Mi           22%       
2022-05-27T00:49:01
NAME                             CPU(cores)   CPU%   MEMORY(bytes)   MEMORY%   
ip-192-168-3-155.ec2.internal    1222m        63%    644Mi           19%       
ip-192-168-33-123.ec2.internal   558m         28%    553Mi           16%       
ip-192-168-52-53.ec2.internal    1322m        68%    770Mi           23%       
2022-05-27T00:50:03
NAME                             CPU(cores)   CPU%   MEMORY(bytes)   MEMORY%   
ip-192-168-3-155.ec2.internal    1093m        56%    645Mi           19%       
ip-192-168-33-123.ec2.internal   976m         50%    575Mi           17%       
ip-192-168-52-53.ec2.internal    1261m        65%    772Mi           23%       
2022-05-27T00:51:05
NAME                             CPU(cores)   CPU%   MEMORY(bytes)   MEMORY%   
ip-192-168-3-155.ec2.internal    818m         42%    585Mi           17%       
ip-192-168-33-123.ec2.internal   1066m        55%    579Mi           17%       
ip-192-168-52-53.ec2.internal    1345m        69%    788Mi           23%       
2022-05-27T00:52:07
NAME                             CPU(cores)   CPU%   MEMORY(bytes)   MEMORY%   
ip-192-168-3-155.ec2.internal    1352m        70%    606Mi           18%       
ip-192-168-33-123.ec2.internal   1431m        74%    596Mi           17%       
ip-192-168-52-53.ec2.internal    1898m        98%    786Mi           23%       
2022-05-27T00:53:09
NAME                             CPU(cores)   CPU%   MEMORY(bytes)   MEMORY%   
ip-192-168-3-155.ec2.internal    1661m        86%    605Mi           18%       
ip-192-168-33-123.ec2.internal   1045m        54%    585Mi           17%       
ip-192-168-52-53.ec2.internal    1044m        54%    786Mi           23%       
2022-05-27T00:54:11
NAME                             CPU(cores)   CPU%   MEMORY(bytes)   MEMORY%   
ip-192-168-3-155.ec2.internal    1290m        66%    625Mi           18%       
ip-192-168-33-123.ec2.internal   562m         29%    585Mi           17%       
ip-192-168-52-53.ec2.internal    1419m        73%    789Mi           23%       
2022-05-27T00:55:13
NAME                             CPU(cores)   CPU%   MEMORY(bytes)   MEMORY%   
ip-192-168-3-155.ec2.internal    1092m        56%    640Mi           19%       
ip-192-168-33-123.ec2.internal   425m         22%    560Mi           16%       
ip-192-168-52-53.ec2.internal    793m         41%    788Mi           23%       
2022-05-27T00:56:15
NAME                             CPU(cores)   CPU%   MEMORY(bytes)   MEMORY%     
ip-192-168-33-123.ec2.internal   60m          3%     503Mi           15%         
ip-192-168-52-53.ec2.internal    65m          3%     712Mi           21%         
ip-192-168-3-155.ec2.internal    <unknown>                           <unknown>               <unknown>               <unknown>               
2022-05-27T00:57:16
2022-05-27T00:58:18
NAME                             CPU(cores)   CPU%   MEMORY(bytes)   MEMORY%     
ip-192-168-33-123.ec2.internal   123m         6%     1099Mi          33%         
ip-192-168-52-53.ec2.internal    <unknown>                           <unknown>               <unknown>               <unknown>               
2022-05-27T00:59:20
NAME                             CPU(cores)   CPU%   MEMORY(bytes)   MEMORY%   
ip-192-168-33-123.ec2.internal   218m         11%    1113Mi          33%       
2022-05-27T01:00:22
NAME                             CPU(cores)   CPU%   MEMORY(bytes)   MEMORY%   
ip-192-168-33-123.ec2.internal   871m         45%    1051Mi          31%       
2022-05-27T01:01:23
NAME                             CPU(cores)   CPU%   MEMORY(bytes)   MEMORY%   
ip-192-168-33-123.ec2.internal   1634m        84%    1103Mi          33%       
2022-05-27T01:02:25
NAME                             CPU(cores)   CPU%   MEMORY(bytes)   MEMORY%   
ip-192-168-31-15.ec2.internal    398m         20%    404Mi           12%       
ip-192-168-33-123.ec2.internal   2000m        103%   783Mi           23%       
2022-05-27T01:03:27
NAME                             CPU(cores)   CPU%   MEMORY(bytes)   MEMORY%   
ip-192-168-31-15.ec2.internal    43m          2%     412Mi           12%       
ip-192-168-33-123.ec2.internal   1651m        85%    778Mi           23%       
2022-05-27T01:04:29
NAME                             CPU(cores)   CPU%   MEMORY(bytes)   MEMORY%   
ip-192-168-31-15.ec2.internal    178m         9%     565Mi           16%       
ip-192-168-33-123.ec2.internal   1667m        86%    780Mi           23%       
2022-05-27T01:05:31
NAME                             CPU(cores)   CPU%   MEMORY(bytes)   MEMORY%   
ip-192-168-31-15.ec2.internal    1823m        94%    629Mi           18%       
ip-192-168-33-123.ec2.internal   1579m        81%    779Mi           23%       
2022-05-27T01:06:33
NAME                             CPU(cores)   CPU%   MEMORY(bytes)   MEMORY%   
ip-192-168-31-15.ec2.internal    954m         49%    632Mi           18%       
ip-192-168-33-123.ec2.internal   1998m        103%   776Mi           23%       
ip-192-168-40-178.ec2.internal   785m         40%    436Mi           13%       
2022-05-27T01:07:34
NAME                             CPU(cores)   CPU%   MEMORY(bytes)   MEMORY%   
ip-192-168-31-15.ec2.internal    1629m        84%    637Mi           19%       
ip-192-168-33-123.ec2.internal   1990m        103%   775Mi           23%       
ip-192-168-40-178.ec2.internal   49m          2%     522Mi           15%       
2022-05-27T01:08:36
NAME                             CPU(cores)   CPU%   MEMORY(bytes)   MEMORY%   
ip-192-168-31-15.ec2.internal    983m         50%    606Mi           18%       
ip-192-168-33-123.ec2.internal   1632m        84%    749Mi           22%       
ip-192-168-40-178.ec2.internal   1980m        102%   609Mi           18%       
2022-05-27T01:09:39
NAME                             CPU(cores)   CPU%   MEMORY(bytes)   MEMORY%   
ip-192-168-31-15.ec2.internal    1248m        64%    622Mi           18%       
ip-192-168-33-123.ec2.internal   1045m        54%    779Mi           23%       
ip-192-168-40-178.ec2.internal   1979m        102%   612Mi           18%       
2022-05-27T01:10:41
NAME                             CPU(cores)   CPU%   MEMORY(bytes)   MEMORY%   
ip-192-168-31-15.ec2.internal    1592m        82%    602Mi           18%       
ip-192-168-33-123.ec2.internal   1050m        54%    780Mi           23%       
ip-192-168-40-178.ec2.internal   1655m        85%    598Mi           17%       
2022-05-27T01:11:43
NAME                             CPU(cores)   CPU%   MEMORY(bytes)   MEMORY%   
ip-192-168-31-15.ec2.internal    980m         50%    620Mi           18%       
ip-192-168-33-123.ec2.internal   1669m        86%    784Mi           23%       
ip-192-168-40-178.ec2.internal   1989m        103%   601Mi           18%       
2022-05-27T01:12:45
NAME                             CPU(cores)   CPU%   MEMORY(bytes)   MEMORY%   
ip-192-168-31-15.ec2.internal    1043m        54%    625Mi           18%       
ip-192-168-33-123.ec2.internal   1648m        85%    785Mi           23%       
ip-192-168-40-178.ec2.internal   1644m        85%    620Mi           18%       
2022-05-27T01:13:47
NAME                             CPU(cores)   CPU%   MEMORY(bytes)   MEMORY%   
ip-192-168-31-15.ec2.internal    1929m        99%    644Mi           19%       
ip-192-168-33-123.ec2.internal   1599m        82%    783Mi           23%       
ip-192-168-40-178.ec2.internal   1588m        82%    599Mi           18%       
2022-05-27T01:14:49
NAME                             CPU(cores)   CPU%   MEMORY(bytes)   MEMORY%   
ip-192-168-31-15.ec2.internal    66m          3%     524Mi           15%       
ip-192-168-33-123.ec2.internal   66m          3%     707Mi           21%       
ip-192-168-40-178.ec2.internal   61m          3%     503Mi           15%       
2022-05-27T01:15:50
NAME                             CPU(cores)   CPU%   MEMORY(bytes)   MEMORY%     
ip-192-168-33-123.ec2.internal   60m          3%     570Mi           17%         
ip-192-168-40-178.ec2.internal   90m          4%     732Mi           21%         
ip-192-168-31-15.ec2.internal    <unknown>                           <unknown>               <unknown>               <unknown>               
2022-05-27T01:16:52
NAME                             CPU(cores)   CPU%   MEMORY(bytes)   MEMORY%     
ip-192-168-40-178.ec2.internal   54m          2%     1101Mi          33%         
ip-192-168-33-123.ec2.internal   <unknown>                           <unknown>               <unknown>               <unknown>               
2022-05-27T01:17:54
NAME                             CPU(cores)   CPU%   MEMORY(bytes)   MEMORY%   
ip-192-168-40-178.ec2.internal   73m          3%     980Mi           29%       
2022-05-27T01:18:56
NAME                             CPU(cores)   CPU%   MEMORY(bytes)   MEMORY%   
ip-192-168-40-178.ec2.internal   1137m        58%    1058Mi          31%       
2022-05-27T01:19:58
NAME                             CPU(cores)   CPU%   MEMORY(bytes)   MEMORY%   
ip-192-168-40-178.ec2.internal   1999m        103%   759Mi           22%       
2022-05-27T01:21:00
NAME                             CPU(cores)   CPU%   MEMORY(bytes)   MEMORY%     
ip-192-168-40-178.ec2.internal   1999m        103%   782Mi           23%         
ip-192-168-15-94.ec2.internal    <unknown>                           <unknown>               <unknown>               <unknown>               
2022-05-27T01:22:01
NAME                             CPU(cores)   CPU%   MEMORY(bytes)   MEMORY%   
ip-192-168-15-94.ec2.internal    42m          2%     522Mi           15%       
ip-192-168-40-178.ec2.internal   1999m        103%   785Mi           23%       
2022-05-27T01:23:03
NAME                             CPU(cores)   CPU%   MEMORY(bytes)   MEMORY%   
ip-192-168-15-94.ec2.internal    1995m        103%   593Mi           17%       
ip-192-168-40-178.ec2.internal   1058m        54%    783Mi           23%       
2022-05-27T01:24:05
NAME                             CPU(cores)   CPU%   MEMORY(bytes)   MEMORY%   
ip-192-168-15-94.ec2.internal    1976m        102%   614Mi           18%       
ip-192-168-40-178.ec2.internal   1064m        55%    784Mi           23%       
ip-192-168-61-133.ec2.internal   857m         44%    420Mi           12%       
2022-05-27T01:25:07
NAME                             CPU(cores)   CPU%   MEMORY(bytes)   MEMORY%   
ip-192-168-15-94.ec2.internal    1716m        88%    599Mi           17%       
ip-192-168-40-178.ec2.internal   1986m        102%   765Mi           22%       
ip-192-168-61-133.ec2.internal   714m         36%    545Mi           16%       
2022-05-27T01:26:09
NAME                             CPU(cores)   CPU%   MEMORY(bytes)   MEMORY%   
ip-192-168-15-94.ec2.internal    1690m        87%    598Mi           17%       
ip-192-168-40-178.ec2.internal   1644m        85%    783Mi           23%       
ip-192-168-61-133.ec2.internal   1307m        67%    574Mi           17%       
2022-05-27T01:27:11
NAME                             CPU(cores)   CPU%   MEMORY(bytes)   MEMORY%   
ip-192-168-15-94.ec2.internal    1706m        88%    619Mi           18%       
ip-192-168-40-178.ec2.internal   597m         30%    784Mi           23%       
ip-192-168-61-133.ec2.internal   1989m        103%   596Mi           17%       
2022-05-27T01:28:13
NAME                             CPU(cores)   CPU%   MEMORY(bytes)   MEMORY%   
ip-192-168-15-94.ec2.internal    1992m        103%   601Mi           18%       
ip-192-168-40-178.ec2.internal   1018m        52%    785Mi           23%       
ip-192-168-61-133.ec2.internal   1627m        84%    612Mi           18%       
2022-05-27T01:29:15
NAME                             CPU(cores)   CPU%   MEMORY(bytes)   MEMORY%   
ip-192-168-15-94.ec2.internal    1263m        65%    617Mi           18%       
ip-192-168-40-178.ec2.internal   1012m        52%    784Mi           23%       
ip-192-168-61-133.ec2.internal   844m         43%    614Mi           18%       
2022-05-27T01:30:17
NAME                             CPU(cores)   CPU%   MEMORY(bytes)   MEMORY%   
ip-192-168-15-94.ec2.internal    1460m        75%    617Mi           18%       
ip-192-168-40-178.ec2.internal   578m         29%    785Mi           23%       
ip-192-168-61-133.ec2.internal   1647m        85%    625Mi           18%       
2022-05-27T01:31:18
NAME                             CPU(cores)   CPU%   MEMORY(bytes)   MEMORY%   
ip-192-168-15-94.ec2.internal    1623m        84%    620Mi           18%       
ip-192-168-40-178.ec2.internal   1958m        101%   771Mi           23%       
ip-192-168-61-133.ec2.internal   1288m        66%    593Mi           17%       
2022-05-27T01:32:20
NAME                             CPU(cores)   CPU%   MEMORY(bytes)   MEMORY%   
ip-192-168-15-94.ec2.internal    1986m        102%   623Mi           18%       
ip-192-168-40-178.ec2.internal   1014m        52%    787Mi           23%       
ip-192-168-61-133.ec2.internal   1180m        61%    582Mi           17%       
2022-05-27T01:33:22
NAME                             CPU(cores)   CPU%   MEMORY(bytes)   MEMORY%   
ip-192-168-15-94.ec2.internal    45m          2%     626Mi           18%       
ip-192-168-40-178.ec2.internal   87m          4%     786Mi           23%       
ip-192-168-61-133.ec2.internal   193m         10%    575Mi           17%       
2022-05-27T01:34:24
NAME                             CPU(cores)   CPU%   MEMORY(bytes)   MEMORY%   
ip-192-168-15-94.ec2.internal    43m          2%     626Mi           18%       
ip-192-168-40-178.ec2.internal   60m          3%     746Mi           22%       
ip-192-168-61-133.ec2.internal   46m          2%     558Mi           16%       
2022-05-27T01:35:25
NAME                             CPU(cores)   CPU%   MEMORY(bytes)   MEMORY%   
ip-192-168-15-94.ec2.internal    50m          2%     644Mi           19%       
ip-192-168-40-178.ec2.internal   58m          3%     747Mi           22%       
ip-192-168-61-133.ec2.internal   44m          2%     557Mi           16%       
2022-05-27T01:36:27
NAME                             CPU(cores)   CPU%   MEMORY(bytes)   MEMORY%   
ip-192-168-15-94.ec2.internal    46m          2%     644Mi           19%       
ip-192-168-40-178.ec2.internal   62m          3%     745Mi           22%       
ip-192-168-61-133.ec2.internal   46m          2%     557Mi           16%       
