+ git log -3
commit 7945b8227d8ba038fc3077642d3fb2aee6517aa0
Author: Your Name <you@example.com>
Date:   Wed Jun 1 18:50:58 2022 +1200

    consistent naming

commit 803b63352b968694a3ce9314c8a255f7e35dadd6
Author: Your Name <you@example.com>
Date:   Wed Jun 1 01:34:58 2022 +1200

    add CPU decimals

commit 82c9094cf7ee967b6b89cc1bbab7b484cca1a4e9
Author: Your Name <you@example.com>
Date:   Tue May 31 09:41:10 2022 +1200

    more tests, backup old csv
++ cut -d _ -f 2
+ app=raupi
+ export AWS_DEFAULT_REGION=us-east-1
+ AWS_DEFAULT_REGION=us-east-1
+ line===============================
++ date +%FT%T
+ echo '[2022-06-04T07:17:37]==============================[starting' in '/tmp/k8s-vs-ASG/data/cli]=============================='
[2022-06-04T07:17:37]==============================[starting in /tmp/k8s-vs-ASG/data/cli]==============================
+ source 0.setup.sh
++ set -x
++ '[' asg_raupi_3_70 == k8s_apache_3 ']'
++ '[' asg_raupi_3_70 == asg_apache_3 ']'
++ '[' asg_raupi_3_70 == k8s_apache2_3 ']'
++ '[' asg_raupi_3_70 == k8s_apache2_3new ']'
++ '[' asg_raupi_3_70 == k8s_taewa_3 ']'
++ '[' asg_raupi_3_70 == k8s_taewa2_3 ']'
++ '[' asg_raupi_3_70 == asg_taewa_3 ']'
++ '[' asg_raupi_3_70 == k8s_taewa_3lite ']'
++ '[' asg_raupi_3_70 == asg_taewa_3lite ']'
++ '[' asg_raupi_3_70 == k8s_taewa_3extra ']'
++ '[' asg_raupi_3_70 == asg_taewa_3extra ']'
++ '[' asg_raupi_3_70 == k8s_taewa_6 ']'
++ '[' asg_raupi_3_70 == asg_taewa_6 ']'
++ '[' asg_raupi_3_70 == k8s_riwai_3 ']'
++ '[' asg_raupi_3_70 == asg_riwai_3 ']'
++ '[' asg_raupi_3_70 == asg_raupi_3 ']'
++ '[' asg_raupi_3_70 == asg_raupi_3_70 ']'
++ warmup_url='3000/?n=200'
++ testing_url='3000/?n=200'
++ cpu_perc=70
++ warmup_min_threads=15
++ warmup_max_threads=25
++ warmup_cycle_sec=90
++ scaling_minutes=14
++ performance_sec=300
++ max_capacity=3
++ fortio_options='-a -qps -1 -r 0.01 -loglevel Error -allow-initial-errors'
++ '[' asg_raupi_3_70 == k8s_raupi_3 ']'
++ '[' asg_raupi_3_70 == k8s_raupi2_3 ']'
++ set +x
{
    "Account": "605060434181", 
    "UserId": "AIDAYZYDJRECU6MHM7GQU", 
    "Arn": "arn:aws:iam::605060434181:user/ad1"
}
[2022-06-04T07:17:42] waiting for instances ...
scaling to 3
{
    "HealthCheck": {
        "HealthyThreshold": 2, 
        "Interval": 10, 
        "Target": "HTTP:3000/?n=200", 
        "Timeout": 5, 
        "UnhealthyThreshold": 6
    }
}
  % Total    % Received % Xferd  Average Speed   Time    Time     Time  Current
                                 Dload  Upload   Total   Spent    Left  Speed
  0     0    0     0    0     0      0      0 --:--:-- --:--:-- --:--:--     0100    44  100    44    0     0   6165      0 --:--:-- --:--:-- --:--:--  6285
The result of flsk run is : 54.9669174849382
[2022-06-04T07:22:46]==============================[STATS]
jh CPU load avg:
0.04 0.23 0.16 1/158 2876
i-093974400d458eba4
InService
Healthy
{}
i-0a31e57b87a947a6e
InService
Healthy
{}
i-0e586a4dac82f769c
InService
Healthy
{}
[2022-06-04T07:22:47]==============================[WARMUP RUN c15]==============================
07:22:47 I logger.go:127> Log level is now 4 Error (was 2 Info)
Fortio 1.19.0 running at -1 queries per second, 2->2 procs, for 1m30s: http://asg-1-lb-873205894.us-east-1.elb.amazonaws.com:3000/?n=200
07:22:53 E http_client.go:787> Read error &{{0xc00006b000}} 52.202.234.33:3000 134 : read tcp 172.31.37.177:50704->52.202.234.33:3000: i/o timeout
07:22:53 E http_client.go:787> Read error &{{0xc0000fe300}} 52.202.234.33:3000 134 : read tcp 172.31.37.177:50714->52.202.234.33:3000: i/o timeout
Aggregated Function Time : count 179393 avg 0.0075260539 +/- 0.0298 min 0.001666612 max 3.431171426 sum 1350.12138
# target 50% 0.00668593
# target 75% 0.00919562
# target 90% 0.0145374
# target 99% 0.0260324
# target 99.9% 0.0706937
Sockets used: 30 (for perfect keepalive, would be 15)
Jitter: false
Code  -1 : 2 (0.0 %)
Code 200 : 179391 (100.0 %)
All done 179393 calls (plus 15 warmup) 7.526 ms avg, 1990.0 qps
Successfully wrote 3755 bytes of Json data to 2022-06-04-072247_asg_raupi_3_70_warmup_15.json
fortio exit code: 0
[2022-06-04T07:24:17]==============================[STATS]
jh CPU load avg:
0.09 0.21 0.16 1/158 2894
i-093974400d458eba4
InService
Healthy
{}
i-0a31e57b87a947a6e
InService
Healthy
{}
i-0e586a4dac82f769c
InService
Healthy
{}
[2022-06-04T07:25:17]==============================[STATS]
jh CPU load avg:
0.03 0.17 0.14 1/157 2903
i-093974400d458eba4
InService
Healthy
{}
i-0a31e57b87a947a6e
InService
Healthy
{}
i-0e586a4dac82f769c
InService
Healthy
{}
[2022-06-04T07:25:18]==============================[WARMUP RUN c16]==============================
07:25:18 I logger.go:127> Log level is now 4 Error (was 2 Info)
Fortio 1.19.0 running at -1 queries per second, 2->2 procs, for 1m30s: http://asg-1-lb-873205894.us-east-1.elb.amazonaws.com:3000/?n=200
Aggregated Function Time : count 164829 avg 0.0087385671 +/- 0.01273 min 0.001511225 max 0.219018824 sum 1440.36927
# target 50% 0.00675958
# target 75% 0.00938379
# target 90% 0.0183166
# target 99% 0.06717
# target 99.9% 0.127049
Sockets used: 16 (for perfect keepalive, would be 16)
Jitter: false
Code 200 : 164829 (100.0 %)
All done 164829 calls (plus 16 warmup) 8.739 ms avg, 1829.4 qps
Successfully wrote 3759 bytes of Json data to 2022-06-04-072518_asg_raupi_3_70_warmup_16.json
fortio exit code: 0
[2022-06-04T07:26:48]==============================[STATS]
jh CPU load avg:
0.15 0.18 0.15 1/158 2922
i-093974400d458eba4
InService
Healthy
{}
i-0a31e57b87a947a6e
InService
Healthy
{}
i-0e586a4dac82f769c
InService
Healthy
{}
[2022-06-04T07:27:49]==============================[STATS]
jh CPU load avg:
0.05 0.14 0.14 1/158 2931
i-093974400d458eba4
InService
Healthy
{}
i-0a31e57b87a947a6e
InService
Healthy
{}
i-0e586a4dac82f769c
InService
Healthy
{}
[2022-06-04T07:27:49]==============================[WARMUP RUN c17]==============================
07:27:49 I logger.go:127> Log level is now 4 Error (was 2 Info)
Fortio 1.19.0 running at -1 queries per second, 2->2 procs, for 1m30s: http://asg-1-lb-873205894.us-east-1.elb.amazonaws.com:3000/?n=200
Aggregated Function Time : count 217848 avg 0.0070248435 +/- 0.00851 min 0.001570154 max 0.199646966 sum 1530.3481
# target 50% 0.0064632
# target 75% 0.00890974
# target 90% 0.0138014
# target 99% 0.0467545
# target 99.9% 0.099851
Sockets used: 17 (for perfect keepalive, would be 17)
Jitter: false
Code 200 : 217848 (100.0 %)
All done 217848 calls (plus 17 warmup) 7.025 ms avg, 2417.9 qps
Successfully wrote 3640 bytes of Json data to 2022-06-04-072749_asg_raupi_3_70_warmup_17.json
fortio exit code: 0
[2022-06-04T07:29:19]==============================[STATS]
jh CPU load avg:
0.10 0.13 0.13 1/158 2949
i-093974400d458eba4
InService
Healthy
{}
i-0a31e57b87a947a6e
InService
Healthy
{}
i-0e586a4dac82f769c
InService
Healthy
{}
[2022-06-04T07:30:20]==============================[STATS]
jh CPU load avg:
0.06 0.12 0.12 1/159 2964
i-093974400d458eba4
InService
Healthy
{}
i-0a31e57b87a947a6e
InService
Healthy
{}
i-0e586a4dac82f769c
InService
Healthy
{}
[2022-06-04T07:30:21]==============================[WARMUP RUN c18]==============================
07:30:21 I logger.go:127> Log level is now 4 Error (was 2 Info)
Fortio 1.19.0 running at -1 queries per second, 2->2 procs, for 1m30s: http://asg-1-lb-873205894.us-east-1.elb.amazonaws.com:3000/?n=200
Aggregated Function Time : count 224591 avg 0.0072133144 +/- 0.009617 min 0.001591453 max 0.294285262 sum 1620.0455
# target 50% 0.0064492
# target 75% 0.00887809
# target 90% 0.0138644
# target 99% 0.0504292
# target 99.9% 0.111289
Sockets used: 18 (for perfect keepalive, would be 18)
Jitter: false
Code 200 : 224591 (100.0 %)
All done 224591 calls (plus 18 warmup) 7.213 ms avg, 2494.6 qps
Successfully wrote 3876 bytes of Json data to 2022-06-04-073021_asg_raupi_3_70_warmup_18.json
fortio exit code: 0
[2022-06-04T07:31:51]==============================[STATS]
jh CPU load avg:
0.01 0.08 0.11 1/159 2984
i-093974400d458eba4
InService
Healthy
{}
i-0a31e57b87a947a6e
InService
Healthy
{}
i-0e586a4dac82f769c
InService
Healthy
{}
[2022-06-04T07:32:51]==============================[STATS]
jh CPU load avg:
0.00 0.07 0.10 1/159 2993
i-093974400d458eba4
InService
Healthy
{}
i-0a31e57b87a947a6e
InService
Healthy
{}
i-0e586a4dac82f769c
InService
Healthy
{}
[2022-06-04T07:32:52]==============================[WARMUP RUN c19]==============================
07:32:52 I logger.go:127> Log level is now 4 Error (was 2 Info)
Fortio 1.19.0 running at -1 queries per second, 2->2 procs, for 1m30s: http://asg-1-lb-873205894.us-east-1.elb.amazonaws.com:3000/?n=200
Aggregated Function Time : count 217306 avg 0.0078692206 +/- 0.0112 min 0.001569761 max 0.516355953 sum 1710.02884
# target 50% 0.00662145
# target 75% 0.00914732
# target 90% 0.0158208
# target 99% 0.0546636
# target 99.9% 0.127313
Sockets used: 19 (for perfect keepalive, would be 19)
Jitter: false
Code 200 : 217306 (100.0 %)
All done 217306 calls (plus 19 warmup) 7.869 ms avg, 2414.1 qps
Successfully wrote 4239 bytes of Json data to 2022-06-04-073252_asg_raupi_3_70_warmup_19.json
fortio exit code: 0
[2022-06-04T07:34:22]==============================[STATS]
jh CPU load avg:
0.19 0.12 0.11 1/159 3011
i-093974400d458eba4
InService
Healthy
{}
i-0a31e57b87a947a6e
InService
Healthy
{}
i-0e586a4dac82f769c
InService
Healthy
{}
[2022-06-04T07:35:23]==============================[STATS]
jh CPU load avg:
0.07 0.09 0.10 1/157 3020
i-093974400d458eba4
InService
Healthy
{}
i-0a31e57b87a947a6e
InService
Healthy
{}
i-0e586a4dac82f769c
InService
Healthy
{}
[2022-06-04T07:35:23]==============================[WARMUP RUN c20]==============================
07:35:23 I logger.go:127> Log level is now 4 Error (was 2 Info)
Fortio 1.19.0 running at -1 queries per second, 2->2 procs, for 1m30s: http://asg-1-lb-873205894.us-east-1.elb.amazonaws.com:3000/?n=200
Aggregated Function Time : count 280941 avg 0.006406964 +/- 0.007781 min 0.001583365 max 0.332570563 sum 1799.97888
# target 50% 0.00631203
# target 75% 0.00867638
# target 90% 0.0111586
# target 99% 0.0344562
# target 99.9% 0.103235
Sockets used: 20 (for perfect keepalive, would be 20)
Jitter: false
Code 200 : 280941 (100.0 %)
All done 280941 calls (plus 20 warmup) 6.407 ms avg, 3121.3 qps
Successfully wrote 3986 bytes of Json data to 2022-06-04-073523_asg_raupi_3_70_warmup_20.json
fortio exit code: 0
[2022-06-04T07:36:53]==============================[STATS]
jh CPU load avg:
0.24 0.16 0.12 1/158 3039
i-093974400d458eba4
InService
Healthy
{}
i-0a31e57b87a947a6e
InService
Healthy
{}
i-0e586a4dac82f769c
InService
Healthy
{}
[2022-06-04T07:37:54]==============================[STATS]
jh CPU load avg:
0.08 0.13 0.11 1/158 3048
i-093974400d458eba4
InService
Healthy
{}
i-0a31e57b87a947a6e
InService
Healthy
{}
i-0e586a4dac82f769c
InService
Healthy
{}
[2022-06-04T07:37:55]==============================[WARMUP RUN c21]==============================
07:37:55 I logger.go:127> Log level is now 4 Error (was 2 Info)
Fortio 1.19.0 running at -1 queries per second, 2->2 procs, for 1m30s: http://asg-1-lb-873205894.us-east-1.elb.amazonaws.com:3000/?n=200
Aggregated Function Time : count 273837 avg 0.006902272 +/- 0.008571 min 0.001583783 max 0.440275861 sum 1890.09745
# target 50% 0.00640012
# target 75% 0.0088083
# target 90% 0.0128117
# target 99% 0.039046
# target 99.9% 0.101902
Sockets used: 21 (for perfect keepalive, would be 21)
Jitter: false
Code 200 : 273837 (100.0 %)
All done 273837 calls (plus 21 warmup) 6.902 ms avg, 3041.7 qps
Successfully wrote 4254 bytes of Json data to 2022-06-04-073755_asg_raupi_3_70_warmup_21.json
fortio exit code: 0
[2022-06-04T07:39:25]==============================[STATS]
jh CPU load avg:
0.30 0.18 0.12 1/158 3066
i-093974400d458eba4
InService
Healthy
{}
i-0a31e57b87a947a6e
InService
Healthy
{}
i-0e586a4dac82f769c
InService
Healthy
{}
[2022-06-04T07:40:25]==============================[STATS]
jh CPU load avg:
0.14 0.16 0.12 1/159 3081
i-093974400d458eba4
InService
Healthy
{}
i-0a31e57b87a947a6e
InService
Healthy
{}
i-0e586a4dac82f769c
InService
Healthy
{}
[2022-06-04T07:40:26]==============================[WARMUP RUN c22]==============================
07:40:26 I logger.go:127> Log level is now 4 Error (was 2 Info)
Fortio 1.19.0 running at -1 queries per second, 2->2 procs, for 1m30s: http://asg-1-lb-873205894.us-east-1.elb.amazonaws.com:3000/?n=200
Aggregated Function Time : count 276683 avg 0.0071561826 +/- 0.009547 min 0.001577237 max 0.469261569 sum 1979.99408
# target 50% 0.00657708
# target 75% 0.00907702
# target 90% 0.0146352
# target 99% 0.0426629
# target 99.9% 0.121694
Sockets used: 22 (for perfect keepalive, would be 22)
Jitter: false
Code 200 : 276683 (100.0 %)
All done 276683 calls (plus 22 warmup) 7.156 ms avg, 3074.0 qps
Successfully wrote 4243 bytes of Json data to 2022-06-04-074026_asg_raupi_3_70_warmup_22.json
fortio exit code: 0
[2022-06-04T07:41:56]==============================[STATS]
jh CPU load avg:
0.31 0.18 0.12 1/159 3100
i-093974400d458eba4
InService
Healthy
{}
i-0a31e57b87a947a6e
InService
Healthy
{}
i-0e586a4dac82f769c
InService
Healthy
{}
[2022-06-04T07:42:57]==============================[STATS]
jh CPU load avg:
0.11 0.14 0.11 1/159 3159
i-093974400d458eba4
InService
Healthy
{}
i-0a31e57b87a947a6e
InService
Healthy
{}
i-0e586a4dac82f769c
InService
Healthy
{}
[2022-06-04T07:42:57]==============================[WARMUP RUN c23]==============================
07:42:57 I logger.go:127> Log level is now 4 Error (was 2 Info)
Fortio 1.19.0 running at -1 queries per second, 2->2 procs, for 1m30s: http://asg-1-lb-873205894.us-east-1.elb.amazonaws.com:3000/?n=200
Aggregated Function Time : count 279230 avg 0.0074131943 +/- 0.01268 min 0.001670479 max 0.739328063 sum 2069.98623
# target 50% 0.00654322
# target 75% 0.0089796
# target 90% 0.0140458
# target 99% 0.0419501
# target 99.9% 0.192504
Sockets used: 23 (for perfect keepalive, would be 23)
Jitter: false
Code 200 : 279230 (100.0 %)
All done 279230 calls (plus 23 warmup) 7.413 ms avg, 3102.1 qps
Successfully wrote 4501 bytes of Json data to 2022-06-04-074257_asg_raupi_3_70_warmup_23.json
fortio exit code: 0
[2022-06-04T07:44:27]==============================[STATS]
jh CPU load avg:
0.02 0.10 0.09 1/159 3177
i-093974400d458eba4
InService
Healthy
{}
i-0a31e57b87a947a6e
InService
Healthy
{}
i-0e586a4dac82f769c
InService
Healthy
{}
[2022-06-04T07:45:28]==============================[STATS]
jh CPU load avg:
0.01 0.08 0.09 1/158 3186
i-093974400d458eba4
InService
Healthy
{}
i-0a31e57b87a947a6e
InService
Healthy
{}
i-0e586a4dac82f769c
InService
Healthy
{}
[2022-06-04T07:45:29]==============================[WARMUP RUN c24]==============================
07:45:29 I logger.go:127> Log level is now 4 Error (was 2 Info)
Fortio 1.19.0 running at -1 queries per second, 2->2 procs, for 1m30s: http://asg-1-lb-873205894.us-east-1.elb.amazonaws.com:3000/?n=200
Aggregated Function Time : count 280226 avg 0.0077082905 +/- 0.01071 min 0.001622861 max 0.427445009 sum 2160.06342
# target 50% 0.0066533
# target 75% 0.00916854
# target 90% 0.0151339
# target 99% 0.04084
# target 99.9% 0.159628
Sockets used: 24 (for perfect keepalive, would be 24)
Jitter: false
Code 200 : 280226 (100.0 %)
All done 280226 calls (plus 24 warmup) 7.708 ms avg, 3113.2 qps
Successfully wrote 4258 bytes of Json data to 2022-06-04-074529_asg_raupi_3_70_warmup_24.json
fortio exit code: 0
[2022-06-04T07:46:59]==============================[STATS]
jh CPU load avg:
0.09 0.10 0.09 1/158 3205
i-093974400d458eba4
InService
Healthy
{}
i-0a31e57b87a947a6e
InService
Healthy
{}
i-0e586a4dac82f769c
InService
Healthy
{}
[2022-06-04T07:47:59]==============================[STATS]
jh CPU load avg:
0.03 0.08 0.08 1/158 3214
i-093974400d458eba4
InService
Healthy
{}
i-0a31e57b87a947a6e
InService
Healthy
{}
i-0e586a4dac82f769c
InService
Healthy
{}
[2022-06-04T07:48:00]==============================[WARMUP RUN c25]==============================
07:48:00 I logger.go:127> Log level is now 4 Error (was 2 Info)
Fortio 1.19.0 running at -1 queries per second, 2->2 procs, for 1m30s: http://asg-1-lb-873205894.us-east-1.elb.amazonaws.com:3000/?n=200
Aggregated Function Time : count 278993 avg 0.0080646044 +/- 0.01312 min 0.001571845 max 0.73453615 sum 2249.96816
# target 50% 0.00681489
# target 75% 0.00943643
# target 90% 0.0160598
# target 99% 0.0386333
# target 99.9% 0.158651
Sockets used: 25 (for perfect keepalive, would be 25)
Jitter: false
Code 200 : 278993 (100.0 %)
All done 278993 calls (plus 25 warmup) 8.065 ms avg, 3099.7 qps
Successfully wrote 4627 bytes of Json data to 2022-06-04-074800_asg_raupi_3_70_warmup_25.json
fortio exit code: 0
[2022-06-04T07:49:30]==============================[STATS]
jh CPU load avg:
0.13 0.11 0.09 1/158 3232
i-093974400d458eba4
InService
Healthy
{}
i-0a31e57b87a947a6e
InService
Healthy
{}
i-0e586a4dac82f769c
InService
Healthy
{}
{
    "LoadBalancerDescriptions": [
        {
            "Subnets": [
                "subnet-01a37193a421fc6fc", 
                "subnet-01a3d77ffcc35fd0a"
            ], 
            "CanonicalHostedZoneNameID": "Z35SXDOTRQ7X7K", 
            "CanonicalHostedZoneName": "asg-1-lb-873205894.us-east-1.elb.amazonaws.com", 
            "ListenerDescriptions": [
                {
                    "Listener": {
                        "InstancePort": 3000, 
                        "LoadBalancerPort": 3000, 
                        "Protocol": "TCP", 
                        "InstanceProtocol": "TCP"
                    }, 
                    "PolicyNames": []
                }, 
                {
                    "Listener": {
                        "InstancePort": 80, 
                        "LoadBalancerPort": 80, 
                        "Protocol": "TCP", 
                        "InstanceProtocol": "TCP"
                    }, 
                    "PolicyNames": []
                }
            ], 
            "HealthCheck": {
                "HealthyThreshold": 2, 
                "Interval": 10, 
                "Target": "HTTP:3000/?n=200", 
                "Timeout": 5, 
                "UnhealthyThreshold": 6
            }, 
            "VPCId": "vpc-07d80715f3bb0f64a", 
            "BackendServerDescriptions": [], 
            "Instances": [
                {
                    "InstanceId": "i-0a31e57b87a947a6e"
                }, 
                {
                    "InstanceId": "i-0e586a4dac82f769c"
                }, 
                {
                    "InstanceId": "i-093974400d458eba4"
                }
            ], 
            "DNSName": "asg-1-lb-873205894.us-east-1.elb.amazonaws.com", 
            "SecurityGroups": [
                "sg-0ebaaed5fe60564d6"
            ], 
            "Policies": {
                "LBCookieStickinessPolicies": [], 
                "AppCookieStickinessPolicies": [], 
                "OtherPolicies": []
            }, 
            "LoadBalancerName": "asg-1-lb", 
            "CreatedTime": "2022-06-04T07:13:34.980Z", 
            "AvailabilityZones": [
                "us-east-1b", 
                "us-east-1a"
            ], 
            "Scheme": "internet-facing", 
            "SourceSecurityGroup": {
                "OwnerAlias": "605060434181", 
                "GroupName": "asg-1-ALBSecurityGroup-Y3SJ9EARXWJD"
            }
        }
    ]
}
{
    "AutoScalingGroups": [
        {
            "AutoScalingGroupARN": "arn:aws:autoscaling:us-east-1:605060434181:autoScalingGroup:90bbfd04-d2f8-4623-ba9a-cb98dc579671:autoScalingGroupName/asg-1-myASG", 
            "ServiceLinkedRoleARN": "arn:aws:iam::605060434181:role/aws-service-role/autoscaling.amazonaws.com/AWSServiceRoleForAutoScaling", 
            "TargetGroupARNs": [], 
            "SuspendedProcesses": [], 
            "LaunchTemplate": {
                "LaunchTemplateName": "asg-1-launch-template", 
                "Version": "1", 
                "LaunchTemplateId": "lt-06dd7f7485a3933e6"
            }, 
            "Tags": [
                {
                    "ResourceType": "auto-scaling-group", 
                    "ResourceId": "asg-1-myASG", 
                    "PropagateAtLaunch": true, 
                    "Value": "asg-1-instance", 
                    "Key": "Name"
                }, 
                {
                    "ResourceType": "auto-scaling-group", 
                    "ResourceId": "asg-1-myASG", 
                    "PropagateAtLaunch": false, 
                    "Value": "WebServerGroup", 
                    "Key": "Purpose"
                }, 
                {
                    "ResourceType": "auto-scaling-group", 
                    "ResourceId": "asg-1-myASG", 
                    "PropagateAtLaunch": true, 
                    "Value": "myASG", 
                    "Key": "aws:cloudformation:logical-id"
                }, 
                {
                    "ResourceType": "auto-scaling-group", 
                    "ResourceId": "asg-1-myASG", 
                    "PropagateAtLaunch": true, 
                    "Value": "arn:aws:cloudformation:us-east-1:605060434181:stack/asg-1/cfdab980-e3d5-11ec-be37-0e763e158ac1", 
                    "Key": "aws:cloudformation:stack-id"
                }, 
                {
                    "ResourceType": "auto-scaling-group", 
                    "ResourceId": "asg-1-myASG", 
                    "PropagateAtLaunch": true, 
                    "Value": "asg-1", 
                    "Key": "aws:cloudformation:stack-name"
                }
            ], 
            "EnabledMetrics": [
                {
                    "Metric": "GroupMaxSize", 
                    "Granularity": "1Minute"
                }, 
                {
                    "Metric": "GroupDesiredCapacity", 
                    "Granularity": "1Minute"
                }, 
                {
                    "Metric": "GroupInServiceInstances", 
                    "Granularity": "1Minute"
                }, 
                {
                    "Metric": "WarmPoolWarmedCapacity", 
                    "Granularity": "1Minute"
                }, 
                {
                    "Metric": "GroupInServiceCapacity", 
                    "Granularity": "1Minute"
                }, 
                {
                    "Metric": "GroupTotalCapacity", 
                    "Granularity": "1Minute"
                }, 
                {
                    "Metric": "GroupTotalInstances", 
                    "Granularity": "1Minute"
                }, 
                {
                    "Metric": "WarmPoolDesiredCapacity", 
                    "Granularity": "1Minute"
                }, 
                {
                    "Metric": "GroupPendingCapacity", 
                    "Granularity": "1Minute"
                }, 
                {
                    "Metric": "GroupTerminatingInstances", 
                    "Granularity": "1Minute"
                }, 
                {
                    "Metric": "GroupPendingInstances", 
                    "Granularity": "1Minute"
                }, 
                {
                    "Metric": "WarmPoolMinSize", 
                    "Granularity": "1Minute"
                }, 
                {
                    "Metric": "WarmPoolTerminatingCapacity", 
                    "Granularity": "1Minute"
                }, 
                {
                    "Metric": "GroupAndWarmPoolTotalCapacity", 
                    "Granularity": "1Minute"
                }, 
                {
                    "Metric": "GroupTerminatingCapacity", 
                    "Granularity": "1Minute"
                }, 
                {
                    "Metric": "GroupAndWarmPoolDesiredCapacity", 
                    "Granularity": "1Minute"
                }, 
                {
                    "Metric": "WarmPoolTotalCapacity", 
                    "Granularity": "1Minute"
                }, 
                {
                    "Metric": "GroupMinSize", 
                    "Granularity": "1Minute"
                }, 
                {
                    "Metric": "GroupStandbyCapacity", 
                    "Granularity": "1Minute"
                }, 
                {
                    "Metric": "WarmPoolPendingCapacity", 
                    "Granularity": "1Minute"
                }, 
                {
                    "Metric": "GroupStandbyInstances", 
                    "Granularity": "1Minute"
                }
            ], 
            "TerminationPolicies": [
                "Default"
            ], 
            "AutoScalingGroupName": "asg-1-myASG", 
            "DefaultCooldown": 300, 
            "MinSize": 1, 
            "Instances": [
                {
                    "ProtectedFromScaleIn": false, 
                    "AvailabilityZone": "us-east-1b", 
                    "LaunchTemplate": {
                        "LaunchTemplateName": "asg-1-launch-template", 
                        "Version": "1", 
                        "LaunchTemplateId": "lt-06dd7f7485a3933e6"
                    }, 
                    "InstanceId": "i-093974400d458eba4", 
                    "HealthStatus": "Healthy", 
                    "LifecycleState": "InService", 
                    "InstanceType": "t3.medium"
                }, 
                {
                    "ProtectedFromScaleIn": false, 
                    "AvailabilityZone": "us-east-1a", 
                    "LaunchTemplate": {
                        "LaunchTemplateName": "asg-1-launch-template", 
                        "Version": "1", 
                        "LaunchTemplateId": "lt-06dd7f7485a3933e6"
                    }, 
                    "InstanceId": "i-0a31e57b87a947a6e", 
                    "HealthStatus": "Healthy", 
                    "LifecycleState": "InService", 
                    "InstanceType": "t3.medium"
                }, 
                {
                    "ProtectedFromScaleIn": false, 
                    "AvailabilityZone": "us-east-1b", 
                    "LaunchTemplate": {
                        "LaunchTemplateName": "asg-1-launch-template", 
                        "Version": "1", 
                        "LaunchTemplateId": "lt-06dd7f7485a3933e6"
                    }, 
                    "InstanceId": "i-0e586a4dac82f769c", 
                    "HealthStatus": "Healthy", 
                    "LifecycleState": "InService", 
                    "InstanceType": "t3.medium"
                }
            ], 
            "MaxSize": 3, 
            "VPCZoneIdentifier": "subnet-01a3d77ffcc35fd0a,subnet-01a37193a421fc6fc", 
            "HealthCheckGracePeriod": 300, 
            "LoadBalancerNames": [
                "asg-1-lb"
            ], 
            "CreatedTime": "2022-06-04T07:16:01.717Z", 
            "AvailabilityZones": [
                "us-east-1a", 
                "us-east-1b"
            ], 
            "HealthCheckType": "EC2", 
            "NewInstancesProtectedFromScaleIn": false, 
            "DesiredCapacity": 3
        }
    ]
}
[2022-06-04T07:50:33]==============================[PERFORMANCE CHUNK RUN 26]==============================
[2022-06-04T07:51:33]==============================[STATS]
jh CPU load avg:
0.01 0.07 0.08 1/159 3263
i-093974400d458eba4
InService
Healthy
{}
i-0a31e57b87a947a6e
InService
Healthy
{}
i-0e586a4dac82f769c
InService
Healthy
{}
07:51:34 I logger.go:127> Log level is now 4 Error (was 2 Info)
Fortio 1.19.0 running at -1 queries per second, 2->2 procs, for 1m0s: http://asg-1-lb-873205894.us-east-1.elb.amazonaws.com:3000/?n=200
Aggregated Function Time : count 185678 avg 0.00807945 +/- 0.01131 min 0.001606369 max 0.483548116 sum 1500.17612
# target 50% 0.00677606
# target 75% 0.00936093
# target 90% 0.0159225
# target 99% 0.0416721
# target 99.9% 0.155813
Sockets used: 25 (for perfect keepalive, would be 25)
Jitter: false
Code 200 : 185678 (100.0 %)
All done 185678 calls (plus 25 warmup) 8.079 ms avg, 3093.1 qps
Successfully wrote 4121 bytes of Json data to 2022-06-04-075134_asg_raupi_3_70_performance_chunk_26_1.json
fortio exit code: 0
[2022-06-04T07:52:34]==============================[STATS]
jh CPU load avg:
0.24 0.13 0.10 1/160 3280
i-093974400d458eba4
InService
Healthy
{}
i-0a31e57b87a947a6e
InService
Healthy
{}
i-0e586a4dac82f769c
InService
Healthy
{}
07:52:34 I logger.go:127> Log level is now 4 Error (was 2 Info)
Fortio 1.19.0 running at -1 queries per second, 2->2 procs, for 1m0s: http://asg-1-lb-873205894.us-east-1.elb.amazonaws.com:3000/?n=200
Aggregated Function Time : count 185781 avg 0.0080743942 +/- 0.01106 min 0.001612706 max 0.566884271 sum 1500.06904
# target 50% 0.00680571
# target 75% 0.00940225
# target 90% 0.0160035
# target 99% 0.0463971
# target 99.9% 0.113438
Sockets used: 25 (for perfect keepalive, would be 25)
Jitter: false
Code 200 : 185781 (100.0 %)
All done 185781 calls (plus 25 warmup) 8.074 ms avg, 3094.6 qps
Successfully wrote 4264 bytes of Json data to 2022-06-04-075234_asg_raupi_3_70_performance_chunk_26_2.json
fortio exit code: 0
[2022-06-04T07:53:34]==============================[STATS]
jh CPU load avg:
0.13 0.12 0.09 1/160 3296
i-093974400d458eba4
InService
Healthy
{}
i-0a31e57b87a947a6e
InService
Healthy
{}
i-0e586a4dac82f769c
InService
Healthy
{}
07:53:35 I logger.go:127> Log level is now 4 Error (was 2 Info)
Fortio 1.19.0 running at -1 queries per second, 2->2 procs, for 1m0s: http://asg-1-lb-873205894.us-east-1.elb.amazonaws.com:3000/?n=200
Aggregated Function Time : count 186232 avg 0.008056625 +/- 0.01449 min 0.00155975 max 0.622508109 sum 1500.40139
# target 50% 0.00669715
# target 75% 0.00926587
# target 90% 0.0156247
# target 99% 0.0420602
# target 99.9% 0.22467
Sockets used: 25 (for perfect keepalive, would be 25)
Jitter: false
Code 200 : 186232 (100.0 %)
All done 186232 calls (plus 25 warmup) 8.057 ms avg, 3101.6 qps
Successfully wrote 4501 bytes of Json data to 2022-06-04-075335_asg_raupi_3_70_performance_chunk_26_3.json
fortio exit code: 0
[2022-06-04T07:54:35]==============================[STATS]
jh CPU load avg:
0.17 0.13 0.10 1/160 3313
i-093974400d458eba4
InService
Healthy
{}
i-0a31e57b87a947a6e
InService
Healthy
{}
i-0e586a4dac82f769c
InService
Healthy
{}
07:54:36 I logger.go:127> Log level is now 4 Error (was 2 Info)
Fortio 1.19.0 running at -1 queries per second, 2->2 procs, for 1m0s: http://asg-1-lb-873205894.us-east-1.elb.amazonaws.com:3000/?n=200
Aggregated Function Time : count 188772 avg 0.0079463459 +/- 0.0161 min 0.001589424 max 0.97631706 sum 1500.04761
# target 50% 0.00663594
# target 75% 0.00915923
# target 90% 0.0149482
# target 99% 0.0438883
# target 99.9% 0.266152
Sockets used: 25 (for perfect keepalive, would be 25)
Jitter: false
Code 200 : 188772 (100.0 %)
All done 188772 calls (plus 25 warmup) 7.946 ms avg, 3145.6 qps
Successfully wrote 4633 bytes of Json data to 2022-06-04-075436_asg_raupi_3_70_performance_chunk_26_4.json
fortio exit code: 0
[2022-06-04T07:55:36]==============================[STATS]
jh CPU load avg:
0.29 0.16 0.11 1/158 3329
i-093974400d458eba4
InService
Healthy
{}
i-0a31e57b87a947a6e
InService
Healthy
{}
i-0e586a4dac82f769c
InService
Healthy
{}
07:55:36 I logger.go:127> Log level is now 4 Error (was 2 Info)
Fortio 1.19.0 running at -1 queries per second, 2->2 procs, for 1m0s: http://asg-1-lb-873205894.us-east-1.elb.amazonaws.com:3000/?n=200
Aggregated Function Time : count 182078 avg 0.0082384212 +/- 0.01701 min 0.001614094 max 1.104597922 sum 1500.03525
# target 50% 0.00687801
# target 75% 0.00951
# target 90% 0.0164291
# target 99% 0.0469968
# target 99.9% 0.203268
Sockets used: 25 (for perfect keepalive, would be 25)
Jitter: false
Code 200 : 182078 (100.0 %)
All done 182078 calls (plus 25 warmup) 8.238 ms avg, 3034.0 qps
Successfully wrote 4502 bytes of Json data to 2022-06-04-075536_asg_raupi_3_70_performance_chunk_26_5.json
fortio exit code: 0
[2022-06-04T07:57:37]==============================[STATS]
jh CPU load avg:
0.06 0.12 0.09 1/158 3348
i-093974400d458eba4
InService
Healthy
{}
i-0a31e57b87a947a6e
InService
Healthy
{}
i-0e586a4dac82f769c
InService
Healthy
{}
[2022-06-04T07:57:37]==============================[PERFORMANCE RUN 1]==============================
07:57:37 I logger.go:127> Log level is now 4 Error (was 2 Info)
Fortio 1.19.0 running at -1 queries per second, 2->2 procs, for 5m0s: http://asg-1-lb-873205894.us-east-1.elb.amazonaws.com:3000/?n=200
Aggregated Function Time : count 918775 avg 0.0081630552 +/- 0.01718 min 0.001558093 max 2.8115684720000003 sum 7500.01104
# target 50% 0.00673046
# target 75% 0.00931665
# target 90% 0.0156641
# target 99% 0.0432453
# target 99.9% 0.186844
Sockets used: 25 (for perfect keepalive, would be 25)
Jitter: false
Code 200 : 918775 (100.0 %)
All done 918775 calls (plus 25 warmup) 8.163 ms avg, 3061.9 qps
Successfully wrote 5134 bytes of Json data to 2022-06-04-075737_asg_raupi_3_70_performance_1.json
fortio exit code: 0
[2022-06-04T08:02:37]==============================[STATS]
jh CPU load avg:
0.32 0.21 0.12 1/161 3391
i-093974400d458eba4
InService
Healthy
{}
i-0a31e57b87a947a6e
InService
Healthy
{}
i-0e586a4dac82f769c
InService
Healthy
{}
[2022-06-04T08:03:38]==============================[STATS]
jh CPU load avg:
0.12 0.17 0.11 1/161 3401
i-093974400d458eba4
InService
Healthy
{}
i-0a31e57b87a947a6e
InService
Healthy
{}
i-0e586a4dac82f769c
InService
Healthy
{}
[2022-06-04T08:03:39]==============================[PERFORMANCE RUN 2]==============================
08:03:39 I logger.go:127> Log level is now 4 Error (was 2 Info)
Fortio 1.19.0 running at -1 queries per second, 2->2 procs, for 5m0s: http://asg-1-lb-873205894.us-east-1.elb.amazonaws.com:3000/?n=200
Aggregated Function Time : count 913890 avg 0.0082064241 +/- 0.01326 min 0.001591002 max 0.857563687 sum 7499.7689
# target 50% 0.00677496
# target 75% 0.00936695
# target 90% 0.0159362
# target 99% 0.0438833
# target 99.9% 0.171542
Sockets used: 25 (for perfect keepalive, would be 25)
Jitter: false
Code 200 : 913890 (100.0 %)
All done 913890 calls (plus 25 warmup) 8.206 ms avg, 3046.2 qps
Successfully wrote 4891 bytes of Json data to 2022-06-04-080339_asg_raupi_3_70_performance_2.json
fortio exit code: 0
[2022-06-04T08:08:39]==============================[STATS]
jh CPU load avg:
0.05 0.12 0.09 1/158 3423
i-093974400d458eba4
InService
Healthy
{}
i-0a31e57b87a947a6e
InService
Healthy
{}
i-0e586a4dac82f769c
InService
Healthy
{}
[2022-06-04T08:09:40]==============================[STATS]
jh CPU load avg:
0.02 0.10 0.09 1/159 3484
i-093974400d458eba4
InService
Healthy
{}
i-0a31e57b87a947a6e
InService
Healthy
{}
i-0e586a4dac82f769c
InService
Healthy
{}
[2022-06-04T08:09:40]==============================[PERFORMANCE RUN 3]==============================
08:09:40 I logger.go:127> Log level is now 4 Error (was 2 Info)
Fortio 1.19.0 running at -1 queries per second, 2->2 procs, for 5m0s: http://asg-1-lb-873205894.us-east-1.elb.amazonaws.com:3000/?n=200
Aggregated Function Time : count 894926 avg 0.0083805628 +/- 0.01807 min 0.001572307 max 1.5714145990000001 sum 7499.98357
# target 50% 0.00688232
# target 75% 0.00953733
# target 90% 0.0165472
# target 99% 0.0448736
# target 99.9% 0.227354
Sockets used: 25 (for perfect keepalive, would be 25)
Jitter: false
Code 200 : 894926 (100.0 %)
All done 894926 calls (plus 25 warmup) 8.381 ms avg, 2982.6 qps
Successfully wrote 5149 bytes of Json data to 2022-06-04-080940_asg_raupi_3_70_performance_3.json
fortio exit code: 0
[2022-06-04T08:14:40]==============================[STATS]
jh CPU load avg:
0.33 0.19 0.12 1/160 3512
i-093974400d458eba4
InService
Healthy
{}
i-0a31e57b87a947a6e
InService
Healthy
{}
i-0e586a4dac82f769c
InService
Healthy
{}
scaling to 0
{
    "Alarms": [
        {
            "AlarmName": "TargetTracking-asg-1-myASG-AlarmHigh-0b4aaa7e-909e-4d75-bdc0-ae9421310ec5", 
            "AlarmARN": "arn:aws:cloudwatch:us-east-1:605060434181:alarm:TargetTracking-asg-1-myASG-AlarmHigh-0b4aaa7e-909e-4d75-bdc0-ae9421310ec5"
        }, 
        {
            "AlarmName": "TargetTracking-asg-1-myASG-AlarmLow-a6d9003a-19fb-4087-b80b-6c01fb186add", 
            "AlarmARN": "arn:aws:cloudwatch:us-east-1:605060434181:alarm:TargetTracking-asg-1-myASG-AlarmLow-a6d9003a-19fb-4087-b80b-6c01fb186add"
        }
    ], 
    "PolicyARN": "arn:aws:autoscaling:us-east-1:605060434181:scalingPolicy:2c65396b-1425-422d-88c7-fee48a623828:autoScalingGroupName/asg-1-myASG:policyName/asg-1-AppServerSP-1XQVO95666JQZ"
}
[2022-06-04T08:15:13]==============================[SCALING RUN 1: INIT]==============================
{
    "Alarms": [
        {
            "AlarmName": "TargetTracking-asg-1-myASG-AlarmHigh-0b4aaa7e-909e-4d75-bdc0-ae9421310ec5", 
            "AlarmARN": "arn:aws:cloudwatch:us-east-1:605060434181:alarm:TargetTracking-asg-1-myASG-AlarmHigh-0b4aaa7e-909e-4d75-bdc0-ae9421310ec5"
        }, 
        {
            "AlarmName": "TargetTracking-asg-1-myASG-AlarmLow-a6d9003a-19fb-4087-b80b-6c01fb186add", 
            "AlarmARN": "arn:aws:cloudwatch:us-east-1:605060434181:alarm:TargetTracking-asg-1-myASG-AlarmLow-a6d9003a-19fb-4087-b80b-6c01fb186add"
        }
    ], 
    "PolicyARN": "arn:aws:autoscaling:us-east-1:605060434181:scalingPolicy:2c65396b-1425-422d-88c7-fee48a623828:autoScalingGroupName/asg-1-myASG:policyName/asg-1-AppServerSP-1XQVO95666JQZ"
}
scaling to 1
[2022-06-04T08:15:14]==============================[SCALING RUN 1: ENABLE SCALING - SLEEP]==============================
{
    "Alarms": [
        {
            "AlarmName": "TargetTracking-asg-1-myASG-AlarmHigh-b5847728-6aa7-4cd0-ac00-cb8df36c35e3", 
            "AlarmARN": "arn:aws:cloudwatch:us-east-1:605060434181:alarm:TargetTracking-asg-1-myASG-AlarmHigh-b5847728-6aa7-4cd0-ac00-cb8df36c35e3"
        }, 
        {
            "AlarmName": "TargetTracking-asg-1-myASG-AlarmLow-b5933091-b18b-41cc-8020-689ff8b7a621", 
            "AlarmARN": "arn:aws:cloudwatch:us-east-1:605060434181:alarm:TargetTracking-asg-1-myASG-AlarmLow-b5933091-b18b-41cc-8020-689ff8b7a621"
        }
    ], 
    "PolicyARN": "arn:aws:autoscaling:us-east-1:605060434181:scalingPolicy:2c65396b-1425-422d-88c7-fee48a623828:autoScalingGroupName/asg-1-myASG:policyName/asg-1-AppServerSP-1XQVO95666JQZ"
}
[2022-06-04T08:18:15]==============================[SCALING RUN 1: FORTIO]==============================
[2022-06-04T08:18:15]==============================[STATS]
jh CPU load avg:
0.01 0.09 0.09 1/159 3550
i-0a9b396eb426df519
InService
Healthy
{}
[2022-06-04T08:18:15]==============================[SCALING RUN 1: CHUNK 1]==============================
08:18:15 I logger.go:127> Log level is now 4 Error (was 2 Info)
Fortio 1.19.0 running at -1 queries per second, 2->2 procs, for 1m0s: http://asg-1-lb-873205894.us-east-1.elb.amazonaws.com:3000/?n=200
Aggregated Function Time : count 57508 avg 0.026088754 +/- 0.03512 min 0.001476382 max 1.3578899770000001 sum 1500.31206
# target 50% 0.0207263
# target 75% 0.0321394
# target 90% 0.0491496
# target 99% 0.0925947
# target 99.9% 0.282936
Sockets used: 25 (for perfect keepalive, would be 25)
Jitter: false
Code 200 : 57508 (100.0 %)
All done 57508 calls (plus 25 warmup) 26.089 ms avg, 958.0 qps
Successfully wrote 4351 bytes of Json data to 2022-06-04-081815_asg_raupi_3_70_scaling_1_1.json
fortio exit code: 0
[2022-06-04T08:19:16]==============================[STATS]
jh CPU load avg:
0.00 0.07 0.08 1/159 3568
i-0a9b396eb426df519
InService
Healthy
{}
[2022-06-04T08:19:16]==============================[SCALING RUN 1: CHUNK 2]==============================
08:19:16 I logger.go:127> Log level is now 4 Error (was 2 Info)
Fortio 1.19.0 running at -1 queries per second, 2->2 procs, for 1m0s: http://asg-1-lb-873205894.us-east-1.elb.amazonaws.com:3000/?n=200
Aggregated Function Time : count 57293 avg 0.026190574 +/- 0.02998 min 0.001556573 max 0.799711718 sum 1500.53656
# target 50% 0.0213158
# target 75% 0.0329696
# target 90% 0.0491255
# target 99% 0.0869962
# target 99.9% 0.541744
Sockets used: 25 (for perfect keepalive, would be 25)
Jitter: false
Code 200 : 57293 (100.0 %)
All done 57293 calls (plus 25 warmup) 26.191 ms avg, 954.2 qps
Successfully wrote 4609 bytes of Json data to 2022-06-04-081916_asg_raupi_3_70_scaling_1_2.json
fortio exit code: 0
[2022-06-04T08:20:16]==============================[STATS]
jh CPU load avg:
0.03 0.07 0.08 1/160 3591
i-0a9b396eb426df519
InService
Healthy
{}
[2022-06-04T08:20:17]==============================[SCALING RUN 1: CHUNK 3]==============================
08:20:17 I logger.go:127> Log level is now 4 Error (was 2 Info)
Fortio 1.19.0 running at -1 queries per second, 2->2 procs, for 1m0s: http://asg-1-lb-873205894.us-east-1.elb.amazonaws.com:3000/?n=200
08:20:29 E http_client.go:787> Read error &{{0xc000247800}} 52.6.174.154:3000 0 : read tcp 172.31.37.177:33970->52.6.174.154:3000: i/o timeout
08:20:29 E http_client.go:787> Read error &{{0xc00007de80}} 52.202.234.33:3000 0 : read tcp 172.31.37.177:52186->52.202.234.33:3000: i/o timeout
08:20:29 E http_client.go:787> Read error &{{0xc000247900}} 52.202.234.33:3000 0 : read tcp 172.31.37.177:52188->52.202.234.33:3000: i/o timeout
08:20:29 E http_client.go:787> Read error &{{0xc00007df80}} 52.202.234.33:3000 0 : read tcp 172.31.37.177:52190->52.202.234.33:3000: i/o timeout
08:20:29 E http_client.go:787> Read error &{{0xc000247a00}} 52.202.234.33:3000 0 : read tcp 172.31.37.177:52194->52.202.234.33:3000: i/o timeout
08:20:29 E http_client.go:787> Read error &{{0xc0000fe080}} 52.202.234.33:3000 0 : read tcp 172.31.37.177:52192->52.202.234.33:3000: i/o timeout
Aggregated Function Time : count 54336 avg 0.027669844 +/- 0.07999 min 0.001837575 max 6.002505781 sum 1503.46866
# target 50% 0.0174755
# target 75% 0.0266183
# target 90% 0.0483858
# target 99% 0.191813
# target 99.9% 0.859514
Sockets used: 37 (for perfect keepalive, would be 25)
Jitter: false
Code  -1 : 6 (0.0 %)
Code 200 : 54330 (100.0 %)
All done 54336 calls (plus 25 warmup) 27.670 ms avg, 893.2 qps
Successfully wrote 5855 bytes of Json data to 2022-06-04-082017_asg_raupi_3_70_scaling_1_3.json
fortio exit code: 0
[2022-06-04T08:21:18]==============================[STATS]
jh CPU load avg:
0.01 0.06 0.07 1/160 3609
i-0a9b396eb426df519
InService
Healthy
{}
[2022-06-04T08:21:18]==============================[SCALING RUN 1: CHUNK 4]==============================
08:21:18 I logger.go:127> Log level is now 4 Error (was 2 Info)
Fortio 1.19.0 running at -1 queries per second, 2->2 procs, for 1m0s: http://asg-1-lb-873205894.us-east-1.elb.amazonaws.com:3000/?n=200
08:21:54 E http_client.go:787> Read error &{{0xc0000ff700}} 52.202.234.33:3000 134 : read tcp 172.31.37.177:52230->52.202.234.33:3000: i/o timeout
Aggregated Function Time : count 55867 avg 0.026852731 +/- 0.1034 min 0.001612149 max 4.841216946 sum 1500.18152
# target 50% 0.0188059
# target 75% 0.0284562
# target 90% 0.0469214
# target 99% 0.109117
# target 99.9% 0.755755
Sockets used: 50 (for perfect keepalive, would be 25)
Jitter: false
Code  -1 : 1 (0.0 %)
Code 200 : 55866 (100.0 %)
All done 55867 calls (plus 25 warmup) 26.853 ms avg, 930.9 qps
Successfully wrote 4730 bytes of Json data to 2022-06-04-082118_asg_raupi_3_70_scaling_1_4.json
fortio exit code: 0
[2022-06-04T08:22:18]==============================[STATS]
jh CPU load avg:
0.08 0.07 0.08 1/160 3626
i-04fc2d6d61796c6d9
Pending
Healthy
{}
i-0a9b396eb426df519
InService
Healthy
{}
[2022-06-04T08:22:19]==============================[SCALING RUN 1: CHUNK 5]==============================
08:22:19 I logger.go:127> Log level is now 4 Error (was 2 Info)
Fortio 1.19.0 running at -1 queries per second, 2->2 procs, for 1m0s: http://asg-1-lb-873205894.us-east-1.elb.amazonaws.com:3000/?n=200
Aggregated Function Time : count 58934 avg 0.025455095 +/- 0.04905 min 0.001583275 max 2.004064019 sum 1500.17056
# target 50% 0.0177815
# target 75% 0.0287891
# target 90% 0.0508233
# target 99% 0.122751
# target 99.9% 0.381953
Sockets used: 38 (for perfect keepalive, would be 25)
Jitter: false
Code 200 : 58934 (100.0 %)
All done 58934 calls (plus 25 warmup) 25.455 ms avg, 981.9 qps
Successfully wrote 4714 bytes of Json data to 2022-06-04-082219_asg_raupi_3_70_scaling_1_5.json
fortio exit code: 0
[2022-06-04T08:23:19]==============================[STATS]
jh CPU load avg:
0.28 0.12 0.09 1/166 3648
i-04fc2d6d61796c6d9
InService
Healthy
{}
i-0a9b396eb426df519
InService
Healthy
{}
[2022-06-04T08:23:20]==============================[SCALING RUN 1: CHUNK 6]==============================
08:23:20 I logger.go:127> Log level is now 4 Error (was 2 Info)
Fortio 1.19.0 running at -1 queries per second, 2->2 procs, for 1m0s: http://asg-1-lb-873205894.us-east-1.elb.amazonaws.com:3000/?n=200
Aggregated Function Time : count 129864 avg 0.011551277 +/- 0.01645 min 0.001436998 max 0.60825942 sum 1500.09505
# target 50% 0.00852582
# target 75% 0.0148443
# target 90% 0.0198206
# target 99% 0.0541059
# target 99.9% 0.230583
Sockets used: 25 (for perfect keepalive, would be 25)
Jitter: false
Code 200 : 129864 (100.0 %)
All done 129864 calls (plus 25 warmup) 11.551 ms avg, 2163.7 qps
Successfully wrote 4367 bytes of Json data to 2022-06-04-082320_asg_raupi_3_70_scaling_1_6.json
fortio exit code: 0
[2022-06-04T08:24:20]==============================[STATS]
jh CPU load avg:
0.32 0.15 0.10 1/166 3666
i-04fc2d6d61796c6d9
InService
Healthy
{}
i-0a9b396eb426df519
InService
Healthy
{}
[2022-06-04T08:24:21]==============================[SCALING RUN 1: CHUNK 7]==============================
08:24:21 I logger.go:127> Log level is now 4 Error (was 2 Info)
Fortio 1.19.0 running at -1 queries per second, 2->2 procs, for 1m0s: http://asg-1-lb-873205894.us-east-1.elb.amazonaws.com:3000/?n=200
Aggregated Function Time : count 127035 avg 0.011819806 +/- 0.01739 min 0.001442933 max 0.884749787 sum 1501.52901
# target 50% 0.00855589
# target 75% 0.0149067
# target 90% 0.0198633
# target 99% 0.0546129
# target 99.9% 0.259956
Sockets used: 25 (for perfect keepalive, would be 25)
Jitter: false
Code 200 : 127035 (100.0 %)
All done 127035 calls (plus 25 warmup) 11.820 ms avg, 2087.1 qps
Successfully wrote 4618 bytes of Json data to 2022-06-04-082421_asg_raupi_3_70_scaling_1_7.json
fortio exit code: 0
[2022-06-04T08:25:22]==============================[STATS]
jh CPU load avg:
0.26 0.15 0.10 1/165 3683
i-04fc2d6d61796c6d9
InService
Healthy
{}
i-0a9b396eb426df519
InService
Healthy
{}
[2022-06-04T08:25:22]==============================[SCALING RUN 1: CHUNK 8]==============================
08:25:22 I logger.go:127> Log level is now 4 Error (was 2 Info)
Fortio 1.19.0 running at -1 queries per second, 2->2 procs, for 1m0s: http://asg-1-lb-873205894.us-east-1.elb.amazonaws.com:3000/?n=200
Aggregated Function Time : count 126861 avg 0.011829026 +/- 0.01679 min 0.00144001 max 0.785325849 sum 1500.64209
# target 50% 0.00865988
# target 75% 0.0151673
# target 90% 0.020492
# target 99% 0.0540125
# target 99.9% 0.240734
Sockets used: 25 (for perfect keepalive, would be 25)
Jitter: false
Code 200 : 126861 (100.0 %)
All done 126861 calls (plus 25 warmup) 11.829 ms avg, 2112.6 qps
Successfully wrote 4756 bytes of Json data to 2022-06-04-082523_asg_raupi_3_70_scaling_1_8.json
fortio exit code: 0
[2022-06-04T08:26:23]==============================[STATS]
jh CPU load avg:
0.20 0.15 0.10 1/165 3701
i-04fc2d6d61796c6d9
InService
Healthy
{}
i-0a9b396eb426df519
InService
Healthy
{}
[2022-06-04T08:26:23]==============================[SCALING RUN 1: CHUNK 9]==============================
08:26:23 I logger.go:127> Log level is now 4 Error (was 2 Info)
Fortio 1.19.0 running at -1 queries per second, 2->2 procs, for 1m0s: http://asg-1-lb-873205894.us-east-1.elb.amazonaws.com:3000/?n=200
Aggregated Function Time : count 128169 avg 0.011704683 +/- 0.01809 min 0.001527958 max 0.706156438 sum 1500.17754
# target 50% 0.00862808
# target 75% 0.0150196
# target 90% 0.0199283
# target 99% 0.0542838
# target 99.9% 0.199865
Sockets used: 25 (for perfect keepalive, would be 25)
Jitter: false
Code 200 : 128169 (100.0 %)
All done 128169 calls (plus 25 warmup) 11.705 ms avg, 2135.7 qps
Successfully wrote 4492 bytes of Json data to 2022-06-04-082623_asg_raupi_3_70_scaling_1_9.json
fortio exit code: 0
[2022-06-04T08:27:23]==============================[STATS]
jh CPU load avg:
0.12 0.14 0.10 1/165 3718
i-04fc2d6d61796c6d9
InService
Healthy
{}
i-0a9b396eb426df519
InService
Healthy
{}
[2022-06-04T08:27:24]==============================[SCALING RUN 1: CHUNK 10]==============================
08:27:24 I logger.go:127> Log level is now 4 Error (was 2 Info)
Fortio 1.19.0 running at -1 queries per second, 2->2 procs, for 1m0s: http://asg-1-lb-873205894.us-east-1.elb.amazonaws.com:3000/?n=200
Aggregated Function Time : count 129374 avg 0.011594718 +/- 0.02021 min 0.001474101 max 1.417879214 sum 1500.05507
# target 50% 0.00852697
# target 75% 0.0148104
# target 90% 0.019767
# target 99% 0.0556972
# target 99.9% 0.240569
Sockets used: 25 (for perfect keepalive, would be 25)
Jitter: false
Code 200 : 129374 (100.0 %)
All done 129374 calls (plus 25 warmup) 11.595 ms avg, 2155.9 qps
Successfully wrote 4630 bytes of Json data to 2022-06-04-082724_asg_raupi_3_70_scaling_1_10.json
fortio exit code: 0
[2022-06-04T08:28:24]==============================[STATS]
jh CPU load avg:
0.11 0.14 0.09 1/165 3749
i-04fc2d6d61796c6d9
InService
Healthy
{}
i-0984a914c7b42bcd2
Pending
Healthy
{}
i-0a9b396eb426df519
InService
Healthy
{}
[2022-06-04T08:28:25]==============================[SCALING RUN 1: CHUNK 11]==============================
08:28:25 I logger.go:127> Log level is now 4 Error (was 2 Info)
Fortio 1.19.0 running at -1 queries per second, 2->2 procs, for 1m0s: http://asg-1-lb-873205894.us-east-1.elb.amazonaws.com:3000/?n=200
Aggregated Function Time : count 127996 avg 0.011729581 +/- 0.02255 min 0.001515439 max 1.015660776 sum 1501.33944
# target 50% 0.00828643
# target 75% 0.0142556
# target 90% 0.0194257
# target 99% 0.0508985
# target 99.9% 0.296156
Sockets used: 25 (for perfect keepalive, would be 25)
Jitter: false
Code 200 : 127996 (100.0 %)
All done 127996 calls (plus 25 warmup) 11.730 ms avg, 2129.4 qps
Successfully wrote 4853 bytes of Json data to 2022-06-04-082825_asg_raupi_3_70_scaling_1_11.json
fortio exit code: 0
[2022-06-04T08:29:25]==============================[STATS]
jh CPU load avg:
0.04 0.11 0.09 1/167 3801
i-04fc2d6d61796c6d9
InService
Healthy
{}
i-0984a914c7b42bcd2
InService
Healthy
{}
i-0a9b396eb426df519
InService
Healthy
{}
[2022-06-04T08:29:25]==============================[SCALING RUN 1: CHUNK 12]==============================
08:29:25 I logger.go:127> Log level is now 4 Error (was 2 Info)
Fortio 1.19.0 running at -1 queries per second, 2->2 procs, for 1m0s: http://asg-1-lb-873205894.us-east-1.elb.amazonaws.com:3000/?n=200
Aggregated Function Time : count 182462 avg 0.0082211367 +/- 0.01283 min 0.00138448 max 0.438537677 sum 1500.04505
# target 50% 0.00671933
# target 75% 0.00938678
# target 90% 0.0163769
# target 99% 0.0477144
# target 99.9% 0.175029
Sockets used: 25 (for perfect keepalive, would be 25)
Jitter: false
Code 200 : 182462 (100.0 %)
All done 182462 calls (plus 25 warmup) 8.221 ms avg, 3040.3 qps
Successfully wrote 4257 bytes of Json data to 2022-06-04-082925_asg_raupi_3_70_scaling_1_12.json
fortio exit code: 0
[2022-06-04T08:30:25]==============================[STATS]
jh CPU load avg:
0.12 0.12 0.09 1/166 3828
i-04fc2d6d61796c6d9
InService
Healthy
{}
i-0984a914c7b42bcd2
InService
Healthy
{}
i-0a9b396eb426df519
InService
Healthy
{}
[2022-06-04T08:30:26]==============================[SCALING RUN 1: CHUNK 13]==============================
08:30:26 I logger.go:127> Log level is now 4 Error (was 2 Info)
Fortio 1.19.0 running at -1 queries per second, 2->2 procs, for 1m0s: http://asg-1-lb-873205894.us-east-1.elb.amazonaws.com:3000/?n=200
Aggregated Function Time : count 190010 avg 0.0078955772 +/- 0.0109 min 0.001438691 max 0.662231341 sum 1500.23863
# target 50% 0.00672604
# target 75% 0.00936975
# target 90% 0.0160203
# target 99% 0.0434745
# target 99.9% 0.134184
Sockets used: 25 (for perfect keepalive, would be 25)
Jitter: false
Code 200 : 190010 (100.0 %)
All done 190010 calls (plus 25 warmup) 7.896 ms avg, 3164.2 qps
Successfully wrote 4235 bytes of Json data to 2022-06-04-083026_asg_raupi_3_70_scaling_1_13.json
fortio exit code: 0
[2022-06-04T08:31:26]==============================[STATS]
jh CPU load avg:
0.12 0.11 0.09 1/166 3847
i-04fc2d6d61796c6d9
InService
Healthy
{}
i-0984a914c7b42bcd2
InService
Healthy
{}
i-0a9b396eb426df519
InService
Healthy
{}
[2022-06-04T08:31:27]==============================[SCALING RUN 1: CHUNK 14]==============================
08:31:27 I logger.go:127> Log level is now 4 Error (was 2 Info)
Fortio 1.19.0 running at -1 queries per second, 2->2 procs, for 1m0s: http://asg-1-lb-873205894.us-east-1.elb.amazonaws.com:3000/?n=200
Aggregated Function Time : count 190135 avg 0.0078892333 +/- 0.01312 min 0.001388525 max 0.519242445 sum 1500.01937
# target 50% 0.00665117
# target 75% 0.00928252
# target 90% 0.0157896
# target 99% 0.0444247
# target 99.9% 0.174157
Sockets used: 25 (for perfect keepalive, would be 25)
Jitter: false
Code 200 : 190135 (100.0 %)
All done 190135 calls (plus 25 warmup) 7.889 ms avg, 3168.3 qps
Successfully wrote 4490 bytes of Json data to 2022-06-04-083127_asg_raupi_3_70_scaling_1_14.json
fortio exit code: 0
[2022-06-04T08:32:27]==============================[STATS]
jh CPU load avg:
0.15 0.12 0.09 1/166 3866
i-04fc2d6d61796c6d9
InService
Healthy
{}
i-0984a914c7b42bcd2
InService
Healthy
{}
i-0a9b396eb426df519
InService
Healthy
{}
[2022-06-04T08:32:27]==============================[SCALING RUN 2: INIT]==============================
{
    "Alarms": [
        {
            "AlarmName": "TargetTracking-asg-1-myASG-AlarmHigh-7525557c-7197-48d8-871c-7d16fb29a13e", 
            "AlarmARN": "arn:aws:cloudwatch:us-east-1:605060434181:alarm:TargetTracking-asg-1-myASG-AlarmHigh-7525557c-7197-48d8-871c-7d16fb29a13e"
        }, 
        {
            "AlarmName": "TargetTracking-asg-1-myASG-AlarmLow-207baa48-ca02-4e73-a38e-ad399115dd6e", 
            "AlarmARN": "arn:aws:cloudwatch:us-east-1:605060434181:alarm:TargetTracking-asg-1-myASG-AlarmLow-207baa48-ca02-4e73-a38e-ad399115dd6e"
        }
    ], 
    "PolicyARN": "arn:aws:autoscaling:us-east-1:605060434181:scalingPolicy:2c65396b-1425-422d-88c7-fee48a623828:autoScalingGroupName/asg-1-myASG:policyName/asg-1-AppServerSP-1XQVO95666JQZ"
}
scaling to 1
[2022-06-04T08:32:29]==============================[SCALING RUN 2: ENABLE SCALING - SLEEP]==============================
{
    "Alarms": [
        {
            "AlarmName": "TargetTracking-asg-1-myASG-AlarmHigh-7a487e1e-5257-478e-b319-a4af60d494e3", 
            "AlarmARN": "arn:aws:cloudwatch:us-east-1:605060434181:alarm:TargetTracking-asg-1-myASG-AlarmHigh-7a487e1e-5257-478e-b319-a4af60d494e3"
        }, 
        {
            "AlarmName": "TargetTracking-asg-1-myASG-AlarmLow-1a330fe7-c630-4789-93e2-eef569a9c448", 
            "AlarmARN": "arn:aws:cloudwatch:us-east-1:605060434181:alarm:TargetTracking-asg-1-myASG-AlarmLow-1a330fe7-c630-4789-93e2-eef569a9c448"
        }
    ], 
    "PolicyARN": "arn:aws:autoscaling:us-east-1:605060434181:scalingPolicy:2c65396b-1425-422d-88c7-fee48a623828:autoScalingGroupName/asg-1-myASG:policyName/asg-1-AppServerSP-1XQVO95666JQZ"
}
[2022-06-04T08:35:30]==============================[SCALING RUN 2: FORTIO]==============================
[2022-06-04T08:35:30]==============================[STATS]
jh CPU load avg:
0.29 0.20 0.13 1/166 904
i-0984a914c7b42bcd2
InService
Healthy
{}
[2022-06-04T08:35:31]==============================[SCALING RUN 2: CHUNK 1]==============================
08:35:31 I logger.go:127> Log level is now 4 Error (was 2 Info)
Fortio 1.19.0 running at -1 queries per second, 2->2 procs, for 1m0s: http://asg-1-lb-873205894.us-east-1.elb.amazonaws.com:3000/?n=200
Aggregated Function Time : count 41457 avg 0.03676714 +/- 0.1607 min 0.001914948 max 3.705812829 sum 1524.25534
# target 50% 0.0157512
# target 75% 0.0237651
# target 90% 0.0481787
# target 99% 0.704713
# target 99.9% 2.4084
Sockets used: 35 (for perfect keepalive, would be 25)
Jitter: false
Code 200 : 41457 (100.0 %)
All done 41457 calls (plus 25 warmup) 36.767 ms avg, 679.8 qps
Successfully wrote 5914 bytes of Json data to 2022-06-04-083531_asg_raupi_3_70_scaling_2_1.json
fortio exit code: 0
[2022-06-04T08:36:32]==============================[STATS]
jh CPU load avg:
0.15 0.18 0.12 1/166 923
i-0984a914c7b42bcd2
InService
Healthy
{}
[2022-06-04T08:36:32]==============================[SCALING RUN 2: CHUNK 2]==============================
08:36:32 I logger.go:127> Log level is now 4 Error (was 2 Info)
Fortio 1.19.0 running at -1 queries per second, 2->2 procs, for 1m0s: http://asg-1-lb-873205894.us-east-1.elb.amazonaws.com:3000/?n=200
Aggregated Function Time : count 38242 avg 0.039276414 +/- 0.2133 min 0.001583362 max 3.996815398 sum 1502.00861
# target 50% 0.0163572
# target 75% 0.0222335
# target 90% 0.0293691
# target 99% 0.586405
# target 99.9% 3.74349
Sockets used: 100 (for perfect keepalive, would be 25)
Jitter: false
Code 200 : 38242 (100.0 %)
All done 38242 calls (plus 25 warmup) 39.276 ms avg, 636.3 qps
Successfully wrote 5684 bytes of Json data to 2022-06-04-083632_asg_raupi_3_70_scaling_2_2.json
fortio exit code: 0
[2022-06-04T08:37:33]==============================[STATS]
jh CPU load avg:
0.26 0.19 0.13 1/166 990
i-0984a914c7b42bcd2
InService
Healthy
{}
[2022-06-04T08:37:33]==============================[SCALING RUN 2: CHUNK 3]==============================
08:37:33 I logger.go:127> Log level is now 4 Error (was 2 Info)
Fortio 1.19.0 running at -1 queries per second, 2->2 procs, for 1m0s: http://asg-1-lb-873205894.us-east-1.elb.amazonaws.com:3000/?n=200
08:38:13 E http_client.go:787> Read error &{{0xc00019cf80}} 52.6.174.154:3000 0 : read tcp 172.31.37.177:35180->52.6.174.154:3000: i/o timeout
08:38:13 E http_client.go:787> Read error &{{0xc00001d280}} 52.202.234.33:3000 0 : read tcp 172.31.37.177:53398->52.202.234.33:3000: i/o timeout
08:38:13 E http_client.go:787> Read error &{{0xc00001d380}} 52.202.234.33:3000 0 : read tcp 172.31.37.177:53400->52.202.234.33:3000: i/o timeout
08:38:13 E http_client.go:787> Read error &{{0xc00001d480}} 52.6.174.154:3000 0 : read tcp 172.31.37.177:35188->52.6.174.154:3000: i/o timeout
08:38:13 E http_client.go:787> Read error &{{0xc00019d080}} 52.202.234.33:3000 0 : read tcp 172.31.37.177:53404->52.202.234.33:3000: i/o timeout
08:38:13 E http_client.go:787> Read error &{{0xc00001cd80}} 52.6.174.154:3000 134 : read tcp 172.31.37.177:35166->52.6.174.154:3000: i/o timeout
08:38:13 E http_client.go:787> Read error &{{0xc00001c180}} 52.6.174.154:3000 134 : read tcp 172.31.37.177:35120->52.6.174.154:3000: i/o timeout
08:38:13 E http_client.go:787> Read error &{{0xc00019c480}} 52.6.174.154:3000 134 : read tcp 172.31.37.177:35128->52.6.174.154:3000: i/o timeout
08:38:13 E http_client.go:787> Read error &{{0xc00006ff80}} 52.6.174.154:3000 134 : read tcp 172.31.37.177:35108->52.6.174.154:3000: i/o timeout
08:38:13 E http_client.go:787> Read error &{{0xc00001c280}} 52.202.234.33:3000 134 : read tcp 172.31.37.177:53336->52.202.234.33:3000: i/o timeout
08:38:13 E http_client.go:787> Read error &{{0xc00001d580}} 52.202.234.33:3000 0 : read tcp 172.31.37.177:53406->52.202.234.33:3000: i/o timeout
08:38:14 E http_client.go:787> Read error &{{0xc00001d680}} 52.202.234.33:3000 0 : read tcp 172.31.37.177:53408->52.202.234.33:3000: i/o timeout
08:38:16 E http_client.go:787> Read error &{{0xc00001c980}} 52.6.174.154:3000 134 : read tcp 172.31.37.177:35156->52.6.174.154:3000: i/o timeout
08:38:16 E http_client.go:787> Read error &{{0xc00001d780}} 52.6.174.154:3000 0 : read tcp 172.31.37.177:35196->52.6.174.154:3000: i/o timeout
08:38:16 E http_client.go:787> Read error &{{0xc00001d880}} 52.202.234.33:3000 0 : read tcp 172.31.37.177:53412->52.202.234.33:3000: i/o timeout
08:38:16 E http_client.go:787> Read error &{{0xc00001d980}} 52.202.234.33:3000 0 : read tcp 172.31.37.177:53414->52.202.234.33:3000: i/o timeout
08:38:16 E http_client.go:787> Read error &{{0xc00001da80}} 52.6.174.154:3000 0 : read tcp 172.31.37.177:35202->52.6.174.154:3000: i/o timeout
08:38:16 E http_client.go:787> Read error &{{0xc00001db80}} 52.202.234.33:3000 0 : read tcp 172.31.37.177:53418->52.202.234.33:3000: i/o timeout
08:38:16 E http_client.go:787> Read error &{{0xc00001dc80}} 52.6.174.154:3000 0 : read tcp 172.31.37.177:35206->52.6.174.154:3000: i/o timeout
08:38:16 E http_client.go:787> Read error &{{0xc00019d180}} 52.6.174.154:3000 0 : read tcp 172.31.37.177:35208->52.6.174.154:3000: i/o timeout
08:38:16 E http_client.go:787> Read error &{{0xc00019d280}} 52.6.174.154:3000 0 : read tcp 172.31.37.177:35210->52.6.174.154:3000: i/o timeout
08:38:16 E http_client.go:787> Read error &{{0xc00019d380}} 52.6.174.154:3000 0 : read tcp 172.31.37.177:35212->52.6.174.154:3000: i/o timeout
08:38:16 E http_client.go:787> Read error &{{0xc00001dd80}} 52.202.234.33:3000 0 : read tcp 172.31.37.177:53430->52.202.234.33:3000: i/o timeout
08:38:16 E http_client.go:787> Read error &{{0xc00019d480}} 52.202.234.33:3000 0 : read tcp 172.31.37.177:53428->52.202.234.33:3000: i/o timeout
08:38:16 E http_client.go:787> Read error &{{0xc00019d580}} 52.202.234.33:3000 0 : read tcp 172.31.37.177:53432->52.202.234.33:3000: i/o timeout
08:38:17 E http_client.go:787> Read error &{{0xc00019d680}} 52.202.234.33:3000 0 : read tcp 172.31.37.177:53434->52.202.234.33:3000: i/o timeout
08:38:19 E http_client.go:787> Read error &{{0xc00019d780}} 52.6.174.154:3000 0 : read tcp 172.31.37.177:35222->52.6.174.154:3000: i/o timeout
08:38:19 E http_client.go:787> Read error &{{0xc00019d880}} 52.202.234.33:3000 0 : read tcp 172.31.37.177:53438->52.202.234.33:3000: i/o timeout
08:38:19 E http_client.go:787> Read error &{{0xc00001de80}} 52.202.234.33:3000 0 : read tcp 172.31.37.177:53440->52.202.234.33:3000: i/o timeout
08:38:19 E http_client.go:787> Read error &{{0xc00019d980}} 52.6.174.154:3000 0 : read tcp 172.31.37.177:35228->52.6.174.154:3000: i/o timeout
08:38:19 E http_client.go:787> Read error &{{0xc00001df80}} 52.202.234.33:3000 0 : read tcp 172.31.37.177:53444->52.202.234.33:3000: i/o timeout
08:38:19 E http_client.go:787> Read error &{{0xc000252080}} 52.202.234.33:3000 0 : read tcp 172.31.37.177:53446->52.202.234.33:3000: i/o timeout
08:38:19 E http_client.go:787> Read error &{{0xc00019db80}} 52.6.174.154:3000 0 : read tcp 172.31.37.177:35236->52.6.174.154:3000: i/o timeout
08:38:19 E http_client.go:787> Read error &{{0xc00019da80}} 52.6.174.154:3000 0 : read tcp 172.31.37.177:35234->52.6.174.154:3000: i/o timeout
08:38:19 E http_client.go:787> Read error &{{0xc00019dc80}} 52.202.234.33:3000 0 : read tcp 172.31.37.177:53452->52.202.234.33:3000: i/o timeout
08:38:19 E http_client.go:787> Read error &{{0xc000252180}} 52.6.174.154:3000 0 : read tcp 172.31.37.177:35238->52.6.174.154:3000: i/o timeout
08:38:19 E http_client.go:787> Read error &{{0xc000252280}} 52.6.174.154:3000 0 : read tcp 172.31.37.177:35242->52.6.174.154:3000: i/o timeout
08:38:19 E http_client.go:787> Read error &{{0xc00019dd80}} 52.202.234.33:3000 0 : read tcp 172.31.37.177:53458->52.202.234.33:3000: i/o timeout
08:38:19 E http_client.go:787> Read error &{{0xc000252380}} 52.6.174.154:3000 0 : read tcp 172.31.37.177:35246->52.6.174.154:3000: i/o timeout
08:38:19 E http_client.go:787> Read error &{{0xc000252480}} 52.202.234.33:3000 0 : read tcp 172.31.37.177:53462->52.202.234.33:3000: i/o timeout
08:38:19 E http_client.go:787> Read error &{{0xc000252580}} 52.202.234.33:3000 0 : read tcp 172.31.37.177:53464->52.202.234.33:3000: i/o timeout
08:38:19 E http_client.go:787> Read error &{{0xc000252680}} 52.6.174.154:3000 0 : read tcp 172.31.37.177:35252->52.6.174.154:3000: i/o timeout
08:38:19 E http_client.go:787> Read error &{{0xc000252780}} 52.202.234.33:3000 0 : read tcp 172.31.37.177:53468->52.202.234.33:3000: i/o timeout
08:38:19 E http_client.go:787> Read error &{{0xc000252880}} 52.6.174.154:3000 0 : read tcp 172.31.37.177:35256->52.6.174.154:3000: i/o timeout
08:38:19 E http_client.go:787> Read error &{{0xc00019de80}} 52.6.174.154:3000 0 : read tcp 172.31.37.177:35258->52.6.174.154:3000: i/o timeout
08:38:19 E http_client.go:787> Read error &{{0xc000252980}} 52.6.174.154:3000 0 : read tcp 172.31.37.177:35260->52.6.174.154:3000: i/o timeout
08:38:19 E http_client.go:787> Read error &{{0xc000252a80}} 52.6.174.154:3000 0 : read tcp 172.31.37.177:35262->52.6.174.154:3000: i/o timeout
08:38:19 E http_client.go:787> Read error &{{0xc00019df80}} 52.202.234.33:3000 0 : read tcp 172.31.37.177:53478->52.202.234.33:3000: i/o timeout
08:38:19 E http_client.go:787> Read error &{{0xc000252b80}} 52.202.234.33:3000 0 : read tcp 172.31.37.177:53480->52.202.234.33:3000: i/o timeout
Aggregated Function Time : count 41438 avg 0.036219148 +/- 0.2112 min 0.001635406 max 6.003197471 sum 1500.84906
# target 50% 0.0135422
# target 75% 0.0198138
# target 90% 0.0430883
# target 99% 0.526889
# target 99.9% 3.41261
Sockets used: 130 (for perfect keepalive, would be 25)
Jitter: false
Code  -1 : 49 (0.1 %)
Code 200 : 41389 (99.9 %)
All done 41438 calls (plus 25 warmup) 36.219 ms avg, 690.1 qps
Successfully wrote 6530 bytes of Json data to 2022-06-04-083734_asg_raupi_3_70_scaling_2_3.json
fortio exit code: 0
[2022-06-04T08:38:34]==============================[STATS]
jh CPU load avg:
0.11 0.17 0.12 1/166 1009
i-0984a914c7b42bcd2
InService
Healthy
{}
[2022-06-04T08:38:34]==============================[SCALING RUN 2: CHUNK 4]==============================
08:38:34 I logger.go:127> Log level is now 4 Error (was 2 Info)
Fortio 1.19.0 running at -1 queries per second, 2->2 procs, for 1m0s: http://asg-1-lb-873205894.us-east-1.elb.amazonaws.com:3000/?n=200
Aggregated Function Time : count 42044 avg 0.035689826 +/- 0.1413 min 0.001655813 max 2.205381682 sum 1500.54305
# target 50% 0.0135925
# target 75% 0.0203397
# target 90% 0.0378035
# target 99% 0.6936
# target 99.9% 2.09025
Sockets used: 25 (for perfect keepalive, would be 25)
Jitter: false
Code 200 : 42044 (100.0 %)
All done 42044 calls (plus 25 warmup) 35.690 ms avg, 700.3 qps
Successfully wrote 5472 bytes of Json data to 2022-06-04-083834_asg_raupi_3_70_scaling_2_4.json
fortio exit code: 0
[2022-06-04T08:39:34]==============================[STATS]
jh CPU load avg:
0.04 0.13 0.11 1/166 1027
i-0984a914c7b42bcd2
InService
Healthy
{}
[2022-06-04T08:39:35]==============================[SCALING RUN 2: CHUNK 5]==============================
08:39:35 I logger.go:127> Log level is now 4 Error (was 2 Info)
Fortio 1.19.0 running at -1 queries per second, 2->2 procs, for 1m0s: http://asg-1-lb-873205894.us-east-1.elb.amazonaws.com:3000/?n=200
08:39:52 E http_client.go:787> Read error &{{0xc000469b80}} 52.6.174.154:3000 134 : read tcp 172.31.37.177:35430->52.6.174.154:3000: i/o timeout
08:39:52 E http_client.go:787> Read error &{{0xc000074480}} 52.202.234.33:3000 134 : read tcp 172.31.37.177:53598->52.202.234.33:3000: i/o timeout
08:39:52 E http_client.go:787> Read error &{{0xc0000ff500}} 52.202.234.33:3000 134 : read tcp 172.31.37.177:53606->52.202.234.33:3000: i/o timeout
08:40:18 E http_client.go:787> Read error &{{0xc000469f80}} 52.6.174.154:3000 0 : read tcp 172.31.37.177:35442->52.6.174.154:3000: i/o timeout
08:40:18 E http_client.go:787> Read error &{{0xc000075f00}} 52.6.174.154:3000 0 : read tcp 172.31.37.177:35446->52.6.174.154:3000: i/o timeout
08:40:18 E http_client.go:787> Read error &{{0xc000075e00}} 52.6.174.154:3000 0 : read tcp 172.31.37.177:35444->52.6.174.154:3000: i/o timeout
08:40:18 E http_client.go:787> Read error &{{0xc0000fe100}} 52.6.174.154:3000 0 : read tcp 172.31.37.177:35450->52.6.174.154:3000: i/o timeout
08:40:18 E http_client.go:787> Read error &{{0xc0000fe200}} 52.202.234.33:3000 0 : read tcp 172.31.37.177:53666->52.202.234.33:3000: i/o timeout
08:40:18 E http_client.go:787> Read error &{{0xc0000fe300}} 52.6.174.154:3000 0 : read tcp 172.31.37.177:35454->52.6.174.154:3000: i/o timeout
08:40:18 E http_client.go:787> Read error &{{0xc0000fe400}} 52.202.234.33:3000 0 : read tcp 172.31.37.177:53670->52.202.234.33:3000: i/o timeout
Aggregated Function Time : count 44729 avg 0.033567677 +/- 0.1675 min 0.001584303 max 6.00522393 sum 1501.44863
# target 50% 0.0138533
# target 75% 0.0208169
# target 90% 0.0427429
# target 99% 0.557
# target 99.9% 2.20093
Sockets used: 45 (for perfect keepalive, would be 25)
Jitter: false
Code  -1 : 10 (0.0 %)
Code 200 : 44719 (100.0 %)
All done 44729 calls (plus 25 warmup) 33.568 ms avg, 744.6 qps
Successfully wrote 6526 bytes of Json data to 2022-06-04-083935_asg_raupi_3_70_scaling_2_5.json
fortio exit code: 0
[2022-06-04T08:40:35]==============================[STATS]
jh CPU load avg:
0.01 0.11 0.10 1/168 1053
i-0984a914c7b42bcd2
InService
Healthy
{}
i-0f3d7cc3b0ec19096
Pending
Healthy
{}
[2022-06-04T08:40:36]==============================[SCALING RUN 2: CHUNK 6]==============================
08:40:36 I logger.go:127> Log level is now 4 Error (was 2 Info)
Fortio 1.19.0 running at -1 queries per second, 2->2 procs, for 1m0s: http://asg-1-lb-873205894.us-east-1.elb.amazonaws.com:3000/?n=200
08:40:43 E http_client.go:787> Read error &{{0xc0000c1d00}} 52.6.174.154:3000 134 : read tcp 172.31.37.177:35526->52.6.174.154:3000: i/o timeout
Aggregated Function Time : count 62127 avg 0.024258468 +/- 0.1401 min 0.001631524 max 3.806252663 sum 1507.10582
# target 50% 0.0112096
# target 75% 0.0174374
# target 90% 0.0250514
# target 99% 0.225267
# target 99.9% 2.53358
Sockets used: 88 (for perfect keepalive, would be 25)
Jitter: false
Code  -1 : 1 (0.0 %)
Code 200 : 62126 (100.0 %)
All done 62127 calls (plus 25 warmup) 24.258 ms avg, 1026.0 qps
Successfully wrote 5944 bytes of Json data to 2022-06-04-084036_asg_raupi_3_70_scaling_2_6.json
fortio exit code: 0
[2022-06-04T08:41:36]==============================[STATS]
jh CPU load avg:
0.07 0.10 0.09 1/168 1071
i-0984a914c7b42bcd2
InService
Healthy
{}
i-0f3d7cc3b0ec19096
InService
Healthy
{}
[2022-06-04T08:41:37]==============================[SCALING RUN 2: CHUNK 7]==============================
08:41:37 I logger.go:127> Log level is now 4 Error (was 2 Info)
Fortio 1.19.0 running at -1 queries per second, 2->2 procs, for 1m0s: http://asg-1-lb-873205894.us-east-1.elb.amazonaws.com:3000/?n=200
Aggregated Function Time : count 102917 avg 0.014608032 +/- 0.06509 min 0.001540063 max 2.8886157 sum 1503.41478
# target 50% 0.00804321
# target 75% 0.0134396
# target 90% 0.018622
# target 99% 0.0666564
# target 99.9% 0.965415
Sockets used: 25 (for perfect keepalive, would be 25)
Jitter: false
Code 200 : 102917 (100.0 %)
All done 102917 calls (plus 25 warmup) 14.608 ms avg, 1707.6 qps
Successfully wrote 5472 bytes of Json data to 2022-06-04-084137_asg_raupi_3_70_scaling_2_7.json
fortio exit code: 0
[2022-06-04T08:42:37]==============================[STATS]
jh CPU load avg:
0.09 0.10 0.09 1/168 1090
i-0984a914c7b42bcd2
InService
Healthy
{}
i-0f3d7cc3b0ec19096
InService
Healthy
{}
[2022-06-04T08:42:38]==============================[SCALING RUN 2: CHUNK 8]==============================
08:42:38 I logger.go:127> Log level is now 4 Error (was 2 Info)
Fortio 1.19.0 running at -1 queries per second, 2->2 procs, for 1m0s: http://asg-1-lb-873205894.us-east-1.elb.amazonaws.com:3000/?n=200
Aggregated Function Time : count 99058 avg 0.015143335 +/- 0.056 min 0.001636479 max 2.32217839 sum 1500.0685
# target 50% 0.00855343
# target 75% 0.0146058
# target 90% 0.0193562
# target 99% 0.109167
# target 99.9% 0.899813
Sockets used: 25 (for perfect keepalive, would be 25)
Jitter: false
Code 200 : 99058 (100.0 %)
All done 99058 calls (plus 25 warmup) 15.143 ms avg, 1650.7 qps
Successfully wrote 5471 bytes of Json data to 2022-06-04-084238_asg_raupi_3_70_scaling_2_8.json
fortio exit code: 0
[2022-06-04T08:43:38]==============================[STATS]
jh CPU load avg:
0.07 0.09 0.09 1/168 1116
i-0984a914c7b42bcd2
InService
Healthy
{}
i-0f3d7cc3b0ec19096
InService
Healthy
{}
[2022-06-04T08:43:39]==============================[SCALING RUN 2: CHUNK 9]==============================
08:43:39 I logger.go:127> Log level is now 4 Error (was 2 Info)
Fortio 1.19.0 running at -1 queries per second, 2->2 procs, for 1m0s: http://asg-1-lb-873205894.us-east-1.elb.amazonaws.com:3000/?n=200
Aggregated Function Time : count 104688 avg 0.014413907 +/- 0.05028 min 0.001583504 max 1.837956845 sum 1508.96306
# target 50% 0.00859419
# target 75% 0.014616
# target 90% 0.01924
# target 99% 0.0947661
# target 99.9% 0.823587
Sockets used: 25 (for perfect keepalive, would be 25)
Jitter: false
Code 200 : 104688 (100.0 %)
All done 104688 calls (plus 25 warmup) 14.414 ms avg, 1730.5 qps
Successfully wrote 5474 bytes of Json data to 2022-06-04-084339_asg_raupi_3_70_scaling_2_9.json
fortio exit code: 0
[2022-06-04T08:44:39]==============================[STATS]
jh CPU load avg:
0.16 0.13 0.10 1/168 1134
i-0984a914c7b42bcd2
InService
Healthy
{}
i-0f3d7cc3b0ec19096
InService
Healthy
{}
[2022-06-04T08:44:40]==============================[SCALING RUN 2: CHUNK 10]==============================
08:44:40 I logger.go:127> Log level is now 4 Error (was 2 Info)
Fortio 1.19.0 running at -1 queries per second, 2->2 procs, for 1m0s: http://asg-1-lb-873205894.us-east-1.elb.amazonaws.com:3000/?n=200
Aggregated Function Time : count 105293 avg 0.014269846 +/- 0.04774 min 0.001564797 max 2.399667425 sum 1502.51487
# target 50% 0.00880237
# target 75% 0.0149558
# target 90% 0.0194
# target 99% 0.0733044
# target 99.9% 0.706096
Sockets used: 25 (for perfect keepalive, would be 25)
Jitter: false
Code 200 : 105293 (100.0 %)
All done 105293 calls (plus 25 warmup) 14.270 ms avg, 1751.1 qps
Successfully wrote 5346 bytes of Json data to 2022-06-04-084440_asg_raupi_3_70_scaling_2_10.json
fortio exit code: 0
[2022-06-04T08:45:40]==============================[STATS]
jh CPU load avg:
0.06 0.10 0.09 1/166 1151
i-0984a914c7b42bcd2
InService
Healthy
{}
i-0f3d7cc3b0ec19096
InService
Healthy
{}
[2022-06-04T08:45:41]==============================[SCALING RUN 2: CHUNK 11]==============================
08:45:41 I logger.go:127> Log level is now 4 Error (was 2 Info)
Fortio 1.19.0 running at -1 queries per second, 2->2 procs, for 1m0s: http://asg-1-lb-873205894.us-east-1.elb.amazonaws.com:3000/?n=200
Aggregated Function Time : count 101591 avg 0.014794656 +/- 0.06005 min 0.001577943 max 3.649733041 sum 1503.00385
# target 50% 0.00910847
# target 75% 0.0152908
# target 90% 0.01945
# target 99% 0.0938754
# target 99.9% 0.840332
Sockets used: 38 (for perfect keepalive, would be 25)
Jitter: false
Code 200 : 101591 (100.0 %)
All done 101591 calls (plus 25 warmup) 14.795 ms avg, 1686.5 qps
Successfully wrote 5574 bytes of Json data to 2022-06-04-084541_asg_raupi_3_70_scaling_2_11.json
fortio exit code: 0
[2022-06-04T08:46:41]==============================[STATS]
jh CPU load avg:
0.02 0.08 0.08 1/166 1171
i-01a9da3117663d4c0
InService
Healthy
{}
i-0984a914c7b42bcd2
InService
Healthy
{}
i-0f3d7cc3b0ec19096
InService
Healthy
{}
[2022-06-04T08:46:42]==============================[SCALING RUN 2: CHUNK 12]==============================
08:46:42 I logger.go:127> Log level is now 4 Error (was 2 Info)
Fortio 1.19.0 running at -1 queries per second, 2->2 procs, for 1m0s: http://asg-1-lb-873205894.us-east-1.elb.amazonaws.com:3000/?n=200
Aggregated Function Time : count 98563 avg 0.015219549 +/- 0.06056 min 0.001613502 max 2.138558676 sum 1500.0844
# target 50% 0.00871679
# target 75% 0.0146995
# target 90% 0.0191142
# target 99% 0.10329
# target 99.9% 0.909373
Sockets used: 25 (for perfect keepalive, would be 25)
Jitter: false
Code 200 : 98563 (100.0 %)
All done 98563 calls (plus 25 warmup) 15.220 ms avg, 1642.2 qps
Successfully wrote 5568 bytes of Json data to 2022-06-04-084642_asg_raupi_3_70_scaling_2_12.json
fortio exit code: 0
[2022-06-04T08:47:42]==============================[STATS]
jh CPU load avg:
0.01 0.06 0.08 1/166 1188
i-01a9da3117663d4c0
InService
Healthy
{}
i-0984a914c7b42bcd2
InService
Healthy
{}
i-0f3d7cc3b0ec19096
InService
Healthy
{}
[2022-06-04T08:47:42]==============================[SCALING RUN 2: CHUNK 13]==============================
08:47:42 I logger.go:127> Log level is now 4 Error (was 2 Info)
Fortio 1.19.0 running at -1 queries per second, 2->2 procs, for 1m0s: http://asg-1-lb-873205894.us-east-1.elb.amazonaws.com:3000/?n=200
Aggregated Function Time : count 171413 avg 0.008751698 +/- 0.04447 min 0.001439901 max 2.78512077 sum 1500.1548
# target 50% 0.00677153
# target 75% 0.00943737
# target 90% 0.0157332
# target 99% 0.0400265
# target 99.9% 0.527146
Sockets used: 25 (for perfect keepalive, would be 25)
Jitter: false
Code 200 : 171413 (100.0 %)
All done 171413 calls (plus 25 warmup) 8.752 ms avg, 2854.3 qps
Successfully wrote 5243 bytes of Json data to 2022-06-04-084742_asg_raupi_3_70_scaling_2_13.json
fortio exit code: 0
[2022-06-04T08:48:43]==============================[STATS]
jh CPU load avg:
0.09 0.08 0.08 1/166 1208
i-01a9da3117663d4c0
InService
Healthy
{}
i-0984a914c7b42bcd2
InService
Healthy
{}
i-0f3d7cc3b0ec19096
InService
Healthy
{}
[2022-06-04T08:48:43]==============================[SCALING RUN 2: CHUNK 14]==============================
08:48:43 I logger.go:127> Log level is now 4 Error (was 2 Info)
Fortio 1.19.0 running at -1 queries per second, 2->2 procs, for 1m0s: http://asg-1-lb-873205894.us-east-1.elb.amazonaws.com:3000/?n=200
Aggregated Function Time : count 182718 avg 0.0082101179 +/- 0.03199 min 0.001438759 max 1.827171879 sum 1500.13633
# target 50% 0.00666975
# target 75% 0.00928527
# target 90% 0.0151795
# target 99% 0.0434057
# target 99.9% 0.376282
Sockets used: 25 (for perfect keepalive, would be 25)
Jitter: false
Code 200 : 182718 (100.0 %)
All done 182718 calls (plus 25 warmup) 8.210 ms avg, 3043.4 qps
Successfully wrote 5456 bytes of Json data to 2022-06-04-084843_asg_raupi_3_70_scaling_2_14.json
fortio exit code: 0
[2022-06-04T08:49:43]==============================[STATS]
jh CPU load avg:
0.28 0.13 0.10 1/166 1226
i-01a9da3117663d4c0
InService
Healthy
{}
i-0984a914c7b42bcd2
InService
Healthy
{}
i-0f3d7cc3b0ec19096
InService
Healthy
{}
[2022-06-04T08:49:44]==============================[SCALING RUN 3: INIT]==============================
{
    "Alarms": [
        {
            "AlarmName": "TargetTracking-asg-1-myASG-AlarmHigh-aeb11939-c901-4eaf-9ba6-933275b88741", 
            "AlarmARN": "arn:aws:cloudwatch:us-east-1:605060434181:alarm:TargetTracking-asg-1-myASG-AlarmHigh-aeb11939-c901-4eaf-9ba6-933275b88741"
        }, 
        {
            "AlarmName": "TargetTracking-asg-1-myASG-AlarmLow-a1bcda72-c3a1-486f-8367-0450cc9609bb", 
            "AlarmARN": "arn:aws:cloudwatch:us-east-1:605060434181:alarm:TargetTracking-asg-1-myASG-AlarmLow-a1bcda72-c3a1-486f-8367-0450cc9609bb"
        }
    ], 
    "PolicyARN": "arn:aws:autoscaling:us-east-1:605060434181:scalingPolicy:2c65396b-1425-422d-88c7-fee48a623828:autoScalingGroupName/asg-1-myASG:policyName/asg-1-AppServerSP-1XQVO95666JQZ"
}
scaling to 1
[2022-06-04T08:49:45]==============================[SCALING RUN 3: ENABLE SCALING - SLEEP]==============================
{
    "Alarms": [
        {
            "AlarmName": "TargetTracking-asg-1-myASG-AlarmHigh-c98f3cf5-3961-4041-b750-be27eb485675", 
            "AlarmARN": "arn:aws:cloudwatch:us-east-1:605060434181:alarm:TargetTracking-asg-1-myASG-AlarmHigh-c98f3cf5-3961-4041-b750-be27eb485675"
        }, 
        {
            "AlarmName": "TargetTracking-asg-1-myASG-AlarmLow-3a9881f5-4832-4136-8bdb-5f76bc5184c2", 
            "AlarmARN": "arn:aws:cloudwatch:us-east-1:605060434181:alarm:TargetTracking-asg-1-myASG-AlarmLow-3a9881f5-4832-4136-8bdb-5f76bc5184c2"
        }
    ], 
    "PolicyARN": "arn:aws:autoscaling:us-east-1:605060434181:scalingPolicy:2c65396b-1425-422d-88c7-fee48a623828:autoScalingGroupName/asg-1-myASG:policyName/asg-1-AppServerSP-1XQVO95666JQZ"
}
[2022-06-04T08:52:47]==============================[SCALING RUN 3: FORTIO]==============================
[2022-06-04T08:52:47]==============================[STATS]
jh CPU load avg:
0.08 0.09 0.08 1/167 1261
i-01a9da3117663d4c0
InService
Healthy
{}
[2022-06-04T08:52:47]==============================[SCALING RUN 3: CHUNK 1]==============================
08:52:47 I logger.go:127> Log level is now 4 Error (was 2 Info)
Fortio 1.19.0 running at -1 queries per second, 2->2 procs, for 1m0s: http://asg-1-lb-873205894.us-east-1.elb.amazonaws.com:3000/?n=200
Aggregated Function Time : count 52635 avg 0.028502631 +/- 0.05643 min 0.001655164 max 1.2529842279999999 sum 1500.236
# target 50% 0.016739
# target 75% 0.0269469
# target 90% 0.0542294
# target 99% 0.262078
# target 99.9% 0.732173
Sockets used: 25 (for perfect keepalive, would be 25)
Jitter: false
Code 200 : 52635 (100.0 %)
All done 52635 calls (plus 25 warmup) 28.503 ms avg, 877.0 qps
Successfully wrote 5000 bytes of Json data to 2022-06-04-085248_asg_raupi_3_70_scaling_3_1.json
fortio exit code: 0
[2022-06-04T08:53:48]==============================[STATS]
jh CPU load avg:
0.18 0.10 0.09 1/167 1278
i-01a9da3117663d4c0
InService
Healthy
{}
[2022-06-04T08:53:48]==============================[SCALING RUN 3: CHUNK 2]==============================
08:53:48 I logger.go:127> Log level is now 4 Error (was 2 Info)
Fortio 1.19.0 running at -1 queries per second, 2->2 procs, for 1m0s: http://asg-1-lb-873205894.us-east-1.elb.amazonaws.com:3000/?n=200
Aggregated Function Time : count 55132 avg 0.027212613 +/- 0.07237 min 0.001662676 max 2.045169678 sum 1500.28579
# target 50% 0.0149077
# target 75% 0.0235636
# target 90% 0.0476279
# target 99% 0.283019
# target 99.9% 1.27868
Sockets used: 25 (for perfect keepalive, would be 25)
Jitter: false
Code 200 : 55132 (100.0 %)
All done 55132 calls (plus 25 warmup) 27.213 ms avg, 918.6 qps
Successfully wrote 5596 bytes of Json data to 2022-06-04-085348_asg_raupi_3_70_scaling_3_2.json
fortio exit code: 0
[2022-06-04T08:54:48]==============================[STATS]
jh CPU load avg:
0.19 0.11 0.09 1/167 1298
i-01a9da3117663d4c0
InService
Healthy
{}
[2022-06-04T08:54:49]==============================[SCALING RUN 3: CHUNK 3]==============================
08:54:49 I logger.go:127> Log level is now 4 Error (was 2 Info)
Fortio 1.19.0 running at -1 queries per second, 2->2 procs, for 1m0s: http://asg-1-lb-873205894.us-east-1.elb.amazonaws.com:3000/?n=200
Aggregated Function Time : count 52471 avg 0.028594811 +/- 0.06171 min 0.001564392 max 1.200157191 sum 1500.39834
# target 50% 0.0175162
# target 75% 0.0269491
# target 90% 0.0493955
# target 99% 0.27343
# target 99.9% 0.968445
Sockets used: 25 (for perfect keepalive, would be 25)
Jitter: false
Code 200 : 52471 (100.0 %)
All done 52471 calls (plus 25 warmup) 28.595 ms avg, 874.1 qps
Successfully wrote 5087 bytes of Json data to 2022-06-04-085449_asg_raupi_3_70_scaling_3_3.json
fortio exit code: 0
[2022-06-04T08:55:49]==============================[STATS]
jh CPU load avg:
0.06 0.09 0.09 1/165 1316
i-01a9da3117663d4c0
InService
Healthy
{}
[2022-06-04T08:55:50]==============================[SCALING RUN 3: CHUNK 4]==============================
08:55:50 I logger.go:127> Log level is now 4 Error (was 2 Info)
Fortio 1.19.0 running at -1 queries per second, 2->2 procs, for 1m0s: http://asg-1-lb-873205894.us-east-1.elb.amazonaws.com:3000/?n=200
Aggregated Function Time : count 52478 avg 0.028591131 +/- 0.06075 min 0.001627907 max 1.182834842 sum 1500.40535
# target 50% 0.0174942
# target 75% 0.0271446
# target 90% 0.0523674
# target 99% 0.243974
# target 99.9% 0.9882
Sockets used: 25 (for perfect keepalive, would be 25)
Jitter: false
Code 200 : 52478 (100.0 %)
All done 52478 calls (plus 25 warmup) 28.591 ms avg, 874.1 qps
Successfully wrote 4981 bytes of Json data to 2022-06-04-085550_asg_raupi_3_70_scaling_3_4.json
fortio exit code: 0
[2022-06-04T08:56:50]==============================[STATS]
jh CPU load avg:
0.02 0.07 0.08 1/166 1334
i-01a9da3117663d4c0
InService
Healthy
{}
[2022-06-04T08:56:50]==============================[SCALING RUN 3: CHUNK 5]==============================
08:56:50 I logger.go:127> Log level is now 4 Error (was 2 Info)
Fortio 1.19.0 running at -1 queries per second, 2->2 procs, for 1m0s: http://asg-1-lb-873205894.us-east-1.elb.amazonaws.com:3000/?n=200
Aggregated Function Time : count 53746 avg 0.027913409 +/- 0.07067 min 0.001508833 max 1.782058223 sum 1500.23409
# target 50% 0.0172053
# target 75% 0.0261121
# target 90% 0.0453043
# target 99% 0.259879
# target 99.9% 1.25016
Sockets used: 37 (for perfect keepalive, would be 25)
Jitter: false
Code 200 : 53746 (100.0 %)
All done 53746 calls (plus 25 warmup) 27.913 ms avg, 895.5 qps
Successfully wrote 5096 bytes of Json data to 2022-06-04-085650_asg_raupi_3_70_scaling_3_5.json
fortio exit code: 0
[2022-06-04T08:57:51]==============================[STATS]
jh CPU load avg:
0.05 0.07 0.08 1/166 1351
i-01a9da3117663d4c0
InService
Healthy
{}
i-08c6f598c2e977ec2
InService
Healthy
{}
[2022-06-04T08:57:51]==============================[SCALING RUN 3: CHUNK 6]==============================
08:57:51 I logger.go:127> Log level is now 4 Error (was 2 Info)
Fortio 1.19.0 running at -1 queries per second, 2->2 procs, for 1m0s: http://asg-1-lb-873205894.us-east-1.elb.amazonaws.com:3000/?n=200
Aggregated Function Time : count 51660 avg 0.029039755 +/- 0.05842 min 0.001555914 max 0.991259437 sum 1500.19377
# target 50% 0.0172056
# target 75% 0.0261902
# target 90% 0.0476954
# target 99% 0.349644
# target 99.9% 0.673821
Sockets used: 25 (for perfect keepalive, would be 25)
Jitter: false
Code 200 : 51660 (100.0 %)
All done 51660 calls (plus 25 warmup) 29.040 ms avg, 860.7 qps
Successfully wrote 4872 bytes of Json data to 2022-06-04-085751_asg_raupi_3_70_scaling_3_6.json
fortio exit code: 0
[2022-06-04T08:58:51]==============================[STATS]
jh CPU load avg:
0.02 0.05 0.07 1/166 1367
i-01a9da3117663d4c0
InService
Healthy
{}
i-08c6f598c2e977ec2
InService
Healthy
{}
[2022-06-04T08:58:52]==============================[SCALING RUN 3: CHUNK 7]==============================
08:58:52 I logger.go:127> Log level is now 4 Error (was 2 Info)
Fortio 1.19.0 running at -1 queries per second, 2->2 procs, for 1m0s: http://asg-1-lb-873205894.us-east-1.elb.amazonaws.com:3000/?n=200
Aggregated Function Time : count 128393 avg 0.011683542 +/- 0.02039 min 0.001462917 max 0.677670365 sum 1500.08496
# target 50% 0.0081305
# target 75% 0.0140106
# target 90% 0.019489
# target 99% 0.0682124
# target 99.9% 0.287581
Sockets used: 25 (for perfect keepalive, would be 25)
Jitter: false
Code 200 : 128393 (100.0 %)
All done 128393 calls (plus 25 warmup) 11.684 ms avg, 2139.5 qps
Successfully wrote 4604 bytes of Json data to 2022-06-04-085852_asg_raupi_3_70_scaling_3_7.json
fortio exit code: 0
[2022-06-04T08:59:52]==============================[STATS]
jh CPU load avg:
0.00 0.04 0.07 1/166 1385
i-01a9da3117663d4c0
InService
Healthy
{}
i-08c6f598c2e977ec2
InService
Healthy
{}
[2022-06-04T08:59:52]==============================[SCALING RUN 3: CHUNK 8]==============================
08:59:52 I logger.go:127> Log level is now 4 Error (was 2 Info)
Fortio 1.19.0 running at -1 queries per second, 2->2 procs, for 1m0s: http://asg-1-lb-873205894.us-east-1.elb.amazonaws.com:3000/?n=200
Aggregated Function Time : count 113892 avg 0.013191133 +/- 0.03 min 0.001547436 max 1.170074726 sum 1502.36447
# target 50% 0.00862136
# target 75% 0.0149316
# target 90% 0.0197805
# target 99% 0.0967752
# target 99.9% 0.473492
Sockets used: 25 (for perfect keepalive, would be 25)
Jitter: false
Code 200 : 113892 (100.0 %)
All done 113892 calls (plus 25 warmup) 13.191 ms avg, 1893.5 qps
Successfully wrote 4991 bytes of Json data to 2022-06-04-085953_asg_raupi_3_70_scaling_3_8.json
fortio exit code: 0
[2022-06-04T09:00:53]==============================[STATS]
jh CPU load avg:
0.00 0.03 0.06 1/167 1407
i-01a9da3117663d4c0
InService
Healthy
{}
i-08c6f598c2e977ec2
InService
Healthy
{}
[2022-06-04T09:00:53]==============================[SCALING RUN 3: CHUNK 9]==============================
09:00:53 I logger.go:127> Log level is now 4 Error (was 2 Info)
Fortio 1.19.0 running at -1 queries per second, 2->2 procs, for 1m0s: http://asg-1-lb-873205894.us-east-1.elb.amazonaws.com:3000/?n=200
Aggregated Function Time : count 120574 avg 0.012456042 +/- 0.02348 min 0.001484209 max 0.968984043 sum 1501.87479
# target 50% 0.00894054
# target 75% 0.0153356
# target 90% 0.0198078
# target 99% 0.0637635
# target 99.9% 0.34539
Sockets used: 25 (for perfect keepalive, would be 25)
Jitter: false
Code 200 : 120574 (100.0 %)
All done 120574 calls (plus 25 warmup) 12.456 ms avg, 2003.8 qps
Successfully wrote 4743 bytes of Json data to 2022-06-04-090053_asg_raupi_3_70_scaling_3_9.json
fortio exit code: 0
[2022-06-04T09:01:54]==============================[STATS]
jh CPU load avg:
0.00 0.02 0.06 1/168 1437
i-01a9da3117663d4c0
InService
Healthy
{}
i-08c6f598c2e977ec2
InService
Healthy
{}
[2022-06-04T09:01:54]==============================[SCALING RUN 3: CHUNK 10]==============================
09:01:54 I logger.go:127> Log level is now 4 Error (was 2 Info)
Fortio 1.19.0 running at -1 queries per second, 2->2 procs, for 1m0s: http://asg-1-lb-873205894.us-east-1.elb.amazonaws.com:3000/?n=200
Aggregated Function Time : count 116050 avg 0.012940527 +/- 0.03166 min 0.001557702 max 1.577442838 sum 1501.74815
# target 50% 0.00880431
# target 75% 0.0152071
# target 90% 0.0198701
# target 99% 0.0619082
# target 99.9% 0.398409
Sockets used: 25 (for perfect keepalive, would be 25)
Jitter: false
Code 200 : 116050 (100.0 %)
All done 116050 calls (plus 25 warmup) 12.941 ms avg, 1929.5 qps
Successfully wrote 4851 bytes of Json data to 2022-06-04-090154_asg_raupi_3_70_scaling_3_10.json
fortio exit code: 0
[2022-06-04T09:02:54]==============================[STATS]
jh CPU load avg:
0.10 0.05 0.06 1/168 1454
i-01a9da3117663d4c0
InService
Healthy
{}
i-08c6f598c2e977ec2
InService
Healthy
{}
[2022-06-04T09:02:55]==============================[SCALING RUN 3: CHUNK 11]==============================
09:02:55 I logger.go:127> Log level is now 4 Error (was 2 Info)
Fortio 1.19.0 running at -1 queries per second, 2->2 procs, for 1m0s: http://asg-1-lb-873205894.us-east-1.elb.amazonaws.com:3000/?n=200
Aggregated Function Time : count 119701 avg 0.012532189 +/- 0.02478 min 0.001474044 max 0.813732388 sum 1500.11552
# target 50% 0.00868314
# target 75% 0.0150064
# target 90% 0.0197393
# target 99% 0.0735034
# target 99.9% 0.412182
Sockets used: 25 (for perfect keepalive, would be 25)
Jitter: false
Code 200 : 119701 (100.0 %)
All done 119701 calls (plus 25 warmup) 12.532 ms avg, 1994.5 qps
Successfully wrote 4875 bytes of Json data to 2022-06-04-090255_asg_raupi_3_70_scaling_3_11.json
fortio exit code: 0
[2022-06-04T09:03:55]==============================[STATS]
jh CPU load avg:
0.03 0.03 0.06 1/168 1471
i-009cc2bc20e533cfd
InService
Healthy
{}
i-01a9da3117663d4c0
InService
Healthy
{}
i-08c6f598c2e977ec2
InService
Healthy
{}
[2022-06-04T09:03:56]==============================[SCALING RUN 3: CHUNK 12]==============================
09:03:56 I logger.go:127> Log level is now 4 Error (was 2 Info)
Fortio 1.19.0 running at -1 queries per second, 2->2 procs, for 1m0s: http://asg-1-lb-873205894.us-east-1.elb.amazonaws.com:3000/?n=200
Aggregated Function Time : count 118714 avg 0.01263572 +/- 0.04346 min 0.001560285 max 1.901347254 sum 1500.03691
# target 50% 0.0084336
# target 75% 0.0142298
# target 90% 0.0188932
# target 99% 0.0614962
# target 99.9% 0.601144
Sockets used: 25 (for perfect keepalive, would be 25)
Jitter: false
Code 200 : 118714 (100.0 %)
All done 118714 calls (plus 25 warmup) 12.636 ms avg, 1978.3 qps
Successfully wrote 5485 bytes of Json data to 2022-06-04-090356_asg_raupi_3_70_scaling_3_12.json
fortio exit code: 0
[2022-06-04T09:04:56]==============================[STATS]
jh CPU load avg:
0.01 0.03 0.05 1/168 1489
i-009cc2bc20e533cfd
InService
Healthy
{}
i-01a9da3117663d4c0
InService
Healthy
{}
i-08c6f598c2e977ec2
InService
Healthy
{}
[2022-06-04T09:04:57]==============================[SCALING RUN 3: CHUNK 13]==============================
09:04:57 I logger.go:127> Log level is now 4 Error (was 2 Info)
Fortio 1.19.0 running at -1 queries per second, 2->2 procs, for 1m0s: http://asg-1-lb-873205894.us-east-1.elb.amazonaws.com:3000/?n=200
Aggregated Function Time : count 188954 avg 0.0079386379 +/- 0.01065 min 0.0014287 max 0.527430608 sum 1500.03739
# target 50% 0.0066585
# target 75% 0.00927343
# target 90% 0.0158069
# target 99% 0.0440472
# target 99.9% 0.134389
Sockets used: 25 (for perfect keepalive, would be 25)
Jitter: false
Code 200 : 188954 (100.0 %)
All done 188954 calls (plus 25 warmup) 7.939 ms avg, 3148.7 qps
Successfully wrote 4239 bytes of Json data to 2022-06-04-090457_asg_raupi_3_70_scaling_3_13.json
fortio exit code: 0
[2022-06-04T09:05:57]==============================[STATS]
jh CPU load avg:
0.08 0.04 0.05 1/167 1508
i-009cc2bc20e533cfd
InService
Healthy
{}
i-01a9da3117663d4c0
InService
Healthy
{}
i-08c6f598c2e977ec2
InService
Healthy
{}
[2022-06-04T09:05:57]==============================[SCALING RUN 3: CHUNK 14]==============================
09:05:57 I logger.go:127> Log level is now 4 Error (was 2 Info)
Fortio 1.19.0 running at -1 queries per second, 2->2 procs, for 1m0s: http://asg-1-lb-873205894.us-east-1.elb.amazonaws.com:3000/?n=200
Aggregated Function Time : count 187084 avg 0.0080183127 +/- 0.01195 min 0.001426096 max 0.51490678 sum 1500.09801
# target 50% 0.0066655
# target 75% 0.00928523
# target 90% 0.0157536
# target 99% 0.041797
# target 99.9% 0.149809
Sockets used: 25 (for perfect keepalive, would be 25)
Jitter: false
Code 200 : 187084 (100.0 %)
All done 187084 calls (plus 25 warmup) 8.018 ms avg, 3116.9 qps
Successfully wrote 4489 bytes of Json data to 2022-06-04-090557_asg_raupi_3_70_scaling_3_14.json
fortio exit code: 0
[2022-06-04T09:06:57]==============================[STATS]
jh CPU load avg:
0.03 0.03 0.04 1/166 1575
i-009cc2bc20e533cfd
InService
Healthy
{}
i-01a9da3117663d4c0
InService
Healthy
{}
i-08c6f598c2e977ec2
InService
Healthy
{}
[2022-06-04T09:10:58]==============================[GET DATA]==============================
2022-06-04T07:18:42..2022-06-04T09:10:58
asg-1-myASG
asg-1-lb
36K alb_data.json
24K asg_data.json
[2022-06-04T09:10:59]==============================[UPLOAD /2022.06.04_07-17_asg_raupi_3_70_7945]==============================
Warning: Permanently added '35.185.210.97' (ECDSA) to the list of known hosts.
