+ git log -3
commit a9b821fa65835b8d47604dac5a329a9dcea79047
Author: Your Name <you@example.com>
Date:   Thu Apr 21 19:28:52 2022 +1200

    randomize plot colors

commit 0a320cb4dcb40f798b6f5016d2095e77f306e3c6
Author: Your Name <you@example.com>
Date:   Wed Apr 20 07:52:49 2022 +1200

    better menu

commit 7e4c4a527df005bacba561626bc6652af8ffc4c0
Author: Your Name <you@example.com>
Date:   Mon Apr 18 10:10:14 2022 +1200

    use relative paths
++ cut -d _ -f 2
+ app=taewa
+ export AWS_DEFAULT_REGION=us-east-1
+ AWS_DEFAULT_REGION=us-east-1
+ line===============================
++ date +%FT%T
+ echo '[2022-04-22T21:58:12]==============================[starting' in '/tmp/k8s-vs-ASG/data/cli]=============================='
[2022-04-22T21:58:12]==============================[starting in /tmp/k8s-vs-ASG/data/cli]==============================
+ source 0.setup.sh
++ set -x
++ '[' asg_taewa_3extra == k8s_apache_3 ']'
++ '[' asg_taewa_3extra == asg_apache_3 ']'
++ '[' asg_taewa_3extra == k8s_apache2_3 ']'
++ '[' asg_taewa_3extra == k8s_taewa_3 ']'
++ '[' asg_taewa_3extra == asg_taewa_3 ']'
++ '[' asg_taewa_3extra == k8s_taewa_3lite ']'
++ '[' asg_taewa_3extra == asg_taewa_3lite ']'
++ '[' asg_taewa_3extra == k8s_taewa_3extra ']'
++ '[' asg_taewa_3extra == asg_taewa_3extra ']'
++ warmup_url='3000/?n=80000'
++ testing_url='3000/?n=80000'
++ cpu_perc=35
++ warmup_min_threads=5
++ warmup_max_threads=10
++ warmup_cycle_sec=90
++ scaling_minutes=14
++ performance_sec=300
++ max_capacity=3
++ fortio_options='-a -qps -1 -r 0.01 -loglevel Error -allow-initial-errors'
++ '[' asg_taewa_3extra == k8s_taewa_6 ']'
++ '[' asg_taewa_3extra == asg_taewa_6 ']'
++ '[' asg_taewa_3extra == k8s_riwai_3 ']'
++ '[' asg_taewa_3extra == asg_riwai_3 ']'
++ '[' asg_taewa_3extra == asg_raupi_3 ']'
++ '[' asg_taewa_3extra == k8s_raupi_3 ']'
++ set +x
{
    "Account": "875005925642", 
    "UserId": "AIDA4XOTK3EFC3E4PEQX7", 
    "Arn": "arn:aws:iam::875005925642:user/ad"
}
[2022-04-22T21:58:18] waiting for instances ...
scaling to 3
{
    "HealthCheck": {
        "HealthyThreshold": 2, 
        "Interval": 10, 
        "Target": "HTTP:3000/?n=80000", 
        "Timeout": 5, 
        "UnhealthyThreshold": 6
    }
}
  % Total    % Received % Xferd  Average Speed   Time    Time     Time  Current
                                 Dload  Upload   Total   Spent    Left  Speed
  0     0    0     0    0     0      0      0 --:--:-- --:--:-- --:--:--     0100    44    0    44    0     0   3663      0 --:--:-- --:--:-- --:--:--  4000
The result of this run is :  19879.897431676
[2022-04-22T22:03:21]==============================[STATS]
jh CPU load avg:
0.03 0.11 0.08 1/159 2893
i-001db51fd0a8fd1f7
InService
Healthy
{}
i-0415b7d38b819501b
InService
Healthy
{}
i-0cf211914a10a4944
InService
Healthy
{}
[2022-04-22T22:03:22]==============================[WARMUP RUN c5]==============================
22:03:22 I logger.go:127> Log level is now 4 Error (was 2 Info)
Fortio 1.19.0 running at -1 queries per second, 2->2 procs, for 1m30s: http://asg-1-lb-935221075.us-east-1.elb.amazonaws.com:3000/?n=80000
Aggregated Function Time : count 27060 avg 0.01663078 +/- 0.005808 min 0.004514102 max 0.043059015 sum 450.028904
# target 50% 0.0166545
# target 75% 0.0201067
# target 90% 0.0261236
# target 99% 0.0297338
# target 99.9% 0.0371843
Sockets used: 5 (for perfect keepalive, would be 5)
Jitter: false
Code 200 : 27060 (100.0 %)
All done 27060 calls (plus 5 warmup) 16.631 ms avg, 300.6 qps
Successfully wrote 2318 bytes of Json data to 2022-04-22-220322_asg_taewa_3extra_warmup_5.json
fortio exit code: 0
[2022-04-22T22:04:52]==============================[STATS]
jh CPU load avg:
0.00 0.08 0.07 1/159 2910
i-001db51fd0a8fd1f7
InService
Healthy
{}
i-0415b7d38b819501b
InService
Healthy
{}
i-0cf211914a10a4944
InService
Healthy
{}
[2022-04-22T22:05:53]==============================[STATS]
jh CPU load avg:
0.00 0.06 0.06 1/158 2919
i-001db51fd0a8fd1f7
InService
Healthy
{}
i-0415b7d38b819501b
InService
Healthy
{}
i-0cf211914a10a4944
InService
Healthy
{}
[2022-04-22T22:05:53]==============================[WARMUP RUN c6]==============================
22:05:53 I logger.go:127> Log level is now 4 Error (was 2 Info)
Fortio 1.19.0 running at -1 queries per second, 2->2 procs, for 1m30s: http://asg-1-lb-935221075.us-east-1.elb.amazonaws.com:3000/?n=80000
Aggregated Function Time : count 121902 avg 0.0044295175 +/- 0.002317 min 0.002399646 max 0.216364696 sum 539.967047
# target 50% 0.00623589
# target 75% 0.00815404
# target 90% 0.00930493
# target 99% 0.00999547
# target 99.9% 0.0237982
Sockets used: 6 (for perfect keepalive, would be 6)
Jitter: false
Code 200 : 121902 (100.0 %)
All done 121902 calls (plus 6 warmup) 4.430 ms avg, 1354.4 qps
Successfully wrote 2442 bytes of Json data to 2022-04-22-220553_asg_taewa_3extra_warmup_6.json
fortio exit code: 0
[2022-04-22T22:07:24]==============================[STATS]
jh CPU load avg:
0.12 0.09 0.07 1/158 2937
i-001db51fd0a8fd1f7
InService
Healthy
{}
i-0415b7d38b819501b
InService
Healthy
{}
i-0cf211914a10a4944
InService
Healthy
{}
[2022-04-22T22:08:24]==============================[STATS]
jh CPU load avg:
0.04 0.07 0.06 1/157 2946
i-001db51fd0a8fd1f7
InService
Healthy
{}
i-0415b7d38b819501b
InService
Healthy
{}
i-0cf211914a10a4944
InService
Healthy
{}
[2022-04-22T22:08:25]==============================[WARMUP RUN c7]==============================
22:08:25 I logger.go:127> Log level is now 4 Error (was 2 Info)
Fortio 1.19.0 running at -1 queries per second, 2->2 procs, for 1m30s: http://asg-1-lb-935221075.us-east-1.elb.amazonaws.com:3000/?n=80000
Aggregated Function Time : count 130740 avg 0.0048184718 +/- 0.001906 min 0.002393418 max 0.214349585 sum 629.967004
# target 50% 0.00622644
# target 75% 0.00814298
# target 90% 0.0092929
# target 99% 0.00998285
# target 99.9% 0.0189864
Sockets used: 7 (for perfect keepalive, would be 7)
Jitter: false
Code 200 : 130740 (100.0 %)
All done 130740 calls (plus 7 warmup) 4.818 ms avg, 1452.6 qps
Successfully wrote 2324 bytes of Json data to 2022-04-22-220825_asg_taewa_3extra_warmup_7.json
fortio exit code: 0
[2022-04-22T22:09:55]==============================[STATS]
jh CPU load avg:
0.01 0.05 0.06 1/158 2965
i-001db51fd0a8fd1f7
InService
Healthy
{}
i-0415b7d38b819501b
InService
Healthy
{}
i-0cf211914a10a4944
InService
Healthy
{}
[2022-04-22T22:10:55]==============================[STATS]
jh CPU load avg:
0.00 0.04 0.05 1/159 2980
i-001db51fd0a8fd1f7
InService
Healthy
{}
i-0415b7d38b819501b
InService
Healthy
{}
i-0cf211914a10a4944
InService
Healthy
{}
[2022-04-22T22:10:56]==============================[WARMUP RUN c8]==============================
22:10:56 I logger.go:127> Log level is now 4 Error (was 2 Info)
Fortio 1.19.0 running at -1 queries per second, 2->2 procs, for 1m30s: http://asg-1-lb-935221075.us-east-1.elb.amazonaws.com:3000/?n=80000
Aggregated Function Time : count 128394 avg 0.0056075014 +/- 0.002633 min 0.002404445 max 0.213234294 sum 719.969537
# target 50% 0.00669972
# target 75% 0.0088474
# target 90% 0.0113721
# target 99% 0.0191724
# target 99.9% 0.0199525
Sockets used: 8 (for perfect keepalive, would be 8)
Jitter: false
Code 200 : 128394 (100.0 %)
All done 128394 calls (plus 8 warmup) 5.608 ms avg, 1426.5 qps
Successfully wrote 2443 bytes of Json data to 2022-04-22-221056_asg_taewa_3extra_warmup_8.json
fortio exit code: 0
[2022-04-22T22:12:26]==============================[STATS]
jh CPU load avg:
0.02 0.03 0.05 1/159 3000
i-001db51fd0a8fd1f7
InService
Healthy
{}
i-0415b7d38b819501b
InService
Healthy
{}
i-0cf211914a10a4944
InService
Healthy
{}
[2022-04-22T22:13:27]==============================[STATS]
jh CPU load avg:
0.00 0.03 0.04 1/159 3009
i-001db51fd0a8fd1f7
InService
Healthy
{}
i-0415b7d38b819501b
InService
Healthy
{}
i-0cf211914a10a4944
InService
Healthy
{}
[2022-04-22T22:13:28]==============================[WARMUP RUN c9]==============================
22:13:28 I logger.go:127> Log level is now 4 Error (was 2 Info)
Fortio 1.19.0 running at -1 queries per second, 2->2 procs, for 1m30s: http://asg-1-lb-935221075.us-east-1.elb.amazonaws.com:3000/?n=80000
Aggregated Function Time : count 129664 avg 0.0062466933 +/- 0.003143 min 0.002405642 max 0.043268813 sum 809.971243
# target 50% 0.00668014
# target 75% 0.00881743
# target 90% 0.011054
# target 99% 0.01918
# target 99.9% 0.0199926
Sockets used: 9 (for perfect keepalive, would be 9)
Jitter: false
Code 200 : 129664 (100.0 %)
All done 129664 calls (plus 9 warmup) 6.247 ms avg, 1440.6 qps
Successfully wrote 2330 bytes of Json data to 2022-04-22-221328_asg_taewa_3extra_warmup_9.json
fortio exit code: 0
[2022-04-22T22:14:58]==============================[STATS]
jh CPU load avg:
0.00 0.02 0.03 1/159 3027
i-001db51fd0a8fd1f7
InService
Healthy
{}
i-0415b7d38b819501b
InService
Healthy
{}
i-0cf211914a10a4944
InService
Healthy
{}
[2022-04-22T22:15:58]==============================[STATS]
jh CPU load avg:
0.00 0.01 0.03 1/158 3037
i-001db51fd0a8fd1f7
InService
Healthy
{}
i-0415b7d38b819501b
InService
Healthy
{}
i-0cf211914a10a4944
InService
Healthy
{}
[2022-04-22T22:15:59]==============================[WARMUP RUN c10]==============================
22:15:59 I logger.go:127> Log level is now 4 Error (was 2 Info)
Fortio 1.19.0 running at -1 queries per second, 2->2 procs, for 1m30s: http://asg-1-lb-935221075.us-east-1.elb.amazonaws.com:3000/?n=80000
Aggregated Function Time : count 130200 avg 0.0069122656 +/- 0.004067 min 0.002424881 max 0.226826813 sum 899.976987
# target 50% 0.00722689
# target 75% 0.00962793
# target 90% 0.015288
# target 99% 0.0195656
# target 99.9% 0.0199934
Sockets used: 10 (for perfect keepalive, would be 10)
Jitter: false
Code 200 : 130200 (100.0 %)
All done 130200 calls (plus 10 warmup) 6.912 ms avg, 1446.5 qps
Successfully wrote 2564 bytes of Json data to 2022-04-22-221559_asg_taewa_3extra_warmup_10.json
fortio exit code: 0
[2022-04-22T22:17:29]==============================[STATS]
jh CPU load avg:
0.07 0.03 0.03 1/158 3055
i-001db51fd0a8fd1f7
InService
Healthy
{}
i-0415b7d38b819501b
InService
Healthy
{}
i-0cf211914a10a4944
InService
Healthy
{}
{
    "LoadBalancerDescriptions": [
        {
            "Subnets": [
                "subnet-01dee7d1537fbc73d", 
                "subnet-0a93f48f0940b96db"
            ], 
            "CanonicalHostedZoneNameID": "Z35SXDOTRQ7X7K", 
            "CanonicalHostedZoneName": "asg-1-lb-935221075.us-east-1.elb.amazonaws.com", 
            "ListenerDescriptions": [
                {
                    "Listener": {
                        "InstancePort": 3000, 
                        "LoadBalancerPort": 3000, 
                        "Protocol": "TCP", 
                        "InstanceProtocol": "TCP"
                    }, 
                    "PolicyNames": []
                }, 
                {
                    "Listener": {
                        "InstancePort": 80, 
                        "LoadBalancerPort": 80, 
                        "Protocol": "TCP", 
                        "InstanceProtocol": "TCP"
                    }, 
                    "PolicyNames": []
                }
            ], 
            "HealthCheck": {
                "HealthyThreshold": 2, 
                "Interval": 10, 
                "Target": "HTTP:3000/?n=80000", 
                "Timeout": 5, 
                "UnhealthyThreshold": 6
            }, 
            "VPCId": "vpc-0df42cb92882f427d", 
            "BackendServerDescriptions": [], 
            "Instances": [
                {
                    "InstanceId": "i-0cf211914a10a4944"
                }, 
                {
                    "InstanceId": "i-001db51fd0a8fd1f7"
                }, 
                {
                    "InstanceId": "i-0415b7d38b819501b"
                }
            ], 
            "DNSName": "asg-1-lb-935221075.us-east-1.elb.amazonaws.com", 
            "SecurityGroups": [
                "sg-07b184d1d8d7eee43"
            ], 
            "Policies": {
                "LBCookieStickinessPolicies": [], 
                "AppCookieStickinessPolicies": [], 
                "OtherPolicies": []
            }, 
            "LoadBalancerName": "asg-1-lb", 
            "CreatedTime": "2022-04-22T21:54:11.660Z", 
            "AvailabilityZones": [
                "us-east-1b", 
                "us-east-1a"
            ], 
            "Scheme": "internet-facing", 
            "SourceSecurityGroup": {
                "OwnerAlias": "875005925642", 
                "GroupName": "asg-1-ALBSecurityGroup-N1XYNGXNNEXQ"
            }
        }
    ]
}
{
    "AutoScalingGroups": [
        {
            "AutoScalingGroupARN": "arn:aws:autoscaling:us-east-1:875005925642:autoScalingGroup:1e3c7ca3-fa0a-4758-a5ac-3f8710e70b4c:autoScalingGroupName/asg-1-myASG", 
            "ServiceLinkedRoleARN": "arn:aws:iam::875005925642:role/aws-service-role/autoscaling.amazonaws.com/AWSServiceRoleForAutoScaling", 
            "TargetGroupARNs": [], 
            "SuspendedProcesses": [], 
            "LaunchTemplate": {
                "LaunchTemplateName": "asg-1-launch-template", 
                "Version": "1", 
                "LaunchTemplateId": "lt-0a4c4d5908e83b748"
            }, 
            "Tags": [
                {
                    "ResourceType": "auto-scaling-group", 
                    "ResourceId": "asg-1-myASG", 
                    "PropagateAtLaunch": true, 
                    "Value": "asg-1-instance", 
                    "Key": "Name"
                }, 
                {
                    "ResourceType": "auto-scaling-group", 
                    "ResourceId": "asg-1-myASG", 
                    "PropagateAtLaunch": false, 
                    "Value": "WebServerGroup", 
                    "Key": "Purpose"
                }, 
                {
                    "ResourceType": "auto-scaling-group", 
                    "ResourceId": "asg-1-myASG", 
                    "PropagateAtLaunch": true, 
                    "Value": "myASG", 
                    "Key": "aws:cloudformation:logical-id"
                }, 
                {
                    "ResourceType": "auto-scaling-group", 
                    "ResourceId": "asg-1-myASG", 
                    "PropagateAtLaunch": true, 
                    "Value": "arn:aws:cloudformation:us-east-1:875005925642:stack/asg-1/b4a80840-c286-11ec-a29a-0ab351b839ab", 
                    "Key": "aws:cloudformation:stack-id"
                }, 
                {
                    "ResourceType": "auto-scaling-group", 
                    "ResourceId": "asg-1-myASG", 
                    "PropagateAtLaunch": true, 
                    "Value": "asg-1", 
                    "Key": "aws:cloudformation:stack-name"
                }
            ], 
            "EnabledMetrics": [
                {
                    "Metric": "GroupPendingInstances", 
                    "Granularity": "1Minute"
                }, 
                {
                    "Metric": "GroupInServiceCapacity", 
                    "Granularity": "1Minute"
                }, 
                {
                    "Metric": "GroupInServiceInstances", 
                    "Granularity": "1Minute"
                }, 
                {
                    "Metric": "GroupMaxSize", 
                    "Granularity": "1Minute"
                }, 
                {
                    "Metric": "WarmPoolPendingCapacity", 
                    "Granularity": "1Minute"
                }, 
                {
                    "Metric": "WarmPoolTerminatingCapacity", 
                    "Granularity": "1Minute"
                }, 
                {
                    "Metric": "GroupTotalCapacity", 
                    "Granularity": "1Minute"
                }, 
                {
                    "Metric": "WarmPoolWarmedCapacity", 
                    "Granularity": "1Minute"
                }, 
                {
                    "Metric": "GroupAndWarmPoolTotalCapacity", 
                    "Granularity": "1Minute"
                }, 
                {
                    "Metric": "GroupTerminatingInstances", 
                    "Granularity": "1Minute"
                }, 
                {
                    "Metric": "GroupTerminatingCapacity", 
                    "Granularity": "1Minute"
                }, 
                {
                    "Metric": "GroupDesiredCapacity", 
                    "Granularity": "1Minute"
                }, 
                {
                    "Metric": "GroupAndWarmPoolDesiredCapacity", 
                    "Granularity": "1Minute"
                }, 
                {
                    "Metric": "WarmPoolMinSize", 
                    "Granularity": "1Minute"
                }, 
                {
                    "Metric": "GroupStandbyCapacity", 
                    "Granularity": "1Minute"
                }, 
                {
                    "Metric": "WarmPoolTotalCapacity", 
                    "Granularity": "1Minute"
                }, 
                {
                    "Metric": "WarmPoolDesiredCapacity", 
                    "Granularity": "1Minute"
                }, 
                {
                    "Metric": "GroupPendingCapacity", 
                    "Granularity": "1Minute"
                }, 
                {
                    "Metric": "GroupTotalInstances", 
                    "Granularity": "1Minute"
                }, 
                {
                    "Metric": "GroupMinSize", 
                    "Granularity": "1Minute"
                }, 
                {
                    "Metric": "GroupStandbyInstances", 
                    "Granularity": "1Minute"
                }
            ], 
            "TerminationPolicies": [
                "Default"
            ], 
            "AutoScalingGroupName": "asg-1-myASG", 
            "DefaultCooldown": 300, 
            "MinSize": 1, 
            "Instances": [
                {
                    "ProtectedFromScaleIn": false, 
                    "AvailabilityZone": "us-east-1b", 
                    "LaunchTemplate": {
                        "LaunchTemplateName": "asg-1-launch-template", 
                        "Version": "1", 
                        "LaunchTemplateId": "lt-0a4c4d5908e83b748"
                    }, 
                    "InstanceId": "i-001db51fd0a8fd1f7", 
                    "HealthStatus": "Healthy", 
                    "LifecycleState": "InService", 
                    "InstanceType": "t3.medium"
                }, 
                {
                    "ProtectedFromScaleIn": false, 
                    "AvailabilityZone": "us-east-1a", 
                    "LaunchTemplate": {
                        "LaunchTemplateName": "asg-1-launch-template", 
                        "Version": "1", 
                        "LaunchTemplateId": "lt-0a4c4d5908e83b748"
                    }, 
                    "InstanceId": "i-0415b7d38b819501b", 
                    "HealthStatus": "Healthy", 
                    "LifecycleState": "InService", 
                    "InstanceType": "t3.medium"
                }, 
                {
                    "ProtectedFromScaleIn": false, 
                    "AvailabilityZone": "us-east-1a", 
                    "LaunchTemplate": {
                        "LaunchTemplateName": "asg-1-launch-template", 
                        "Version": "1", 
                        "LaunchTemplateId": "lt-0a4c4d5908e83b748"
                    }, 
                    "InstanceId": "i-0cf211914a10a4944", 
                    "HealthStatus": "Healthy", 
                    "LifecycleState": "InService", 
                    "InstanceType": "t3.medium"
                }
            ], 
            "MaxSize": 3, 
            "VPCZoneIdentifier": "subnet-0a93f48f0940b96db,subnet-01dee7d1537fbc73d", 
            "HealthCheckGracePeriod": 300, 
            "LoadBalancerNames": [
                "asg-1-lb"
            ], 
            "CreatedTime": "2022-04-22T21:56:35.250Z", 
            "AvailabilityZones": [
                "us-east-1a", 
                "us-east-1b"
            ], 
            "HealthCheckType": "EC2", 
            "NewInstancesProtectedFromScaleIn": false, 
            "DesiredCapacity": 3
        }
    ]
}
[2022-04-22T22:18:32]==============================[PERFORMANCE CHUNK RUN 11]==============================
[2022-04-22T22:19:32]==============================[STATS]
jh CPU load avg:
0.04 0.03 0.02 1/158 3080
i-001db51fd0a8fd1f7
InService
Healthy
{}
i-0415b7d38b819501b
InService
Healthy
{}
i-0cf211914a10a4944
InService
Healthy
{}
22:19:33 I logger.go:127> Log level is now 4 Error (was 2 Info)
Fortio 1.19.0 running at -1 queries per second, 2->2 procs, for 1m0s: http://asg-1-lb-935221075.us-east-1.elb.amazonaws.com:3000/?n=80000
Aggregated Function Time : count 86182 avg 0.0069619929 +/- 0.003094 min 0.002413249 max 0.215372356 sum 599.998473
# target 50% 0.00670846
# target 75% 0.00885612
# target 90% 0.0114699
# target 99% 0.0193229
# target 99.9% 0.0275224
Sockets used: 10 (for perfect keepalive, would be 10)
Jitter: false
Code 200 : 86182 (100.0 %)
All done 86182 calls (plus 10 warmup) 6.962 ms avg, 1436.2 qps
Successfully wrote 2688 bytes of Json data to 2022-04-22-221933_asg_taewa_3extra_performance_chunk_11_1.json
fortio exit code: 0
[2022-04-22T22:20:33]==============================[STATS]
jh CPU load avg:
0.07 0.04 0.02 1/158 3102
i-001db51fd0a8fd1f7
InService
Healthy
{}
i-0415b7d38b819501b
InService
Healthy
{}
i-0cf211914a10a4944
InService
Healthy
{}
22:20:33 I logger.go:127> Log level is now 4 Error (was 2 Info)
Fortio 1.19.0 running at -1 queries per second, 2->2 procs, for 1m0s: http://asg-1-lb-935221075.us-east-1.elb.amazonaws.com:3000/?n=80000
Aggregated Function Time : count 86698 avg 0.006920527 +/- 0.003925 min 0.002385816 max 0.226610463 sum 599.995848
# target 50% 0.00721739
# target 75% 0.00963324
# target 90% 0.0153127
# target 99% 0.01958
# target 99.9% 0.0215772
Sockets used: 10 (for perfect keepalive, would be 10)
Jitter: false
Code 200 : 86698 (100.0 %)
All done 86698 calls (plus 10 warmup) 6.921 ms avg, 1444.8 qps
Successfully wrote 2333 bytes of Json data to 2022-04-22-222033_asg_taewa_3extra_performance_chunk_11_2.json
fortio exit code: 0
[2022-04-22T22:21:33]==============================[STATS]
jh CPU load avg:
0.06 0.04 0.02 1/158 3118
i-001db51fd0a8fd1f7
InService
Healthy
{}
i-0415b7d38b819501b
InService
Healthy
{}
i-0cf211914a10a4944
InService
Healthy
{}
22:21:34 I logger.go:127> Log level is now 4 Error (was 2 Info)
Fortio 1.19.0 running at -1 queries per second, 2->2 procs, for 1m0s: http://asg-1-lb-935221075.us-east-1.elb.amazonaws.com:3000/?n=80000
Aggregated Function Time : count 87249 avg 0.0068767561 +/- 0.002918 min 0.00244268 max 0.217244502 sum 599.990095
# target 50% 0.00670455
# target 75% 0.00883553
# target 90% 0.0111855
# target 99% 0.0191551
# target 99.9% 0.019952
Sockets used: 10 (for perfect keepalive, would be 10)
Jitter: false
Code 200 : 87249 (100.0 %)
All done 87249 calls (plus 10 warmup) 6.877 ms avg, 1454.0 qps
Successfully wrote 2331 bytes of Json data to 2022-04-22-222134_asg_taewa_3extra_performance_chunk_11_3.json
fortio exit code: 0
[2022-04-22T22:22:34]==============================[STATS]
jh CPU load avg:
0.17 0.07 0.03 1/158 3134
i-001db51fd0a8fd1f7
InService
Healthy
{}
i-0415b7d38b819501b
InService
Healthy
{}
i-0cf211914a10a4944
InService
Healthy
{}
22:22:35 I logger.go:127> Log level is now 4 Error (was 2 Info)
Fortio 1.19.0 running at -1 queries per second, 2->2 procs, for 1m0s: http://asg-1-lb-935221075.us-east-1.elb.amazonaws.com:3000/?n=80000
Aggregated Function Time : count 86622 avg 0.0069266359 +/- 0.003759 min 0.00242906 max 0.052698251 sum 599.999058
# target 50% 0.00722442
# target 75% 0.00962216
# target 90% 0.0152682
# target 99% 0.019555
# target 99.9% 0.0199837
Sockets used: 10 (for perfect keepalive, would be 10)
Jitter: false
Code 200 : 86622 (100.0 %)
All done 86622 calls (plus 10 warmup) 6.927 ms avg, 1443.5 qps
Successfully wrote 2451 bytes of Json data to 2022-04-22-222235_asg_taewa_3extra_performance_chunk_11_4.json
fortio exit code: 0
[2022-04-22T22:23:35]==============================[STATS]
jh CPU load avg:
0.06 0.05 0.02 1/158 3150
i-001db51fd0a8fd1f7
InService
Healthy
{}
i-0415b7d38b819501b
InService
Healthy
{}
i-0cf211914a10a4944
InService
Healthy
{}
22:23:35 I logger.go:127> Log level is now 4 Error (was 2 Info)
Fortio 1.19.0 running at -1 queries per second, 2->2 procs, for 1m0s: http://asg-1-lb-935221075.us-east-1.elb.amazonaws.com:3000/?n=80000
Aggregated Function Time : count 86562 avg 0.0069314581 +/- 0.00291 min 0.00240119 max 0.220036439 sum 600.000876
# target 50% 0.00669652
# target 75% 0.00884424
# target 90% 0.0113538
# target 99% 0.0192319
# target 99.9% 0.0219246
Sockets used: 10 (for perfect keepalive, would be 10)
Jitter: false
Code 200 : 86562 (100.0 %)
All done 86562 calls (plus 10 warmup) 6.931 ms avg, 1442.5 qps
Successfully wrote 2332 bytes of Json data to 2022-04-22-222335_asg_taewa_3extra_performance_chunk_11_5.json
fortio exit code: 0
[2022-04-22T22:25:35]==============================[STATS]
jh CPU load avg:
0.08 0.08 0.03 1/157 3169
i-001db51fd0a8fd1f7
InService
Healthy
{}
i-0415b7d38b819501b
InService
Healthy
{}
i-0cf211914a10a4944
InService
Healthy
{}
[2022-04-22T22:25:36]==============================[PERFORMANCE RUN 1]==============================
22:25:36 I logger.go:127> Log level is now 4 Error (was 2 Info)
Fortio 1.19.0 running at -1 queries per second, 2->2 procs, for 5m0s: http://asg-1-lb-935221075.us-east-1.elb.amazonaws.com:3000/?n=80000
Aggregated Function Time : count 430089 avg 0.0069749993 +/- 0.003848 min 0.002403857 max 0.228457722 sum 2999.87047
# target 50% 0.00723015
# target 75% 0.0096433
# target 90% 0.0153462
# target 99% 0.0196024
# target 99.9% 0.0245277
Sockets used: 10 (for perfect keepalive, would be 10)
Jitter: false
Code 200 : 430089 (100.0 %)
All done 430089 calls (plus 10 warmup) 6.975 ms avg, 1433.6 qps
Successfully wrote 2688 bytes of Json data to 2022-04-22-222536_asg_taewa_3extra_performance_1.json
fortio exit code: 0
[2022-04-22T22:30:36]==============================[STATS]
jh CPU load avg:
0.06 0.05 0.02 1/159 3248
i-001db51fd0a8fd1f7
InService
Healthy
{}
i-0415b7d38b819501b
InService
Healthy
{}
i-0cf211914a10a4944
InService
Healthy
{}
[2022-04-22T22:31:37]==============================[STATS]
jh CPU load avg:
0.05 0.05 0.01 1/159 3258
i-001db51fd0a8fd1f7
InService
Healthy
{}
i-0415b7d38b819501b
InService
Healthy
{}
i-0cf211914a10a4944
InService
Healthy
{}
[2022-04-22T22:31:38]==============================[PERFORMANCE RUN 2]==============================
22:31:38 I logger.go:127> Log level is now 4 Error (was 2 Info)
Fortio 1.19.0 running at -1 queries per second, 2->2 procs, for 5m0s: http://asg-1-lb-935221075.us-east-1.elb.amazonaws.com:3000/?n=80000
Aggregated Function Time : count 435179 avg 0.0068933688 +/- 0.002915 min 0.002423018 max 0.222945438 sum 2999.84936
# target 50% 0.00669943
# target 75% 0.00883765
# target 90% 0.0112441
# target 99% 0.0191863
# target 99.9% 0.0199805
Sockets used: 10 (for perfect keepalive, would be 10)
Jitter: false
Code 200 : 435179 (100.0 %)
All done 435179 calls (plus 10 warmup) 6.893 ms avg, 1450.6 qps
Successfully wrote 2678 bytes of Json data to 2022-04-22-223138_asg_taewa_3extra_performance_2.json
fortio exit code: 0
[2022-04-22T22:36:38]==============================[STATS]
jh CPU load avg:
0.07 0.04 0.00 1/157 3280
i-001db51fd0a8fd1f7
InService
Healthy
{}
i-0415b7d38b819501b
InService
Healthy
{}
i-0cf211914a10a4944
InService
Healthy
{}
[2022-04-22T22:37:38]==============================[STATS]
jh CPU load avg:
0.02 0.03 0.00 1/158 3290
i-001db51fd0a8fd1f7
InService
Healthy
{}
i-0415b7d38b819501b
InService
Healthy
{}
i-0cf211914a10a4944
InService
Healthy
{}
[2022-04-22T22:37:39]==============================[PERFORMANCE RUN 3]==============================
22:37:39 I logger.go:127> Log level is now 4 Error (was 2 Info)
Fortio 1.19.0 running at -1 queries per second, 2->2 procs, for 5m0s: http://asg-1-lb-935221075.us-east-1.elb.amazonaws.com:3000/?n=80000
Aggregated Function Time : count 431446 avg 0.0069530409 +/- 0.00379 min 0.002358395 max 0.084834385 sum 2999.8617
# target 50% 0.00721095
# target 75% 0.00963724
# target 90% 0.0153335
# target 99% 0.0195957
# target 99.9% 0.024123
Sockets used: 10 (for perfect keepalive, would be 10)
Jitter: false
Code 200 : 431446 (100.0 %)
All done 431446 calls (plus 10 warmup) 6.953 ms avg, 1438.1 qps
Successfully wrote 2811 bytes of Json data to 2022-04-22-223739_asg_taewa_3extra_performance_3.json
fortio exit code: 0
[2022-04-22T22:42:39]==============================[STATS]
jh CPU load avg:
0.19 0.13 0.05 1/159 340
i-001db51fd0a8fd1f7
InService
Healthy
{}
i-0415b7d38b819501b
InService
Healthy
{}
i-0cf211914a10a4944
InService
Healthy
{}
scaling to 0
{
    "Alarms": [
        {
            "AlarmName": "TargetTracking-asg-1-myASG-AlarmHigh-b6a4f9eb-ad8a-4017-90c9-6fa982a6b339", 
            "AlarmARN": "arn:aws:cloudwatch:us-east-1:875005925642:alarm:TargetTracking-asg-1-myASG-AlarmHigh-b6a4f9eb-ad8a-4017-90c9-6fa982a6b339"
        }, 
        {
            "AlarmName": "TargetTracking-asg-1-myASG-AlarmLow-4e9dd469-eb81-4f27-ae8b-0c92154b861f", 
            "AlarmARN": "arn:aws:cloudwatch:us-east-1:875005925642:alarm:TargetTracking-asg-1-myASG-AlarmLow-4e9dd469-eb81-4f27-ae8b-0c92154b861f"
        }
    ], 
    "PolicyARN": "arn:aws:autoscaling:us-east-1:875005925642:scalingPolicy:bd42b7f8-5f90-4b3c-a3e5-74e20d128efa:autoScalingGroupName/asg-1-myASG:policyName/asg-1-AppServerSP-1WY8YBWUXSSJN"
}
[2022-04-22T22:43:11]==============================[SCALING RUN 1: INIT]==============================
{
    "Alarms": [
        {
            "AlarmName": "TargetTracking-asg-1-myASG-AlarmHigh-b6a4f9eb-ad8a-4017-90c9-6fa982a6b339", 
            "AlarmARN": "arn:aws:cloudwatch:us-east-1:875005925642:alarm:TargetTracking-asg-1-myASG-AlarmHigh-b6a4f9eb-ad8a-4017-90c9-6fa982a6b339"
        }, 
        {
            "AlarmName": "TargetTracking-asg-1-myASG-AlarmLow-4e9dd469-eb81-4f27-ae8b-0c92154b861f", 
            "AlarmARN": "arn:aws:cloudwatch:us-east-1:875005925642:alarm:TargetTracking-asg-1-myASG-AlarmLow-4e9dd469-eb81-4f27-ae8b-0c92154b861f"
        }
    ], 
    "PolicyARN": "arn:aws:autoscaling:us-east-1:875005925642:scalingPolicy:bd42b7f8-5f90-4b3c-a3e5-74e20d128efa:autoScalingGroupName/asg-1-myASG:policyName/asg-1-AppServerSP-1WY8YBWUXSSJN"
}
scaling to 1
[2022-04-22T22:43:13]==============================[SCALING RUN 1: ENABLE SCALING - SLEEP]==============================
{
    "Alarms": [
        {
            "AlarmName": "TargetTracking-asg-1-myASG-AlarmHigh-8a690541-e008-4c36-99f7-8ff7f61600cb", 
            "AlarmARN": "arn:aws:cloudwatch:us-east-1:875005925642:alarm:TargetTracking-asg-1-myASG-AlarmHigh-8a690541-e008-4c36-99f7-8ff7f61600cb"
        }, 
        {
            "AlarmName": "TargetTracking-asg-1-myASG-AlarmLow-9d19c15b-d9ba-4a7e-82e9-506fd7784efc", 
            "AlarmARN": "arn:aws:cloudwatch:us-east-1:875005925642:alarm:TargetTracking-asg-1-myASG-AlarmLow-9d19c15b-d9ba-4a7e-82e9-506fd7784efc"
        }
    ], 
    "PolicyARN": "arn:aws:autoscaling:us-east-1:875005925642:scalingPolicy:bd42b7f8-5f90-4b3c-a3e5-74e20d128efa:autoScalingGroupName/asg-1-myASG:policyName/asg-1-AppServerSP-1WY8YBWUXSSJN"
}
[2022-04-22T22:46:14]==============================[SCALING RUN 1: FORTIO]==============================
[2022-04-22T22:46:14]==============================[STATS]
jh CPU load avg:
0.01 0.08 0.04 1/158 380
i-026070f399513428a
InService
Healthy
{}
[2022-04-22T22:46:15]==============================[SCALING RUN 1: CHUNK 1]==============================
22:46:15 I logger.go:127> Log level is now 4 Error (was 2 Info)
Fortio 1.19.0 running at -1 queries per second, 2->2 procs, for 1m0s: http://asg-1-lb-935221075.us-east-1.elb.amazonaws.com:3000/?n=80000
Aggregated Function Time : count 34939 avg 0.017174528 +/- 0.005373 min 0.003421145 max 0.088449657 sum 600.060844
# target 50% 0.0158849
# target 75% 0.0188476
# target 90% 0.0264557
# target 99% 0.0387438
# target 99.9% 0.0421213
Sockets used: 10 (for perfect keepalive, would be 10)
Jitter: false
Code 200 : 34939 (100.0 %)
All done 34939 calls (plus 10 warmup) 17.175 ms avg, 582.2 qps
Successfully wrote 2793 bytes of Json data to 2022-04-22-224615_asg_taewa_3extra_scaling_1_1.json
fortio exit code: 0
[2022-04-22T22:47:15]==============================[STATS]
jh CPU load avg:
0.00 0.06 0.04 1/158 397
i-026070f399513428a
InService
Healthy
{}
[2022-04-22T22:47:16]==============================[SCALING RUN 1: CHUNK 2]==============================
22:47:16 I logger.go:127> Log level is now 4 Error (was 2 Info)
Fortio 1.19.0 running at -1 queries per second, 2->2 procs, for 1m0s: http://asg-1-lb-935221075.us-east-1.elb.amazonaws.com:3000/?n=80000
Aggregated Function Time : count 35313 avg 0.016992534 +/- 0.005417 min 0.002786971 max 0.260454294 sum 600.057353
# target 50% 0.0158731
# target 75% 0.0188399
# target 90% 0.026001
# target 99% 0.0385327
# target 99.9% 0.0399242
Sockets used: 10 (for perfect keepalive, would be 10)
Jitter: false
Code 200 : 35313 (100.0 %)
All done 35313 calls (plus 10 warmup) 16.993 ms avg, 588.4 qps
Successfully wrote 2436 bytes of Json data to 2022-04-22-224716_asg_taewa_3extra_scaling_1_2.json
fortio exit code: 0
[2022-04-22T22:48:16]==============================[STATS]
jh CPU load avg:
0.00 0.05 0.03 1/158 414
i-026070f399513428a
InService
Healthy
{}
[2022-04-22T22:48:16]==============================[SCALING RUN 1: CHUNK 3]==============================
22:48:16 I logger.go:127> Log level is now 4 Error (was 2 Info)
Fortio 1.19.0 running at -1 queries per second, 2->2 procs, for 1m0s: http://asg-1-lb-935221075.us-east-1.elb.amazonaws.com:3000/?n=80000
Aggregated Function Time : count 35524 avg 0.016892007 +/- 0.005413 min 0.003264789 max 0.246106214 sum 600.071656
# target 50% 0.0158405
# target 75% 0.0187837
# target 90% 0.0256608
# target 99% 0.0384537
# target 99.9% 0.0398572
Sockets used: 10 (for perfect keepalive, would be 10)
Jitter: false
Code 200 : 35524 (100.0 %)
All done 35524 calls (plus 10 warmup) 16.892 ms avg, 591.9 qps
Successfully wrote 2432 bytes of Json data to 2022-04-22-224816_asg_taewa_3extra_scaling_1_3.json
fortio exit code: 0
[2022-04-22T22:49:16]==============================[STATS]
jh CPU load avg:
0.00 0.04 0.03 1/158 431
i-026070f399513428a
InService
Healthy
{}
[2022-04-22T22:49:17]==============================[SCALING RUN 1: CHUNK 4]==============================
22:49:17 I logger.go:127> Log level is now 4 Error (was 2 Info)
Fortio 1.19.0 running at -1 queries per second, 2->2 procs, for 1m0s: http://asg-1-lb-935221075.us-east-1.elb.amazonaws.com:3000/?n=80000
Aggregated Function Time : count 35846 avg 0.016740324 +/- 0.005383 min 0.002773225 max 0.240157431 sum 600.073656
# target 50% 0.0158791
# target 75% 0.0188655
# target 90% 0.0249583
# target 99% 0.037814
# target 99.9% 0.0398793
Sockets used: 10 (for perfect keepalive, would be 10)
Jitter: false
Code 200 : 35846 (100.0 %)
All done 35846 calls (plus 10 warmup) 16.740 ms avg, 597.3 qps
Successfully wrote 2795 bytes of Json data to 2022-04-22-224917_asg_taewa_3extra_scaling_1_4.json
fortio exit code: 0
[2022-04-22T22:50:17]==============================[STATS]
jh CPU load avg:
0.06 0.04 0.03 1/159 455
i-026070f399513428a
InService
Healthy
{}
[2022-04-22T22:50:18]==============================[SCALING RUN 1: CHUNK 5]==============================
22:50:18 I logger.go:127> Log level is now 4 Error (was 2 Info)
Fortio 1.19.0 running at -1 queries per second, 2->2 procs, for 1m0s: http://asg-1-lb-935221075.us-east-1.elb.amazonaws.com:3000/?n=80000
Aggregated Function Time : count 35814 avg 0.016755018 +/- 0.005218 min 0.002884176 max 0.053345711 sum 600.06422
# target 50% 0.015866
# target 75% 0.0188421
# target 90% 0.0252056
# target 99% 0.0381218
# target 99.9% 0.0398861
Sockets used: 10 (for perfect keepalive, would be 10)
Jitter: false
Code 200 : 35814 (100.0 %)
All done 35814 calls (plus 10 warmup) 16.755 ms avg, 596.7 qps
Successfully wrote 2441 bytes of Json data to 2022-04-22-225018_asg_taewa_3extra_scaling_1_5.json
fortio exit code: 0
[2022-04-22T22:51:18]==============================[STATS]
jh CPU load avg:
0.08 0.06 0.03 1/159 473
i-022893b534b7f03af
InService
Healthy
{}
i-026070f399513428a
InService
Healthy
{}
[2022-04-22T22:51:18]==============================[SCALING RUN 1: CHUNK 6]==============================
22:51:18 I logger.go:127> Log level is now 4 Error (was 2 Info)
Fortio 1.19.0 running at -1 queries per second, 2->2 procs, for 1m0s: http://asg-1-lb-935221075.us-east-1.elb.amazonaws.com:3000/?n=80000
Aggregated Function Time : count 35765 avg 0.016777791 +/- 0.005779 min 0.002689649 max 0.062437546 sum 600.057702
# target 50% 0.016359
# target 75% 0.0196104
# target 90% 0.025936
# target 99% 0.0346714
# target 99.9% 0.0410109
Sockets used: 14 (for perfect keepalive, would be 10)
Jitter: false
Code 200 : 35765 (100.0 %)
All done 35765 calls (plus 10 warmup) 16.778 ms avg, 595.9 qps
Successfully wrote 2558 bytes of Json data to 2022-04-22-225119_asg_taewa_3extra_scaling_1_6.json
fortio exit code: 0
[2022-04-22T22:52:19]==============================[STATS]
jh CPU load avg:
0.14 0.08 0.04 1/159 490
i-022893b534b7f03af
InService
Healthy
{}
i-026070f399513428a
InService
Healthy
{}
[2022-04-22T22:52:19]==============================[SCALING RUN 1: CHUNK 7]==============================
22:52:19 I logger.go:127> Log level is now 4 Error (was 2 Info)
Fortio 1.19.0 running at -1 queries per second, 2->2 procs, for 1m0s: http://asg-1-lb-935221075.us-east-1.elb.amazonaws.com:3000/?n=80000
Aggregated Function Time : count 35771 avg 0.01677502 +/- 0.005103 min 0.002755738 max 0.245357952 sum 600.059236
# target 50% 0.015738
# target 75% 0.0186405
# target 90% 0.0257214
# target 99% 0.0386866
# target 99.9% 0.039882
Sockets used: 10 (for perfect keepalive, would be 10)
Jitter: false
Code 200 : 35771 (100.0 %)
All done 35771 calls (plus 10 warmup) 16.775 ms avg, 596.0 qps
Successfully wrote 2440 bytes of Json data to 2022-04-22-225219_asg_taewa_3extra_scaling_1_7.json
fortio exit code: 0
[2022-04-22T22:53:19]==============================[STATS]
jh CPU load avg:
0.05 0.06 0.03 1/159 507
i-022893b534b7f03af
InService
Healthy
{}
i-026070f399513428a
InService
Healthy
{}
[2022-04-22T22:53:20]==============================[SCALING RUN 1: CHUNK 8]==============================
22:53:20 I logger.go:127> Log level is now 4 Error (was 2 Info)
Fortio 1.19.0 running at -1 queries per second, 2->2 procs, for 1m0s: http://asg-1-lb-935221075.us-east-1.elb.amazonaws.com:3000/?n=80000
Aggregated Function Time : count 35781 avg 0.016770491 +/- 0.004977 min 0.002631405 max 0.04525644 sum 600.064939
# target 50% 0.0157325
# target 75% 0.0186356
# target 90% 0.0255561
# target 99% 0.0386717
# target 99.9% 0.039891
Sockets used: 10 (for perfect keepalive, would be 10)
Jitter: false
Code 200 : 35781 (100.0 %)
All done 35781 calls (plus 10 warmup) 16.770 ms avg, 596.2 qps
Successfully wrote 2321 bytes of Json data to 2022-04-22-225320_asg_taewa_3extra_scaling_1_8.json
fortio exit code: 0
[2022-04-22T22:54:20]==============================[STATS]
jh CPU load avg:
0.02 0.05 0.03 1/159 577
i-022893b534b7f03af
InService
Healthy
{}
i-026070f399513428a
InService
Healthy
{}
[2022-04-22T22:54:20]==============================[SCALING RUN 1: CHUNK 9]==============================
22:54:20 I logger.go:127> Log level is now 4 Error (was 2 Info)
Fortio 1.19.0 running at -1 queries per second, 2->2 procs, for 1m0s: http://asg-1-lb-935221075.us-east-1.elb.amazonaws.com:3000/?n=80000
Aggregated Function Time : count 35762 avg 0.016779395 +/- 0.004959 min 0.002598153 max 0.042149005 sum 600.064713
# target 50% 0.0157284
# target 75% 0.0186271
# target 90% 0.025909
# target 99% 0.0387263
# target 99.9% 0.0398791
Sockets used: 10 (for perfect keepalive, would be 10)
Jitter: false
Code 200 : 35762 (100.0 %)
All done 35762 calls (plus 10 warmup) 16.779 ms avg, 595.9 qps
Successfully wrote 2321 bytes of Json data to 2022-04-22-225420_asg_taewa_3extra_scaling_1_9.json
fortio exit code: 0
[2022-04-22T22:55:20]==============================[STATS]
jh CPU load avg:
0.00 0.04 0.02 1/157 594
i-022893b534b7f03af
InService
Healthy
{}
i-026070f399513428a
InService
Healthy
{}
[2022-04-22T22:55:21]==============================[SCALING RUN 1: CHUNK 10]==============================
22:55:21 I logger.go:127> Log level is now 4 Error (was 2 Info)
Fortio 1.19.0 running at -1 queries per second, 2->2 procs, for 1m0s: http://asg-1-lb-935221075.us-east-1.elb.amazonaws.com:3000/?n=80000
Aggregated Function Time : count 35710 avg 0.016803813 +/- 0.005041 min 0.002644477 max 0.061049859 sum 600.064165
# target 50% 0.0157484
# target 75% 0.0186571
# target 90% 0.0254574
# target 99% 0.0386502
# target 99.9% 0.039922
Sockets used: 10 (for perfect keepalive, would be 10)
Jitter: false
Code 200 : 35710 (100.0 %)
All done 35710 calls (plus 10 warmup) 16.804 ms avg, 595.0 qps
Successfully wrote 2560 bytes of Json data to 2022-04-22-225521_asg_taewa_3extra_scaling_1_10.json
fortio exit code: 0
[2022-04-22T22:56:21]==============================[STATS]
jh CPU load avg:
0.00 0.03 0.01 1/158 613
i-022893b534b7f03af
InService
Healthy
{}
i-026070f399513428a
InService
Healthy
{}
[2022-04-22T22:56:22]==============================[SCALING RUN 1: CHUNK 11]==============================
22:56:22 I logger.go:127> Log level is now 4 Error (was 2 Info)
Fortio 1.19.0 running at -1 queries per second, 2->2 procs, for 1m0s: http://asg-1-lb-935221075.us-east-1.elb.amazonaws.com:3000/?n=80000
Aggregated Function Time : count 35731 avg 0.016794 +/- 0.005057 min 0.002566479 max 0.237664906 sum 600.0664
# target 50% 0.0157098
# target 75% 0.0185894
# target 90% 0.026303
# target 99% 0.0388103
# target 99.9% 0.039884
Sockets used: 10 (for perfect keepalive, would be 10)
Jitter: false
Code 200 : 35731 (100.0 %)
All done 35731 calls (plus 10 warmup) 16.794 ms avg, 595.4 qps
Successfully wrote 2325 bytes of Json data to 2022-04-22-225622_asg_taewa_3extra_scaling_1_11.json
fortio exit code: 0
[2022-04-22T22:57:22]==============================[STATS]
jh CPU load avg:
0.04 0.03 0.01 1/158 630
i-022893b534b7f03af
InService
Healthy
{}
i-026070f399513428a
InService
Healthy
{}
i-0b1c36fc27f6d3758
InService
Healthy
{}
[2022-04-22T22:57:22]==============================[SCALING RUN 1: CHUNK 12]==============================
22:57:22 I logger.go:127> Log level is now 4 Error (was 2 Info)
Fortio 1.19.0 running at -1 queries per second, 2->2 procs, for 1m0s: http://asg-1-lb-935221075.us-east-1.elb.amazonaws.com:3000/?n=80000
Aggregated Function Time : count 35772 avg 0.016773907 +/- 0.004938 min 0.002752495 max 0.041384373 sum 600.036203
# target 50% 0.0157177
# target 75% 0.0186085
# target 90% 0.0257002
# target 99% 0.0387213
# target 99.9% 0.0398819
Sockets used: 10 (for perfect keepalive, would be 10)
Jitter: false
Code 200 : 35772 (100.0 %)
All done 35772 calls (plus 10 warmup) 16.774 ms avg, 596.1 qps
Successfully wrote 2316 bytes of Json data to 2022-04-22-225723_asg_taewa_3extra_scaling_1_12.json
fortio exit code: 0
[2022-04-22T22:58:23]==============================[STATS]
jh CPU load avg:
0.01 0.03 0.01 1/158 651
i-022893b534b7f03af
InService
Healthy
{}
i-026070f399513428a
InService
Healthy
{}
i-0b1c36fc27f6d3758
InService
Healthy
{}
[2022-04-22T22:58:23]==============================[SCALING RUN 1: CHUNK 13]==============================
22:58:23 I logger.go:127> Log level is now 4 Error (was 2 Info)
Fortio 1.19.0 running at -1 queries per second, 2->2 procs, for 1m0s: http://asg-1-lb-935221075.us-east-1.elb.amazonaws.com:3000/?n=80000
Aggregated Function Time : count 53935 avg 0.01112511 +/- 0.00561 min 0.002586293 max 0.070708569 sum 600.032804
# target 50% 0.0102454
# target 75% 0.0161479
# target 90% 0.0196894
# target 99% 0.0290337
# target 99.9% 0.0348913
Sockets used: 10 (for perfect keepalive, would be 10)
Jitter: false
Code 200 : 53935 (100.0 %)
All done 53935 calls (plus 10 warmup) 11.125 ms avg, 898.7 qps
Successfully wrote 2680 bytes of Json data to 2022-04-22-225823_asg_taewa_3extra_scaling_1_13.json
fortio exit code: 0
[2022-04-22T22:59:23]==============================[STATS]
jh CPU load avg:
0.03 0.03 0.01 1/158 671
i-022893b534b7f03af
InService
Healthy
{}
i-026070f399513428a
InService
Healthy
{}
i-0b1c36fc27f6d3758
InService
Healthy
{}
[2022-04-22T22:59:24]==============================[SCALING RUN 1: CHUNK 14]==============================
22:59:24 I logger.go:127> Log level is now 4 Error (was 2 Info)
Fortio 1.19.0 running at -1 queries per second, 2->2 procs, for 1m0s: http://asg-1-lb-935221075.us-east-1.elb.amazonaws.com:3000/?n=80000
Aggregated Function Time : count 51725 avg 0.011600231 +/- 0.006254 min 0.002609373 max 0.084924175 sum 600.021953
# target 50% 0.0108197
# target 75% 0.0165974
# target 90% 0.0202968
# target 99% 0.029925
# target 99.9% 0.0499434
Sockets used: 10 (for perfect keepalive, would be 10)
Jitter: false
Code 200 : 51725 (100.0 %)
All done 51725 calls (plus 10 warmup) 11.600 ms avg, 861.9 qps
Successfully wrote 2798 bytes of Json data to 2022-04-22-225924_asg_taewa_3extra_scaling_1_14.json
fortio exit code: 0
[2022-04-22T23:00:24]==============================[STATS]
jh CPU load avg:
0.01 0.02 0.00 1/159 694
i-022893b534b7f03af
InService
Healthy
{}
i-026070f399513428a
InService
Healthy
{}
i-0b1c36fc27f6d3758
InService
Healthy
{}
[2022-04-22T23:00:25]==============================[SCALING RUN 2: INIT]==============================
{
    "Alarms": [
        {
            "AlarmName": "TargetTracking-asg-1-myASG-AlarmHigh-2e89e59f-f148-4351-b4a5-80cbbb954a3a", 
            "AlarmARN": "arn:aws:cloudwatch:us-east-1:875005925642:alarm:TargetTracking-asg-1-myASG-AlarmHigh-2e89e59f-f148-4351-b4a5-80cbbb954a3a"
        }, 
        {
            "AlarmName": "TargetTracking-asg-1-myASG-AlarmLow-e1257f21-d157-419c-90ee-50820208dff7", 
            "AlarmARN": "arn:aws:cloudwatch:us-east-1:875005925642:alarm:TargetTracking-asg-1-myASG-AlarmLow-e1257f21-d157-419c-90ee-50820208dff7"
        }
    ], 
    "PolicyARN": "arn:aws:autoscaling:us-east-1:875005925642:scalingPolicy:bd42b7f8-5f90-4b3c-a3e5-74e20d128efa:autoScalingGroupName/asg-1-myASG:policyName/asg-1-AppServerSP-1WY8YBWUXSSJN"
}
scaling to 1
[2022-04-22T23:00:26]==============================[SCALING RUN 2: ENABLE SCALING - SLEEP]==============================
{
    "Alarms": [
        {
            "AlarmName": "TargetTracking-asg-1-myASG-AlarmHigh-ce9b27e2-acf7-4e63-9bb0-bc21e5bf09cf", 
            "AlarmARN": "arn:aws:cloudwatch:us-east-1:875005925642:alarm:TargetTracking-asg-1-myASG-AlarmHigh-ce9b27e2-acf7-4e63-9bb0-bc21e5bf09cf"
        }, 
        {
            "AlarmName": "TargetTracking-asg-1-myASG-AlarmLow-31260760-8b34-470c-bad2-cb021201fb64", 
            "AlarmARN": "arn:aws:cloudwatch:us-east-1:875005925642:alarm:TargetTracking-asg-1-myASG-AlarmLow-31260760-8b34-470c-bad2-cb021201fb64"
        }
    ], 
    "PolicyARN": "arn:aws:autoscaling:us-east-1:875005925642:scalingPolicy:bd42b7f8-5f90-4b3c-a3e5-74e20d128efa:autoScalingGroupName/asg-1-myASG:policyName/asg-1-AppServerSP-1WY8YBWUXSSJN"
}
[2022-04-22T23:03:27]==============================[SCALING RUN 2: FORTIO]==============================
[2022-04-22T23:03:27]==============================[STATS]
jh CPU load avg:
0.02 0.05 0.01 1/159 733
i-0b1c36fc27f6d3758
InService
Healthy
{}
[2022-04-22T23:03:28]==============================[SCALING RUN 2: CHUNK 1]==============================
23:03:28 I logger.go:127> Log level is now 4 Error (was 2 Info)
Fortio 1.19.0 running at -1 queries per second, 2->2 procs, for 1m0s: http://asg-1-lb-935221075.us-east-1.elb.amazonaws.com:3000/?n=80000
Aggregated Function Time : count 18408 avg 0.03260292 +/- 0.009401 min 0.004459617 max 0.084376351 sum 600.154549
# target 50% 0.0261308
# target 75% 0.0292019
# target 90% 0.0513551
# target 99% 0.0596636
# target 99.9% 0.0693897
Sockets used: 10 (for perfect keepalive, would be 10)
Jitter: false
Code 200 : 18408 (100.0 %)
All done 18408 calls (plus 10 warmup) 32.603 ms avg, 306.6 qps
Successfully wrote 2799 bytes of Json data to 2022-04-22-230328_asg_taewa_3extra_scaling_2_1.json
fortio exit code: 0
[2022-04-22T23:04:28]==============================[STATS]
jh CPU load avg:
0.01 0.04 0.01 1/159 751
i-0b1c36fc27f6d3758
InService
Healthy
{}
[2022-04-22T23:04:29]==============================[SCALING RUN 2: CHUNK 2]==============================
23:04:29 I logger.go:127> Log level is now 4 Error (was 2 Info)
Fortio 1.19.0 running at -1 queries per second, 2->2 procs, for 1m0s: http://asg-1-lb-935221075.us-east-1.elb.amazonaws.com:3000/?n=80000
Aggregated Function Time : count 18441 avg 0.032544291 +/- 0.009454 min 0.004707164 max 0.10138543 sum 600.149268
# target 50% 0.0260492
# target 75% 0.0290867
# target 90% 0.0513426
# target 99% 0.0596911
# target 99.9% 0.0695926
Sockets used: 10 (for perfect keepalive, would be 10)
Jitter: false
Code 200 : 18441 (100.0 %)
All done 18441 calls (plus 10 warmup) 32.544 ms avg, 307.2 qps
Successfully wrote 3024 bytes of Json data to 2022-04-22-230429_asg_taewa_3extra_scaling_2_2.json
fortio exit code: 0
[2022-04-22T23:05:30]==============================[STATS]
jh CPU load avg:
0.03 0.05 0.01 1/158 768
i-0b1c36fc27f6d3758
InService
Healthy
{}
[2022-04-22T23:05:30]==============================[SCALING RUN 2: CHUNK 3]==============================
23:05:30 I logger.go:127> Log level is now 4 Error (was 2 Info)
Fortio 1.19.0 running at -1 queries per second, 2->2 procs, for 1m0s: http://asg-1-lb-935221075.us-east-1.elb.amazonaws.com:3000/?n=80000
Aggregated Function Time : count 18471 avg 0.032490653 +/- 0.009571 min 0.004981478 max 0.093501812 sum 600.134844
# target 50% 0.0260878
# target 75% 0.029182
# target 90% 0.051321
# target 99% 0.0597382
# target 99.9% 0.0708994
Sockets used: 10 (for perfect keepalive, would be 10)
Jitter: false
Code 200 : 18471 (100.0 %)
All done 18471 calls (plus 10 warmup) 32.491 ms avg, 307.7 qps
Successfully wrote 2916 bytes of Json data to 2022-04-22-230530_asg_taewa_3extra_scaling_2_3.json
fortio exit code: 0
[2022-04-22T23:06:30]==============================[STATS]
jh CPU load avg:
0.01 0.03 0.00 1/157 785
i-0b1c36fc27f6d3758
InService
Healthy
{}
[2022-04-22T23:06:31]==============================[SCALING RUN 2: CHUNK 4]==============================
23:06:31 I logger.go:127> Log level is now 4 Error (was 2 Info)
Fortio 1.19.0 running at -1 queries per second, 2->2 procs, for 1m0s: http://asg-1-lb-935221075.us-east-1.elb.amazonaws.com:3000/?n=80000
Aggregated Function Time : count 18516 avg 0.032411657 +/- 0.009257 min 0.004212909 max 0.06554093 sum 600.134238
# target 50% 0.0259297
# target 75% 0.0288987
# target 90% 0.051228
# target 99% 0.059433
# target 99.9% 0.0640753
Sockets used: 10 (for perfect keepalive, would be 10)
Jitter: false
Code 200 : 18516 (100.0 %)
All done 18516 calls (plus 10 warmup) 32.412 ms avg, 308.4 qps
Successfully wrote 2555 bytes of Json data to 2022-04-22-230631_asg_taewa_3extra_scaling_2_4.json
fortio exit code: 0
[2022-04-22T23:07:31]==============================[STATS]
jh CPU load avg:
0.00 0.03 0.00 1/158 803
i-0b1c36fc27f6d3758
InService
Healthy
{}
[2022-04-22T23:07:32]==============================[SCALING RUN 2: CHUNK 5]==============================
23:07:32 I logger.go:127> Log level is now 4 Error (was 2 Info)
Fortio 1.19.0 running at -1 queries per second, 2->2 procs, for 1m0s: http://asg-1-lb-935221075.us-east-1.elb.amazonaws.com:3000/?n=80000
Aggregated Function Time : count 18478 avg 0.032479401 +/- 0.009389 min 0.004404268 max 0.089422754 sum 600.154374
# target 50% 0.0260898
# target 75% 0.0291446
# target 90% 0.0514119
# target 99% 0.0596163
# target 99.9% 0.0685117
Sockets used: 15 (for perfect keepalive, would be 10)
Jitter: false
Code 200 : 18478 (100.0 %)
All done 18478 calls (plus 10 warmup) 32.479 ms avg, 307.8 qps
Successfully wrote 2793 bytes of Json data to 2022-04-22-230732_asg_taewa_3extra_scaling_2_5.json
fortio exit code: 0
[2022-04-22T23:08:32]==============================[STATS]
jh CPU load avg:
0.00 0.02 0.00 1/158 820
i-064455b8b31e14711
InService
Healthy
{}
i-0b1c36fc27f6d3758
InService
Healthy
{}
[2022-04-22T23:08:33]==============================[SCALING RUN 2: CHUNK 6]==============================
23:08:33 I logger.go:127> Log level is now 4 Error (was 2 Info)
Fortio 1.19.0 running at -1 queries per second, 2->2 procs, for 1m0s: http://asg-1-lb-935221075.us-east-1.elb.amazonaws.com:3000/?n=80000
Aggregated Function Time : count 18452 avg 0.03252345 +/- 0.009499 min 0.00445134 max 0.273300102 sum 600.122704
# target 50% 0.0260453
# target 75% 0.0290818
# target 90% 0.0512129
# target 99% 0.0596129
# target 99.9% 0.0686104
Sockets used: 10 (for perfect keepalive, would be 10)
Jitter: false
Code 200 : 18452 (100.0 %)
All done 18452 calls (plus 10 warmup) 32.523 ms avg, 307.4 qps
Successfully wrote 2794 bytes of Json data to 2022-04-22-230833_asg_taewa_3extra_scaling_2_6.json
fortio exit code: 0
[2022-04-22T23:09:33]==============================[STATS]
jh CPU load avg:
0.00 0.01 0.00 1/158 838
i-064455b8b31e14711
InService
Healthy
{}
i-0b1c36fc27f6d3758
InService
Healthy
{}
[2022-04-22T23:09:34]==============================[SCALING RUN 2: CHUNK 7]==============================
23:09:34 I logger.go:127> Log level is now 4 Error (was 2 Info)
Fortio 1.19.0 running at -1 queries per second, 2->2 procs, for 1m0s: http://asg-1-lb-935221075.us-east-1.elb.amazonaws.com:3000/?n=80000
Aggregated Function Time : count 36325 avg 0.016519154 +/- 0.00614 min 0.004475642 max 0.250794598 sum 600.058283
# target 50% 0.0166451
# target 75% 0.020195
# target 90% 0.0262411
# target 99% 0.0298688
# target 99.9% 0.0420326
Sockets used: 10 (for perfect keepalive, would be 10)
Jitter: false
Code 200 : 36325 (100.0 %)
All done 36325 calls (plus 10 warmup) 16.519 ms avg, 605.3 qps
Successfully wrote 2674 bytes of Json data to 2022-04-22-230934_asg_taewa_3extra_scaling_2_7.json
fortio exit code: 0
[2022-04-22T23:10:34]==============================[STATS]
jh CPU load avg:
0.03 0.02 0.00 1/158 860
i-064455b8b31e14711
InService
Healthy
{}
i-0b1c36fc27f6d3758
InService
Healthy
{}
[2022-04-22T23:10:35]==============================[SCALING RUN 2: CHUNK 8]==============================
23:10:35 I logger.go:127> Log level is now 4 Error (was 2 Info)
Fortio 1.19.0 running at -1 queries per second, 2->2 procs, for 1m0s: http://asg-1-lb-935221075.us-east-1.elb.amazonaws.com:3000/?n=80000
Aggregated Function Time : count 36352 avg 0.016506939 +/- 0.005993 min 0.004422783 max 0.238782599 sum 600.06026
# target 50% 0.016645
# target 75% 0.0201988
# target 90% 0.0263581
# target 99% 0.0312628
# target 99.9% 0.039964
Sockets used: 10 (for perfect keepalive, would be 10)
Jitter: false
Code 200 : 36352 (100.0 %)
All done 36352 calls (plus 10 warmup) 16.507 ms avg, 605.7 qps
Successfully wrote 2554 bytes of Json data to 2022-04-22-231035_asg_taewa_3extra_scaling_2_8.json
fortio exit code: 0
[2022-04-22T23:11:35]==============================[STATS]
jh CPU load avg:
0.14 0.05 0.01 1/158 877
i-064455b8b31e14711
InService
Healthy
{}
i-0b1c36fc27f6d3758
InService
Healthy
{}
[2022-04-22T23:11:36]==============================[SCALING RUN 2: CHUNK 9]==============================
23:11:36 I logger.go:127> Log level is now 4 Error (was 2 Info)
Fortio 1.19.0 running at -1 queries per second, 2->2 procs, for 1m0s: http://asg-1-lb-935221075.us-east-1.elb.amazonaws.com:3000/?n=80000
Aggregated Function Time : count 36815 avg 0.016299392 +/- 0.00595 min 0.004286306 max 0.250999557 sum 600.062128
# target 50% 0.0166247
# target 75% 0.0201296
# target 90% 0.0261294
# target 99% 0.0297293
# target 99.9% 0.0376097
Sockets used: 10 (for perfect keepalive, would be 10)
Jitter: false
Code 200 : 36815 (100.0 %)
All done 36815 calls (plus 10 warmup) 16.299 ms avg, 613.4 qps
Successfully wrote 2672 bytes of Json data to 2022-04-22-231136_asg_taewa_3extra_scaling_2_9.json
fortio exit code: 0
[2022-04-22T23:12:36]==============================[STATS]
jh CPU load avg:
0.09 0.05 0.01 1/158 895
i-064455b8b31e14711
InService
Healthy
{}
i-0b1c36fc27f6d3758
InService
Healthy
{}
[2022-04-22T23:12:37]==============================[SCALING RUN 2: CHUNK 10]==============================
23:12:37 I logger.go:127> Log level is now 4 Error (was 2 Info)
Fortio 1.19.0 running at -1 queries per second, 2->2 procs, for 1m0s: http://asg-1-lb-935221075.us-east-1.elb.amazonaws.com:3000/?n=80000
Aggregated Function Time : count 36814 avg 0.016299574 +/- 0.005869 min 0.004233437 max 0.23822498 sum 600.052502
# target 50% 0.0166293
# target 75% 0.0201934
# target 90% 0.0261755
# target 99% 0.0297648
# target 99.9% 0.0388516
Sockets used: 10 (for perfect keepalive, would be 10)
Jitter: false
Code 200 : 36814 (100.0 %)
All done 36814 calls (plus 10 warmup) 16.300 ms avg, 613.4 qps
Successfully wrote 2554 bytes of Json data to 2022-04-22-231237_asg_taewa_3extra_scaling_2_10.json
fortio exit code: 0
[2022-04-22T23:13:37]==============================[STATS]
jh CPU load avg:
0.03 0.04 0.00 1/158 912
i-064455b8b31e14711
InService
Healthy
{}
i-0b1c36fc27f6d3758
InService
Healthy
{}
[2022-04-22T23:13:37]==============================[SCALING RUN 2: CHUNK 11]==============================
23:13:37 I logger.go:127> Log level is now 4 Error (was 2 Info)
Fortio 1.19.0 running at -1 queries per second, 2->2 procs, for 1m0s: http://asg-1-lb-935221075.us-east-1.elb.amazonaws.com:3000/?n=80000
Aggregated Function Time : count 36897 avg 0.016263215 +/- 0.006581 min 0.00427075 max 0.068041242 sum 600.063847
# target 50% 0.0138457
# target 75% 0.0178789
# target 90% 0.0273711
# target 99% 0.0389475
# target 99.9% 0.0399131
Sockets used: 10 (for perfect keepalive, would be 10)
Jitter: false
Code 200 : 36897 (100.0 %)
All done 36897 calls (plus 10 warmup) 16.263 ms avg, 614.8 qps
Successfully wrote 2558 bytes of Json data to 2022-04-22-231337_asg_taewa_3extra_scaling_2_11.json
fortio exit code: 0
[2022-04-22T23:14:37]==============================[STATS]
jh CPU load avg:
0.10 0.06 0.01 1/158 930
i-064455b8b31e14711
InService
Healthy
{}
i-06fc48a1be0216f03
InService
Healthy
{}
i-0b1c36fc27f6d3758
InService
Healthy
{}
[2022-04-22T23:14:38]==============================[SCALING RUN 2: CHUNK 12]==============================
23:14:38 I logger.go:127> Log level is now 4 Error (was 2 Info)
Fortio 1.19.0 running at -1 queries per second, 2->2 procs, for 1m0s: http://asg-1-lb-935221075.us-east-1.elb.amazonaws.com:3000/?n=80000
Aggregated Function Time : count 71101 avg 0.0084390149 +/- 0.00576 min 0.002509164 max 0.214578822 sum 600.0224
# target 50% 0.00761668
# target 75% 0.010837
# target 90% 0.0183588
# target 99% 0.0286198
# target 99.9% 0.0299744
Sockets used: 10 (for perfect keepalive, would be 10)
Jitter: false
Code 200 : 71101 (100.0 %)
All done 71101 calls (plus 10 warmup) 8.439 ms avg, 1184.7 qps
Successfully wrote 2443 bytes of Json data to 2022-04-22-231438_asg_taewa_3extra_scaling_2_12.json
fortio exit code: 0
[2022-04-22T23:15:38]==============================[STATS]
jh CPU load avg:
0.04 0.05 0.00 1/158 947
i-064455b8b31e14711
InService
Healthy
{}
i-06fc48a1be0216f03
InService
Healthy
{}
i-0b1c36fc27f6d3758
InService
Healthy
{}
[2022-04-22T23:15:39]==============================[SCALING RUN 2: CHUNK 13]==============================
23:15:39 I logger.go:127> Log level is now 4 Error (was 2 Info)
Fortio 1.19.0 running at -1 queries per second, 2->2 procs, for 1m0s: http://asg-1-lb-935221075.us-east-1.elb.amazonaws.com:3000/?n=80000
Aggregated Function Time : count 71522 avg 0.0083895929 +/- 0.006306 min 0.002449162 max 0.036973207 sum 600.040462
# target 50% 0.00853037
# target 75% 0.0141151
# target 90% 0.0188939
# target 99% 0.0285376
# target 99.9% 0.0299276
Sockets used: 10 (for perfect keepalive, would be 10)
Jitter: false
Code 200 : 71522 (100.0 %)
All done 71522 calls (plus 10 warmup) 8.390 ms avg, 1191.7 qps
Successfully wrote 2207 bytes of Json data to 2022-04-22-231539_asg_taewa_3extra_scaling_2_13.json
fortio exit code: 0
[2022-04-22T23:16:39]==============================[STATS]
jh CPU load avg:
0.06 0.05 0.00 1/158 964
i-064455b8b31e14711
InService
Healthy
{}
i-06fc48a1be0216f03
InService
Healthy
{}
i-0b1c36fc27f6d3758
InService
Healthy
{}
[2022-04-22T23:16:39]==============================[SCALING RUN 2: CHUNK 14]==============================
23:16:39 I logger.go:127> Log level is now 4 Error (was 2 Info)
Fortio 1.19.0 running at -1 queries per second, 2->2 procs, for 1m0s: http://asg-1-lb-935221075.us-east-1.elb.amazonaws.com:3000/?n=80000
Aggregated Function Time : count 72261 avg 0.0083034662 +/- 0.005498 min 0.002490505 max 0.218282231 sum 600.016774
# target 50% 0.0076198
# target 75% 0.0108913
# target 90% 0.018324
# target 99% 0.0285497
# target 99.9% 0.0299194
Sockets used: 10 (for perfect keepalive, would be 10)
Jitter: false
Code 200 : 72261 (100.0 %)
All done 72261 calls (plus 10 warmup) 8.303 ms avg, 1204.1 qps
Successfully wrote 2442 bytes of Json data to 2022-04-22-231639_asg_taewa_3extra_scaling_2_14.json
fortio exit code: 0
[2022-04-22T23:17:39]==============================[STATS]
jh CPU load avg:
0.09 0.07 0.01 1/158 1032
i-064455b8b31e14711
InService
Healthy
{}
i-06fc48a1be0216f03
InService
Healthy
{}
i-0b1c36fc27f6d3758
InService
Healthy
{}
[2022-04-22T23:17:40]==============================[SCALING RUN 3: INIT]==============================
{
    "Alarms": [
        {
            "AlarmName": "TargetTracking-asg-1-myASG-AlarmHigh-ac34e644-8442-40bd-82b8-7961b8aed3f8", 
            "AlarmARN": "arn:aws:cloudwatch:us-east-1:875005925642:alarm:TargetTracking-asg-1-myASG-AlarmHigh-ac34e644-8442-40bd-82b8-7961b8aed3f8"
        }, 
        {
            "AlarmName": "TargetTracking-asg-1-myASG-AlarmLow-3752feee-c356-49ab-a0ad-15792705fe14", 
            "AlarmARN": "arn:aws:cloudwatch:us-east-1:875005925642:alarm:TargetTracking-asg-1-myASG-AlarmLow-3752feee-c356-49ab-a0ad-15792705fe14"
        }
    ], 
    "PolicyARN": "arn:aws:autoscaling:us-east-1:875005925642:scalingPolicy:bd42b7f8-5f90-4b3c-a3e5-74e20d128efa:autoScalingGroupName/asg-1-myASG:policyName/asg-1-AppServerSP-1WY8YBWUXSSJN"
}
scaling to 1
[2022-04-22T23:17:43]==============================[SCALING RUN 3: ENABLE SCALING - SLEEP]==============================
{
    "Alarms": [
        {
            "AlarmName": "TargetTracking-asg-1-myASG-AlarmHigh-a4c566f3-dd66-408f-af5a-84f513d40ecf", 
            "AlarmARN": "arn:aws:cloudwatch:us-east-1:875005925642:alarm:TargetTracking-asg-1-myASG-AlarmHigh-a4c566f3-dd66-408f-af5a-84f513d40ecf"
        }, 
        {
            "AlarmName": "TargetTracking-asg-1-myASG-AlarmLow-5352c56f-9a3b-43fd-bb3a-f89406c34dad", 
            "AlarmARN": "arn:aws:cloudwatch:us-east-1:875005925642:alarm:TargetTracking-asg-1-myASG-AlarmLow-5352c56f-9a3b-43fd-bb3a-f89406c34dad"
        }
    ], 
    "PolicyARN": "arn:aws:autoscaling:us-east-1:875005925642:scalingPolicy:bd42b7f8-5f90-4b3c-a3e5-74e20d128efa:autoScalingGroupName/asg-1-myASG:policyName/asg-1-AppServerSP-1WY8YBWUXSSJN"
}
[2022-04-22T23:20:44]==============================[SCALING RUN 3: FORTIO]==============================
[2022-04-22T23:20:44]==============================[STATS]
jh CPU load avg:
0.00 0.03 0.00 1/160 1071
i-06fc48a1be0216f03
InService
Healthy
{}
[2022-04-22T23:20:45]==============================[SCALING RUN 3: CHUNK 1]==============================
23:20:45 I logger.go:127> Log level is now 4 Error (was 2 Info)
Fortio 1.19.0 running at -1 queries per second, 2->2 procs, for 1m0s: http://asg-1-lb-935221075.us-east-1.elb.amazonaws.com:3000/?n=80000
Aggregated Function Time : count 34528 avg 0.017378982 +/- 0.005451 min 0.00317427 max 0.079511949 sum 600.061494
# target 50% 0.0158605
# target 75% 0.0188197
# target 90% 0.0272191
# target 99% 0.0389725
# target 99.9% 0.0466962
Sockets used: 10 (for perfect keepalive, would be 10)
Jitter: false
Code 200 : 34528 (100.0 %)
All done 34528 calls (plus 10 warmup) 17.379 ms avg, 575.3 qps
Successfully wrote 2674 bytes of Json data to 2022-04-22-232045_asg_taewa_3extra_scaling_3_1.json
fortio exit code: 0
[2022-04-22T23:21:45]==============================[STATS]
jh CPU load avg:
0.07 0.05 0.01 1/160 1088
i-06fc48a1be0216f03
InService
Healthy
{}
[2022-04-22T23:21:45]==============================[SCALING RUN 3: CHUNK 2]==============================
23:21:45 I logger.go:127> Log level is now 4 Error (was 2 Info)
Fortio 1.19.0 running at -1 queries per second, 2->2 procs, for 1m0s: http://asg-1-lb-935221075.us-east-1.elb.amazonaws.com:3000/?n=80000
Aggregated Function Time : count 34862 avg 0.017212622 +/- 0.005338 min 0.002833399 max 0.25234438 sum 600.066442
# target 50% 0.0158268
# target 75% 0.0187543
# target 90% 0.0266585
# target 99% 0.0387293
# target 99.9% 0.0398829
Sockets used: 10 (for perfect keepalive, would be 10)
Jitter: false
Code 200 : 34862 (100.0 %)
All done 34862 calls (plus 10 warmup) 17.213 ms avg, 580.9 qps
Successfully wrote 2438 bytes of Json data to 2022-04-22-232145_asg_taewa_3extra_scaling_3_2.json
fortio exit code: 0
[2022-04-22T23:22:45]==============================[STATS]
jh CPU load avg:
0.02 0.04 0.00 1/160 1114
i-06fc48a1be0216f03
InService
Healthy
{}
[2022-04-22T23:22:46]==============================[SCALING RUN 3: CHUNK 3]==============================
23:22:46 I logger.go:127> Log level is now 4 Error (was 2 Info)
Fortio 1.19.0 running at -1 queries per second, 2->2 procs, for 1m0s: http://asg-1-lb-935221075.us-east-1.elb.amazonaws.com:3000/?n=80000
Aggregated Function Time : count 34806 avg 0.017240139 +/- 0.005347 min 0.002862411 max 0.242080279 sum 600.060295
# target 50% 0.0158181
# target 75% 0.0187466
# target 90% 0.0265574
# target 99% 0.038715
# target 99.9% 0.0398782
Sockets used: 10 (for perfect keepalive, would be 10)
Jitter: false
Code 200 : 34806 (100.0 %)
All done 34806 calls (plus 10 warmup) 17.240 ms avg, 579.9 qps
Successfully wrote 2440 bytes of Json data to 2022-04-22-232246_asg_taewa_3extra_scaling_3_3.json
fortio exit code: 0
[2022-04-22T23:23:46]==============================[STATS]
jh CPU load avg:
0.01 0.03 0.00 1/158 1131
i-06fc48a1be0216f03
InService
Healthy
{}
[2022-04-22T23:23:47]==============================[SCALING RUN 3: CHUNK 4]==============================
23:23:47 I logger.go:127> Log level is now 4 Error (was 2 Info)
Fortio 1.19.0 running at -1 queries per second, 2->2 procs, for 1m0s: http://asg-1-lb-935221075.us-east-1.elb.amazonaws.com:3000/?n=80000
Aggregated Function Time : count 34700 avg 0.017292957 +/- 0.005412 min 0.003058904 max 0.095623124 sum 600.065592
# target 50% 0.0158495
# target 75% 0.0187918
# target 90% 0.0269354
# target 99% 0.0389274
# target 99.9% 0.0465676
Sockets used: 10 (for perfect keepalive, would be 10)
Jitter: false
Code 200 : 34700 (100.0 %)
All done 34700 calls (plus 10 warmup) 17.293 ms avg, 578.2 qps
Successfully wrote 2795 bytes of Json data to 2022-04-22-232347_asg_taewa_3extra_scaling_3_4.json
fortio exit code: 0
[2022-04-22T23:24:47]==============================[STATS]
jh CPU load avg:
0.00 0.02 0.00 1/158 1149
i-06fc48a1be0216f03
InService
Healthy
{}
[2022-04-22T23:24:47]==============================[SCALING RUN 3: CHUNK 5]==============================
23:24:47 I logger.go:127> Log level is now 4 Error (was 2 Info)
Fortio 1.19.0 running at -1 queries per second, 2->2 procs, for 1m0s: http://asg-1-lb-935221075.us-east-1.elb.amazonaws.com:3000/?n=80000
Aggregated Function Time : count 34739 avg 0.017273621 +/- 0.005305 min 0.00278462 max 0.066778567 sum 600.068306
# target 50% 0.0158399
# target 75% 0.0187908
# target 90% 0.0268297
# target 99% 0.0388078
# target 99.9% 0.0399748
Sockets used: 10 (for perfect keepalive, would be 10)
Jitter: false
Code 200 : 34739 (100.0 %)
All done 34739 calls (plus 10 warmup) 17.274 ms avg, 578.8 qps
Successfully wrote 2554 bytes of Json data to 2022-04-22-232447_asg_taewa_3extra_scaling_3_5.json
fortio exit code: 0
[2022-04-22T23:25:47]==============================[STATS]
jh CPU load avg:
0.05 0.03 0.00 1/157 1169
i-06fc48a1be0216f03
InService
Healthy
{}
i-083704a35fafc9b23
Pending
Healthy
{}
[2022-04-22T23:25:48]==============================[SCALING RUN 3: CHUNK 6]==============================
23:25:48 I logger.go:127> Log level is now 4 Error (was 2 Info)
Fortio 1.19.0 running at -1 queries per second, 2->2 procs, for 1m0s: http://asg-1-lb-935221075.us-east-1.elb.amazonaws.com:3000/?n=80000
Aggregated Function Time : count 34799 avg 0.017243981 +/- 0.00591 min 0.002802483 max 0.131066929 sum 600.07329
# target 50% 0.0163137
# target 75% 0.0195273
# target 90% 0.0262137
# target 99% 0.0368833
# target 99.9% 0.0398324
Sockets used: 15 (for perfect keepalive, would be 10)
Jitter: false
Code 200 : 34799 (100.0 %)
All done 34799 calls (plus 10 warmup) 17.244 ms avg, 579.8 qps
Successfully wrote 2910 bytes of Json data to 2022-04-22-232548_asg_taewa_3extra_scaling_3_6.json
fortio exit code: 0
[2022-04-22T23:26:48]==============================[STATS]
jh CPU load avg:
0.02 0.02 0.00 1/157 1186
i-06fc48a1be0216f03
InService
Healthy
{}
i-083704a35fafc9b23
InService
Healthy
{}
[2022-04-22T23:26:49]==============================[SCALING RUN 3: CHUNK 7]==============================
23:26:49 I logger.go:127> Log level is now 4 Error (was 2 Info)
Fortio 1.19.0 running at -1 queries per second, 2->2 procs, for 1m0s: http://asg-1-lb-935221075.us-east-1.elb.amazonaws.com:3000/?n=80000
Aggregated Function Time : count 70431 avg 0.0085191394 +/- 0.003179 min 0.002437429 max 0.229060416 sum 600.011508
# target 50% 0.00757353
# target 75% 0.0105257
# target 90% 0.0162441
# target 99% 0.0196751
# target 99.9% 0.0235336
Sockets used: 10 (for perfect keepalive, would be 10)
Jitter: false
Code 200 : 70431 (100.0 %)
All done 70431 calls (plus 10 warmup) 8.519 ms avg, 1173.7 qps
Successfully wrote 2439 bytes of Json data to 2022-04-22-232649_asg_taewa_3extra_scaling_3_7.json
fortio exit code: 0
[2022-04-22T23:27:49]==============================[STATS]
jh CPU load avg:
0.00 0.02 0.00 1/157 1205
i-06fc48a1be0216f03
InService
Healthy
{}
i-083704a35fafc9b23
InService
Healthy
{}
[2022-04-22T23:27:49]==============================[SCALING RUN 3: CHUNK 8]==============================
23:27:49 I logger.go:127> Log level is now 4 Error (was 2 Info)
Fortio 1.19.0 running at -1 queries per second, 2->2 procs, for 1m0s: http://asg-1-lb-935221075.us-east-1.elb.amazonaws.com:3000/?n=80000
Aggregated Function Time : count 70619 avg 0.0084964646 +/- 0.003178 min 0.002472937 max 0.222239478 sum 600.011834
# target 50% 0.00759442
# target 75% 0.0105747
# target 90% 0.0162631
# target 99% 0.0196761
# target 99.9% 0.0239977
Sockets used: 10 (for perfect keepalive, would be 10)
Jitter: false
Code 200 : 70619 (100.0 %)
All done 70619 calls (plus 10 warmup) 8.496 ms avg, 1176.7 qps
Successfully wrote 2438 bytes of Json data to 2022-04-22-232749_asg_taewa_3extra_scaling_3_8.json
fortio exit code: 0
[2022-04-22T23:28:49]==============================[STATS]
jh CPU load avg:
0.18 0.06 0.01 1/157 1222
i-06fc48a1be0216f03
InService
Healthy
{}
i-083704a35fafc9b23
InService
Healthy
{}
[2022-04-22T23:28:50]==============================[SCALING RUN 3: CHUNK 9]==============================
23:28:50 I logger.go:127> Log level is now 4 Error (was 2 Info)
Fortio 1.19.0 running at -1 queries per second, 2->2 procs, for 1m0s: http://asg-1-lb-935221075.us-east-1.elb.amazonaws.com:3000/?n=80000
Aggregated Function Time : count 70945 avg 0.0084573074 +/- 0.003002 min 0.002488446 max 0.036175879 sum 600.003672
# target 50% 0.00757485
# target 75% 0.0104447
# target 90% 0.0161902
# target 99% 0.0196375
# target 99.9% 0.0199822
Sockets used: 10 (for perfect keepalive, would be 10)
Jitter: false
Code 200 : 70945 (100.0 %)
All done 70945 calls (plus 10 warmup) 8.457 ms avg, 1182.3 qps
Successfully wrote 2202 bytes of Json data to 2022-04-22-232850_asg_taewa_3extra_scaling_3_9.json
fortio exit code: 0
[2022-04-22T23:29:50]==============================[STATS]
jh CPU load avg:
0.06 0.05 0.01 1/157 1240
i-06fc48a1be0216f03
InService
Healthy
{}
i-083704a35fafc9b23
InService
Healthy
{}
[2022-04-22T23:29:51]==============================[SCALING RUN 3: CHUNK 10]==============================
23:29:51 I logger.go:127> Log level is now 4 Error (was 2 Info)
Fortio 1.19.0 running at -1 queries per second, 2->2 procs, for 1m0s: http://asg-1-lb-935221075.us-east-1.elb.amazonaws.com:3000/?n=80000
Aggregated Function Time : count 70084 avg 0.0085613062 +/- 0.003339 min 0.002539717 max 0.221726459 sum 600.010581
# target 50% 0.00762296
# target 75% 0.0106161
# target 90% 0.0163227
# target 99% 0.0197466
# target 99.9% 0.0317396
Sockets used: 10 (for perfect keepalive, would be 10)
Jitter: false
Code 200 : 70084 (100.0 %)
All done 70084 calls (plus 10 warmup) 8.561 ms avg, 1167.9 qps
Successfully wrote 2561 bytes of Json data to 2022-04-22-232951_asg_taewa_3extra_scaling_3_10.json
fortio exit code: 0
[2022-04-22T23:30:51]==============================[STATS]
jh CPU load avg:
0.02 0.04 0.00 1/159 1265
i-06fc48a1be0216f03
InService
Healthy
{}
i-083704a35fafc9b23
InService
Healthy
{}
[2022-04-22T23:30:52]==============================[SCALING RUN 3: CHUNK 11]==============================
23:30:52 I logger.go:127> Log level is now 4 Error (was 2 Info)
Fortio 1.19.0 running at -1 queries per second, 2->2 procs, for 1m0s: http://asg-1-lb-935221075.us-east-1.elb.amazonaws.com:3000/?n=80000
Aggregated Function Time : count 71229 avg 0.0084236149 +/- 0.002993 min 0.002513876 max 0.031558999 sum 600.005668
# target 50% 0.0075867
# target 75% 0.0104643
# target 90% 0.0162015
# target 99% 0.0196438
# target 99.9% 0.0199881
Sockets used: 10 (for perfect keepalive, would be 10)
Jitter: false
Code 200 : 71229 (100.0 %)
All done 71229 calls (plus 10 warmup) 8.424 ms avg, 1187.0 qps
Successfully wrote 2205 bytes of Json data to 2022-04-22-233052_asg_taewa_3extra_scaling_3_11.json
fortio exit code: 0
[2022-04-22T23:31:52]==============================[STATS]
jh CPU load avg:
0.21 0.07 0.02 1/159 1282
i-06fc48a1be0216f03
InService
Healthy
{}
i-083704a35fafc9b23
InService
Healthy
{}
i-0ca2c8498c269c5a6
Pending
Healthy
{}
[2022-04-22T23:31:52]==============================[SCALING RUN 3: CHUNK 12]==============================
23:31:52 I logger.go:127> Log level is now 4 Error (was 2 Info)
Fortio 1.19.0 running at -1 queries per second, 2->2 procs, for 1m0s: http://asg-1-lb-935221075.us-east-1.elb.amazonaws.com:3000/?n=80000
Aggregated Function Time : count 71036 avg 0.0084464962 +/- 0.003113 min 0.002499565 max 0.222306927 sum 600.005302
# target 50% 0.00758505
# target 75% 0.0104801
# target 90% 0.0162085
# target 99% 0.0196455
# target 99.9% 0.0199892
Sockets used: 10 (for perfect keepalive, would be 10)
Jitter: false
Code 200 : 71036 (100.0 %)
All done 71036 calls (plus 10 warmup) 8.446 ms avg, 1183.8 qps
Successfully wrote 2319 bytes of Json data to 2022-04-22-233152_asg_taewa_3extra_scaling_3_12.json
fortio exit code: 0
[2022-04-22T23:32:52]==============================[STATS]
jh CPU load avg:
0.12 0.07 0.02 1/159 1299
i-06fc48a1be0216f03
InService
Healthy
{}
i-083704a35fafc9b23
InService
Healthy
{}
i-0ca2c8498c269c5a6
InService
Healthy
{}
[2022-04-22T23:32:53]==============================[SCALING RUN 3: CHUNK 13]==============================
23:32:53 I logger.go:127> Log level is now 4 Error (was 2 Info)
Fortio 1.19.0 running at -1 queries per second, 2->2 procs, for 1m0s: http://asg-1-lb-935221075.us-east-1.elb.amazonaws.com:3000/?n=80000
Aggregated Function Time : count 87796 avg 0.0068340139 +/- 0.003789 min 0.002525335 max 0.223356505 sum 599.999081
# target 50% 0.00724282
# target 75% 0.00960162
# target 90% 0.0152089
# target 99% 0.0195585
# target 99.9% 0.0199935
Sockets used: 10 (for perfect keepalive, would be 10)
Jitter: false
Code 200 : 87796 (100.0 %)
All done 87796 calls (plus 10 warmup) 6.834 ms avg, 1463.0 qps
Successfully wrote 2442 bytes of Json data to 2022-04-22-233253_asg_taewa_3extra_scaling_3_13.json
fortio exit code: 0
[2022-04-22T23:33:53]==============================[STATS]
jh CPU load avg:
0.10 0.07 0.02 1/159 1316
i-06fc48a1be0216f03
InService
Healthy
{}
i-083704a35fafc9b23
InService
Healthy
{}
i-0ca2c8498c269c5a6
InService
Healthy
{}
[2022-04-22T23:33:54]==============================[SCALING RUN 3: CHUNK 14]==============================
23:33:54 I logger.go:127> Log level is now 4 Error (was 2 Info)
Fortio 1.19.0 running at -1 queries per second, 2->2 procs, for 1m0s: http://asg-1-lb-935221075.us-east-1.elb.amazonaws.com:3000/?n=80000
Aggregated Function Time : count 88444 avg 0.0067841356 +/- 0.002639 min 0.002528243 max 0.024012856 sum 600.016088
# target 50% 0.00672727
# target 75% 0.00882683
# target 90% 0.0109357
# target 99% 0.0191065
# target 99.9% 0.0199236
Sockets used: 10 (for perfect keepalive, would be 10)
Jitter: false
Code 200 : 88444 (100.0 %)
All done 88444 calls (plus 10 warmup) 6.784 ms avg, 1473.8 qps
Successfully wrote 2088 bytes of Json data to 2022-04-22-233354_asg_taewa_3extra_scaling_3_14.json
fortio exit code: 0
[2022-04-22T23:34:54]==============================[STATS]
jh CPU load avg:
0.07 0.07 0.02 1/159 1334
i-06fc48a1be0216f03
InService
Healthy
{}
i-083704a35fafc9b23
InService
Healthy
{}
i-0ca2c8498c269c5a6
InService
Healthy
{}
[2022-04-22T23:38:55]==============================[GET DATA]==============================
2022-04-22T21:59:18..2022-04-22T23:38:55
asg-1-myASG
asg-1-lb
32K alb_data.json
24K asg_data.json
[2022-04-22T23:38:56]==============================[UPLOAD /2022.04.22_21-58_asg_taewa_3extra_41cf]==============================
Warning: Permanently added '34.125.40.213' (ECDSA) to the list of known hosts.
