+ git log -3
commit d071cb0e02afc225d095833713ae71649e2f7048
Author: Your Name <you@example.com>
Date:   Sat May 28 12:56:12 2022 +1200

    add raupi2 test

commit d13f11bf18e86d4c8b424404220e8bc0d5f7412f
Author: Your Name <you@example.com>
Date:   Sat May 28 11:14:42 2022 +1200

    add more test types to explorer

commit b7e2c0e41f781bc97a31f3720d421db21e7387ba
Author: Your Name <you@example.com>
Date:   Fri May 27 11:20:24 2022 +1200

    add nodes metrics, fix colors
++ cut -d _ -f 2
+ app=riwai
+ export AWS_DEFAULT_REGION=us-east-1
+ AWS_DEFAULT_REGION=us-east-1
+ line===============================
++ date +%FT%T
+ echo '[2022-05-30T03:41:15]==============================[starting' in '/tmp/k8s-vs-ASG/data/cli]=============================='
[2022-05-30T03:41:15]==============================[starting in /tmp/k8s-vs-ASG/data/cli]==============================
+ source 0.setup.sh
++ set -x
++ '[' asg_riwai_3 == k8s_apache_3 ']'
++ '[' asg_riwai_3 == asg_apache_3 ']'
++ '[' asg_riwai_3 == k8s_apache2_3 ']'
++ '[' asg_riwai_3 == k8s_apache2_3new ']'
++ '[' asg_riwai_3 == k8s_taewa_3 ']'
++ '[' asg_riwai_3 == k8s_taewa2_3 ']'
++ '[' asg_riwai_3 == asg_taewa_3 ']'
++ '[' asg_riwai_3 == k8s_taewa_3lite ']'
++ '[' asg_riwai_3 == asg_taewa_3lite ']'
++ '[' asg_riwai_3 == k8s_taewa_3extra ']'
++ '[' asg_riwai_3 == asg_taewa_3extra ']'
++ '[' asg_riwai_3 == k8s_taewa_6 ']'
++ '[' asg_riwai_3 == asg_taewa_6 ']'
++ '[' asg_riwai_3 == k8s_riwai_3 ']'
++ '[' asg_riwai_3 == asg_riwai_3 ']'
++ warmup_url='3000/?n=20000'
++ testing_url='3000/?n=20000'
++ cpu_perc=35
++ warmup_min_threads=15
++ warmup_max_threads=25
++ warmup_cycle_sec=90
++ scaling_minutes=14
++ performance_sec=300
++ max_capacity=3
++ fortio_options='-a -qps -1 -r 0.01 -loglevel Error -allow-initial-errors'
++ '[' asg_riwai_3 == asg_raupi_3 ']'
++ '[' asg_riwai_3 == asg_raupi_3_70 ']'
++ '[' asg_riwai_3 == k8s_raupi_3 ']'
++ '[' asg_riwai_3 == k8s_raupi2_3 ']'
++ set +x
{
    "Account": "129432529795", 
    "UserId": "AIDAR4IWHVOB2STR4AT2T", 
    "Arn": "arn:aws:iam::129432529795:user/ad1"
}
[2022-05-30T03:41:21] waiting for instances ...
scaling to 3
{
    "HealthCheck": {
        "HealthyThreshold": 2, 
        "Interval": 10, 
        "Target": "HTTP:3000/?n=20000", 
        "Timeout": 5, 
        "UnhealthyThreshold": 6
    }
}
  % Total    % Received % Xferd  Average Speed   Time    Time     Time  Current
                                 Dload  Upload   Total   Spent    Left  Speed
  0     0    0     0    0     0      0      0 --:--:-- --:--:-- --:--:--     0100    44  100    44    0     0   6363      0 --:--:-- --:--:-- --:--:--  7333
The result of xrss run is :  5019.5373134375
[2022-05-30T03:46:24]==============================[STATS]
jh CPU load avg:
0.00 0.14 0.10 1/157 2886
i-087e77ec498e26d99
InService
Healthy
{}
i-08e360ba93391a510
InService
Healthy
{}
i-0c2d95aeb882aed12
InService
Healthy
{}
[2022-05-30T03:46:25]==============================[WARMUP RUN c15]==============================
03:46:25 I logger.go:127> Log level is now 4 Error (was 2 Info)
Fortio 1.19.0 running at -1 queries per second, 2->2 procs, for 1m30s: http://asg-1-lb-65256665.us-east-1.elb.amazonaws.com:3000/?n=20000
Aggregated Function Time : count 284191 avg 0.0047500486 +/- 0.001842 min 0.001144915 max 0.030136434 sum 1349.92106
# target 50% 0.00562323
# target 75% 0.0078624
# target 90% 0.00920591
# target 99% 0.011201
# target 99.9% 0.0192619
Sockets used: 15 (for perfect keepalive, would be 15)
Jitter: false
Code 200 : 284191 (100.0 %)
All done 284191 calls (plus 15 warmup) 4.750 ms avg, 3157.5 qps
Successfully wrote 2201 bytes of Json data to 2022-05-30-034625_asg_riwai_3_warmup_15.json
fortio exit code: 0
[2022-05-30T03:47:55]==============================[STATS]
jh CPU load avg:
0.06 0.14 0.10 1/157 2904
i-087e77ec498e26d99
InService
Healthy
{}
i-08e360ba93391a510
InService
Healthy
{}
i-0c2d95aeb882aed12
InService
Healthy
{}
[2022-05-30T03:48:56]==============================[STATS]
jh CPU load avg:
0.02 0.11 0.09 1/157 2913
i-087e77ec498e26d99
InService
Healthy
{}
i-08e360ba93391a510
InService
Healthy
{}
i-0c2d95aeb882aed12
InService
Healthy
{}
[2022-05-30T03:48:57]==============================[WARMUP RUN c16]==============================
03:48:57 I logger.go:127> Log level is now 4 Error (was 2 Info)
Fortio 1.19.0 running at -1 queries per second, 2->2 procs, for 1m30s: http://asg-1-lb-65256665.us-east-1.elb.amazonaws.com:3000/?n=20000
Aggregated Function Time : count 422105 avg 0.0034112012 +/- 0.001811 min 0.001103263 max 0.041416236 sum 1439.88509
# target 50% 0.00557659
# target 75% 0.00781326
# target 90% 0.00915527
# target 99% 0.00996047
# target 99.9% 0.0185722
Sockets used: 16 (for perfect keepalive, would be 16)
Jitter: false
Code 200 : 422105 (100.0 %)
All done 422105 calls (plus 16 warmup) 3.411 ms avg, 4689.8 qps
Successfully wrote 2325 bytes of Json data to 2022-05-30-034857_asg_riwai_3_warmup_16.json
fortio exit code: 0
[2022-05-30T03:50:27]==============================[STATS]
jh CPU load avg:
0.34 0.17 0.11 1/157 2936
i-087e77ec498e26d99
InService
Healthy
{}
i-08e360ba93391a510
InService
Healthy
{}
i-0c2d95aeb882aed12
InService
Healthy
{}
[2022-05-30T03:51:27]==============================[STATS]
jh CPU load avg:
0.12 0.14 0.10 1/156 2945
i-087e77ec498e26d99
InService
Healthy
{}
i-08e360ba93391a510
InService
Healthy
{}
i-0c2d95aeb882aed12
InService
Healthy
{}
[2022-05-30T03:51:28]==============================[WARMUP RUN c17]==============================
03:51:28 I logger.go:127> Log level is now 4 Error (was 2 Info)
Fortio 1.19.0 running at -1 queries per second, 2->2 procs, for 1m30s: http://asg-1-lb-65256665.us-east-1.elb.amazonaws.com:3000/?n=20000
Aggregated Function Time : count 429331 avg 0.0035634347 +/- 0.002039 min 0.001075506 max 0.036339018 sum 1529.89299
# target 50% 0.00556671
# target 75% 0.00781232
# target 90% 0.00915969
# target 99% 0.00996811
# target 99.9% 0.0188289
Sockets used: 17 (for perfect keepalive, would be 17)
Jitter: false
Code 200 : 429331 (100.0 %)
All done 429331 calls (plus 17 warmup) 3.563 ms avg, 4770.1 qps
Successfully wrote 2209 bytes of Json data to 2022-05-30-035128_asg_riwai_3_warmup_17.json
fortio exit code: 0
[2022-05-30T03:52:58]==============================[STATS]
jh CPU load avg:
0.32 0.20 0.12 1/157 2963
i-087e77ec498e26d99
InService
Healthy
{}
i-08e360ba93391a510
InService
Healthy
{}
i-0c2d95aeb882aed12
InService
Healthy
{}
[2022-05-30T03:53:59]==============================[STATS]
jh CPU load avg:
0.12 0.16 0.11 1/157 2972
i-087e77ec498e26d99
InService
Healthy
{}
i-08e360ba93391a510
InService
Healthy
{}
i-0c2d95aeb882aed12
InService
Healthy
{}
[2022-05-30T03:54:00]==============================[WARMUP RUN c18]==============================
03:54:00 I logger.go:127> Log level is now 4 Error (was 2 Info)
Fortio 1.19.0 running at -1 queries per second, 2->2 procs, for 1m30s: http://asg-1-lb-65256665.us-east-1.elb.amazonaws.com:3000/?n=20000
Aggregated Function Time : count 430912 avg 0.0037592277 +/- 0.00203 min 0.001098032 max 0.057487235 sum 1619.89633
# target 50% 0.00558013
# target 75% 0.00782118
# target 90% 0.00916582
# target 99% 0.0099726
# target 99.9% 0.019069
Sockets used: 18 (for perfect keepalive, would be 18)
Jitter: false
Code 200 : 430912 (100.0 %)
All done 430912 calls (plus 18 warmup) 3.759 ms avg, 4787.7 qps
Successfully wrote 2444 bytes of Json data to 2022-05-30-035400_asg_riwai_3_warmup_18.json
fortio exit code: 0
[2022-05-30T03:55:30]==============================[STATS]
jh CPU load avg:
0.25 0.20 0.13 1/158 2993
i-087e77ec498e26d99
InService
Healthy
{}
i-08e360ba93391a510
InService
Healthy
{}
i-0c2d95aeb882aed12
InService
Healthy
{}
[2022-05-30T03:56:30]==============================[STATS]
jh CPU load avg:
0.09 0.16 0.11 1/158 3002
i-087e77ec498e26d99
InService
Healthy
{}
i-08e360ba93391a510
InService
Healthy
{}
i-0c2d95aeb882aed12
InService
Healthy
{}
[2022-05-30T03:56:31]==============================[WARMUP RUN c19]==============================
03:56:31 I logger.go:127> Log level is now 4 Error (was 2 Info)
Fortio 1.19.0 running at -1 queries per second, 2->2 procs, for 1m30s: http://asg-1-lb-65256665.us-east-1.elb.amazonaws.com:3000/?n=20000
Aggregated Function Time : count 435838 avg 0.0039232578 +/- 0.002228 min 0.001087875 max 0.208478305 sum 1709.90482
# target 50% 0.00563026
# target 75% 0.00790147
# target 90% 0.00926419
# target 99% 0.0148447
# target 99.9% 0.0196855
Sockets used: 19 (for perfect keepalive, would be 19)
Jitter: false
Code 200 : 435838 (100.0 %)
All done 435838 calls (plus 19 warmup) 3.923 ms avg, 4842.3 qps
Successfully wrote 2678 bytes of Json data to 2022-05-30-035631_asg_riwai_3_warmup_19.json
fortio exit code: 0
[2022-05-30T03:58:01]==============================[STATS]
jh CPU load avg:
0.18 0.18 0.13 1/158 3021
i-087e77ec498e26d99
InService
Healthy
{}
i-08e360ba93391a510
InService
Healthy
{}
i-0c2d95aeb882aed12
InService
Healthy
{}
[2022-05-30T03:59:02]==============================[STATS]
jh CPU load avg:
0.07 0.15 0.11 1/158 3030
i-087e77ec498e26d99
InService
Healthy
{}
i-08e360ba93391a510
InService
Healthy
{}
i-0c2d95aeb882aed12
InService
Healthy
{}
[2022-05-30T03:59:03]==============================[WARMUP RUN c20]==============================
03:59:03 I logger.go:127> Log level is now 4 Error (was 2 Info)
Fortio 1.19.0 running at -1 queries per second, 2->2 procs, for 1m30s: http://asg-1-lb-65256665.us-east-1.elb.amazonaws.com:3000/?n=20000
Aggregated Function Time : count 424842 avg 0.0042366665 +/- 0.002428 min 0.001137858 max 0.210685789 sum 1799.91388
# target 50% 0.00568674
# target 75% 0.00796119
# target 90% 0.00932587
# target 99% 0.0165284
# target 99.9% 0.0250252
Sockets used: 20 (for perfect keepalive, would be 20)
Jitter: false
Code 200 : 424842 (100.0 %)
All done 424842 calls (plus 20 warmup) 4.237 ms avg, 4720.1 qps
Successfully wrote 2564 bytes of Json data to 2022-05-30-035903_asg_riwai_3_warmup_20.json
fortio exit code: 0
[2022-05-30T04:00:33]==============================[STATS]
jh CPU load avg:
0.15 0.14 0.11 1/158 3054
i-087e77ec498e26d99
InService
Healthy
{}
i-08e360ba93391a510
InService
Healthy
{}
i-0c2d95aeb882aed12
InService
Healthy
{}
[2022-05-30T04:01:33]==============================[STATS]
jh CPU load avg:
0.06 0.11 0.10 1/159 3078
i-087e77ec498e26d99
InService
Healthy
{}
i-08e360ba93391a510
InService
Healthy
{}
i-0c2d95aeb882aed12
InService
Healthy
{}
[2022-05-30T04:01:34]==============================[WARMUP RUN c21]==============================
04:01:34 I logger.go:127> Log level is now 4 Error (was 2 Info)
Fortio 1.19.0 running at -1 queries per second, 2->2 procs, for 1m30s: http://asg-1-lb-65256665.us-east-1.elb.amazonaws.com:3000/?n=20000
Aggregated Function Time : count 433503 avg 0.0043596141 +/- 0.002491 min 0.001094247 max 0.212341802 sum 1889.90578
# target 50% 0.00589109
# target 75% 0.00828952
# target 90% 0.00972858
# target 99% 0.018684
# target 99.9% 0.0199505
Sockets used: 21 (for perfect keepalive, would be 21)
Jitter: false
Code 200 : 433503 (100.0 %)
All done 433503 calls (plus 21 warmup) 4.360 ms avg, 4816.1 qps
Successfully wrote 2440 bytes of Json data to 2022-05-30-040134_asg_riwai_3_warmup_21.json
fortio exit code: 0
[2022-05-30T04:03:04]==============================[STATS]
jh CPU load avg:
0.06 0.09 0.09 1/159 3098
i-087e77ec498e26d99
InService
Healthy
{}
i-08e360ba93391a510
InService
Healthy
{}
i-0c2d95aeb882aed12
InService
Healthy
{}
[2022-05-30T04:04:05]==============================[STATS]
jh CPU load avg:
0.02 0.07 0.08 1/159 3107
i-087e77ec498e26d99
InService
Healthy
{}
i-08e360ba93391a510
InService
Healthy
{}
i-0c2d95aeb882aed12
InService
Healthy
{}
[2022-05-30T04:04:05]==============================[WARMUP RUN c22]==============================
04:04:05 I logger.go:127> Log level is now 4 Error (was 2 Info)
Fortio 1.19.0 running at -1 queries per second, 2->2 procs, for 1m30s: http://asg-1-lb-65256665.us-east-1.elb.amazonaws.com:3000/?n=20000
Aggregated Function Time : count 434485 avg 0.0045568818 +/- 0.002407 min 0.001111859 max 0.041152689 sum 1979.89678
# target 50% 0.00590321
# target 75% 0.0082989
# target 90% 0.00973632
# target 99% 0.0186905
# target 99.9% 0.0199422
Sockets used: 22 (for perfect keepalive, would be 22)
Jitter: false
Code 200 : 434485 (100.0 %)
All done 434485 calls (plus 22 warmup) 4.557 ms avg, 4827.3 qps
Successfully wrote 2326 bytes of Json data to 2022-05-30-040406_asg_riwai_3_warmup_22.json
fortio exit code: 0
[2022-05-30T04:05:36]==============================[STATS]
jh CPU load avg:
0.18 0.12 0.10 1/158 3175
i-087e77ec498e26d99
InService
Healthy
{}
i-08e360ba93391a510
InService
Healthy
{}
i-0c2d95aeb882aed12
InService
Healthy
{}
[2022-05-30T04:06:36]==============================[STATS]
jh CPU load avg:
0.06 0.10 0.09 1/158 3185
i-087e77ec498e26d99
InService
Healthy
{}
i-08e360ba93391a510
InService
Healthy
{}
i-0c2d95aeb882aed12
InService
Healthy
{}
[2022-05-30T04:06:37]==============================[WARMUP RUN c23]==============================
04:06:37 I logger.go:127> Log level is now 4 Error (was 2 Info)
Fortio 1.19.0 running at -1 queries per second, 2->2 procs, for 1m30s: http://asg-1-lb-65256665.us-east-1.elb.amazonaws.com:3000/?n=20000
Aggregated Function Time : count 433136 avg 0.0047788898 +/- 0.002685 min 0.001079847 max 0.21838284 sum 2069.9092
# target 50% 0.00589235
# target 75% 0.00829861
# target 90% 0.00974237
# target 99% 0.0187462
# target 99.9% 0.019991
Sockets used: 23 (for perfect keepalive, would be 23)
Jitter: false
Code 200 : 433136 (100.0 %)
All done 433136 calls (plus 23 warmup) 4.779 ms avg, 4812.2 qps
Successfully wrote 2439 bytes of Json data to 2022-05-30-040637_asg_riwai_3_warmup_23.json
fortio exit code: 0
[2022-05-30T04:08:07]==============================[STATS]
jh CPU load avg:
0.01 0.07 0.08 1/158 3203
i-087e77ec498e26d99
InService
Healthy
{}
i-08e360ba93391a510
InService
Healthy
{}
i-0c2d95aeb882aed12
InService
Healthy
{}
[2022-05-30T04:09:08]==============================[STATS]
jh CPU load avg:
0.00 0.05 0.07 1/158 3212
i-087e77ec498e26d99
InService
Healthy
{}
i-08e360ba93391a510
InService
Healthy
{}
i-0c2d95aeb882aed12
InService
Healthy
{}
[2022-05-30T04:09:09]==============================[WARMUP RUN c24]==============================
04:09:09 I logger.go:127> Log level is now 4 Error (was 2 Info)
Fortio 1.19.0 running at -1 queries per second, 2->2 procs, for 1m30s: http://asg-1-lb-65256665.us-east-1.elb.amazonaws.com:3000/?n=20000
Aggregated Function Time : count 430994 avg 0.0050114443 +/- 0.002726 min 0.001092549 max 0.211443079 sum 2159.90242
# target 50% 0.00590799
# target 75% 0.00831572
# target 90% 0.00976035
# target 99% 0.0187904
# target 99.9% 0.0203964
Sockets used: 24 (for perfect keepalive, would be 24)
Jitter: false
Code 200 : 430994 (100.0 %)
All done 430994 calls (plus 24 warmup) 5.011 ms avg, 4788.5 qps
Successfully wrote 2325 bytes of Json data to 2022-05-30-040909_asg_riwai_3_warmup_24.json
fortio exit code: 0
[2022-05-30T04:10:39]==============================[STATS]
jh CPU load avg:
0.16 0.12 0.09 1/159 3236
i-087e77ec498e26d99
InService
Healthy
{}
i-08e360ba93391a510
InService
Healthy
{}
i-0c2d95aeb882aed12
InService
Healthy
{}
[2022-05-30T04:11:39]==============================[STATS]
jh CPU load avg:
0.49 0.21 0.12 1/164 28071
i-087e77ec498e26d99
InService
Healthy
{}
i-08e360ba93391a510
InService
Healthy
{}
i-0c2d95aeb882aed12
InService
Healthy
{}
[2022-05-30T04:11:40]==============================[WARMUP RUN c25]==============================
04:11:40 I logger.go:127> Log level is now 4 Error (was 2 Info)
Fortio 1.19.0 running at -1 queries per second, 2->2 procs, for 1m30s: http://asg-1-lb-65256665.us-east-1.elb.amazonaws.com:3000/?n=20000
Aggregated Function Time : count 435259 avg 0.0051691393 +/- 0.002589 min 0.001115658 max 0.054846363 sum 2249.91441
# target 50% 0.00591235
# target 75% 0.00831071
# target 90% 0.00974973
# target 99% 0.0187747
# target 99.9% 0.0207544
Sockets used: 25 (for perfect keepalive, would be 25)
Jitter: false
Code 200 : 435259 (100.0 %)
All done 435259 calls (plus 25 warmup) 5.169 ms avg, 4835.9 qps
Successfully wrote 2439 bytes of Json data to 2022-05-30-041140_asg_riwai_3_warmup_25.json
fortio exit code: 0
[2022-05-30T04:13:10]==============================[STATS]
jh CPU load avg:
0.20 0.19 0.12 1/159 32724
i-087e77ec498e26d99
InService
Healthy
{}
i-08e360ba93391a510
InService
Healthy
{}
i-0c2d95aeb882aed12
InService
Healthy
{}
{
    "LoadBalancerDescriptions": [
        {
            "Subnets": [
                "subnet-0046d0f5091a317cf", 
                "subnet-09c8add2ba1caeadb"
            ], 
            "CanonicalHostedZoneNameID": "Z35SXDOTRQ7X7K", 
            "CanonicalHostedZoneName": "asg-1-lb-65256665.us-east-1.elb.amazonaws.com", 
            "ListenerDescriptions": [
                {
                    "Listener": {
                        "InstancePort": 3000, 
                        "LoadBalancerPort": 3000, 
                        "Protocol": "TCP", 
                        "InstanceProtocol": "TCP"
                    }, 
                    "PolicyNames": []
                }, 
                {
                    "Listener": {
                        "InstancePort": 80, 
                        "LoadBalancerPort": 80, 
                        "Protocol": "TCP", 
                        "InstanceProtocol": "TCP"
                    }, 
                    "PolicyNames": []
                }
            ], 
            "HealthCheck": {
                "HealthyThreshold": 2, 
                "Interval": 10, 
                "Target": "HTTP:3000/?n=20000", 
                "Timeout": 5, 
                "UnhealthyThreshold": 6
            }, 
            "VPCId": "vpc-00760687c0a4ee091", 
            "BackendServerDescriptions": [], 
            "Instances": [
                {
                    "InstanceId": "i-0c2d95aeb882aed12"
                }, 
                {
                    "InstanceId": "i-08e360ba93391a510"
                }, 
                {
                    "InstanceId": "i-087e77ec498e26d99"
                }
            ], 
            "DNSName": "asg-1-lb-65256665.us-east-1.elb.amazonaws.com", 
            "SecurityGroups": [
                "sg-0b9bd4a8e36003713"
            ], 
            "Policies": {
                "LBCookieStickinessPolicies": [], 
                "AppCookieStickinessPolicies": [], 
                "OtherPolicies": []
            }, 
            "LoadBalancerName": "asg-1-lb", 
            "CreatedTime": "2022-05-30T03:37:12.230Z", 
            "AvailabilityZones": [
                "us-east-1b", 
                "us-east-1a"
            ], 
            "Scheme": "internet-facing", 
            "SourceSecurityGroup": {
                "OwnerAlias": "129432529795", 
                "GroupName": "asg-1-ALBSecurityGroup-1J65J4RWFOHL4"
            }
        }
    ]
}
{
    "AutoScalingGroups": [
        {
            "AutoScalingGroupARN": "arn:aws:autoscaling:us-east-1:129432529795:autoScalingGroup:e3ff80d4-7807-4742-a4ac-99b529bd403d:autoScalingGroupName/asg-1-myASG", 
            "ServiceLinkedRoleARN": "arn:aws:iam::129432529795:role/aws-service-role/autoscaling.amazonaws.com/AWSServiceRoleForAutoScaling", 
            "TargetGroupARNs": [], 
            "SuspendedProcesses": [], 
            "LaunchTemplate": {
                "LaunchTemplateName": "asg-1-launch-template", 
                "Version": "1", 
                "LaunchTemplateId": "lt-090927778bb4849d0"
            }, 
            "Tags": [
                {
                    "ResourceType": "auto-scaling-group", 
                    "ResourceId": "asg-1-myASG", 
                    "PropagateAtLaunch": true, 
                    "Value": "asg-1-instance", 
                    "Key": "Name"
                }, 
                {
                    "ResourceType": "auto-scaling-group", 
                    "ResourceId": "asg-1-myASG", 
                    "PropagateAtLaunch": false, 
                    "Value": "WebServerGroup", 
                    "Key": "Purpose"
                }, 
                {
                    "ResourceType": "auto-scaling-group", 
                    "ResourceId": "asg-1-myASG", 
                    "PropagateAtLaunch": true, 
                    "Value": "myASG", 
                    "Key": "aws:cloudformation:logical-id"
                }, 
                {
                    "ResourceType": "auto-scaling-group", 
                    "ResourceId": "asg-1-myASG", 
                    "PropagateAtLaunch": true, 
                    "Value": "arn:aws:cloudformation:us-east-1:129432529795:stack/asg-1/c0d4b9f0-dfc9-11ec-bfaa-12ef2de5c9eb", 
                    "Key": "aws:cloudformation:stack-id"
                }, 
                {
                    "ResourceType": "auto-scaling-group", 
                    "ResourceId": "asg-1-myASG", 
                    "PropagateAtLaunch": true, 
                    "Value": "asg-1", 
                    "Key": "aws:cloudformation:stack-name"
                }
            ], 
            "EnabledMetrics": [
                {
                    "Metric": "GroupAndWarmPoolDesiredCapacity", 
                    "Granularity": "1Minute"
                }, 
                {
                    "Metric": "WarmPoolMinSize", 
                    "Granularity": "1Minute"
                }, 
                {
                    "Metric": "GroupStandbyInstances", 
                    "Granularity": "1Minute"
                }, 
                {
                    "Metric": "GroupPendingInstances", 
                    "Granularity": "1Minute"
                }, 
                {
                    "Metric": "WarmPoolWarmedCapacity", 
                    "Granularity": "1Minute"
                }, 
                {
                    "Metric": "GroupDesiredCapacity", 
                    "Granularity": "1Minute"
                }, 
                {
                    "Metric": "GroupMaxSize", 
                    "Granularity": "1Minute"
                }, 
                {
                    "Metric": "GroupTotalCapacity", 
                    "Granularity": "1Minute"
                }, 
                {
                    "Metric": "GroupTerminatingInstances", 
                    "Granularity": "1Minute"
                }, 
                {
                    "Metric": "WarmPoolDesiredCapacity", 
                    "Granularity": "1Minute"
                }, 
                {
                    "Metric": "GroupStandbyCapacity", 
                    "Granularity": "1Minute"
                }, 
                {
                    "Metric": "GroupInServiceCapacity", 
                    "Granularity": "1Minute"
                }, 
                {
                    "Metric": "WarmPoolTotalCapacity", 
                    "Granularity": "1Minute"
                }, 
                {
                    "Metric": "WarmPoolTerminatingCapacity", 
                    "Granularity": "1Minute"
                }, 
                {
                    "Metric": "GroupMinSize", 
                    "Granularity": "1Minute"
                }, 
                {
                    "Metric": "WarmPoolPendingCapacity", 
                    "Granularity": "1Minute"
                }, 
                {
                    "Metric": "GroupInServiceInstances", 
                    "Granularity": "1Minute"
                }, 
                {
                    "Metric": "GroupTerminatingCapacity", 
                    "Granularity": "1Minute"
                }, 
                {
                    "Metric": "GroupAndWarmPoolTotalCapacity", 
                    "Granularity": "1Minute"
                }, 
                {
                    "Metric": "GroupPendingCapacity", 
                    "Granularity": "1Minute"
                }, 
                {
                    "Metric": "GroupTotalInstances", 
                    "Granularity": "1Minute"
                }
            ], 
            "TerminationPolicies": [
                "Default"
            ], 
            "AutoScalingGroupName": "asg-1-myASG", 
            "DefaultCooldown": 300, 
            "MinSize": 1, 
            "Instances": [
                {
                    "ProtectedFromScaleIn": false, 
                    "AvailabilityZone": "us-east-1b", 
                    "LaunchTemplate": {
                        "LaunchTemplateName": "asg-1-launch-template", 
                        "Version": "1", 
                        "LaunchTemplateId": "lt-090927778bb4849d0"
                    }, 
                    "InstanceId": "i-087e77ec498e26d99", 
                    "HealthStatus": "Healthy", 
                    "LifecycleState": "InService", 
                    "InstanceType": "t3.medium"
                }, 
                {
                    "ProtectedFromScaleIn": false, 
                    "AvailabilityZone": "us-east-1a", 
                    "LaunchTemplate": {
                        "LaunchTemplateName": "asg-1-launch-template", 
                        "Version": "1", 
                        "LaunchTemplateId": "lt-090927778bb4849d0"
                    }, 
                    "InstanceId": "i-08e360ba93391a510", 
                    "HealthStatus": "Healthy", 
                    "LifecycleState": "InService", 
                    "InstanceType": "t3.medium"
                }, 
                {
                    "ProtectedFromScaleIn": false, 
                    "AvailabilityZone": "us-east-1b", 
                    "LaunchTemplate": {
                        "LaunchTemplateName": "asg-1-launch-template", 
                        "Version": "1", 
                        "LaunchTemplateId": "lt-090927778bb4849d0"
                    }, 
                    "InstanceId": "i-0c2d95aeb882aed12", 
                    "HealthStatus": "Healthy", 
                    "LifecycleState": "InService", 
                    "InstanceType": "t3.medium"
                }
            ], 
            "MaxSize": 3, 
            "VPCZoneIdentifier": "subnet-0046d0f5091a317cf,subnet-09c8add2ba1caeadb", 
            "HealthCheckGracePeriod": 300, 
            "LoadBalancerNames": [
                "asg-1-lb"
            ], 
            "CreatedTime": "2022-05-30T03:39:39.262Z", 
            "AvailabilityZones": [
                "us-east-1a", 
                "us-east-1b"
            ], 
            "HealthCheckType": "EC2", 
            "NewInstancesProtectedFromScaleIn": false, 
            "DesiredCapacity": 3
        }
    ]
}
[2022-05-30T04:14:14]==============================[PERFORMANCE CHUNK RUN 26]==============================
[2022-05-30T04:15:14]==============================[STATS]
jh CPU load avg:
0.05 0.13 0.10 1/157 32748
i-087e77ec498e26d99
InService
Healthy
{}
i-08e360ba93391a510
InService
Healthy
{}
i-0c2d95aeb882aed12
InService
Healthy
{}
04:15:14 I logger.go:127> Log level is now 4 Error (was 2 Info)
Fortio 1.19.0 running at -1 queries per second, 2->2 procs, for 1m0s: http://asg-1-lb-65256665.us-east-1.elb.amazonaws.com:3000/?n=20000
Aggregated Function Time : count 278625 avg 0.0053834791 +/- 0.002688 min 0.001140599 max 0.212346251 sum 1499.97185
# target 50% 0.00594489
# target 75% 0.00834705
# target 90% 0.00978834
# target 99% 0.0188553
# target 99.9% 0.0218671
Sockets used: 25 (for perfect keepalive, would be 25)
Jitter: false
Code 200 : 278625 (100.0 %)
All done 278625 calls (plus 25 warmup) 5.383 ms avg, 4643.2 qps
Successfully wrote 2456 bytes of Json data to 2022-05-30-041514_asg_riwai_3_performance_chunk_26_1.json
fortio exit code: 0
[2022-05-30T04:16:14]==============================[STATS]
jh CPU load avg:
0.22 0.18 0.12 1/158 32765
i-087e77ec498e26d99
InService
Healthy
{}
i-08e360ba93391a510
InService
Healthy
{}
i-0c2d95aeb882aed12
InService
Healthy
{}
04:16:15 I logger.go:127> Log level is now 4 Error (was 2 Info)
Fortio 1.19.0 running at -1 queries per second, 2->2 procs, for 1m0s: http://asg-1-lb-65256665.us-east-1.elb.amazonaws.com:3000/?n=20000
Aggregated Function Time : count 286253 avg 0.005239975 +/- 0.002549 min 0.001133602 max 0.027759384 sum 1499.95856
# target 50% 0.00592707
# target 75% 0.00832382
# target 90% 0.00976187
# target 99% 0.0187492
# target 99.9% 0.0199577
Sockets used: 25 (for perfect keepalive, would be 25)
Jitter: false
Code 200 : 286253 (100.0 %)
All done 286253 calls (plus 25 warmup) 5.240 ms avg, 4770.3 qps
Successfully wrote 2100 bytes of Json data to 2022-05-30-041615_asg_riwai_3_performance_chunk_26_2.json
fortio exit code: 0
[2022-05-30T04:17:15]==============================[STATS]
jh CPU load avg:
0.22 0.19 0.13 1/158 314
i-087e77ec498e26d99
InService
Healthy
{}
i-08e360ba93391a510
InService
Healthy
{}
i-0c2d95aeb882aed12
InService
Healthy
{}
04:17:16 I logger.go:127> Log level is now 4 Error (was 2 Info)
Fortio 1.19.0 running at -1 queries per second, 2->2 procs, for 1m0s: http://asg-1-lb-65256665.us-east-1.elb.amazonaws.com:3000/?n=20000
Aggregated Function Time : count 289263 avg 0.0051854735 +/- 0.002796 min 0.001140277 max 0.027838206 sum 1499.96563
# target 50% 0.00589453
# target 75% 0.00827168
# target 90% 0.00969796
# target 99% 0.0186214
# target 99.9% 0.0199538
Sockets used: 25 (for perfect keepalive, would be 25)
Jitter: false
Code 200 : 289263 (100.0 %)
All done 289263 calls (plus 25 warmup) 5.185 ms avg, 4820.5 qps
Successfully wrote 2100 bytes of Json data to 2022-05-30-041716_asg_riwai_3_performance_chunk_26_3.json
fortio exit code: 0
[2022-05-30T04:18:16]==============================[STATS]
jh CPU load avg:
0.13 0.17 0.12 1/158 333
i-087e77ec498e26d99
InService
Healthy
{}
i-08e360ba93391a510
InService
Healthy
{}
i-0c2d95aeb882aed12
InService
Healthy
{}
04:18:17 I logger.go:127> Log level is now 4 Error (was 2 Info)
Fortio 1.19.0 running at -1 queries per second, 2->2 procs, for 1m0s: http://asg-1-lb-65256665.us-east-1.elb.amazonaws.com:3000/?n=20000
Aggregated Function Time : count 286894 avg 0.0052283088 +/- 0.002866 min 0.001144636 max 0.036646584 sum 1499.97043
# target 50% 0.0059039
# target 75% 0.00828355
# target 90% 0.00971134
# target 99% 0.0186882
# target 99.9% 0.0199985
Sockets used: 25 (for perfect keepalive, would be 25)
Jitter: false
Code 200 : 286894 (100.0 %)
All done 286894 calls (plus 25 warmup) 5.228 ms avg, 4780.9 qps
Successfully wrote 2220 bytes of Json data to 2022-05-30-041817_asg_riwai_3_performance_chunk_26_4.json
fortio exit code: 0
[2022-05-30T04:19:17]==============================[STATS]
jh CPU load avg:
0.16 0.17 0.12 1/158 349
i-087e77ec498e26d99
InService
Healthy
{}
i-08e360ba93391a510
InService
Healthy
{}
i-0c2d95aeb882aed12
InService
Healthy
{}
04:19:17 I logger.go:127> Log level is now 4 Error (was 2 Info)
Fortio 1.19.0 running at -1 queries per second, 2->2 procs, for 1m0s: http://asg-1-lb-65256665.us-east-1.elb.amazonaws.com:3000/?n=20000
Aggregated Function Time : count 287509 avg 0.0052170972 +/- 0.002644 min 0.00114245 max 0.057281735 sum 1499.96241
# target 50% 0.00592636
# target 75% 0.00831833
# target 90% 0.00975351
# target 99% 0.018817
# target 99.9% 0.023328
Sockets used: 25 (for perfect keepalive, would be 25)
Jitter: false
Code 200 : 287509 (100.0 %)
All done 287509 calls (plus 25 warmup) 5.217 ms avg, 4791.3 qps
Successfully wrote 2454 bytes of Json data to 2022-05-30-041917_asg_riwai_3_performance_chunk_26_5.json
fortio exit code: 0
[2022-05-30T04:21:17]==============================[STATS]
jh CPU load avg:
0.10 0.16 0.12 1/160 407
i-087e77ec498e26d99
InService
Healthy
{}
i-08e360ba93391a510
InService
Healthy
{}
i-0c2d95aeb882aed12
InService
Healthy
{}
[2022-05-30T04:21:18]==============================[PERFORMANCE RUN 1]==============================
04:21:18 I logger.go:127> Log level is now 4 Error (was 2 Info)
Fortio 1.19.0 running at -1 queries per second, 2->2 procs, for 5m0s: http://asg-1-lb-65256665.us-east-1.elb.amazonaws.com:3000/?n=20000
Aggregated Function Time : count 1442802 avg 0.0051979197 +/- 0.00255 min 0.001103811 max 0.218869529 sum 7499.56891
# target 50% 0.0059054
# target 75% 0.0083062
# target 90% 0.00974668
# target 99% 0.0187351
# target 99.9% 0.0199708
Sockets used: 25 (for perfect keepalive, would be 25)
Jitter: false
Code 200 : 1442802 (100.0 %)
All done 1442802 calls (plus 25 warmup) 5.198 ms avg, 4809.2 qps
Successfully wrote 2449 bytes of Json data to 2022-05-30-042118_asg_riwai_3_performance_1.json
fortio exit code: 0
[2022-05-30T04:26:18]==============================[STATS]
jh CPU load avg:
0.23 0.24 0.17 1/158 430
i-087e77ec498e26d99
InService
Healthy
{}
i-08e360ba93391a510
InService
Healthy
{}
i-0c2d95aeb882aed12
InService
Healthy
{}
[2022-05-30T04:27:19]==============================[STATS]
jh CPU load avg:
0.08 0.20 0.16 1/158 440
i-087e77ec498e26d99
InService
Healthy
{}
i-08e360ba93391a510
InService
Healthy
{}
i-0c2d95aeb882aed12
InService
Healthy
{}
[2022-05-30T04:27:20]==============================[PERFORMANCE RUN 2]==============================
04:27:20 I logger.go:127> Log level is now 4 Error (was 2 Info)
Fortio 1.19.0 running at -1 queries per second, 2->2 procs, for 5m0s: http://asg-1-lb-65256665.us-east-1.elb.amazonaws.com:3000/?n=20000
Aggregated Function Time : count 1448341 avg 0.0051780256 +/- 0.002607 min 0.001111318 max 0.216480019 sum 7499.54674
# target 50% 0.00590551
# target 75% 0.0083026
# target 90% 0.00974086
# target 99% 0.0187511
# target 99.9% 0.0201331
Sockets used: 25 (for perfect keepalive, would be 25)
Jitter: false
Code 200 : 1448341 (100.0 %)
All done 1448341 calls (plus 25 warmup) 5.178 ms avg, 4827.7 qps
Successfully wrote 2691 bytes of Json data to 2022-05-30-042720_asg_riwai_3_performance_2.json
fortio exit code: 0
[2022-05-30T04:32:20]==============================[STATS]
jh CPU load avg:
0.10 0.19 0.17 1/160 524
i-087e77ec498e26d99
InService
Healthy
{}
i-08e360ba93391a510
InService
Healthy
{}
i-0c2d95aeb882aed12
InService
Healthy
{}
[2022-05-30T04:33:21]==============================[STATS]
jh CPU load avg:
0.03 0.15 0.16 1/160 533
i-087e77ec498e26d99
InService
Healthy
{}
i-08e360ba93391a510
InService
Healthy
{}
i-0c2d95aeb882aed12
InService
Healthy
{}
[2022-05-30T04:33:22]==============================[PERFORMANCE RUN 3]==============================
04:33:22 I logger.go:127> Log level is now 4 Error (was 2 Info)
Fortio 1.19.0 running at -1 queries per second, 2->2 procs, for 5m0s: http://asg-1-lb-65256665.us-east-1.elb.amazonaws.com:3000/?n=20000
Aggregated Function Time : count 1417717 avg 0.0052898875 +/- 0.002718 min 0.001102379 max 0.218721582 sum 7499.56337
# target 50% 0.00590046
# target 75% 0.0082995
# target 90% 0.00973892
# target 99% 0.0187296
# target 99.9% 0.0199808
Sockets used: 25 (for perfect keepalive, would be 25)
Jitter: false
Code 200 : 1417717 (100.0 %)
All done 1417717 calls (plus 25 warmup) 5.290 ms avg, 4725.6 qps
Successfully wrote 2693 bytes of Json data to 2022-05-30-043322_asg_riwai_3_performance_3.json
fortio exit code: 0
[2022-05-30T04:38:22]==============================[STATS]
jh CPU load avg:
0.10 0.18 0.17 1/158 558
i-087e77ec498e26d99
InService
Healthy
{}
i-08e360ba93391a510
InService
Healthy
{}
i-0c2d95aeb882aed12
InService
Healthy
{}
scaling to 0
{
    "Alarms": [
        {
            "AlarmName": "TargetTracking-asg-1-myASG-AlarmHigh-8b6ba0d3-60ed-426b-874c-980ee606955f", 
            "AlarmARN": "arn:aws:cloudwatch:us-east-1:129432529795:alarm:TargetTracking-asg-1-myASG-AlarmHigh-8b6ba0d3-60ed-426b-874c-980ee606955f"
        }, 
        {
            "AlarmName": "TargetTracking-asg-1-myASG-AlarmLow-6e7ba983-4023-4dee-9e8e-d80a566c7e2f", 
            "AlarmARN": "arn:aws:cloudwatch:us-east-1:129432529795:alarm:TargetTracking-asg-1-myASG-AlarmLow-6e7ba983-4023-4dee-9e8e-d80a566c7e2f"
        }
    ], 
    "PolicyARN": "arn:aws:autoscaling:us-east-1:129432529795:scalingPolicy:f120d730-aeab-4015-8b53-a7348642cfda:autoScalingGroupName/asg-1-myASG:policyName/asg-1-AppServerSP-5YSQFCVVJSPV"
}
[2022-05-30T04:38:55]==============================[SCALING RUN 1: INIT]==============================
{
    "Alarms": [
        {
            "AlarmName": "TargetTracking-asg-1-myASG-AlarmHigh-8b6ba0d3-60ed-426b-874c-980ee606955f", 
            "AlarmARN": "arn:aws:cloudwatch:us-east-1:129432529795:alarm:TargetTracking-asg-1-myASG-AlarmHigh-8b6ba0d3-60ed-426b-874c-980ee606955f"
        }, 
        {
            "AlarmName": "TargetTracking-asg-1-myASG-AlarmLow-6e7ba983-4023-4dee-9e8e-d80a566c7e2f", 
            "AlarmARN": "arn:aws:cloudwatch:us-east-1:129432529795:alarm:TargetTracking-asg-1-myASG-AlarmLow-6e7ba983-4023-4dee-9e8e-d80a566c7e2f"
        }
    ], 
    "PolicyARN": "arn:aws:autoscaling:us-east-1:129432529795:scalingPolicy:f120d730-aeab-4015-8b53-a7348642cfda:autoScalingGroupName/asg-1-myASG:policyName/asg-1-AppServerSP-5YSQFCVVJSPV"
}
scaling to 1
[2022-05-30T04:38:57]==============================[SCALING RUN 1: ENABLE SCALING - SLEEP]==============================
{
    "Alarms": [
        {
            "AlarmName": "TargetTracking-asg-1-myASG-AlarmHigh-0e8f8716-4e3a-4209-ad55-5acefabeb669", 
            "AlarmARN": "arn:aws:cloudwatch:us-east-1:129432529795:alarm:TargetTracking-asg-1-myASG-AlarmHigh-0e8f8716-4e3a-4209-ad55-5acefabeb669"
        }, 
        {
            "AlarmName": "TargetTracking-asg-1-myASG-AlarmLow-da195eba-faaf-4d38-8cb7-e6205aa4bfcd", 
            "AlarmARN": "arn:aws:cloudwatch:us-east-1:129432529795:alarm:TargetTracking-asg-1-myASG-AlarmLow-da195eba-faaf-4d38-8cb7-e6205aa4bfcd"
        }
    ], 
    "PolicyARN": "arn:aws:autoscaling:us-east-1:129432529795:scalingPolicy:f120d730-aeab-4015-8b53-a7348642cfda:autoScalingGroupName/asg-1-myASG:policyName/asg-1-AppServerSP-5YSQFCVVJSPV"
}
[2022-05-30T04:41:58]==============================[SCALING RUN 1: FORTIO]==============================
[2022-05-30T04:41:58]==============================[STATS]
jh CPU load avg:
0.00 0.09 0.14 1/159 604
i-01c5e1d266484e374
InService
Healthy
{}
[2022-05-30T04:41:59]==============================[SCALING RUN 1: CHUNK 1]==============================
04:41:59 I logger.go:127> Log level is now 4 Error (was 2 Info)
Fortio 1.19.0 running at -1 queries per second, 2->2 procs, for 1m0s: http://asg-1-lb-65256665.us-east-1.elb.amazonaws.com:3000/?n=20000
Aggregated Function Time : count 97032 avg 0.015460024 +/- 0.004524 min 0.004151793 max 0.219010206 sum 1500.11706
# target 50% 0.0155685
# target 75% 0.0184227
# target 90% 0.0211458
# target 99% 0.0298561
# target 99.9% 0.0457754
Sockets used: 25 (for perfect keepalive, would be 25)
Jitter: false
Code 200 : 97032 (100.0 %)
All done 97032 calls (plus 25 warmup) 15.460 ms avg, 1616.8 qps
Successfully wrote 2796 bytes of Json data to 2022-05-30-044159_asg_riwai_3_scaling_1_1.json
fortio exit code: 0
[2022-05-30T04:42:59]==============================[STATS]
jh CPU load avg:
0.10 0.11 0.14 1/159 620
i-01c5e1d266484e374
InService
Healthy
{}
[2022-05-30T04:42:59]==============================[SCALING RUN 1: CHUNK 2]==============================
04:42:59 I logger.go:127> Log level is now 4 Error (was 2 Info)
Fortio 1.19.0 running at -1 queries per second, 2->2 procs, for 1m0s: http://asg-1-lb-65256665.us-east-1.elb.amazonaws.com:3000/?n=20000
Aggregated Function Time : count 97844 avg 0.01533186 +/- 0.004204 min 0.001851544 max 0.05220173 sum 1500.13052
# target 50% 0.0155182
# target 75% 0.0183504
# target 90% 0.020446
# target 99% 0.0295874
# target 99.9% 0.0398805
Sockets used: 25 (for perfect keepalive, would be 25)
Jitter: false
Code 200 : 97844 (100.0 %)
All done 97844 calls (plus 25 warmup) 15.332 ms avg, 1630.3 qps
Successfully wrote 2439 bytes of Json data to 2022-05-30-044259_asg_riwai_3_scaling_1_2.json
fortio exit code: 0
[2022-05-30T04:43:59]==============================[STATS]
jh CPU load avg:
0.13 0.12 0.14 1/159 638
i-01c5e1d266484e374
InService
Healthy
{}
[2022-05-30T04:44:00]==============================[SCALING RUN 1: CHUNK 3]==============================
04:44:00 I logger.go:127> Log level is now 4 Error (was 2 Info)
Fortio 1.19.0 running at -1 queries per second, 2->2 procs, for 1m0s: http://asg-1-lb-65256665.us-east-1.elb.amazonaws.com:3000/?n=20000
Aggregated Function Time : count 97268 avg 0.015422652 +/- 0.005037 min 0.001500411 max 0.22118883 sum 1500.13047
# target 50% 0.0155314
# target 75% 0.0183577
# target 90% 0.0205047
# target 99% 0.0316988
# target 99.9% 0.0597731
Sockets used: 25 (for perfect keepalive, would be 25)
Jitter: false
Code 200 : 97268 (100.0 %)
All done 97268 calls (plus 25 warmup) 15.423 ms avg, 1620.7 qps
Successfully wrote 3258 bytes of Json data to 2022-05-30-044400_asg_riwai_3_scaling_1_3.json
fortio exit code: 0
[2022-05-30T04:45:00]==============================[STATS]
jh CPU load avg:
0.19 0.13 0.14 1/159 655
i-01c5e1d266484e374
InService
Healthy
{}
[2022-05-30T04:45:01]==============================[SCALING RUN 1: CHUNK 4]==============================
04:45:01 I logger.go:127> Log level is now 4 Error (was 2 Info)
Fortio 1.19.0 running at -1 queries per second, 2->2 procs, for 1m0s: http://asg-1-lb-65256665.us-east-1.elb.amazonaws.com:3000/?n=20000
Aggregated Function Time : count 98731 avg 0.01519409 +/- 0.004203 min 0.001546514 max 0.067593973 sum 1500.12774
# target 50% 0.01552
# target 75% 0.0183443
# target 90% 0.0203531
# target 99% 0.0295831
# target 99.9% 0.0396489
Sockets used: 25 (for perfect keepalive, would be 25)
Jitter: false
Code 200 : 98731 (100.0 %)
All done 98731 calls (plus 25 warmup) 15.194 ms avg, 1645.1 qps
Successfully wrote 2559 bytes of Json data to 2022-05-30-044501_asg_riwai_3_scaling_1_4.json
fortio exit code: 0
[2022-05-30T04:46:01]==============================[STATS]
jh CPU load avg:
0.33 0.17 0.15 1/158 674
i-01c5e1d266484e374
InService
Healthy
{}
[2022-05-30T04:46:02]==============================[SCALING RUN 1: CHUNK 5]==============================
04:46:02 I logger.go:127> Log level is now 4 Error (was 2 Info)
Fortio 1.19.0 running at -1 queries per second, 2->2 procs, for 1m0s: http://asg-1-lb-65256665.us-east-1.elb.amazonaws.com:3000/?n=20000
Aggregated Function Time : count 99023 avg 0.015149236 +/- 0.004086 min 0.001748968 max 0.046504891 sum 1500.12279
# target 50% 0.0154972
# target 75% 0.0183073
# target 90% 0.0199933
# target 99% 0.0294259
# target 99.9% 0.0390483
Sockets used: 25 (for perfect keepalive, would be 25)
Jitter: false
Code 200 : 99023 (100.0 %)
All done 99023 calls (plus 25 warmup) 15.149 ms avg, 1650.0 qps
Successfully wrote 2320 bytes of Json data to 2022-05-30-044602_asg_riwai_3_scaling_1_5.json
fortio exit code: 0
[2022-05-30T04:47:02]==============================[STATS]
jh CPU load avg:
0.23 0.17 0.15 1/157 691
i-01c5e1d266484e374
InService
Healthy
{}
i-0b20943732a0b1cd3
InService
Healthy
{}
[2022-05-30T04:47:03]==============================[SCALING RUN 1: CHUNK 6]==============================
04:47:03 I logger.go:127> Log level is now 4 Error (was 2 Info)
Fortio 1.19.0 running at -1 queries per second, 2->2 procs, for 1m0s: http://asg-1-lb-65256665.us-east-1.elb.amazonaws.com:3000/?n=20000
Aggregated Function Time : count 98605 avg 0.015213279 +/- 0.004564 min 0.001738541 max 0.219048036 sum 1500.1054
# target 50% 0.0155889
# target 75% 0.0184995
# target 90% 0.0218569
# target 99% 0.0297699
# target 99.9% 0.0420736
Sockets used: 38 (for perfect keepalive, would be 25)
Jitter: false
Code 200 : 98605 (100.0 %)
All done 98605 calls (plus 25 warmup) 15.213 ms avg, 1643.0 qps
Successfully wrote 2786 bytes of Json data to 2022-05-30-044703_asg_riwai_3_scaling_1_6.json
fortio exit code: 0
[2022-05-30T04:48:03]==============================[STATS]
jh CPU load avg:
0.10 0.14 0.14 1/158 708
i-01c5e1d266484e374
InService
Healthy
{}
i-0b20943732a0b1cd3
InService
Healthy
{}
[2022-05-30T04:48:04]==============================[SCALING RUN 1: CHUNK 7]==============================
04:48:04 I logger.go:127> Log level is now 4 Error (was 2 Info)
Fortio 1.19.0 running at -1 queries per second, 2->2 procs, for 1m0s: http://asg-1-lb-65256665.us-east-1.elb.amazonaws.com:3000/?n=20000
Aggregated Function Time : count 199860 avg 0.0075052566 +/- 0.002732 min 0.001283804 max 0.040627487 sum 1500.00058
# target 50% 0.00670617
# target 75% 0.00941739
# target 90% 0.014964
# target 99% 0.0196044
# target 99.9% 0.0258401
Sockets used: 25 (for perfect keepalive, would be 25)
Jitter: false
Code 200 : 199860 (100.0 %)
All done 199860 calls (plus 25 warmup) 7.505 ms avg, 3330.6 qps
Successfully wrote 2324 bytes of Json data to 2022-05-30-044804_asg_riwai_3_scaling_1_7.json
fortio exit code: 0
[2022-05-30T04:49:04]==============================[STATS]
jh CPU load avg:
0.08 0.13 0.14 1/158 726
i-01c5e1d266484e374
InService
Healthy
{}
i-0b20943732a0b1cd3
InService
Healthy
{}
[2022-05-30T04:49:05]==============================[SCALING RUN 1: CHUNK 8]==============================
04:49:05 I logger.go:127> Log level is now 4 Error (was 2 Info)
Fortio 1.19.0 running at -1 queries per second, 2->2 procs, for 1m0s: http://asg-1-lb-65256665.us-east-1.elb.amazonaws.com:3000/?n=20000
Aggregated Function Time : count 199281 avg 0.0075270734 +/- 0.002782 min 0.001227914 max 0.043765676 sum 1500.00272
# target 50% 0.00670584
# target 75% 0.00944482
# target 90% 0.0150593
# target 99% 0.0196435
# target 99.9% 0.0272101
Sockets used: 25 (for perfect keepalive, would be 25)
Jitter: false
Code 200 : 199281 (100.0 %)
All done 199281 calls (plus 25 warmup) 7.527 ms avg, 3321.0 qps
Successfully wrote 2325 bytes of Json data to 2022-05-30-044905_asg_riwai_3_scaling_1_8.json
fortio exit code: 0
[2022-05-30T04:50:05]==============================[STATS]
jh CPU load avg:
0.03 0.11 0.13 1/159 749
i-01c5e1d266484e374
InService
Healthy
{}
i-0b20943732a0b1cd3
InService
Healthy
{}
[2022-05-30T04:50:06]==============================[SCALING RUN 1: CHUNK 9]==============================
04:50:06 I logger.go:127> Log level is now 4 Error (was 2 Info)
Fortio 1.19.0 running at -1 queries per second, 2->2 procs, for 1m0s: http://asg-1-lb-65256665.us-east-1.elb.amazonaws.com:3000/?n=20000
Aggregated Function Time : count 200899 avg 0.0074664361 +/- 0.002724 min 0.001134802 max 0.032985346 sum 1499.99954
# target 50% 0.00663726
# target 75% 0.00938852
# target 90% 0.0149158
# target 99% 0.0196007
# target 99.9% 0.0258319
Sockets used: 25 (for perfect keepalive, would be 25)
Jitter: false
Code 200 : 200899 (100.0 %)
All done 200899 calls (plus 25 warmup) 7.466 ms avg, 3347.9 qps
Successfully wrote 2204 bytes of Json data to 2022-05-30-045006_asg_riwai_3_scaling_1_9.json
fortio exit code: 0
[2022-05-30T04:51:06]==============================[STATS]
jh CPU load avg:
0.13 0.13 0.13 1/159 770
i-01c5e1d266484e374
InService
Healthy
{}
i-0b20943732a0b1cd3
InService
Healthy
{}
[2022-05-30T04:51:06]==============================[SCALING RUN 1: CHUNK 10]==============================
04:51:06 I logger.go:127> Log level is now 4 Error (was 2 Info)
Fortio 1.19.0 running at -1 queries per second, 2->2 procs, for 1m0s: http://asg-1-lb-65256665.us-east-1.elb.amazonaws.com:3000/?n=20000
Aggregated Function Time : count 200673 avg 0.007475197 +/- 0.002721 min 0.001100432 max 0.03593204 sum 1500.07021
# target 50% 0.00664607
# target 75% 0.00941892
# target 90% 0.0150031
# target 99% 0.0196162
# target 99.9% 0.0261777
Sockets used: 25 (for perfect keepalive, would be 25)
Jitter: false
Code 200 : 200673 (100.0 %)
All done 200673 calls (plus 25 warmup) 7.475 ms avg, 3344.0 qps
Successfully wrote 2204 bytes of Json data to 2022-05-30-045107_asg_riwai_3_scaling_1_10.json
fortio exit code: 0
[2022-05-30T04:52:07]==============================[STATS]
jh CPU load avg:
0.05 0.10 0.12 1/159 788
i-01c5e1d266484e374
InService
Healthy
{}
i-0b20943732a0b1cd3
InService
Healthy
{}
[2022-05-30T04:52:07]==============================[SCALING RUN 1: CHUNK 11]==============================
04:52:07 I logger.go:127> Log level is now 4 Error (was 2 Info)
Fortio 1.19.0 running at -1 queries per second, 2->2 procs, for 1m0s: http://asg-1-lb-65256665.us-east-1.elb.amazonaws.com:3000/?n=20000
Aggregated Function Time : count 201123 avg 0.0074582015 +/- 0.002701 min 0.001308415 max 0.035696256 sum 1500.01586
# target 50% 0.00672033
# target 75% 0.00942632
# target 90% 0.0149828
# target 99% 0.0196061
# target 99.9% 0.0258108
Sockets used: 25 (for perfect keepalive, would be 25)
Jitter: false
Code 200 : 201123 (100.0 %)
All done 201123 calls (plus 25 warmup) 7.458 ms avg, 3351.3 qps
Successfully wrote 2204 bytes of Json data to 2022-05-30-045207_asg_riwai_3_scaling_1_11.json
fortio exit code: 0
[2022-05-30T04:53:07]==============================[STATS]
jh CPU load avg:
0.13 0.11 0.12 1/159 804
i-01c5e1d266484e374
InService
Healthy
{}
i-07dde0caf0727abf8
InService
Healthy
{}
i-0b20943732a0b1cd3
InService
Healthy
{}
[2022-05-30T04:53:08]==============================[SCALING RUN 1: CHUNK 12]==============================
04:53:08 I logger.go:127> Log level is now 4 Error (was 2 Info)
Fortio 1.19.0 running at -1 queries per second, 2->2 procs, for 1m0s: http://asg-1-lb-65256665.us-east-1.elb.amazonaws.com:3000/?n=20000
Aggregated Function Time : count 200952 avg 0.0074644555 +/- 0.002682 min 0.001260619 max 0.027673932 sum 1499.99726
# target 50% 0.00670232
# target 75% 0.0094232
# target 90% 0.0149754
# target 99% 0.0195917
# target 99.9% 0.0239127
Sockets used: 25 (for perfect keepalive, would be 25)
Jitter: false
Code 200 : 200952 (100.0 %)
All done 200952 calls (plus 25 warmup) 7.464 ms avg, 3348.8 qps
Successfully wrote 2090 bytes of Json data to 2022-05-30-045308_asg_riwai_3_scaling_1_12.json
fortio exit code: 0
[2022-05-30T04:54:08]==============================[STATS]
jh CPU load avg:
0.11 0.11 0.11 1/159 821
i-01c5e1d266484e374
InService
Healthy
{}
i-07dde0caf0727abf8
InService
Healthy
{}
i-0b20943732a0b1cd3
InService
Healthy
{}
[2022-05-30T04:54:09]==============================[SCALING RUN 1: CHUNK 13]==============================
04:54:09 I logger.go:127> Log level is now 4 Error (was 2 Info)
Fortio 1.19.0 running at -1 queries per second, 2->2 procs, for 1m0s: http://asg-1-lb-65256665.us-east-1.elb.amazonaws.com:3000/?n=20000
Aggregated Function Time : count 297153 avg 0.0050478838 +/- 0.002737 min 0.001232605 max 0.030732051 sum 1499.99382
# target 50% 0.00593979
# target 75% 0.0082934
# target 90% 0.00970557
# target 99% 0.0186508
# target 99.9% 0.0199766
Sockets used: 25 (for perfect keepalive, would be 25)
Jitter: false
Code 200 : 297153 (100.0 %)
All done 297153 calls (plus 25 warmup) 5.048 ms avg, 4952.0 qps
Successfully wrote 2206 bytes of Json data to 2022-05-30-045409_asg_riwai_3_scaling_1_13.json
fortio exit code: 0
[2022-05-30T04:55:09]==============================[STATS]
jh CPU load avg:
0.28 0.18 0.14 1/157 838
i-01c5e1d266484e374
InService
Healthy
{}
i-07dde0caf0727abf8
InService
Healthy
{}
i-0b20943732a0b1cd3
InService
Healthy
{}
[2022-05-30T04:55:10]==============================[SCALING RUN 1: CHUNK 14]==============================
04:55:10 I logger.go:127> Log level is now 4 Error (was 2 Info)
Fortio 1.19.0 running at -1 queries per second, 2->2 procs, for 1m0s: http://asg-1-lb-65256665.us-east-1.elb.amazonaws.com:3000/?n=20000
Aggregated Function Time : count 298962 avg 0.0050171891 +/- 0.002457 min 0.001159341 max 0.035474726 sum 1499.94888
# target 50% 0.00590992
# target 75% 0.00828522
# target 90% 0.00971041
# target 99% 0.0186422
# target 99.9% 0.019949
Sockets used: 25 (for perfect keepalive, would be 25)
Jitter: false
Code 200 : 298962 (100.0 %)
All done 298962 calls (plus 25 warmup) 5.017 ms avg, 4982.1 qps
Successfully wrote 2207 bytes of Json data to 2022-05-30-045510_asg_riwai_3_scaling_1_14.json
fortio exit code: 0
[2022-05-30T04:56:10]==============================[STATS]
jh CPU load avg:
0.14 0.16 0.14 1/157 906
i-01c5e1d266484e374
InService
Healthy
{}
i-07dde0caf0727abf8
InService
Healthy
{}
i-0b20943732a0b1cd3
InService
Healthy
{}
[2022-05-30T04:56:10]==============================[SCALING RUN 2: INIT]==============================
{
    "Alarms": [
        {
            "AlarmName": "TargetTracking-asg-1-myASG-AlarmHigh-f1a74862-e899-4364-8602-cb69290e4a03", 
            "AlarmARN": "arn:aws:cloudwatch:us-east-1:129432529795:alarm:TargetTracking-asg-1-myASG-AlarmHigh-f1a74862-e899-4364-8602-cb69290e4a03"
        }, 
        {
            "AlarmName": "TargetTracking-asg-1-myASG-AlarmLow-02685e36-92a3-40e7-b3c3-1a33f08b6c78", 
            "AlarmARN": "arn:aws:cloudwatch:us-east-1:129432529795:alarm:TargetTracking-asg-1-myASG-AlarmLow-02685e36-92a3-40e7-b3c3-1a33f08b6c78"
        }
    ], 
    "PolicyARN": "arn:aws:autoscaling:us-east-1:129432529795:scalingPolicy:f120d730-aeab-4015-8b53-a7348642cfda:autoScalingGroupName/asg-1-myASG:policyName/asg-1-AppServerSP-5YSQFCVVJSPV"
}
scaling to 1
[2022-05-30T04:56:12]==============================[SCALING RUN 2: ENABLE SCALING - SLEEP]==============================
{
    "Alarms": [
        {
            "AlarmName": "TargetTracking-asg-1-myASG-AlarmHigh-b54daa0a-dc84-4016-908d-3b8c8e2f8380", 
            "AlarmARN": "arn:aws:cloudwatch:us-east-1:129432529795:alarm:TargetTracking-asg-1-myASG-AlarmHigh-b54daa0a-dc84-4016-908d-3b8c8e2f8380"
        }, 
        {
            "AlarmName": "TargetTracking-asg-1-myASG-AlarmLow-45508921-cd25-4888-b91a-58526ceeadec", 
            "AlarmARN": "arn:aws:cloudwatch:us-east-1:129432529795:alarm:TargetTracking-asg-1-myASG-AlarmLow-45508921-cd25-4888-b91a-58526ceeadec"
        }
    ], 
    "PolicyARN": "arn:aws:autoscaling:us-east-1:129432529795:scalingPolicy:f120d730-aeab-4015-8b53-a7348642cfda:autoScalingGroupName/asg-1-myASG:policyName/asg-1-AppServerSP-5YSQFCVVJSPV"
}
[2022-05-30T04:59:13]==============================[SCALING RUN 2: FORTIO]==============================
[2022-05-30T04:59:13]==============================[STATS]
jh CPU load avg:
0.00 0.08 0.10 1/157 934
i-07dde0caf0727abf8
InService
Healthy
{}
[2022-05-30T04:59:14]==============================[SCALING RUN 2: CHUNK 1]==============================
04:59:14 I logger.go:127> Log level is now 4 Error (was 2 Info)
Fortio 1.19.0 running at -1 queries per second, 2->2 procs, for 1m0s: http://asg-1-lb-65256665.us-east-1.elb.amazonaws.com:3000/?n=20000
Aggregated Function Time : count 96665 avg 0.015518896 +/- 0.004707 min 0.001495482 max 0.221064276 sum 1500.13413
# target 50% 0.0155237
# target 75% 0.0184315
# target 90% 0.0214671
# target 99% 0.0319799
# target 99.9% 0.047061
Sockets used: 25 (for perfect keepalive, would be 25)
Jitter: false
Code 200 : 96665 (100.0 %)
All done 96665 calls (plus 25 warmup) 15.519 ms avg, 1610.7 qps
Successfully wrote 2793 bytes of Json data to 2022-05-30-045914_asg_riwai_3_scaling_2_1.json
fortio exit code: 0
[2022-05-30T05:00:14]==============================[STATS]
jh CPU load avg:
0.10 0.09 0.10 1/159 958
i-07dde0caf0727abf8
InService
Healthy
{}
[2022-05-30T05:00:15]==============================[SCALING RUN 2: CHUNK 2]==============================
05:00:15 I logger.go:127> Log level is now 4 Error (was 2 Info)
Fortio 1.19.0 running at -1 queries per second, 2->2 procs, for 1m0s: http://asg-1-lb-65256665.us-east-1.elb.amazonaws.com:3000/?n=20000
Aggregated Function Time : count 96633 avg 0.015523857 +/- 0.004438 min 0.001526174 max 0.068214173 sum 1500.11687
# target 50% 0.0155635
# target 75% 0.0184181
# target 90% 0.0211199
# target 99% 0.0299127
# target 99.9% 0.0449541
Sockets used: 25 (for perfect keepalive, would be 25)
Jitter: false
Code 200 : 96633 (100.0 %)
All done 96633 calls (plus 25 warmup) 15.524 ms avg, 1610.2 qps
Successfully wrote 2561 bytes of Json data to 2022-05-30-050015_asg_riwai_3_scaling_2_2.json
fortio exit code: 0
[2022-05-30T05:01:15]==============================[STATS]
jh CPU load avg:
0.15 0.11 0.10 1/160 988
i-07dde0caf0727abf8
InService
Healthy
{}
[2022-05-30T05:01:16]==============================[SCALING RUN 2: CHUNK 3]==============================
05:01:16 I logger.go:127> Log level is now 4 Error (was 2 Info)
Fortio 1.19.0 running at -1 queries per second, 2->2 procs, for 1m0s: http://asg-1-lb-65256665.us-east-1.elb.amazonaws.com:3000/?n=20000
Aggregated Function Time : count 97830 avg 0.015333971 +/- 0.004137 min 0.001595733 max 0.048687774 sum 1500.12242
# target 50% 0.015504
# target 75% 0.0183232
# target 90% 0.0201341
# target 99% 0.0294306
# target 99.9% 0.0394769
Sockets used: 25 (for perfect keepalive, would be 25)
Jitter: false
Code 200 : 97830 (100.0 %)
All done 97830 calls (plus 25 warmup) 15.334 ms avg, 1630.1 qps
Successfully wrote 2317 bytes of Json data to 2022-05-30-050116_asg_riwai_3_scaling_2_3.json
fortio exit code: 0
[2022-05-30T05:02:16]==============================[STATS]
jh CPU load avg:
0.05 0.08 0.09 1/160 1006
i-07dde0caf0727abf8
InService
Healthy
{}
[2022-05-30T05:02:17]==============================[SCALING RUN 2: CHUNK 4]==============================
05:02:17 I logger.go:127> Log level is now 4 Error (was 2 Info)
Fortio 1.19.0 running at -1 queries per second, 2->2 procs, for 1m0s: http://asg-1-lb-65256665.us-east-1.elb.amazonaws.com:3000/?n=20000
Aggregated Function Time : count 96456 avg 0.015552675 +/- 0.004237 min 0.001635737 max 0.219606643 sum 1500.14882
# target 50% 0.0155107
# target 75% 0.0183145
# target 90% 0.0199968
# target 99% 0.0296773
# target 99.9% 0.0424833
Sockets used: 25 (for perfect keepalive, would be 25)
Jitter: false
Code 200 : 96456 (100.0 %)
All done 96456 calls (plus 25 warmup) 15.553 ms avg, 1607.2 qps
Successfully wrote 2554 bytes of Json data to 2022-05-30-050217_asg_riwai_3_scaling_2_4.json
fortio exit code: 0
[2022-05-30T05:03:17]==============================[STATS]
jh CPU load avg:
0.09 0.08 0.09 1/160 1023
i-07dde0caf0727abf8
InService
Healthy
{}
[2022-05-30T05:03:18]==============================[SCALING RUN 2: CHUNK 5]==============================
05:03:18 I logger.go:127> Log level is now 4 Error (was 2 Info)
Fortio 1.19.0 running at -1 queries per second, 2->2 procs, for 1m0s: http://asg-1-lb-65256665.us-east-1.elb.amazonaws.com:3000/?n=20000
Aggregated Function Time : count 96868 avg 0.015486408 +/- 0.004158 min 0.001539435 max 0.047282363 sum 1500.13736
# target 50% 0.0155181
# target 75% 0.0183281
# target 90% 0.0201306
# target 99% 0.0295241
# target 99.9% 0.0410396
Sockets used: 25 (for perfect keepalive, would be 25)
Jitter: false
Code 200 : 96868 (100.0 %)
All done 96868 calls (plus 25 warmup) 15.486 ms avg, 1614.1 qps
Successfully wrote 2319 bytes of Json data to 2022-05-30-050318_asg_riwai_3_scaling_2_5.json
fortio exit code: 0
[2022-05-30T05:04:18]==============================[STATS]
jh CPU load avg:
0.03 0.07 0.08 1/160 1040
i-07dde0caf0727abf8
InService
Healthy
{}
i-08191ae7ce238d87f
InService
Healthy
{}
[2022-05-30T05:04:19]==============================[SCALING RUN 2: CHUNK 6]==============================
05:04:19 I logger.go:127> Log level is now 4 Error (was 2 Info)
Fortio 1.19.0 running at -1 queries per second, 2->2 procs, for 1m0s: http://asg-1-lb-65256665.us-east-1.elb.amazonaws.com:3000/?n=20000
Aggregated Function Time : count 96947 avg 0.015473621 +/- 0.004533 min 0.001516835 max 0.053329283 sum 1500.12112
# target 50% 0.0155988
# target 75% 0.0185117
# target 90% 0.0219455
# target 99% 0.0298103
# target 99.9% 0.041116
Sockets used: 38 (for perfect keepalive, would be 25)
Jitter: false
Code 200 : 96947 (100.0 %)
All done 96947 calls (plus 25 warmup) 15.474 ms avg, 1615.4 qps
Successfully wrote 2442 bytes of Json data to 2022-05-30-050419_asg_riwai_3_scaling_2_6.json
fortio exit code: 0
[2022-05-30T05:05:19]==============================[STATS]
jh CPU load avg:
0.04 0.06 0.08 1/159 1058
i-07dde0caf0727abf8
InService
Healthy
{}
i-08191ae7ce238d87f
InService
Healthy
{}
[2022-05-30T05:05:20]==============================[SCALING RUN 2: CHUNK 7]==============================
05:05:20 I logger.go:127> Log level is now 4 Error (was 2 Info)
Fortio 1.19.0 running at -1 queries per second, 2->2 procs, for 1m0s: http://asg-1-lb-65256665.us-east-1.elb.amazonaws.com:3000/?n=20000
Aggregated Function Time : count 195106 avg 0.0076881255 +/- 0.002874 min 0.001209213 max 0.210813829 sum 1499.99941
# target 50% 0.00674685
# target 75% 0.0095157
# target 90% 0.0152319
# target 99% 0.0196626
# target 99.9% 0.0269468
Sockets used: 25 (for perfect keepalive, would be 25)
Jitter: false
Code 200 : 195106 (100.0 %)
All done 195106 calls (plus 25 warmup) 7.688 ms avg, 3251.4 qps
Successfully wrote 2434 bytes of Json data to 2022-05-30-050520_asg_riwai_3_scaling_2_7.json
fortio exit code: 0
[2022-05-30T05:06:20]==============================[STATS]
jh CPU load avg:
0.12 0.08 0.09 1/157 1075
i-07dde0caf0727abf8
InService
Healthy
{}
i-08191ae7ce238d87f
InService
Healthy
{}
[2022-05-30T05:06:21]==============================[SCALING RUN 2: CHUNK 8]==============================
05:06:21 I logger.go:127> Log level is now 4 Error (was 2 Info)
Fortio 1.19.0 running at -1 queries per second, 2->2 procs, for 1m0s: http://asg-1-lb-65256665.us-east-1.elb.amazonaws.com:3000/?n=20000
Aggregated Function Time : count 197304 avg 0.0076028732 +/- 0.002807 min 0.001244313 max 0.211773509 sum 1500.07729
# target 50% 0.00668661
# target 75% 0.00940778
# target 90% 0.0149351
# target 99% 0.0195816
# target 99.9% 0.0247627
Sockets used: 25 (for perfect keepalive, would be 25)
Jitter: false
Code 200 : 197304 (100.0 %)
All done 197304 calls (plus 25 warmup) 7.603 ms avg, 3287.4 qps
Successfully wrote 2322 bytes of Json data to 2022-05-30-050621_asg_riwai_3_scaling_2_8.json
fortio exit code: 0
[2022-05-30T05:07:21]==============================[STATS]
jh CPU load avg:
0.26 0.15 0.11 1/157 1093
i-07dde0caf0727abf8
InService
Healthy
{}
i-08191ae7ce238d87f
InService
Healthy
{}
[2022-05-30T05:07:21]==============================[SCALING RUN 2: CHUNK 9]==============================
05:07:21 I logger.go:127> Log level is now 4 Error (was 2 Info)
Fortio 1.19.0 running at -1 queries per second, 2->2 procs, for 1m0s: http://asg-1-lb-65256665.us-east-1.elb.amazonaws.com:3000/?n=20000
Aggregated Function Time : count 197121 avg 0.0076094937 +/- 0.00278 min 0.001271713 max 0.04604999 sum 1499.991
# target 50% 0.00671299
# target 75% 0.00943366
# target 90% 0.0150089
# target 99% 0.0196109
# target 99.9% 0.0260459
Sockets used: 25 (for perfect keepalive, would be 25)
Jitter: false
Code 200 : 197121 (100.0 %)
All done 197121 calls (plus 25 warmup) 7.609 ms avg, 3285.0 qps
Successfully wrote 2322 bytes of Json data to 2022-05-30-050722_asg_riwai_3_scaling_2_9.json
fortio exit code: 0
[2022-05-30T05:08:22]==============================[STATS]
jh CPU load avg:
0.47 0.22 0.13 1/157 1119
i-07dde0caf0727abf8
InService
Healthy
{}
i-08191ae7ce238d87f
InService
Healthy
{}
[2022-05-30T05:08:22]==============================[SCALING RUN 2: CHUNK 10]==============================
05:08:22 I logger.go:127> Log level is now 4 Error (was 2 Info)
Fortio 1.19.0 running at -1 queries per second, 2->2 procs, for 1m0s: http://asg-1-lb-65256665.us-east-1.elb.amazonaws.com:3000/?n=20000
Aggregated Function Time : count 197349 avg 0.0076007735 +/- 0.002782 min 0.001265701 max 0.219572906 sum 1500.00504
# target 50% 0.00670399
# target 75% 0.00942316
# target 90% 0.0149738
# target 99% 0.0195902
# target 99.9% 0.0250417
Sockets used: 25 (for perfect keepalive, would be 25)
Jitter: false
Code 200 : 197349 (100.0 %)
All done 197349 calls (plus 25 warmup) 7.601 ms avg, 3288.8 qps
Successfully wrote 2204 bytes of Json data to 2022-05-30-050822_asg_riwai_3_scaling_2_10.json
fortio exit code: 0
[2022-05-30T05:09:22]==============================[STATS]
jh CPU load avg:
0.44 0.25 0.15 1/157 1136
i-07dde0caf0727abf8
InService
Healthy
{}
i-08191ae7ce238d87f
InService
Healthy
{}
[2022-05-30T05:09:23]==============================[SCALING RUN 2: CHUNK 11]==============================
05:09:23 I logger.go:127> Log level is now 4 Error (was 2 Info)
Fortio 1.19.0 running at -1 queries per second, 2->2 procs, for 1m0s: http://asg-1-lb-65256665.us-east-1.elb.amazonaws.com:3000/?n=20000
Aggregated Function Time : count 196593 avg 0.007629963 +/- 0.002792 min 0.001180741 max 0.211298792 sum 1499.99731
# target 50% 0.00670464
# target 75% 0.00946662
# target 90% 0.0151
# target 99% 0.0196124
# target 99.9% 0.0257733
Sockets used: 25 (for perfect keepalive, would be 25)
Jitter: false
Code 200 : 196593 (100.0 %)
All done 196593 calls (plus 25 warmup) 7.630 ms avg, 3276.1 qps
Successfully wrote 2321 bytes of Json data to 2022-05-30-050923_asg_riwai_3_scaling_2_11.json
fortio exit code: 0
[2022-05-30T05:10:23]==============================[STATS]
jh CPU load avg:
0.26 0.23 0.15 1/158 1159
i-07dde0caf0727abf8
InService
Healthy
{}
i-08191ae7ce238d87f
InService
Healthy
{}
i-08c54dd95d32f09e2
InService
Healthy
{}
[2022-05-30T05:10:24]==============================[SCALING RUN 2: CHUNK 12]==============================
05:10:24 I logger.go:127> Log level is now 4 Error (was 2 Info)
Fortio 1.19.0 running at -1 queries per second, 2->2 procs, for 1m0s: http://asg-1-lb-65256665.us-east-1.elb.amazonaws.com:3000/?n=20000
Aggregated Function Time : count 197681 avg 0.007587949 +/- 0.002815 min 0.001212809 max 0.231886542 sum 1499.99335
# target 50% 0.00669988
# target 75% 0.00944345
# target 90% 0.015035
# target 99% 0.0195991
# target 99.9% 0.0255183
Sockets used: 25 (for perfect keepalive, would be 25)
Jitter: false
Code 200 : 197681 (100.0 %)
All done 197681 calls (plus 25 warmup) 7.588 ms avg, 3294.3 qps
Successfully wrote 2444 bytes of Json data to 2022-05-30-051024_asg_riwai_3_scaling_2_12.json
fortio exit code: 0
[2022-05-30T05:11:24]==============================[STATS]
jh CPU load avg:
0.19 0.22 0.15 1/158 1177
i-07dde0caf0727abf8
InService
Healthy
{}
i-08191ae7ce238d87f
InService
Healthy
{}
i-08c54dd95d32f09e2
InService
Healthy
{}
[2022-05-30T05:11:24]==============================[SCALING RUN 2: CHUNK 13]==============================
05:11:24 I logger.go:127> Log level is now 4 Error (was 2 Info)
Fortio 1.19.0 running at -1 queries per second, 2->2 procs, for 1m0s: http://asg-1-lb-65256665.us-east-1.elb.amazonaws.com:3000/?n=20000
Aggregated Function Time : count 254076 avg 0.005903643 +/- 0.002848 min 0.001102262 max 0.04468195 sum 1499.97399
# target 50% 0.00615961
# target 75% 0.0086883
# target 90% 0.0117036
# target 99% 0.01925
# target 99.9% 0.0205525
Sockets used: 25 (for perfect keepalive, would be 25)
Jitter: false
Code 200 : 254076 (100.0 %)
All done 254076 calls (plus 25 warmup) 5.904 ms avg, 4234.1 qps
Successfully wrote 2326 bytes of Json data to 2022-05-30-051125_asg_riwai_3_scaling_2_13.json
fortio exit code: 0
[2022-05-30T05:12:25]==============================[STATS]
jh CPU load avg:
0.28 0.24 0.16 1/158 1197
i-07dde0caf0727abf8
InService
Healthy
{}
i-08191ae7ce238d87f
InService
Healthy
{}
i-08c54dd95d32f09e2
InService
Healthy
{}
[2022-05-30T05:12:25]==============================[SCALING RUN 2: CHUNK 14]==============================
05:12:25 I logger.go:127> Log level is now 4 Error (was 2 Info)
Fortio 1.19.0 running at -1 queries per second, 2->2 procs, for 1m0s: http://asg-1-lb-65256665.us-east-1.elb.amazonaws.com:3000/?n=20000
Aggregated Function Time : count 254908 avg 0.005884372 +/- 0.002657 min 0.00117594 max 0.041170042 sum 1499.9735
# target 50% 0.0060744
# target 75% 0.00852365
# target 90% 0.0099932
# target 99% 0.0191027
# target 99.9% 0.0218149
Sockets used: 25 (for perfect keepalive, would be 25)
Jitter: false
Code 200 : 254908 (100.0 %)
All done 254908 calls (plus 25 warmup) 5.884 ms avg, 4248.0 qps
Successfully wrote 2325 bytes of Json data to 2022-05-30-051225_asg_riwai_3_scaling_2_14.json
fortio exit code: 0
[2022-05-30T05:13:25]==============================[STATS]
jh CPU load avg:
0.29 0.24 0.16 1/158 1216
i-07dde0caf0727abf8
InService
Healthy
{}
i-08191ae7ce238d87f
InService
Healthy
{}
i-08c54dd95d32f09e2
InService
Healthy
{}
[2022-05-30T05:13:26]==============================[SCALING RUN 3: INIT]==============================
{
    "Alarms": [
        {
            "AlarmName": "TargetTracking-asg-1-myASG-AlarmHigh-d6a8aa69-b9f4-450b-89b3-b8e2e0d40a82", 
            "AlarmARN": "arn:aws:cloudwatch:us-east-1:129432529795:alarm:TargetTracking-asg-1-myASG-AlarmHigh-d6a8aa69-b9f4-450b-89b3-b8e2e0d40a82"
        }, 
        {
            "AlarmName": "TargetTracking-asg-1-myASG-AlarmLow-1b8906bf-a50f-4ae5-b53f-7d966b9dec85", 
            "AlarmARN": "arn:aws:cloudwatch:us-east-1:129432529795:alarm:TargetTracking-asg-1-myASG-AlarmLow-1b8906bf-a50f-4ae5-b53f-7d966b9dec85"
        }
    ], 
    "PolicyARN": "arn:aws:autoscaling:us-east-1:129432529795:scalingPolicy:f120d730-aeab-4015-8b53-a7348642cfda:autoScalingGroupName/asg-1-myASG:policyName/asg-1-AppServerSP-5YSQFCVVJSPV"
}
scaling to 1
[2022-05-30T05:13:28]==============================[SCALING RUN 3: ENABLE SCALING - SLEEP]==============================
{
    "Alarms": [
        {
            "AlarmName": "TargetTracking-asg-1-myASG-AlarmHigh-48764975-0e2e-4049-bfc1-1d171ff9e0a3", 
            "AlarmARN": "arn:aws:cloudwatch:us-east-1:129432529795:alarm:TargetTracking-asg-1-myASG-AlarmHigh-48764975-0e2e-4049-bfc1-1d171ff9e0a3"
        }, 
        {
            "AlarmName": "TargetTracking-asg-1-myASG-AlarmLow-5e9081e8-803a-41a7-b539-20bfdcf060a6", 
            "AlarmARN": "arn:aws:cloudwatch:us-east-1:129432529795:alarm:TargetTracking-asg-1-myASG-AlarmLow-5e9081e8-803a-41a7-b539-20bfdcf060a6"
        }
    ], 
    "PolicyARN": "arn:aws:autoscaling:us-east-1:129432529795:scalingPolicy:f120d730-aeab-4015-8b53-a7348642cfda:autoScalingGroupName/asg-1-myASG:policyName/asg-1-AppServerSP-5YSQFCVVJSPV"
}
[2022-05-30T05:16:29]==============================[SCALING RUN 3: FORTIO]==============================
[2022-05-30T05:16:29]==============================[STATS]
jh CPU load avg:
0.01 0.12 0.13 1/157 1244
i-08c54dd95d32f09e2
InService
Healthy
{}
[2022-05-30T05:16:30]==============================[SCALING RUN 3: CHUNK 1]==============================
05:16:30 I logger.go:127> Log level is now 4 Error (was 2 Info)
Fortio 1.19.0 running at -1 queries per second, 2->2 procs, for 1m0s: http://asg-1-lb-65256665.us-east-1.elb.amazonaws.com:3000/?n=20000
Aggregated Function Time : count 59181 avg 0.025350584 +/- 0.005738 min 0.002389286 max 0.085497252 sum 1500.27294
# target 50% 0.0253592
# target 75% 0.028117
# target 90% 0.0297716
# target 99% 0.048738
# target 99.9% 0.0588233
Sockets used: 25 (for perfect keepalive, would be 25)
Jitter: false
Code 200 : 59181 (100.0 %)
All done 59181 calls (plus 25 warmup) 25.351 ms avg, 985.9 qps
Successfully wrote 2790 bytes of Json data to 2022-05-30-051630_asg_riwai_3_scaling_3_1.json
fortio exit code: 0
[2022-05-30T05:17:30]==============================[STATS]
jh CPU load avg:
0.00 0.10 0.12 1/157 1262
i-08c54dd95d32f09e2
InService
Healthy
{}
i-0ed3e64631976ff03
Pending
Healthy
{}
[2022-05-30T05:17:30]==============================[SCALING RUN 3: CHUNK 2]==============================
05:17:30 I logger.go:127> Log level is now 4 Error (was 2 Info)
Fortio 1.19.0 running at -1 queries per second, 2->2 procs, for 1m0s: http://asg-1-lb-65256665.us-east-1.elb.amazonaws.com:3000/?n=20000
Aggregated Function Time : count 59628 avg 0.025160616 +/- 0.006468 min 0.00178959 max 0.088515122 sum 1500.27721
# target 50% 0.0253875
# target 75% 0.028241
# target 90% 0.0299531
# target 99% 0.0490597
# target 99.9% 0.0575351
Sockets used: 38 (for perfect keepalive, would be 25)
Jitter: false
Code 200 : 59628 (100.0 %)
All done 59628 calls (plus 25 warmup) 25.161 ms avg, 993.4 qps
Successfully wrote 2789 bytes of Json data to 2022-05-30-051731_asg_riwai_3_scaling_3_2.json
fortio exit code: 0
[2022-05-30T05:18:31]==============================[STATS]
jh CPU load avg:
0.24 0.13 0.12 1/157 1278
i-08c54dd95d32f09e2
InService
Healthy
{}
i-0ed3e64631976ff03
InService
Healthy
{}
[2022-05-30T05:18:31]==============================[SCALING RUN 3: CHUNK 3]==============================
05:18:31 I logger.go:127> Log level is now 4 Error (was 2 Info)
Fortio 1.19.0 running at -1 queries per second, 2->2 procs, for 1m0s: http://asg-1-lb-65256665.us-east-1.elb.amazonaws.com:3000/?n=20000
Aggregated Function Time : count 59774 avg 0.025098925 +/- 0.005393 min 0.001832066 max 0.062494621 sum 1500.26317
# target 50% 0.0252648
# target 75% 0.0279999
# target 90% 0.029641
# target 99% 0.048368
# target 99.9% 0.0563401
Sockets used: 25 (for perfect keepalive, would be 25)
Jitter: false
Code 200 : 59774 (100.0 %)
All done 59774 calls (plus 25 warmup) 25.099 ms avg, 995.8 qps
Successfully wrote 2558 bytes of Json data to 2022-05-30-051831_asg_riwai_3_scaling_3_3.json
fortio exit code: 0
[2022-05-30T05:19:31]==============================[STATS]
jh CPU load avg:
0.15 0.12 0.12 1/156 1345
i-08c54dd95d32f09e2
InService
Healthy
{}
i-0ed3e64631976ff03
InService
Healthy
{}
[2022-05-30T05:19:32]==============================[SCALING RUN 3: CHUNK 4]==============================
05:19:32 I logger.go:127> Log level is now 4 Error (was 2 Info)
Fortio 1.19.0 running at -1 queries per second, 2->2 procs, for 1m0s: http://asg-1-lb-65256665.us-east-1.elb.amazonaws.com:3000/?n=20000
Aggregated Function Time : count 158485 avg 0.0094649693 +/- 0.003759 min 0.001367918 max 0.070002876 sum 1500.05566
# target 50% 0.00946886
# target 75% 0.0150378
# target 90% 0.0185166
# target 99% 0.0274163
# target 99.9% 0.0299794
Sockets used: 25 (for perfect keepalive, would be 25)
Jitter: false
Code 200 : 158485 (100.0 %)
All done 158485 calls (plus 25 warmup) 9.465 ms avg, 2640.8 qps
Successfully wrote 2679 bytes of Json data to 2022-05-30-051932_asg_riwai_3_scaling_3_4.json
fortio exit code: 0
[2022-05-30T05:20:32]==============================[STATS]
jh CPU load avg:
0.14 0.12 0.12 1/158 1369
i-08c54dd95d32f09e2
InService
Healthy
{}
i-0ed3e64631976ff03
InService
Healthy
{}
[2022-05-30T05:20:33]==============================[SCALING RUN 3: CHUNK 5]==============================
05:20:33 I logger.go:127> Log level is now 4 Error (was 2 Info)
Fortio 1.19.0 running at -1 queries per second, 2->2 procs, for 1m0s: http://asg-1-lb-65256665.us-east-1.elb.amazonaws.com:3000/?n=20000
Aggregated Function Time : count 160335 avg 0.0093555359 +/- 0.004122 min 0.001353267 max 0.040578282 sum 1500.01986
# target 50% 0.00973612
# target 75% 0.0152239
# target 90% 0.0185688
# target 99% 0.02731
# target 99.9% 0.0298581
Sockets used: 25 (for perfect keepalive, would be 25)
Jitter: false
Code 200 : 160335 (100.0 %)
All done 160335 calls (plus 25 warmup) 9.356 ms avg, 2671.8 qps
Successfully wrote 2330 bytes of Json data to 2022-05-30-052033_asg_riwai_3_scaling_3_5.json
fortio exit code: 0
[2022-05-30T05:21:33]==============================[STATS]
jh CPU load avg:
0.23 0.15 0.12 1/158 1388
i-08c54dd95d32f09e2
InService
Healthy
{}
i-0ed3e64631976ff03
InService
Healthy
{}
[2022-05-30T05:21:34]==============================[SCALING RUN 3: CHUNK 6]==============================
05:21:34 I logger.go:127> Log level is now 4 Error (was 2 Info)
Fortio 1.19.0 running at -1 queries per second, 2->2 procs, for 1m0s: http://asg-1-lb-65256665.us-east-1.elb.amazonaws.com:3000/?n=20000
Aggregated Function Time : count 160224 avg 0.0093621459 +/- 0.00415 min 0.001287852 max 0.040182836 sum 1500.04046
# target 50% 0.00971941
# target 75% 0.0152181
# target 90% 0.0185722
# target 99% 0.0273466
# target 99.9% 0.0298751
Sockets used: 25 (for perfect keepalive, would be 25)
Jitter: false
Code 200 : 160224 (100.0 %)
All done 160224 calls (plus 25 warmup) 9.362 ms avg, 2669.9 qps
Successfully wrote 2324 bytes of Json data to 2022-05-30-052134_asg_riwai_3_scaling_3_6.json
fortio exit code: 0
[2022-05-30T05:22:34]==============================[STATS]
jh CPU load avg:
0.14 0.13 0.11 1/158 1405
i-08c54dd95d32f09e2
InService
Healthy
{}
i-0ed3e64631976ff03
InService
Healthy
{}
[2022-05-30T05:22:35]==============================[SCALING RUN 3: CHUNK 7]==============================
05:22:35 I logger.go:127> Log level is now 4 Error (was 2 Info)
Fortio 1.19.0 running at -1 queries per second, 2->2 procs, for 1m0s: http://asg-1-lb-65256665.us-east-1.elb.amazonaws.com:3000/?n=20000
Aggregated Function Time : count 160493 avg 0.0093463534 +/- 0.003659 min 0.001316605 max 0.038421273 sum 1500.0243
# target 50% 0.00932593
# target 75% 0.0149089
# target 90% 0.0184503
# target 99% 0.0271863
# target 99.9% 0.029841
Sockets used: 25 (for perfect keepalive, would be 25)
Jitter: false
Code 200 : 160493 (100.0 %)
All done 160493 calls (plus 25 warmup) 9.346 ms avg, 2674.4 qps
Successfully wrote 2206 bytes of Json data to 2022-05-30-052235_asg_riwai_3_scaling_3_7.json
fortio exit code: 0
[2022-05-30T05:23:35]==============================[STATS]
jh CPU load avg:
0.05 0.11 0.10 1/158 1422
i-08123bb2fdb3b6d91
InService
Healthy
{}
i-08c54dd95d32f09e2
InService
Healthy
{}
i-0ed3e64631976ff03
InService
Healthy
{}
[2022-05-30T05:23:35]==============================[SCALING RUN 3: CHUNK 8]==============================
05:23:35 I logger.go:127> Log level is now 4 Error (was 2 Info)
Fortio 1.19.0 running at -1 queries per second, 2->2 procs, for 1m0s: http://asg-1-lb-65256665.us-east-1.elb.amazonaws.com:3000/?n=20000
Aggregated Function Time : count 160824 avg 0.0093272438 +/- 0.003675 min 0.001391705 max 0.218226726 sum 1500.04466
# target 50% 0.00930919
# target 75% 0.0148812
# target 90% 0.0184291
# target 99% 0.0271212
# target 99.9% 0.0298389
Sockets used: 25 (for perfect keepalive, would be 25)
Jitter: false
Code 200 : 160824 (100.0 %)
All done 160824 calls (plus 25 warmup) 9.327 ms avg, 2679.8 qps
Successfully wrote 2443 bytes of Json data to 2022-05-30-052335_asg_riwai_3_scaling_3_8.json
fortio exit code: 0
[2022-05-30T05:24:35]==============================[STATS]
jh CPU load avg:
0.16 0.14 0.11 1/158 1439
i-08123bb2fdb3b6d91
InService
Healthy
{}
i-08c54dd95d32f09e2
InService
Healthy
{}
i-0ed3e64631976ff03
InService
Healthy
{}
[2022-05-30T05:24:36]==============================[SCALING RUN 3: CHUNK 9]==============================
05:24:36 I logger.go:127> Log level is now 4 Error (was 2 Info)
Fortio 1.19.0 running at -1 queries per second, 2->2 procs, for 1m0s: http://asg-1-lb-65256665.us-east-1.elb.amazonaws.com:3000/?n=20000
Aggregated Function Time : count 255115 avg 0.0058796931 +/- 0.0045 min 0.00128081 max 0.043042301 sum 1499.9979
# target 50% 0.00693574
# target 75% 0.00976323
# target 90% 0.0162174
# target 99% 0.025427
# target 99.9% 0.0296828
Sockets used: 25 (for perfect keepalive, would be 25)
Jitter: false
Code 200 : 255115 (100.0 %)
All done 255115 calls (plus 25 warmup) 5.880 ms avg, 4251.1 qps
Successfully wrote 2325 bytes of Json data to 2022-05-30-052436_asg_riwai_3_scaling_3_9.json
fortio exit code: 0
[2022-05-30T05:25:36]==============================[STATS]
jh CPU load avg:
0.10 0.13 0.11 1/157 1456
i-08123bb2fdb3b6d91
InService
Healthy
{}
i-08c54dd95d32f09e2
InService
Healthy
{}
i-0ed3e64631976ff03
InService
Healthy
{}
[2022-05-30T05:25:37]==============================[SCALING RUN 3: CHUNK 10]==============================
05:25:37 I logger.go:127> Log level is now 4 Error (was 2 Info)
Fortio 1.19.0 running at -1 queries per second, 2->2 procs, for 1m0s: http://asg-1-lb-65256665.us-east-1.elb.amazonaws.com:3000/?n=20000
Aggregated Function Time : count 257889 avg 0.0058164034 +/- 0.004501 min 0.001265154 max 0.037865726 sum 1499.98646
# target 50% 0.00690546
# target 75% 0.00972564
# target 90% 0.0161627
# target 99% 0.0254965
# target 99.9% 0.0297081
Sockets used: 25 (for perfect keepalive, would be 25)
Jitter: false
Code 200 : 257889 (100.0 %)
All done 257889 calls (plus 25 warmup) 5.816 ms avg, 4297.4 qps
Successfully wrote 2206 bytes of Json data to 2022-05-30-052537_asg_riwai_3_scaling_3_10.json
fortio exit code: 0
[2022-05-30T05:26:37]==============================[STATS]
jh CPU load avg:
0.04 0.10 0.10 1/157 1475
i-08123bb2fdb3b6d91
InService
Healthy
{}
i-08c54dd95d32f09e2
InService
Healthy
{}
i-0ed3e64631976ff03
InService
Healthy
{}
[2022-05-30T05:26:38]==============================[SCALING RUN 3: CHUNK 11]==============================
05:26:38 I logger.go:127> Log level is now 4 Error (was 2 Info)
Fortio 1.19.0 running at -1 queries per second, 2->2 procs, for 1m0s: http://asg-1-lb-65256665.us-east-1.elb.amazonaws.com:3000/?n=20000
Aggregated Function Time : count 258644 avg 0.0057994795 +/- 0.004027 min 0.001266056 max 0.034800587 sum 1500.00057
# target 50% 0.0068276
# target 75% 0.00960839
# target 90% 0.0159069
# target 99% 0.0251782
# target 99.9% 0.029635
Sockets used: 25 (for perfect keepalive, would be 25)
Jitter: false
Code 200 : 258644 (100.0 %)
All done 258644 calls (plus 25 warmup) 5.799 ms avg, 4309.9 qps
Successfully wrote 2209 bytes of Json data to 2022-05-30-052638_asg_riwai_3_scaling_3_11.json
fortio exit code: 0
[2022-05-30T05:27:38]==============================[STATS]
jh CPU load avg:
0.22 0.14 0.11 1/157 1492
i-08123bb2fdb3b6d91
InService
Healthy
{}
i-08c54dd95d32f09e2
InService
Healthy
{}
i-0ed3e64631976ff03
InService
Healthy
{}
[2022-05-30T05:27:38]==============================[SCALING RUN 3: CHUNK 12]==============================
05:27:38 I logger.go:127> Log level is now 4 Error (was 2 Info)
Fortio 1.19.0 running at -1 queries per second, 2->2 procs, for 1m0s: http://asg-1-lb-65256665.us-east-1.elb.amazonaws.com:3000/?n=20000
Aggregated Function Time : count 258075 avg 0.0058122772 +/- 0.004059 min 0.001296858 max 0.212773457 sum 1500.00344
# target 50% 0.00685954
# target 75% 0.00964091
# target 90% 0.0159714
# target 99% 0.0252204
# target 99.9% 0.0296614
Sockets used: 25 (for perfect keepalive, would be 25)
Jitter: false
Code 200 : 258075 (100.0 %)
All done 258075 calls (plus 25 warmup) 5.812 ms avg, 4300.4 qps
Successfully wrote 2326 bytes of Json data to 2022-05-30-052738_asg_riwai_3_scaling_3_12.json
fortio exit code: 0
[2022-05-30T05:28:38]==============================[STATS]
jh CPU load avg:
0.31 0.16 0.11 1/157 1509
i-08123bb2fdb3b6d91
InService
Healthy
{}
i-08c54dd95d32f09e2
InService
Healthy
{}
i-0ed3e64631976ff03
InService
Healthy
{}
[2022-05-30T05:28:39]==============================[SCALING RUN 3: CHUNK 13]==============================
05:28:39 I logger.go:127> Log level is now 4 Error (was 2 Info)
Fortio 1.19.0 running at -1 queries per second, 2->2 procs, for 1m0s: http://asg-1-lb-65256665.us-east-1.elb.amazonaws.com:3000/?n=20000
Aggregated Function Time : count 258639 avg 0.0057996032 +/- 0.004522 min 0.001272974 max 0.037536806 sum 1500.00358
# target 50% 0.0068938
# target 75% 0.00970423
# target 90% 0.0161097
# target 99% 0.0253695
# target 99.9% 0.0296683
Sockets used: 25 (for perfect keepalive, would be 25)
Jitter: false
Code 200 : 258639 (100.0 %)
All done 258639 calls (plus 25 warmup) 5.800 ms avg, 4309.8 qps
Successfully wrote 2208 bytes of Json data to 2022-05-30-052839_asg_riwai_3_scaling_3_13.json
fortio exit code: 0
[2022-05-30T05:29:39]==============================[STATS]
jh CPU load avg:
0.19 0.16 0.11 1/157 1526
i-08123bb2fdb3b6d91
InService
Healthy
{}
i-08c54dd95d32f09e2
InService
Healthy
{}
i-0ed3e64631976ff03
InService
Healthy
{}
[2022-05-30T05:29:40]==============================[SCALING RUN 3: CHUNK 14]==============================
05:29:40 I logger.go:127> Log level is now 4 Error (was 2 Info)
Fortio 1.19.0 running at -1 queries per second, 2->2 procs, for 1m0s: http://asg-1-lb-65256665.us-east-1.elb.amazonaws.com:3000/?n=20000
Aggregated Function Time : count 254792 avg 0.0058870889 +/- 0.004194 min 0.001289859 max 0.215763389 sum 1499.98316
# target 50% 0.00683102
# target 75% 0.00960162
# target 90% 0.0159155
# target 99% 0.0253752
# target 99.9% 0.0296759
Sockets used: 25 (for perfect keepalive, would be 25)
Jitter: false
Code 200 : 254792 (100.0 %)
All done 254792 calls (plus 25 warmup) 5.887 ms avg, 4245.7 qps
Successfully wrote 2445 bytes of Json data to 2022-05-30-052940_asg_riwai_3_scaling_3_14.json
fortio exit code: 0
[2022-05-30T05:30:40]==============================[STATS]
jh CPU load avg:
0.14 0.16 0.11 1/157 1547
i-08123bb2fdb3b6d91
InService
Healthy
{}
i-08c54dd95d32f09e2
InService
Healthy
{}
i-0ed3e64631976ff03
InService
Healthy
{}
[2022-05-30T05:34:41]==============================[GET DATA]==============================
2022-05-30T03:42:21..2022-05-30T05:34:41
asg-1-myASG
asg-1-lb
36K alb_data.json
24K asg_data.json
[2022-05-30T05:34:42]==============================[UPLOAD /2022.05.30_03-41_asg_riwai_3_d071]==============================
Warning: Permanently added '35.185.210.97' (ECDSA) to the list of known hosts.
