2022-05-28T23:49:16
NAME                             CPU(cores)   CPU%   MEMORY(bytes)   MEMORY%   
ip-192-168-41-120.ec2.internal   61m          3%     1045Mi          31%       
2022-05-28T23:50:18
NAME                             CPU(cores)   CPU%   MEMORY(bytes)   MEMORY%   
ip-192-168-41-120.ec2.internal   56m          2%     923Mi           27%       
2022-05-28T23:51:19
NAME                             CPU(cores)   CPU%   MEMORY(bytes)   MEMORY%   
ip-192-168-15-90.ec2.internal    85m          4%     459Mi           13%       
ip-192-168-28-52.ec2.internal    38m          1%     452Mi           13%       
ip-192-168-41-120.ec2.internal   1244m        64%    584Mi           17%       
2022-05-28T23:52:21
NAME                             CPU(cores)   CPU%   MEMORY(bytes)   MEMORY%   
ip-192-168-15-90.ec2.internal    40m          2%     478Mi           14%       
ip-192-168-28-52.ec2.internal    39m          2%     455Mi           13%       
ip-192-168-41-120.ec2.internal   1212m        62%    586Mi           17%       
2022-05-28T23:53:23
NAME                             CPU(cores)   CPU%   MEMORY(bytes)   MEMORY%   
ip-192-168-15-90.ec2.internal    40m          2%     483Mi           14%       
ip-192-168-28-52.ec2.internal    39m          2%     455Mi           13%       
ip-192-168-41-120.ec2.internal   60m          3%     591Mi           17%       
2022-05-28T23:54:25
NAME                             CPU(cores)   CPU%   MEMORY(bytes)   MEMORY%   
ip-192-168-15-90.ec2.internal    1257m        65%    484Mi           14%       
ip-192-168-28-52.ec2.internal    116m         6%     483Mi           14%       
ip-192-168-41-120.ec2.internal   1259m        65%    584Mi           17%       
2022-05-28T23:55:26
NAME                             CPU(cores)   CPU%   MEMORY(bytes)   MEMORY%   
ip-192-168-15-90.ec2.internal    43m          2%     483Mi           14%       
ip-192-168-28-52.ec2.internal    41m          2%     484Mi           14%       
ip-192-168-41-120.ec2.internal   57m          2%     585Mi           17%       
2022-05-28T23:56:28
NAME                             CPU(cores)   CPU%   MEMORY(bytes)   MEMORY%   
ip-192-168-15-90.ec2.internal    1279m        66%    486Mi           14%       
ip-192-168-28-52.ec2.internal    1240m        64%    486Mi           14%       
ip-192-168-41-120.ec2.internal   1240m        64%    584Mi           17%       
2022-05-28T23:57:30
NAME                             CPU(cores)   CPU%   MEMORY(bytes)   MEMORY%   
ip-192-168-15-90.ec2.internal    872m         45%    485Mi           14%       
ip-192-168-28-52.ec2.internal    795m         41%    486Mi           14%       
ip-192-168-41-120.ec2.internal   774m         40%    585Mi           17%       
2022-05-28T23:58:31
NAME                             CPU(cores)   CPU%   MEMORY(bytes)   MEMORY%   
ip-192-168-15-90.ec2.internal    70m          3%     486Mi           14%       
ip-192-168-28-52.ec2.internal    42m          2%     487Mi           14%       
ip-192-168-41-120.ec2.internal   152m         7%     585Mi           17%       
2022-05-28T23:59:33
NAME                             CPU(cores)   CPU%   MEMORY(bytes)   MEMORY%   
ip-192-168-15-90.ec2.internal    1271m        65%    486Mi           14%       
ip-192-168-28-52.ec2.internal    1259m        65%    487Mi           14%       
ip-192-168-41-120.ec2.internal   1292m        66%    585Mi           17%       
2022-05-29T00:00:35
NAME                             CPU(cores)   CPU%   MEMORY(bytes)   MEMORY%   
ip-192-168-15-90.ec2.internal    44m          2%     487Mi           14%       
ip-192-168-28-52.ec2.internal    44m          2%     487Mi           14%       
ip-192-168-41-120.ec2.internal   62m          3%     605Mi           18%       
2022-05-29T00:01:37
NAME                             CPU(cores)   CPU%   MEMORY(bytes)   MEMORY%   
ip-192-168-15-90.ec2.internal    1219m        63%    489Mi           14%       
ip-192-168-28-52.ec2.internal    1243m        64%    488Mi           14%       
ip-192-168-41-120.ec2.internal   1227m        63%    603Mi           18%       
2022-05-29T00:02:39
NAME                             CPU(cores)   CPU%   MEMORY(bytes)   MEMORY%   
ip-192-168-15-90.ec2.internal    1224m        63%    486Mi           14%       
ip-192-168-28-52.ec2.internal    1240m        64%    488Mi           14%       
ip-192-168-41-120.ec2.internal   1228m        63%    604Mi           18%       
2022-05-29T00:03:40
NAME                             CPU(cores)   CPU%   MEMORY(bytes)   MEMORY%   
ip-192-168-15-90.ec2.internal    43m          2%     488Mi           14%       
ip-192-168-28-52.ec2.internal    42m          2%     490Mi           14%       
ip-192-168-41-120.ec2.internal   57m          2%     604Mi           18%       
2022-05-29T00:04:42
NAME                             CPU(cores)   CPU%   MEMORY(bytes)   MEMORY%   
ip-192-168-15-90.ec2.internal    1247m        64%    488Mi           14%       
ip-192-168-28-52.ec2.internal    1321m        68%    489Mi           14%       
ip-192-168-41-120.ec2.internal   1231m        63%    605Mi           18%       
2022-05-29T00:05:44
NAME                             CPU(cores)   CPU%   MEMORY(bytes)   MEMORY%   
ip-192-168-15-90.ec2.internal    39m          2%     506Mi           15%       
ip-192-168-28-52.ec2.internal    41m          2%     505Mi           15%       
ip-192-168-41-120.ec2.internal   56m          2%     605Mi           18%       
2022-05-29T00:06:46
NAME                             CPU(cores)   CPU%   MEMORY(bytes)   MEMORY%   
ip-192-168-15-90.ec2.internal    1223m        63%    505Mi           15%       
ip-192-168-28-52.ec2.internal    1224m        63%    506Mi           15%       
ip-192-168-41-120.ec2.internal   1259m        65%    605Mi           18%       
2022-05-29T00:07:47
NAME                             CPU(cores)   CPU%   MEMORY(bytes)   MEMORY%   
ip-192-168-15-90.ec2.internal    1225m        63%    505Mi           15%       
ip-192-168-28-52.ec2.internal    1222m        63%    505Mi           15%       
ip-192-168-41-120.ec2.internal   1243m        64%    605Mi           18%       
2022-05-29T00:08:49
NAME                             CPU(cores)   CPU%   MEMORY(bytes)   MEMORY%   
ip-192-168-15-90.ec2.internal    40m          2%     506Mi           15%       
ip-192-168-28-52.ec2.internal    42m          2%     506Mi           15%       
ip-192-168-41-120.ec2.internal   58m          3%     604Mi           18%       
2022-05-29T00:09:51
NAME                             CPU(cores)   CPU%   MEMORY(bytes)   MEMORY%   
ip-192-168-15-90.ec2.internal    1232m        63%    505Mi           15%       
ip-192-168-28-52.ec2.internal    1226m        63%    506Mi           15%       
ip-192-168-41-120.ec2.internal   1228m        63%    605Mi           18%       
2022-05-29T00:10:53
NAME                             CPU(cores)   CPU%   MEMORY(bytes)   MEMORY%   
ip-192-168-15-90.ec2.internal    41m          2%     505Mi           15%       
ip-192-168-28-52.ec2.internal    42m          2%     505Mi           15%       
ip-192-168-41-120.ec2.internal   58m          3%     605Mi           18%       
2022-05-29T00:11:55
NAME                             CPU(cores)   CPU%   MEMORY(bytes)   MEMORY%   
ip-192-168-15-90.ec2.internal    1223m        63%    506Mi           15%       
ip-192-168-28-52.ec2.internal    1089m        56%    507Mi           15%       
ip-192-168-41-120.ec2.internal   1224m        63%    606Mi           18%       
2022-05-29T00:12:57
NAME                             CPU(cores)   CPU%   MEMORY(bytes)   MEMORY%   
ip-192-168-15-90.ec2.internal    1223m        63%    506Mi           15%       
ip-192-168-28-52.ec2.internal    1227m        63%    506Mi           15%       
ip-192-168-41-120.ec2.internal   1224m        63%    605Mi           18%       
2022-05-29T00:13:59
NAME                             CPU(cores)   CPU%   MEMORY(bytes)   MEMORY%   
ip-192-168-15-90.ec2.internal    40m          2%     506Mi           15%       
ip-192-168-28-52.ec2.internal    41m          2%     505Mi           15%       
ip-192-168-41-120.ec2.internal   61m          3%     608Mi           18%       
2022-05-29T00:15:01
NAME                             CPU(cores)   CPU%   MEMORY(bytes)   MEMORY%   
ip-192-168-15-90.ec2.internal    1280m        66%    507Mi           15%       
ip-192-168-28-52.ec2.internal    1226m        63%    507Mi           15%       
ip-192-168-41-120.ec2.internal   1224m        63%    607Mi           18%       
2022-05-29T00:16:03
NAME                             CPU(cores)   CPU%   MEMORY(bytes)   MEMORY%   
ip-192-168-15-90.ec2.internal    40m          2%     505Mi           15%       
ip-192-168-28-52.ec2.internal    44m          2%     507Mi           15%       
ip-192-168-41-120.ec2.internal   62m          3%     605Mi           18%       
2022-05-29T00:17:05
NAME                             CPU(cores)   CPU%   MEMORY(bytes)   MEMORY%   
ip-192-168-15-90.ec2.internal    1055m        54%    507Mi           15%       
ip-192-168-28-52.ec2.internal    1236m        64%    506Mi           15%       
ip-192-168-41-120.ec2.internal   1165m        60%    616Mi           18%       
2022-05-29T00:18:07
NAME                             CPU(cores)   CPU%   MEMORY(bytes)   MEMORY%   
ip-192-168-15-90.ec2.internal    1235m        63%    507Mi           15%       
ip-192-168-28-52.ec2.internal    1228m        63%    507Mi           15%       
ip-192-168-41-120.ec2.internal   1221m        63%    616Mi           18%       
2022-05-29T00:19:08
NAME                             CPU(cores)   CPU%   MEMORY(bytes)   MEMORY%   
ip-192-168-15-90.ec2.internal    40m          2%     506Mi           15%       
ip-192-168-28-52.ec2.internal    41m          2%     507Mi           15%       
ip-192-168-41-120.ec2.internal   58m          3%     616Mi           18%       
2022-05-29T00:20:10
NAME                             CPU(cores)   CPU%   MEMORY(bytes)   MEMORY%   
ip-192-168-15-90.ec2.internal    41m          2%     508Mi           15%       
ip-192-168-28-52.ec2.internal    44m          2%     509Mi           15%       
ip-192-168-41-120.ec2.internal   64m          3%     614Mi           18%       
2022-05-29T00:21:12
NAME                             CPU(cores)   CPU%   MEMORY(bytes)   MEMORY%   
ip-192-168-15-90.ec2.internal    1261m        65%    507Mi           15%       
ip-192-168-28-52.ec2.internal    1228m        63%    508Mi           15%       
ip-192-168-41-120.ec2.internal   1225m        63%    616Mi           18%       
2022-05-29T00:22:14
NAME                             CPU(cores)   CPU%   MEMORY(bytes)   MEMORY%   
ip-192-168-15-90.ec2.internal    1221m        63%    506Mi           15%       
ip-192-168-28-52.ec2.internal    1223m        63%    508Mi           15%       
ip-192-168-41-120.ec2.internal   1214m        62%    615Mi           18%       
2022-05-29T00:23:16
NAME                             CPU(cores)   CPU%   MEMORY(bytes)   MEMORY%   
ip-192-168-15-90.ec2.internal    1233m        63%    508Mi           15%       
ip-192-168-28-52.ec2.internal    1231m        63%    508Mi           15%       
ip-192-168-41-120.ec2.internal   1199m        62%    616Mi           18%       
2022-05-29T00:24:18
NAME                             CPU(cores)   CPU%   MEMORY(bytes)   MEMORY%   
ip-192-168-15-90.ec2.internal    1225m        63%    507Mi           15%       
ip-192-168-28-52.ec2.internal    1341m        69%    512Mi           15%       
ip-192-168-41-120.ec2.internal   1225m        63%    616Mi           18%       
2022-05-29T00:25:19
NAME                             CPU(cores)   CPU%   MEMORY(bytes)   MEMORY%   
ip-192-168-15-90.ec2.internal    1225m        63%    507Mi           15%       
ip-192-168-28-52.ec2.internal    1224m        63%    517Mi           15%       
ip-192-168-41-120.ec2.internal   1222m        63%    615Mi           18%       
2022-05-29T00:26:21
NAME                             CPU(cores)   CPU%   MEMORY(bytes)   MEMORY%   
ip-192-168-15-90.ec2.internal    44m          2%     508Mi           15%       
ip-192-168-28-52.ec2.internal    39m          2%     517Mi           15%       
ip-192-168-41-120.ec2.internal   61m          3%     615Mi           18%       
2022-05-29T00:27:23
NAME                             CPU(cores)   CPU%   MEMORY(bytes)   MEMORY%   
ip-192-168-15-90.ec2.internal    1221m        63%    507Mi           15%       
ip-192-168-28-52.ec2.internal    1235m        63%    517Mi           15%       
ip-192-168-41-120.ec2.internal   1230m        63%    616Mi           18%       
2022-05-29T00:28:25
NAME                             CPU(cores)   CPU%   MEMORY(bytes)   MEMORY%   
ip-192-168-15-90.ec2.internal    1213m        62%    507Mi           15%       
ip-192-168-28-52.ec2.internal    1226m        63%    517Mi           15%       
ip-192-168-41-120.ec2.internal   1227m        63%    617Mi           18%       
2022-05-29T00:29:27
NAME                             CPU(cores)   CPU%   MEMORY(bytes)   MEMORY%   
ip-192-168-15-90.ec2.internal    1214m        62%    507Mi           15%       
ip-192-168-28-52.ec2.internal    1233m        63%    516Mi           15%       
ip-192-168-41-120.ec2.internal   1228m        63%    616Mi           18%       
2022-05-29T00:30:29
NAME                             CPU(cores)   CPU%   MEMORY(bytes)   MEMORY%   
ip-192-168-15-90.ec2.internal    1221m        63%    507Mi           15%       
ip-192-168-28-52.ec2.internal    1234m        63%    515Mi           15%       
ip-192-168-41-120.ec2.internal   1229m        63%    616Mi           18%       
2022-05-29T00:31:31
NAME                             CPU(cores)   CPU%   MEMORY(bytes)   MEMORY%   
ip-192-168-15-90.ec2.internal    1216m        63%    508Mi           15%       
ip-192-168-28-52.ec2.internal    1234m        63%    517Mi           15%       
ip-192-168-41-120.ec2.internal   1230m        63%    616Mi           18%       
2022-05-29T00:32:32
NAME                             CPU(cores)   CPU%   MEMORY(bytes)   MEMORY%   
ip-192-168-15-90.ec2.internal    42m          2%     507Mi           15%       
ip-192-168-28-52.ec2.internal    42m          2%     516Mi           15%       
ip-192-168-41-120.ec2.internal   61m          3%     617Mi           18%       
2022-05-29T00:33:34
NAME                             CPU(cores)   CPU%   MEMORY(bytes)   MEMORY%   
ip-192-168-15-90.ec2.internal    1217m        63%    508Mi           15%       
ip-192-168-28-52.ec2.internal    1222m        63%    517Mi           15%       
ip-192-168-41-120.ec2.internal   1233m        63%    617Mi           18%       
2022-05-29T00:34:36
NAME                             CPU(cores)   CPU%   MEMORY(bytes)   MEMORY%   
ip-192-168-15-90.ec2.internal    1220m        63%    508Mi           15%       
ip-192-168-28-52.ec2.internal    1225m        63%    516Mi           15%       
ip-192-168-41-120.ec2.internal   1229m        63%    617Mi           18%       
2022-05-29T00:35:38
NAME                             CPU(cores)   CPU%   MEMORY(bytes)   MEMORY%   
ip-192-168-15-90.ec2.internal    1217m        63%    508Mi           15%       
ip-192-168-28-52.ec2.internal    1223m        63%    517Mi           15%       
ip-192-168-41-120.ec2.internal   1234m        63%    617Mi           18%       
2022-05-29T00:36:40
NAME                             CPU(cores)   CPU%   MEMORY(bytes)   MEMORY%   
ip-192-168-15-90.ec2.internal    1215m        62%    509Mi           15%       
ip-192-168-28-52.ec2.internal    1224m        63%    517Mi           15%       
ip-192-168-41-120.ec2.internal   1231m        63%    617Mi           18%       
2022-05-29T00:37:42
NAME                             CPU(cores)   CPU%   MEMORY(bytes)   MEMORY%   
ip-192-168-15-90.ec2.internal    1219m        63%    509Mi           15%       
ip-192-168-28-52.ec2.internal    1225m        63%    518Mi           15%       
ip-192-168-41-120.ec2.internal   1231m        63%    617Mi           18%       
2022-05-29T00:38:44
NAME                             CPU(cores)   CPU%   MEMORY(bytes)   MEMORY%   
ip-192-168-15-90.ec2.internal    40m          2%     507Mi           15%       
ip-192-168-28-52.ec2.internal    41m          2%     518Mi           15%       
ip-192-168-41-120.ec2.internal   58m          3%     617Mi           18%       
2022-05-29T00:39:46
NAME                             CPU(cores)   CPU%   MEMORY(bytes)   MEMORY%   
ip-192-168-15-90.ec2.internal    1238m        64%    507Mi           15%       
ip-192-168-28-52.ec2.internal    1221m        63%    517Mi           15%       
ip-192-168-41-120.ec2.internal   1223m        63%    616Mi           18%       
2022-05-29T00:40:48
NAME                             CPU(cores)   CPU%   MEMORY(bytes)   MEMORY%   
ip-192-168-15-90.ec2.internal    1239m        64%    508Mi           15%       
ip-192-168-28-52.ec2.internal    1215m        62%    517Mi           15%       
ip-192-168-41-120.ec2.internal   1227m        63%    619Mi           18%       
2022-05-29T00:41:50
NAME                             CPU(cores)   CPU%   MEMORY(bytes)   MEMORY%   
ip-192-168-15-90.ec2.internal    1238m        64%    507Mi           15%       
ip-192-168-28-52.ec2.internal    1218m        63%    518Mi           15%       
ip-192-168-41-120.ec2.internal   1226m        63%    617Mi           18%       
2022-05-29T00:42:52
NAME                             CPU(cores)   CPU%   MEMORY(bytes)   MEMORY%   
ip-192-168-15-90.ec2.internal    1239m        64%    508Mi           15%       
ip-192-168-28-52.ec2.internal    1218m        63%    517Mi           15%       
ip-192-168-41-120.ec2.internal   1226m        63%    617Mi           18%       
2022-05-29T00:43:54
NAME                             CPU(cores)   CPU%   MEMORY(bytes)   MEMORY%   
ip-192-168-15-90.ec2.internal    1230m        63%    507Mi           15%       
ip-192-168-28-52.ec2.internal    1213m        62%    518Mi           15%       
ip-192-168-41-120.ec2.internal   1223m        63%    617Mi           18%       
2022-05-29T00:44:56
NAME                             CPU(cores)   CPU%   MEMORY(bytes)   MEMORY%   
ip-192-168-15-90.ec2.internal    54m          2%     490Mi           14%       
ip-192-168-28-52.ec2.internal    810m         41%    578Mi           17%       
ip-192-168-41-120.ec2.internal   55m          2%     563Mi           16%       
2022-05-29T00:45:58
NAME                             CPU(cores)   CPU%   MEMORY(bytes)   MEMORY%     
ip-192-168-28-52.ec2.internal    118m         6%     1082Mi          32%         
ip-192-168-15-90.ec2.internal    <unknown>                           <unknown>               <unknown>               <unknown>               
ip-192-168-41-120.ec2.internal   <unknown>                           <unknown>               <unknown>               <unknown>               
2022-05-29T00:46:59
NAME                            CPU(cores)   CPU%   MEMORY(bytes)   MEMORY%   
ip-192-168-28-52.ec2.internal   57m          2%     1087Mi          32%       
2022-05-29T00:48:01
NAME                            CPU(cores)   CPU%   MEMORY(bytes)   MEMORY%   
ip-192-168-28-52.ec2.internal   1231m        63%    966Mi           29%       
2022-05-29T00:49:03
NAME                            CPU(cores)   CPU%   MEMORY(bytes)   MEMORY%   
ip-192-168-28-52.ec2.internal   1224m        63%    966Mi           29%       
2022-05-29T00:50:05
NAME                            CPU(cores)   CPU%   MEMORY(bytes)   MEMORY%   
ip-192-168-28-52.ec2.internal   1226m        63%    626Mi           18%       
ip-192-168-46-14.ec2.internal   245m         12%    480Mi           14%       
2022-05-29T00:51:07
NAME                            CPU(cores)   CPU%   MEMORY(bytes)   MEMORY%   
ip-192-168-28-52.ec2.internal   1234m        63%    626Mi           18%       
ip-192-168-46-14.ec2.internal   797m         41%    480Mi           14%       
2022-05-29T00:52:09
NAME                            CPU(cores)   CPU%   MEMORY(bytes)   MEMORY%     
ip-192-168-28-52.ec2.internal   1117m        57%    627Mi           18%         
ip-192-168-46-14.ec2.internal   1030m        53%    480Mi           14%         
ip-192-168-1-33.ec2.internal    <unknown>                           <unknown>               <unknown>               <unknown>               
2022-05-29T00:53:10
NAME                            CPU(cores)   CPU%   MEMORY(bytes)   MEMORY%   
ip-192-168-1-33.ec2.internal    603m         31%    477Mi           14%       
ip-192-168-28-52.ec2.internal   860m         44%    627Mi           18%       
ip-192-168-46-14.ec2.internal   1022m        52%    483Mi           14%       
2022-05-29T00:54:12
NAME                            CPU(cores)   CPU%   MEMORY(bytes)   MEMORY%   
ip-192-168-1-33.ec2.internal    864m         44%    481Mi           14%       
ip-192-168-28-52.ec2.internal   872m         45%    627Mi           18%       
ip-192-168-46-14.ec2.internal   1026m        53%    481Mi           14%       
2022-05-29T00:55:14
NAME                            CPU(cores)   CPU%   MEMORY(bytes)   MEMORY%   
ip-192-168-1-33.ec2.internal    982m         50%    482Mi           14%       
ip-192-168-28-52.ec2.internal   868m         44%    625Mi           18%       
ip-192-168-46-14.ec2.internal   1033m        53%    483Mi           14%       
2022-05-29T00:56:16
NAME                            CPU(cores)   CPU%   MEMORY(bytes)   MEMORY%   
ip-192-168-1-33.ec2.internal    1046m        54%    483Mi           14%       
ip-192-168-28-52.ec2.internal   1076m        55%    624Mi           18%       
ip-192-168-46-14.ec2.internal   978m         50%    482Mi           14%       
2022-05-29T00:57:18
NAME                            CPU(cores)   CPU%   MEMORY(bytes)   MEMORY%   
ip-192-168-1-33.ec2.internal    1031m        53%    484Mi           14%       
ip-192-168-28-52.ec2.internal   843m         43%    625Mi           18%       
ip-192-168-46-14.ec2.internal   835m         43%    484Mi           14%       
2022-05-29T00:58:20
NAME                            CPU(cores)   CPU%   MEMORY(bytes)   MEMORY%   
ip-192-168-1-33.ec2.internal    1043m        54%    484Mi           14%       
ip-192-168-28-52.ec2.internal   852m         44%    625Mi           18%       
ip-192-168-46-14.ec2.internal   823m         42%    485Mi           14%       
2022-05-29T00:59:22
NAME                            CPU(cores)   CPU%   MEMORY(bytes)   MEMORY%   
ip-192-168-1-33.ec2.internal    1050m        54%    483Mi           14%       
ip-192-168-28-52.ec2.internal   1061m        54%    625Mi           18%       
ip-192-168-46-14.ec2.internal   972m         50%    484Mi           14%       
2022-05-29T01:00:23
NAME                            CPU(cores)   CPU%   MEMORY(bytes)   MEMORY%   
ip-192-168-1-33.ec2.internal    1018m        52%    484Mi           14%       
ip-192-168-28-52.ec2.internal   1211m        62%    625Mi           18%       
ip-192-168-46-14.ec2.internal   1132m        58%    484Mi           14%       
2022-05-29T01:01:25
NAME                            CPU(cores)   CPU%   MEMORY(bytes)   MEMORY%   
ip-192-168-1-33.ec2.internal    1029m        53%    485Mi           14%       
ip-192-168-28-52.ec2.internal   1233m        63%    625Mi           18%       
ip-192-168-46-14.ec2.internal   1196m        61%    485Mi           14%       
2022-05-29T01:02:27
NAME                            CPU(cores)   CPU%   MEMORY(bytes)   MEMORY%   
ip-192-168-1-33.ec2.internal    1162m        60%    487Mi           14%       
ip-192-168-28-52.ec2.internal   1241m        64%    625Mi           18%       
ip-192-168-46-14.ec2.internal   1207m        62%    486Mi           14%       
2022-05-29T01:03:29
NAME                            CPU(cores)   CPU%   MEMORY(bytes)   MEMORY%   
ip-192-168-1-33.ec2.internal    163m         8%     1029Mi          30%       
ip-192-168-28-52.ec2.internal   54m          2%     550Mi           16%       
ip-192-168-46-14.ec2.internal   51m          2%     483Mi           14%       
2022-05-29T01:04:31
NAME                            CPU(cores)   CPU%   MEMORY(bytes)   MEMORY%     
ip-192-168-1-33.ec2.internal    60m          3%     1054Mi          31%         
ip-192-168-46-14.ec2.internal   <unknown>                           <unknown>               <unknown>               <unknown>               
2022-05-29T01:05:33
NAME                           CPU(cores)   CPU%   MEMORY(bytes)   MEMORY%   
ip-192-168-1-33.ec2.internal   78m          4%     932Mi           28%       
2022-05-29T01:06:34
NAME                           CPU(cores)   CPU%   MEMORY(bytes)   MEMORY%   
ip-192-168-1-33.ec2.internal   1234m        63%    952Mi           28%       
2022-05-29T01:07:36
NAME                            CPU(cores)   CPU%   MEMORY(bytes)   MEMORY%     
ip-192-168-1-33.ec2.internal    1226m        63%    612Mi           18%         
ip-192-168-42-22.ec2.internal   <unknown>                           <unknown>               <unknown>               <unknown>               
2022-05-29T01:08:38
NAME                            CPU(cores)   CPU%   MEMORY(bytes)   MEMORY%   
ip-192-168-1-33.ec2.internal    1234m        63%    613Mi           18%       
ip-192-168-42-22.ec2.internal   43m          2%     475Mi           14%       
2022-05-29T01:09:40
NAME                            CPU(cores)   CPU%   MEMORY(bytes)   MEMORY%   
ip-192-168-1-33.ec2.internal    1224m        63%    622Mi           18%       
ip-192-168-42-22.ec2.internal   1225m        63%    478Mi           14%       
2022-05-29T01:10:41
NAME                            CPU(cores)   CPU%   MEMORY(bytes)   MEMORY%     
ip-192-168-1-33.ec2.internal    1220m        63%    624Mi           18%         
ip-192-168-42-22.ec2.internal   1222m        63%    481Mi           14%         
ip-192-168-54-99.ec2.internal   <unknown>                           <unknown>               <unknown>               <unknown>               
2022-05-29T01:11:43
NAME                            CPU(cores)   CPU%   MEMORY(bytes)   MEMORY%   
ip-192-168-1-33.ec2.internal    1220m        63%    623Mi           18%       
ip-192-168-42-22.ec2.internal   1218m        63%    482Mi           14%       
ip-192-168-54-99.ec2.internal   235m         12%    476Mi           14%       
2022-05-29T01:12:45
NAME                            CPU(cores)   CPU%   MEMORY(bytes)   MEMORY%   
ip-192-168-1-33.ec2.internal    1228m        63%    622Mi           18%       
ip-192-168-42-22.ec2.internal   1231m        63%    482Mi           14%       
ip-192-168-54-99.ec2.internal   1216m        63%    480Mi           14%       
2022-05-29T01:13:47
NAME                            CPU(cores)   CPU%   MEMORY(bytes)   MEMORY%   
ip-192-168-1-33.ec2.internal    1230m        63%    622Mi           18%       
ip-192-168-42-22.ec2.internal   1215m        62%    483Mi           14%       
ip-192-168-54-99.ec2.internal   1228m        63%    483Mi           14%       
2022-05-29T01:14:49
NAME                            CPU(cores)   CPU%   MEMORY(bytes)   MEMORY%   
ip-192-168-1-33.ec2.internal    1228m        63%    621Mi           18%       
ip-192-168-42-22.ec2.internal   1232m        63%    483Mi           14%       
ip-192-168-54-99.ec2.internal   1220m        63%    483Mi           14%       
2022-05-29T01:15:51
NAME                            CPU(cores)   CPU%   MEMORY(bytes)   MEMORY%   
ip-192-168-1-33.ec2.internal    1231m        63%    621Mi           18%       
ip-192-168-42-22.ec2.internal   1228m        63%    484Mi           14%       
ip-192-168-54-99.ec2.internal   1235m        63%    482Mi           14%       
2022-05-29T01:16:53
NAME                            CPU(cores)   CPU%   MEMORY(bytes)   MEMORY%   
ip-192-168-1-33.ec2.internal    1229m        63%    622Mi           18%       
ip-192-168-42-22.ec2.internal   1249m        64%    485Mi           14%       
ip-192-168-54-99.ec2.internal   1229m        63%    482Mi           14%       
2022-05-29T01:17:54
NAME                            CPU(cores)   CPU%   MEMORY(bytes)   MEMORY%   
ip-192-168-1-33.ec2.internal    1224m        63%    621Mi           18%       
ip-192-168-42-22.ec2.internal   1226m        63%    484Mi           14%       
ip-192-168-54-99.ec2.internal   1224m        63%    482Mi           14%       
2022-05-29T01:18:56
NAME                            CPU(cores)   CPU%   MEMORY(bytes)   MEMORY%   
ip-192-168-1-33.ec2.internal    1228m        63%    622Mi           18%       
ip-192-168-42-22.ec2.internal   1230m        63%    486Mi           14%       
ip-192-168-54-99.ec2.internal   1215m        62%    484Mi           14%       
2022-05-29T01:19:58
NAME                            CPU(cores)   CPU%   MEMORY(bytes)   MEMORY%   
ip-192-168-1-33.ec2.internal    1225m        63%    621Mi           18%       
ip-192-168-42-22.ec2.internal   1231m        63%    486Mi           14%       
ip-192-168-54-99.ec2.internal   1224m        63%    483Mi           14%       
2022-05-29T01:21:00
2022-05-29T01:22:02
NAME                            CPU(cores)   CPU%   MEMORY(bytes)   MEMORY%   
ip-192-168-1-33.ec2.internal    42m          2%     546Mi           16%       
ip-192-168-42-22.ec2.internal   41m          2%     485Mi           14%       
ip-192-168-54-99.ec2.internal   156m         8%     1047Mi          31%       
2022-05-29T01:23:04
NAME                            CPU(cores)   CPU%   MEMORY(bytes)   MEMORY%   
ip-192-168-54-99.ec2.internal   60m          3%     1056Mi          31%       
2022-05-29T01:24:06
NAME                            CPU(cores)   CPU%   MEMORY(bytes)   MEMORY%   
ip-192-168-54-99.ec2.internal   59m          3%     931Mi           27%       
2022-05-29T01:25:08
NAME                            CPU(cores)   CPU%   MEMORY(bytes)   MEMORY%   
ip-192-168-54-99.ec2.internal   1231m        63%    950Mi           28%       
2022-05-29T01:26:10
NAME                             CPU(cores)   CPU%   MEMORY(bytes)   MEMORY%     
ip-192-168-54-99.ec2.internal    1231m        63%    610Mi           18%         
ip-192-168-17-182.ec2.internal   <unknown>                           <unknown>               <unknown>               <unknown>               
2022-05-29T01:27:11
NAME                             CPU(cores)   CPU%   MEMORY(bytes)   MEMORY%   
ip-192-168-17-182.ec2.internal   40m          2%     475Mi           14%       
ip-192-168-54-99.ec2.internal    1231m        63%    610Mi           18%       
2022-05-29T01:28:13
NAME                             CPU(cores)   CPU%   MEMORY(bytes)   MEMORY%   
ip-192-168-17-182.ec2.internal   1226m        63%    481Mi           14%       
ip-192-168-54-99.ec2.internal    1215m        62%    611Mi           18%       
2022-05-29T01:29:15
NAME                             CPU(cores)   CPU%   MEMORY(bytes)   MEMORY%   
ip-192-168-17-182.ec2.internal   1218m        63%    483Mi           14%       
ip-192-168-3-1.ec2.internal      500m         25%    436Mi           13%       
ip-192-168-54-99.ec2.internal    1233m        63%    610Mi           18%       
2022-05-29T01:30:17
NAME                             CPU(cores)   CPU%   MEMORY(bytes)   MEMORY%   
ip-192-168-17-182.ec2.internal   1225m        63%    481Mi           14%       
ip-192-168-3-1.ec2.internal      1236m        64%    478Mi           14%       
ip-192-168-54-99.ec2.internal    1229m        63%    610Mi           18%       
2022-05-29T01:31:19
NAME                             CPU(cores)   CPU%   MEMORY(bytes)   MEMORY%   
ip-192-168-17-182.ec2.internal   1221m        63%    482Mi           14%       
ip-192-168-3-1.ec2.internal      1233m        63%    481Mi           14%       
ip-192-168-54-99.ec2.internal    1223m        63%    610Mi           18%       
2022-05-29T01:32:21
NAME                             CPU(cores)   CPU%   MEMORY(bytes)   MEMORY%   
ip-192-168-17-182.ec2.internal   1229m        63%    483Mi           14%       
ip-192-168-3-1.ec2.internal      1255m        65%    489Mi           14%       
ip-192-168-54-99.ec2.internal    1229m        63%    611Mi           18%       
2022-05-29T01:33:23
NAME                             CPU(cores)   CPU%   MEMORY(bytes)   MEMORY%   
ip-192-168-17-182.ec2.internal   1232m        63%    484Mi           14%       
ip-192-168-3-1.ec2.internal      1236m        64%    483Mi           14%       
ip-192-168-54-99.ec2.internal    1228m        63%    611Mi           18%       
2022-05-29T01:34:24
NAME                             CPU(cores)   CPU%   MEMORY(bytes)   MEMORY%   
ip-192-168-17-182.ec2.internal   1228m        63%    483Mi           14%       
ip-192-168-3-1.ec2.internal      1221m        63%    484Mi           14%       
ip-192-168-54-99.ec2.internal    1247m        64%    610Mi           18%       
2022-05-29T01:35:26
NAME                             CPU(cores)   CPU%   MEMORY(bytes)   MEMORY%   
ip-192-168-17-182.ec2.internal   1237m        64%    484Mi           14%       
ip-192-168-3-1.ec2.internal      1215m        62%    484Mi           14%       
ip-192-168-54-99.ec2.internal    1223m        63%    610Mi           18%       
2022-05-29T01:36:28
NAME                             CPU(cores)   CPU%   MEMORY(bytes)   MEMORY%   
ip-192-168-17-182.ec2.internal   1219m        63%    484Mi           14%       
ip-192-168-3-1.ec2.internal      1242m        64%    484Mi           14%       
ip-192-168-54-99.ec2.internal    1222m        63%    611Mi           18%       
2022-05-29T01:37:30
NAME                             CPU(cores)   CPU%   MEMORY(bytes)   MEMORY%   
ip-192-168-17-182.ec2.internal   1267m        65%    483Mi           14%       
ip-192-168-3-1.ec2.internal      1229m        63%    485Mi           14%       
ip-192-168-54-99.ec2.internal    1234m        63%    610Mi           18%       
2022-05-29T01:38:32
NAME                             CPU(cores)   CPU%   MEMORY(bytes)   MEMORY%   
ip-192-168-17-182.ec2.internal   1219m        63%    485Mi           14%       
ip-192-168-3-1.ec2.internal      1224m        63%    483Mi           14%       
ip-192-168-54-99.ec2.internal    1225m        63%    611Mi           18%       
2022-05-29T01:39:34
NAME                             CPU(cores)   CPU%   MEMORY(bytes)   MEMORY%   
ip-192-168-17-182.ec2.internal   42m          2%     484Mi           14%       
ip-192-168-3-1.ec2.internal      43m          2%     484Mi           14%       
ip-192-168-54-99.ec2.internal    59m          3%     610Mi           18%       
2022-05-29T01:40:35
NAME                             CPU(cores)   CPU%   MEMORY(bytes)   MEMORY%   
ip-192-168-17-182.ec2.internal   41m          2%     505Mi           15%       
ip-192-168-3-1.ec2.internal      42m          2%     485Mi           14%       
ip-192-168-54-99.ec2.internal    59m          3%     610Mi           18%       
2022-05-29T01:41:37
NAME                             CPU(cores)   CPU%   MEMORY(bytes)   MEMORY%   
ip-192-168-17-182.ec2.internal   40m          2%     504Mi           15%       
ip-192-168-3-1.ec2.internal      45m          2%     484Mi           14%       
ip-192-168-54-99.ec2.internal    57m          2%     610Mi           18%       
2022-05-29T01:42:39
NAME                             CPU(cores)   CPU%   MEMORY(bytes)   MEMORY%   
ip-192-168-17-182.ec2.internal   44m          2%     503Mi           15%       
ip-192-168-3-1.ec2.internal      42m          2%     484Mi           14%       
ip-192-168-54-99.ec2.internal    57m          2%     611Mi           18%       
