+ git log -3
commit d071cb0e02afc225d095833713ae71649e2f7048
Author: Your Name <you@example.com>
Date:   Sat May 28 12:56:12 2022 +1200

    add raupi2 test

commit d13f11bf18e86d4c8b424404220e8bc0d5f7412f
Author: Your Name <you@example.com>
Date:   Sat May 28 11:14:42 2022 +1200

    add more test types to explorer

commit b7e2c0e41f781bc97a31f3720d421db21e7387ba
Author: Your Name <you@example.com>
Date:   Fri May 27 11:20:24 2022 +1200

    add nodes metrics, fix colors
++ cut -d _ -f 2
+ app=riwai
+ export AWS_DEFAULT_REGION=us-east-1
+ AWS_DEFAULT_REGION=us-east-1
+ line===============================
++ date +%FT%T
+ echo '[2022-05-30T06:14:23]==============================[starting' in '/tmp/k8s-vs-ASG/data/cli]=============================='
[2022-05-30T06:14:23]==============================[starting in /tmp/k8s-vs-ASG/data/cli]==============================
+ source 0.setup.sh
++ set -x
++ '[' asg_riwai_3 == k8s_apache_3 ']'
++ '[' asg_riwai_3 == asg_apache_3 ']'
++ '[' asg_riwai_3 == k8s_apache2_3 ']'
++ '[' asg_riwai_3 == k8s_apache2_3new ']'
++ '[' asg_riwai_3 == k8s_taewa_3 ']'
++ '[' asg_riwai_3 == k8s_taewa2_3 ']'
++ '[' asg_riwai_3 == asg_taewa_3 ']'
++ '[' asg_riwai_3 == k8s_taewa_3lite ']'
++ '[' asg_riwai_3 == asg_taewa_3lite ']'
++ '[' asg_riwai_3 == k8s_taewa_3extra ']'
++ '[' asg_riwai_3 == asg_taewa_3extra ']'
++ '[' asg_riwai_3 == k8s_taewa_6 ']'
++ '[' asg_riwai_3 == asg_taewa_6 ']'
++ '[' asg_riwai_3 == k8s_riwai_3 ']'
++ '[' asg_riwai_3 == asg_riwai_3 ']'
++ warmup_url='3000/?n=20000'
++ testing_url='3000/?n=20000'
++ cpu_perc=35
++ warmup_min_threads=15
++ warmup_max_threads=25
++ warmup_cycle_sec=90
++ scaling_minutes=14
++ performance_sec=300
++ max_capacity=3
++ fortio_options='-a -qps -1 -r 0.01 -loglevel Error -allow-initial-errors'
++ '[' asg_riwai_3 == asg_raupi_3 ']'
++ '[' asg_riwai_3 == asg_raupi_3_70 ']'
++ '[' asg_riwai_3 == k8s_raupi_3 ']'
++ '[' asg_riwai_3 == k8s_raupi2_3 ']'
++ set +x
{
    "Account": "921565885029", 
    "UserId": "AIDA5NEM3OJSZVXZIUC53", 
    "Arn": "arn:aws:iam::921565885029:user/ad1"
}
[2022-05-30T06:14:28] waiting for instances ...
scaling to 3
{
    "HealthCheck": {
        "HealthyThreshold": 2, 
        "Interval": 10, 
        "Target": "HTTP:3000/?n=20000", 
        "Timeout": 5, 
        "UnhealthyThreshold": 6
    }
}
  % Total    % Received % Xferd  Average Speed   Time    Time     Time  Current
                                 Dload  Upload   Total   Spent    Left  Speed
  0     0    0     0    0     0      0      0 --:--:-- --:--:-- --:--:--     0100    44  100    44    0     0   4202      0 --:--:-- --:--:-- --:--:--  4400
The result of xrss run is :  4973.5732583808
[2022-05-30T06:19:32]==============================[STATS]
jh CPU load avg:
0.03 0.16 0.10 1/155 2888
i-09a8e8ec399c26754
InService
Healthy
{}
i-0bbda2d7398820317
InService
Healthy
{}
i-0d67489bc1e1c5a16
InService
Healthy
{}
[2022-05-30T06:19:32]==============================[WARMUP RUN c15]==============================
06:19:32 I logger.go:127> Log level is now 4 Error (was 2 Info)
Fortio 1.19.0 running at -1 queries per second, 2->2 procs, for 1m30s: http://asg-1-lb-1882217328.us-east-1.elb.amazonaws.com:3000/?n=20000
Aggregated Function Time : count 280248 avg 0.0048169748 +/- 0.002705 min 0.001527941 max 0.212730503 sum 1349.94754
# target 50% 0.00583928
# target 75% 0.00799496
# target 90% 0.00928837
# target 99% 0.0148834
# target 99.9% 0.0289823
Sockets used: 15 (for perfect keepalive, would be 15)
Jitter: false
Code 200 : 280248 (100.0 %)
All done 280248 calls (plus 15 warmup) 4.817 ms avg, 3113.6 qps
Successfully wrote 3034 bytes of Json data to 2022-05-30-061932_asg_riwai_3_warmup_15.json
fortio exit code: 0
[2022-05-30T06:21:03]==============================[STATS]
jh CPU load avg:
0.01 0.11 0.09 1/158 2913
i-09a8e8ec399c26754
InService
Healthy
{}
i-0bbda2d7398820317
InService
Healthy
{}
i-0d67489bc1e1c5a16
InService
Healthy
{}
[2022-05-30T06:22:03]==============================[STATS]
jh CPU load avg:
0.00 0.09 0.08 1/158 2922
i-09a8e8ec399c26754
InService
Healthy
{}
i-0bbda2d7398820317
InService
Healthy
{}
i-0d67489bc1e1c5a16
InService
Healthy
{}
[2022-05-30T06:22:04]==============================[WARMUP RUN c16]==============================
06:22:04 I logger.go:127> Log level is now 4 Error (was 2 Info)
Fortio 1.19.0 running at -1 queries per second, 2->2 procs, for 1m30s: http://asg-1-lb-1882217328.us-east-1.elb.amazonaws.com:3000/?n=20000
Aggregated Function Time : count 427850 avg 0.003365406 +/- 0.00173 min 0.001502336 max 0.051993112 sum 1439.88895
# target 50% 0.00576771
# target 75% 0.0079004
# target 90% 0.00918002
# target 99% 0.00994779
# target 99.9% 0.0179494
Sockets used: 16 (for perfect keepalive, would be 16)
Jitter: false
Code 200 : 427850 (100.0 %)
All done 427850 calls (plus 16 warmup) 3.365 ms avg, 4753.7 qps
Successfully wrote 2445 bytes of Json data to 2022-05-30-062204_asg_riwai_3_warmup_16.json
fortio exit code: 0
[2022-05-30T06:23:34]==============================[STATS]
jh CPU load avg:
0.28 0.16 0.11 1/158 2940
i-09a8e8ec399c26754
InService
Healthy
{}
i-0bbda2d7398820317
InService
Healthy
{}
i-0d67489bc1e1c5a16
InService
Healthy
{}
[2022-05-30T06:24:35]==============================[STATS]
jh CPU load avg:
0.10 0.13 0.10 1/158 2950
i-09a8e8ec399c26754
InService
Healthy
{}
i-0bbda2d7398820317
InService
Healthy
{}
i-0d67489bc1e1c5a16
InService
Healthy
{}
[2022-05-30T06:24:36]==============================[WARMUP RUN c17]==============================
06:24:36 I logger.go:127> Log level is now 4 Error (was 2 Info)
Fortio 1.19.0 running at -1 queries per second, 2->2 procs, for 1m30s: http://asg-1-lb-1882217328.us-east-1.elb.amazonaws.com:3000/?n=20000
Aggregated Function Time : count 427726 avg 0.0035768213 +/- 0.001895 min 0.001465407 max 0.219964318 sum 1529.89948
# target 50% 0.00576312
# target 75% 0.00791198
# target 90% 0.0092013
# target 99% 0.0099749
# target 99.9% 0.0195039
Sockets used: 17 (for perfect keepalive, would be 17)
Jitter: false
Code 200 : 427726 (100.0 %)
All done 427726 calls (plus 17 warmup) 3.577 ms avg, 4752.3 qps
Successfully wrote 2565 bytes of Json data to 2022-05-30-062436_asg_riwai_3_warmup_17.json
fortio exit code: 0
[2022-05-30T06:26:06]==============================[STATS]
jh CPU load avg:
0.15 0.14 0.10 1/156 2968
i-09a8e8ec399c26754
InService
Healthy
{}
i-0bbda2d7398820317
InService
Healthy
{}
i-0d67489bc1e1c5a16
InService
Healthy
{}
[2022-05-30T06:27:06]==============================[STATS]
jh CPU load avg:
0.05 0.11 0.09 1/156 2977
i-09a8e8ec399c26754
InService
Healthy
{}
i-0bbda2d7398820317
InService
Healthy
{}
i-0d67489bc1e1c5a16
InService
Healthy
{}
[2022-05-30T06:27:07]==============================[WARMUP RUN c18]==============================
06:27:07 I logger.go:127> Log level is now 4 Error (was 2 Info)
Fortio 1.19.0 running at -1 queries per second, 2->2 procs, for 1m30s: http://asg-1-lb-1882217328.us-east-1.elb.amazonaws.com:3000/?n=20000
Aggregated Function Time : count 430620 avg 0.0037618647 +/- 0.002132 min 0.00145787 max 0.205712037 sum 1619.93416
# target 50% 0.00574952
# target 75% 0.00789535
# target 90% 0.00918285
# target 99% 0.00995535
# target 99.9% 0.0184867
Sockets used: 18 (for perfect keepalive, would be 18)
Jitter: false
Code 200 : 430620 (100.0 %)
All done 430620 calls (plus 18 warmup) 3.762 ms avg, 4784.1 qps
Successfully wrote 2796 bytes of Json data to 2022-05-30-062707_asg_riwai_3_warmup_18.json
fortio exit code: 0
[2022-05-30T06:28:37]==============================[STATS]
jh CPU load avg:
0.09 0.11 0.09 1/156 2997
i-09a8e8ec399c26754
InService
Healthy
{}
i-0bbda2d7398820317
InService
Healthy
{}
i-0d67489bc1e1c5a16
InService
Healthy
{}
[2022-05-30T06:29:38]==============================[STATS]
jh CPU load avg:
0.03 0.08 0.08 1/156 3007
i-09a8e8ec399c26754
InService
Healthy
{}
i-0bbda2d7398820317
InService
Healthy
{}
i-0d67489bc1e1c5a16
InService
Healthy
{}
[2022-05-30T06:29:38]==============================[WARMUP RUN c19]==============================
06:29:38 I logger.go:127> Log level is now 4 Error (was 2 Info)
Fortio 1.19.0 running at -1 queries per second, 2->2 procs, for 1m30s: http://asg-1-lb-1882217328.us-east-1.elb.amazonaws.com:3000/?n=20000
Aggregated Function Time : count 416684 avg 0.0041036434 +/- 0.003275 min 0.001482186 max 0.367437287 sum 1709.92254
# target 50% 0.00580882
# target 75% 0.00797215
# target 90% 0.00927015
# target 99% 0.014219
# target 99.9% 0.0286003
Sockets used: 19 (for perfect keepalive, would be 19)
Jitter: false
Code 200 : 416684 (100.0 %)
All done 416684 calls (plus 19 warmup) 4.104 ms avg, 4629.5 qps
Successfully wrote 3417 bytes of Json data to 2022-05-30-062938_asg_riwai_3_warmup_19.json
fortio exit code: 0
[2022-05-30T06:31:08]==============================[STATS]
jh CPU load avg:
0.19 0.12 0.09 1/159 3032
i-09a8e8ec399c26754
InService
Healthy
{}
i-0bbda2d7398820317
InService
Healthy
{}
i-0d67489bc1e1c5a16
InService
Healthy
{}
[2022-05-30T06:32:09]==============================[STATS]
jh CPU load avg:
0.07 0.10 0.09 1/159 3041
i-09a8e8ec399c26754
InService
Healthy
{}
i-0bbda2d7398820317
InService
Healthy
{}
i-0d67489bc1e1c5a16
InService
Healthy
{}
[2022-05-30T06:32:10]==============================[WARMUP RUN c20]==============================
06:32:10 I logger.go:127> Log level is now 4 Error (was 2 Info)
Fortio 1.19.0 running at -1 queries per second, 2->2 procs, for 1m30s: http://asg-1-lb-1882217328.us-east-1.elb.amazonaws.com:3000/?n=20000
Aggregated Function Time : count 427559 avg 0.0042097257 +/- 0.002436 min 0.001467906 max 0.222203165 sum 1799.9061
# target 50% 0.00580081
# target 75% 0.00796727
# target 90% 0.00926715
# target 99% 0.0137867
# target 99.9% 0.0210458
Sockets used: 20 (for perfect keepalive, would be 20)
Jitter: false
Code 200 : 427559 (100.0 %)
All done 427559 calls (plus 20 warmup) 4.210 ms avg, 4750.4 qps
Successfully wrote 3032 bytes of Json data to 2022-05-30-063210_asg_riwai_3_warmup_20.json
fortio exit code: 0
[2022-05-30T06:33:40]==============================[STATS]
jh CPU load avg:
0.12 0.11 0.09 1/159 3059
i-09a8e8ec399c26754
InService
Healthy
{}
i-0bbda2d7398820317
InService
Healthy
{}
i-0d67489bc1e1c5a16
InService
Healthy
{}
[2022-05-30T06:34:40]==============================[STATS]
jh CPU load avg:
0.04 0.09 0.08 1/159 3069
i-09a8e8ec399c26754
InService
Healthy
{}
i-0bbda2d7398820317
InService
Healthy
{}
i-0d67489bc1e1c5a16
InService
Healthy
{}
[2022-05-30T06:34:41]==============================[WARMUP RUN c21]==============================
06:34:41 I logger.go:127> Log level is now 4 Error (was 2 Info)
Fortio 1.19.0 running at -1 queries per second, 2->2 procs, for 1m30s: http://asg-1-lb-1882217328.us-east-1.elb.amazonaws.com:3000/?n=20000
Aggregated Function Time : count 426788 avg 0.004428214 +/- 0.002835 min 0.001491241 max 0.222818236 sum 1889.90858
# target 50% 0.00609316
# target 75% 0.00839413
# target 90% 0.00977471
# target 99% 0.0189058
# target 99.9% 0.0271592
Sockets used: 21 (for perfect keepalive, would be 21)
Jitter: false
Code 200 : 426788 (100.0 %)
All done 426788 calls (plus 21 warmup) 4.428 ms avg, 4741.8 qps
Successfully wrote 3035 bytes of Json data to 2022-05-30-063441_asg_riwai_3_warmup_21.json
fortio exit code: 0
[2022-05-30T06:36:11]==============================[STATS]
jh CPU load avg:
0.06 0.09 0.09 1/156 3086
i-09a8e8ec399c26754
InService
Healthy
{}
i-0bbda2d7398820317
InService
Healthy
{}
i-0d67489bc1e1c5a16
InService
Healthy
{}
[2022-05-30T06:37:12]==============================[STATS]
jh CPU load avg:
0.02 0.07 0.08 1/157 3096
i-09a8e8ec399c26754
InService
Healthy
{}
i-0bbda2d7398820317
InService
Healthy
{}
i-0d67489bc1e1c5a16
InService
Healthy
{}
[2022-05-30T06:37:13]==============================[WARMUP RUN c22]==============================
06:37:13 I logger.go:127> Log level is now 4 Error (was 2 Info)
Fortio 1.19.0 running at -1 queries per second, 2->2 procs, for 1m30s: http://asg-1-lb-1882217328.us-east-1.elb.amazonaws.com:3000/?n=20000
Aggregated Function Time : count 429705 avg 0.0046076524 +/- 0.00254 min 0.001479331 max 0.040964879 sum 1979.93126
# target 50% 0.00609962
# target 75% 0.00840977
# target 90% 0.00979587
# target 99% 0.0188349
# target 99.9% 0.0204788
Sockets used: 22 (for perfect keepalive, would be 22)
Jitter: false
Code 200 : 429705 (100.0 %)
All done 429705 calls (plus 22 warmup) 4.608 ms avg, 4774.1 qps
Successfully wrote 2329 bytes of Json data to 2022-05-30-063713_asg_riwai_3_warmup_22.json
fortio exit code: 0
[2022-05-30T06:38:43]==============================[STATS]
jh CPU load avg:
0.51 0.19 0.12 1/157 3113
i-09a8e8ec399c26754
InService
Healthy
{}
i-0bbda2d7398820317
InService
Healthy
{}
i-0d67489bc1e1c5a16
InService
Healthy
{}
[2022-05-30T06:39:44]==============================[STATS]
jh CPU load avg:
0.19 0.15 0.11 1/157 3123
i-09a8e8ec399c26754
InService
Healthy
{}
i-0bbda2d7398820317
InService
Healthy
{}
i-0d67489bc1e1c5a16
InService
Healthy
{}
[2022-05-30T06:39:44]==============================[WARMUP RUN c23]==============================
06:39:44 I logger.go:127> Log level is now 4 Error (was 2 Info)
Fortio 1.19.0 running at -1 queries per second, 2->2 procs, for 1m30s: http://asg-1-lb-1882217328.us-east-1.elb.amazonaws.com:3000/?n=20000
Aggregated Function Time : count 427132 avg 0.0048460486 +/- 0.002654 min 0.001482034 max 0.100981358 sum 2069.90242
# target 50% 0.0061107
# target 75% 0.00842504
# target 90% 0.00981365
# target 99% 0.0189693
# target 99.9% 0.0263826
Sockets used: 23 (for perfect keepalive, would be 23)
Jitter: false
Code 200 : 427132 (100.0 %)
All done 427132 calls (plus 23 warmup) 4.846 ms avg, 4745.6 qps
Successfully wrote 2915 bytes of Json data to 2022-05-30-063944_asg_riwai_3_warmup_23.json
fortio exit code: 0
[2022-05-30T06:41:14]==============================[STATS]
jh CPU load avg:
0.08 0.12 0.10 1/158 3146
i-09a8e8ec399c26754
InService
Healthy
{}
i-0bbda2d7398820317
InService
Healthy
{}
i-0d67489bc1e1c5a16
InService
Healthy
{}
[2022-05-30T06:42:15]==============================[STATS]
jh CPU load avg:
0.03 0.10 0.09 1/158 3206
i-09a8e8ec399c26754
InService
Healthy
{}
i-0bbda2d7398820317
InService
Healthy
{}
i-0d67489bc1e1c5a16
InService
Healthy
{}
[2022-05-30T06:42:16]==============================[WARMUP RUN c24]==============================
06:42:16 I logger.go:127> Log level is now 4 Error (was 2 Info)
Fortio 1.19.0 running at -1 queries per second, 2->2 procs, for 1m30s: http://asg-1-lb-1882217328.us-east-1.elb.amazonaws.com:3000/?n=20000
Aggregated Function Time : count 436604 avg 0.0049470944 +/- 0.002648 min 0.001488729 max 0.21498475 sum 2159.92119
# target 50% 0.00610854
# target 75% 0.00841846
# target 90% 0.00980441
# target 99% 0.0188628
# target 99.9% 0.0216643
Sockets used: 24 (for perfect keepalive, would be 24)
Jitter: false
Code 200 : 436604 (100.0 %)
All done 436604 calls (plus 24 warmup) 4.947 ms avg, 4850.8 qps
Successfully wrote 2678 bytes of Json data to 2022-05-30-064216_asg_riwai_3_warmup_24.json
fortio exit code: 0
[2022-05-30T06:43:46]==============================[STATS]
jh CPU load avg:
0.13 0.12 0.09 1/158 3224
i-09a8e8ec399c26754
InService
Healthy
{}
i-0bbda2d7398820317
InService
Healthy
{}
i-0d67489bc1e1c5a16
InService
Healthy
{}
[2022-05-30T06:44:46]==============================[STATS]
jh CPU load avg:
0.05 0.10 0.09 1/158 3233
i-09a8e8ec399c26754
InService
Healthy
{}
i-0bbda2d7398820317
InService
Healthy
{}
i-0d67489bc1e1c5a16
InService
Healthy
{}
[2022-05-30T06:44:47]==============================[WARMUP RUN c25]==============================
06:44:47 I logger.go:127> Log level is now 4 Error (was 2 Info)
Fortio 1.19.0 running at -1 queries per second, 2->2 procs, for 1m30s: http://asg-1-lb-1882217328.us-east-1.elb.amazonaws.com:3000/?n=20000
Aggregated Function Time : count 428742 avg 0.0052477593 +/- 0.002997 min 0.001519994 max 0.211081112 sum 2249.9348
# target 50% 0.00613086
# target 75% 0.00843631
# target 90% 0.00981958
# target 99% 0.0190646
# target 99.9% 0.0297409
Sockets used: 25 (for perfect keepalive, would be 25)
Jitter: false
Code 200 : 428742 (100.0 %)
All done 428742 calls (plus 25 warmup) 5.248 ms avg, 4763.5 qps
Successfully wrote 3274 bytes of Json data to 2022-05-30-064447_asg_riwai_3_warmup_25.json
fortio exit code: 0
[2022-05-30T06:46:17]==============================[STATS]
jh CPU load avg:
0.24 0.14 0.10 1/157 3251
i-09a8e8ec399c26754
InService
Healthy
{}
i-0bbda2d7398820317
InService
Healthy
{}
i-0d67489bc1e1c5a16
InService
Healthy
{}
{
    "LoadBalancerDescriptions": [
        {
            "Subnets": [
                "subnet-0b5d4b665039b894e", 
                "subnet-0ee9b85cf87ffa82e"
            ], 
            "CanonicalHostedZoneNameID": "Z35SXDOTRQ7X7K", 
            "CanonicalHostedZoneName": "asg-1-lb-1882217328.us-east-1.elb.amazonaws.com", 
            "ListenerDescriptions": [
                {
                    "Listener": {
                        "InstancePort": 3000, 
                        "LoadBalancerPort": 3000, 
                        "Protocol": "TCP", 
                        "InstanceProtocol": "TCP"
                    }, 
                    "PolicyNames": []
                }, 
                {
                    "Listener": {
                        "InstancePort": 80, 
                        "LoadBalancerPort": 80, 
                        "Protocol": "TCP", 
                        "InstanceProtocol": "TCP"
                    }, 
                    "PolicyNames": []
                }
            ], 
            "HealthCheck": {
                "HealthyThreshold": 2, 
                "Interval": 10, 
                "Target": "HTTP:3000/?n=20000", 
                "Timeout": 5, 
                "UnhealthyThreshold": 6
            }, 
            "VPCId": "vpc-06ad3a196e4e4149b", 
            "BackendServerDescriptions": [], 
            "Instances": [
                {
                    "InstanceId": "i-09a8e8ec399c26754"
                }, 
                {
                    "InstanceId": "i-0bbda2d7398820317"
                }, 
                {
                    "InstanceId": "i-0d67489bc1e1c5a16"
                }
            ], 
            "DNSName": "asg-1-lb-1882217328.us-east-1.elb.amazonaws.com", 
            "SecurityGroups": [
                "sg-06ebf852f73f62587"
            ], 
            "Policies": {
                "LBCookieStickinessPolicies": [], 
                "AppCookieStickinessPolicies": [], 
                "OtherPolicies": []
            }, 
            "LoadBalancerName": "asg-1-lb", 
            "CreatedTime": "2022-05-30T06:10:38.010Z", 
            "AvailabilityZones": [
                "us-east-1b", 
                "us-east-1a"
            ], 
            "Scheme": "internet-facing", 
            "SourceSecurityGroup": {
                "OwnerAlias": "921565885029", 
                "GroupName": "asg-1-ALBSecurityGroup-S9BY241T82PI"
            }
        }
    ]
}
{
    "AutoScalingGroups": [
        {
            "AutoScalingGroupARN": "arn:aws:autoscaling:us-east-1:921565885029:autoScalingGroup:14204e69-e723-449f-a50d-d2f168032556:autoScalingGroupName/asg-1-myASG", 
            "ServiceLinkedRoleARN": "arn:aws:iam::921565885029:role/aws-service-role/autoscaling.amazonaws.com/AWSServiceRoleForAutoScaling", 
            "TargetGroupARNs": [], 
            "SuspendedProcesses": [], 
            "LaunchTemplate": {
                "LaunchTemplateName": "asg-1-launch-template", 
                "Version": "1", 
                "LaunchTemplateId": "lt-04c2a90f33d17c2f6"
            }, 
            "Tags": [
                {
                    "ResourceType": "auto-scaling-group", 
                    "ResourceId": "asg-1-myASG", 
                    "PropagateAtLaunch": true, 
                    "Value": "asg-1-instance", 
                    "Key": "Name"
                }, 
                {
                    "ResourceType": "auto-scaling-group", 
                    "ResourceId": "asg-1-myASG", 
                    "PropagateAtLaunch": false, 
                    "Value": "WebServerGroup", 
                    "Key": "Purpose"
                }, 
                {
                    "ResourceType": "auto-scaling-group", 
                    "ResourceId": "asg-1-myASG", 
                    "PropagateAtLaunch": true, 
                    "Value": "myASG", 
                    "Key": "aws:cloudformation:logical-id"
                }, 
                {
                    "ResourceType": "auto-scaling-group", 
                    "ResourceId": "asg-1-myASG", 
                    "PropagateAtLaunch": true, 
                    "Value": "arn:aws:cloudformation:us-east-1:921565885029:stack/asg-1/304b1210-dfdf-11ec-bc05-0af1eb3791ef", 
                    "Key": "aws:cloudformation:stack-id"
                }, 
                {
                    "ResourceType": "auto-scaling-group", 
                    "ResourceId": "asg-1-myASG", 
                    "PropagateAtLaunch": true, 
                    "Value": "asg-1", 
                    "Key": "aws:cloudformation:stack-name"
                }
            ], 
            "EnabledMetrics": [
                {
                    "Metric": "GroupAndWarmPoolDesiredCapacity", 
                    "Granularity": "1Minute"
                }, 
                {
                    "Metric": "GroupInServiceCapacity", 
                    "Granularity": "1Minute"
                }, 
                {
                    "Metric": "GroupMaxSize", 
                    "Granularity": "1Minute"
                }, 
                {
                    "Metric": "GroupStandbyCapacity", 
                    "Granularity": "1Minute"
                }, 
                {
                    "Metric": "GroupTotalCapacity", 
                    "Granularity": "1Minute"
                }, 
                {
                    "Metric": "GroupTerminatingCapacity", 
                    "Granularity": "1Minute"
                }, 
                {
                    "Metric": "WarmPoolDesiredCapacity", 
                    "Granularity": "1Minute"
                }, 
                {
                    "Metric": "WarmPoolWarmedCapacity", 
                    "Granularity": "1Minute"
                }, 
                {
                    "Metric": "GroupMinSize", 
                    "Granularity": "1Minute"
                }, 
                {
                    "Metric": "GroupInServiceInstances", 
                    "Granularity": "1Minute"
                }, 
                {
                    "Metric": "WarmPoolTerminatingCapacity", 
                    "Granularity": "1Minute"
                }, 
                {
                    "Metric": "WarmPoolPendingCapacity", 
                    "Granularity": "1Minute"
                }, 
                {
                    "Metric": "WarmPoolMinSize", 
                    "Granularity": "1Minute"
                }, 
                {
                    "Metric": "GroupTerminatingInstances", 
                    "Granularity": "1Minute"
                }, 
                {
                    "Metric": "GroupAndWarmPoolTotalCapacity", 
                    "Granularity": "1Minute"
                }, 
                {
                    "Metric": "GroupDesiredCapacity", 
                    "Granularity": "1Minute"
                }, 
                {
                    "Metric": "WarmPoolTotalCapacity", 
                    "Granularity": "1Minute"
                }, 
                {
                    "Metric": "GroupPendingCapacity", 
                    "Granularity": "1Minute"
                }, 
                {
                    "Metric": "GroupTotalInstances", 
                    "Granularity": "1Minute"
                }, 
                {
                    "Metric": "GroupPendingInstances", 
                    "Granularity": "1Minute"
                }, 
                {
                    "Metric": "GroupStandbyInstances", 
                    "Granularity": "1Minute"
                }
            ], 
            "TerminationPolicies": [
                "Default"
            ], 
            "AutoScalingGroupName": "asg-1-myASG", 
            "DefaultCooldown": 300, 
            "MinSize": 1, 
            "Instances": [
                {
                    "ProtectedFromScaleIn": false, 
                    "AvailabilityZone": "us-east-1a", 
                    "LaunchTemplate": {
                        "LaunchTemplateName": "asg-1-launch-template", 
                        "Version": "1", 
                        "LaunchTemplateId": "lt-04c2a90f33d17c2f6"
                    }, 
                    "InstanceId": "i-09a8e8ec399c26754", 
                    "HealthStatus": "Healthy", 
                    "LifecycleState": "InService", 
                    "InstanceType": "t3.medium"
                }, 
                {
                    "ProtectedFromScaleIn": false, 
                    "AvailabilityZone": "us-east-1b", 
                    "LaunchTemplate": {
                        "LaunchTemplateName": "asg-1-launch-template", 
                        "Version": "1", 
                        "LaunchTemplateId": "lt-04c2a90f33d17c2f6"
                    }, 
                    "InstanceId": "i-0bbda2d7398820317", 
                    "HealthStatus": "Healthy", 
                    "LifecycleState": "InService", 
                    "InstanceType": "t3.medium"
                }, 
                {
                    "ProtectedFromScaleIn": false, 
                    "AvailabilityZone": "us-east-1a", 
                    "LaunchTemplate": {
                        "LaunchTemplateName": "asg-1-launch-template", 
                        "Version": "1", 
                        "LaunchTemplateId": "lt-04c2a90f33d17c2f6"
                    }, 
                    "InstanceId": "i-0d67489bc1e1c5a16", 
                    "HealthStatus": "Healthy", 
                    "LifecycleState": "InService", 
                    "InstanceType": "t3.medium"
                }
            ], 
            "MaxSize": 3, 
            "VPCZoneIdentifier": "subnet-0ee9b85cf87ffa82e,subnet-0b5d4b665039b894e", 
            "HealthCheckGracePeriod": 300, 
            "LoadBalancerNames": [
                "asg-1-lb"
            ], 
            "CreatedTime": "2022-05-30T06:13:07.464Z", 
            "AvailabilityZones": [
                "us-east-1a", 
                "us-east-1b"
            ], 
            "HealthCheckType": "EC2", 
            "NewInstancesProtectedFromScaleIn": false, 
            "DesiredCapacity": 3
        }
    ]
}
[2022-05-30T06:47:20]==============================[PERFORMANCE CHUNK RUN 26]==============================
[2022-05-30T06:48:20]==============================[STATS]
jh CPU load avg:
0.04 0.10 0.09 1/157 3276
i-09a8e8ec399c26754
InService
Healthy
{}
i-0bbda2d7398820317
InService
Healthy
{}
i-0d67489bc1e1c5a16
InService
Healthy
{}
06:48:21 I logger.go:127> Log level is now 4 Error (was 2 Info)
Fortio 1.19.0 running at -1 queries per second, 2->2 procs, for 1m0s: http://asg-1-lb-1882217328.us-east-1.elb.amazonaws.com:3000/?n=20000
Aggregated Function Time : count 278199 avg 0.0053919782 +/- 0.003172 min 0.001518624 max 0.221328481 sum 1500.04295
# target 50% 0.00609097
# target 75% 0.00837715
# target 90% 0.00974887
# target 99% 0.0188454
# target 99.9% 0.0256097
Sockets used: 25 (for perfect keepalive, would be 25)
Jitter: false
Code 200 : 278199 (100.0 %)
All done 278199 calls (plus 25 warmup) 5.392 ms avg, 4635.3 qps
Successfully wrote 3047 bytes of Json data to 2022-05-30-064821_asg_riwai_3_performance_chunk_26_1.json
fortio exit code: 0
[2022-05-30T06:49:21]==============================[STATS]
jh CPU load avg:
0.08 0.10 0.09 1/157 3293
i-09a8e8ec399c26754
InService
Healthy
{}
i-0bbda2d7398820317
InService
Healthy
{}
i-0d67489bc1e1c5a16
InService
Healthy
{}
06:49:22 I logger.go:127> Log level is now 4 Error (was 2 Info)
Fortio 1.19.0 running at -1 queries per second, 2->2 procs, for 1m0s: http://asg-1-lb-1882217328.us-east-1.elb.amazonaws.com:3000/?n=20000
Aggregated Function Time : count 280692 avg 0.0053438329 +/- 0.003057 min 0.001523244 max 0.215202523 sum 1499.97114
# target 50% 0.00613298
# target 75% 0.00843786
# target 90% 0.00982079
# target 99% 0.019027
# target 99.9% 0.0280849
Sockets used: 25 (for perfect keepalive, would be 25)
Jitter: false
Code 200 : 280692 (100.0 %)
All done 280692 calls (plus 25 warmup) 5.344 ms avg, 4677.7 qps
Successfully wrote 2931 bytes of Json data to 2022-05-30-064922_asg_riwai_3_performance_chunk_26_2.json
fortio exit code: 0
[2022-05-30T06:50:22]==============================[STATS]
jh CPU load avg:
0.12 0.11 0.09 1/159 3316
i-09a8e8ec399c26754
InService
Healthy
{}
i-0bbda2d7398820317
InService
Healthy
{}
i-0d67489bc1e1c5a16
InService
Healthy
{}
06:50:22 I logger.go:127> Log level is now 4 Error (was 2 Info)
Fortio 1.19.0 running at -1 queries per second, 2->2 procs, for 1m0s: http://asg-1-lb-1882217328.us-east-1.elb.amazonaws.com:3000/?n=20000
Aggregated Function Time : count 287802 avg 0.0052117931 +/- 0.002874 min 0.001504104 max 0.214022662 sum 1499.96449
# target 50% 0.00607254
# target 75% 0.00835678
# target 90% 0.00972732
# target 99% 0.0186913
# target 99.9% 0.0199916
Sockets used: 25 (for perfect keepalive, would be 25)
Jitter: false
Code 200 : 287802 (100.0 %)
All done 287802 calls (plus 25 warmup) 5.212 ms avg, 4796.1 qps
Successfully wrote 2454 bytes of Json data to 2022-05-30-065023_asg_riwai_3_performance_chunk_26_3.json
fortio exit code: 0
[2022-05-30T06:51:23]==============================[STATS]
jh CPU load avg:
0.09 0.10 0.09 1/159 3332
i-09a8e8ec399c26754
InService
Healthy
{}
i-0bbda2d7398820317
InService
Healthy
{}
i-0d67489bc1e1c5a16
InService
Healthy
{}
06:51:23 I logger.go:127> Log level is now 4 Error (was 2 Info)
Fortio 1.19.0 running at -1 queries per second, 2->2 procs, for 1m0s: http://asg-1-lb-1882217328.us-east-1.elb.amazonaws.com:3000/?n=20000
Aggregated Function Time : count 285062 avg 0.0052619522 +/- 0.003078 min 0.001497223 max 0.080537907 sum 1499.9826
# target 50% 0.00609157
# target 75% 0.00838876
# target 90% 0.00976707
# target 99% 0.0189559
# target 99.9% 0.0287962
Sockets used: 25 (for perfect keepalive, would be 25)
Jitter: false
Code 200 : 285062 (100.0 %)
All done 285062 calls (plus 25 warmup) 5.262 ms avg, 4750.5 qps
Successfully wrote 2811 bytes of Json data to 2022-05-30-065123_asg_riwai_3_performance_chunk_26_4.json
fortio exit code: 0
[2022-05-30T06:52:23]==============================[STATS]
jh CPU load avg:
0.06 0.09 0.09 1/158 3348
i-09a8e8ec399c26754
InService
Healthy
{}
i-0bbda2d7398820317
InService
Healthy
{}
i-0d67489bc1e1c5a16
InService
Healthy
{}
06:52:24 I logger.go:127> Log level is now 4 Error (was 2 Info)
Fortio 1.19.0 running at -1 queries per second, 2->2 procs, for 1m0s: http://asg-1-lb-1882217328.us-east-1.elb.amazonaws.com:3000/?n=20000
Aggregated Function Time : count 286995 avg 0.0052265167 +/- 0.002659 min 0.001511776 max 0.091072263 sum 1499.98416
# target 50% 0.0061174
# target 75% 0.00842023
# target 90% 0.00980192
# target 99% 0.0188562
# target 99.9% 0.0217123
Sockets used: 25 (for perfect keepalive, would be 25)
Jitter: false
Code 200 : 286995 (100.0 %)
All done 286995 calls (plus 25 warmup) 5.227 ms avg, 4782.6 qps
Successfully wrote 2573 bytes of Json data to 2022-05-30-065224_asg_riwai_3_performance_chunk_26_5.json
fortio exit code: 0
[2022-05-30T06:54:24]==============================[STATS]
jh CPU load avg:
0.05 0.08 0.08 1/159 3368
i-09a8e8ec399c26754
InService
Healthy
{}
i-0bbda2d7398820317
InService
Healthy
{}
i-0d67489bc1e1c5a16
InService
Healthy
{}
[2022-05-30T06:54:24]==============================[PERFORMANCE RUN 1]==============================
06:54:25 I logger.go:127> Log level is now 4 Error (was 2 Info)
Fortio 1.19.0 running at -1 queries per second, 2->2 procs, for 5m0s: http://asg-1-lb-1882217328.us-east-1.elb.amazonaws.com:3000/?n=20000
Aggregated Function Time : count 1423458 avg 0.005268623 +/- 0.002721 min 0.001490703 max 0.209197882 sum 7499.66362
# target 50% 0.00610662
# target 75% 0.00841459
# target 90% 0.00979937
# target 99% 0.0188926
# target 99.9% 0.0240896
Sockets used: 25 (for perfect keepalive, would be 25)
Jitter: false
Code 200 : 1423458 (100.0 %)
All done 1423458 calls (plus 25 warmup) 5.269 ms avg, 4744.7 qps
Successfully wrote 3168 bytes of Json data to 2022-05-30-065425_asg_riwai_3_performance_1.json
fortio exit code: 0
[2022-05-30T06:59:25]==============================[STATS]
jh CPU load avg:
0.20 0.11 0.09 1/157 3391
i-09a8e8ec399c26754
InService
Healthy
{}
i-0bbda2d7398820317
InService
Healthy
{}
i-0d67489bc1e1c5a16
InService
Healthy
{}
[2022-05-30T07:00:25]==============================[STATS]
jh CPU load avg:
0.07 0.09 0.09 1/158 3407
i-09a8e8ec399c26754
InService
Healthy
{}
i-0bbda2d7398820317
InService
Healthy
{}
i-0d67489bc1e1c5a16
InService
Healthy
{}
[2022-05-30T07:00:26]==============================[PERFORMANCE RUN 2]==============================
07:00:26 I logger.go:127> Log level is now 4 Error (was 2 Info)
Fortio 1.19.0 running at -1 queries per second, 2->2 procs, for 5m0s: http://asg-1-lb-1882217328.us-east-1.elb.amazonaws.com:3000/?n=20000
Aggregated Function Time : count 1411470 avg 0.0053132668 +/- 0.003109 min 0.001481531 max 0.23186428 sum 7499.51668
# target 50% 0.00611703
# target 75% 0.00843478
# target 90% 0.00982543
# target 99% 0.0190221
# target 99.9% 0.0274806
Sockets used: 25 (for perfect keepalive, would be 25)
Jitter: false
Code 200 : 1411470 (100.0 %)
All done 1411470 calls (plus 25 warmup) 5.313 ms avg, 4704.8 qps
Successfully wrote 3409 bytes of Json data to 2022-05-30-070026_asg_riwai_3_performance_2.json
fortio exit code: 0
[2022-05-30T07:05:26]==============================[STATS]
jh CPU load avg:
0.38 0.24 0.14 1/158 3494
i-09a8e8ec399c26754
InService
Healthy
{}
i-0bbda2d7398820317
InService
Healthy
{}
i-0d67489bc1e1c5a16
InService
Healthy
{}
[2022-05-30T07:06:27]==============================[STATS]
jh CPU load avg:
0.14 0.19 0.13 1/158 3503
i-09a8e8ec399c26754
InService
Healthy
{}
i-0bbda2d7398820317
InService
Healthy
{}
i-0d67489bc1e1c5a16
InService
Healthy
{}
[2022-05-30T07:06:27]==============================[PERFORMANCE RUN 3]==============================
07:06:27 I logger.go:127> Log level is now 4 Error (was 2 Info)
Fortio 1.19.0 running at -1 queries per second, 2->2 procs, for 5m0s: http://asg-1-lb-1882217328.us-east-1.elb.amazonaws.com:3000/?n=20000
Aggregated Function Time : count 1419940 avg 0.0052816388 +/- 0.003105 min 0.001472461 max 0.228108809 sum 7499.61014
# target 50% 0.00608188
# target 75% 0.00838659
# target 90% 0.00976942
# target 99% 0.0188641
# target 99.9% 0.0246404
Sockets used: 25 (for perfect keepalive, would be 25)
Jitter: false
Code 200 : 1419940 (100.0 %)
All done 1419940 calls (plus 25 warmup) 5.282 ms avg, 4733.0 qps
Successfully wrote 3170 bytes of Json data to 2022-05-30-070628_asg_riwai_3_performance_3.json
fortio exit code: 0
[2022-05-30T07:11:28]==============================[STATS]
jh CPU load avg:
0.32 0.30 0.19 1/165 3538
i-09a8e8ec399c26754
InService
Healthy
{}
i-0bbda2d7398820317
InService
Healthy
{}
i-0d67489bc1e1c5a16
InService
Healthy
{}
scaling to 0
{
    "Alarms": [
        {
            "AlarmName": "TargetTracking-asg-1-myASG-AlarmHigh-b3c09bad-57de-4a3a-92f6-1f965c4828df", 
            "AlarmARN": "arn:aws:cloudwatch:us-east-1:921565885029:alarm:TargetTracking-asg-1-myASG-AlarmHigh-b3c09bad-57de-4a3a-92f6-1f965c4828df"
        }, 
        {
            "AlarmName": "TargetTracking-asg-1-myASG-AlarmLow-63cc1159-81af-434e-bcfb-94b86f5a0152", 
            "AlarmARN": "arn:aws:cloudwatch:us-east-1:921565885029:alarm:TargetTracking-asg-1-myASG-AlarmLow-63cc1159-81af-434e-bcfb-94b86f5a0152"
        }
    ], 
    "PolicyARN": "arn:aws:autoscaling:us-east-1:921565885029:scalingPolicy:042025e5-b556-40cb-a725-39deea9f4ce0:autoScalingGroupName/asg-1-myASG:policyName/asg-1-AppServerSP-1TVS2F4D74IRQ"
}
[2022-05-30T07:12:00]==============================[SCALING RUN 1: INIT]==============================
{
    "Alarms": [
        {
            "AlarmName": "TargetTracking-asg-1-myASG-AlarmHigh-b3c09bad-57de-4a3a-92f6-1f965c4828df", 
            "AlarmARN": "arn:aws:cloudwatch:us-east-1:921565885029:alarm:TargetTracking-asg-1-myASG-AlarmHigh-b3c09bad-57de-4a3a-92f6-1f965c4828df"
        }, 
        {
            "AlarmName": "TargetTracking-asg-1-myASG-AlarmLow-63cc1159-81af-434e-bcfb-94b86f5a0152", 
            "AlarmARN": "arn:aws:cloudwatch:us-east-1:921565885029:alarm:TargetTracking-asg-1-myASG-AlarmLow-63cc1159-81af-434e-bcfb-94b86f5a0152"
        }
    ], 
    "PolicyARN": "arn:aws:autoscaling:us-east-1:921565885029:scalingPolicy:042025e5-b556-40cb-a725-39deea9f4ce0:autoScalingGroupName/asg-1-myASG:policyName/asg-1-AppServerSP-1TVS2F4D74IRQ"
}
scaling to 1
[2022-05-30T07:12:01]==============================[SCALING RUN 1: ENABLE SCALING - SLEEP]==============================
{
    "Alarms": [
        {
            "AlarmName": "TargetTracking-asg-1-myASG-AlarmHigh-b10b9364-74ef-4970-b31f-5406e87f7879", 
            "AlarmARN": "arn:aws:cloudwatch:us-east-1:921565885029:alarm:TargetTracking-asg-1-myASG-AlarmHigh-b10b9364-74ef-4970-b31f-5406e87f7879"
        }, 
        {
            "AlarmName": "TargetTracking-asg-1-myASG-AlarmLow-6dfcc7d1-5a1d-4c96-a173-5729a3d795f6", 
            "AlarmARN": "arn:aws:cloudwatch:us-east-1:921565885029:alarm:TargetTracking-asg-1-myASG-AlarmLow-6dfcc7d1-5a1d-4c96-a173-5729a3d795f6"
        }
    ], 
    "PolicyARN": "arn:aws:autoscaling:us-east-1:921565885029:scalingPolicy:042025e5-b556-40cb-a725-39deea9f4ce0:autoScalingGroupName/asg-1-myASG:policyName/asg-1-AppServerSP-1TVS2F4D74IRQ"
}
[2022-05-30T07:15:03]==============================[SCALING RUN 1: FORTIO]==============================
[2022-05-30T07:15:03]==============================[STATS]
jh CPU load avg:
0.01 0.14 0.14 1/165 3576
i-03fe270844aa6c908
InService
Healthy
{}
[2022-05-30T07:15:04]==============================[SCALING RUN 1: CHUNK 1]==============================
07:15:04 I logger.go:127> Log level is now 4 Error (was 2 Info)
Fortio 1.19.0 running at -1 queries per second, 2->2 procs, for 1m0s: http://asg-1-lb-1882217328.us-east-1.elb.amazonaws.com:3000/?n=20000
Aggregated Function Time : count 58632 avg 0.025587833 +/- 0.008911 min 0.006014071 max 0.330135608 sum 1500.26584
# target 50% 0.0255419
# target 75% 0.0283881
# target 90% 0.0349578
# target 99% 0.0498427
# target 99.9% 0.133487
Sockets used: 25 (for perfect keepalive, would be 25)
Jitter: false
Code 200 : 58632 (100.0 %)
All done 58632 calls (plus 25 warmup) 25.588 ms avg, 976.8 qps
Successfully wrote 3971 bytes of Json data to 2022-05-30-071504_asg_riwai_3_scaling_1_1.json
fortio exit code: 0
[2022-05-30T07:16:04]==============================[STATS]
jh CPU load avg:
0.05 0.12 0.14 1/164 3594
i-03fe270844aa6c908
InService
Healthy
{}
[2022-05-30T07:16:04]==============================[SCALING RUN 1: CHUNK 2]==============================
07:16:04 I logger.go:127> Log level is now 4 Error (was 2 Info)
Fortio 1.19.0 running at -1 queries per second, 2->2 procs, for 1m0s: http://asg-1-lb-1882217328.us-east-1.elb.amazonaws.com:3000/?n=20000
Aggregated Function Time : count 59873 avg 0.025058637 +/- 0.006683 min 0.00258275 max 0.059691631 sum 1500.33575
# target 50% 0.0254994
# target 75% 0.028327
# target 90% 0.0314568
# target 99% 0.0491409
# target 99.9% 0.0560875
Sockets used: 25 (for perfect keepalive, would be 25)
Jitter: false
Code 200 : 59873 (100.0 %)
All done 59873 calls (plus 25 warmup) 25.059 ms avg, 997.3 qps
Successfully wrote 2441 bytes of Json data to 2022-05-30-071605_asg_riwai_3_scaling_1_2.json
fortio exit code: 0
[2022-05-30T07:17:05]==============================[STATS]
jh CPU load avg:
0.05 0.11 0.13 1/164 3611
i-03fe270844aa6c908
InService
Healthy
{}
[2022-05-30T07:17:05]==============================[SCALING RUN 1: CHUNK 3]==============================
07:17:05 I logger.go:127> Log level is now 4 Error (was 2 Info)
Fortio 1.19.0 running at -1 queries per second, 2->2 procs, for 1m0s: http://asg-1-lb-1882217328.us-east-1.elb.amazonaws.com:3000/?n=20000
Aggregated Function Time : count 59829 avg 0.025075976 +/- 0.006767 min 0.002414518 max 0.070309884 sum 1500.27059
# target 50% 0.0254959
# target 75% 0.0283462
# target 90% 0.0331635
# target 99% 0.0491863
# target 99.9% 0.0568704
Sockets used: 25 (for perfect keepalive, would be 25)
Jitter: false
Code 200 : 59829 (100.0 %)
All done 59829 calls (plus 25 warmup) 25.076 ms avg, 996.8 qps
Successfully wrote 2679 bytes of Json data to 2022-05-30-071705_asg_riwai_3_scaling_1_3.json
fortio exit code: 0
[2022-05-30T07:18:05]==============================[STATS]
jh CPU load avg:
0.05 0.10 0.12 1/164 3628
i-03fe270844aa6c908
InService
Healthy
{}
[2022-05-30T07:18:06]==============================[SCALING RUN 1: CHUNK 4]==============================
07:18:06 I logger.go:127> Log level is now 4 Error (was 2 Info)
Fortio 1.19.0 running at -1 queries per second, 2->2 procs, for 1m0s: http://asg-1-lb-1882217328.us-east-1.elb.amazonaws.com:3000/?n=20000
Aggregated Function Time : count 59758 avg 0.025105592 +/- 0.006704 min 0.002186761 max 0.070398457 sum 1500.25999
# target 50% 0.0255
# target 75% 0.0283293
# target 90% 0.031544
# target 99% 0.0491805
# target 99.9% 0.0574848
Sockets used: 25 (for perfect keepalive, would be 25)
Jitter: false
Code 200 : 59758 (100.0 %)
All done 59758 calls (plus 25 warmup) 25.106 ms avg, 995.6 qps
Successfully wrote 2677 bytes of Json data to 2022-05-30-071806_asg_riwai_3_scaling_1_4.json
fortio exit code: 0
[2022-05-30T07:19:06]==============================[STATS]
jh CPU load avg:
0.02 0.08 0.11 1/164 3645
i-03fe270844aa6c908
InService
Healthy
{}
[2022-05-30T07:19:07]==============================[SCALING RUN 1: CHUNK 5]==============================
07:19:07 I logger.go:127> Log level is now 4 Error (was 2 Info)
Fortio 1.19.0 running at -1 queries per second, 2->2 procs, for 1m0s: http://asg-1-lb-1882217328.us-east-1.elb.amazonaws.com:3000/?n=20000
Aggregated Function Time : count 59798 avg 0.025089157 +/- 0.007186 min 0.002217443 max 0.249944543 sum 1500.2814
# target 50% 0.0255171
# target 75% 0.0284199
# target 90% 0.0371495
# target 99% 0.0493398
# target 99.9% 0.0592924
Sockets used: 38 (for perfect keepalive, would be 25)
Jitter: false
Code 200 : 59798 (100.0 %)
All done 59798 calls (plus 25 warmup) 25.089 ms avg, 996.2 qps
Successfully wrote 3268 bytes of Json data to 2022-05-30-071907_asg_riwai_3_scaling_1_5.json
fortio exit code: 0
[2022-05-30T07:20:07]==============================[STATS]
jh CPU load avg:
0.00 0.06 0.10 1/166 3670
i-03fe270844aa6c908
InService
Healthy
{}
i-0da5cab14ed4d387a
InService
Healthy
{}
[2022-05-30T07:20:08]==============================[SCALING RUN 1: CHUNK 6]==============================
07:20:08 I logger.go:127> Log level is now 4 Error (was 2 Info)
Fortio 1.19.0 running at -1 queries per second, 2->2 procs, for 1m0s: http://asg-1-lb-1882217328.us-east-1.elb.amazonaws.com:3000/?n=20000
Aggregated Function Time : count 59786 avg 0.025094226 +/- 0.007907 min 0.00222182 max 0.26551764 sum 1500.28342
# target 50% 0.0256533
# target 75% 0.0286116
# target 90% 0.0415154
# target 99% 0.0494598
# target 99.9% 0.0585679
Sockets used: 25 (for perfect keepalive, would be 25)
Jitter: false
Code 200 : 59786 (100.0 %)
All done 59786 calls (plus 25 warmup) 25.094 ms avg, 996.0 qps
Successfully wrote 3029 bytes of Json data to 2022-05-30-072008_asg_riwai_3_scaling_1_6.json
fortio exit code: 0
[2022-05-30T07:21:08]==============================[STATS]
jh CPU load avg:
0.00 0.05 0.09 1/166 3686
i-03fe270844aa6c908
InService
Healthy
{}
i-0da5cab14ed4d387a
InService
Healthy
{}
[2022-05-30T07:21:08]==============================[SCALING RUN 1: CHUNK 7]==============================
07:21:08 I logger.go:127> Log level is now 4 Error (was 2 Info)
Fortio 1.19.0 running at -1 queries per second, 2->2 procs, for 1m0s: http://asg-1-lb-1882217328.us-east-1.elb.amazonaws.com:3000/?n=20000
Aggregated Function Time : count 118208 avg 0.012690372 +/- 0.004491 min 0.002056615 max 0.23490575 sum 1500.10347
# target 50% 0.0149731
# target 75% 0.0185786
# target 90% 0.0234629
# target 99% 0.0295211
# target 99.9% 0.0380141
Sockets used: 25 (for perfect keepalive, would be 25)
Jitter: false
Code 200 : 118208 (100.0 %)
All done 118208 calls (plus 25 warmup) 12.690 ms avg, 1969.7 qps
Successfully wrote 3149 bytes of Json data to 2022-05-30-072108_asg_riwai_3_scaling_1_7.json
fortio exit code: 0
[2022-05-30T07:22:08]==============================[STATS]
jh CPU load avg:
0.05 0.05 0.09 1/166 3702
i-03fe270844aa6c908
InService
Healthy
{}
i-0da5cab14ed4d387a
InService
Healthy
{}
[2022-05-30T07:22:09]==============================[SCALING RUN 1: CHUNK 8]==============================
07:22:09 I logger.go:127> Log level is now 4 Error (was 2 Info)
Fortio 1.19.0 running at -1 queries per second, 2->2 procs, for 1m0s: http://asg-1-lb-1882217328.us-east-1.elb.amazonaws.com:3000/?n=20000
Aggregated Function Time : count 118751 avg 0.012632187 +/- 0.004485 min 0.00208245 max 0.235986268 sum 1500.0848
# target 50% 0.0140915
# target 75% 0.0180409
# target 90% 0.0221079
# target 99% 0.0294081
# target 99.9% 0.0366094
Sockets used: 25 (for perfect keepalive, would be 25)
Jitter: false
Code 200 : 118751 (100.0 %)
All done 118751 calls (plus 25 warmup) 12.632 ms avg, 1978.8 qps
Successfully wrote 2438 bytes of Json data to 2022-05-30-072209_asg_riwai_3_scaling_1_8.json
fortio exit code: 0
[2022-05-30T07:23:09]==============================[STATS]
jh CPU load avg:
0.12 0.07 0.09 1/166 3719
i-03fe270844aa6c908
InService
Healthy
{}
i-0da5cab14ed4d387a
InService
Healthy
{}
[2022-05-30T07:23:10]==============================[SCALING RUN 1: CHUNK 9]==============================
07:23:10 I logger.go:127> Log level is now 4 Error (was 2 Info)
Fortio 1.19.0 running at -1 queries per second, 2->2 procs, for 1m0s: http://asg-1-lb-1882217328.us-east-1.elb.amazonaws.com:3000/?n=20000
Aggregated Function Time : count 118836 avg 0.012623238 +/- 0.004421 min 0.002164971 max 0.232864912 sum 1500.09511
# target 50% 0.0142086
# target 75% 0.0182142
# target 90% 0.0228429
# target 99% 0.0294809
# target 99.9% 0.0372637
Sockets used: 25 (for perfect keepalive, would be 25)
Jitter: false
Code 200 : 118836 (100.0 %)
All done 118836 calls (plus 25 warmup) 12.623 ms avg, 1980.2 qps
Successfully wrote 2916 bytes of Json data to 2022-05-30-072310_asg_riwai_3_scaling_1_9.json
fortio exit code: 0
[2022-05-30T07:24:10]==============================[STATS]
jh CPU load avg:
0.13 0.09 0.09 1/166 3736
i-03fe270844aa6c908
InService
Healthy
{}
i-0da5cab14ed4d387a
InService
Healthy
{}
[2022-05-30T07:24:10]==============================[SCALING RUN 1: CHUNK 10]==============================
07:24:10 I logger.go:127> Log level is now 4 Error (was 2 Info)
Fortio 1.19.0 running at -1 queries per second, 2->2 procs, for 1m0s: http://asg-1-lb-1882217328.us-east-1.elb.amazonaws.com:3000/?n=20000
Aggregated Function Time : count 117370 avg 0.01278084 +/- 0.004479 min 0.002211839 max 0.080734395 sum 1500.08713
# target 50% 0.0146487
# target 75% 0.0185121
# target 90% 0.0235557
# target 99% 0.0295129
# target 99.9% 0.0387559
Sockets used: 25 (for perfect keepalive, would be 25)
Jitter: false
Code 200 : 117370 (100.0 %)
All done 117370 calls (plus 25 warmup) 12.781 ms avg, 1955.7 qps
Successfully wrote 2802 bytes of Json data to 2022-05-30-072411_asg_riwai_3_scaling_1_10.json
fortio exit code: 0
[2022-05-30T07:25:11]==============================[STATS]
jh CPU load avg:
0.10 0.08 0.09 1/163 3754
i-03fe270844aa6c908
InService
Healthy
{}
i-0da5cab14ed4d387a
InService
Healthy
{}
[2022-05-30T07:25:11]==============================[SCALING RUN 1: CHUNK 11]==============================
07:25:11 I logger.go:127> Log level is now 4 Error (was 2 Info)
Fortio 1.19.0 running at -1 queries per second, 2->2 procs, for 1m0s: http://asg-1-lb-1882217328.us-east-1.elb.amazonaws.com:3000/?n=20000
Aggregated Function Time : count 117646 avg 0.012750966 +/- 0.004344 min 0.002200608 max 0.232868632 sum 1500.10015
# target 50% 0.0149927
# target 75% 0.0186499
# target 90% 0.02372
# target 99% 0.0295214
# target 99.9% 0.0363915
Sockets used: 25 (for perfect keepalive, would be 25)
Jitter: false
Code 200 : 117646 (100.0 %)
All done 117646 calls (plus 25 warmup) 12.751 ms avg, 1960.4 qps
Successfully wrote 2562 bytes of Json data to 2022-05-30-072511_asg_riwai_3_scaling_1_11.json
fortio exit code: 0
[2022-05-30T07:26:11]==============================[STATS]
jh CPU load avg:
0.04 0.07 0.08 1/164 3771
i-03fe270844aa6c908
InService
Healthy
{}
i-0da5cab14ed4d387a
InService
Healthy
{}
i-0ed1d9ed8acc0047d
InService
Healthy
{}
[2022-05-30T07:26:12]==============================[SCALING RUN 1: CHUNK 12]==============================
07:26:12 I logger.go:127> Log level is now 4 Error (was 2 Info)
Fortio 1.19.0 running at -1 queries per second, 2->2 procs, for 1m0s: http://asg-1-lb-1882217328.us-east-1.elb.amazonaws.com:3000/?n=20000
Aggregated Function Time : count 117589 avg 0.012757215 +/- 0.004335 min 0.002297049 max 0.217200625 sum 1500.10816
# target 50% 0.0149518
# target 75% 0.0186295
# target 90% 0.0236921
# target 99% 0.0295388
# target 99.9% 0.0370924
Sockets used: 25 (for perfect keepalive, would be 25)
Jitter: false
Code 200 : 117589 (100.0 %)
All done 117589 calls (plus 25 warmup) 12.757 ms avg, 1959.4 qps
Successfully wrote 2566 bytes of Json data to 2022-05-30-072612_asg_riwai_3_scaling_1_12.json
fortio exit code: 0
[2022-05-30T07:27:12]==============================[STATS]
jh CPU load avg:
0.14 0.10 0.09 1/164 3788
i-03fe270844aa6c908
InService
Healthy
{}
i-0da5cab14ed4d387a
InService
Healthy
{}
i-0ed1d9ed8acc0047d
InService
Healthy
{}
[2022-05-30T07:27:13]==============================[SCALING RUN 1: CHUNK 13]==============================
07:27:13 I logger.go:127> Log level is now 4 Error (was 2 Info)
Fortio 1.19.0 running at -1 queries per second, 2->2 procs, for 1m0s: http://asg-1-lb-1882217328.us-east-1.elb.amazonaws.com:3000/?n=20000
Aggregated Function Time : count 216088 avg 0.0069416963 +/- 0.004336 min 0.001598774 max 0.249937278 sum 1500.01727
# target 50% 0.00682018
# target 75% 0.0094309
# target 90% 0.0159587
# target 99% 0.0273169
# target 99.9% 0.0299274
Sockets used: 25 (for perfect keepalive, would be 25)
Jitter: false
Code 200 : 216088 (100.0 %)
All done 216088 calls (plus 25 warmup) 6.942 ms avg, 3600.8 qps
Successfully wrote 2681 bytes of Json data to 2022-05-30-072713_asg_riwai_3_scaling_1_13.json
fortio exit code: 0
[2022-05-30T07:28:13]==============================[STATS]
jh CPU load avg:
0.15 0.11 0.09 1/164 3805
i-03fe270844aa6c908
InService
Healthy
{}
i-0da5cab14ed4d387a
InService
Healthy
{}
i-0ed1d9ed8acc0047d
InService
Healthy
{}
[2022-05-30T07:28:13]==============================[SCALING RUN 1: CHUNK 14]==============================
07:28:13 I logger.go:127> Log level is now 4 Error (was 2 Info)
Fortio 1.19.0 running at -1 queries per second, 2->2 procs, for 1m0s: http://asg-1-lb-1882217328.us-east-1.elb.amazonaws.com:3000/?n=20000
Aggregated Function Time : count 217862 avg 0.0068852276 +/- 0.004471 min 0.001504293 max 0.227125814 sum 1500.02945
# target 50% 0.00693335
# target 75% 0.00964791
# target 90% 0.0164915
# target 99% 0.0273738
# target 99.9% 0.0298825
Sockets used: 25 (for perfect keepalive, would be 25)
Jitter: false
Code 200 : 217862 (100.0 %)
All done 217862 calls (plus 25 warmup) 6.885 ms avg, 3630.3 qps
Successfully wrote 2564 bytes of Json data to 2022-05-30-072814_asg_riwai_3_scaling_1_14.json
fortio exit code: 0
[2022-05-30T07:29:14]==============================[STATS]
jh CPU load avg:
0.05 0.08 0.09 1/164 3872
i-03fe270844aa6c908
InService
Healthy
{}
i-0da5cab14ed4d387a
InService
Healthy
{}
i-0ed1d9ed8acc0047d
InService
Healthy
{}
[2022-05-30T07:29:14]==============================[SCALING RUN 2: INIT]==============================
{
    "Alarms": [
        {
            "AlarmName": "TargetTracking-asg-1-myASG-AlarmHigh-469bcf8c-9ee6-451c-98c5-c0ef125e36a3", 
            "AlarmARN": "arn:aws:cloudwatch:us-east-1:921565885029:alarm:TargetTracking-asg-1-myASG-AlarmHigh-469bcf8c-9ee6-451c-98c5-c0ef125e36a3"
        }, 
        {
            "AlarmName": "TargetTracking-asg-1-myASG-AlarmLow-547dcd98-30ea-4297-bff4-b01393ef1544", 
            "AlarmARN": "arn:aws:cloudwatch:us-east-1:921565885029:alarm:TargetTracking-asg-1-myASG-AlarmLow-547dcd98-30ea-4297-bff4-b01393ef1544"
        }
    ], 
    "PolicyARN": "arn:aws:autoscaling:us-east-1:921565885029:scalingPolicy:042025e5-b556-40cb-a725-39deea9f4ce0:autoScalingGroupName/asg-1-myASG:policyName/asg-1-AppServerSP-1TVS2F4D74IRQ"
}
scaling to 1
[2022-05-30T07:29:17]==============================[SCALING RUN 2: ENABLE SCALING - SLEEP]==============================
{
    "Alarms": [
        {
            "AlarmName": "TargetTracking-asg-1-myASG-AlarmHigh-087a2b5c-3bb9-4ddc-8f12-cb26d5e05b1c", 
            "AlarmARN": "arn:aws:cloudwatch:us-east-1:921565885029:alarm:TargetTracking-asg-1-myASG-AlarmHigh-087a2b5c-3bb9-4ddc-8f12-cb26d5e05b1c"
        }, 
        {
            "AlarmName": "TargetTracking-asg-1-myASG-AlarmLow-adadd1e1-92be-4b28-8285-01bd17cc2297", 
            "AlarmARN": "arn:aws:cloudwatch:us-east-1:921565885029:alarm:TargetTracking-asg-1-myASG-AlarmLow-adadd1e1-92be-4b28-8285-01bd17cc2297"
        }
    ], 
    "PolicyARN": "arn:aws:autoscaling:us-east-1:921565885029:scalingPolicy:042025e5-b556-40cb-a725-39deea9f4ce0:autoScalingGroupName/asg-1-myASG:policyName/asg-1-AppServerSP-1TVS2F4D74IRQ"
}
[2022-05-30T07:32:18]==============================[SCALING RUN 2: FORTIO]==============================
[2022-05-30T07:32:18]==============================[STATS]
jh CPU load avg:
0.00 0.04 0.07 1/165 3906
i-0ed1d9ed8acc0047d
InService
Healthy
{}
[2022-05-30T07:32:19]==============================[SCALING RUN 2: CHUNK 1]==============================
07:32:19 I logger.go:127> Log level is now 4 Error (was 2 Info)
Fortio 1.19.0 running at -1 queries per second, 2->2 procs, for 1m0s: http://asg-1-lb-1882217328.us-east-1.elb.amazonaws.com:3000/?n=20000
Aggregated Function Time : count 97162 avg 0.015439576 +/- 0.005328 min 0.002249399 max 0.104405024 sum 1500.14005
# target 50% 0.015839
# target 75% 0.0188437
# target 90% 0.0237369
# target 99% 0.0299888
# target 99.9% 0.0532918
Sockets used: 25 (for perfect keepalive, would be 25)
Jitter: false
Code 200 : 97162 (100.0 %)
All done 97162 calls (plus 25 warmup) 15.440 ms avg, 1618.9 qps
Successfully wrote 2913 bytes of Json data to 2022-05-30-073219_asg_riwai_3_scaling_2_1.json
fortio exit code: 0
[2022-05-30T07:33:19]==============================[STATS]
jh CPU load avg:
0.04 0.05 0.07 1/165 3923
i-0ed1d9ed8acc0047d
InService
Healthy
{}
[2022-05-30T07:33:20]==============================[SCALING RUN 2: CHUNK 2]==============================
07:33:20 I logger.go:127> Log level is now 4 Error (was 2 Info)
Fortio 1.19.0 running at -1 queries per second, 2->2 procs, for 1m0s: http://asg-1-lb-1882217328.us-east-1.elb.amazonaws.com:3000/?n=20000
Aggregated Function Time : count 98183 avg 0.015278875 +/- 0.004793 min 0.002001615 max 0.236099232 sum 1500.12582
# target 50% 0.0158189
# target 75% 0.018769
# target 90% 0.0232367
# target 99% 0.0296126
# target 99.9% 0.038459
Sockets used: 25 (for perfect keepalive, would be 25)
Jitter: false
Code 200 : 98183 (100.0 %)
All done 98183 calls (plus 25 warmup) 15.279 ms avg, 1636.0 qps
Successfully wrote 2442 bytes of Json data to 2022-05-30-073320_asg_riwai_3_scaling_2_2.json
fortio exit code: 0
[2022-05-30T07:34:20]==============================[STATS]
jh CPU load avg:
0.09 0.06 0.07 1/165 3940
i-0ed1d9ed8acc0047d
InService
Healthy
{}
[2022-05-30T07:34:20]==============================[SCALING RUN 2: CHUNK 3]==============================
07:34:21 I logger.go:127> Log level is now 4 Error (was 2 Info)
Fortio 1.19.0 running at -1 queries per second, 2->2 procs, for 1m0s: http://asg-1-lb-1882217328.us-east-1.elb.amazonaws.com:3000/?n=20000
Aggregated Function Time : count 97658 avg 0.01536112 +/- 0.005227 min 0.002008755 max 0.23679178 sum 1500.13621
# target 50% 0.0159188
# target 75% 0.0189465
# target 90% 0.0240754
# target 99% 0.0298956
# target 99.9% 0.0466967
Sockets used: 25 (for perfect keepalive, would be 25)
Jitter: false
Code 200 : 97658 (100.0 %)
All done 97658 calls (plus 25 warmup) 15.361 ms avg, 1627.2 qps
Successfully wrote 3028 bytes of Json data to 2022-05-30-073421_asg_riwai_3_scaling_2_3.json
fortio exit code: 0
[2022-05-30T07:35:21]==============================[STATS]
jh CPU load avg:
0.06 0.06 0.07 1/163 3958
i-0ed1d9ed8acc0047d
InService
Healthy
{}
[2022-05-30T07:35:21]==============================[SCALING RUN 2: CHUNK 4]==============================
07:35:21 I logger.go:127> Log level is now 4 Error (was 2 Info)
Fortio 1.19.0 running at -1 queries per second, 2->2 procs, for 1m0s: http://asg-1-lb-1882217328.us-east-1.elb.amazonaws.com:3000/?n=20000
Aggregated Function Time : count 97217 avg 0.0154308 +/- 0.00513 min 0.002028289 max 0.095100611 sum 1500.13612
# target 50% 0.0158837
# target 75% 0.0188754
# target 90% 0.0238185
# target 99% 0.0299529
# target 99.9% 0.0462995
Sockets used: 25 (for perfect keepalive, would be 25)
Jitter: false
Code 200 : 97217 (100.0 %)
All done 97217 calls (plus 25 warmup) 15.431 ms avg, 1619.9 qps
Successfully wrote 2916 bytes of Json data to 2022-05-30-073521_asg_riwai_3_scaling_2_4.json
fortio exit code: 0
[2022-05-30T07:36:21]==============================[STATS]
jh CPU load avg:
0.02 0.05 0.07 1/164 3975
i-0ed1d9ed8acc0047d
InService
Healthy
{}
[2022-05-30T07:36:22]==============================[SCALING RUN 2: CHUNK 5]==============================
07:36:22 I logger.go:127> Log level is now 4 Error (was 2 Info)
Fortio 1.19.0 running at -1 queries per second, 2->2 procs, for 1m0s: http://asg-1-lb-1882217328.us-east-1.elb.amazonaws.com:3000/?n=20000
Aggregated Function Time : count 97789 avg 0.015340359 +/- 0.005127 min 0.002012391 max 0.236284779 sum 1500.11839
# target 50% 0.0159696
# target 75% 0.0190137
# target 90% 0.0242416
# target 99% 0.0297744
# target 99.9% 0.0397423
Sockets used: 38 (for perfect keepalive, would be 25)
Jitter: false
Code 200 : 97789 (100.0 %)
All done 97789 calls (plus 25 warmup) 15.340 ms avg, 1629.4 qps
Successfully wrote 2671 bytes of Json data to 2022-05-30-073622_asg_riwai_3_scaling_2_5.json
fortio exit code: 0
[2022-05-30T07:37:22]==============================[STATS]
jh CPU load avg:
0.00 0.04 0.06 1/164 3992
i-0c660310746ff4ee4
InService
Healthy
{}
i-0ed1d9ed8acc0047d
InService
Healthy
{}
[2022-05-30T07:37:23]==============================[SCALING RUN 2: CHUNK 6]==============================
07:37:23 I logger.go:127> Log level is now 4 Error (was 2 Info)
Fortio 1.19.0 running at -1 queries per second, 2->2 procs, for 1m0s: http://asg-1-lb-1882217328.us-east-1.elb.amazonaws.com:3000/?n=20000
Aggregated Function Time : count 97944 avg 0.015316176 +/- 0.004358 min 0.001996869 max 0.070611331 sum 1500.12752
# target 50% 0.015597
# target 75% 0.0184243
# target 90% 0.0210047
# target 99% 0.0294831
# target 99.9% 0.0398022
Sockets used: 25 (for perfect keepalive, would be 25)
Jitter: false
Code 200 : 97944 (100.0 %)
All done 97944 calls (plus 25 warmup) 15.316 ms avg, 1632.0 qps
Successfully wrote 2673 bytes of Json data to 2022-05-30-073723_asg_riwai_3_scaling_2_6.json
fortio exit code: 0
[2022-05-30T07:38:23]==============================[STATS]
jh CPU load avg:
0.16 0.06 0.07 1/164 4008
i-0c660310746ff4ee4
InService
Healthy
{}
i-0ed1d9ed8acc0047d
InService
Healthy
{}
[2022-05-30T07:38:24]==============================[SCALING RUN 2: CHUNK 7]==============================
07:38:24 I logger.go:127> Log level is now 4 Error (was 2 Info)
Fortio 1.19.0 running at -1 queries per second, 2->2 procs, for 1m0s: http://asg-1-lb-1882217328.us-east-1.elb.amazonaws.com:3000/?n=20000
Aggregated Function Time : count 194960 avg 0.0076939115 +/- 0.002914 min 0.001613573 max 0.102911892 sum 1500.00499
# target 50% 0.00696903
# target 75% 0.00964679
# target 90% 0.0154752
# target 99% 0.019686
# target 99.9% 0.0274965
Sockets used: 25 (for perfect keepalive, would be 25)
Jitter: false
Code 200 : 194960 (100.0 %)
All done 194960 calls (plus 25 warmup) 7.694 ms avg, 3248.9 qps
Successfully wrote 2561 bytes of Json data to 2022-05-30-073824_asg_riwai_3_scaling_2_7.json
fortio exit code: 0
[2022-05-30T07:39:24]==============================[STATS]
jh CPU load avg:
0.09 0.06 0.07 1/164 4026
i-0c660310746ff4ee4
InService
Healthy
{}
i-0ed1d9ed8acc0047d
InService
Healthy
{}
[2022-05-30T07:39:24]==============================[SCALING RUN 2: CHUNK 8]==============================
07:39:24 I logger.go:127> Log level is now 4 Error (was 2 Info)
Fortio 1.19.0 running at -1 queries per second, 2->2 procs, for 1m0s: http://asg-1-lb-1882217328.us-east-1.elb.amazonaws.com:3000/?n=20000
Aggregated Function Time : count 195415 avg 0.0076761266 +/- 0.003079 min 0.001536353 max 0.227939121 sum 1500.03027
# target 50% 0.00706042
# target 75% 0.00982249
# target 90% 0.0158395
# target 99% 0.0197635
# target 99.9% 0.0294149
Sockets used: 25 (for perfect keepalive, would be 25)
Jitter: false
Code 200 : 195415 (100.0 %)
All done 195415 calls (plus 25 warmup) 7.676 ms avg, 3256.5 qps
Successfully wrote 2682 bytes of Json data to 2022-05-30-073924_asg_riwai_3_scaling_2_8.json
fortio exit code: 0
[2022-05-30T07:40:24]==============================[STATS]
jh CPU load avg:
0.13 0.08 0.07 1/165 4049
i-0c660310746ff4ee4
InService
Healthy
{}
i-0ed1d9ed8acc0047d
InService
Healthy
{}
[2022-05-30T07:40:25]==============================[SCALING RUN 2: CHUNK 9]==============================
07:40:25 I logger.go:127> Log level is now 4 Error (was 2 Info)
Fortio 1.19.0 running at -1 queries per second, 2->2 procs, for 1m0s: http://asg-1-lb-1882217328.us-east-1.elb.amazonaws.com:3000/?n=20000
Aggregated Function Time : count 196800 avg 0.0076220788 +/- 0.002793 min 0.001610118 max 0.051659533 sum 1500.02511
# target 50% 0.0070285
# target 75% 0.00973772
# target 90% 0.0156402
# target 99% 0.0196754
# target 99.9% 0.0271088
Sockets used: 25 (for perfect keepalive, would be 25)
Jitter: false
Code 200 : 196800 (100.0 %)
All done 196800 calls (plus 25 warmup) 7.622 ms avg, 3279.5 qps
Successfully wrote 2447 bytes of Json data to 2022-05-30-074025_asg_riwai_3_scaling_2_9.json
fortio exit code: 0
[2022-05-30T07:41:25]==============================[STATS]
jh CPU load avg:
0.13 0.08 0.07 1/164 4066
i-0c660310746ff4ee4
InService
Healthy
{}
i-0ed1d9ed8acc0047d
InService
Healthy
{}
[2022-05-30T07:41:26]==============================[SCALING RUN 2: CHUNK 10]==============================
07:41:26 I logger.go:127> Log level is now 4 Error (was 2 Info)
Fortio 1.19.0 running at -1 queries per second, 2->2 procs, for 1m0s: http://asg-1-lb-1882217328.us-east-1.elb.amazonaws.com:3000/?n=20000
Aggregated Function Time : count 195662 avg 0.0076662567 +/- 0.002948 min 0.001641136 max 0.212654955 sum 1499.99512
# target 50% 0.00706909
# target 75% 0.00978309
# target 90% 0.0157452
# target 99% 0.0197221
# target 99.9% 0.0280354
Sockets used: 25 (for perfect keepalive, would be 25)
Jitter: false
Code 200 : 195662 (100.0 %)
All done 195662 calls (plus 25 warmup) 7.666 ms avg, 3260.6 qps
Successfully wrote 2446 bytes of Json data to 2022-05-30-074126_asg_riwai_3_scaling_2_10.json
fortio exit code: 0
[2022-05-30T07:42:26]==============================[STATS]
jh CPU load avg:
0.15 0.10 0.08 1/165 4084
i-0c660310746ff4ee4
InService
Healthy
{}
i-0ed1d9ed8acc0047d
InService
Healthy
{}
[2022-05-30T07:42:26]==============================[SCALING RUN 2: CHUNK 11]==============================
07:42:26 I logger.go:127> Log level is now 4 Error (was 2 Info)
Fortio 1.19.0 running at -1 queries per second, 2->2 procs, for 1m0s: http://asg-1-lb-1882217328.us-east-1.elb.amazonaws.com:3000/?n=20000
Aggregated Function Time : count 196573 avg 0.0076308009 +/- 0.003063 min 0.001628846 max 0.218616768 sum 1500.00943
# target 50% 0.00705429
# target 75% 0.00976704
# target 90% 0.0157372
# target 99% 0.0197546
# target 99.9% 0.0286377
Sockets used: 25 (for perfect keepalive, would be 25)
Jitter: false
Code 200 : 196573 (100.0 %)
All done 196573 calls (plus 25 warmup) 7.631 ms avg, 3275.8 qps
Successfully wrote 2560 bytes of Json data to 2022-05-30-074226_asg_riwai_3_scaling_2_11.json
fortio exit code: 0
[2022-05-30T07:43:26]==============================[STATS]
jh CPU load avg:
0.19 0.13 0.09 1/165 4101
i-0c660310746ff4ee4
InService
Healthy
{}
i-0e4455f4dc213116e
InService
Healthy
{}
i-0ed1d9ed8acc0047d
InService
Healthy
{}
[2022-05-30T07:43:27]==============================[SCALING RUN 2: CHUNK 12]==============================
07:43:27 I logger.go:127> Log level is now 4 Error (was 2 Info)
Fortio 1.19.0 running at -1 queries per second, 2->2 procs, for 1m0s: http://asg-1-lb-1882217328.us-east-1.elb.amazonaws.com:3000/?n=20000
Aggregated Function Time : count 293771 avg 0.0051059051 +/- 0.002613 min 0.00142418 max 0.222130779 sum 1499.96685
# target 50% 0.00605338
# target 75% 0.00836799
# target 90% 0.00975676
# target 99% 0.0187976
# target 99.9% 0.0225594
Sockets used: 25 (for perfect keepalive, would be 25)
Jitter: false
Code 200 : 293771 (100.0 %)
All done 293771 calls (plus 25 warmup) 5.106 ms avg, 4895.7 qps
Successfully wrote 2680 bytes of Json data to 2022-05-30-074327_asg_riwai_3_scaling_2_12.json
fortio exit code: 0
[2022-05-30T07:44:27]==============================[STATS]
jh CPU load avg:
0.12 0.12 0.09 1/165 4118
i-0c660310746ff4ee4
InService
Healthy
{}
i-0e4455f4dc213116e
InService
Healthy
{}
i-0ed1d9ed8acc0047d
InService
Healthy
{}
[2022-05-30T07:44:28]==============================[SCALING RUN 2: CHUNK 13]==============================
07:44:28 I logger.go:127> Log level is now 4 Error (was 2 Info)
Fortio 1.19.0 running at -1 queries per second, 2->2 procs, for 1m0s: http://asg-1-lb-1882217328.us-east-1.elb.amazonaws.com:3000/?n=20000
Aggregated Function Time : count 292471 avg 0.0051286181 +/- 0.003359 min 0.001499574 max 0.225627463 sum 1499.97206
# target 50% 0.00607042
# target 75% 0.00835586
# target 90% 0.00972712
# target 99% 0.0188926
# target 99.9% 0.0286068
Sockets used: 25 (for perfect keepalive, would be 25)
Jitter: false
Code 200 : 292471 (100.0 %)
All done 292471 calls (plus 25 warmup) 5.129 ms avg, 4873.9 qps
Successfully wrote 3277 bytes of Json data to 2022-05-30-074428_asg_riwai_3_scaling_2_13.json
fortio exit code: 0
[2022-05-30T07:45:28]==============================[STATS]
jh CPU load avg:
0.54 0.22 0.13 3/169 22167
i-0c660310746ff4ee4
InService
Healthy
{}
i-0e4455f4dc213116e
InService
Healthy
{}
i-0ed1d9ed8acc0047d
InService
Healthy
{}
[2022-05-30T07:45:28]==============================[SCALING RUN 2: CHUNK 14]==============================
07:45:28 I logger.go:127> Log level is now 4 Error (was 2 Info)
Fortio 1.19.0 running at -1 queries per second, 2->2 procs, for 1m0s: http://asg-1-lb-1882217328.us-east-1.elb.amazonaws.com:3000/?n=20000
Aggregated Function Time : count 295045 avg 0.005083864 +/- 0.002843 min 0.001529554 max 0.208090504 sum 1499.96866
# target 50% 0.00608271
# target 75% 0.0083593
# target 90% 0.00972526
# target 99% 0.0187164
# target 99.9% 0.0218714
Sockets used: 25 (for perfect keepalive, would be 25)
Jitter: false
Code 200 : 295045 (100.0 %)
All done 295045 calls (plus 25 warmup) 5.084 ms avg, 4916.8 qps
Successfully wrote 2680 bytes of Json data to 2022-05-30-074529_asg_riwai_3_scaling_2_14.json
fortio exit code: 0
[2022-05-30T07:46:29]==============================[STATS]
jh CPU load avg:
0.50 0.28 0.16 1/164 1164
i-0c660310746ff4ee4
InService
Healthy
{}
i-0e4455f4dc213116e
InService
Healthy
{}
i-0ed1d9ed8acc0047d
InService
Healthy
{}
[2022-05-30T07:46:29]==============================[SCALING RUN 3: INIT]==============================
{
    "Alarms": [
        {
            "AlarmName": "TargetTracking-asg-1-myASG-AlarmHigh-11f94a35-d57c-46b1-84df-3199fd4bc28a", 
            "AlarmARN": "arn:aws:cloudwatch:us-east-1:921565885029:alarm:TargetTracking-asg-1-myASG-AlarmHigh-11f94a35-d57c-46b1-84df-3199fd4bc28a"
        }, 
        {
            "AlarmName": "TargetTracking-asg-1-myASG-AlarmLow-2d09e837-169f-4fa3-8ad9-8e7353d64d6d", 
            "AlarmARN": "arn:aws:cloudwatch:us-east-1:921565885029:alarm:TargetTracking-asg-1-myASG-AlarmLow-2d09e837-169f-4fa3-8ad9-8e7353d64d6d"
        }
    ], 
    "PolicyARN": "arn:aws:autoscaling:us-east-1:921565885029:scalingPolicy:042025e5-b556-40cb-a725-39deea9f4ce0:autoScalingGroupName/asg-1-myASG:policyName/asg-1-AppServerSP-1TVS2F4D74IRQ"
}
scaling to 1
[2022-05-30T07:46:31]==============================[SCALING RUN 3: ENABLE SCALING - SLEEP]==============================
{
    "Alarms": [
        {
            "AlarmName": "TargetTracking-asg-1-myASG-AlarmHigh-83d32947-1080-42cd-b515-e20b300974e6", 
            "AlarmARN": "arn:aws:cloudwatch:us-east-1:921565885029:alarm:TargetTracking-asg-1-myASG-AlarmHigh-83d32947-1080-42cd-b515-e20b300974e6"
        }, 
        {
            "AlarmName": "TargetTracking-asg-1-myASG-AlarmLow-45324041-66f4-4347-a58b-b9cf56da8fdc", 
            "AlarmARN": "arn:aws:cloudwatch:us-east-1:921565885029:alarm:TargetTracking-asg-1-myASG-AlarmLow-45324041-66f4-4347-a58b-b9cf56da8fdc"
        }
    ], 
    "PolicyARN": "arn:aws:autoscaling:us-east-1:921565885029:scalingPolicy:042025e5-b556-40cb-a725-39deea9f4ce0:autoScalingGroupName/asg-1-myASG:policyName/asg-1-AppServerSP-1TVS2F4D74IRQ"
}
[2022-05-30T07:49:32]==============================[SCALING RUN 3: FORTIO]==============================
[2022-05-30T07:49:32]==============================[STATS]
jh CPU load avg:
0.02 0.16 0.13 1/164 1195
i-0e4455f4dc213116e
InService
Healthy
{}
[2022-05-30T07:49:33]==============================[SCALING RUN 3: CHUNK 1]==============================
07:49:33 I logger.go:127> Log level is now 4 Error (was 2 Info)
Fortio 1.19.0 running at -1 queries per second, 2->2 procs, for 1m0s: http://asg-1-lb-1882217328.us-east-1.elb.amazonaws.com:3000/?n=20000
Aggregated Function Time : count 97510 avg 0.015384425 +/- 0.005015 min 0.002584046 max 0.076397117 sum 1500.13526
# target 50% 0.0158256
# target 75% 0.0188131
# target 90% 0.0235667
# target 99% 0.0299018
# target 99.9% 0.0442402
Sockets used: 25 (for perfect keepalive, would be 25)
Jitter: false
Code 200 : 97510 (100.0 %)
All done 97510 calls (plus 25 warmup) 15.384 ms avg, 1624.8 qps
Successfully wrote 2676 bytes of Json data to 2022-05-30-074933_asg_riwai_3_scaling_3_1.json
fortio exit code: 0
[2022-05-30T07:50:33]==============================[STATS]
jh CPU load avg:
0.01 0.12 0.11 1/165 1221
i-0e4455f4dc213116e
InService
Healthy
{}
[2022-05-30T07:50:34]==============================[SCALING RUN 3: CHUNK 2]==============================
07:50:34 I logger.go:127> Log level is now 4 Error (was 2 Info)
Fortio 1.19.0 running at -1 queries per second, 2->2 procs, for 1m0s: http://asg-1-lb-1882217328.us-east-1.elb.amazonaws.com:3000/?n=20000
Aggregated Function Time : count 99060 avg 0.015143548 +/- 0.00488 min 0.001966364 max 0.132289682 sum 1500.11983
# target 50% 0.0157992
# target 75% 0.0187538
# target 90% 0.023181
# target 99% 0.0296061
# target 99.9% 0.0384544
Sockets used: 25 (for perfect keepalive, would be 25)
Jitter: false
Code 200 : 99060 (100.0 %)
All done 99060 calls (plus 25 warmup) 15.144 ms avg, 1650.6 qps
Successfully wrote 2560 bytes of Json data to 2022-05-30-075034_asg_riwai_3_scaling_3_2.json
fortio exit code: 0
[2022-05-30T07:51:34]==============================[STATS]
jh CPU load avg:
0.00 0.10 0.10 1/165 1238
i-0e4455f4dc213116e
InService
Healthy
{}
[2022-05-30T07:51:35]==============================[SCALING RUN 3: CHUNK 3]==============================
07:51:35 I logger.go:127> Log level is now 4 Error (was 2 Info)
Fortio 1.19.0 running at -1 queries per second, 2->2 procs, for 1m0s: http://asg-1-lb-1882217328.us-east-1.elb.amazonaws.com:3000/?n=20000
Aggregated Function Time : count 99029 avg 0.015148363 +/- 0.004924 min 0.002164826 max 0.071649215 sum 1500.12728
# target 50% 0.0157986
# target 75% 0.0187784
# target 90% 0.0233491
# target 99% 0.029693
# target 99.9% 0.0416626
Sockets used: 25 (for perfect keepalive, would be 25)
Jitter: false
Code 200 : 99029 (100.0 %)
All done 99029 calls (plus 25 warmup) 15.148 ms avg, 1650.1 qps
Successfully wrote 2677 bytes of Json data to 2022-05-30-075135_asg_riwai_3_scaling_3_3.json
fortio exit code: 0
[2022-05-30T07:52:35]==============================[STATS]
jh CPU load avg:
0.00 0.08 0.09 1/163 1305
i-0e4455f4dc213116e
InService
Healthy
{}
[2022-05-30T07:52:35]==============================[SCALING RUN 3: CHUNK 4]==============================
07:52:35 I logger.go:127> Log level is now 4 Error (was 2 Info)
Fortio 1.19.0 running at -1 queries per second, 2->2 procs, for 1m0s: http://asg-1-lb-1882217328.us-east-1.elb.amazonaws.com:3000/?n=20000
Aggregated Function Time : count 99085 avg 0.015139669 +/- 0.00474 min 0.00219043 max 0.049626659 sum 1500.11414
# target 50% 0.0158064
# target 75% 0.0187695
# target 90% 0.0232645
# target 99% 0.0296256
# target 99.9% 0.0384738
Sockets used: 25 (for perfect keepalive, would be 25)
Jitter: false
Code 200 : 99085 (100.0 %)
All done 99085 calls (plus 25 warmup) 15.140 ms avg, 1651.0 qps
Successfully wrote 2318 bytes of Json data to 2022-05-30-075236_asg_riwai_3_scaling_3_4.json
fortio exit code: 0
[2022-05-30T07:53:36]==============================[STATS]
jh CPU load avg:
0.00 0.06 0.08 1/165 1324
i-0e4455f4dc213116e
InService
Healthy
{}
[2022-05-30T07:53:37]==============================[SCALING RUN 3: CHUNK 5]==============================
07:53:37 I logger.go:127> Log level is now 4 Error (was 2 Info)
Fortio 1.19.0 running at -1 queries per second, 2->2 procs, for 1m0s: http://asg-1-lb-1882217328.us-east-1.elb.amazonaws.com:3000/?n=20000
Aggregated Function Time : count 97688 avg 0.015356261 +/- 0.004933 min 0.002327957 max 0.06683969 sum 1500.12244
# target 50% 0.0158536
# target 75% 0.0188474
# target 90% 0.0236457
# target 99% 0.0297495
# target 99.9% 0.0397062
Sockets used: 37 (for perfect keepalive, would be 25)
Jitter: false
Code 200 : 97688 (100.0 %)
All done 97688 calls (plus 25 warmup) 15.356 ms avg, 1627.7 qps
Successfully wrote 2558 bytes of Json data to 2022-05-30-075337_asg_riwai_3_scaling_3_5.json
fortio exit code: 0
[2022-05-30T07:54:37]==============================[STATS]
jh CPU load avg:
0.03 0.06 0.08 1/165 1342
i-0bb0aa35a78feb70f
InService
Healthy
{}
i-0e4455f4dc213116e
InService
Healthy
{}
[2022-05-30T07:54:37]==============================[SCALING RUN 3: CHUNK 6]==============================
07:54:37 I logger.go:127> Log level is now 4 Error (was 2 Info)
Fortio 1.19.0 running at -1 queries per second, 2->2 procs, for 1m0s: http://asg-1-lb-1882217328.us-east-1.elb.amazonaws.com:3000/?n=20000
Aggregated Function Time : count 96531 avg 0.015540437 +/- 0.005332 min 0.002485099 max 0.240071124 sum 1500.13394
# target 50% 0.016153
# target 75% 0.0193022
# target 90% 0.0250247
# target 99% 0.029805
# target 99.9% 0.0387495
Sockets used: 25 (for perfect keepalive, would be 25)
Jitter: false
Code 200 : 96531 (100.0 %)
All done 96531 calls (plus 25 warmup) 15.540 ms avg, 1608.4 qps
Successfully wrote 2559 bytes of Json data to 2022-05-30-075437_asg_riwai_3_scaling_3_6.json
fortio exit code: 0
[2022-05-30T07:55:37]==============================[STATS]
jh CPU load avg:
0.07 0.06 0.08 1/164 1359
i-0bb0aa35a78feb70f
InService
Healthy
{}
i-0e4455f4dc213116e
InService
Healthy
{}
[2022-05-30T07:55:38]==============================[SCALING RUN 3: CHUNK 7]==============================
07:55:38 I logger.go:127> Log level is now 4 Error (was 2 Info)
Fortio 1.19.0 running at -1 queries per second, 2->2 procs, for 1m0s: http://asg-1-lb-1882217328.us-east-1.elb.amazonaws.com:3000/?n=20000
Aggregated Function Time : count 194884 avg 0.007696962 +/- 0.00335 min 0.001632915 max 0.172607477 sum 1500.01475
# target 50% 0.00705212
# target 75% 0.00976174
# target 90% 0.0157113
# target 99% 0.0197265
# target 99.9% 0.0291359
Sockets used: 25 (for perfect keepalive, would be 25)
Jitter: false
Code 200 : 194884 (100.0 %)
All done 194884 calls (plus 25 warmup) 7.697 ms avg, 3247.7 qps
Successfully wrote 3040 bytes of Json data to 2022-05-30-075538_asg_riwai_3_scaling_3_7.json
fortio exit code: 0
[2022-05-30T07:56:38]==============================[STATS]
jh CPU load avg:
0.10 0.08 0.09 1/164 1376
i-0bb0aa35a78feb70f
InService
Healthy
{}
i-0e4455f4dc213116e
InService
Healthy
{}
[2022-05-30T07:56:39]==============================[SCALING RUN 3: CHUNK 8]==============================
07:56:39 I logger.go:127> Log level is now 4 Error (was 2 Info)
Fortio 1.19.0 running at -1 queries per second, 2->2 procs, for 1m0s: http://asg-1-lb-1882217328.us-east-1.elb.amazonaws.com:3000/?n=20000
Aggregated Function Time : count 196958 avg 0.0076159052 +/- 0.002813 min 0.001631376 max 0.072759474 sum 1500.01346
# target 50% 0.00696631
# target 75% 0.00963381
# target 90% 0.0154398
# target 99% 0.0196721
# target 99.9% 0.0272818
Sockets used: 25 (for perfect keepalive, would be 25)
Jitter: false
Code 200 : 196958 (100.0 %)
All done 196958 calls (plus 25 warmup) 7.616 ms avg, 3282.2 qps
Successfully wrote 2566 bytes of Json data to 2022-05-30-075639_asg_riwai_3_scaling_3_8.json
fortio exit code: 0
[2022-05-30T07:57:39]==============================[STATS]
jh CPU load avg:
0.13 0.09 0.09 1/164 1393
i-0bb0aa35a78feb70f
InService
Healthy
{}
i-0e4455f4dc213116e
InService
Healthy
{}
[2022-05-30T07:57:39]==============================[SCALING RUN 3: CHUNK 9]==============================
07:57:39 I logger.go:127> Log level is now 4 Error (was 2 Info)
Fortio 1.19.0 running at -1 queries per second, 2->2 procs, for 1m0s: http://asg-1-lb-1882217328.us-east-1.elb.amazonaws.com:3000/?n=20000
Aggregated Function Time : count 196975 avg 0.0076152419 +/- 0.003017 min 0.0016055 max 0.226009734 sum 1500.01227
# target 50% 0.00700896
# target 75% 0.00971071
# target 90% 0.0156061
# target 99% 0.0197005
# target 99.9% 0.028655
Sockets used: 25 (for perfect keepalive, would be 25)
Jitter: false
Code 200 : 196975 (100.0 %)
All done 196975 calls (plus 25 warmup) 7.615 ms avg, 3282.5 qps
Successfully wrote 2907 bytes of Json data to 2022-05-30-075739_asg_riwai_3_scaling_3_9.json
fortio exit code: 0
[2022-05-30T07:58:39]==============================[STATS]
jh CPU load avg:
0.12 0.10 0.09 1/164 1411
i-0bb0aa35a78feb70f
InService
Healthy
{}
i-0e4455f4dc213116e
InService
Healthy
{}
[2022-05-30T07:58:40]==============================[SCALING RUN 3: CHUNK 10]==============================
07:58:40 I logger.go:127> Log level is now 4 Error (was 2 Info)
Fortio 1.19.0 running at -1 queries per second, 2->2 procs, for 1m0s: http://asg-1-lb-1882217328.us-east-1.elb.amazonaws.com:3000/?n=20000
Aggregated Function Time : count 197574 avg 0.00759214 +/- 0.002874 min 0.001611959 max 0.227715308 sum 1500.00947
# target 50% 0.006939
# target 75% 0.00960255
# target 90% 0.0153606
# target 99% 0.0196416
# target 99.9% 0.0261843
Sockets used: 25 (for perfect keepalive, would be 25)
Jitter: false
Code 200 : 197574 (100.0 %)
All done 197574 calls (plus 25 warmup) 7.592 ms avg, 3292.5 qps
Successfully wrote 2325 bytes of Json data to 2022-05-30-075840_asg_riwai_3_scaling_3_10.json
fortio exit code: 0
[2022-05-30T07:59:40]==============================[STATS]
jh CPU load avg:
0.08 0.10 0.09 1/164 1429
i-0bb0aa35a78feb70f
InService
Healthy
{}
i-0e4455f4dc213116e
InService
Healthy
{}
[2022-05-30T07:59:41]==============================[SCALING RUN 3: CHUNK 11]==============================
07:59:41 I logger.go:127> Log level is now 4 Error (was 2 Info)
Fortio 1.19.0 running at -1 queries per second, 2->2 procs, for 1m0s: http://asg-1-lb-1882217328.us-east-1.elb.amazonaws.com:3000/?n=20000
Aggregated Function Time : count 195891 avg 0.0076574159 +/- 0.003026 min 0.001565264 max 0.210498085 sum 1500.01885
# target 50% 0.00697428
# target 75% 0.00967882
# target 90% 0.0155754
# target 99% 0.0197462
# target 99.9% 0.0287689
Sockets used: 25 (for perfect keepalive, would be 25)
Jitter: false
Code 200 : 195891 (100.0 %)
All done 195891 calls (plus 25 warmup) 7.657 ms avg, 3264.5 qps
Successfully wrote 2800 bytes of Json data to 2022-05-30-075941_asg_riwai_3_scaling_3_11.json
fortio exit code: 0
[2022-05-30T08:00:41]==============================[STATS]
jh CPU load avg:
0.40 0.17 0.11 1/165 1452
i-05661ebe0bb3de406
InService
Healthy
{}
i-0bb0aa35a78feb70f
InService
Healthy
{}
i-0e4455f4dc213116e
InService
Healthy
{}
[2022-05-30T08:00:41]==============================[SCALING RUN 3: CHUNK 12]==============================
08:00:41 I logger.go:127> Log level is now 4 Error (was 2 Info)
Fortio 1.19.0 running at -1 queries per second, 2->2 procs, for 1m0s: http://asg-1-lb-1882217328.us-east-1.elb.amazonaws.com:3000/?n=20000
Aggregated Function Time : count 197804 avg 0.0075833191 +/- 0.003013 min 0.001552413 max 0.227835593 sum 1500.01085
# target 50% 0.00700793
# target 75% 0.00973572
# target 90% 0.0156446
# target 99% 0.0196835
# target 99.9% 0.0277975
Sockets used: 25 (for perfect keepalive, would be 25)
Jitter: false
Code 200 : 197804 (100.0 %)
All done 197804 calls (plus 25 warmup) 7.583 ms avg, 3296.3 qps
Successfully wrote 2795 bytes of Json data to 2022-05-30-080042_asg_riwai_3_scaling_3_12.json
fortio exit code: 0
[2022-05-30T08:01:42]==============================[STATS]
jh CPU load avg:
0.32 0.18 0.12 1/166 1482
i-05661ebe0bb3de406
InService
Healthy
{}
i-0bb0aa35a78feb70f
InService
Healthy
{}
i-0e4455f4dc213116e
InService
Healthy
{}
[2022-05-30T08:01:42]==============================[SCALING RUN 3: CHUNK 13]==============================
08:01:42 I logger.go:127> Log level is now 4 Error (was 2 Info)
Fortio 1.19.0 running at -1 queries per second, 2->2 procs, for 1m0s: http://asg-1-lb-1882217328.us-east-1.elb.amazonaws.com:3000/?n=20000
Aggregated Function Time : count 254071 avg 0.0059037781 +/- 0.003053 min 0.001491855 max 0.215192497 sum 1499.9788
# target 50% 0.0063903
# target 75% 0.00883955
# target 90% 0.0124295
# target 99% 0.01936
# target 99.9% 0.0252531
Sockets used: 25 (for perfect keepalive, would be 25)
Jitter: false
Code 200 : 254071 (100.0 %)
All done 254071 calls (plus 25 warmup) 5.904 ms avg, 4234.0 qps
Successfully wrote 2799 bytes of Json data to 2022-05-30-080142_asg_riwai_3_scaling_3_13.json
fortio exit code: 0
[2022-05-30T08:02:42]==============================[STATS]
jh CPU load avg:
0.19 0.18 0.12 1/166 1499
i-05661ebe0bb3de406
InService
Healthy
{}
i-0bb0aa35a78feb70f
InService
Healthy
{}
i-0e4455f4dc213116e
InService
Healthy
{}
[2022-05-30T08:02:43]==============================[SCALING RUN 3: CHUNK 14]==============================
08:02:43 I logger.go:127> Log level is now 4 Error (was 2 Info)
Fortio 1.19.0 running at -1 queries per second, 2->2 procs, for 1m0s: http://asg-1-lb-1882217328.us-east-1.elb.amazonaws.com:3000/?n=20000
Aggregated Function Time : count 254409 avg 0.0058959665 +/- 0.003122 min 0.001548142 max 0.226839848 sum 1499.98693
# target 50% 0.00626731
# target 75% 0.00862691
# target 90% 0.0104401
# target 99% 0.0192017
# target 99.9% 0.0254147
Sockets used: 25 (for perfect keepalive, would be 25)
Jitter: false
Code 200 : 254409 (100.0 %)
All done 254409 calls (plus 25 warmup) 5.896 ms avg, 4239.7 qps
Successfully wrote 2564 bytes of Json data to 2022-05-30-080243_asg_riwai_3_scaling_3_14.json
fortio exit code: 0
[2022-05-30T08:03:43]==============================[STATS]
jh CPU load avg:
0.07 0.14 0.11 1/166 1516
i-05661ebe0bb3de406
InService
Healthy
{}
i-0bb0aa35a78feb70f
InService
Healthy
{}
i-0e4455f4dc213116e
InService
Healthy
{}
[2022-05-30T08:07:45]==============================[GET DATA]==============================
2022-05-30T06:15:28..2022-05-30T08:07:45
asg-1-myASG
asg-1-lb
36K alb_data.json
24K asg_data.json
[2022-05-30T08:07:45]==============================[UPLOAD /2022.05.30_06-14_asg_riwai_3_d071]==============================
Warning: Permanently added '35.185.210.97' (ECDSA) to the list of known hosts.
