2022-05-29T10:05:15
NAME                             CPU(cores)   CPU%   MEMORY(bytes)   MEMORY%   
ip-192-168-17-173.ec2.internal   55m          2%     1062Mi          31%       
2022-05-29T10:06:16
NAME                             CPU(cores)   CPU%   MEMORY(bytes)   MEMORY%     
ip-192-168-17-173.ec2.internal   55m          2%     936Mi           28%         
ip-192-168-36-161.ec2.internal   <unknown>                           <unknown>               <unknown>               <unknown>               
2022-05-29T10:07:18
NAME                             CPU(cores)   CPU%   MEMORY(bytes)   MEMORY%   
ip-192-168-14-115.ec2.internal   33m          1%     450Mi           13%       
ip-192-168-17-173.ec2.internal   1062m        55%    643Mi           19%       
ip-192-168-36-161.ec2.internal   38m          1%     449Mi           13%       
2022-05-29T10:08:20
NAME                             CPU(cores)   CPU%   MEMORY(bytes)   MEMORY%   
ip-192-168-14-115.ec2.internal   41m          2%     452Mi           13%       
ip-192-168-17-173.ec2.internal   990m         51%    645Mi           19%       
ip-192-168-36-161.ec2.internal   46m          2%     493Mi           14%       
2022-05-29T10:09:21
NAME                             CPU(cores)   CPU%   MEMORY(bytes)   MEMORY%   
ip-192-168-14-115.ec2.internal   36m          1%     454Mi           13%       
ip-192-168-17-173.ec2.internal   56m          2%     644Mi           19%       
ip-192-168-36-161.ec2.internal   48m          2%     496Mi           14%       
2022-05-29T10:10:23
NAME                             CPU(cores)   CPU%   MEMORY(bytes)   MEMORY%   
ip-192-168-14-115.ec2.internal   496m         25%    549Mi           16%       
ip-192-168-17-173.ec2.internal   1065m        55%    644Mi           19%       
ip-192-168-36-161.ec2.internal   963m         49%    593Mi           17%       
2022-05-29T10:11:25
NAME                             CPU(cores)   CPU%   MEMORY(bytes)   MEMORY%   
ip-192-168-14-115.ec2.internal   46m          2%     538Mi           16%       
ip-192-168-17-173.ec2.internal   56m          2%     645Mi           19%       
ip-192-168-36-161.ec2.internal   50m          2%     587Mi           17%       
2022-05-29T10:12:27
NAME                             CPU(cores)   CPU%   MEMORY(bytes)   MEMORY%   
ip-192-168-14-115.ec2.internal   1047m        54%    586Mi           17%       
ip-192-168-17-173.ec2.internal   1056m        54%    646Mi           19%       
ip-192-168-36-161.ec2.internal   1507m        78%    632Mi           19%       
2022-05-29T10:13:28
NAME                             CPU(cores)   CPU%   MEMORY(bytes)   MEMORY%   
ip-192-168-14-115.ec2.internal   1047m        54%    587Mi           17%       
ip-192-168-17-173.ec2.internal   1063m        55%    683Mi           20%       
ip-192-168-36-161.ec2.internal   1257m        65%    633Mi           19%       
2022-05-29T10:14:30
NAME                             CPU(cores)   CPU%   MEMORY(bytes)   MEMORY%   
ip-192-168-14-115.ec2.internal   44m          2%     588Mi           17%       
ip-192-168-17-173.ec2.internal   58m          3%     684Mi           20%       
ip-192-168-36-161.ec2.internal   47m          2%     633Mi           19%       
2022-05-29T10:15:32
NAME                             CPU(cores)   CPU%   MEMORY(bytes)   MEMORY%   
ip-192-168-14-115.ec2.internal   1933m        100%   631Mi           18%       
ip-192-168-17-173.ec2.internal   1988m        103%   730Mi           21%       
ip-192-168-36-161.ec2.internal   1851m        95%    631Mi           18%       
2022-05-29T10:16:34
NAME                             CPU(cores)   CPU%   MEMORY(bytes)   MEMORY%   
ip-192-168-14-115.ec2.internal   50m          2%     631Mi           18%       
ip-192-168-17-173.ec2.internal   63m          3%     749Mi           22%       
ip-192-168-36-161.ec2.internal   47m          2%     633Mi           19%       
2022-05-29T10:17:35
NAME                             CPU(cores)   CPU%   MEMORY(bytes)   MEMORY%   
ip-192-168-14-115.ec2.internal   1993m        103%   634Mi           19%       
ip-192-168-17-173.ec2.internal   942m         48%    749Mi           22%       
ip-192-168-36-161.ec2.internal   1925m        99%    632Mi           18%       
2022-05-29T10:18:37
NAME                             CPU(cores)   CPU%   MEMORY(bytes)   MEMORY%   
ip-192-168-14-115.ec2.internal   1995m        103%   635Mi           19%       
ip-192-168-17-173.ec2.internal   1048m        54%    708Mi           21%       
ip-192-168-36-161.ec2.internal   1925m        99%    633Mi           19%       
2022-05-29T10:19:39
NAME                             CPU(cores)   CPU%   MEMORY(bytes)   MEMORY%   
ip-192-168-14-115.ec2.internal   41m          2%     636Mi           19%       
ip-192-168-17-173.ec2.internal   59m          3%     706Mi           21%       
ip-192-168-36-161.ec2.internal   46m          2%     634Mi           19%       
2022-05-29T10:20:40
NAME                             CPU(cores)   CPU%   MEMORY(bytes)   MEMORY%   
ip-192-168-14-115.ec2.internal   1956m        101%   658Mi           19%       
ip-192-168-17-173.ec2.internal   1996m        103%   748Mi           22%       
ip-192-168-36-161.ec2.internal   1689m        87%    652Mi           19%       
2022-05-29T10:21:42
NAME                             CPU(cores)   CPU%   MEMORY(bytes)   MEMORY%   
ip-192-168-14-115.ec2.internal   42m          2%     651Mi           19%       
ip-192-168-17-173.ec2.internal   60m          3%     748Mi           22%       
ip-192-168-36-161.ec2.internal   43m          2%     651Mi           19%       
2022-05-29T10:22:44
NAME                             CPU(cores)   CPU%   MEMORY(bytes)   MEMORY%   
ip-192-168-14-115.ec2.internal   1043m        54%    653Mi           19%       
ip-192-168-17-173.ec2.internal   1995m        103%   752Mi           22%       
ip-192-168-36-161.ec2.internal   1993m        103%   653Mi           19%       
2022-05-29T10:23:46
NAME                             CPU(cores)   CPU%   MEMORY(bytes)   MEMORY%   
ip-192-168-14-115.ec2.internal   1050m        54%    613Mi           18%       
ip-192-168-17-173.ec2.internal   1999m        103%   751Mi           22%       
ip-192-168-36-161.ec2.internal   1997m        103%   655Mi           19%       
2022-05-29T10:24:48
NAME                             CPU(cores)   CPU%   MEMORY(bytes)   MEMORY%   
ip-192-168-14-115.ec2.internal   40m          2%     614Mi           18%       
ip-192-168-17-173.ec2.internal   62m          3%     752Mi           22%       
ip-192-168-36-161.ec2.internal   45m          2%     653Mi           19%       
2022-05-29T10:25:50
NAME                             CPU(cores)   CPU%   MEMORY(bytes)   MEMORY%   
ip-192-168-14-115.ec2.internal   1998m        103%   657Mi           19%       
ip-192-168-17-173.ec2.internal   1991m        103%   750Mi           22%       
ip-192-168-36-161.ec2.internal   1953m        101%   654Mi           19%       
2022-05-29T10:26:51
NAME                             CPU(cores)   CPU%   MEMORY(bytes)   MEMORY%   
ip-192-168-14-115.ec2.internal   286m         14%    654Mi           19%       
ip-192-168-17-173.ec2.internal   56m          2%     751Mi           22%       
ip-192-168-36-161.ec2.internal   677m         35%    652Mi           19%       
2022-05-29T10:27:53
NAME                             CPU(cores)   CPU%   MEMORY(bytes)   MEMORY%   
ip-192-168-14-115.ec2.internal   581m         30%    650Mi           19%       
ip-192-168-17-173.ec2.internal   882m         45%    746Mi           22%       
ip-192-168-36-161.ec2.internal   755m         39%    653Mi           19%       
2022-05-29T10:28:55
NAME                             CPU(cores)   CPU%   MEMORY(bytes)   MEMORY%   
ip-192-168-14-115.ec2.internal   1983m        102%   654Mi           19%       
ip-192-168-17-173.ec2.internal   1991m        103%   750Mi           22%       
ip-192-168-36-161.ec2.internal   1973m        102%   654Mi           19%       
2022-05-29T10:29:57
NAME                             CPU(cores)   CPU%   MEMORY(bytes)   MEMORY%   
ip-192-168-14-115.ec2.internal   40m          2%     654Mi           19%       
ip-192-168-17-173.ec2.internal   62m          3%     750Mi           22%       
ip-192-168-36-161.ec2.internal   45m          2%     653Mi           19%       
2022-05-29T10:30:58
NAME                             CPU(cores)   CPU%   MEMORY(bytes)   MEMORY%   
ip-192-168-14-115.ec2.internal   1560m        80%    652Mi           19%       
ip-192-168-17-173.ec2.internal   1977m        102%   750Mi           22%       
ip-192-168-36-161.ec2.internal   1997m        103%   654Mi           19%       
2022-05-29T10:32:00
NAME                             CPU(cores)   CPU%   MEMORY(bytes)   MEMORY%   
ip-192-168-14-115.ec2.internal   408m         21%    654Mi           19%       
ip-192-168-17-173.ec2.internal   355m         18%    749Mi           22%       
ip-192-168-36-161.ec2.internal   84m          4%     654Mi           19%       
2022-05-29T10:33:02
NAME                             CPU(cores)   CPU%   MEMORY(bytes)   MEMORY%   
ip-192-168-14-115.ec2.internal   728m         37%    654Mi           19%       
ip-192-168-17-173.ec2.internal   1087m        56%    753Mi           22%       
ip-192-168-36-161.ec2.internal   744m         38%    658Mi           19%       
2022-05-29T10:34:04
NAME                             CPU(cores)   CPU%   MEMORY(bytes)   MEMORY%   
ip-192-168-14-115.ec2.internal   1580m        81%    655Mi           19%       
ip-192-168-17-173.ec2.internal   2000m        103%   753Mi           22%       
ip-192-168-36-161.ec2.internal   1999m        103%   655Mi           19%       
2022-05-29T10:35:05
NAME                             CPU(cores)   CPU%   MEMORY(bytes)   MEMORY%   
ip-192-168-14-115.ec2.internal   42m          2%     653Mi           19%       
ip-192-168-17-173.ec2.internal   58m          3%     752Mi           22%       
ip-192-168-36-161.ec2.internal   44m          2%     655Mi           19%       
2022-05-29T10:36:07
NAME                             CPU(cores)   CPU%   MEMORY(bytes)   MEMORY%   
ip-192-168-14-115.ec2.internal   41m          2%     611Mi           18%       
ip-192-168-17-173.ec2.internal   63m          3%     669Mi           20%       
ip-192-168-36-161.ec2.internal   51m          2%     574Mi           17%       
2022-05-29T10:37:09
NAME                             CPU(cores)   CPU%   MEMORY(bytes)   MEMORY%   
ip-192-168-14-115.ec2.internal   1999m        103%   656Mi           19%       
ip-192-168-17-173.ec2.internal   1613m        83%    750Mi           22%       
ip-192-168-36-161.ec2.internal   1992m        103%   655Mi           19%       
2022-05-29T10:38:11
NAME                             CPU(cores)   CPU%   MEMORY(bytes)   MEMORY%   
ip-192-168-14-115.ec2.internal   1998m        103%   656Mi           19%       
ip-192-168-17-173.ec2.internal   1991m        103%   753Mi           22%       
ip-192-168-36-161.ec2.internal   1956m        101%   655Mi           19%       
2022-05-29T10:39:13
NAME                             CPU(cores)   CPU%   MEMORY(bytes)   MEMORY%   
ip-192-168-14-115.ec2.internal   1998m        103%   656Mi           19%       
ip-192-168-17-173.ec2.internal   1947m        100%   752Mi           22%       
ip-192-168-36-161.ec2.internal   1964m        101%   655Mi           19%       
2022-05-29T10:40:14
NAME                             CPU(cores)   CPU%   MEMORY(bytes)   MEMORY%   
ip-192-168-14-115.ec2.internal   1508m        78%    655Mi           19%       
ip-192-168-17-173.ec2.internal   1993m        103%   753Mi           22%       
ip-192-168-36-161.ec2.internal   1981m        102%   655Mi           19%       
2022-05-29T10:41:16
NAME                             CPU(cores)   CPU%   MEMORY(bytes)   MEMORY%   
ip-192-168-14-115.ec2.internal   1963m        101%   657Mi           19%       
ip-192-168-17-173.ec2.internal   1953m        101%   761Mi           22%       
ip-192-168-36-161.ec2.internal   1993m        103%   657Mi           19%       
2022-05-29T10:42:18
NAME                             CPU(cores)   CPU%   MEMORY(bytes)   MEMORY%   
ip-192-168-14-115.ec2.internal   40m          2%     656Mi           19%       
ip-192-168-17-173.ec2.internal   57m          2%     753Mi           22%       
ip-192-168-36-161.ec2.internal   45m          2%     657Mi           19%       
2022-05-29T10:43:20
NAME                             CPU(cores)   CPU%   MEMORY(bytes)   MEMORY%   
ip-192-168-14-115.ec2.internal   1988m        103%   657Mi           19%       
ip-192-168-17-173.ec2.internal   1998m        103%   760Mi           22%       
ip-192-168-36-161.ec2.internal   1994m        103%   657Mi           19%       
2022-05-29T10:44:21
NAME                             CPU(cores)   CPU%   MEMORY(bytes)   MEMORY%   
ip-192-168-14-115.ec2.internal   1989m        103%   657Mi           19%       
ip-192-168-17-173.ec2.internal   1996m        103%   754Mi           22%       
ip-192-168-36-161.ec2.internal   1986m        102%   656Mi           19%       
2022-05-29T10:45:23
NAME                             CPU(cores)   CPU%   MEMORY(bytes)   MEMORY%   
ip-192-168-14-115.ec2.internal   1968m        101%   656Mi           19%       
ip-192-168-17-173.ec2.internal   1992m        103%   753Mi           22%       
ip-192-168-36-161.ec2.internal   1967m        101%   656Mi           19%       
2022-05-29T10:46:28
NAME                             CPU(cores)   CPU%   MEMORY(bytes)   MEMORY%   
ip-192-168-14-115.ec2.internal   1994m        103%   656Mi           19%       
ip-192-168-17-173.ec2.internal   2000m        103%   753Mi           22%       
ip-192-168-36-161.ec2.internal   1999m        103%   657Mi           19%       
2022-05-29T10:47:30
NAME                             CPU(cores)   CPU%   MEMORY(bytes)   MEMORY%   
ip-192-168-14-115.ec2.internal   1992m        103%   656Mi           19%       
ip-192-168-17-173.ec2.internal   2000m        103%   753Mi           22%       
ip-192-168-36-161.ec2.internal   1999m        103%   664Mi           19%       
2022-05-29T10:48:32
NAME                             CPU(cores)   CPU%   MEMORY(bytes)   MEMORY%   
ip-192-168-14-115.ec2.internal   42m          2%     655Mi           19%       
ip-192-168-17-173.ec2.internal   59m          3%     753Mi           22%       
ip-192-168-36-161.ec2.internal   47m          2%     658Mi           19%       
2022-05-29T10:49:33
NAME                             CPU(cores)   CPU%   MEMORY(bytes)   MEMORY%   
ip-192-168-14-115.ec2.internal   1998m        103%   656Mi           19%       
ip-192-168-17-173.ec2.internal   1618m        83%    749Mi           22%       
ip-192-168-36-161.ec2.internal   1974m        102%   664Mi           19%       
2022-05-29T10:50:35
NAME                             CPU(cores)   CPU%   MEMORY(bytes)   MEMORY%   
ip-192-168-14-115.ec2.internal   1992m        103%   658Mi           19%       
ip-192-168-17-173.ec2.internal   1623m        84%    750Mi           22%       
ip-192-168-36-161.ec2.internal   1962m        101%   659Mi           19%       
2022-05-29T10:51:37
NAME                             CPU(cores)   CPU%   MEMORY(bytes)   MEMORY%   
ip-192-168-14-115.ec2.internal   1997m        103%   658Mi           19%       
ip-192-168-17-173.ec2.internal   1621m        83%    752Mi           22%       
ip-192-168-36-161.ec2.internal   1973m        102%   655Mi           19%       
2022-05-29T10:52:39
NAME                             CPU(cores)   CPU%   MEMORY(bytes)   MEMORY%   
ip-192-168-14-115.ec2.internal   1994m        103%   657Mi           19%       
ip-192-168-17-173.ec2.internal   1634m        84%    751Mi           22%       
ip-192-168-36-161.ec2.internal   1964m        101%   655Mi           19%       
2022-05-29T10:53:40
NAME                             CPU(cores)   CPU%   MEMORY(bytes)   MEMORY%   
ip-192-168-14-115.ec2.internal   1998m        103%   657Mi           19%       
ip-192-168-17-173.ec2.internal   1636m        84%    751Mi           22%       
ip-192-168-36-161.ec2.internal   1969m        102%   656Mi           19%       
2022-05-29T10:54:42
NAME                             CPU(cores)   CPU%   MEMORY(bytes)   MEMORY%   
ip-192-168-14-115.ec2.internal   42m          2%     658Mi           19%       
ip-192-168-17-173.ec2.internal   63m          3%     751Mi           22%       
ip-192-168-36-161.ec2.internal   44m          2%     656Mi           19%       
2022-05-29T10:55:44
NAME                             CPU(cores)   CPU%   MEMORY(bytes)   MEMORY%   
ip-192-168-14-115.ec2.internal   1997m        103%   658Mi           19%       
ip-192-168-17-173.ec2.internal   1992m        103%   753Mi           22%       
ip-192-168-36-161.ec2.internal   1997m        103%   656Mi           19%       
2022-05-29T10:56:46
NAME                             CPU(cores)   CPU%   MEMORY(bytes)   MEMORY%   
ip-192-168-14-115.ec2.internal   1999m        103%   657Mi           19%       
ip-192-168-17-173.ec2.internal   1990m        103%   752Mi           22%       
ip-192-168-36-161.ec2.internal   1998m        103%   657Mi           19%       
2022-05-29T10:57:48
NAME                             CPU(cores)   CPU%   MEMORY(bytes)   MEMORY%   
ip-192-168-14-115.ec2.internal   1997m        103%   660Mi           19%       
ip-192-168-17-173.ec2.internal   1990m        103%   753Mi           22%       
ip-192-168-36-161.ec2.internal   1996m        103%   658Mi           19%       
2022-05-29T10:58:50
NAME                             CPU(cores)   CPU%   MEMORY(bytes)   MEMORY%   
ip-192-168-14-115.ec2.internal   1999m        103%   658Mi           19%       
ip-192-168-17-173.ec2.internal   1986m        102%   752Mi           22%       
ip-192-168-36-161.ec2.internal   1994m        103%   659Mi           19%       
2022-05-29T10:59:52
NAME                             CPU(cores)   CPU%   MEMORY(bytes)   MEMORY%   
ip-192-168-14-115.ec2.internal   1998m        103%   657Mi           19%       
ip-192-168-17-173.ec2.internal   1994m        103%   753Mi           22%       
ip-192-168-36-161.ec2.internal   1998m        103%   658Mi           19%       
2022-05-29T11:00:53
2022-05-29T11:01:55
NAME                             CPU(cores)   CPU%   MEMORY(bytes)   MEMORY%   
ip-192-168-17-173.ec2.internal   58m          3%     567Mi           17%       
ip-192-168-36-161.ec2.internal   162m         8%     1118Mi          33%       
2022-05-29T11:02:57
NAME                             CPU(cores)   CPU%   MEMORY(bytes)   MEMORY%   
ip-192-168-36-161.ec2.internal   57m          2%     1126Mi          33%       
2022-05-29T11:03:58
NAME                             CPU(cores)   CPU%   MEMORY(bytes)   MEMORY%   
ip-192-168-36-161.ec2.internal   55m          2%     1003Mi          30%       
2022-05-29T11:05:00
NAME                             CPU(cores)   CPU%   MEMORY(bytes)   MEMORY%   
ip-192-168-36-161.ec2.internal   1070m        55%    1085Mi          32%       
2022-05-29T11:06:02
NAME                             CPU(cores)   CPU%   MEMORY(bytes)   MEMORY%   
ip-192-168-36-161.ec2.internal   2001m        103%   794Mi           23%       
ip-192-168-9-97.ec2.internal     958m         49%    438Mi           13%       
2022-05-29T11:07:04
NAME                             CPU(cores)   CPU%   MEMORY(bytes)   MEMORY%   
ip-192-168-36-161.ec2.internal   2001m        103%   795Mi           23%       
ip-192-168-9-97.ec2.internal     37m          1%     533Mi           16%       
2022-05-29T11:08:06
NAME                             CPU(cores)   CPU%   MEMORY(bytes)   MEMORY%   
ip-192-168-36-161.ec2.internal   1999m        103%   795Mi           23%       
ip-192-168-9-97.ec2.internal     1994m        103%   630Mi           18%       
2022-05-29T11:09:07
NAME                             CPU(cores)   CPU%   MEMORY(bytes)   MEMORY%   
ip-192-168-36-161.ec2.internal   1998m        103%   793Mi           23%       
ip-192-168-39-25.ec2.internal    32m          1%     455Mi           13%       
ip-192-168-9-97.ec2.internal     1967m        101%   632Mi           19%       
2022-05-29T11:10:09
NAME                             CPU(cores)   CPU%   MEMORY(bytes)   MEMORY%   
ip-192-168-36-161.ec2.internal   1937m        100%   792Mi           23%       
ip-192-168-39-25.ec2.internal    1999m        103%   627Mi           18%       
ip-192-168-9-97.ec2.internal     1992m        103%   634Mi           19%       
2022-05-29T11:11:11
NAME                             CPU(cores)   CPU%   MEMORY(bytes)   MEMORY%   
ip-192-168-36-161.ec2.internal   1996m        103%   800Mi           24%       
ip-192-168-39-25.ec2.internal    1991m        103%   630Mi           18%       
ip-192-168-9-97.ec2.internal     1995m        103%   633Mi           19%       
2022-05-29T11:12:13
NAME                             CPU(cores)   CPU%   MEMORY(bytes)   MEMORY%   
ip-192-168-36-161.ec2.internal   1957m        101%   792Mi           23%       
ip-192-168-39-25.ec2.internal    1997m        103%   635Mi           19%       
ip-192-168-9-97.ec2.internal     1994m        103%   634Mi           19%       
2022-05-29T11:13:15
NAME                             CPU(cores)   CPU%   MEMORY(bytes)   MEMORY%   
ip-192-168-36-161.ec2.internal   1991m        103%   795Mi           23%       
ip-192-168-39-25.ec2.internal    1955m        101%   634Mi           19%       
ip-192-168-9-97.ec2.internal     1938m        100%   634Mi           19%       
2022-05-29T11:14:17
NAME                             CPU(cores)   CPU%   MEMORY(bytes)   MEMORY%   
ip-192-168-36-161.ec2.internal   1975m        102%   792Mi           23%       
ip-192-168-39-25.ec2.internal    1980m        102%   634Mi           19%       
ip-192-168-9-97.ec2.internal     1994m        103%   635Mi           19%       
2022-05-29T11:15:18
NAME                             CPU(cores)   CPU%   MEMORY(bytes)   MEMORY%   
ip-192-168-36-161.ec2.internal   1989m        103%   793Mi           23%       
ip-192-168-39-25.ec2.internal    1965m        101%   634Mi           19%       
ip-192-168-9-97.ec2.internal     1996m        103%   635Mi           19%       
2022-05-29T11:16:20
NAME                             CPU(cores)   CPU%   MEMORY(bytes)   MEMORY%   
ip-192-168-36-161.ec2.internal   1996m        103%   793Mi           23%       
ip-192-168-39-25.ec2.internal    1917m        99%    633Mi           19%       
ip-192-168-9-97.ec2.internal     1990m        103%   635Mi           19%       
2022-05-29T11:17:22
NAME                             CPU(cores)   CPU%   MEMORY(bytes)   MEMORY%   
ip-192-168-36-161.ec2.internal   1500m        77%    793Mi           23%       
ip-192-168-39-25.ec2.internal    1980m        102%   635Mi           19%       
ip-192-168-9-97.ec2.internal     1958m        101%   635Mi           19%       
2022-05-29T11:18:24
NAME                             CPU(cores)   CPU%   MEMORY(bytes)   MEMORY%   
ip-192-168-36-161.ec2.internal   1996m        103%   793Mi           23%       
ip-192-168-39-25.ec2.internal    1993m        103%   636Mi           19%       
ip-192-168-9-97.ec2.internal     1987m        102%   636Mi           19%       
2022-05-29T11:19:26
2022-05-29T11:20:27
NAME                             CPU(cores)   CPU%   MEMORY(bytes)   MEMORY%   
ip-192-168-36-161.ec2.internal   57m          2%     572Mi           17%       
ip-192-168-39-25.ec2.internal    100m         5%     633Mi           19%       
ip-192-168-9-97.ec2.internal     37m          1%     526Mi           15%       
2022-05-29T11:21:29
NAME                            CPU(cores)   CPU%   MEMORY(bytes)   MEMORY%     
ip-192-168-39-25.ec2.internal   59m          3%     1103Mi          33%         
ip-192-168-9-97.ec2.internal    <unknown>                           <unknown>               <unknown>               <unknown>               
2022-05-29T11:22:30
NAME                            CPU(cores)   CPU%   MEMORY(bytes)   MEMORY%   
ip-192-168-39-25.ec2.internal   78m          4%     983Mi           29%       
2022-05-29T11:23:32
NAME                            CPU(cores)   CPU%   MEMORY(bytes)   MEMORY%   
ip-192-168-39-25.ec2.internal   1153m        59%    1079Mi          32%       
2022-05-29T11:24:34
NAME                            CPU(cores)   CPU%   MEMORY(bytes)   MEMORY%   
ip-192-168-39-25.ec2.internal   2001m        103%   789Mi           23%       
2022-05-29T11:25:35
NAME                             CPU(cores)   CPU%   MEMORY(bytes)   MEMORY%   
ip-192-168-18-178.ec2.internal   732m         37%    398Mi           11%       
ip-192-168-39-25.ec2.internal    2000m        103%   790Mi           23%       
2022-05-29T11:26:37
NAME                             CPU(cores)   CPU%   MEMORY(bytes)   MEMORY%   
ip-192-168-18-178.ec2.internal   1044m        54%    578Mi           17%       
ip-192-168-39-25.ec2.internal    1999m        103%   789Mi           23%       
2022-05-29T11:27:39
NAME                             CPU(cores)   CPU%   MEMORY(bytes)   MEMORY%     
ip-192-168-18-178.ec2.internal   1993m        103%   629Mi           18%         
ip-192-168-39-25.ec2.internal    1999m        103%   790Mi           23%         
ip-192-168-40-185.ec2.internal   <unknown>                           <unknown>               <unknown>               <unknown>               
2022-05-29T11:28:41
NAME                             CPU(cores)   CPU%   MEMORY(bytes)   MEMORY%   
ip-192-168-18-178.ec2.internal   2000m        103%   631Mi           18%       
ip-192-168-39-25.ec2.internal    1999m        103%   789Mi           23%       
ip-192-168-40-185.ec2.internal   1054m        54%    581Mi           17%       
2022-05-29T11:29:42
NAME                             CPU(cores)   CPU%   MEMORY(bytes)   MEMORY%   
ip-192-168-18-178.ec2.internal   1998m        103%   631Mi           18%       
ip-192-168-39-25.ec2.internal    1877m        97%    792Mi           23%       
ip-192-168-40-185.ec2.internal   1879m        97%    626Mi           18%       
2022-05-29T11:30:44
NAME                             CPU(cores)   CPU%   MEMORY(bytes)   MEMORY%   
ip-192-168-18-178.ec2.internal   1921m        99%    632Mi           18%       
ip-192-168-39-25.ec2.internal    1291m        66%    791Mi           23%       
ip-192-168-40-185.ec2.internal   1661m        86%    639Mi           19%       
2022-05-29T11:31:46
NAME                             CPU(cores)   CPU%   MEMORY(bytes)   MEMORY%   
ip-192-168-18-178.ec2.internal   1999m        103%   632Mi           18%       
ip-192-168-39-25.ec2.internal    2000m        103%   789Mi           23%       
ip-192-168-40-185.ec2.internal   1999m        103%   636Mi           19%       
2022-05-29T11:32:48
NAME                             CPU(cores)   CPU%   MEMORY(bytes)   MEMORY%   
ip-192-168-18-178.ec2.internal   2000m        103%   632Mi           18%       
ip-192-168-39-25.ec2.internal    2000m        103%   789Mi           23%       
ip-192-168-40-185.ec2.internal   1967m        101%   634Mi           19%       
2022-05-29T11:33:49
NAME                             CPU(cores)   CPU%   MEMORY(bytes)   MEMORY%   
ip-192-168-18-178.ec2.internal   1999m        103%   634Mi           19%       
ip-192-168-39-25.ec2.internal    1772m        91%    792Mi           23%       
ip-192-168-40-185.ec2.internal   2000m        103%   637Mi           19%       
2022-05-29T11:34:51
NAME                             CPU(cores)   CPU%   MEMORY(bytes)   MEMORY%   
ip-192-168-18-178.ec2.internal   1998m        103%   635Mi           19%       
ip-192-168-39-25.ec2.internal    1996m        103%   796Mi           23%       
ip-192-168-40-185.ec2.internal   2000m        103%   634Mi           19%       
2022-05-29T11:35:53
NAME                             CPU(cores)   CPU%   MEMORY(bytes)   MEMORY%   
ip-192-168-18-178.ec2.internal   2000m        103%   634Mi           19%       
ip-192-168-39-25.ec2.internal    1533m        79%    789Mi           23%       
ip-192-168-40-185.ec2.internal   1999m        103%   635Mi           19%       
2022-05-29T11:36:55
NAME                             CPU(cores)   CPU%   MEMORY(bytes)   MEMORY%   
ip-192-168-18-178.ec2.internal   1661m        86%    635Mi           19%       
ip-192-168-39-25.ec2.internal    1916m        99%    790Mi           23%       
ip-192-168-40-185.ec2.internal   1728m        89%    635Mi           19%       
2022-05-29T11:37:57
2022-05-29T11:38:58
NAME                             CPU(cores)   CPU%   MEMORY(bytes)   MEMORY%     
ip-192-168-40-185.ec2.internal   108m         5%     1099Mi          33%         
ip-192-168-18-178.ec2.internal   <unknown>                           <unknown>               <unknown>               <unknown>               
ip-192-168-39-25.ec2.internal    <unknown>                           <unknown>               <unknown>               <unknown>               
2022-05-29T11:40:00
NAME                             CPU(cores)   CPU%   MEMORY(bytes)   MEMORY%   
ip-192-168-40-185.ec2.internal   55m          2%     1104Mi          33%       
2022-05-29T11:41:02
NAME                             CPU(cores)   CPU%   MEMORY(bytes)   MEMORY%   
ip-192-168-40-185.ec2.internal   151m         7%     1022Mi          30%       
2022-05-29T11:42:03
NAME                             CPU(cores)   CPU%   MEMORY(bytes)   MEMORY%   
ip-192-168-40-185.ec2.internal   968m         50%    1080Mi          32%       
2022-05-29T11:43:05
NAME                             CPU(cores)   CPU%   MEMORY(bytes)   MEMORY%   
ip-192-168-40-185.ec2.internal   2000m        103%   786Mi           23%       
ip-192-168-6-254.ec2.internal    1228m        63%    424Mi           12%       
2022-05-29T11:44:06
NAME                             CPU(cores)   CPU%   MEMORY(bytes)   MEMORY%   
ip-192-168-40-185.ec2.internal   2000m        103%   788Mi           23%       
ip-192-168-6-254.ec2.internal    37m          1%     532Mi           16%       
2022-05-29T11:45:08
NAME                             CPU(cores)   CPU%   MEMORY(bytes)   MEMORY%   
ip-192-168-40-185.ec2.internal   2000m        103%   789Mi           23%       
ip-192-168-6-254.ec2.internal    1999m        103%   629Mi           18%       
2022-05-29T11:46:10
NAME                             CPU(cores)   CPU%   MEMORY(bytes)   MEMORY%   
ip-192-168-3-1.ec2.internal      31m          1%     447Mi           13%       
ip-192-168-40-185.ec2.internal   2000m        103%   789Mi           23%       
ip-192-168-6-254.ec2.internal    1999m        103%   631Mi           18%       
2022-05-29T11:47:12
NAME                             CPU(cores)   CPU%   MEMORY(bytes)   MEMORY%   
ip-192-168-3-1.ec2.internal      1999m        103%   625Mi           18%       
ip-192-168-40-185.ec2.internal   1999m        103%   789Mi           23%       
ip-192-168-6-254.ec2.internal    920m         47%    632Mi           18%       
2022-05-29T11:48:14
NAME                             CPU(cores)   CPU%   MEMORY(bytes)   MEMORY%   
ip-192-168-3-1.ec2.internal      1995m        103%   629Mi           18%       
ip-192-168-40-185.ec2.internal   1989m        103%   789Mi           23%       
ip-192-168-6-254.ec2.internal    1976m        102%   633Mi           19%       
2022-05-29T11:49:16
NAME                             CPU(cores)   CPU%   MEMORY(bytes)   MEMORY%   
ip-192-168-3-1.ec2.internal      1977m        102%   630Mi           18%       
ip-192-168-40-185.ec2.internal   1992m        103%   789Mi           23%       
ip-192-168-6-254.ec2.internal    1995m        103%   634Mi           19%       
2022-05-29T11:50:18
NAME                             CPU(cores)   CPU%   MEMORY(bytes)   MEMORY%   
ip-192-168-3-1.ec2.internal      1906m        98%    630Mi           18%       
ip-192-168-40-185.ec2.internal   1994m        103%   787Mi           23%       
ip-192-168-6-254.ec2.internal    1968m        101%   634Mi           19%       
2022-05-29T11:51:20
NAME                             CPU(cores)   CPU%   MEMORY(bytes)   MEMORY%   
ip-192-168-3-1.ec2.internal      1992m        103%   631Mi           18%       
ip-192-168-40-185.ec2.internal   1994m        103%   787Mi           23%       
ip-192-168-6-254.ec2.internal    1992m        103%   636Mi           19%       
2022-05-29T11:52:22
NAME                             CPU(cores)   CPU%   MEMORY(bytes)   MEMORY%   
ip-192-168-3-1.ec2.internal      1970m        102%   631Mi           18%       
ip-192-168-40-185.ec2.internal   1997m        103%   790Mi           23%       
ip-192-168-6-254.ec2.internal    1018m        52%    636Mi           19%       
2022-05-29T11:53:23
NAME                             CPU(cores)   CPU%   MEMORY(bytes)   MEMORY%   
ip-192-168-3-1.ec2.internal      1721m        89%    634Mi           19%       
ip-192-168-40-185.ec2.internal   1997m        103%   790Mi           23%       
ip-192-168-6-254.ec2.internal    1994m        103%   635Mi           19%       
2022-05-29T11:54:25
NAME                             CPU(cores)   CPU%   MEMORY(bytes)   MEMORY%   
ip-192-168-3-1.ec2.internal      1984m        102%   634Mi           19%       
ip-192-168-40-185.ec2.internal   1843m        95%    787Mi           23%       
ip-192-168-6-254.ec2.internal    1997m        103%   635Mi           19%       
2022-05-29T11:55:27
NAME                             CPU(cores)   CPU%   MEMORY(bytes)   MEMORY%   
ip-192-168-3-1.ec2.internal      1985m        102%   632Mi           18%       
ip-192-168-40-185.ec2.internal   1988m        103%   786Mi           23%       
ip-192-168-6-254.ec2.internal    1888m        97%    636Mi           19%       
2022-05-29T11:56:29
NAME                             CPU(cores)   CPU%   MEMORY(bytes)   MEMORY%   
ip-192-168-3-1.ec2.internal      44m          2%     632Mi           18%       
ip-192-168-40-185.ec2.internal   54m          2%     789Mi           23%       
ip-192-168-6-254.ec2.internal    43m          2%     635Mi           19%       
2022-05-29T11:57:30
NAME                             CPU(cores)   CPU%   MEMORY(bytes)   MEMORY%   
ip-192-168-3-1.ec2.internal      48m          2%     551Mi           16%       
ip-192-168-40-185.ec2.internal   59m          3%     749Mi           22%       
ip-192-168-6-254.ec2.internal    41m          2%     571Mi           17%       
2022-05-29T11:58:32
NAME                             CPU(cores)   CPU%   MEMORY(bytes)   MEMORY%   
ip-192-168-3-1.ec2.internal      45m          2%     549Mi           16%       
ip-192-168-40-185.ec2.internal   61m          3%     707Mi           21%       
ip-192-168-6-254.ec2.internal    42m          2%     570Mi           17%       
2022-05-29T11:59:34
NAME                             CPU(cores)   CPU%   MEMORY(bytes)   MEMORY%   
ip-192-168-3-1.ec2.internal      43m          2%     549Mi           16%       
ip-192-168-40-185.ec2.internal   60m          3%     706Mi           21%       
ip-192-168-6-254.ec2.internal    42m          2%     571Mi           17%       
